[0.018s] Invoking command in '/ROS_ws/build/pc_robot_controller': CMAKE_PREFIX_PATH=${CMAKE_PREFIX_PATH}:/opt/ros/humble /usr/bin/cmake --build /ROS_ws/build/pc_robot_controller -- -j12 -l12
[0.047s] [35m[1mConsolidate compiler generated dependencies of target controller[0m
[0.062s] [ 50%] [32mBuilding CXX object CMakeFiles/controller.dir/src/controller.cpp.o[0m
[1.433s] [01m[K/ROS_ws/src/pc_robot_controller/src/controller.cpp:[m[K In member function ‘[01m[Kvoid Controller::ui_main()[m[K’:
[1.433s] [01m[K/ROS_ws/src/pc_robot_controller/src/controller.cpp:52:43:[m[K [01;35m[Kwarning: [m[Knarrowing conversion of ‘[01m[K(screenWidth / 2)[m[K’ from ‘[01m[Kint[m[K’ to ‘[01m[Kfloat[m[K’ [[01;35m[K-Wnarrowing[m[K]
[1.433s]    52 | robot.origin = Vector2{[01;35m[KscreenWidth/2[m[K, screenHeight/2};
[1.433s]       |                        [01;35m[K~~~~~~~~~~~^~[m[K
[1.433s] 
[1.434s] [01m[K/ROS_ws/src/pc_robot_controller/src/controller.cpp:52:59:[m[K [01;35m[Kwarning: [m[Knarrowing conversion of ‘[01m[K(screenHeight / 2)[m[K’ from ‘[01m[Kint[m[K’ to ‘[01m[Kfloat[m[K’ [[01;35m[K-Wnarrowing[m[K]
[1.434s]    52 | gin = Vector2{screenWidth/2, [01;35m[KscreenHeight/2[m[K};
[1.434s]       |                              [01;35m[K~~~~~~~~~~~~^~[m[K
[1.434s] 
[1.434s] [01m[K/ROS_ws/src/pc_robot_controller/src/controller.cpp:73:60:[m[K [01;35m[Kwarning: [m[Knarrowing conversion of ‘[01m[K(screenWidth - 210)[m[K’ from ‘[01m[Kint[m[K’ to ‘[01m[Kfloat[m[K’ [[01;35m[K-Wnarrowing[m[K]
[1.434s]    73 | ("daiza_clamp mech", {[01;35m[KscreenWidth -210[m[K, 370}, 20);
[1.434s]       |                       [01;35m[K~~~~~~~~~~~~^~~~[m[K
[1.434s] 
[1.434s] [01m[K/ROS_ws/src/pc_robot_controller/src/controller.cpp:74:48:[m[K [01;35m[Kwarning: [m[Knarrowing conversion of ‘[01m[K(screenWidth - 200)[m[K’ from ‘[01m[Kint[m[K’ to ‘[01m[Kfloat[m[K’ [[01;35m[K-Wnarrowing[m[K]
[1.434s]    74 | e_button daiza_cyl12({[01;35m[KscreenWidth -200[m[K, 400}, 130, 70, GRAY, PINK);
[1.434s]       |                       [01;35m[K~~~~~~~~~~~~^~~~[m[K
[1.434s] 
[1.434s] [01m[K/ROS_ws/src/pc_robot_controller/src/controller.cpp:75:47:[m[K [01;35m[Kwarning: [m[Knarrowing conversion of ‘[01m[K(screenWidth - 200)[m[K’ from ‘[01m[Kint[m[K’ to ‘[01m[Kfloat[m[K’ [[01;35m[K-Wnarrowing[m[K]
[1.434s]    75 | le_button daiza_cyl3({[01;35m[KscreenWidth -200[m[K, 500}, 130, 70, GRAY, PINK);
[1.434s]       |                       [01;35m[K~~~~~~~~~~~~^~~~[m[K
[1.434s] 
[1.434s] [01m[K/ROS_ws/src/pc_robot_controller/src/controller.cpp:76:47:[m[K [01;35m[Kwarning: [m[Knarrowing conversion of ‘[01m[K(screenWidth - 200)[m[K’ from ‘[01m[Kint[m[K’ to ‘[01m[Kfloat[m[K’ [[01;35m[K-Wnarrowing[m[K]
[1.434s]    76 | le_button daiza_cyl4({[01;35m[KscreenWidth -200[m[K, 600}, 130, 70, GRAY, PINK);
[1.434s]       |                       [01;35m[K~~~~~~~~~~~~^~~~[m[K
[1.434s] 
[1.434s] [01m[K/ROS_ws/src/pc_robot_controller/src/controller.cpp:77:56:[m[K [01;35m[Kwarning: [m[Knarrowing conversion of ‘[01m[K(screenWidth - 190)[m[K’ from ‘[01m[Kint[m[K’ to ‘[01m[Kfloat[m[K’ [[01;35m[K-Wnarrowing[m[K]
[1.434s]    77 | yl12("cylinder 1,2", {[01;35m[KscreenWidth -190[m[K, 425}, 20);
[1.434s]       |                       [01;35m[K~~~~~~~~~~~~^~~~[m[K
[1.434s] 
[1.434s] [01m[K/ROS_ws/src/pc_robot_controller/src/controller.cpp:78:53:[m[K [01;35m[Kwarning: [m[Knarrowing conversion of ‘[01m[K(screenWidth - 190)[m[K’ from ‘[01m[Kint[m[K’ to ‘[01m[Kfloat[m[K’ [[01;35m[K-Wnarrowing[m[K]
[1.434s]    78 | l_cyl3("cylinder 3", {[01;35m[KscreenWidth -190[m[K, 525}, 20);
[1.435s]       |                       [01;35m[K~~~~~~~~~~~~^~~~[m[K
[1.435s] 
[1.435s] [01m[K/ROS_ws/src/pc_robot_controller/src/controller.cpp:79:53:[m[K [01;35m[Kwarning: [m[Knarrowing conversion of ‘[01m[K(screenWidth - 190)[m[K’ from ‘[01m[Kint[m[K’ to ‘[01m[Kfloat[m[K’ [[01;35m[K-Wnarrowing[m[K]
[1.435s]    79 | l_cyl4("cylinder 4", {[01;35m[KscreenWidth -190[m[K, 625}, 20);
[1.435s]       |                       [01;35m[K~~~~~~~~~~~~^~~~[m[K
[1.435s] 
[1.435s] [01m[K/ROS_ws/src/pc_robot_controller/src/controller.cpp:81:60:[m[K [01;35m[Kwarning: [m[Knarrowing conversion of ‘[01m[K(screenWidth - 210)[m[K’ from ‘[01m[Kint[m[K’ to ‘[01m[Kfloat[m[K’ [[01;35m[K-Wnarrowing[m[K]
[1.435s]    81 | "hina_dustpan mech", {[01;35m[KscreenWidth -210[m[K, 70}, 20);
[1.435s]       |                       [01;35m[K~~~~~~~~~~~~^~~~[m[K
[1.435s] 
[1.435s] [01m[K/ROS_ws/src/pc_robot_controller/src/controller.cpp:82:48:[m[K [01;35m[Kwarning: [m[Knarrowing conversion of ‘[01m[K(screenWidth - 200)[m[K’ from ‘[01m[Kint[m[K’ to ‘[01m[Kfloat[m[K’ [[01;35m[K-Wnarrowing[m[K]
[1.435s]    82 | e_button hina_expand({[01;35m[KscreenWidth -200[m[K, 100}, 130, 70, GRAY, PINK);
[1.435s]       |                       [01;35m[K~~~~~~~~~~~~^~~~[m[K
[1.435s] 
[1.435s] [01m[K/ROS_ws/src/pc_robot_controller/src/controller.cpp:83:40:[m[K [01;35m[Kwarning: [m[Knarrowing conversion of ‘[01m[K(screenWidth - 200)[m[K’ from ‘[01m[Kint[m[K’ to ‘[01m[Kfloat[m[K’ [[01;35m[K-Wnarrowing[m[K]
[1.435s]    83 |    slider hina_angle({[01;35m[KscreenWidth -200[m[K, 220}, {screenWidth -70, 220}, 5.0f, BLUE);
[1.435s]       |                       [01;35m[K~~~~~~~~~~~~^~~~[m[K
[1.435s] 
[1.435s] [01m[K/ROS_ws/src/pc_robot_controller/src/controller.cpp:83:65:[m[K [01;35m[Kwarning: [m[Knarrowing conversion of ‘[01m[K(screenWidth - 70)[m[K’ from ‘[01m[Kint[m[K’ to ‘[01m[Kfloat[m[K’ [[01;35m[K-Wnarrowing[m[K]
[1.435s]    83 | eenWidth -200, 220}, {[01;35m[KscreenWidth -70[m[K, 220}, 5.0f, BLUE);
[1.435s]       |                       [01;35m[K~~~~~~~~~~~~^~~[m[K
[1.435s] 
[1.435s] [01m[K/ROS_ws/src/pc_robot_controller/src/controller.cpp:84:36:[m[K [01;35m[Kwarning: [m[Knarrowing conversion of ‘[01m[K(screenWidth - 200)[m[K’ from ‘[01m[Kint[m[K’ to ‘[01m[Kfloat[m[K’ [[01;35m[K-Wnarrowing[m[K]
[1.435s]    84 |        slider servo1({[01;35m[KscreenWidth -200[m[K, 280}, {screenWidth -70, 280}, 5.0f, BLUE);
[1.435s]       |                       [01;35m[K~~~~~~~~~~~~^~~~[m[K
[1.435s] 
[1.435s] [01m[K/ROS_ws/src/pc_robot_controller/src/controller.cpp:84:61:[m[K [01;35m[Kwarning: [m[Knarrowing conversion of ‘[01m[K(screenWidth - 70)[m[K’ from ‘[01m[Kint[m[K’ to ‘[01m[Kfloat[m[K’ [[01;35m[K-Wnarrowing[m[K]
[1.435s]    84 | eenWidth -200, 280}, {[01;35m[KscreenWidth -70[m[K, 280}, 5.0f, BLUE);
[1.435s]       |                       [01;35m[K~~~~~~~~~~~~^~~[m[K
[1.435s] 
[1.436s] [01m[K/ROS_ws/src/pc_robot_controller/src/controller.cpp:85:36:[m[K [01;35m[Kwarning: [m[Knarrowing conversion of ‘[01m[K(screenWidth - 200)[m[K’ from ‘[01m[Kint[m[K’ to ‘[01m[Kfloat[m[K’ [[01;35m[K-Wnarrowing[m[K]
[1.436s]    85 |        slider servo2({[01;35m[KscreenWidth -200[m[K, 340}, {screenWidth -70, 340}, 5.0f, BLUE);
[1.436s]       |                       [01;35m[K~~~~~~~~~~~~^~~~[m[K
[1.436s] 
[1.436s] [01m[K/ROS_ws/src/pc_robot_controller/src/controller.cpp:85:61:[m[K [01;35m[Kwarning: [m[Knarrowing conversion of ‘[01m[K(screenWidth - 70)[m[K’ from ‘[01m[Kint[m[K’ to ‘[01m[Kfloat[m[K’ [[01;35m[K-Wnarrowing[m[K]
[1.436s]    85 | eenWidth -200, 340}, {[01;35m[KscreenWidth -70[m[K, 340}, 5.0f, BLUE);
[1.436s]       |                       [01;35m[K~~~~~~~~~~~~^~~[m[K
[1.436s] 
[1.436s] [01m[K/ROS_ws/src/pc_robot_controller/src/controller.cpp:86:61:[m[K [01;35m[Kwarning: [m[Knarrowing conversion of ‘[01m[K(screenWidth - 190)[m[K’ from ‘[01m[Kint[m[K’ to ‘[01m[Kfloat[m[K’ [[01;35m[K-Wnarrowing[m[K]
[1.436s]    86 | xpand("hina expand", {[01;35m[KscreenWidth -190[m[K, 125}, 20);
[1.436s]       |                       [01;35m[K~~~~~~~~~~~~^~~~[m[K
[1.436s] 
[1.436s] [01m[K/ROS_ws/src/pc_robot_controller/src/controller.cpp:87:59:[m[K [01;35m[Kwarning: [m[Knarrowing conversion of ‘[01m[K(screenWidth - 190)[m[K’ from ‘[01m[Kint[m[K’ to ‘[01m[Kfloat[m[K’ [[01;35m[K-Wnarrowing[m[K]
[1.436s]    87 | _angle("hina angle", {[01;35m[KscreenWidth -190[m[K, 190}, 20);
[1.436s]       |                       [01;35m[K~~~~~~~~~~~~^~~~[m[K
[1.436s] 
[1.436s] [01m[K/ROS_ws/src/pc_robot_controller/src/controller.cpp:88:51:[m[K [01;35m[Kwarning: [m[Knarrowing conversion of ‘[01m[K(screenWidth - 190)[m[K’ from ‘[01m[Kint[m[K’ to ‘[01m[Kfloat[m[K’ [[01;35m[K-Wnarrowing[m[K]
[1.436s]    88 | bel_servo1("servo1", {[01;35m[KscreenWidth -190[m[K, 250}, 20);
[1.436s]       |                       [01;35m[K~~~~~~~~~~~~^~~~[m[K
[1.436s] 
[1.436s] [01m[K/ROS_ws/src/pc_robot_controller/src/controller.cpp:89:51:[m[K [01;35m[Kwarning: [m[Knarrowing conversion of ‘[01m[K(screenWidth - 190)[m[K’ from ‘[01m[Kint[m[K’ to ‘[01m[Kfloat[m[K’ [[01;35m[K-Wnarrowing[m[K]
[1.436s]    89 | bel_servo2("servo2", {[01;35m[KscreenWidth -190[m[K, 310}, 20);
[1.436s]       |                       [01;35m[K~~~~~~~~~~~~^~~~[m[K
[1.436s] 
[1.436s] [01m[K/ROS_ws/src/pc_robot_controller/src/controller.cpp:104:43:[m[K [01;35m[Kwarning: [m[Knarrowing conversion of ‘[01m[K(screenWidth - 210)[m[K’ from ‘[01m[Kint[m[K’ to ‘[01m[Kfloat[m[K’ [[01;35m[K-Wnarrowing[m[K]
[1.436s]   104 |     title_daize.move({[01;35m[KscreenWidth -210[m[K, 370});
[1.436s]       |                       [01;35m[K~~~~~~~~~~~~^~~~[m[K
[1.436s] 
[1.436s] [01m[K/ROS_ws/src/pc_robot_controller/src/controller.cpp:105:43:[m[K [01;35m[Kwarning: [m[Knarrowing conversion of ‘[01m[K(screenWidth - 200)[m[K’ from ‘[01m[Kint[m[K’ to ‘[01m[Kfloat[m[K’ [[01;35m[K-Wnarrowing[m[K]
[1.436s]   105 |     daiza_cyl12.move({[01;35m[KscreenWidth -200[m[K, 400});
[1.436s]       |                       [01;35m[K~~~~~~~~~~~~^~~~[m[K
[1.436s] 
[1.436s] [01m[K/ROS_ws/src/pc_robot_controller/src/controller.cpp:106:42:[m[K [01;35m[Kwarning: [m[Knarrowing conversion of ‘[01m[K(screenWidth - 200)[m[K’ from ‘[01m[Kint[m[K’ to ‘[01m[Kfloat[m[K’ [[01;35m[K-Wnarrowing[m[K]
[1.436s]   106 |      daiza_cyl3.move({[01;35m[KscreenWidth -200[m[K, 500});
[1.436s]       |                       [01;35m[K~~~~~~~~~~~~^~~~[m[K
[1.437s] 
[1.437s] [01m[K/ROS_ws/src/pc_robot_controller/src/controller.cpp:107:42:[m[K [01;35m[Kwarning: [m[Knarrowing conversion of ‘[01m[K(screenWidth - 200)[m[K’ from ‘[01m[Kint[m[K’ to ‘[01m[Kfloat[m[K’ [[01;35m[K-Wnarrowing[m[K]
[1.437s]   107 |      daiza_cyl4.move({[01;35m[KscreenWidth -200[m[K, 600});
[1.437s]       |                       [01;35m[K~~~~~~~~~~~~^~~~[m[K
[1.437s] 
[1.437s] [01m[K/ROS_ws/src/pc_robot_controller/src/controller.cpp:108:43:[m[K [01;35m[Kwarning: [m[Knarrowing conversion of ‘[01m[K(screenWidth - 190)[m[K’ from ‘[01m[Kint[m[K’ to ‘[01m[Kfloat[m[K’ [[01;35m[K-Wnarrowing[m[K]
[1.437s]   108 |     label_cyl12.move({[01;35m[KscreenWidth -190[m[K, 425});
[1.437s]       |                       [01;35m[K~~~~~~~~~~~~^~~~[m[K
[1.437s] 
[1.437s] [01m[K/ROS_ws/src/pc_robot_controller/src/controller.cpp:109:42:[m[K [01;35m[Kwarning: [m[Knarrowing conversion of ‘[01m[K(screenWidth - 190)[m[K’ from ‘[01m[Kint[m[K’ to ‘[01m[Kfloat[m[K’ [[01;35m[K-Wnarrowing[m[K]
[1.437s]   109 |      label_cyl3.move({[01;35m[KscreenWidth -190[m[K, 525});
[1.437s]       |                       [01;35m[K~~~~~~~~~~~~^~~~[m[K
[1.437s] 
[1.437s] [01m[K/ROS_ws/src/pc_robot_controller/src/controller.cpp:110:42:[m[K [01;35m[Kwarning: [m[Knarrowing conversion of ‘[01m[K(screenWidth - 190)[m[K’ from ‘[01m[Kint[m[K’ to ‘[01m[Kfloat[m[K’ [[01;35m[K-Wnarrowing[m[K]
[1.437s]   110 |      label_cyl4.move({[01;35m[KscreenWidth -190[m[K, 625});
[1.437s]       |                       [01;35m[K~~~~~~~~~~~~^~~~[m[K
[1.437s] 
[1.437s] [01m[K/ROS_ws/src/pc_robot_controller/src/controller.cpp:111:42:[m[K [01;35m[Kwarning: [m[Knarrowing conversion of ‘[01m[K(screenWidth - 210)[m[K’ from ‘[01m[Kint[m[K’ to ‘[01m[Kfloat[m[K’ [[01;35m[K-Wnarrowing[m[K]
[1.437s]   111 |      title_hina.move({[01;35m[KscreenWidth -210[m[K, 70});
[1.437s]       |                       [01;35m[K~~~~~~~~~~~~^~~~[m[K
[1.437s] 
[1.437s] [01m[K/ROS_ws/src/pc_robot_controller/src/controller.cpp:112:43:[m[K [01;35m[Kwarning: [m[Knarrowing conversion of ‘[01m[K(screenWidth - 200)[m[K’ from ‘[01m[Kint[m[K’ to ‘[01m[Kfloat[m[K’ [[01;35m[K-Wnarrowing[m[K]
[1.437s]   112 |     hina_expand.move({[01;35m[KscreenWidth -200[m[K, 100});
[1.437s]       |                       [01;35m[K~~~~~~~~~~~~^~~~[m[K
[1.437s] 
[1.437s] [01m[K/ROS_ws/src/pc_robot_controller/src/controller.cpp:113:42:[m[K [01;35m[Kwarning: [m[Knarrowing conversion of ‘[01m[K(screenWidth - 200)[m[K’ from ‘[01m[Kint[m[K’ to ‘[01m[Kfloat[m[K’ [[01;35m[K-Wnarrowing[m[K]
[1.437s]   113 |      hina_angle.move({[01;35m[KscreenWidth -200[m[K, 220});
[1.437s]       |                       [01;35m[K~~~~~~~~~~~~^~~~[m[K
[1.437s] 
[1.437s] [01m[K/ROS_ws/src/pc_robot_controller/src/controller.cpp:114:38:[m[K [01;35m[Kwarning: [m[Knarrowing conversion of ‘[01m[K(screenWidth - 200)[m[K’ from ‘[01m[Kint[m[K’ to ‘[01m[Kfloat[m[K’ [[01;35m[K-Wnarrowing[m[K]
[1.437s]   114 |          servo1.move({[01;35m[KscreenWidth -200[m[K, 280});
[1.437s]       |                       [01;35m[K~~~~~~~~~~~~^~~~[m[K
[1.437s] 
[1.437s] [01m[K/ROS_ws/src/pc_robot_controller/src/controller.cpp:115:38:[m[K [01;35m[Kwarning: [m[Knarrowing conversion of ‘[01m[K(screenWidth - 200)[m[K’ from ‘[01m[Kint[m[K’ to ‘[01m[Kfloat[m[K’ [[01;35m[K-Wnarrowing[m[K]
[1.437s]   115 |          servo2.move({[01;35m[KscreenWidth -200[m[K, 340});
[1.437s]       |                       [01;35m[K~~~~~~~~~~~~^~~~[m[K
[1.438s] 
[1.438s] [01m[K/ROS_ws/src/pc_robot_controller/src/controller.cpp:116:49:[m[K [01;35m[Kwarning: [m[Knarrowing conversion of ‘[01m[K(screenWidth - 190)[m[K’ from ‘[01m[Kint[m[K’ to ‘[01m[Kfloat[m[K’ [[01;35m[K-Wnarrowing[m[K]
[1.438s]   116 | bel_hina_expand.move({[01;35m[KscreenWidth -190[m[K, 125});
[1.438s]       |                       [01;35m[K~~~~~~~~~~~~^~~~[m[K
[1.438s] 
[1.438s] [01m[K/ROS_ws/src/pc_robot_controller/src/controller.cpp:117:48:[m[K [01;35m[Kwarning: [m[Knarrowing conversion of ‘[01m[K(screenWidth - 190)[m[K’ from ‘[01m[Kint[m[K’ to ‘[01m[Kfloat[m[K’ [[01;35m[K-Wnarrowing[m[K]
[1.438s]   117 | abel_hina_angle.move({[01;35m[KscreenWidth -190[m[K, 190});
[1.438s]       |                       [01;35m[K~~~~~~~~~~~~^~~~[m[K
[1.438s] 
[1.438s] [01m[K/ROS_ws/src/pc_robot_controller/src/controller.cpp:118:44:[m[K [01;35m[Kwarning: [m[Knarrowing conversion of ‘[01m[K(screenWidth - 190)[m[K’ from ‘[01m[Kint[m[K’ to ‘[01m[Kfloat[m[K’ [[01;35m[K-Wnarrowing[m[K]
[1.438s]   118 |    label_servo1.move({[01;35m[KscreenWidth -190[m[K, 250});
[1.438s]       |                       [01;35m[K~~~~~~~~~~~~^~~~[m[K
[1.438s] 
[1.438s] [01m[K/ROS_ws/src/pc_robot_controller/src/controller.cpp:119:44:[m[K [01;35m[Kwarning: [m[Knarrowing conversion of ‘[01m[K(screenWidth - 190)[m[K’ from ‘[01m[Kint[m[K’ to ‘[01m[Kfloat[m[K’ [[01;35m[K-Wnarrowing[m[K]
[1.438s]   119 |    label_servo2.move({[01;35m[KscreenWidth -190[m[K, 310});
[1.438s]       |                       [01;35m[K~~~~~~~~~~~~^~~~[m[K
[1.438s] 
[1.438s] [01m[K/ROS_ws/src/pc_robot_controller/src/controller.cpp:120:47:[m[K [01;35m[Kwarning: [m[Knarrowing conversion of ‘[01m[K(screenWidth / 2)[m[K’ from ‘[01m[Kint[m[K’ to ‘[01m[Kfloat[m[K’ [[01;35m[K-Wnarrowing[m[K]
[1.438s]   120 | robot.origin = Vector2{[01;35m[KscreenWidth/2[m[K, screenHeight/2};
[1.438s]       |                        [01;35m[K~~~~~~~~~~~^~[m[K
[1.438s] 
[1.438s] [01m[K/ROS_ws/src/pc_robot_controller/src/controller.cpp:120:63:[m[K [01;35m[Kwarning: [m[Knarrowing conversion of ‘[01m[K(screenHeight / 2)[m[K’ from ‘[01m[Kint[m[K’ to ‘[01m[Kfloat[m[K’ [[01;35m[K-Wnarrowing[m[K]
[1.438s]   120 | gin = Vector2{screenWidth/2, [01;35m[KscreenHeight/2[m[K};
[1.438s]       |                              [01;35m[K~~~~~~~~~~~~^~[m[K
[1.438s] 
[2.789s] [100%] [32m[1mLinking CXX executable controller[0m
[2.956s] [100%] Built target controller
[2.963s] Invoked command in '/ROS_ws/build/pc_robot_controller' returned '0': CMAKE_PREFIX_PATH=${CMAKE_PREFIX_PATH}:/opt/ros/humble /usr/bin/cmake --build /ROS_ws/build/pc_robot_controller -- -j12 -l12
[2.976s] Invoking command in '/ROS_ws/build/pc_robot_controller': CMAKE_PREFIX_PATH=${CMAKE_PREFIX_PATH}:/opt/ros/humble /usr/bin/cmake --install /ROS_ws/build/pc_robot_controller
[2.980s] -- Install configuration: ""
[2.980s] -- Installing: /ROS_ws/install/pc_robot_controller/lib/pc_robot_controller/controller
[2.985s] -- Set runtime path of "/ROS_ws/install/pc_robot_controller/lib/pc_robot_controller/controller" to ""
[2.985s] -- Up-to-date: /ROS_ws/install/pc_robot_controller/share/ament_index/resource_index/package_run_dependencies/pc_robot_controller
[2.985s] -- Up-to-date: /ROS_ws/install/pc_robot_controller/share/ament_index/resource_index/parent_prefix_path/pc_robot_controller
[2.985s] -- Up-to-date: /ROS_ws/install/pc_robot_controller/share/pc_robot_controller/environment/ament_prefix_path.sh
[2.985s] -- Up-to-date: /ROS_ws/install/pc_robot_controller/share/pc_robot_controller/environment/ament_prefix_path.dsv
[2.985s] -- Up-to-date: /ROS_ws/install/pc_robot_controller/share/pc_robot_controller/environment/path.sh
[2.985s] -- Up-to-date: /ROS_ws/install/pc_robot_controller/share/pc_robot_controller/environment/path.dsv
[2.985s] -- Up-to-date: /ROS_ws/install/pc_robot_controller/share/pc_robot_controller/local_setup.bash
[2.985s] -- Up-to-date: /ROS_ws/install/pc_robot_controller/share/pc_robot_controller/local_setup.sh
[2.985s] -- Up-to-date: /ROS_ws/install/pc_robot_controller/share/pc_robot_controller/local_setup.zsh
[2.985s] -- Up-to-date: /ROS_ws/install/pc_robot_controller/share/pc_robot_controller/local_setup.dsv
[2.986s] -- Installing: /ROS_ws/install/pc_robot_controller/share/pc_robot_controller/package.dsv
[2.986s] -- Up-to-date: /ROS_ws/install/pc_robot_controller/share/ament_index/resource_index/packages/pc_robot_controller
[2.986s] -- Up-to-date: /ROS_ws/install/pc_robot_controller/share/pc_robot_controller/cmake/pc_robot_controllerConfig.cmake
[2.986s] -- Up-to-date: /ROS_ws/install/pc_robot_controller/share/pc_robot_controller/cmake/pc_robot_controllerConfig-version.cmake
[2.986s] -- Up-to-date: /ROS_ws/install/pc_robot_controller/share/pc_robot_controller/package.xml
[2.988s] Invoked command in '/ROS_ws/build/pc_robot_controller' returned '0': CMAKE_PREFIX_PATH=${CMAKE_PREFIX_PATH}:/opt/ros/humble /usr/bin/cmake --install /ROS_ws/build/pc_robot_controller
