[0.172s] Invoking command in '/ROS_ws/build/localize': CMAKE_PREFIX_PATH=${CMAKE_PREFIX_PATH}:/opt/ros/humble /usr/bin/cmake --build /ROS_ws/build/localize -- -j12 -l12
[0.225s] [ 33%] Built target localize_node
[0.226s] [ 66%] Built target timestamp_publisher_node
[0.229s] [100%] Built target tempo_localize_node
[0.239s] Invoked command in '/ROS_ws/build/localize' returned '0': CMAKE_PREFIX_PATH=${CMAKE_PREFIX_PATH}:/opt/ros/humble /usr/bin/cmake --build /ROS_ws/build/localize -- -j12 -l12
[0.286s] Invoking command in '/ROS_ws/build/localize': CMAKE_PREFIX_PATH=${CMAKE_PREFIX_PATH}:/opt/ros/humble /usr/bin/cmake --install /ROS_ws/build/localize
[0.298s] -- Install configuration: ""
[0.298s] -- Up-to-date: /ROS_ws/install/localize/lib/localize/localize_node
[0.298s] -- Up-to-date: /ROS_ws/install/localize/lib/localize/timestamp_publisher_node
[0.298s] -- Up-to-date: /ROS_ws/install/localize/lib/localize/localize_node
[0.298s] -- Up-to-date: /ROS_ws/install/localize/lib/localize/tempo_localize_node
[0.299s] -- Up-to-date: /ROS_ws/install/localize/lib/localize/timestamp_publisher_node
[0.299s] -- Up-to-date: /ROS_ws/install/localize/share/localize/launch
[0.299s] -- Up-to-date: /ROS_ws/install/localize/share/localize/launch/emcl2_test.launch.py
[0.299s] -- Up-to-date: /ROS_ws/install/localize/share/localize/yaml
[0.299s] -- Up-to-date: /ROS_ws/install/localize/share/localize/yaml/map_data.pgm
[0.299s] -- Up-to-date: /ROS_ws/install/localize/share/localize/yaml/map_data.yaml
[0.299s] -- Up-to-date: /ROS_ws/install/localize/share/ament_index/resource_index/package_run_dependencies/localize
[0.299s] -- Up-to-date: /ROS_ws/install/localize/share/ament_index/resource_index/parent_prefix_path/localize
[0.299s] -- Up-to-date: /ROS_ws/install/localize/share/localize/environment/ament_prefix_path.sh
[0.299s] -- Up-to-date: /ROS_ws/install/localize/share/localize/environment/ament_prefix_path.dsv
[0.299s] -- Up-to-date: /ROS_ws/install/localize/share/localize/environment/path.sh
[0.299s] -- Up-to-date: /ROS_ws/install/localize/share/localize/environment/path.dsv
[0.299s] -- Up-to-date: /ROS_ws/install/localize/share/localize/local_setup.bash
[0.299s] -- Up-to-date: /ROS_ws/install/localize/share/localize/local_setup.sh
[0.299s] -- Up-to-date: /ROS_ws/install/localize/share/localize/local_setup.zsh
[0.299s] -- Up-to-date: /ROS_ws/install/localize/share/localize/local_setup.dsv
[0.299s] -- Installing: /ROS_ws/install/localize/share/localize/package.dsv
[0.300s] -- Up-to-date: /ROS_ws/install/localize/share/ament_index/resource_index/packages/localize
[0.300s] -- Up-to-date: /ROS_ws/install/localize/share/localize/cmake/ament_cmake_export_dependencies-extras.cmake
[0.300s] -- Up-to-date: /ROS_ws/install/localize/share/localize/cmake/localizeConfig.cmake
[0.300s] -- Up-to-date: /ROS_ws/install/localize/share/localize/cmake/localizeConfig-version.cmake
[0.300s] -- Up-to-date: /ROS_ws/install/localize/share/localize/package.xml
[0.315s] Invoked command in '/ROS_ws/build/localize' returned '0': CMAKE_PREFIX_PATH=${CMAKE_PREFIX_PATH}:/opt/ros/humble /usr/bin/cmake --install /ROS_ws/build/localize
