[0.012s] Invoking command in '/ROS_ws/build/mecha_control': CMAKE_PREFIX_PATH=${CMAKE_PREFIX_PATH}:/opt/ros/humble /usr/bin/cmake --build /ROS_ws/build/mecha_control -- -j12 -l12
[0.043s] [  2%] Built target mecha_control__cpp
[0.045s] [ 12%] Built target mecha_control__rosidl_generator_c
[0.049s] [ 12%] Built target ament_cmake_python_copy_mecha_control
[0.065s] [ 23%] Built target mecha_control__rosidl_typesupport_c
[0.065s] [ 34%] Built target mecha_control__rosidl_typesupport_introspection_cpp
[0.068s] [ 44%] Built target mecha_control__rosidl_typesupport_cpp
[0.069s] [ 55%] Built target mecha_control__rosidl_typesupport_fastrtps_cpp
[0.070s] [ 65%] Built target mecha_control__rosidl_typesupport_introspection_c
[0.072s] [ 76%] Built target mecha_control__rosidl_typesupport_fastrtps_c
[0.085s] [ 76%] Built target mecha_control
[0.097s] [ 78%] Built target mecha_control__py
[0.111s] [ 87%] Built target mecha_control__rosidl_generator_py
[0.127s] [ 91%] Built target mecha_control__rosidl_typesupport_introspection_c__pyext
[0.128s] [ 95%] Built target mecha_control__rosidl_typesupport_fastrtps_c__pyext
[0.129s] [100%] Built target mecha_control__rosidl_typesupport_c__pyext
[0.194s] running egg_info
[0.195s] writing mecha_control.egg-info/PKG-INFO
[0.195s] writing dependency_links to mecha_control.egg-info/dependency_links.txt
[0.195s] writing top-level names to mecha_control.egg-info/top_level.txt
[0.196s] reading manifest file 'mecha_control.egg-info/SOURCES.txt'
[0.196s] writing manifest file 'mecha_control.egg-info/SOURCES.txt'
[0.213s] [100%] Built target ament_cmake_python_build_mecha_control_egg
[0.220s] Invoked command in '/ROS_ws/build/mecha_control' returned '0': CMAKE_PREFIX_PATH=${CMAKE_PREFIX_PATH}:/opt/ros/humble /usr/bin/cmake --build /ROS_ws/build/mecha_control -- -j12 -l12
