[0.553s] Invoking command in '/ROS_ws/src/chassis_haru_robo2024/calc_vel': PYTHONPATH=/ROS_ws/build/calc_vel/prefix_override:/ROS_ws/install/calc_vel/lib/python3.10/site-packages:${PYTHONPATH} /usr/bin/python3 setup.py egg_info --egg-base ../../../build/calc_vel build --build-base /ROS_ws/build/calc_vel/build install --record /ROS_ws/build/calc_vel/install.log --single-version-externally-managed
[0.783s] running egg_info
[0.784s] writing ../../../build/calc_vel/calc_vel.egg-info/PKG-INFO
[0.784s] writing dependency_links to ../../../build/calc_vel/calc_vel.egg-info/dependency_links.txt
[0.784s] writing entry points to ../../../build/calc_vel/calc_vel.egg-info/entry_points.txt
[0.784s] writing requirements to ../../../build/calc_vel/calc_vel.egg-info/requires.txt
[0.785s] writing top-level names to ../../../build/calc_vel/calc_vel.egg-info/top_level.txt
[0.787s] reading manifest file '../../../build/calc_vel/calc_vel.egg-info/SOURCES.txt'
[0.788s] writing manifest file '../../../build/calc_vel/calc_vel.egg-info/SOURCES.txt'
[0.788s] running build
[0.789s] running build_py
[0.790s] running install
[0.790s] /usr/lib/python3/dist-packages/setuptools/command/install.py:34: SetuptoolsDeprecationWarning: setup.py install is deprecated. Use build and pip and other standards-based tools.
[0.790s]   warnings.warn(
[0.790s] running install_lib
[0.792s] running install_data
[0.793s] running install_egg_info
[0.795s] removing '/ROS_ws/install/calc_vel/lib/python3.10/site-packages/calc_vel-0.0.0-py3.10.egg-info' (and everything under it)
[0.795s] Copying ../../../build/calc_vel/calc_vel.egg-info to /ROS_ws/install/calc_vel/lib/python3.10/site-packages/calc_vel-0.0.0-py3.10.egg-info
[0.796s] running install_scripts
[0.820s] Installing PI_simulator script to /ROS_ws/install/calc_vel/lib/calc_vel
[0.823s] Installing goal_tf_node script to /ROS_ws/install/calc_vel/lib/calc_vel
[0.823s] Installing localize_node script to /ROS_ws/install/calc_vel/lib/calc_vel
[0.823s] Installing param_control_node script to /ROS_ws/install/calc_vel/lib/calc_vel
[0.824s] Installing pose_PI_controller script to /ROS_ws/install/calc_vel/lib/calc_vel
[0.824s] Installing robot_tf_node script to /ROS_ws/install/calc_vel/lib/calc_vel
[0.848s] Installing stl_marker_publisher script to /ROS_ws/install/calc_vel/lib/calc_vel
[0.855s] writing list of installed files to '/ROS_ws/build/calc_vel/install.log'
[0.897s] Invoked command in '/ROS_ws/src/chassis_haru_robo2024/calc_vel' returned '0': PYTHONPATH=/ROS_ws/build/calc_vel/prefix_override:/ROS_ws/install/calc_vel/lib/python3.10/site-packages:${PYTHONPATH} /usr/bin/python3 setup.py egg_info --egg-base ../../../build/calc_vel build --build-base /ROS_ws/build/calc_vel/build install --record /ROS_ws/build/calc_vel/install.log --single-version-externally-managed
