[0.206s] Invoking command in '/ROS_ws/build/calc_wheel_vel': CMAKE_PREFIX_PATH=${CMAKE_PREFIX_PATH}:/opt/ros/humble /usr/bin/cmake --build /ROS_ws/build/calc_wheel_vel -- -j12 -l12
[0.249s] [100%] Built target calc_wheel_vel
[0.263s] Invoked command in '/ROS_ws/build/calc_wheel_vel' returned '0': CMAKE_PREFIX_PATH=${CMAKE_PREFIX_PATH}:/opt/ros/humble /usr/bin/cmake --build /ROS_ws/build/calc_wheel_vel -- -j12 -l12
[0.305s] Invoking command in '/ROS_ws/build/calc_wheel_vel': CMAKE_PREFIX_PATH=${CMAKE_PREFIX_PATH}:/opt/ros/humble /usr/bin/cmake --install /ROS_ws/build/calc_wheel_vel
[0.313s] -- Install configuration: ""
[0.313s] -- Up-to-date: /ROS_ws/install/calc_wheel_vel/lib/calc_wheel_vel/calc_wheel_vel
[0.313s] -- Up-to-date: /ROS_ws/install/calc_wheel_vel/share/ament_index/resource_index/package_run_dependencies/calc_wheel_vel
[0.313s] -- Up-to-date: /ROS_ws/install/calc_wheel_vel/share/ament_index/resource_index/parent_prefix_path/calc_wheel_vel
[0.313s] -- Up-to-date: /ROS_ws/install/calc_wheel_vel/share/calc_wheel_vel/environment/ament_prefix_path.sh
[0.313s] -- Up-to-date: /ROS_ws/install/calc_wheel_vel/share/calc_wheel_vel/environment/ament_prefix_path.dsv
[0.313s] -- Up-to-date: /ROS_ws/install/calc_wheel_vel/share/calc_wheel_vel/environment/path.sh
[0.314s] -- Up-to-date: /ROS_ws/install/calc_wheel_vel/share/calc_wheel_vel/environment/path.dsv
[0.314s] -- Up-to-date: /ROS_ws/install/calc_wheel_vel/share/calc_wheel_vel/local_setup.bash
[0.314s] -- Up-to-date: /ROS_ws/install/calc_wheel_vel/share/calc_wheel_vel/local_setup.sh
[0.314s] -- Up-to-date: /ROS_ws/install/calc_wheel_vel/share/calc_wheel_vel/local_setup.zsh
[0.314s] -- Up-to-date: /ROS_ws/install/calc_wheel_vel/share/calc_wheel_vel/local_setup.dsv
[0.314s] -- Installing: /ROS_ws/install/calc_wheel_vel/share/calc_wheel_vel/package.dsv
[0.314s] -- Up-to-date: /ROS_ws/install/calc_wheel_vel/share/ament_index/resource_index/packages/calc_wheel_vel
[0.314s] -- Up-to-date: /ROS_ws/install/calc_wheel_vel/share/calc_wheel_vel/cmake/calc_wheel_velConfig.cmake
[0.314s] -- Up-to-date: /ROS_ws/install/calc_wheel_vel/share/calc_wheel_vel/cmake/calc_wheel_velConfig-version.cmake
[0.314s] -- Up-to-date: /ROS_ws/install/calc_wheel_vel/share/calc_wheel_vel/package.xml
[0.316s] Invoked command in '/ROS_ws/build/calc_wheel_vel' returned '0': CMAKE_PREFIX_PATH=${CMAKE_PREFIX_PATH}:/opt/ros/humble /usr/bin/cmake --install /ROS_ws/build/calc_wheel_vel
