[0.011s] Invoking command in '/ROS_ws/build/mecha_control': CMAKE_PREFIX_PATH=${CMAKE_PREFIX_PATH}:/opt/ros/humble /usr/bin/cmake --build /ROS_ws/build/mecha_control -- -j12 -l12
[0.028s] -- Found ament_cmake: 1.3.3 (/opt/ros/humble/share/ament_cmake/cmake)
[0.153s] -- Found rclcpp: 16.0.3 (/opt/ros/humble/share/rclcpp/cmake)
[0.182s] -- Found rosidl_generator_c: 3.1.4 (/opt/ros/humble/share/rosidl_generator_c/cmake)
[0.184s] -- Found rosidl_adapter: 3.1.4 (/opt/ros/humble/share/rosidl_adapter/cmake)
[0.190s] -- Found rosidl_generator_cpp: 3.1.4 (/opt/ros/humble/share/rosidl_generator_cpp/cmake)
[0.197s] -- Using all available rosidl_typesupport_c: rosidl_typesupport_fastrtps_c;rosidl_typesupport_introspection_c
[0.207s] -- Using all available rosidl_typesupport_cpp: rosidl_typesupport_fastrtps_cpp;rosidl_typesupport_introspection_cpp
[0.251s] -- Found rmw_implementation_cmake: 6.1.1 (/opt/ros/humble/share/rmw_implementation_cmake/cmake)
[0.253s] -- Found rmw_fastrtps_cpp: 6.2.2 (/opt/ros/humble/share/rmw_fastrtps_cpp/cmake)
[0.342s] -- Using RMW implementation 'rmw_fastrtps_cpp' as default
[0.451s] -- Found rclpy: 3.3.7 (/opt/ros/humble/share/rclpy/cmake)
[0.451s] -- Found rosidl_default_generators: 1.2.0 (/opt/ros/humble/share/rosidl_default_generators/cmake)
[0.609s] -- Found ament_cmake_ros: 0.10.0 (/opt/ros/humble/share/ament_cmake_ros/cmake)
[0.795s] -- Using all available rosidl_typesupport_c: rosidl_typesupport_fastrtps_c;rosidl_typesupport_introspection_c
[0.868s] -- Using all available rosidl_typesupport_cpp: rosidl_typesupport_fastrtps_cpp;rosidl_typesupport_introspection_cpp
[0.882s] -- Found python_cmake_module: 0.10.0 (/opt/ros/humble/share/python_cmake_module/cmake)
[0.896s] -- Using PYTHON_EXECUTABLE: /usr/bin/python3
[0.896s] -- Using PYTHON_INCLUDE_DIRS: /usr/include/python3.10
[0.896s] -- Using PYTHON_LIBRARIES: /usr/lib/x86_64-linux-gnu/libpython3.10.so
[0.903s] -- Found ament_lint_auto: 0.12.5 (/opt/ros/humble/share/ament_lint_auto/cmake)
[0.911s] -- Added test 'flake8' to check Python code syntax and style conventions
[0.911s] -- Added test 'lint_cmake' to check CMake code style
[0.911s] -- Added test 'pep257' to check Python code against some of the docstring style conventions in PEP 257
[0.912s] -- Added test 'xmllint' to check XML markup files
[0.913s] -- Configuring done
[0.933s] -- Generating done
[0.934s] -- Build files have been written to: /ROS_ws/build/mecha_control
[0.949s] [  2%] [34m[1mGenerating C code for ROS interfaces[0m
[0.955s] [  4%] [34m[1mGenerating C++ code for ROS interfaces[0m
[0.961s] [  4%] Built target ament_cmake_python_copy_mecha_control
[1.086s] running egg_info
[1.086s] writing mecha_control.egg-info/PKG-INFO
[1.086s] writing dependency_links to mecha_control.egg-info/dependency_links.txt
[1.086s] writing top-level names to mecha_control.egg-info/top_level.txt
[1.088s] reading manifest file 'mecha_control.egg-info/SOURCES.txt'
[1.088s] writing manifest file 'mecha_control.egg-info/SOURCES.txt'
[1.103s] [  4%] Built target ament_cmake_python_build_mecha_control_egg
[1.199s] [  4%] Built target mecha_control__cpp
[1.204s] [35m[1mConsolidate compiler generated dependencies of target mecha_control__rosidl_generator_c[0m
[1.205s] [  8%] [34m[1mGenerating C++ type support dispatch for ROS interfaces[0m
[1.205s] [ 10%] [34m[1mGenerating C++ introspection for ROS interfaces[0m
[1.205s] [ 10%] [34m[1mGenerating C++ type support for eProsima Fast-RTPS[0m
[1.212s] [ 12%] [32mBuilding C object CMakeFiles/mecha_control__rosidl_generator_c.dir/rosidl_generator_c/mecha_control/msg/detail/sensor_states__functions.c.o[0m
[1.213s] [ 14%] [32mBuilding C object CMakeFiles/mecha_control__rosidl_generator_c.dir/rosidl_generator_c/mecha_control/msg/detail/actuator_commands__functions.c.o[0m
[1.213s] [ 17%] [32mBuilding C object CMakeFiles/mecha_control__rosidl_generator_c.dir/rosidl_generator_c/mecha_control/msg/detail/mecha_state__functions.c.o[0m
[1.251s] [ 19%] [32m[1mLinking C shared library libmecha_control__rosidl_generator_c.so[0m
[1.273s] [ 19%] Built target mecha_control__rosidl_generator_c
[1.280s] [ 23%] [34m[1mGenerating C introspection for ROS interfaces[0m
[1.280s] [ 23%] [34m[1mGenerating C type support dispatch for ROS interfaces[0m
[1.280s] [ 25%] [34m[1mGenerating C type support for eProsima Fast-RTPS[0m
[1.441s] [35m[1mConsolidate compiler generated dependencies of target mecha_control__rosidl_typesupport_fastrtps_cpp[0m
[1.451s] [ 29%] [32mBuilding CXX object CMakeFiles/mecha_control__rosidl_typesupport_fastrtps_cpp.dir/rosidl_typesupport_fastrtps_cpp/mecha_control/msg/detail/dds_fastrtps/sensor_states__type_support.cpp.o[0m
[1.451s] [ 29%] [32mBuilding CXX object CMakeFiles/mecha_control__rosidl_typesupport_fastrtps_cpp.dir/rosidl_typesupport_fastrtps_cpp/mecha_control/msg/detail/dds_fastrtps/actuator_commands__type_support.cpp.o[0m
[1.452s] [ 31%] [32mBuilding CXX object CMakeFiles/mecha_control__rosidl_typesupport_fastrtps_cpp.dir/rosidl_typesupport_fastrtps_cpp/mecha_control/msg/detail/dds_fastrtps/mecha_state__type_support.cpp.o[0m
[1.494s] [35m[1mConsolidate compiler generated dependencies of target mecha_control__rosidl_typesupport_cpp[0m
[1.508s] [ 34%] [32mBuilding CXX object CMakeFiles/mecha_control__rosidl_typesupport_cpp.dir/rosidl_typesupport_cpp/mecha_control/msg/actuator_commands__type_support.cpp.o[0m
[1.509s] [ 36%] [32mBuilding CXX object CMakeFiles/mecha_control__rosidl_typesupport_cpp.dir/rosidl_typesupport_cpp/mecha_control/msg/mecha_state__type_support.cpp.o[0m
[1.511s] [ 38%] [32mBuilding CXX object CMakeFiles/mecha_control__rosidl_typesupport_cpp.dir/rosidl_typesupport_cpp/mecha_control/msg/sensor_states__type_support.cpp.o[0m
[1.567s] [35m[1mConsolidate compiler generated dependencies of target mecha_control__rosidl_typesupport_introspection_c[0m
[1.580s] [35m[1mConsolidate compiler generated dependencies of target mecha_control__rosidl_typesupport_introspection_cpp[0m
[1.580s] [ 40%] [32mBuilding C object CMakeFiles/mecha_control__rosidl_typesupport_introspection_c.dir/rosidl_typesupport_introspection_c/mecha_control/msg/detail/actuator_commands__type_support.c.o[0m
[1.581s] [ 42%] [32mBuilding C object CMakeFiles/mecha_control__rosidl_typesupport_introspection_c.dir/rosidl_typesupport_introspection_c/mecha_control/msg/detail/sensor_states__type_support.c.o[0m
[1.588s] [ 44%] [32mBuilding C object CMakeFiles/mecha_control__rosidl_typesupport_introspection_c.dir/rosidl_typesupport_introspection_c/mecha_control/msg/detail/mecha_state__type_support.c.o[0m
[1.610s] [ 46%] [32mBuilding CXX object CMakeFiles/mecha_control__rosidl_typesupport_introspection_cpp.dir/rosidl_typesupport_introspection_cpp/mecha_control/msg/detail/sensor_states__type_support.cpp.o[0m
[1.629s] [ 48%] [32mBuilding CXX object CMakeFiles/mecha_control__rosidl_typesupport_introspection_cpp.dir/rosidl_typesupport_introspection_cpp/mecha_control/msg/detail/actuator_commands__type_support.cpp.o[0m
[1.642s] [ 51%] [32mBuilding CXX object CMakeFiles/mecha_control__rosidl_typesupport_introspection_cpp.dir/rosidl_typesupport_introspection_cpp/mecha_control/msg/detail/mecha_state__type_support.cpp.o[0m
[1.657s] [35m[1mConsolidate compiler generated dependencies of target mecha_control__rosidl_typesupport_c[0m
[1.669s] [ 53%] [32m[1mLinking C shared library libmecha_control__rosidl_typesupport_introspection_c.so[0m
[1.715s] [ 55%] [32mBuilding CXX object CMakeFiles/mecha_control__rosidl_typesupport_c.dir/rosidl_typesupport_c/mecha_control/msg/sensor_states__type_support.cpp.o[0m
[1.739s] [ 55%] Built target mecha_control__rosidl_typesupport_introspection_c
[1.759s] [35m[1mConsolidate compiler generated dependencies of target mecha_control__rosidl_typesupport_fastrtps_c[0m
[1.767s] [ 57%] [32mBuilding CXX object CMakeFiles/mecha_control__rosidl_typesupport_c.dir/rosidl_typesupport_c/mecha_control/msg/mecha_state__type_support.cpp.o[0m
[1.770s] [ 59%] [32mBuilding CXX object CMakeFiles/mecha_control__rosidl_typesupport_c.dir/rosidl_typesupport_c/mecha_control/msg/actuator_commands__type_support.cpp.o[0m
[1.776s] [ 61%] [32mBuilding CXX object CMakeFiles/mecha_control__rosidl_typesupport_fastrtps_c.dir/rosidl_typesupport_fastrtps_c/mecha_control/msg/detail/actuator_commands__type_support_c.cpp.o[0m
[1.777s] [ 63%] [32mBuilding CXX object CMakeFiles/mecha_control__rosidl_typesupport_fastrtps_c.dir/rosidl_typesupport_fastrtps_c/mecha_control/msg/detail/sensor_states__type_support_c.cpp.o[0m
[1.781s] [ 65%] [32m[1mLinking CXX shared library libmecha_control__rosidl_typesupport_cpp.so[0m
[1.794s] [ 68%] [32mBuilding CXX object CMakeFiles/mecha_control__rosidl_typesupport_fastrtps_c.dir/rosidl_typesupport_fastrtps_c/mecha_control/msg/detail/mecha_state__type_support_c.cpp.o[0m
[1.805s] [ 70%] [32m[1mLinking CXX shared library libmecha_control__rosidl_typesupport_c.so[0m
[1.819s] [ 70%] Built target mecha_control__rosidl_typesupport_cpp
[1.845s] [ 70%] Built target mecha_control__rosidl_typesupport_c
[1.851s] [ 72%] [32m[1mLinking CXX shared library libmecha_control__rosidl_typesupport_fastrtps_cpp.so[0m
[1.929s] [ 72%] Built target mecha_control__rosidl_typesupport_fastrtps_cpp
[2.001s] [ 74%] [32m[1mLinking CXX shared library libmecha_control__rosidl_typesupport_fastrtps_c.so[0m
[2.044s] [ 74%] Built target mecha_control__rosidl_typesupport_fastrtps_c
[2.056s] [ 76%] [32m[1mLinking CXX shared library libmecha_control__rosidl_typesupport_introspection_cpp.so[0m
[2.099s] [ 76%] Built target mecha_control__rosidl_typesupport_introspection_cpp
[2.110s] [ 76%] Built target mecha_control
[2.122s] [ 78%] [34m[1mGenerating Python code for ROS interfaces[0m
[2.461s] [ 78%] Built target mecha_control__py
[2.467s] [35m[1mConsolidate compiler generated dependencies of target mecha_control__rosidl_generator_py[0m
[2.475s] [ 80%] [32mBuilding C object CMakeFiles/mecha_control__rosidl_generator_py.dir/rosidl_generator_py/mecha_control/msg/_sensor_states_s.c.o[0m
[2.475s] [ 85%] [32mBuilding C object CMakeFiles/mecha_control__rosidl_generator_py.dir/rosidl_generator_py/mecha_control/msg/_mecha_state_s.c.o[0m
[2.475s] [ 85%] [32mBuilding C object CMakeFiles/mecha_control__rosidl_generator_py.dir/rosidl_generator_py/mecha_control/msg/_actuator_commands_s.c.o[0m
[2.555s] [ 87%] [32m[1mLinking C shared library rosidl_generator_py/mecha_control/libmecha_control__rosidl_generator_py.so[0m
[2.579s] [ 87%] Built target mecha_control__rosidl_generator_py
[2.585s] [35m[1mConsolidate compiler generated dependencies of target mecha_control__rosidl_typesupport_fastrtps_c__pyext[0m
[2.585s] [35m[1mConsolidate compiler generated dependencies of target mecha_control__rosidl_typesupport_c__pyext[0m
[2.585s] [35m[1mConsolidate compiler generated dependencies of target mecha_control__rosidl_typesupport_introspection_c__pyext[0m
[2.592s] [ 89%] [32mBuilding C object CMakeFiles/mecha_control__rosidl_typesupport_c__pyext.dir/rosidl_generator_py/mecha_control/_mecha_control_s.ep.rosidl_typesupport_c.c.o[0m
[2.593s] [ 91%] [32mBuilding C object CMakeFiles/mecha_control__rosidl_typesupport_fastrtps_c__pyext.dir/rosidl_generator_py/mecha_control/_mecha_control_s.ep.rosidl_typesupport_fastrtps_c.c.o[0m
[2.593s] [ 93%] [32mBuilding C object CMakeFiles/mecha_control__rosidl_typesupport_introspection_c__pyext.dir/rosidl_generator_py/mecha_control/_mecha_control_s.ep.rosidl_typesupport_introspection_c.c.o[0m
[2.649s] [ 95%] [32m[1mLinking C shared library rosidl_generator_py/mecha_control/mecha_control_s__rosidl_typesupport_c.cpython-310-x86_64-linux-gnu.so[0m
[2.651s] [ 97%] [32m[1mLinking C shared library rosidl_generator_py/mecha_control/mecha_control_s__rosidl_typesupport_fastrtps_c.cpython-310-x86_64-linux-gnu.so[0m
[2.653s] [100%] [32m[1mLinking C shared library rosidl_generator_py/mecha_control/mecha_control_s__rosidl_typesupport_introspection_c.cpython-310-x86_64-linux-gnu.so[0m
[2.669s] [100%] Built target mecha_control__rosidl_typesupport_c__pyext
[2.670s] [100%] Built target mecha_control__rosidl_typesupport_fastrtps_c__pyext
[2.672s] [100%] Built target mecha_control__rosidl_typesupport_introspection_c__pyext
[2.678s] Invoked command in '/ROS_ws/build/mecha_control' returned '0': CMAKE_PREFIX_PATH=${CMAKE_PREFIX_PATH}:/opt/ros/humble /usr/bin/cmake --build /ROS_ws/build/mecha_control -- -j12 -l12
[2.727s] Invoking command in '/ROS_ws/build/mecha_control': CMAKE_PREFIX_PATH=${CMAKE_PREFIX_PATH}:/opt/ros/humble /usr/bin/cmake --install /ROS_ws/build/mecha_control
[2.732s] -- Install configuration: ""
[2.732s] -- Up-to-date: /ROS_ws/install/mecha_control/share/ament_index/resource_index/rosidl_interfaces/mecha_control
[2.732s] -- Up-to-date: /ROS_ws/install/mecha_control/include/mecha_control/mecha_control
[2.732s] -- Up-to-date: /ROS_ws/install/mecha_control/include/mecha_control/mecha_control/msg
[2.732s] -- Up-to-date: /ROS_ws/install/mecha_control/include/mecha_control/mecha_control/msg/rosidl_generator_c__visibility_control.h
[2.732s] -- Installing: /ROS_ws/install/mecha_control/include/mecha_control/mecha_control/msg/sensor_states.h
[2.732s] -- Up-to-date: /ROS_ws/install/mecha_control/include/mecha_control/mecha_control/msg/detail
[2.732s] -- Installing: /ROS_ws/install/mecha_control/include/mecha_control/mecha_control/msg/detail/sensor_states__type_support.h
[2.732s] -- Installing: /ROS_ws/install/mecha_control/include/mecha_control/mecha_control/msg/detail/mecha_state__functions.h
[2.732s] -- Installing: /ROS_ws/install/mecha_control/include/mecha_control/mecha_control/msg/detail/sensor_states__functions.h
[2.732s] -- Installing: /ROS_ws/install/mecha_control/include/mecha_control/mecha_control/msg/detail/sensor_states__struct.h
[2.732s] -- Installing: /ROS_ws/install/mecha_control/include/mecha_control/mecha_control/msg/detail/actuator_commands__type_support.h
[2.732s] -- Installing: /ROS_ws/install/mecha_control/include/mecha_control/mecha_control/msg/detail/actuator_commands__struct.h
[2.732s] -- Installing: /ROS_ws/install/mecha_control/include/mecha_control/mecha_control/msg/detail/mecha_state__type_support.h
[2.732s] -- Installing: /ROS_ws/install/mecha_control/include/mecha_control/mecha_control/msg/detail/mecha_state__functions.c
[2.732s] -- Installing: /ROS_ws/install/mecha_control/include/mecha_control/mecha_control/msg/detail/mecha_state__struct.h
[2.732s] -- Installing: /ROS_ws/install/mecha_control/include/mecha_control/mecha_control/msg/detail/sensor_states__functions.c
[2.732s] -- Installing: /ROS_ws/install/mecha_control/include/mecha_control/mecha_control/msg/detail/actuator_commands__functions.h
[2.732s] -- Installing: /ROS_ws/install/mecha_control/include/mecha_control/mecha_control/msg/detail/actuator_commands__functions.c
[2.732s] -- Installing: /ROS_ws/install/mecha_control/include/mecha_control/mecha_control/msg/actuator_commands.h
[2.732s] -- Installing: /ROS_ws/install/mecha_control/include/mecha_control/mecha_control/msg/mecha_state.h
[2.732s] -- Up-to-date: /ROS_ws/install/mecha_control/share/mecha_control/environment/library_path.sh
[2.732s] -- Installing: /ROS_ws/install/mecha_control/share/mecha_control/environment/library_path.dsv
[2.733s] -- Installing: /ROS_ws/install/mecha_control/lib/libmecha_control__rosidl_generator_c.so
[2.733s] -- Set runtime path of "/ROS_ws/install/mecha_control/lib/libmecha_control__rosidl_generator_c.so" to ""
[2.733s] -- Up-to-date: /ROS_ws/install/mecha_control/include/mecha_control/mecha_control
[2.733s] -- Up-to-date: /ROS_ws/install/mecha_control/include/mecha_control/mecha_control/msg
[2.733s] -- Up-to-date: /ROS_ws/install/mecha_control/include/mecha_control/mecha_control/msg/detail
[2.733s] -- Installing: /ROS_ws/install/mecha_control/include/mecha_control/mecha_control/msg/detail/actuator_commands__rosidl_typesupport_fastrtps_c.h
[2.733s] -- Installing: /ROS_ws/install/mecha_control/include/mecha_control/mecha_control/msg/detail/sensor_states__rosidl_typesupport_fastrtps_c.h
[2.733s] -- Installing: /ROS_ws/install/mecha_control/include/mecha_control/mecha_control/msg/detail/mecha_state__rosidl_typesupport_fastrtps_c.h
[2.733s] -- Up-to-date: /ROS_ws/install/mecha_control/include/mecha_control/mecha_control/msg/rosidl_typesupport_fastrtps_c__visibility_control.h
[2.733s] -- Installing: /ROS_ws/install/mecha_control/lib/libmecha_control__rosidl_typesupport_fastrtps_c.so
[2.733s] -- Set runtime path of "/ROS_ws/install/mecha_control/lib/libmecha_control__rosidl_typesupport_fastrtps_c.so" to ""
[2.733s] -- Up-to-date: /ROS_ws/install/mecha_control/include/mecha_control/mecha_control
[2.733s] -- Up-to-date: /ROS_ws/install/mecha_control/include/mecha_control/mecha_control/msg
[2.733s] -- Installing: /ROS_ws/install/mecha_control/include/mecha_control/mecha_control/msg/sensor_states.hpp
[2.733s] -- Up-to-date: /ROS_ws/install/mecha_control/include/mecha_control/mecha_control/msg/detail
[2.733s] -- Installing: /ROS_ws/install/mecha_control/include/mecha_control/mecha_control/msg/detail/sensor_states__traits.hpp
[2.733s] -- Installing: /ROS_ws/install/mecha_control/include/mecha_control/mecha_control/msg/detail/mecha_state__traits.hpp
[2.733s] -- Installing: /ROS_ws/install/mecha_control/include/mecha_control/mecha_control/msg/detail/mecha_state__struct.hpp
[2.733s] -- Installing: /ROS_ws/install/mecha_control/include/mecha_control/mecha_control/msg/detail/actuator_commands__traits.hpp
[2.733s] -- Installing: /ROS_ws/install/mecha_control/include/mecha_control/mecha_control/msg/detail/sensor_states__struct.hpp
[2.734s] -- Installing: /ROS_ws/install/mecha_control/include/mecha_control/mecha_control/msg/detail/mecha_state__builder.hpp
[2.734s] -- Installing: /ROS_ws/install/mecha_control/include/mecha_control/mecha_control/msg/detail/sensor_states__builder.hpp
[2.734s] -- Installing: /ROS_ws/install/mecha_control/include/mecha_control/mecha_control/msg/detail/actuator_commands__struct.hpp
[2.734s] -- Installing: /ROS_ws/install/mecha_control/include/mecha_control/mecha_control/msg/detail/actuator_commands__builder.hpp
[2.734s] -- Installing: /ROS_ws/install/mecha_control/include/mecha_control/mecha_control/msg/actuator_commands.hpp
[2.734s] -- Installing: /ROS_ws/install/mecha_control/include/mecha_control/mecha_control/msg/mecha_state.hpp
[2.734s] -- Up-to-date: /ROS_ws/install/mecha_control/include/mecha_control/mecha_control
[2.734s] -- Up-to-date: /ROS_ws/install/mecha_control/include/mecha_control/mecha_control/msg
[2.734s] -- Up-to-date: /ROS_ws/install/mecha_control/include/mecha_control/mecha_control/msg/rosidl_typesupport_fastrtps_cpp__visibility_control.h
[2.734s] -- Up-to-date: /ROS_ws/install/mecha_control/include/mecha_control/mecha_control/msg/detail
[2.734s] -- Installing: /ROS_ws/install/mecha_control/include/mecha_control/mecha_control/msg/detail/mecha_state__rosidl_typesupport_fastrtps_cpp.hpp
[2.734s] -- Up-to-date: /ROS_ws/install/mecha_control/include/mecha_control/mecha_control/msg/detail/dds_fastrtps
[2.734s] -- Installing: /ROS_ws/install/mecha_control/include/mecha_control/mecha_control/msg/detail/actuator_commands__rosidl_typesupport_fastrtps_cpp.hpp
[2.734s] -- Installing: /ROS_ws/install/mecha_control/include/mecha_control/mecha_control/msg/detail/sensor_states__rosidl_typesupport_fastrtps_cpp.hpp
[2.734s] -- Installing: /ROS_ws/install/mecha_control/lib/libmecha_control__rosidl_typesupport_fastrtps_cpp.so
[2.734s] -- Set runtime path of "/ROS_ws/install/mecha_control/lib/libmecha_control__rosidl_typesupport_fastrtps_cpp.so" to ""
[2.734s] -- Up-to-date: /ROS_ws/install/mecha_control/include/mecha_control/mecha_control
[2.734s] -- Up-to-date: /ROS_ws/install/mecha_control/include/mecha_control/mecha_control/msg
[2.734s] -- Up-to-date: /ROS_ws/install/mecha_control/include/mecha_control/mecha_control/msg/detail
[2.734s] -- Installing: /ROS_ws/install/mecha_control/include/mecha_control/mecha_control/msg/detail/actuator_commands__type_support.c
[2.734s] -- Installing: /ROS_ws/install/mecha_control/include/mecha_control/mecha_control/msg/detail/mecha_state__rosidl_typesupport_introspection_c.h
[2.734s] -- Installing: /ROS_ws/install/mecha_control/include/mecha_control/mecha_control/msg/detail/actuator_commands__rosidl_typesupport_introspection_c.h
[2.734s] -- Installing: /ROS_ws/install/mecha_control/include/mecha_control/mecha_control/msg/detail/sensor_states__rosidl_typesupport_introspection_c.h
[2.734s] -- Installing: /ROS_ws/install/mecha_control/include/mecha_control/mecha_control/msg/detail/mecha_state__type_support.c
[2.735s] -- Installing: /ROS_ws/install/mecha_control/include/mecha_control/mecha_control/msg/detail/sensor_states__type_support.c
[2.735s] -- Up-to-date: /ROS_ws/install/mecha_control/include/mecha_control/mecha_control/msg/rosidl_typesupport_introspection_c__visibility_control.h
[2.735s] -- Installing: /ROS_ws/install/mecha_control/lib/libmecha_control__rosidl_typesupport_introspection_c.so
[2.735s] -- Set runtime path of "/ROS_ws/install/mecha_control/lib/libmecha_control__rosidl_typesupport_introspection_c.so" to ""
[2.735s] -- Installing: /ROS_ws/install/mecha_control/lib/libmecha_control__rosidl_typesupport_c.so
[2.735s] -- Set runtime path of "/ROS_ws/install/mecha_control/lib/libmecha_control__rosidl_typesupport_c.so" to ""
[2.735s] -- Up-to-date: /ROS_ws/install/mecha_control/include/mecha_control/mecha_control
[2.735s] -- Up-to-date: /ROS_ws/install/mecha_control/include/mecha_control/mecha_control/msg
[2.735s] -- Up-to-date: /ROS_ws/install/mecha_control/include/mecha_control/mecha_control/msg/detail
[2.735s] -- Installing: /ROS_ws/install/mecha_control/include/mecha_control/mecha_control/msg/detail/actuator_commands__rosidl_typesupport_introspection_cpp.hpp
[2.735s] -- Installing: /ROS_ws/install/mecha_control/include/mecha_control/mecha_control/msg/detail/sensor_states__rosidl_typesupport_introspection_cpp.hpp
[2.735s] -- Installing: /ROS_ws/install/mecha_control/include/mecha_control/mecha_control/msg/detail/mecha_state__type_support.cpp
[2.735s] -- Installing: /ROS_ws/install/mecha_control/include/mecha_control/mecha_control/msg/detail/actuator_commands__type_support.cpp
[2.735s] -- Installing: /ROS_ws/install/mecha_control/include/mecha_control/mecha_control/msg/detail/mecha_state__rosidl_typesupport_introspection_cpp.hpp
[2.735s] -- Installing: /ROS_ws/install/mecha_control/include/mecha_control/mecha_control/msg/detail/sensor_states__type_support.cpp
[2.735s] -- Installing: /ROS_ws/install/mecha_control/lib/libmecha_control__rosidl_typesupport_introspection_cpp.so
[2.735s] -- Set runtime path of "/ROS_ws/install/mecha_control/lib/libmecha_control__rosidl_typesupport_introspection_cpp.so" to ""
[2.735s] -- Installing: /ROS_ws/install/mecha_control/lib/libmecha_control__rosidl_typesupport_cpp.so
[2.736s] -- Set runtime path of "/ROS_ws/install/mecha_control/lib/libmecha_control__rosidl_typesupport_cpp.so" to ""
[2.736s] -- Up-to-date: /ROS_ws/install/mecha_control/share/mecha_control/environment/pythonpath.sh
[2.736s] -- Installing: /ROS_ws/install/mecha_control/share/mecha_control/environment/pythonpath.dsv
[2.736s] -- Up-to-date: /ROS_ws/install/mecha_control/local/lib/python3.10/dist-packages/mecha_control-0.0.0-py3.10.egg-info
[2.736s] -- Installing: /ROS_ws/install/mecha_control/local/lib/python3.10/dist-packages/mecha_control-0.0.0-py3.10.egg-info/SOURCES.txt
[2.736s] -- Installing: /ROS_ws/install/mecha_control/local/lib/python3.10/dist-packages/mecha_control-0.0.0-py3.10.egg-info/dependency_links.txt
[2.736s] -- Installing: /ROS_ws/install/mecha_control/local/lib/python3.10/dist-packages/mecha_control-0.0.0-py3.10.egg-info/PKG-INFO
[2.736s] -- Installing: /ROS_ws/install/mecha_control/local/lib/python3.10/dist-packages/mecha_control-0.0.0-py3.10.egg-info/top_level.txt
[2.736s] -- Up-to-date: /ROS_ws/install/mecha_control/local/lib/python3.10/dist-packages/mecha_control
[2.736s] -- Installing: /ROS_ws/install/mecha_control/local/lib/python3.10/dist-packages/mecha_control/mecha_control_s__rosidl_typesupport_introspection_c.cpython-310-x86_64-linux-gnu.so
[2.736s] -- Installing: /ROS_ws/install/mecha_control/local/lib/python3.10/dist-packages/mecha_control/_mecha_control_s.ep.rosidl_typesupport_fastrtps_c.c
[2.736s] -- Installing: /ROS_ws/install/mecha_control/local/lib/python3.10/dist-packages/mecha_control/libmecha_control__rosidl_generator_py.so
[2.736s] -- Installing: /ROS_ws/install/mecha_control/local/lib/python3.10/dist-packages/mecha_control/__init__.py
[2.736s] -- Up-to-date: /ROS_ws/install/mecha_control/local/lib/python3.10/dist-packages/mecha_control/msg
[2.736s] -- Installing: /ROS_ws/install/mecha_control/local/lib/python3.10/dist-packages/mecha_control/msg/_sensor_states.py
[2.736s] -- Installing: /ROS_ws/install/mecha_control/local/lib/python3.10/dist-packages/mecha_control/msg/_mecha_state_s.c
[2.737s] -- Installing: /ROS_ws/install/mecha_control/local/lib/python3.10/dist-packages/mecha_control/msg/_sensor_states_s.c
[2.737s] -- Installing: /ROS_ws/install/mecha_control/local/lib/python3.10/dist-packages/mecha_control/msg/_actuator_commands.py
[2.737s] -- Installing: /ROS_ws/install/mecha_control/local/lib/python3.10/dist-packages/mecha_control/msg/__init__.py
[2.737s] -- Installing: /ROS_ws/install/mecha_control/local/lib/python3.10/dist-packages/mecha_control/msg/_actuator_commands_s.c
[2.737s] -- Installing: /ROS_ws/install/mecha_control/local/lib/python3.10/dist-packages/mecha_control/msg/_mecha_state.py
[2.737s] -- Installing: /ROS_ws/install/mecha_control/local/lib/python3.10/dist-packages/mecha_control/mecha_control_s__rosidl_typesupport_c.cpython-310-x86_64-linux-gnu.so
[2.737s] -- Installing: /ROS_ws/install/mecha_control/local/lib/python3.10/dist-packages/mecha_control/mecha_control_s__rosidl_typesupport_fastrtps_c.cpython-310-x86_64-linux-gnu.so
[2.737s] -- Installing: /ROS_ws/install/mecha_control/local/lib/python3.10/dist-packages/mecha_control/_mecha_control_s.ep.rosidl_typesupport_c.c
[2.737s] -- Installing: /ROS_ws/install/mecha_control/local/lib/python3.10/dist-packages/mecha_control/_mecha_control_s.ep.rosidl_typesupport_introspection_c.c
[2.759s] Listing '/ROS_ws/install/mecha_control/local/lib/python3.10/dist-packages/mecha_control'...
[2.759s] Compiling '/ROS_ws/install/mecha_control/local/lib/python3.10/dist-packages/mecha_control/__init__.py'...
[2.759s] Listing '/ROS_ws/install/mecha_control/local/lib/python3.10/dist-packages/mecha_control/msg'...
[2.759s] Compiling '/ROS_ws/install/mecha_control/local/lib/python3.10/dist-packages/mecha_control/msg/__init__.py'...
[2.759s] Compiling '/ROS_ws/install/mecha_control/local/lib/python3.10/dist-packages/mecha_control/msg/_actuator_commands.py'...
[2.759s] Compiling '/ROS_ws/install/mecha_control/local/lib/python3.10/dist-packages/mecha_control/msg/_mecha_state.py'...
[2.759s] Compiling '/ROS_ws/install/mecha_control/local/lib/python3.10/dist-packages/mecha_control/msg/_sensor_states.py'...
[2.762s] -- Installing: /ROS_ws/install/mecha_control/local/lib/python3.10/dist-packages/mecha_control/mecha_control_s__rosidl_typesupport_fastrtps_c.cpython-310-x86_64-linux-gnu.so
[2.762s] -- Set runtime path of "/ROS_ws/install/mecha_control/local/lib/python3.10/dist-packages/mecha_control/mecha_control_s__rosidl_typesupport_fastrtps_c.cpython-310-x86_64-linux-gnu.so" to ""
[2.762s] -- Installing: /ROS_ws/install/mecha_control/local/lib/python3.10/dist-packages/mecha_control/mecha_control_s__rosidl_typesupport_introspection_c.cpython-310-x86_64-linux-gnu.so
[2.762s] -- Set runtime path of "/ROS_ws/install/mecha_control/local/lib/python3.10/dist-packages/mecha_control/mecha_control_s__rosidl_typesupport_introspection_c.cpython-310-x86_64-linux-gnu.so" to ""
[2.763s] -- Installing: /ROS_ws/install/mecha_control/local/lib/python3.10/dist-packages/mecha_control/mecha_control_s__rosidl_typesupport_c.cpython-310-x86_64-linux-gnu.so
[2.763s] -- Set runtime path of "/ROS_ws/install/mecha_control/local/lib/python3.10/dist-packages/mecha_control/mecha_control_s__rosidl_typesupport_c.cpython-310-x86_64-linux-gnu.so" to ""
[2.763s] -- Installing: /ROS_ws/install/mecha_control/lib/libmecha_control__rosidl_generator_py.so
[2.763s] -- Set runtime path of "/ROS_ws/install/mecha_control/lib/libmecha_control__rosidl_generator_py.so" to ""
[2.763s] -- Installing: /ROS_ws/install/mecha_control/share/mecha_control/msg/SensorStates.idl
[2.763s] -- Up-to-date: /ROS_ws/install/mecha_control/share/mecha_control/msg/ActuatorCommands.idl
[2.763s] -- Up-to-date: /ROS_ws/install/mecha_control/share/mecha_control/msg/MechaState.idl
[2.763s] -- Installing: /ROS_ws/install/mecha_control/share/mecha_control/msg/SensorStates.msg
[2.763s] -- Up-to-date: /ROS_ws/install/mecha_control/share/mecha_control/msg/ActuatorCommands.msg
[2.764s] -- Up-to-date: /ROS_ws/install/mecha_control/share/mecha_control/msg/MechaState.msg
[2.764s] -- Up-to-date: /ROS_ws/install/mecha_control/lib/mecha_control/dummy_node.py
[2.764s] -- Up-to-date: /ROS_ws/install/mecha_control/lib/mecha_control/debug_controller.py
[2.764s] -- Up-to-date: /ROS_ws/install/mecha_control/share/ament_index/resource_index/package_run_dependencies/mecha_control
[2.764s] -- Up-to-date: /ROS_ws/install/mecha_control/share/ament_index/resource_index/parent_prefix_path/mecha_control
[2.764s] -- Up-to-date: /ROS_ws/install/mecha_control/share/mecha_control/environment/ament_prefix_path.sh
[2.764s] -- Installing: /ROS_ws/install/mecha_control/share/mecha_control/environment/ament_prefix_path.dsv
[2.764s] -- Up-to-date: /ROS_ws/install/mecha_control/share/mecha_control/environment/path.sh
[2.764s] -- Installing: /ROS_ws/install/mecha_control/share/mecha_control/environment/path.dsv
[2.764s] -- Up-to-date: /ROS_ws/install/mecha_control/share/mecha_control/local_setup.bash
[2.764s] -- Up-to-date: /ROS_ws/install/mecha_control/share/mecha_control/local_setup.sh
[2.764s] -- Up-to-date: /ROS_ws/install/mecha_control/share/mecha_control/local_setup.zsh
[2.764s] -- Installing: /ROS_ws/install/mecha_control/share/mecha_control/local_setup.dsv
[2.764s] -- Installing: /ROS_ws/install/mecha_control/share/mecha_control/package.dsv
[2.764s] -- Up-to-date: /ROS_ws/install/mecha_control/share/ament_index/resource_index/packages/mecha_control
[2.764s] -- Up-to-date: /ROS_ws/install/mecha_control/share/mecha_control/cmake/export_mecha_control__rosidl_generator_cExport.cmake
[2.764s] -- Up-to-date: /ROS_ws/install/mecha_control/share/mecha_control/cmake/export_mecha_control__rosidl_generator_cExport-noconfig.cmake
[2.765s] -- Up-to-date: /ROS_ws/install/mecha_control/share/mecha_control/cmake/export_mecha_control__rosidl_typesupport_fastrtps_cExport.cmake
[2.765s] -- Up-to-date: /ROS_ws/install/mecha_control/share/mecha_control/cmake/export_mecha_control__rosidl_typesupport_fastrtps_cExport-noconfig.cmake
[2.765s] -- Up-to-date: /ROS_ws/install/mecha_control/share/mecha_control/cmake/export_mecha_control__rosidl_generator_cppExport.cmake
[2.765s] -- Up-to-date: /ROS_ws/install/mecha_control/share/mecha_control/cmake/export_mecha_control__rosidl_typesupport_fastrtps_cppExport.cmake
[2.765s] -- Up-to-date: /ROS_ws/install/mecha_control/share/mecha_control/cmake/export_mecha_control__rosidl_typesupport_fastrtps_cppExport-noconfig.cmake
[2.765s] -- Up-to-date: /ROS_ws/install/mecha_control/share/mecha_control/cmake/mecha_control__rosidl_typesupport_introspection_cExport.cmake
[2.765s] -- Up-to-date: /ROS_ws/install/mecha_control/share/mecha_control/cmake/mecha_control__rosidl_typesupport_introspection_cExport-noconfig.cmake
[2.765s] -- Up-to-date: /ROS_ws/install/mecha_control/share/mecha_control/cmake/mecha_control__rosidl_typesupport_cExport.cmake
[2.765s] -- Up-to-date: /ROS_ws/install/mecha_control/share/mecha_control/cmake/mecha_control__rosidl_typesupport_cExport-noconfig.cmake
[2.765s] -- Up-to-date: /ROS_ws/install/mecha_control/share/mecha_control/cmake/mecha_control__rosidl_typesupport_introspection_cppExport.cmake
[2.765s] -- Up-to-date: /ROS_ws/install/mecha_control/share/mecha_control/cmake/mecha_control__rosidl_typesupport_introspection_cppExport-noconfig.cmake
[2.765s] -- Up-to-date: /ROS_ws/install/mecha_control/share/mecha_control/cmake/mecha_control__rosidl_typesupport_cppExport.cmake
[2.765s] -- Up-to-date: /ROS_ws/install/mecha_control/share/mecha_control/cmake/mecha_control__rosidl_typesupport_cppExport-noconfig.cmake
[2.765s] -- Up-to-date: /ROS_ws/install/mecha_control/share/mecha_control/cmake/export_mecha_control__rosidl_generator_pyExport.cmake
[2.765s] -- Up-to-date: /ROS_ws/install/mecha_control/share/mecha_control/cmake/export_mecha_control__rosidl_generator_pyExport-noconfig.cmake
[2.765s] -- Up-to-date: /ROS_ws/install/mecha_control/share/mecha_control/cmake/rosidl_cmake-extras.cmake
[2.765s] -- Up-to-date: /ROS_ws/install/mecha_control/share/mecha_control/cmake/ament_cmake_export_include_directories-extras.cmake
[2.765s] -- Up-to-date: /ROS_ws/install/mecha_control/share/mecha_control/cmake/ament_cmake_export_libraries-extras.cmake
[2.766s] -- Up-to-date: /ROS_ws/install/mecha_control/share/mecha_control/cmake/ament_cmake_export_targets-extras.cmake
[2.766s] -- Up-to-date: /ROS_ws/install/mecha_control/share/mecha_control/cmake/rosidl_cmake_export_typesupport_targets-extras.cmake
[2.766s] -- Up-to-date: /ROS_ws/install/mecha_control/share/mecha_control/cmake/ament_cmake_export_dependencies-extras.cmake
[2.766s] -- Up-to-date: /ROS_ws/install/mecha_control/share/mecha_control/cmake/rosidl_cmake_export_typesupport_libraries-extras.cmake
[2.766s] -- Up-to-date: /ROS_ws/install/mecha_control/share/mecha_control/cmake/mecha_controlConfig.cmake
[2.766s] -- Up-to-date: /ROS_ws/install/mecha_control/share/mecha_control/cmake/mecha_controlConfig-version.cmake
[2.766s] -- Up-to-date: /ROS_ws/install/mecha_control/share/mecha_control/package.xml
[2.767s] Invoked command in '/ROS_ws/build/mecha_control' returned '0': CMAKE_PREFIX_PATH=${CMAKE_PREFIX_PATH}:/opt/ros/humble /usr/bin/cmake --install /ROS_ws/build/mecha_control
