[0.011s] Invoking command in '/ROS_ws/build/pc_robot_controller': CMAKE_PREFIX_PATH=${CMAKE_PREFIX_PATH}:/opt/ros/humble /usr/bin/cmake --build /ROS_ws/build/pc_robot_controller -- -j12 -l12
[0.047s] [35m[1mConsolidate compiler generated dependencies of target controller[0m
[0.063s] [ 50%] [32mBuilding CXX object CMakeFiles/controller.dir/src/controller.cpp.o[0m
[1.446s] [01m[K/ROS_ws/src/pc_robot_controller/src/controller.cpp:[m[K In member function ‘[01m[Kvoid Controller::ui_main()[m[K’:
[1.446s] [01m[K/ROS_ws/src/pc_robot_controller/src/controller.cpp:56:43:[m[K [01;35m[Kwarning: [m[Knarrowing conversion of ‘[01m[K(screenWidth / 2)[m[K’ from ‘[01m[Kint[m[K’ to ‘[01m[Kfloat[m[K’ [[01;35m[K-Wnarrowing[m[K]
[1.446s]    56 |         robot.origin = Vector2{[01;35m[KscreenWidth/2[m[K, screenHeight/2};
[1.446s]       |                                [01;35m[K~~~~~~~~~~~^~[m[K
[1.446s] [01m[K/ROS_ws/src/pc_robot_controller/src/controller.cpp:56:59:[m[K [01;35m[Kwarning: [m[Knarrowing conversion of ‘[01m[K(screenHeight / 2)[m[K’ from ‘[01m[Kint[m[K’ to ‘[01m[Kfloat[m[K’ [[01;35m[K-Wnarrowing[m[K]
[1.446s]    56 |         robot.origin = Vector2{screenWidth/2, [01;35m[KscreenHeight/2[m[K};
[1.446s]       |                                               [01;35m[K~~~~~~~~~~~~^~[m[K
[1.446s] [01m[K/ROS_ws/src/pc_robot_controller/src/controller.cpp:95:53:[m[K [01;35m[Kwarning: [m[Knarrowing conversion of ‘[01m[K(screenWidth - 210)[m[K’ from ‘[01m[Kint[m[K’ to ‘[01m[Kfloat[m[K’ [[01;35m[K-Wnarrowing[m[K]
[1.446s]    95 |         label title_mech("mech state", {[01;35m[KscreenWidth -210[m[K, 70}, 20);
[1.446s]       |                                         [01;35m[K~~~~~~~~~~~~^~~~[m[K
[1.446s] [01m[K/ROS_ws/src/pc_robot_controller/src/controller.cpp:96:44:[m[K [01;35m[Kwarning: [m[Knarrowing conversion of ‘[01m[K(screenWidth - 250)[m[K’ from ‘[01m[Kint[m[K’ to ‘[01m[Kfloat[m[K’ [[01;35m[K-Wnarrowing[m[K]
[1.446s]    96 |         push_button daiza_seq({[01;35m[KscreenWidth -250[m[K, 100}, 180, 70, GRAY, PINK);
[1.447s]       |                                [01;35m[K~~~~~~~~~~~~^~~~[m[K
[1.447s] [01m[K/ROS_ws/src/pc_robot_controller/src/controller.cpp:97:43:[m[K [01;35m[Kwarning: [m[Knarrowing conversion of ‘[01m[K(screenWidth - 250)[m[K’ from ‘[01m[Kint[m[K’ to ‘[01m[Kfloat[m[K’ [[01;35m[K-Wnarrowing[m[K]
[1.447s]    97 |         push_button hina_seq({[01;35m[KscreenWidth -250[m[K, 200}, 180, 70, GRAY, PINK);
[1.447s]       |                               [01;35m[K~~~~~~~~~~~~^~~~[m[K
[1.447s] [01m[K/ROS_ws/src/pc_robot_controller/src/controller.cpp:98:47:[m[K [01;35m[Kwarning: [m[Knarrowing conversion of ‘[01m[K(screenWidth - 250)[m[K’ from ‘[01m[Kint[m[K’ to ‘[01m[Kfloat[m[K’ [[01;35m[K-Wnarrowing[m[K]
[1.447s]    98 |         toggle_button hina_servo({[01;35m[KscreenWidth -250[m[K, 300}, 180, 70, GRAY, PINK);
[1.447s]       |                                   [01;35m[K~~~~~~~~~~~~^~~~[m[K
[1.447s] [01m[K/ROS_ws/src/pc_robot_controller/src/controller.cpp:99:48:[m[K [01;35m[Kwarning: [m[Knarrowing conversion of ‘[01m[K(screenWidth - 200)[m[K’ from ‘[01m[Kint[m[K’ to ‘[01m[Kfloat[m[K’ [[01;35m[K-Wnarrowing[m[K]
[1.447s]    99 |         toggle_button bonbori_seq({[01;35m[KscreenWidth -200[m[K, 500}, 130, 70, GRAY, PINK);
[1.447s]       |                                    [01;35m[K~~~~~~~~~~~~^~~~[m[K
[1.447s] [01m[K/ROS_ws/src/pc_robot_controller/src/controller.cpp:110:66:[m[K [01;35m[Kwarning: [m[Knarrowing conversion of ‘[01m[K(screenWidth - 240)[m[K’ from ‘[01m[Kint[m[K’ to ‘[01m[Kfloat[m[K’ [[01;35m[K-Wnarrowing[m[K]
[1.447s]   110 |       label label_daiza_seq(text_label_daiza_seq, {[01;35m[KscreenWidth -240[m[K, 125}, 20);
[1.447s]       |                                                    [01;35m[K~~~~~~~~~~~~^~~~[m[K
[1.447s] 
[1.447s] [01m[K/ROS_ws/src/pc_robot_controller/src/controller.cpp:111:64:[m[K [01;35m[Kwarning: [m[Knarrowing conversion of ‘[01m[K(screenWidth - 240)[m[K’ from ‘[01m[Kint[m[K’ to ‘[01m[Kfloat[m[K’ [[01;35m[K-Wnarrowing[m[K]
[1.447s]   111 |         label label_hina_seq(text_label_hina_seq, {[01;35m[KscreenWidth -240[m[K, 225}, 20);
[1.447s]       |                                                    [01;35m[K~~~~~~~~~~~~^~~~[m[K
[1.447s] [01m[K/ROS_ws/src/pc_robot_controller/src/controller.cpp:112:59:[m[K [01;35m[Kwarning: [m[Knarrowing conversion of ‘[01m[K(screenWidth - 240)[m[K’ from ‘[01m[Kint[m[K’ to ‘[01m[Kfloat[m[K’ [[01;35m[K-Wnarrowing[m[K]
[1.447s]   112 |         label label_hina_servo("hina servo", {[01;35m[KscreenWidth -240[m[K, 325}, 20);
[1.447s]       |                                               [01;35m[K~~~~~~~~~~~~^~~~[m[K
[1.447s] [01m[K/ROS_ws/src/pc_robot_controller/src/controller.cpp:113:57:[m[K [01;35m[Kwarning: [m[Knarrowing conversion of ‘[01m[K(screenWidth - 190)[m[K’ from ‘[01m[Kint[m[K’ to ‘[01m[Kfloat[m[K’ [[01;35m[K-Wnarrowing[m[K]
[1.447s]   113 |         label label_bonbori_seq("bonbori", {[01;35m[KscreenWidth -190[m[K, 525}, 20);
[1.447s]       |                                             [01;35m[K~~~~~~~~~~~~^~~~[m[K
[1.447s] [01m[K/ROS_ws/src/pc_robot_controller/src/controller.cpp:144:42:[m[K [01;35m[Kwarning: [m[Knarrowing conversion of ‘[01m[K(screenWidth - 210)[m[K’ from ‘[01m[Kint[m[K’ to ‘[01m[Kfloat[m[K’ [[01;35m[K-Wnarrowing[m[K]
[1.447s]   144 |             title_mech.move({[01;35m[KscreenWidth -210[m[K, 70});
[1.447s]       |                              [01;35m[K~~~~~~~~~~~~^~~~[m[K
[1.447s] [01m[K/ROS_ws/src/pc_robot_controller/src/controller.cpp:145:41:[m[K [01;35m[Kwarning: [m[Knarrowing conversion of ‘[01m[K(screenWidth - 250)[m[K’ from ‘[01m[Kint[m[K’ to ‘[01m[Kfloat[m[K’ [[01;35m[K-Wnarrowing[m[K]
[1.447s]   145 |             daiza_seq.move({[01;35m[KscreenWidth -250[m[K, 100});
[1.447s]       |                             [01;35m[K~~~~~~~~~~~~^~~~[m[K
[1.447s] [01m[K/ROS_ws/src/pc_robot_controller/src/controller.cpp:146:40:[m[K [01;35m[Kwarning: [m[Knarrowing conversion of ‘[01m[K(screenWidth - 250)[m[K’ from ‘[01m[Kint[m[K’ to ‘[01m[Kfloat[m[K’ [[01;35m[K-Wnarrowing[m[K]
[1.447s]   146 |             hina_seq.move({[01;35m[KscreenWidth -250[m[K, 200});
[1.447s]       |                            [01;35m[K~~~~~~~~~~~~^~~~[m[K
[1.447s] [01m[K/ROS_ws/src/pc_robot_controller/src/controller.cpp:147:42:[m[K [01;35m[Kwarning: [m[Knarrowing conversion of ‘[01m[K(screenWidth - 250)[m[K’ from ‘[01m[Kint[m[K’ to ‘[01m[Kfloat[m[K’ [[01;35m[K-Wnarrowing[m[K]
[1.448s]   147 |             hina_servo.move({[01;35m[KscreenWidth -250[m[K, 300});
[1.448s]       |                              [01;35m[K~~~~~~~~~~~~^~~~[m[K
[1.448s] [01m[K/ROS_ws/src/pc_robot_controller/src/controller.cpp:148:43:[m[K [01;35m[Kwarning: [m[Knarrowing conversion of ‘[01m[K(screenWidth - 200)[m[K’ from ‘[01m[Kint[m[K’ to ‘[01m[Kfloat[m[K’ [[01;35m[K-Wnarrowing[m[K]
[1.448s]   148 |             bonbori_seq.move({[01;35m[KscreenWidth -200[m[K, 500});
[1.448s]       |                               [01;35m[K~~~~~~~~~~~~^~~~[m[K
[1.448s] [01m[K/ROS_ws/src/pc_robot_controller/src/controller.cpp:149:47:[m[K [01;35m[Kwarning: [m[Knarrowing conversion of ‘[01m[K(screenWidth - 240)[m[K’ from ‘[01m[Kint[m[K’ to ‘[01m[Kfloat[m[K’ [[01;35m[K-Wnarrowing[m[K]
[1.448s]   149 |             label_daiza_seq.move({[01;35m[KscreenWidth -240[m[K, 125});
[1.448s]       |                                   [01;35m[K~~~~~~~~~~~~^~~~[m[K
[1.448s] [01m[K/ROS_ws/src/pc_robot_controller/src/controller.cpp:150:46:[m[K [01;35m[Kwarning: [m[Knarrowing conversion of ‘[01m[K(screenWidth - 240)[m[K’ from ‘[01m[Kint[m[K’ to ‘[01m[Kfloat[m[K’ [[01;35m[K-Wnarrowing[m[K]
[1.448s]   150 |             label_hina_seq.move({[01;35m[KscreenWidth -240[m[K, 225});
[1.448s]       |                                  [01;35m[K~~~~~~~~~~~~^~~~[m[K
[1.448s] [01m[K/ROS_ws/src/pc_robot_controller/src/controller.cpp:151:48:[m[K [01;35m[Kwarning: [m[Knarrowing conversion of ‘[01m[K(screenWidth - 240)[m[K’ from ‘[01m[Kint[m[K’ to ‘[01m[Kfloat[m[K’ [[01;35m[K-Wnarrowing[m[K]
[1.448s]   151 |             label_hina_servo.move({[01;35m[KscreenWidth -240[m[K, 325});
[1.448s]       |                                    [01;35m[K~~~~~~~~~~~~^~~~[m[K
[1.448s] [01m[K/ROS_ws/src/pc_robot_controller/src/controller.cpp:152:49:[m[K [01;35m[Kwarning: [m[Knarrowing conversion of ‘[01m[K(screenWidth - 190)[m[K’ from ‘[01m[Kint[m[K’ to ‘[01m[Kfloat[m[K’ [[01;35m[K-Wnarrowing[m[K]
[1.448s]   152 |             label_bonbori_seq.move({[01;35m[KscreenWidth -190[m[K, 525});
[1.448s]       |                                     [01;35m[K~~~~~~~~~~~~^~~~[m[K
[1.448s] [01m[K/ROS_ws/src/pc_robot_controller/src/controller.cpp:153:47:[m[K [01;35m[Kwarning: [m[Knarrowing conversion of ‘[01m[K(screenWidth / 2)[m[K’ from ‘[01m[Kint[m[K’ to ‘[01m[Kfloat[m[K’ [[01;35m[K-Wnarrowing[m[K]
[1.448s]   153 |             robot.origin = Vector2{[01;35m[KscreenWidth/2[m[K, screenHeight/2};
[1.448s]       |                                    [01;35m[K~~~~~~~~~~~^~[m[K
[1.448s] [01m[K/ROS_ws/src/pc_robot_controller/src/controller.cpp:153:63:[m[K [01;35m[Kwarning: [m[Knarrowing conversion of ‘[01m[K(screenHeight / 2)[m[K’ from ‘[01m[Kint[m[K’ to ‘[01m[Kfloat[m[K’ [[01;35m[K-Wnarrowing[m[K]
[1.448s]   153 |             robot.origin = Vector2{screenWidth/2, [01;35m[KscreenHeight/2[m[K};
[1.448s]       |                                                   [01;35m[K~~~~~~~~~~~~^~[m[K
[3.357s] [100%] [32m[1mLinking CXX executable controller[0m
[3.549s] [100%] Built target controller
[3.555s] Invoked command in '/ROS_ws/build/pc_robot_controller' returned '0': CMAKE_PREFIX_PATH=${CMAKE_PREFIX_PATH}:/opt/ros/humble /usr/bin/cmake --build /ROS_ws/build/pc_robot_controller -- -j12 -l12
[3.569s] Invoking command in '/ROS_ws/build/pc_robot_controller': CMAKE_PREFIX_PATH=${CMAKE_PREFIX_PATH}:/opt/ros/humble /usr/bin/cmake --install /ROS_ws/build/pc_robot_controller
[3.574s] -- Install configuration: ""
[3.574s] -- Installing: /ROS_ws/install/pc_robot_controller/lib/pc_robot_controller/controller
[3.577s] -- Set runtime path of "/ROS_ws/install/pc_robot_controller/lib/pc_robot_controller/controller" to ""
[3.578s] -- Up-to-date: /ROS_ws/install/pc_robot_controller/share/ament_index/resource_index/package_run_dependencies/pc_robot_controller
[3.578s] -- Up-to-date: /ROS_ws/install/pc_robot_controller/share/ament_index/resource_index/parent_prefix_path/pc_robot_controller
[3.578s] -- Up-to-date: /ROS_ws/install/pc_robot_controller/share/pc_robot_controller/environment/ament_prefix_path.sh
[3.578s] -- Up-to-date: /ROS_ws/install/pc_robot_controller/share/pc_robot_controller/environment/ament_prefix_path.dsv
[3.578s] -- Up-to-date: /ROS_ws/install/pc_robot_controller/share/pc_robot_controller/environment/path.sh
[3.578s] -- Up-to-date: /ROS_ws/install/pc_robot_controller/share/pc_robot_controller/environment/path.dsv
[3.578s] -- Up-to-date: /ROS_ws/install/pc_robot_controller/share/pc_robot_controller/local_setup.bash
[3.578s] -- Up-to-date: /ROS_ws/install/pc_robot_controller/share/pc_robot_controller/local_setup.sh
[3.578s] -- Up-to-date: /ROS_ws/install/pc_robot_controller/share/pc_robot_controller/local_setup.zsh
[3.578s] -- Up-to-date: /ROS_ws/install/pc_robot_controller/share/pc_robot_controller/local_setup.dsv
[3.578s] -- Installing: /ROS_ws/install/pc_robot_controller/share/pc_robot_controller/package.dsv
[3.578s] -- Up-to-date: /ROS_ws/install/pc_robot_controller/share/ament_index/resource_index/packages/pc_robot_controller
[3.578s] -- Up-to-date: /ROS_ws/install/pc_robot_controller/share/pc_robot_controller/cmake/pc_robot_controllerConfig.cmake
[3.578s] -- Up-to-date: /ROS_ws/install/pc_robot_controller/share/pc_robot_controller/cmake/pc_robot_controllerConfig-version.cmake
[3.578s] -- Up-to-date: /ROS_ws/install/pc_robot_controller/share/pc_robot_controller/package.xml
[3.579s] Invoked command in '/ROS_ws/build/pc_robot_controller' returned '0': CMAKE_PREFIX_PATH=${CMAKE_PREFIX_PATH}:/opt/ros/humble /usr/bin/cmake --install /ROS_ws/build/pc_robot_controller
