[0.000000] (-) TimerEvent: {}
[0.000276] (nucleo_agent) JobQueued: {'identifier': 'nucleo_agent', 'dependencies': OrderedDict()}
[0.000294] (nucleo_agent) JobStarted: {'identifier': 'nucleo_agent'}
[0.006727] (nucleo_agent) JobProgress: {'identifier': 'nucleo_agent', 'progress': 'cmake'}
[0.007454] (nucleo_agent) JobProgress: {'identifier': 'nucleo_agent', 'progress': 'build'}
[0.007500] (nucleo_agent) Command: {'cmd': ['/usr/bin/cmake', '--build', '/ROS_ws/build/nucleo_agent', '--', '-j12', '-l12'], 'cwd': '/ROS_ws/build/nucleo_agent', 'env': OrderedDict([('SHLVL', '1'), ('LD_LIBRARY_PATH', '/opt/ros/humble/opt/rviz_ogre_vendor/lib:/opt/ros/humble/lib/x86_64-linux-gnu:/opt/ros/humble/lib'), ('HOME', '/ROS_ws'), ('ROS_PYTHON_VERSION', '3'), ('container', 'podman'), ('COLCON_PREFIX_PATH', '/ROS_ws/install'), ('ROS_DISTRO', 'humble'), ('_', '/usr/bin/colcon'), ('ROS_VERSION', '2'), ('TERM', 'xterm'), ('ROS_LOCALHOST_ONLY', '0'), ('PATH', '/opt/ros/humble/bin:/usr/local/sbin:/usr/local/bin:/usr/sbin:/usr/bin:/sbin:/bin'), ('DISPLAY', ':0'), ('LANG', 'C.UTF-8'), ('AMENT_PREFIX_PATH', '/ROS_ws/install/nucleo_agent:/opt/ros/humble'), ('PWD', '/ROS_ws/build/nucleo_agent'), ('LC_ALL', 'C.UTF-8'), ('PYTHONPATH', '/opt/ros/humble/lib/python3.10/site-packages:/opt/ros/humble/local/lib/python3.10/dist-packages'), ('COLCON', '1'), ('CMAKE_PREFIX_PATH', '/ROS_ws/install/nucleo_agent:/opt/ros/humble')]), 'shell': False}
[0.025100] (nucleo_agent) StdoutLine: {'line': b'-- Found ament_cmake: 1.3.3 (/opt/ros/humble/share/ament_cmake/cmake)\n'}
[0.099394] (-) TimerEvent: {}
[0.112053] (nucleo_agent) StdoutLine: {'line': b'-- Found rclcpp: 16.0.3 (/opt/ros/humble/share/rclcpp/cmake)\n'}
[0.131758] (nucleo_agent) StdoutLine: {'line': b'-- Found rosidl_generator_c: 3.1.4 (/opt/ros/humble/share/rosidl_generator_c/cmake)\n'}
[0.133170] (nucleo_agent) StdoutLine: {'line': b'-- Found rosidl_adapter: 3.1.4 (/opt/ros/humble/share/rosidl_adapter/cmake)\n'}
[0.136849] (nucleo_agent) StdoutLine: {'line': b'-- Found rosidl_generator_cpp: 3.1.4 (/opt/ros/humble/share/rosidl_generator_cpp/cmake)\n'}
[0.143318] (nucleo_agent) StdoutLine: {'line': b'-- Using all available rosidl_typesupport_c: rosidl_typesupport_fastrtps_c;rosidl_typesupport_introspection_c\n'}
[0.152642] (nucleo_agent) StdoutLine: {'line': b'-- Using all available rosidl_typesupport_cpp: rosidl_typesupport_fastrtps_cpp;rosidl_typesupport_introspection_cpp\n'}
[0.189162] (nucleo_agent) StdoutLine: {'line': b'-- Found rmw_implementation_cmake: 6.1.1 (/opt/ros/humble/share/rmw_implementation_cmake/cmake)\n'}
[0.189941] (nucleo_agent) StdoutLine: {'line': b'-- Found rmw_fastrtps_cpp: 6.2.2 (/opt/ros/humble/share/rmw_fastrtps_cpp/cmake)\n'}
[0.199448] (-) TimerEvent: {}
[0.291564] (nucleo_agent) StdoutLine: {'line': b"-- Using RMW implementation 'rmw_fastrtps_cpp' as default\n"}
[0.299516] (-) TimerEvent: {}
[0.389915] (nucleo_agent) StdoutLine: {'line': b'-- Found rosidl_default_generators: 1.2.0 (/opt/ros/humble/share/rosidl_default_generators/cmake)\n'}
[0.396906] (nucleo_agent) StdoutLine: {'line': b'-- Found ament_lint_auto: 0.12.5 (/opt/ros/humble/share/ament_lint_auto/cmake)\n'}
[0.399629] (-) TimerEvent: {}
[0.438659] (nucleo_agent) StdoutLine: {'line': b"-- Added test 'cppcheck' to perform static code analysis on C / C++ code\n"}
[0.438896] (nucleo_agent) StdoutLine: {'line': b'-- Configured cppcheck include dirs: $<BUILD_INTERFACE:/ROS_ws/src/nucleo_agent/include>\n'}
[0.438983] (nucleo_agent) StdoutLine: {'line': b'-- Configured cppcheck exclude dirs and/or files: \n'}
[0.439210] (nucleo_agent) StdoutLine: {'line': b"-- Added test 'lint_cmake' to check CMake code style\n"}
[0.439610] (nucleo_agent) StdoutLine: {'line': b"-- Added test 'uncrustify' to check C / C++ code style\n"}
[0.439684] (nucleo_agent) StdoutLine: {'line': b'-- Configured uncrustify additional arguments: \n'}
[0.439872] (nucleo_agent) StdoutLine: {'line': b"-- Added test 'xmllint' to check XML markup files\n"}
[0.440302] (nucleo_agent) StdoutLine: {'line': b'-- Configuring done\n'}
[0.449405] (nucleo_agent) StdoutLine: {'line': b'-- Generating done\n'}
[0.450223] (nucleo_agent) StdoutLine: {'line': b'-- Build files have been written to: /ROS_ws/build/nucleo_agent\n'}
[0.464268] (nucleo_agent) StdoutLine: {'line': b'\x1b[35m\x1b[1mConsolidate compiler generated dependencies of target nucleo_agent\x1b[0m\n'}
[0.470685] (nucleo_agent) StdoutLine: {'line': b'[ 50%] \x1b[32m\x1b[1mLinking CXX executable nucleo_agent\x1b[0m\n'}
[0.499716] (-) TimerEvent: {}
[0.540586] (nucleo_agent) StdoutLine: {'line': b'[100%] Built target nucleo_agent\n'}
[0.546545] (nucleo_agent) CommandEnded: {'returncode': 0}
[0.558955] (nucleo_agent) JobProgress: {'identifier': 'nucleo_agent', 'progress': 'install'}
[0.563830] (nucleo_agent) Command: {'cmd': ['/usr/bin/cmake', '--install', '/ROS_ws/build/nucleo_agent'], 'cwd': '/ROS_ws/build/nucleo_agent', 'env': OrderedDict([('SHLVL', '1'), ('LD_LIBRARY_PATH', '/opt/ros/humble/opt/rviz_ogre_vendor/lib:/opt/ros/humble/lib/x86_64-linux-gnu:/opt/ros/humble/lib'), ('HOME', '/ROS_ws'), ('ROS_PYTHON_VERSION', '3'), ('container', 'podman'), ('COLCON_PREFIX_PATH', '/ROS_ws/install'), ('ROS_DISTRO', 'humble'), ('_', '/usr/bin/colcon'), ('ROS_VERSION', '2'), ('TERM', 'xterm'), ('ROS_LOCALHOST_ONLY', '0'), ('PATH', '/opt/ros/humble/bin:/usr/local/sbin:/usr/local/bin:/usr/sbin:/usr/bin:/sbin:/bin'), ('DISPLAY', ':0'), ('LANG', 'C.UTF-8'), ('AMENT_PREFIX_PATH', '/ROS_ws/install/nucleo_agent:/opt/ros/humble'), ('PWD', '/ROS_ws/build/nucleo_agent'), ('LC_ALL', 'C.UTF-8'), ('PYTHONPATH', '/opt/ros/humble/lib/python3.10/site-packages:/opt/ros/humble/local/lib/python3.10/dist-packages'), ('COLCON', '1'), ('CMAKE_PREFIX_PATH', '/ROS_ws/install/nucleo_agent:/opt/ros/humble')]), 'shell': False}
[0.568110] (nucleo_agent) StdoutLine: {'line': b'-- Install configuration: ""\n'}
[0.568218] (nucleo_agent) StdoutLine: {'line': b'-- Installing: /ROS_ws/install/nucleo_agent/lib/nucleo_agent/nucleo_agent\n'}
[0.568627] (nucleo_agent) StdoutLine: {'line': b'-- Set runtime path of "/ROS_ws/install/nucleo_agent/lib/nucleo_agent/nucleo_agent" to ""\n'}
[0.568675] (nucleo_agent) StdoutLine: {'line': b'-- Up-to-date: /ROS_ws/install/nucleo_agent/share/ament_index/resource_index/package_run_dependencies/nucleo_agent\n'}
[0.568707] (nucleo_agent) StdoutLine: {'line': b'-- Installing: /ROS_ws/install/nucleo_agent/share/ament_index/resource_index/parent_prefix_path/nucleo_agent\n'}
[0.568751] (nucleo_agent) StdoutLine: {'line': b'-- Up-to-date: /ROS_ws/install/nucleo_agent/share/nucleo_agent/environment/ament_prefix_path.sh\n'}
[0.568780] (nucleo_agent) StdoutLine: {'line': b'-- Installing: /ROS_ws/install/nucleo_agent/share/nucleo_agent/environment/ament_prefix_path.dsv\n'}
[0.568829] (nucleo_agent) StdoutLine: {'line': b'-- Up-to-date: /ROS_ws/install/nucleo_agent/share/nucleo_agent/environment/path.sh\n'}
[0.568859] (nucleo_agent) StdoutLine: {'line': b'-- Installing: /ROS_ws/install/nucleo_agent/share/nucleo_agent/environment/path.dsv\n'}
[0.568902] (nucleo_agent) StdoutLine: {'line': b'-- Up-to-date: /ROS_ws/install/nucleo_agent/share/nucleo_agent/local_setup.bash\n'}
[0.568934] (nucleo_agent) StdoutLine: {'line': b'-- Up-to-date: /ROS_ws/install/nucleo_agent/share/nucleo_agent/local_setup.sh\n'}
[0.568975] (nucleo_agent) StdoutLine: {'line': b'-- Up-to-date: /ROS_ws/install/nucleo_agent/share/nucleo_agent/local_setup.zsh\n'}
[0.569006] (nucleo_agent) StdoutLine: {'line': b'-- Installing: /ROS_ws/install/nucleo_agent/share/nucleo_agent/local_setup.dsv\n'}
[0.569048] (nucleo_agent) StdoutLine: {'line': b'-- Installing: /ROS_ws/install/nucleo_agent/share/nucleo_agent/package.dsv\n'}
[0.569078] (nucleo_agent) StdoutLine: {'line': b'-- Up-to-date: /ROS_ws/install/nucleo_agent/share/ament_index/resource_index/packages/nucleo_agent\n'}
[0.569124] (nucleo_agent) StdoutLine: {'line': b'-- Up-to-date: /ROS_ws/install/nucleo_agent/share/nucleo_agent/cmake/nucleo_agentConfig.cmake\n'}
[0.569155] (nucleo_agent) StdoutLine: {'line': b'-- Up-to-date: /ROS_ws/install/nucleo_agent/share/nucleo_agent/cmake/nucleo_agentConfig-version.cmake\n'}
[0.569181] (nucleo_agent) StdoutLine: {'line': b'-- Up-to-date: /ROS_ws/install/nucleo_agent/share/nucleo_agent/package.xml\n'}
[0.569830] (nucleo_agent) CommandEnded: {'returncode': 0}
[0.596671] (nucleo_agent) JobEnded: {'identifier': 'nucleo_agent', 'rc': 0}
[0.597034] (-) EventReactorShutdown: {}
