[0.037s] Invoking command in '/ROS_ws/build/mecha_control': CMAKE_PREFIX_PATH=${CMAKE_PREFIX_PATH}:/opt/ros/humble /usr/bin/cmake --build /ROS_ws/build/mecha_control -- -j12 -l12
[0.197s] [ 11%] Built target mecha_control__rosidl_generator_c
[0.198s] [ 12%] Built target mecha_control__cpp
[0.198s] [ 12%] Built target ament_cmake_python_copy_mecha_control
[0.199s] [ 23%] Built target mecha_control__rosidl_typesupport_c
[0.199s] [ 34%] Built target mecha_control__rosidl_typesupport_introspection_c
[0.200s] [ 45%] Built target mecha_control__rosidl_typesupport_introspection_cpp
[0.200s] [ 56%] Built target mecha_control__rosidl_typesupport_fastrtps_c
[0.200s] [ 67%] Built target mecha_control__rosidl_typesupport_cpp
[0.200s] [ 79%] Built target mecha_control__rosidl_typesupport_fastrtps_cpp
[0.200s] [35m[1mConsolidate compiler generated dependencies of target cmd_seq[0m
[0.200s] [ 80%] [32mBuilding CXX object CMakeFiles/cmd_seq.dir/src/cmd_seq.cpp.o[0m
[0.200s] [ 80%] Built target mecha_control
[0.200s] [ 81%] Built target mecha_control__py
[0.200s] [ 91%] Built target mecha_control__rosidl_generator_py
[0.200s] [ 97%] Built target mecha_control__rosidl_typesupport_fastrtps_c__pyext
[0.200s] [ 97%] Built target mecha_control__rosidl_typesupport_introspection_c__pyext
[0.200s] [ 98%] Built target mecha_control__rosidl_typesupport_c__pyext
[0.214s] running egg_info
[0.216s] writing mecha_control.egg-info/PKG-INFO
[0.216s] writing dependency_links to mecha_control.egg-info/dependency_links.txt
[0.216s] writing top-level names to mecha_control.egg-info/top_level.txt
[0.217s] reading manifest file 'mecha_control.egg-info/SOURCES.txt'
[0.218s] writing manifest file 'mecha_control.egg-info/SOURCES.txt'
[0.247s] [ 98%] Built target ament_cmake_python_build_mecha_control_egg
[1.617s] In file included from [01m[K/usr/include/c++/11/future:48[m[K,
[1.617s]                  from [01m[K/opt/ros/humble/include/rclcpp/rclcpp/executors.hpp:18[m[K,
[1.617s]                  from [01m[K/opt/ros/humble/include/rclcpp/rclcpp/rclcpp.hpp:155[m[K,
[1.617s]                  from [01m[K/ROS_ws/src/mecha_control/src/cmd_seq.cpp:1[m[K:
[1.617s] /usr/include/c++/11/bits/std_thread.h: In instantiation of ‘[01m[Kstd::thread::thread(_Callable&&, _Args&& ...) [with _Callable = void (MechSeqNode::*)(); _Args = {}; <template-parameter-1-3> = void][m[K’:
[1.617s] [01m[K/ROS_ws/src/mecha_control/src/cmd_seq.cpp:19:68:[m[K   required from here
[1.617s] [01m[K/usr/include/c++/11/bits/std_thread.h:130:72:[m[K [01;31m[Kerror: [m[Kstatic assertion failed: std::thread arguments must be invocable after conversion to rvalues
[1.617s]   130 |                                       typename decay<_Args>::type...>::[01;31m[Kvalue[m[K,
[1.617s]       |                                                                        [01;31m[K^~~~~[m[K
[1.617s] [01m[K/usr/include/c++/11/bits/std_thread.h:130:72:[m[K [01;36m[Knote: [m[K‘[01m[Kstd::integral_constant<bool, false>::value[m[K’ evaluates to false
[1.618s] /usr/include/c++/11/bits/std_thread.h: In instantiation of ‘[01m[Kstruct std::thread::_Invoker<std::tuple<void (MechSeqNode::*)()> >[m[K’:
[1.618s] [01m[K/usr/include/c++/11/bits/std_thread.h:203:13:[m[K   required from ‘[01m[Kstruct std::thread::_State_impl<std::thread::_Invoker<std::tuple<void (MechSeqNode::*)()> > >[m[K’
[1.618s] [01m[K/usr/include/c++/11/bits/std_thread.h:143:29:[m[K   required from ‘[01m[Kstd::thread::thread(_Callable&&, _Args&& ...) [with _Callable = void (MechSeqNode::*)(); _Args = {}; <template-parameter-1-3> = void][m[K’
[1.618s] [01m[K/ROS_ws/src/mecha_control/src/cmd_seq.cpp:19:68:[m[K   required from here
[1.618s] [01m[K/usr/include/c++/11/bits/std_thread.h:252:11:[m[K [01;31m[Kerror: [m[Kno type named ‘[01m[Ktype[m[K’ in ‘[01m[Kstruct std::thread::_Invoker<std::tuple<void (MechSeqNode::*)()> >::__result<std::tuple<void (MechSeqNode::*)()> >[m[K’
[1.618s]   252 |           [01;31m[K_M_invoke[m[K(_Index_tuple<_Ind...>)
[1.618s]       |           [01;31m[K^~~~~~~~~[m[K
[1.618s] [01m[K/usr/include/c++/11/bits/std_thread.h:256:9:[m[K [01;31m[Kerror: [m[Kno type named ‘[01m[Ktype[m[K’ in ‘[01m[Kstruct std::thread::_Invoker<std::tuple<void (MechSeqNode::*)()> >::__result<std::tuple<void (MechSeqNode::*)()> >[m[K’
[1.619s]   256 |         [01;31m[Koperator[m[K()()
[1.619s]       |         [01;31m[K^~~~~~~~[m[K
[3.200s] gmake[2]: *** [CMakeFiles/cmd_seq.dir/build.make:76: CMakeFiles/cmd_seq.dir/src/cmd_seq.cpp.o] Error 1
[3.200s] gmake[1]: *** [CMakeFiles/Makefile2:595: CMakeFiles/cmd_seq.dir/all] Error 2
[3.200s] gmake: *** [Makefile:146: all] Error 2
[3.202s] Invoked command in '/ROS_ws/build/mecha_control' returned '2': CMAKE_PREFIX_PATH=${CMAKE_PREFIX_PATH}:/opt/ros/humble /usr/bin/cmake --build /ROS_ws/build/mecha_control -- -j12 -l12
