[ 50%] Built target timestamp_publisher_node
[ 66%] Built target localize_node
[100%] Built target tempo_localize_node
-- Install configuration: ""
-- Up-to-date: /ROS_ws/install/localize/lib/localize/localize_node
-- Up-to-date: /ROS_ws/install/localize/lib/localize/timestamp_publisher_node
-- Up-to-date: /ROS_ws/install/localize/lib/localize/localize_node
-- Up-to-date: /ROS_ws/install/localize/lib/localize/tempo_localize_node
-- Up-to-date: /ROS_ws/install/localize/lib/localize/timestamp_publisher_node
-- Up-to-date: /ROS_ws/install/localize/share/localize/launch
-- Up-to-date: /ROS_ws/install/localize/share/localize/launch/emcl2_test.launch.py
-- Up-to-date: /ROS_ws/install/localize/share/localize/yaml
-- Up-to-date: /ROS_ws/install/localize/share/localize/yaml/map_data.pgm
-- Up-to-date: /ROS_ws/install/localize/share/localize/yaml/map_data.yaml
-- Up-to-date: /ROS_ws/install/localize/share/ament_index/resource_index/package_run_dependencies/localize
-- Up-to-date: /ROS_ws/install/localize/share/ament_index/resource_index/parent_prefix_path/localize
-- Up-to-date: /ROS_ws/install/localize/share/localize/environment/ament_prefix_path.sh
-- Up-to-date: /ROS_ws/install/localize/share/localize/environment/ament_prefix_path.dsv
-- Up-to-date: /ROS_ws/install/localize/share/localize/environment/path.sh
-- Up-to-date: /ROS_ws/install/localize/share/localize/environment/path.dsv
-- Up-to-date: /ROS_ws/install/localize/share/localize/local_setup.bash
-- Up-to-date: /ROS_ws/install/localize/share/localize/local_setup.sh
-- Up-to-date: /ROS_ws/install/localize/share/localize/local_setup.zsh
-- Up-to-date: /ROS_ws/install/localize/share/localize/local_setup.dsv
-- Installing: /ROS_ws/install/localize/share/localize/package.dsv
-- Up-to-date: /ROS_ws/install/localize/share/ament_index/resource_index/packages/localize
-- Up-to-date: /ROS_ws/install/localize/share/localize/cmake/ament_cmake_export_dependencies-extras.cmake
-- Up-to-date: /ROS_ws/install/localize/share/localize/cmake/localizeConfig.cmake
-- Up-to-date: /ROS_ws/install/localize/share/localize/cmake/localizeConfig-version.cmake
-- Up-to-date: /ROS_ws/install/localize/share/localize/package.xml
