[35m[1mConsolidate compiler generated dependencies of target action_server[0m
[35m[1mConsolidate compiler generated dependencies of target robot_master_node[0m
[100%] Built target robot_master_node
[100%] Built target action_server
-- Install configuration: ""
-- Up-to-date: /ROS_ws/install/robot_master/lib/robot_master/robot_master_node
-- Up-to-date: /ROS_ws/install/robot_master/lib/robot_master/action_server
-- Up-to-date: /ROS_ws/install/robot_master/share/ament_index/resource_index/package_run_dependencies/robot_master
-- Up-to-date: /ROS_ws/install/robot_master/share/ament_index/resource_index/parent_prefix_path/robot_master
-- Up-to-date: /ROS_ws/install/robot_master/share/robot_master/environment/ament_prefix_path.sh
-- Up-to-date: /ROS_ws/install/robot_master/share/robot_master/environment/ament_prefix_path.dsv
-- Up-to-date: /ROS_ws/install/robot_master/share/robot_master/environment/path.sh
-- Up-to-date: /ROS_ws/install/robot_master/share/robot_master/environment/path.dsv
-- Up-to-date: /ROS_ws/install/robot_master/share/robot_master/local_setup.bash
-- Up-to-date: /ROS_ws/install/robot_master/share/robot_master/local_setup.sh
-- Up-to-date: /ROS_ws/install/robot_master/share/robot_master/local_setup.zsh
-- Up-to-date: /ROS_ws/install/robot_master/share/robot_master/local_setup.dsv
-- Up-to-date: /ROS_ws/install/robot_master/share/robot_master/package.dsv
-- Up-to-date: /ROS_ws/install/robot_master/share/ament_index/resource_index/packages/robot_master
-- Up-to-date: /ROS_ws/install/robot_master/share/robot_master/cmake/robot_masterConfig.cmake
-- Up-to-date: /ROS_ws/install/robot_master/share/robot_master/cmake/robot_masterConfig-version.cmake
-- Up-to-date: /ROS_ws/install/robot_master/share/robot_master/package.xml
