[0.040s] Invoking command in '/ROS_ws/build/robot_master': CMAKE_PREFIX_PATH=${CMAKE_PREFIX_PATH}:/opt/ros/humble /usr/bin/cmake --build /ROS_ws/build/robot_master -- -j12 -l12
[0.190s] [35m[1mConsolidate compiler generated dependencies of target action_server[0m
[0.190s] [35m[1mConsolidate compiler generated dependencies of target robot_master_node[0m
[0.191s] [100%] Built target robot_master_node
[0.191s] [100%] Built target action_server
[0.195s] Invoked command in '/ROS_ws/build/robot_master' returned '0': CMAKE_PREFIX_PATH=${CMAKE_PREFIX_PATH}:/opt/ros/humble /usr/bin/cmake --build /ROS_ws/build/robot_master -- -j12 -l12
[0.235s] Invoking command in '/ROS_ws/build/robot_master': CMAKE_PREFIX_PATH=${CMAKE_PREFIX_PATH}:/opt/ros/humble /usr/bin/cmake --install /ROS_ws/build/robot_master
[0.242s] -- Install configuration: ""
[0.242s] -- Up-to-date: /ROS_ws/install/robot_master/lib/robot_master/robot_master_node
[0.242s] -- Up-to-date: /ROS_ws/install/robot_master/lib/robot_master/action_server
[0.243s] -- Up-to-date: /ROS_ws/install/robot_master/share/ament_index/resource_index/package_run_dependencies/robot_master
[0.243s] -- Up-to-date: /ROS_ws/install/robot_master/share/ament_index/resource_index/parent_prefix_path/robot_master
[0.244s] -- Up-to-date: /ROS_ws/install/robot_master/share/robot_master/environment/ament_prefix_path.sh
[0.244s] -- Up-to-date: /ROS_ws/install/robot_master/share/robot_master/environment/ament_prefix_path.dsv
[0.244s] -- Up-to-date: /ROS_ws/install/robot_master/share/robot_master/environment/path.sh
[0.244s] -- Up-to-date: /ROS_ws/install/robot_master/share/robot_master/environment/path.dsv
[0.244s] -- Up-to-date: /ROS_ws/install/robot_master/share/robot_master/local_setup.bash
[0.244s] -- Up-to-date: /ROS_ws/install/robot_master/share/robot_master/local_setup.sh
[0.244s] -- Up-to-date: /ROS_ws/install/robot_master/share/robot_master/local_setup.zsh
[0.244s] -- Up-to-date: /ROS_ws/install/robot_master/share/robot_master/local_setup.dsv
[0.244s] -- Up-to-date: /ROS_ws/install/robot_master/share/robot_master/package.dsv
[0.244s] -- Up-to-date: /ROS_ws/install/robot_master/share/ament_index/resource_index/packages/robot_master
[0.244s] -- Up-to-date: /ROS_ws/install/robot_master/share/robot_master/cmake/robot_masterConfig.cmake
[0.244s] -- Up-to-date: /ROS_ws/install/robot_master/share/robot_master/cmake/robot_masterConfig-version.cmake
[0.244s] -- Up-to-date: /ROS_ws/install/robot_master/share/robot_master/package.xml
[0.250s] Invoked command in '/ROS_ws/build/robot_master' returned '0': CMAKE_PREFIX_PATH=${CMAKE_PREFIX_PATH}:/opt/ros/humble /usr/bin/cmake --install /ROS_ws/build/robot_master
