[0.010s] Invoking command in '/ROS_ws/build/pc_robot_controller': CMAKE_PREFIX_PATH=${CMAKE_PREFIX_PATH}:/opt/ros/humble /usr/bin/cmake --build /ROS_ws/build/pc_robot_controller -- -j12 -l12
[0.038s] [35m[1mConsolidate compiler generated dependencies of target controller[0m
[0.053s] [ 50%] [32mBuilding CXX object CMakeFiles/controller.dir/src/controller.cpp.o[0m
[1.407s] [01m[K/ROS_ws/src/pc_robot_controller/src/controller.cpp:[m[K In member function ‘[01m[Kvoid Controller::ui_main()[m[K’:
[1.407s] [01m[K/ROS_ws/src/pc_robot_controller/src/controller.cpp:52:43:[m[K [01;35m[Kwarning: [m[Knarrowing conversion of ‘[01m[K(screenWidth / 2)[m[K’ from ‘[01m[Kint[m[K’ to ‘[01m[Kfloat[m[K’ [[01;35m[K-Wnarrowing[m[K]
[1.407s]    52 | robot.origin = Vector2{[01;35m[KscreenWidth/2[m[K, screenHeight/2};
[1.407s]       |                        [01;35m[K~~~~~~~~~~~^~[m[K
[1.407s] 
[1.407s] [01m[K/ROS_ws/src/pc_robot_controller/src/controller.cpp:52:59:[m[K [01;35m[Kwarning: [m[Knarrowing conversion of ‘[01m[K(screenHeight / 2)[m[K’ from ‘[01m[Kint[m[K’ to ‘[01m[Kfloat[m[K’ [[01;35m[K-Wnarrowing[m[K]
[1.407s]    52 | gin = Vector2{screenWidth/2, [01;35m[KscreenHeight/2[m[K};
[1.407s]       |                              [01;35m[K~~~~~~~~~~~~^~[m[K
[1.407s] 
[1.407s] [01m[K/ROS_ws/src/pc_robot_controller/src/controller.cpp:73:60:[m[K [01;35m[Kwarning: [m[Knarrowing conversion of ‘[01m[K(screenWidth - 210)[m[K’ from ‘[01m[Kint[m[K’ to ‘[01m[Kfloat[m[K’ [[01;35m[K-Wnarrowing[m[K]
[1.407s]    73 | ("daiza_clamp mech", {[01;35m[KscreenWidth -210[m[K, 270}, 20);
[1.407s]       |                       [01;35m[K~~~~~~~~~~~~^~~~[m[K
[1.407s] 
[1.407s] [01m[K/ROS_ws/src/pc_robot_controller/src/controller.cpp:74:48:[m[K [01;35m[Kwarning: [m[Knarrowing conversion of ‘[01m[K(screenWidth - 200)[m[K’ from ‘[01m[Kint[m[K’ to ‘[01m[Kfloat[m[K’ [[01;35m[K-Wnarrowing[m[K]
[1.408s]    74 | e_button daiza_cyl12({[01;35m[KscreenWidth -200[m[K, 300}, 130, 70, GRAY, PINK);
[1.408s]       |                       [01;35m[K~~~~~~~~~~~~^~~~[m[K
[1.408s] 
[1.408s] [01m[K/ROS_ws/src/pc_robot_controller/src/controller.cpp:75:47:[m[K [01;35m[Kwarning: [m[Knarrowing conversion of ‘[01m[K(screenWidth - 200)[m[K’ from ‘[01m[Kint[m[K’ to ‘[01m[Kfloat[m[K’ [[01;35m[K-Wnarrowing[m[K]
[1.408s]    75 | le_button daiza_cyl3({[01;35m[KscreenWidth -200[m[K, 400}, 130, 70, GRAY, PINK);
[1.408s]       |                       [01;35m[K~~~~~~~~~~~~^~~~[m[K
[1.408s] 
[1.408s] [01m[K/ROS_ws/src/pc_robot_controller/src/controller.cpp:76:47:[m[K [01;35m[Kwarning: [m[Knarrowing conversion of ‘[01m[K(screenWidth - 200)[m[K’ from ‘[01m[Kint[m[K’ to ‘[01m[Kfloat[m[K’ [[01;35m[K-Wnarrowing[m[K]
[1.408s]    76 | le_button daiza_cyl4({[01;35m[KscreenWidth -200[m[K, 500}, 130, 70, GRAY, PINK);
[1.408s]       |                       [01;35m[K~~~~~~~~~~~~^~~~[m[K
[1.408s] 
[1.408s] [01m[K/ROS_ws/src/pc_robot_controller/src/controller.cpp:77:56:[m[K [01;35m[Kwarning: [m[Knarrowing conversion of ‘[01m[K(screenWidth - 190)[m[K’ from ‘[01m[Kint[m[K’ to ‘[01m[Kfloat[m[K’ [[01;35m[K-Wnarrowing[m[K]
[1.408s]    77 | yl12("cylinder 1,2", {[01;35m[KscreenWidth -190[m[K, 325}, 20);
[1.408s]       |                       [01;35m[K~~~~~~~~~~~~^~~~[m[K
[1.408s] 
[1.408s] [01m[K/ROS_ws/src/pc_robot_controller/src/controller.cpp:78:53:[m[K [01;35m[Kwarning: [m[Knarrowing conversion of ‘[01m[K(screenWidth - 190)[m[K’ from ‘[01m[Kint[m[K’ to ‘[01m[Kfloat[m[K’ [[01;35m[K-Wnarrowing[m[K]
[1.408s]    78 | l_cyl3("cylinder 3", {[01;35m[KscreenWidth -190[m[K, 425}, 20);
[1.408s]       |                       [01;35m[K~~~~~~~~~~~~^~~~[m[K
[1.408s] 
[1.408s] [01m[K/ROS_ws/src/pc_robot_controller/src/controller.cpp:79:53:[m[K [01;35m[Kwarning: [m[Knarrowing conversion of ‘[01m[K(screenWidth - 190)[m[K’ from ‘[01m[Kint[m[K’ to ‘[01m[Kfloat[m[K’ [[01;35m[K-Wnarrowing[m[K]
[1.408s]    79 | l_cyl4("cylinder 4", {[01;35m[KscreenWidth -190[m[K, 525}, 20);
[1.408s]       |                       [01;35m[K~~~~~~~~~~~~^~~~[m[K
[1.408s] 
[1.408s] [01m[K/ROS_ws/src/pc_robot_controller/src/controller.cpp:81:60:[m[K [01;35m[Kwarning: [m[Knarrowing conversion of ‘[01m[K(screenWidth - 210)[m[K’ from ‘[01m[Kint[m[K’ to ‘[01m[Kfloat[m[K’ [[01;35m[K-Wnarrowing[m[K]
[1.408s]    81 | "hina_dustpan mech", {[01;35m[KscreenWidth -210[m[K, 270}, 20)
[1.408s]       |                       [01;35m[K~~~~~~~~~~~~^~~~[m[K
[1.408s] 
[1.408s] [01m[K/ROS_ws/src/pc_robot_controller/src/controller.cpp:83:9:[m[K [01;31m[Kerror: [m[Kexpected ‘[01m[K,[m[K’ or ‘[01m[K;[m[K’ before ‘[01m[Kint[m[K’
[1.408s]    83 |         [01;31m[Kint[m[K count = 0;
[1.408s]       |         [01;31m[K^~~[m[K
[1.409s] [01m[K/ROS_ws/src/pc_robot_controller/src/controller.cpp:96:43:[m[K [01;35m[Kwarning: [m[Knarrowing conversion of ‘[01m[K(screenWidth - 210)[m[K’ from ‘[01m[Kint[m[K’ to ‘[01m[Kfloat[m[K’ [[01;35m[K-Wnarrowing[m[K]
[1.409s]    96 |     title_daize.move({[01;35m[KscreenWidth -210[m[K, 270});
[1.409s]       |                       [01;35m[K~~~~~~~~~~~~^~~~[m[K
[1.409s] 
[1.409s] [01m[K/ROS_ws/src/pc_robot_controller/src/controller.cpp:97:43:[m[K [01;35m[Kwarning: [m[Knarrowing conversion of ‘[01m[K(screenWidth - 200)[m[K’ from ‘[01m[Kint[m[K’ to ‘[01m[Kfloat[m[K’ [[01;35m[K-Wnarrowing[m[K]
[1.409s]    97 |     daiza_cyl12.move({[01;35m[KscreenWidth -200[m[K, 300});
[1.409s]       |                       [01;35m[K~~~~~~~~~~~~^~~~[m[K
[1.409s] 
[1.409s] [01m[K/ROS_ws/src/pc_robot_controller/src/controller.cpp:98:42:[m[K [01;35m[Kwarning: [m[Knarrowing conversion of ‘[01m[K(screenWidth - 200)[m[K’ from ‘[01m[Kint[m[K’ to ‘[01m[Kfloat[m[K’ [[01;35m[K-Wnarrowing[m[K]
[1.409s]    98 |      daiza_cyl3.move({[01;35m[KscreenWidth -200[m[K, 400});
[1.409s]       |                       [01;35m[K~~~~~~~~~~~~^~~~[m[K
[1.409s] 
[1.409s] [01m[K/ROS_ws/src/pc_robot_controller/src/controller.cpp:99:42:[m[K [01;35m[Kwarning: [m[Knarrowing conversion of ‘[01m[K(screenWidth - 200)[m[K’ from ‘[01m[Kint[m[K’ to ‘[01m[Kfloat[m[K’ [[01;35m[K-Wnarrowing[m[K]
[1.409s]    99 |      daiza_cyl4.move({[01;35m[KscreenWidth -200[m[K, 500});
[1.409s]       |                       [01;35m[K~~~~~~~~~~~~^~~~[m[K
[1.409s] 
[1.409s] [01m[K/ROS_ws/src/pc_robot_controller/src/controller.cpp:100:43:[m[K [01;35m[Kwarning: [m[Knarrowing conversion of ‘[01m[K(screenWidth - 190)[m[K’ from ‘[01m[Kint[m[K’ to ‘[01m[Kfloat[m[K’ [[01;35m[K-Wnarrowing[m[K]
[1.409s]   100 |     label_cyl12.move({[01;35m[KscreenWidth -190[m[K, 325});
[1.409s]       |                       [01;35m[K~~~~~~~~~~~~^~~~[m[K
[1.409s] 
[1.409s] [01m[K/ROS_ws/src/pc_robot_controller/src/controller.cpp:101:42:[m[K [01;35m[Kwarning: [m[Knarrowing conversion of ‘[01m[K(screenWidth - 190)[m[K’ from ‘[01m[Kint[m[K’ to ‘[01m[Kfloat[m[K’ [[01;35m[K-Wnarrowing[m[K]
[1.409s]   101 |      label_cyl3.move({[01;35m[KscreenWidth -190[m[K, 425});
[1.409s]       |                       [01;35m[K~~~~~~~~~~~~^~~~[m[K
[1.409s] 
[1.409s] [01m[K/ROS_ws/src/pc_robot_controller/src/controller.cpp:102:42:[m[K [01;35m[Kwarning: [m[Knarrowing conversion of ‘[01m[K(screenWidth - 190)[m[K’ from ‘[01m[Kint[m[K’ to ‘[01m[Kfloat[m[K’ [[01;35m[K-Wnarrowing[m[K]
[1.409s]   102 |      label_cyl4.move({[01;35m[KscreenWidth -190[m[K, 525});
[1.409s]       |                       [01;35m[K~~~~~~~~~~~~^~~~[m[K
[1.409s] 
[1.409s] [01m[K/ROS_ws/src/pc_robot_controller/src/controller.cpp:103:47:[m[K [01;35m[Kwarning: [m[Knarrowing conversion of ‘[01m[K(screenWidth / 2)[m[K’ from ‘[01m[Kint[m[K’ to ‘[01m[Kfloat[m[K’ [[01;35m[K-Wnarrowing[m[K]
[1.409s]   103 | robot.origin = Vector2{[01;35m[KscreenWidth/2[m[K, screenHeight/2};
[1.409s]       |                        [01;35m[K~~~~~~~~~~~^~[m[K
[1.409s] 
[1.409s] [01m[K/ROS_ws/src/pc_robot_controller/src/controller.cpp:103:63:[m[K [01;35m[Kwarning: [m[Knarrowing conversion of ‘[01m[K(screenHeight / 2)[m[K’ from ‘[01m[Kint[m[K’ to ‘[01m[Kfloat[m[K’ [[01;35m[K-Wnarrowing[m[K]
[1.409s]   103 | gin = Vector2{screenWidth/2, [01;35m[KscreenHeight/2[m[K};
[1.409s]       |                              [01;35m[K~~~~~~~~~~~~^~[m[K
[1.409s] 
[1.410s] [01m[K/ROS_ws/src/pc_robot_controller/src/controller.cpp:173:13:[m[K [01;31m[Kerror: [m[K‘[01m[Kcount[m[K’ was not declared in this scope; did you mean ‘[01m[Kstd::count[m[K’?
[1.410s]   173 |             [01;31m[Kcount[m[K++;
[1.410s]       |             [01;31m[K^~~~~[m[K
[1.410s]       |             [32m[Kstd::count[m[K
[1.410s] In file included from [01m[K/usr/include/c++/11/algorithm:74[m[K,
[1.410s]                  from [01m[K/opt/ros/humble/include/rclcpp/rclcpp/executor.hpp:18[m[K,
[1.410s]                  from [01m[K/opt/ros/humble/include/rclcpp/rclcpp/executors/multi_threaded_executor.hpp:25[m[K,
[1.410s]                  from [01m[K/opt/ros/humble/include/rclcpp/rclcpp/executors.hpp:21[m[K,
[1.410s]                  from [01m[K/opt/ros/humble/include/rclcpp/rclcpp/rclcpp.hpp:155[m[K,
[1.410s]                  from [01m[K/ROS_ws/src/pc_robot_controller/src/controller.cpp:1[m[K:
[1.410s] [01m[K/usr/include/c++/11/pstl/glue_algorithm_defs.h:101:1:[m[K [01;36m[Knote: [m[K‘[01m[Kstd::count[m[K’ declared here
[1.410s]   101 | [01;36m[Kcount[m[K(_ExecutionPolicy&& __exec, _ForwardIterator __first, _ForwardIterator __last, const _Tp& __value);
[1.410s]       | [01;36m[K^~~~~[m[K
[1.915s] gmake[2]: *** [CMakeFiles/controller.dir/build.make:76: CMakeFiles/controller.dir/src/controller.cpp.o] Error 1
[1.915s] gmake[1]: *** [CMakeFiles/Makefile2:137: CMakeFiles/controller.dir/all] Error 2
[1.916s] gmake: *** [Makefile:146: all] Error 2
[1.917s] Invoked command in '/ROS_ws/build/pc_robot_controller' returned '2': CMAKE_PREFIX_PATH=${CMAKE_PREFIX_PATH}:/opt/ros/humble /usr/bin/cmake --build /ROS_ws/build/pc_robot_controller -- -j12 -l12
