[0.163s] Invoking command in '/ROS_ws/build/odometry_calculator': CMAKE_PREFIX_PATH=${CMAKE_PREFIX_PATH}:/ROS_ws/install/calc_vel:/opt/ros/humble /usr/bin/cmake --build /ROS_ws/build/odometry_calculator -- -j12 -l12
[0.202s] [100%] Built target odometry_node
[0.218s] Invoked command in '/ROS_ws/build/odometry_calculator' returned '0': CMAKE_PREFIX_PATH=${CMAKE_PREFIX_PATH}:/ROS_ws/install/calc_vel:/opt/ros/humble /usr/bin/cmake --build /ROS_ws/build/odometry_calculator -- -j12 -l12
[0.248s] Invoking command in '/ROS_ws/build/odometry_calculator': CMAKE_PREFIX_PATH=${CMAKE_PREFIX_PATH}:/ROS_ws/install/calc_vel:/opt/ros/humble /usr/bin/cmake --install /ROS_ws/build/odometry_calculator
[0.257s] -- Install configuration: ""
[0.257s] -- Up-to-date: /ROS_ws/install/odometry_calculator/lib/odometry_calculator/odometry_node
[0.257s] -- Up-to-date: /ROS_ws/install/odometry_calculator/share/ament_index/resource_index/package_run_dependencies/odometry_calculator
[0.258s] -- Up-to-date: /ROS_ws/install/odometry_calculator/share/ament_index/resource_index/parent_prefix_path/odometry_calculator
[0.258s] -- Up-to-date: /ROS_ws/install/odometry_calculator/share/odometry_calculator/environment/ament_prefix_path.sh
[0.258s] -- Up-to-date: /ROS_ws/install/odometry_calculator/share/odometry_calculator/environment/ament_prefix_path.dsv
[0.258s] -- Up-to-date: /ROS_ws/install/odometry_calculator/share/odometry_calculator/environment/path.sh
[0.258s] -- Up-to-date: /ROS_ws/install/odometry_calculator/share/odometry_calculator/environment/path.dsv
[0.258s] -- Up-to-date: /ROS_ws/install/odometry_calculator/share/odometry_calculator/local_setup.bash
[0.258s] -- Up-to-date: /ROS_ws/install/odometry_calculator/share/odometry_calculator/local_setup.sh
[0.258s] -- Up-to-date: /ROS_ws/install/odometry_calculator/share/odometry_calculator/local_setup.zsh
[0.258s] -- Up-to-date: /ROS_ws/install/odometry_calculator/share/odometry_calculator/local_setup.dsv
[0.258s] -- Installing: /ROS_ws/install/odometry_calculator/share/odometry_calculator/package.dsv
[0.258s] -- Up-to-date: /ROS_ws/install/odometry_calculator/share/ament_index/resource_index/packages/odometry_calculator
[0.258s] -- Up-to-date: /ROS_ws/install/odometry_calculator/share/odometry_calculator/cmake/odometry_calculatorConfig.cmake
[0.258s] -- Up-to-date: /ROS_ws/install/odometry_calculator/share/odometry_calculator/cmake/odometry_calculatorConfig-version.cmake
[0.258s] -- Up-to-date: /ROS_ws/install/odometry_calculator/share/odometry_calculator/package.xml
[0.301s] Invoked command in '/ROS_ws/build/odometry_calculator' returned '0': CMAKE_PREFIX_PATH=${CMAKE_PREFIX_PATH}:/ROS_ws/install/calc_vel:/opt/ros/humble /usr/bin/cmake --install /ROS_ws/build/odometry_calculator
