[0.037s] Invoking command in '/ROS_ws/build/mecha_control': CMAKE_PREFIX_PATH=${CMAKE_PREFIX_PATH}:/opt/ros/humble /usr/bin/cmake --build /ROS_ws/build/mecha_control -- -j12 -l12
[0.186s] -- Found ament_cmake: 1.3.3 (/opt/ros/humble/share/ament_cmake/cmake)
[0.186s] -- Found rclcpp: 16.0.3 (/opt/ros/humble/share/rclcpp/cmake)
[0.186s] -- Found rosidl_generator_c: 3.1.4 (/opt/ros/humble/share/rosidl_generator_c/cmake)
[0.186s] -- Found rosidl_adapter: 3.1.4 (/opt/ros/humble/share/rosidl_adapter/cmake)
[0.186s] -- Found rosidl_generator_cpp: 3.1.4 (/opt/ros/humble/share/rosidl_generator_cpp/cmake)
[0.188s] -- Using all available rosidl_typesupport_c: rosidl_typesupport_fastrtps_c;rosidl_typesupport_introspection_c
[0.202s] -- Using all available rosidl_typesupport_cpp: rosidl_typesupport_fastrtps_cpp;rosidl_typesupport_introspection_cpp
[0.263s] -- Found rmw_implementation_cmake: 6.1.1 (/opt/ros/humble/share/rmw_implementation_cmake/cmake)
[0.264s] -- Found rmw_fastrtps_cpp: 6.2.2 (/opt/ros/humble/share/rmw_fastrtps_cpp/cmake)
[0.369s] -- Using RMW implementation 'rmw_fastrtps_cpp' as default
[0.488s] -- Found rclpy: 3.3.7 (/opt/ros/humble/share/rclpy/cmake)
[0.488s] -- Found geometry_msgs: 4.2.3 (/opt/ros/humble/share/geometry_msgs/cmake)
[0.525s] -- Found rosidl_default_generators: 1.2.0 (/opt/ros/humble/share/rosidl_default_generators/cmake)
[0.708s] -- Found ament_cmake_ros: 0.10.0 (/opt/ros/humble/share/ament_cmake_ros/cmake)
[0.896s] -- Using all available rosidl_typesupport_c: rosidl_typesupport_fastrtps_c;rosidl_typesupport_introspection_c
[0.970s] -- Using all available rosidl_typesupport_cpp: rosidl_typesupport_fastrtps_cpp;rosidl_typesupport_introspection_cpp
[0.984s] -- Found python_cmake_module: 0.10.0 (/opt/ros/humble/share/python_cmake_module/cmake)
[0.998s] -- Using PYTHON_EXECUTABLE: /usr/bin/python3
[0.998s] -- Using PYTHON_INCLUDE_DIRS: /usr/include/python3.10
[0.998s] -- Using PYTHON_LIBRARIES: /usr/lib/x86_64-linux-gnu/libpython3.10.so
[1.006s] -- Found mecha_control: 0.0.0 (/ROS_ws/install/mecha_control/share/mecha_control/cmake)
[1.018s] -- Found std_srvs: 4.2.3 (/opt/ros/humble/share/std_srvs/cmake)
[1.045s] -- Found ament_lint_auto: 0.12.5 (/opt/ros/humble/share/ament_lint_auto/cmake)
[1.051s] -- Added test 'cppcheck' to perform static code analysis on C / C++ code
[1.051s] -- Configured cppcheck include dirs: 
[1.051s] -- Configured cppcheck exclude dirs and/or files: 
[1.051s] -- Added test 'flake8' to check Python code syntax and style conventions
[1.052s] -- Added test 'lint_cmake' to check CMake code style
[1.052s] -- Added test 'pep257' to check Python code against some of the docstring style conventions in PEP 257
[1.054s] -- Added test 'uncrustify' to check C / C++ code style
[1.054s] -- Configured uncrustify additional arguments: 
[1.054s] -- Added test 'xmllint' to check XML markup files
[1.055s] -- Configuring done
[1.075s] [33mCMake Warning at CMakeLists.txt:33 (add_executable):
[1.075s]   Cannot generate a safe runtime search path for target cmd_seq because there
[1.075s]   is a cycle in the constraint graph:
[1.075s] 
[1.075s]     dir 0 is [/opt/ros/humble/lib]
[1.075s]     dir 1 is [/ROS_ws/install/mecha_control/lib]
[1.075s]       dir 2 must precede it due to runtime library [libmecha_control__rosidl_typesupport_introspection_c.so]
[1.075s]     dir 2 is [/ROS_ws/build/mecha_control]
[1.075s]       dir 1 must precede it due to runtime library [libmecha_control__rosidl_typesupport_fastrtps_c.so]
[1.075s] 
[1.076s]   Some of these libraries may not be found correctly.
[1.076s] 
[1.076s] [0m
[1.078s] -- Generating done
[1.080s] -- Build files have been written to: /ROS_ws/build/mecha_control
[1.096s] [35m[1mConsolidate compiler generated dependencies of target mecha_control__rosidl_generator_c[0m
[1.102s] [  1%] Built target mecha_control__cpp
[1.104s] [ 12%] Built target mecha_control__rosidl_generator_c
[1.108s] [ 12%] Built target ament_cmake_python_copy_mecha_control
[1.109s] [35m[1mConsolidate compiler generated dependencies of target mecha_control__rosidl_typesupport_cpp[0m
[1.109s] [35m[1mConsolidate compiler generated dependencies of target mecha_control__rosidl_typesupport_introspection_cpp[0m
[1.110s] [35m[1mConsolidate compiler generated dependencies of target mecha_control__rosidl_typesupport_fastrtps_cpp[0m
[1.112s] [35m[1mConsolidate compiler generated dependencies of target mecha_control__rosidl_typesupport_introspection_c[0m
[1.112s] [35m[1mConsolidate compiler generated dependencies of target mecha_control__rosidl_typesupport_c[0m
[1.113s] [35m[1mConsolidate compiler generated dependencies of target mecha_control__rosidl_typesupport_fastrtps_c[0m
[1.119s] [ 32%] Built target mecha_control__rosidl_typesupport_introspection_cpp
[1.119s] [ 34%] Built target mecha_control__rosidl_typesupport_cpp
[1.122s] [ 56%] Built target mecha_control__rosidl_typesupport_introspection_c
[1.122s] [ 56%] Built target mecha_control__rosidl_typesupport_c
[1.122s] [ 67%] Built target mecha_control__rosidl_typesupport_fastrtps_cpp
[1.124s] [ 78%] Built target mecha_control__rosidl_typesupport_fastrtps_c
[1.127s] [35m[1mConsolidate compiler generated dependencies of target cmd_seq[0m
[1.136s] [ 78%] Built target mecha_control
[1.137s] [ 79%] [32mBuilding CXX object CMakeFiles/cmd_seq.dir/src/cmd_seq.cpp.o[0m
[1.147s] [ 80%] Built target mecha_control__py
[1.154s] [35m[1mConsolidate compiler generated dependencies of target mecha_control__rosidl_generator_py[0m
[1.164s] [ 90%] Built target mecha_control__rosidl_generator_py
[1.170s] [35m[1mConsolidate compiler generated dependencies of target mecha_control__rosidl_typesupport_introspection_c__pyext[0m
[1.170s] [35m[1mConsolidate compiler generated dependencies of target mecha_control__rosidl_typesupport_fastrtps_c__pyext[0m
[1.170s] [35m[1mConsolidate compiler generated dependencies of target mecha_control__rosidl_typesupport_c__pyext[0m
[1.177s] [ 97%] Built target mecha_control__rosidl_typesupport_introspection_c__pyext
[1.178s] [ 97%] Built target mecha_control__rosidl_typesupport_c__pyext
[1.178s] [ 98%] Built target mecha_control__rosidl_typesupport_fastrtps_c__pyext
[1.275s] running egg_info
[1.276s] writing mecha_control.egg-info/PKG-INFO
[1.276s] writing dependency_links to mecha_control.egg-info/dependency_links.txt
[1.276s] writing top-level names to mecha_control.egg-info/top_level.txt
[1.278s] reading manifest file 'mecha_control.egg-info/SOURCES.txt'
[1.278s] writing manifest file 'mecha_control.egg-info/SOURCES.txt'
[1.294s] [ 98%] Built target ament_cmake_python_build_mecha_control_egg
[2.424s] [01m[K/ROS_ws/src/mecha_control/src/cmd_seq.cpp:[m[K In constructor ‘[01m[Kmech_seq_node::mech_seq_node()[m[K’:
[2.424s] [01m[K/ROS_ws/src/mecha_control/src/cmd_seq.cpp:18:5:[m[K [01;31m[Kerror: [m[Kexpected ‘[01m[K;[m[K’ before ‘[01m[K}[m[K’ token
[2.424s]    18 |     [01;31m[K}[m[K
[2.424s]       |     [01;31m[K^[m[K
[2.863s] gmake[2]: *** [CMakeFiles/cmd_seq.dir/build.make:76: CMakeFiles/cmd_seq.dir/src/cmd_seq.cpp.o] Error 1
[2.863s] gmake[1]: *** [CMakeFiles/Makefile2:595: CMakeFiles/cmd_seq.dir/all] Error 2
[2.863s] gmake: *** [Makefile:146: all] Error 2
[2.864s] Invoked command in '/ROS_ws/build/mecha_control' returned '2': CMAKE_PREFIX_PATH=${CMAKE_PREFIX_PATH}:/opt/ros/humble /usr/bin/cmake --build /ROS_ws/build/mecha_control -- -j12 -l12
