-- Found ament_cmake: 1.3.3 (/opt/ros/humble/share/ament_cmake/cmake)
-- Found rclcpp: 16.0.3 (/opt/ros/humble/share/rclcpp/cmake)
-- Found rosidl_generator_c: 3.1.4 (/opt/ros/humble/share/rosidl_generator_c/cmake)
-- Found rosidl_adapter: 3.1.4 (/opt/ros/humble/share/rosidl_adapter/cmake)
-- Found rosidl_generator_cpp: 3.1.4 (/opt/ros/humble/share/rosidl_generator_cpp/cmake)
-- Using all available rosidl_typesupport_c: rosidl_typesupport_fastrtps_c;rosidl_typesupport_introspection_c
-- Using all available rosidl_typesupport_cpp: rosidl_typesupport_fastrtps_cpp;rosidl_typesupport_introspection_cpp
-- Found rmw_implementation_cmake: 6.1.1 (/opt/ros/humble/share/rmw_implementation_cmake/cmake)
-- Found rmw_fastrtps_cpp: 6.2.2 (/opt/ros/humble/share/rmw_fastrtps_cpp/cmake)
-- Using RMW implementation 'rmw_fastrtps_cpp' as default
-- Found rclpy: 3.3.7 (/opt/ros/humble/share/rclpy/cmake)
-- Found nav_msgs: 4.2.3 (/opt/ros/humble/share/nav_msgs/cmake)
-- Found mecha_control: 0.0.0 (/ROS_ws/install/mecha_control/share/mecha_control/cmake)
-- Found robot_master: 0.0.0 (/ROS_ws/install/robot_master/share/robot_master/cmake)
-- Found rosidl_default_generators: 1.2.0 (/opt/ros/humble/share/rosidl_default_generators/cmake)
-- Found ament_cmake_ros: 0.10.0 (/opt/ros/humble/share/ament_cmake_ros/cmake)
-- Using all available rosidl_typesupport_c: rosidl_typesupport_fastrtps_c;rosidl_typesupport_introspection_c
-- Using all available rosidl_typesupport_cpp: rosidl_typesupport_fastrtps_cpp;rosidl_typesupport_introspection_cpp
-- Found python_cmake_module: 0.10.0 (/opt/ros/humble/share/python_cmake_module/cmake)
-- Using PYTHON_EXECUTABLE: /usr/bin/python3
-- Using PYTHON_INCLUDE_DIRS: /usr/include/python3.10
-- Using PYTHON_LIBRARIES: /usr/lib/x86_64-linux-gnu/libpython3.10.so
-- Found ament_lint_auto: 0.12.5 (/opt/ros/humble/share/ament_lint_auto/cmake)
-- Added test 'cppcheck' to perform static code analysis on C / C++ code
-- Configured cppcheck include dirs: 
-- Configured cppcheck exclude dirs and/or files: 
-- Added test 'flake8' to check Python code syntax and style conventions
-- Added test 'lint_cmake' to check CMake code style
-- Added test 'pep257' to check Python code against some of the docstring style conventions in PEP 257
-- Added test 'uncrustify' to check C / C++ code style
-- Configured uncrustify additional arguments: 
-- Added test 'xmllint' to check XML markup files
-- Configuring done
-- Generating done
-- Build files have been written to: /ROS_ws/build/pure_pursuit
[35m[1mConsolidate compiler generated dependencies of target pure_pursuit__rosidl_generator_c[0m
[  2%] Built target pure_pursuit__cpp
[ 12%] Built target pure_pursuit__rosidl_generator_c
[ 12%] Built target ament_cmake_python_copy_pure_pursuit
[35m[1mConsolidate compiler generated dependencies of target pure_pursuit__rosidl_typesupport_cpp[0m
[35m[1mConsolidate compiler generated dependencies of target pure_pursuit__rosidl_typesupport_fastrtps_cpp[0m
[35m[1mConsolidate compiler generated dependencies of target pure_pursuit__rosidl_typesupport_introspection_cpp[0m
[35m[1mConsolidate compiler generated dependencies of target pure_pursuit__rosidl_typesupport_c[0m
[35m[1mConsolidate compiler generated dependencies of target pure_pursuit__rosidl_typesupport_fastrtps_c[0m
[35m[1mConsolidate compiler generated dependencies of target pure_pursuit__rosidl_typesupport_introspection_c[0m
[ 23%] Built target pure_pursuit__rosidl_typesupport_c
[ 34%] Built target pure_pursuit__rosidl_typesupport_cpp
[ 44%] Built target pure_pursuit__rosidl_typesupport_introspection_c
[ 55%] Built target pure_pursuit__rosidl_typesupport_fastrtps_cpp
[ 65%] Built target pure_pursuit__rosidl_typesupport_fastrtps_c
[ 76%] Built target pure_pursuit__rosidl_typesupport_introspection_cpp
[ 76%] Built target pure_pursuit
[ 78%] Built target pure_pursuit__py
[35m[1mConsolidate compiler generated dependencies of target pure_pursuit__rosidl_generator_py[0m
[ 87%] Built target pure_pursuit__rosidl_generator_py
[35m[1mConsolidate compiler generated dependencies of target pure_pursuit__rosidl_typesupport_fastrtps_c__pyext[0m
[35m[1mConsolidate compiler generated dependencies of target pure_pursuit__rosidl_typesupport_c__pyext[0m
[35m[1mConsolidate compiler generated dependencies of target pure_pursuit__rosidl_typesupport_introspection_c__pyext[0m
[100%] Built target pure_pursuit__rosidl_typesupport_c__pyext
[100%] Built target pure_pursuit__rosidl_typesupport_fastrtps_c__pyext
[100%] Built target pure_pursuit__rosidl_typesupport_introspection_c__pyext
running egg_info
writing pure_pursuit.egg-info/PKG-INFO
writing dependency_links to pure_pursuit.egg-info/dependency_links.txt
writing top-level names to pure_pursuit.egg-info/top_level.txt
reading manifest file 'pure_pursuit.egg-info/SOURCES.txt'
writing manifest file 'pure_pursuit.egg-info/SOURCES.txt'
[100%] Built target ament_cmake_python_build_pure_pursuit_egg
-- Install configuration: ""
-- Up-to-date: /ROS_ws/install/pure_pursuit/share/ament_index/resource_index/rosidl_interfaces/pure_pursuit
-- Up-to-date: /ROS_ws/install/pure_pursuit/include/pure_pursuit/pure_pursuit
-- Up-to-date: /ROS_ws/install/pure_pursuit/include/pure_pursuit/pure_pursuit/action
-- Up-to-date: /ROS_ws/install/pure_pursuit/include/pure_pursuit/pure_pursuit/action/detail
-- Up-to-date: /ROS_ws/install/pure_pursuit/include/pure_pursuit/pure_pursuit/action/detail/path_and_feedback__struct.h
-- Up-to-date: /ROS_ws/install/pure_pursuit/include/pure_pursuit/pure_pursuit/action/detail/path_and_feedback__functions.c
-- Up-to-date: /ROS_ws/install/pure_pursuit/include/pure_pursuit/pure_pursuit/action/detail/path_and_feedback__functions.h
-- Up-to-date: /ROS_ws/install/pure_pursuit/include/pure_pursuit/pure_pursuit/action/detail/path_and_feedback__type_support.h
-- Up-to-date: /ROS_ws/install/pure_pursuit/include/pure_pursuit/pure_pursuit/action/path_and_feedback.h
-- Up-to-date: /ROS_ws/install/pure_pursuit/include/pure_pursuit/pure_pursuit/msg
-- Up-to-date: /ROS_ws/install/pure_pursuit/include/pure_pursuit/pure_pursuit/msg/rosidl_generator_c__visibility_control.h
-- Up-to-date: /ROS_ws/install/pure_pursuit/include/pure_pursuit/pure_pursuit/msg/detail
-- Up-to-date: /ROS_ws/install/pure_pursuit/include/pure_pursuit/pure_pursuit/msg/detail/point_and_angle__type_support.h
-- Up-to-date: /ROS_ws/install/pure_pursuit/include/pure_pursuit/pure_pursuit/msg/detail/path2_d_with_angles__functions.c
-- Up-to-date: /ROS_ws/install/pure_pursuit/include/pure_pursuit/pure_pursuit/msg/detail/point_and_angle__functions.h
-- Up-to-date: /ROS_ws/install/pure_pursuit/include/pure_pursuit/pure_pursuit/msg/detail/path2_d_with_angles__functions.h
-- Up-to-date: /ROS_ws/install/pure_pursuit/include/pure_pursuit/pure_pursuit/msg/detail/path2_d_with_angles__struct.h
-- Up-to-date: /ROS_ws/install/pure_pursuit/include/pure_pursuit/pure_pursuit/msg/detail/path2_d_with_angles__type_support.h
-- Up-to-date: /ROS_ws/install/pure_pursuit/include/pure_pursuit/pure_pursuit/msg/detail/point_and_angle__functions.c
-- Up-to-date: /ROS_ws/install/pure_pursuit/include/pure_pursuit/pure_pursuit/msg/detail/point_and_angle__struct.h
-- Up-to-date: /ROS_ws/install/pure_pursuit/include/pure_pursuit/pure_pursuit/msg/point_and_angle.h
-- Up-to-date: /ROS_ws/install/pure_pursuit/include/pure_pursuit/pure_pursuit/msg/path2_d_with_angles.h
-- Up-to-date: /ROS_ws/install/pure_pursuit/share/pure_pursuit/environment/library_path.sh
-- Installing: /ROS_ws/install/pure_pursuit/share/pure_pursuit/environment/library_path.dsv
-- Up-to-date: /ROS_ws/install/pure_pursuit/lib/libpure_pursuit__rosidl_generator_c.so
-- Up-to-date: /ROS_ws/install/pure_pursuit/include/pure_pursuit/pure_pursuit
-- Up-to-date: /ROS_ws/install/pure_pursuit/include/pure_pursuit/pure_pursuit/action
-- Up-to-date: /ROS_ws/install/pure_pursuit/include/pure_pursuit/pure_pursuit/action/detail
-- Up-to-date: /ROS_ws/install/pure_pursuit/include/pure_pursuit/pure_pursuit/action/detail/path_and_feedback__rosidl_typesupport_fastrtps_c.h
-- Up-to-date: /ROS_ws/install/pure_pursuit/include/pure_pursuit/pure_pursuit/msg
-- Up-to-date: /ROS_ws/install/pure_pursuit/include/pure_pursuit/pure_pursuit/msg/detail
-- Up-to-date: /ROS_ws/install/pure_pursuit/include/pure_pursuit/pure_pursuit/msg/detail/path2_d_with_angles__rosidl_typesupport_fastrtps_c.h
-- Up-to-date: /ROS_ws/install/pure_pursuit/include/pure_pursuit/pure_pursuit/msg/detail/point_and_angle__rosidl_typesupport_fastrtps_c.h
-- Up-to-date: /ROS_ws/install/pure_pursuit/include/pure_pursuit/pure_pursuit/msg/rosidl_typesupport_fastrtps_c__visibility_control.h
-- Up-to-date: /ROS_ws/install/pure_pursuit/lib/libpure_pursuit__rosidl_typesupport_fastrtps_c.so
-- Up-to-date: /ROS_ws/install/pure_pursuit/include/pure_pursuit/pure_pursuit
-- Up-to-date: /ROS_ws/install/pure_pursuit/include/pure_pursuit/pure_pursuit/action
-- Up-to-date: /ROS_ws/install/pure_pursuit/include/pure_pursuit/pure_pursuit/action/detail
-- Up-to-date: /ROS_ws/install/pure_pursuit/include/pure_pursuit/pure_pursuit/action/detail/path_and_feedback__traits.hpp
-- Up-to-date: /ROS_ws/install/pure_pursuit/include/pure_pursuit/pure_pursuit/action/detail/path_and_feedback__builder.hpp
-- Up-to-date: /ROS_ws/install/pure_pursuit/include/pure_pursuit/pure_pursuit/action/detail/path_and_feedback__struct.hpp
-- Up-to-date: /ROS_ws/install/pure_pursuit/include/pure_pursuit/pure_pursuit/action/path_and_feedback.hpp
-- Up-to-date: /ROS_ws/install/pure_pursuit/include/pure_pursuit/pure_pursuit/msg
-- Up-to-date: /ROS_ws/install/pure_pursuit/include/pure_pursuit/pure_pursuit/msg/path2_d_with_angles.hpp
-- Up-to-date: /ROS_ws/install/pure_pursuit/include/pure_pursuit/pure_pursuit/msg/detail
-- Up-to-date: /ROS_ws/install/pure_pursuit/include/pure_pursuit/pure_pursuit/msg/detail/point_and_angle__struct.hpp
-- Up-to-date: /ROS_ws/install/pure_pursuit/include/pure_pursuit/pure_pursuit/msg/detail/point_and_angle__builder.hpp
-- Up-to-date: /ROS_ws/install/pure_pursuit/include/pure_pursuit/pure_pursuit/msg/detail/path2_d_with_angles__struct.hpp
-- Up-to-date: /ROS_ws/install/pure_pursuit/include/pure_pursuit/pure_pursuit/msg/detail/point_and_angle__traits.hpp
-- Up-to-date: /ROS_ws/install/pure_pursuit/include/pure_pursuit/pure_pursuit/msg/detail/path2_d_with_angles__builder.hpp
-- Up-to-date: /ROS_ws/install/pure_pursuit/include/pure_pursuit/pure_pursuit/msg/detail/path2_d_with_angles__traits.hpp
-- Up-to-date: /ROS_ws/install/pure_pursuit/include/pure_pursuit/pure_pursuit/msg/point_and_angle.hpp
-- Up-to-date: /ROS_ws/install/pure_pursuit/include/pure_pursuit/pure_pursuit
-- Up-to-date: /ROS_ws/install/pure_pursuit/include/pure_pursuit/pure_pursuit/action
-- Up-to-date: /ROS_ws/install/pure_pursuit/include/pure_pursuit/pure_pursuit/action/detail
-- Up-to-date: /ROS_ws/install/pure_pursuit/include/pure_pursuit/pure_pursuit/action/detail/dds_fastrtps
-- Up-to-date: /ROS_ws/install/pure_pursuit/include/pure_pursuit/pure_pursuit/action/detail/path_and_feedback__rosidl_typesupport_fastrtps_cpp.hpp
-- Up-to-date: /ROS_ws/install/pure_pursuit/include/pure_pursuit/pure_pursuit/msg
-- Up-to-date: /ROS_ws/install/pure_pursuit/include/pure_pursuit/pure_pursuit/msg/rosidl_typesupport_fastrtps_cpp__visibility_control.h
-- Up-to-date: /ROS_ws/install/pure_pursuit/include/pure_pursuit/pure_pursuit/msg/detail
-- Up-to-date: /ROS_ws/install/pure_pursuit/include/pure_pursuit/pure_pursuit/msg/detail/dds_fastrtps
-- Up-to-date: /ROS_ws/install/pure_pursuit/include/pure_pursuit/pure_pursuit/msg/detail/point_and_angle__rosidl_typesupport_fastrtps_cpp.hpp
-- Up-to-date: /ROS_ws/install/pure_pursuit/include/pure_pursuit/pure_pursuit/msg/detail/path2_d_with_angles__rosidl_typesupport_fastrtps_cpp.hpp
-- Up-to-date: /ROS_ws/install/pure_pursuit/lib/libpure_pursuit__rosidl_typesupport_fastrtps_cpp.so
-- Up-to-date: /ROS_ws/install/pure_pursuit/include/pure_pursuit/pure_pursuit
-- Up-to-date: /ROS_ws/install/pure_pursuit/include/pure_pursuit/pure_pursuit/action
-- Up-to-date: /ROS_ws/install/pure_pursuit/include/pure_pursuit/pure_pursuit/action/detail
-- Up-to-date: /ROS_ws/install/pure_pursuit/include/pure_pursuit/pure_pursuit/action/detail/path_and_feedback__rosidl_typesupport_introspection_c.h
-- Up-to-date: /ROS_ws/install/pure_pursuit/include/pure_pursuit/pure_pursuit/action/detail/path_and_feedback__type_support.c
-- Up-to-date: /ROS_ws/install/pure_pursuit/include/pure_pursuit/pure_pursuit/msg
-- Up-to-date: /ROS_ws/install/pure_pursuit/include/pure_pursuit/pure_pursuit/msg/detail
-- Up-to-date: /ROS_ws/install/pure_pursuit/include/pure_pursuit/pure_pursuit/msg/detail/path2_d_with_angles__rosidl_typesupport_introspection_c.h
-- Up-to-date: /ROS_ws/install/pure_pursuit/include/pure_pursuit/pure_pursuit/msg/detail/path2_d_with_angles__type_support.c
-- Up-to-date: /ROS_ws/install/pure_pursuit/include/pure_pursuit/pure_pursuit/msg/detail/point_and_angle__type_support.c
-- Up-to-date: /ROS_ws/install/pure_pursuit/include/pure_pursuit/pure_pursuit/msg/detail/point_and_angle__rosidl_typesupport_introspection_c.h
-- Up-to-date: /ROS_ws/install/pure_pursuit/include/pure_pursuit/pure_pursuit/msg/rosidl_typesupport_introspection_c__visibility_control.h
-- Up-to-date: /ROS_ws/install/pure_pursuit/lib/libpure_pursuit__rosidl_typesupport_introspection_c.so
-- Up-to-date: /ROS_ws/install/pure_pursuit/lib/libpure_pursuit__rosidl_typesupport_c.so
-- Up-to-date: /ROS_ws/install/pure_pursuit/include/pure_pursuit/pure_pursuit
-- Up-to-date: /ROS_ws/install/pure_pursuit/include/pure_pursuit/pure_pursuit/action
-- Up-to-date: /ROS_ws/install/pure_pursuit/include/pure_pursuit/pure_pursuit/action/detail
-- Up-to-date: /ROS_ws/install/pure_pursuit/include/pure_pursuit/pure_pursuit/action/detail/path_and_feedback__rosidl_typesupport_introspection_cpp.hpp
-- Up-to-date: /ROS_ws/install/pure_pursuit/include/pure_pursuit/pure_pursuit/action/detail/path_and_feedback__type_support.cpp
-- Up-to-date: /ROS_ws/install/pure_pursuit/include/pure_pursuit/pure_pursuit/msg
-- Up-to-date: /ROS_ws/install/pure_pursuit/include/pure_pursuit/pure_pursuit/msg/detail
-- Up-to-date: /ROS_ws/install/pure_pursuit/include/pure_pursuit/pure_pursuit/msg/detail/point_and_angle__type_support.cpp
-- Up-to-date: /ROS_ws/install/pure_pursuit/include/pure_pursuit/pure_pursuit/msg/detail/path2_d_with_angles__rosidl_typesupport_introspection_cpp.hpp
-- Up-to-date: /ROS_ws/install/pure_pursuit/include/pure_pursuit/pure_pursuit/msg/detail/point_and_angle__rosidl_typesupport_introspection_cpp.hpp
-- Up-to-date: /ROS_ws/install/pure_pursuit/include/pure_pursuit/pure_pursuit/msg/detail/path2_d_with_angles__type_support.cpp
-- Up-to-date: /ROS_ws/install/pure_pursuit/lib/libpure_pursuit__rosidl_typesupport_introspection_cpp.so
-- Up-to-date: /ROS_ws/install/pure_pursuit/lib/libpure_pursuit__rosidl_typesupport_cpp.so
-- Up-to-date: /ROS_ws/install/pure_pursuit/share/pure_pursuit/environment/pythonpath.sh
-- Installing: /ROS_ws/install/pure_pursuit/share/pure_pursuit/environment/pythonpath.dsv
-- Up-to-date: /ROS_ws/install/pure_pursuit/local/lib/python3.10/dist-packages/pure_pursuit-0.0.0-py3.10.egg-info
-- Installing: /ROS_ws/install/pure_pursuit/local/lib/python3.10/dist-packages/pure_pursuit-0.0.0-py3.10.egg-info/SOURCES.txt
-- Installing: /ROS_ws/install/pure_pursuit/local/lib/python3.10/dist-packages/pure_pursuit-0.0.0-py3.10.egg-info/dependency_links.txt
-- Installing: /ROS_ws/install/pure_pursuit/local/lib/python3.10/dist-packages/pure_pursuit-0.0.0-py3.10.egg-info/PKG-INFO
-- Installing: /ROS_ws/install/pure_pursuit/local/lib/python3.10/dist-packages/pure_pursuit-0.0.0-py3.10.egg-info/top_level.txt
-- Up-to-date: /ROS_ws/install/pure_pursuit/local/lib/python3.10/dist-packages/pure_pursuit
-- Up-to-date: /ROS_ws/install/pure_pursuit/local/lib/python3.10/dist-packages/pure_pursuit/_pure_pursuit_s.ep.rosidl_typesupport_introspection_c.c
-- Up-to-date: /ROS_ws/install/pure_pursuit/local/lib/python3.10/dist-packages/pure_pursuit/_pure_pursuit_s.ep.rosidl_typesupport_fastrtps_c.c
-- Up-to-date: /ROS_ws/install/pure_pursuit/local/lib/python3.10/dist-packages/pure_pursuit/action
-- Up-to-date: /ROS_ws/install/pure_pursuit/local/lib/python3.10/dist-packages/pure_pursuit/action/_path_and_feedback.py
-- Up-to-date: /ROS_ws/install/pure_pursuit/local/lib/python3.10/dist-packages/pure_pursuit/action/__init__.py
-- Up-to-date: /ROS_ws/install/pure_pursuit/local/lib/python3.10/dist-packages/pure_pursuit/action/_path_and_feedback_s.c
-- Installing: /ROS_ws/install/pure_pursuit/local/lib/python3.10/dist-packages/pure_pursuit/__init__.py
-- Up-to-date: /ROS_ws/install/pure_pursuit/local/lib/python3.10/dist-packages/pure_pursuit/pure_pursuit_s__rosidl_typesupport_introspection_c.cpython-310-x86_64-linux-gnu.so
-- Up-to-date: /ROS_ws/install/pure_pursuit/local/lib/python3.10/dist-packages/pure_pursuit/msg
-- Up-to-date: /ROS_ws/install/pure_pursuit/local/lib/python3.10/dist-packages/pure_pursuit/msg/_point_and_angle_s.c
-- Up-to-date: /ROS_ws/install/pure_pursuit/local/lib/python3.10/dist-packages/pure_pursuit/msg/_point_and_angle.py
-- Up-to-date: /ROS_ws/install/pure_pursuit/local/lib/python3.10/dist-packages/pure_pursuit/msg/__init__.py
-- Up-to-date: /ROS_ws/install/pure_pursuit/local/lib/python3.10/dist-packages/pure_pursuit/msg/_path2_d_with_angles_s.c
-- Up-to-date: /ROS_ws/install/pure_pursuit/local/lib/python3.10/dist-packages/pure_pursuit/msg/_path2_d_with_angles.py
-- Up-to-date: /ROS_ws/install/pure_pursuit/local/lib/python3.10/dist-packages/pure_pursuit/libpure_pursuit__rosidl_generator_py.so
-- Up-to-date: /ROS_ws/install/pure_pursuit/local/lib/python3.10/dist-packages/pure_pursuit/pure_pursuit_s__rosidl_typesupport_c.cpython-310-x86_64-linux-gnu.so
-- Up-to-date: /ROS_ws/install/pure_pursuit/local/lib/python3.10/dist-packages/pure_pursuit/pure_pursuit_s__rosidl_typesupport_fastrtps_c.cpython-310-x86_64-linux-gnu.so
-- Up-to-date: /ROS_ws/install/pure_pursuit/local/lib/python3.10/dist-packages/pure_pursuit/_pure_pursuit_s.ep.rosidl_typesupport_c.c
Listing '/ROS_ws/install/pure_pursuit/local/lib/python3.10/dist-packages/pure_pursuit'...
Compiling '/ROS_ws/install/pure_pursuit/local/lib/python3.10/dist-packages/pure_pursuit/__init__.py'...
Listing '/ROS_ws/install/pure_pursuit/local/lib/python3.10/dist-packages/pure_pursuit/action'...
Listing '/ROS_ws/install/pure_pursuit/local/lib/python3.10/dist-packages/pure_pursuit/msg'...
-- Up-to-date: /ROS_ws/install/pure_pursuit/local/lib/python3.10/dist-packages/pure_pursuit/pure_pursuit_s__rosidl_typesupport_fastrtps_c.cpython-310-x86_64-linux-gnu.so
-- Up-to-date: /ROS_ws/install/pure_pursuit/local/lib/python3.10/dist-packages/pure_pursuit/pure_pursuit_s__rosidl_typesupport_introspection_c.cpython-310-x86_64-linux-gnu.so
-- Up-to-date: /ROS_ws/install/pure_pursuit/local/lib/python3.10/dist-packages/pure_pursuit/pure_pursuit_s__rosidl_typesupport_c.cpython-310-x86_64-linux-gnu.so
-- Up-to-date: /ROS_ws/install/pure_pursuit/lib/libpure_pursuit__rosidl_generator_py.so
-- Up-to-date: /ROS_ws/install/pure_pursuit/share/pure_pursuit/msg/PointAndAngle.idl
-- Up-to-date: /ROS_ws/install/pure_pursuit/share/pure_pursuit/msg/Path2DWithAngles.idl
-- Up-to-date: /ROS_ws/install/pure_pursuit/share/pure_pursuit/action/PathAndFeedback.idl
-- Up-to-date: /ROS_ws/install/pure_pursuit/share/pure_pursuit/msg/PointAndAngle.msg
-- Up-to-date: /ROS_ws/install/pure_pursuit/share/pure_pursuit/msg/Path2DWithAngles.msg
-- Up-to-date: /ROS_ws/install/pure_pursuit/share/pure_pursuit/action/PathAndFeedback.action
-- Up-to-date: /ROS_ws/install/pure_pursuit/lib/pure_pursuit/pure_pursuit_node.py
-- Up-to-date: /ROS_ws/install/pure_pursuit/lib/pure_pursuit/pure_pursuit_PI.py
-- Up-to-date: /ROS_ws/install/pure_pursuit/lib/pure_pursuit/calc_wheel_vel.py
-- Up-to-date: /ROS_ws/install/pure_pursuit/lib/pure_pursuit/robot_path_view.py
-- Up-to-date: /ROS_ws/install/pure_pursuit/lib/pure_pursuit/debug_vel.py
-- Up-to-date: /ROS_ws/install/pure_pursuit/lib/pure_pursuit/param_controller.py
-- Up-to-date: /ROS_ws/install/pure_pursuit/lib/pure_pursuit/mecha_state_publisher.py
-- Up-to-date: /ROS_ws/install/pure_pursuit/lib/pure_pursuit/path_server.py
-- Up-to-date: /ROS_ws/install/pure_pursuit/lib/pure_pursuit/robot_manual_controller.py
-- Up-to-date: /ROS_ws/install/pure_pursuit/share/ament_index/resource_index/package_run_dependencies/pure_pursuit
-- Installing: /ROS_ws/install/pure_pursuit/share/ament_index/resource_index/parent_prefix_path/pure_pursuit
-- Up-to-date: /ROS_ws/install/pure_pursuit/share/pure_pursuit/environment/ament_prefix_path.sh
-- Installing: /ROS_ws/install/pure_pursuit/share/pure_pursuit/environment/ament_prefix_path.dsv
-- Up-to-date: /ROS_ws/install/pure_pursuit/share/pure_pursuit/environment/path.sh
-- Installing: /ROS_ws/install/pure_pursuit/share/pure_pursuit/environment/path.dsv
-- Up-to-date: /ROS_ws/install/pure_pursuit/share/pure_pursuit/local_setup.bash
-- Up-to-date: /ROS_ws/install/pure_pursuit/share/pure_pursuit/local_setup.sh
-- Up-to-date: /ROS_ws/install/pure_pursuit/share/pure_pursuit/local_setup.zsh
-- Installing: /ROS_ws/install/pure_pursuit/share/pure_pursuit/local_setup.dsv
-- Installing: /ROS_ws/install/pure_pursuit/share/pure_pursuit/package.dsv
-- Up-to-date: /ROS_ws/install/pure_pursuit/share/ament_index/resource_index/packages/pure_pursuit
-- Up-to-date: /ROS_ws/install/pure_pursuit/share/pure_pursuit/cmake/export_pure_pursuit__rosidl_generator_cExport.cmake
-- Up-to-date: /ROS_ws/install/pure_pursuit/share/pure_pursuit/cmake/export_pure_pursuit__rosidl_generator_cExport-noconfig.cmake
-- Up-to-date: /ROS_ws/install/pure_pursuit/share/pure_pursuit/cmake/export_pure_pursuit__rosidl_typesupport_fastrtps_cExport.cmake
-- Up-to-date: /ROS_ws/install/pure_pursuit/share/pure_pursuit/cmake/export_pure_pursuit__rosidl_typesupport_fastrtps_cExport-noconfig.cmake
-- Up-to-date: /ROS_ws/install/pure_pursuit/share/pure_pursuit/cmake/export_pure_pursuit__rosidl_generator_cppExport.cmake
-- Up-to-date: /ROS_ws/install/pure_pursuit/share/pure_pursuit/cmake/export_pure_pursuit__rosidl_typesupport_fastrtps_cppExport.cmake
-- Up-to-date: /ROS_ws/install/pure_pursuit/share/pure_pursuit/cmake/export_pure_pursuit__rosidl_typesupport_fastrtps_cppExport-noconfig.cmake
-- Up-to-date: /ROS_ws/install/pure_pursuit/share/pure_pursuit/cmake/pure_pursuit__rosidl_typesupport_introspection_cExport.cmake
-- Up-to-date: /ROS_ws/install/pure_pursuit/share/pure_pursuit/cmake/pure_pursuit__rosidl_typesupport_introspection_cExport-noconfig.cmake
-- Up-to-date: /ROS_ws/install/pure_pursuit/share/pure_pursuit/cmake/pure_pursuit__rosidl_typesupport_cExport.cmake
-- Up-to-date: /ROS_ws/install/pure_pursuit/share/pure_pursuit/cmake/pure_pursuit__rosidl_typesupport_cExport-noconfig.cmake
-- Up-to-date: /ROS_ws/install/pure_pursuit/share/pure_pursuit/cmake/pure_pursuit__rosidl_typesupport_introspection_cppExport.cmake
-- Up-to-date: /ROS_ws/install/pure_pursuit/share/pure_pursuit/cmake/pure_pursuit__rosidl_typesupport_introspection_cppExport-noconfig.cmake
-- Up-to-date: /ROS_ws/install/pure_pursuit/share/pure_pursuit/cmake/pure_pursuit__rosidl_typesupport_cppExport.cmake
-- Up-to-date: /ROS_ws/install/pure_pursuit/share/pure_pursuit/cmake/pure_pursuit__rosidl_typesupport_cppExport-noconfig.cmake
-- Up-to-date: /ROS_ws/install/pure_pursuit/share/pure_pursuit/cmake/export_pure_pursuit__rosidl_generator_pyExport.cmake
-- Up-to-date: /ROS_ws/install/pure_pursuit/share/pure_pursuit/cmake/export_pure_pursuit__rosidl_generator_pyExport-noconfig.cmake
-- Up-to-date: /ROS_ws/install/pure_pursuit/share/pure_pursuit/cmake/rosidl_cmake-extras.cmake
-- Up-to-date: /ROS_ws/install/pure_pursuit/share/pure_pursuit/cmake/ament_cmake_export_dependencies-extras.cmake
-- Up-to-date: /ROS_ws/install/pure_pursuit/share/pure_pursuit/cmake/ament_cmake_export_include_directories-extras.cmake
-- Up-to-date: /ROS_ws/install/pure_pursuit/share/pure_pursuit/cmake/ament_cmake_export_libraries-extras.cmake
-- Up-to-date: /ROS_ws/install/pure_pursuit/share/pure_pursuit/cmake/ament_cmake_export_targets-extras.cmake
-- Up-to-date: /ROS_ws/install/pure_pursuit/share/pure_pursuit/cmake/rosidl_cmake_export_typesupport_targets-extras.cmake
-- Up-to-date: /ROS_ws/install/pure_pursuit/share/pure_pursuit/cmake/rosidl_cmake_export_typesupport_libraries-extras.cmake
-- Up-to-date: /ROS_ws/install/pure_pursuit/share/pure_pursuit/cmake/pure_pursuitConfig.cmake
-- Up-to-date: /ROS_ws/install/pure_pursuit/share/pure_pursuit/cmake/pure_pursuitConfig-version.cmake
-- Up-to-date: /ROS_ws/install/pure_pursuit/share/pure_pursuit/package.xml
