[0.007s] Invoking command in '/ROS_ws/build/pure_pursuit': CMAKE_PREFIX_PATH=/ROS_ws/install/robot_master:/ROS_ws/install/mecha_control:/ROS_ws/install/pure_pursuit:/ROS_ws/install/pc_robot_controller:/ROS_ws/install/odometry_calculator:/ROS_ws/install/nucleo_agent:/ROS_ws/install/localize:/ROS_ws/install/ldlidar:/ROS_ws/install/calc_wheel_vel:/ROS_ws/install/calc_vel:/opt/ros/humble LD_LIBRARY_PATH=/ROS_ws/install/mecha_control/lib:/ROS_ws/install/pure_pursuit/lib:/ROS_ws/install/nucleo_agent/lib:/opt/ros/humble/opt/rviz_ogre_vendor/lib:/opt/ros/humble/lib/x86_64-linux-gnu:/opt/ros/humble/lib /usr/bin/cmake --build /ROS_ws/build/pure_pursuit -- -j12 -l12
[0.022s] -- Found ament_cmake: 1.3.3 (/opt/ros/humble/share/ament_cmake/cmake)
[0.114s] -- Found rclcpp: 16.0.3 (/opt/ros/humble/share/rclcpp/cmake)
[0.132s] -- Found rosidl_generator_c: 3.1.4 (/opt/ros/humble/share/rosidl_generator_c/cmake)
[0.134s] -- Found rosidl_adapter: 3.1.4 (/opt/ros/humble/share/rosidl_adapter/cmake)
[0.138s] -- Found rosidl_generator_cpp: 3.1.4 (/opt/ros/humble/share/rosidl_generator_cpp/cmake)
[0.145s] -- Using all available rosidl_typesupport_c: rosidl_typesupport_fastrtps_c;rosidl_typesupport_introspection_c
[0.155s] -- Using all available rosidl_typesupport_cpp: rosidl_typesupport_fastrtps_cpp;rosidl_typesupport_introspection_cpp
[0.192s] -- Found rmw_implementation_cmake: 6.1.1 (/opt/ros/humble/share/rmw_implementation_cmake/cmake)
[0.193s] -- Found rmw_fastrtps_cpp: 6.2.2 (/opt/ros/humble/share/rmw_fastrtps_cpp/cmake)
[0.280s] -- Using RMW implementation 'rmw_fastrtps_cpp' as default
[0.382s] -- Found rclpy: 3.3.7 (/opt/ros/humble/share/rclpy/cmake)
[0.383s] -- Found nav_msgs: 4.2.3 (/opt/ros/humble/share/nav_msgs/cmake)
[0.467s] -- Found mecha_control: 0.0.0 (/ROS_ws/install/mecha_control/share/mecha_control/cmake)
[0.549s] -- Found robot_master: 0.0.0 (/ROS_ws/install/robot_master/share/robot_master/cmake)
[0.550s] -- Found rosidl_default_generators: 1.2.0 (/opt/ros/humble/share/rosidl_default_generators/cmake)
[0.710s] -- Found ament_cmake_ros: 0.10.0 (/opt/ros/humble/share/ament_cmake_ros/cmake)
[0.906s] -- Using all available rosidl_typesupport_c: rosidl_typesupport_fastrtps_c;rosidl_typesupport_introspection_c
[0.985s] -- Using all available rosidl_typesupport_cpp: rosidl_typesupport_fastrtps_cpp;rosidl_typesupport_introspection_cpp
[1.000s] -- Found python_cmake_module: 0.10.0 (/opt/ros/humble/share/python_cmake_module/cmake)
[1.014s] -- Using PYTHON_EXECUTABLE: /usr/bin/python3
[1.014s] -- Using PYTHON_INCLUDE_DIRS: /usr/include/python3.10
[1.014s] -- Using PYTHON_LIBRARIES: /usr/lib/x86_64-linux-gnu/libpython3.10.so
[1.028s] -- Found ament_lint_auto: 0.12.5 (/opt/ros/humble/share/ament_lint_auto/cmake)
[1.035s] -- Added test 'cppcheck' to perform static code analysis on C / C++ code
[1.035s] -- Configured cppcheck include dirs: 
[1.035s] -- Configured cppcheck exclude dirs and/or files: 
[1.035s] -- Added test 'flake8' to check Python code syntax and style conventions
[1.036s] -- Added test 'lint_cmake' to check CMake code style
[1.036s] -- Added test 'pep257' to check Python code against some of the docstring style conventions in PEP 257
[1.037s] -- Added test 'uncrustify' to check C / C++ code style
[1.037s] -- Configured uncrustify additional arguments: 
[1.037s] -- Added test 'xmllint' to check XML markup files
[1.038s] -- Configuring done
[1.062s] -- Generating done
[1.063s] -- Build files have been written to: /ROS_ws/build/pure_pursuit
[1.080s] [35m[1mConsolidate compiler generated dependencies of target pure_pursuit__rosidl_generator_c[0m
[1.085s] [  2%] Built target pure_pursuit__cpp
[1.086s] [ 12%] Built target pure_pursuit__rosidl_generator_c
[1.091s] [ 12%] Built target ament_cmake_python_copy_pure_pursuit
[1.092s] [35m[1mConsolidate compiler generated dependencies of target pure_pursuit__rosidl_typesupport_cpp[0m
[1.092s] [35m[1mConsolidate compiler generated dependencies of target pure_pursuit__rosidl_typesupport_fastrtps_cpp[0m
[1.093s] [35m[1mConsolidate compiler generated dependencies of target pure_pursuit__rosidl_typesupport_introspection_cpp[0m
[1.094s] [35m[1mConsolidate compiler generated dependencies of target pure_pursuit__rosidl_typesupport_c[0m
[1.094s] [35m[1mConsolidate compiler generated dependencies of target pure_pursuit__rosidl_typesupport_fastrtps_c[0m
[1.094s] [35m[1mConsolidate compiler generated dependencies of target pure_pursuit__rosidl_typesupport_introspection_c[0m
[1.102s] [ 23%] Built target pure_pursuit__rosidl_typesupport_c
[1.102s] [ 34%] Built target pure_pursuit__rosidl_typesupport_cpp
[1.103s] [ 44%] Built target pure_pursuit__rosidl_typesupport_introspection_c
[1.103s] [ 55%] Built target pure_pursuit__rosidl_typesupport_fastrtps_cpp
[1.104s] [ 65%] Built target pure_pursuit__rosidl_typesupport_fastrtps_c
[1.104s] [ 76%] Built target pure_pursuit__rosidl_typesupport_introspection_cpp
[1.114s] [ 76%] Built target pure_pursuit
[1.125s] [ 78%] Built target pure_pursuit__py
[1.132s] [35m[1mConsolidate compiler generated dependencies of target pure_pursuit__rosidl_generator_py[0m
[1.140s] [ 87%] Built target pure_pursuit__rosidl_generator_py
[1.146s] [35m[1mConsolidate compiler generated dependencies of target pure_pursuit__rosidl_typesupport_fastrtps_c__pyext[0m
[1.146s] [35m[1mConsolidate compiler generated dependencies of target pure_pursuit__rosidl_typesupport_c__pyext[0m
[1.146s] [35m[1mConsolidate compiler generated dependencies of target pure_pursuit__rosidl_typesupport_introspection_c__pyext[0m
[1.154s] [100%] Built target pure_pursuit__rosidl_typesupport_c__pyext
[1.154s] [100%] Built target pure_pursuit__rosidl_typesupport_fastrtps_c__pyext
[1.154s] [100%] Built target pure_pursuit__rosidl_typesupport_introspection_c__pyext
[1.220s] running egg_info
[1.220s] writing pure_pursuit.egg-info/PKG-INFO
[1.220s] writing dependency_links to pure_pursuit.egg-info/dependency_links.txt
[1.220s] writing top-level names to pure_pursuit.egg-info/top_level.txt
[1.222s] reading manifest file 'pure_pursuit.egg-info/SOURCES.txt'
[1.222s] writing manifest file 'pure_pursuit.egg-info/SOURCES.txt'
[1.237s] [100%] Built target ament_cmake_python_build_pure_pursuit_egg
[1.243s] Invoked command in '/ROS_ws/build/pure_pursuit' returned '0': CMAKE_PREFIX_PATH=/ROS_ws/install/robot_master:/ROS_ws/install/mecha_control:/ROS_ws/install/pure_pursuit:/ROS_ws/install/pc_robot_controller:/ROS_ws/install/odometry_calculator:/ROS_ws/install/nucleo_agent:/ROS_ws/install/localize:/ROS_ws/install/ldlidar:/ROS_ws/install/calc_wheel_vel:/ROS_ws/install/calc_vel:/opt/ros/humble LD_LIBRARY_PATH=/ROS_ws/install/mecha_control/lib:/ROS_ws/install/pure_pursuit/lib:/ROS_ws/install/nucleo_agent/lib:/opt/ros/humble/opt/rviz_ogre_vendor/lib:/opt/ros/humble/lib/x86_64-linux-gnu:/opt/ros/humble/lib /usr/bin/cmake --build /ROS_ws/build/pure_pursuit -- -j12 -l12
[1.287s] Invoking command in '/ROS_ws/build/pure_pursuit': CMAKE_PREFIX_PATH=/ROS_ws/install/robot_master:/ROS_ws/install/mecha_control:/ROS_ws/install/pure_pursuit:/ROS_ws/install/pc_robot_controller:/ROS_ws/install/odometry_calculator:/ROS_ws/install/nucleo_agent:/ROS_ws/install/localize:/ROS_ws/install/ldlidar:/ROS_ws/install/calc_wheel_vel:/ROS_ws/install/calc_vel:/opt/ros/humble LD_LIBRARY_PATH=/ROS_ws/install/mecha_control/lib:/ROS_ws/install/pure_pursuit/lib:/ROS_ws/install/nucleo_agent/lib:/opt/ros/humble/opt/rviz_ogre_vendor/lib:/opt/ros/humble/lib/x86_64-linux-gnu:/opt/ros/humble/lib /usr/bin/cmake --install /ROS_ws/build/pure_pursuit
[1.291s] -- Install configuration: ""
[1.291s] -- Up-to-date: /ROS_ws/install/pure_pursuit/share/ament_index/resource_index/rosidl_interfaces/pure_pursuit
[1.291s] -- Up-to-date: /ROS_ws/install/pure_pursuit/include/pure_pursuit/pure_pursuit
[1.291s] -- Up-to-date: /ROS_ws/install/pure_pursuit/include/pure_pursuit/pure_pursuit/action
[1.291s] -- Up-to-date: /ROS_ws/install/pure_pursuit/include/pure_pursuit/pure_pursuit/action/detail
[1.291s] -- Up-to-date: /ROS_ws/install/pure_pursuit/include/pure_pursuit/pure_pursuit/action/detail/path_and_feedback__struct.h
[1.291s] -- Up-to-date: /ROS_ws/install/pure_pursuit/include/pure_pursuit/pure_pursuit/action/detail/path_and_feedback__functions.c
[1.291s] -- Up-to-date: /ROS_ws/install/pure_pursuit/include/pure_pursuit/pure_pursuit/action/detail/path_and_feedback__functions.h
[1.291s] -- Up-to-date: /ROS_ws/install/pure_pursuit/include/pure_pursuit/pure_pursuit/action/detail/path_and_feedback__type_support.h
[1.291s] -- Up-to-date: /ROS_ws/install/pure_pursuit/include/pure_pursuit/pure_pursuit/action/path_and_feedback.h
[1.291s] -- Up-to-date: /ROS_ws/install/pure_pursuit/include/pure_pursuit/pure_pursuit/msg
[1.291s] -- Up-to-date: /ROS_ws/install/pure_pursuit/include/pure_pursuit/pure_pursuit/msg/rosidl_generator_c__visibility_control.h
[1.291s] -- Up-to-date: /ROS_ws/install/pure_pursuit/include/pure_pursuit/pure_pursuit/msg/detail
[1.291s] -- Up-to-date: /ROS_ws/install/pure_pursuit/include/pure_pursuit/pure_pursuit/msg/detail/point_and_angle__type_support.h
[1.292s] -- Up-to-date: /ROS_ws/install/pure_pursuit/include/pure_pursuit/pure_pursuit/msg/detail/path2_d_with_angles__functions.c
[1.292s] -- Up-to-date: /ROS_ws/install/pure_pursuit/include/pure_pursuit/pure_pursuit/msg/detail/point_and_angle__functions.h
[1.292s] -- Up-to-date: /ROS_ws/install/pure_pursuit/include/pure_pursuit/pure_pursuit/msg/detail/path2_d_with_angles__functions.h
[1.292s] -- Up-to-date: /ROS_ws/install/pure_pursuit/include/pure_pursuit/pure_pursuit/msg/detail/path2_d_with_angles__struct.h
[1.292s] -- Up-to-date: /ROS_ws/install/pure_pursuit/include/pure_pursuit/pure_pursuit/msg/detail/path2_d_with_angles__type_support.h
[1.292s] -- Up-to-date: /ROS_ws/install/pure_pursuit/include/pure_pursuit/pure_pursuit/msg/detail/point_and_angle__functions.c
[1.292s] -- Up-to-date: /ROS_ws/install/pure_pursuit/include/pure_pursuit/pure_pursuit/msg/detail/point_and_angle__struct.h
[1.292s] -- Up-to-date: /ROS_ws/install/pure_pursuit/include/pure_pursuit/pure_pursuit/msg/point_and_angle.h
[1.292s] -- Up-to-date: /ROS_ws/install/pure_pursuit/include/pure_pursuit/pure_pursuit/msg/path2_d_with_angles.h
[1.292s] -- Up-to-date: /ROS_ws/install/pure_pursuit/share/pure_pursuit/environment/library_path.sh
[1.292s] -- Installing: /ROS_ws/install/pure_pursuit/share/pure_pursuit/environment/library_path.dsv
[1.292s] -- Up-to-date: /ROS_ws/install/pure_pursuit/lib/libpure_pursuit__rosidl_generator_c.so
[1.292s] -- Up-to-date: /ROS_ws/install/pure_pursuit/include/pure_pursuit/pure_pursuit
[1.292s] -- Up-to-date: /ROS_ws/install/pure_pursuit/include/pure_pursuit/pure_pursuit/action
[1.292s] -- Up-to-date: /ROS_ws/install/pure_pursuit/include/pure_pursuit/pure_pursuit/action/detail
[1.292s] -- Up-to-date: /ROS_ws/install/pure_pursuit/include/pure_pursuit/pure_pursuit/action/detail/path_and_feedback__rosidl_typesupport_fastrtps_c.h
[1.292s] -- Up-to-date: /ROS_ws/install/pure_pursuit/include/pure_pursuit/pure_pursuit/msg
[1.292s] -- Up-to-date: /ROS_ws/install/pure_pursuit/include/pure_pursuit/pure_pursuit/msg/detail
[1.292s] -- Up-to-date: /ROS_ws/install/pure_pursuit/include/pure_pursuit/pure_pursuit/msg/detail/path2_d_with_angles__rosidl_typesupport_fastrtps_c.h
[1.292s] -- Up-to-date: /ROS_ws/install/pure_pursuit/include/pure_pursuit/pure_pursuit/msg/detail/point_and_angle__rosidl_typesupport_fastrtps_c.h
[1.292s] -- Up-to-date: /ROS_ws/install/pure_pursuit/include/pure_pursuit/pure_pursuit/msg/rosidl_typesupport_fastrtps_c__visibility_control.h
[1.292s] -- Up-to-date: /ROS_ws/install/pure_pursuit/lib/libpure_pursuit__rosidl_typesupport_fastrtps_c.so
[1.292s] -- Up-to-date: /ROS_ws/install/pure_pursuit/include/pure_pursuit/pure_pursuit
[1.292s] -- Up-to-date: /ROS_ws/install/pure_pursuit/include/pure_pursuit/pure_pursuit/action
[1.292s] -- Up-to-date: /ROS_ws/install/pure_pursuit/include/pure_pursuit/pure_pursuit/action/detail
[1.293s] -- Up-to-date: /ROS_ws/install/pure_pursuit/include/pure_pursuit/pure_pursuit/action/detail/path_and_feedback__traits.hpp
[1.293s] -- Up-to-date: /ROS_ws/install/pure_pursuit/include/pure_pursuit/pure_pursuit/action/detail/path_and_feedback__builder.hpp
[1.293s] -- Up-to-date: /ROS_ws/install/pure_pursuit/include/pure_pursuit/pure_pursuit/action/detail/path_and_feedback__struct.hpp
[1.293s] -- Up-to-date: /ROS_ws/install/pure_pursuit/include/pure_pursuit/pure_pursuit/action/path_and_feedback.hpp
[1.293s] -- Up-to-date: /ROS_ws/install/pure_pursuit/include/pure_pursuit/pure_pursuit/msg
[1.293s] -- Up-to-date: /ROS_ws/install/pure_pursuit/include/pure_pursuit/pure_pursuit/msg/path2_d_with_angles.hpp
[1.293s] -- Up-to-date: /ROS_ws/install/pure_pursuit/include/pure_pursuit/pure_pursuit/msg/detail
[1.293s] -- Up-to-date: /ROS_ws/install/pure_pursuit/include/pure_pursuit/pure_pursuit/msg/detail/point_and_angle__struct.hpp
[1.293s] -- Up-to-date: /ROS_ws/install/pure_pursuit/include/pure_pursuit/pure_pursuit/msg/detail/point_and_angle__builder.hpp
[1.293s] -- Up-to-date: /ROS_ws/install/pure_pursuit/include/pure_pursuit/pure_pursuit/msg/detail/path2_d_with_angles__struct.hpp
[1.293s] -- Up-to-date: /ROS_ws/install/pure_pursuit/include/pure_pursuit/pure_pursuit/msg/detail/point_and_angle__traits.hpp
[1.293s] -- Up-to-date: /ROS_ws/install/pure_pursuit/include/pure_pursuit/pure_pursuit/msg/detail/path2_d_with_angles__builder.hpp
[1.293s] -- Up-to-date: /ROS_ws/install/pure_pursuit/include/pure_pursuit/pure_pursuit/msg/detail/path2_d_with_angles__traits.hpp
[1.293s] -- Up-to-date: /ROS_ws/install/pure_pursuit/include/pure_pursuit/pure_pursuit/msg/point_and_angle.hpp
[1.293s] -- Up-to-date: /ROS_ws/install/pure_pursuit/include/pure_pursuit/pure_pursuit
[1.293s] -- Up-to-date: /ROS_ws/install/pure_pursuit/include/pure_pursuit/pure_pursuit/action
[1.293s] -- Up-to-date: /ROS_ws/install/pure_pursuit/include/pure_pursuit/pure_pursuit/action/detail
[1.293s] -- Up-to-date: /ROS_ws/install/pure_pursuit/include/pure_pursuit/pure_pursuit/action/detail/dds_fastrtps
[1.293s] -- Up-to-date: /ROS_ws/install/pure_pursuit/include/pure_pursuit/pure_pursuit/action/detail/path_and_feedback__rosidl_typesupport_fastrtps_cpp.hpp
[1.293s] -- Up-to-date: /ROS_ws/install/pure_pursuit/include/pure_pursuit/pure_pursuit/msg
[1.293s] -- Up-to-date: /ROS_ws/install/pure_pursuit/include/pure_pursuit/pure_pursuit/msg/rosidl_typesupport_fastrtps_cpp__visibility_control.h
[1.293s] -- Up-to-date: /ROS_ws/install/pure_pursuit/include/pure_pursuit/pure_pursuit/msg/detail
[1.293s] -- Up-to-date: /ROS_ws/install/pure_pursuit/include/pure_pursuit/pure_pursuit/msg/detail/dds_fastrtps
[1.293s] -- Up-to-date: /ROS_ws/install/pure_pursuit/include/pure_pursuit/pure_pursuit/msg/detail/point_and_angle__rosidl_typesupport_fastrtps_cpp.hpp
[1.293s] -- Up-to-date: /ROS_ws/install/pure_pursuit/include/pure_pursuit/pure_pursuit/msg/detail/path2_d_with_angles__rosidl_typesupport_fastrtps_cpp.hpp
[1.293s] -- Up-to-date: /ROS_ws/install/pure_pursuit/lib/libpure_pursuit__rosidl_typesupport_fastrtps_cpp.so
[1.293s] -- Up-to-date: /ROS_ws/install/pure_pursuit/include/pure_pursuit/pure_pursuit
[1.293s] -- Up-to-date: /ROS_ws/install/pure_pursuit/include/pure_pursuit/pure_pursuit/action
[1.293s] -- Up-to-date: /ROS_ws/install/pure_pursuit/include/pure_pursuit/pure_pursuit/action/detail
[1.293s] -- Up-to-date: /ROS_ws/install/pure_pursuit/include/pure_pursuit/pure_pursuit/action/detail/path_and_feedback__rosidl_typesupport_introspection_c.h
[1.294s] -- Up-to-date: /ROS_ws/install/pure_pursuit/include/pure_pursuit/pure_pursuit/action/detail/path_and_feedback__type_support.c
[1.294s] -- Up-to-date: /ROS_ws/install/pure_pursuit/include/pure_pursuit/pure_pursuit/msg
[1.294s] -- Up-to-date: /ROS_ws/install/pure_pursuit/include/pure_pursuit/pure_pursuit/msg/detail
[1.294s] -- Up-to-date: /ROS_ws/install/pure_pursuit/include/pure_pursuit/pure_pursuit/msg/detail/path2_d_with_angles__rosidl_typesupport_introspection_c.h
[1.294s] -- Up-to-date: /ROS_ws/install/pure_pursuit/include/pure_pursuit/pure_pursuit/msg/detail/path2_d_with_angles__type_support.c
[1.294s] -- Up-to-date: /ROS_ws/install/pure_pursuit/include/pure_pursuit/pure_pursuit/msg/detail/point_and_angle__type_support.c
[1.294s] -- Up-to-date: /ROS_ws/install/pure_pursuit/include/pure_pursuit/pure_pursuit/msg/detail/point_and_angle__rosidl_typesupport_introspection_c.h
[1.294s] -- Up-to-date: /ROS_ws/install/pure_pursuit/include/pure_pursuit/pure_pursuit/msg/rosidl_typesupport_introspection_c__visibility_control.h
[1.294s] -- Up-to-date: /ROS_ws/install/pure_pursuit/lib/libpure_pursuit__rosidl_typesupport_introspection_c.so
[1.294s] -- Up-to-date: /ROS_ws/install/pure_pursuit/lib/libpure_pursuit__rosidl_typesupport_c.so
[1.294s] -- Up-to-date: /ROS_ws/install/pure_pursuit/include/pure_pursuit/pure_pursuit
[1.294s] -- Up-to-date: /ROS_ws/install/pure_pursuit/include/pure_pursuit/pure_pursuit/action
[1.294s] -- Up-to-date: /ROS_ws/install/pure_pursuit/include/pure_pursuit/pure_pursuit/action/detail
[1.294s] -- Up-to-date: /ROS_ws/install/pure_pursuit/include/pure_pursuit/pure_pursuit/action/detail/path_and_feedback__rosidl_typesupport_introspection_cpp.hpp
[1.294s] -- Up-to-date: /ROS_ws/install/pure_pursuit/include/pure_pursuit/pure_pursuit/action/detail/path_and_feedback__type_support.cpp
[1.294s] -- Up-to-date: /ROS_ws/install/pure_pursuit/include/pure_pursuit/pure_pursuit/msg
[1.294s] -- Up-to-date: /ROS_ws/install/pure_pursuit/include/pure_pursuit/pure_pursuit/msg/detail
[1.294s] -- Up-to-date: /ROS_ws/install/pure_pursuit/include/pure_pursuit/pure_pursuit/msg/detail/point_and_angle__type_support.cpp
[1.294s] -- Up-to-date: /ROS_ws/install/pure_pursuit/include/pure_pursuit/pure_pursuit/msg/detail/path2_d_with_angles__rosidl_typesupport_introspection_cpp.hpp
[1.294s] -- Up-to-date: /ROS_ws/install/pure_pursuit/include/pure_pursuit/pure_pursuit/msg/detail/point_and_angle__rosidl_typesupport_introspection_cpp.hpp
[1.294s] -- Up-to-date: /ROS_ws/install/pure_pursuit/include/pure_pursuit/pure_pursuit/msg/detail/path2_d_with_angles__type_support.cpp
[1.294s] -- Up-to-date: /ROS_ws/install/pure_pursuit/lib/libpure_pursuit__rosidl_typesupport_introspection_cpp.so
[1.294s] -- Up-to-date: /ROS_ws/install/pure_pursuit/lib/libpure_pursuit__rosidl_typesupport_cpp.so
[1.294s] -- Up-to-date: /ROS_ws/install/pure_pursuit/share/pure_pursuit/environment/pythonpath.sh
[1.294s] -- Installing: /ROS_ws/install/pure_pursuit/share/pure_pursuit/environment/pythonpath.dsv
[1.294s] -- Up-to-date: /ROS_ws/install/pure_pursuit/local/lib/python3.10/dist-packages/pure_pursuit-0.0.0-py3.10.egg-info
[1.294s] -- Installing: /ROS_ws/install/pure_pursuit/local/lib/python3.10/dist-packages/pure_pursuit-0.0.0-py3.10.egg-info/SOURCES.txt
[1.294s] -- Installing: /ROS_ws/install/pure_pursuit/local/lib/python3.10/dist-packages/pure_pursuit-0.0.0-py3.10.egg-info/dependency_links.txt
[1.294s] -- Installing: /ROS_ws/install/pure_pursuit/local/lib/python3.10/dist-packages/pure_pursuit-0.0.0-py3.10.egg-info/PKG-INFO
[1.294s] -- Installing: /ROS_ws/install/pure_pursuit/local/lib/python3.10/dist-packages/pure_pursuit-0.0.0-py3.10.egg-info/top_level.txt
[1.294s] -- Up-to-date: /ROS_ws/install/pure_pursuit/local/lib/python3.10/dist-packages/pure_pursuit
[1.294s] -- Up-to-date: /ROS_ws/install/pure_pursuit/local/lib/python3.10/dist-packages/pure_pursuit/_pure_pursuit_s.ep.rosidl_typesupport_introspection_c.c
[1.294s] -- Up-to-date: /ROS_ws/install/pure_pursuit/local/lib/python3.10/dist-packages/pure_pursuit/_pure_pursuit_s.ep.rosidl_typesupport_fastrtps_c.c
[1.294s] -- Up-to-date: /ROS_ws/install/pure_pursuit/local/lib/python3.10/dist-packages/pure_pursuit/action
[1.294s] -- Up-to-date: /ROS_ws/install/pure_pursuit/local/lib/python3.10/dist-packages/pure_pursuit/action/_path_and_feedback.py
[1.294s] -- Up-to-date: /ROS_ws/install/pure_pursuit/local/lib/python3.10/dist-packages/pure_pursuit/action/__init__.py
[1.294s] -- Up-to-date: /ROS_ws/install/pure_pursuit/local/lib/python3.10/dist-packages/pure_pursuit/action/_path_and_feedback_s.c
[1.294s] -- Installing: /ROS_ws/install/pure_pursuit/local/lib/python3.10/dist-packages/pure_pursuit/__init__.py
[1.294s] -- Up-to-date: /ROS_ws/install/pure_pursuit/local/lib/python3.10/dist-packages/pure_pursuit/pure_pursuit_s__rosidl_typesupport_introspection_c.cpython-310-x86_64-linux-gnu.so
[1.295s] -- Up-to-date: /ROS_ws/install/pure_pursuit/local/lib/python3.10/dist-packages/pure_pursuit/msg
[1.295s] -- Up-to-date: /ROS_ws/install/pure_pursuit/local/lib/python3.10/dist-packages/pure_pursuit/msg/_point_and_angle_s.c
[1.295s] -- Up-to-date: /ROS_ws/install/pure_pursuit/local/lib/python3.10/dist-packages/pure_pursuit/msg/_point_and_angle.py
[1.295s] -- Up-to-date: /ROS_ws/install/pure_pursuit/local/lib/python3.10/dist-packages/pure_pursuit/msg/__init__.py
[1.295s] -- Up-to-date: /ROS_ws/install/pure_pursuit/local/lib/python3.10/dist-packages/pure_pursuit/msg/_path2_d_with_angles_s.c
[1.295s] -- Up-to-date: /ROS_ws/install/pure_pursuit/local/lib/python3.10/dist-packages/pure_pursuit/msg/_path2_d_with_angles.py
[1.295s] -- Up-to-date: /ROS_ws/install/pure_pursuit/local/lib/python3.10/dist-packages/pure_pursuit/libpure_pursuit__rosidl_generator_py.so
[1.295s] -- Up-to-date: /ROS_ws/install/pure_pursuit/local/lib/python3.10/dist-packages/pure_pursuit/pure_pursuit_s__rosidl_typesupport_c.cpython-310-x86_64-linux-gnu.so
[1.295s] -- Up-to-date: /ROS_ws/install/pure_pursuit/local/lib/python3.10/dist-packages/pure_pursuit/pure_pursuit_s__rosidl_typesupport_fastrtps_c.cpython-310-x86_64-linux-gnu.so
[1.295s] -- Up-to-date: /ROS_ws/install/pure_pursuit/local/lib/python3.10/dist-packages/pure_pursuit/_pure_pursuit_s.ep.rosidl_typesupport_c.c
[1.313s] Listing '/ROS_ws/install/pure_pursuit/local/lib/python3.10/dist-packages/pure_pursuit'...
[1.313s] Compiling '/ROS_ws/install/pure_pursuit/local/lib/python3.10/dist-packages/pure_pursuit/__init__.py'...
[1.313s] Listing '/ROS_ws/install/pure_pursuit/local/lib/python3.10/dist-packages/pure_pursuit/action'...
[1.314s] Listing '/ROS_ws/install/pure_pursuit/local/lib/python3.10/dist-packages/pure_pursuit/msg'...
[1.316s] -- Up-to-date: /ROS_ws/install/pure_pursuit/local/lib/python3.10/dist-packages/pure_pursuit/pure_pursuit_s__rosidl_typesupport_fastrtps_c.cpython-310-x86_64-linux-gnu.so
[1.316s] -- Up-to-date: /ROS_ws/install/pure_pursuit/local/lib/python3.10/dist-packages/pure_pursuit/pure_pursuit_s__rosidl_typesupport_introspection_c.cpython-310-x86_64-linux-gnu.so
[1.316s] -- Up-to-date: /ROS_ws/install/pure_pursuit/local/lib/python3.10/dist-packages/pure_pursuit/pure_pursuit_s__rosidl_typesupport_c.cpython-310-x86_64-linux-gnu.so
[1.316s] -- Up-to-date: /ROS_ws/install/pure_pursuit/lib/libpure_pursuit__rosidl_generator_py.so
[1.317s] -- Up-to-date: /ROS_ws/install/pure_pursuit/share/pure_pursuit/msg/PointAndAngle.idl
[1.317s] -- Up-to-date: /ROS_ws/install/pure_pursuit/share/pure_pursuit/msg/Path2DWithAngles.idl
[1.317s] -- Up-to-date: /ROS_ws/install/pure_pursuit/share/pure_pursuit/action/PathAndFeedback.idl
[1.317s] -- Up-to-date: /ROS_ws/install/pure_pursuit/share/pure_pursuit/msg/PointAndAngle.msg
[1.317s] -- Up-to-date: /ROS_ws/install/pure_pursuit/share/pure_pursuit/msg/Path2DWithAngles.msg
[1.317s] -- Up-to-date: /ROS_ws/install/pure_pursuit/share/pure_pursuit/action/PathAndFeedback.action
[1.317s] -- Up-to-date: /ROS_ws/install/pure_pursuit/lib/pure_pursuit/pure_pursuit_node.py
[1.317s] -- Up-to-date: /ROS_ws/install/pure_pursuit/lib/pure_pursuit/pure_pursuit_PI.py
[1.317s] -- Up-to-date: /ROS_ws/install/pure_pursuit/lib/pure_pursuit/calc_wheel_vel.py
[1.317s] -- Up-to-date: /ROS_ws/install/pure_pursuit/lib/pure_pursuit/robot_path_view.py
[1.317s] -- Up-to-date: /ROS_ws/install/pure_pursuit/lib/pure_pursuit/debug_vel.py
[1.317s] -- Up-to-date: /ROS_ws/install/pure_pursuit/lib/pure_pursuit/param_controller.py
[1.317s] -- Up-to-date: /ROS_ws/install/pure_pursuit/lib/pure_pursuit/mecha_state_publisher.py
[1.317s] -- Up-to-date: /ROS_ws/install/pure_pursuit/lib/pure_pursuit/path_server.py
[1.317s] -- Up-to-date: /ROS_ws/install/pure_pursuit/lib/pure_pursuit/robot_manual_controller.py
[1.317s] -- Up-to-date: /ROS_ws/install/pure_pursuit/share/ament_index/resource_index/package_run_dependencies/pure_pursuit
[1.317s] -- Installing: /ROS_ws/install/pure_pursuit/share/ament_index/resource_index/parent_prefix_path/pure_pursuit
[1.317s] -- Up-to-date: /ROS_ws/install/pure_pursuit/share/pure_pursuit/environment/ament_prefix_path.sh
[1.317s] -- Installing: /ROS_ws/install/pure_pursuit/share/pure_pursuit/environment/ament_prefix_path.dsv
[1.317s] -- Up-to-date: /ROS_ws/install/pure_pursuit/share/pure_pursuit/environment/path.sh
[1.317s] -- Installing: /ROS_ws/install/pure_pursuit/share/pure_pursuit/environment/path.dsv
[1.317s] -- Up-to-date: /ROS_ws/install/pure_pursuit/share/pure_pursuit/local_setup.bash
[1.317s] -- Up-to-date: /ROS_ws/install/pure_pursuit/share/pure_pursuit/local_setup.sh
[1.317s] -- Up-to-date: /ROS_ws/install/pure_pursuit/share/pure_pursuit/local_setup.zsh
[1.317s] -- Installing: /ROS_ws/install/pure_pursuit/share/pure_pursuit/local_setup.dsv
[1.317s] -- Installing: /ROS_ws/install/pure_pursuit/share/pure_pursuit/package.dsv
[1.317s] -- Up-to-date: /ROS_ws/install/pure_pursuit/share/ament_index/resource_index/packages/pure_pursuit
[1.317s] -- Up-to-date: /ROS_ws/install/pure_pursuit/share/pure_pursuit/cmake/export_pure_pursuit__rosidl_generator_cExport.cmake
[1.317s] -- Up-to-date: /ROS_ws/install/pure_pursuit/share/pure_pursuit/cmake/export_pure_pursuit__rosidl_generator_cExport-noconfig.cmake
[1.318s] -- Up-to-date: /ROS_ws/install/pure_pursuit/share/pure_pursuit/cmake/export_pure_pursuit__rosidl_typesupport_fastrtps_cExport.cmake
[1.318s] -- Up-to-date: /ROS_ws/install/pure_pursuit/share/pure_pursuit/cmake/export_pure_pursuit__rosidl_typesupport_fastrtps_cExport-noconfig.cmake
[1.318s] -- Up-to-date: /ROS_ws/install/pure_pursuit/share/pure_pursuit/cmake/export_pure_pursuit__rosidl_generator_cppExport.cmake
[1.318s] -- Up-to-date: /ROS_ws/install/pure_pursuit/share/pure_pursuit/cmake/export_pure_pursuit__rosidl_typesupport_fastrtps_cppExport.cmake
[1.318s] -- Up-to-date: /ROS_ws/install/pure_pursuit/share/pure_pursuit/cmake/export_pure_pursuit__rosidl_typesupport_fastrtps_cppExport-noconfig.cmake
[1.318s] -- Up-to-date: /ROS_ws/install/pure_pursuit/share/pure_pursuit/cmake/pure_pursuit__rosidl_typesupport_introspection_cExport.cmake
[1.318s] -- Up-to-date: /ROS_ws/install/pure_pursuit/share/pure_pursuit/cmake/pure_pursuit__rosidl_typesupport_introspection_cExport-noconfig.cmake
[1.318s] -- Up-to-date: /ROS_ws/install/pure_pursuit/share/pure_pursuit/cmake/pure_pursuit__rosidl_typesupport_cExport.cmake
[1.318s] -- Up-to-date: /ROS_ws/install/pure_pursuit/share/pure_pursuit/cmake/pure_pursuit__rosidl_typesupport_cExport-noconfig.cmake
[1.318s] -- Up-to-date: /ROS_ws/install/pure_pursuit/share/pure_pursuit/cmake/pure_pursuit__rosidl_typesupport_introspection_cppExport.cmake
[1.318s] -- Up-to-date: /ROS_ws/install/pure_pursuit/share/pure_pursuit/cmake/pure_pursuit__rosidl_typesupport_introspection_cppExport-noconfig.cmake
[1.318s] -- Up-to-date: /ROS_ws/install/pure_pursuit/share/pure_pursuit/cmake/pure_pursuit__rosidl_typesupport_cppExport.cmake
[1.318s] -- Up-to-date: /ROS_ws/install/pure_pursuit/share/pure_pursuit/cmake/pure_pursuit__rosidl_typesupport_cppExport-noconfig.cmake
[1.318s] -- Up-to-date: /ROS_ws/install/pure_pursuit/share/pure_pursuit/cmake/export_pure_pursuit__rosidl_generator_pyExport.cmake
[1.318s] -- Up-to-date: /ROS_ws/install/pure_pursuit/share/pure_pursuit/cmake/export_pure_pursuit__rosidl_generator_pyExport-noconfig.cmake
[1.318s] -- Up-to-date: /ROS_ws/install/pure_pursuit/share/pure_pursuit/cmake/rosidl_cmake-extras.cmake
[1.318s] -- Up-to-date: /ROS_ws/install/pure_pursuit/share/pure_pursuit/cmake/ament_cmake_export_dependencies-extras.cmake
[1.318s] -- Up-to-date: /ROS_ws/install/pure_pursuit/share/pure_pursuit/cmake/ament_cmake_export_include_directories-extras.cmake
[1.318s] -- Up-to-date: /ROS_ws/install/pure_pursuit/share/pure_pursuit/cmake/ament_cmake_export_libraries-extras.cmake
[1.318s] -- Up-to-date: /ROS_ws/install/pure_pursuit/share/pure_pursuit/cmake/ament_cmake_export_targets-extras.cmake
[1.318s] -- Up-to-date: /ROS_ws/install/pure_pursuit/share/pure_pursuit/cmake/rosidl_cmake_export_typesupport_targets-extras.cmake
[1.318s] -- Up-to-date: /ROS_ws/install/pure_pursuit/share/pure_pursuit/cmake/rosidl_cmake_export_typesupport_libraries-extras.cmake
[1.318s] -- Up-to-date: /ROS_ws/install/pure_pursuit/share/pure_pursuit/cmake/pure_pursuitConfig.cmake
[1.318s] -- Up-to-date: /ROS_ws/install/pure_pursuit/share/pure_pursuit/cmake/pure_pursuitConfig-version.cmake
[1.318s] -- Up-to-date: /ROS_ws/install/pure_pursuit/share/pure_pursuit/package.xml
[1.320s] Invoked command in '/ROS_ws/build/pure_pursuit' returned '0': CMAKE_PREFIX_PATH=/ROS_ws/install/robot_master:/ROS_ws/install/mecha_control:/ROS_ws/install/pure_pursuit:/ROS_ws/install/pc_robot_controller:/ROS_ws/install/odometry_calculator:/ROS_ws/install/nucleo_agent:/ROS_ws/install/localize:/ROS_ws/install/ldlidar:/ROS_ws/install/calc_wheel_vel:/ROS_ws/install/calc_vel:/opt/ros/humble LD_LIBRARY_PATH=/ROS_ws/install/mecha_control/lib:/ROS_ws/install/pure_pursuit/lib:/ROS_ws/install/nucleo_agent/lib:/opt/ros/humble/opt/rviz_ogre_vendor/lib:/opt/ros/humble/lib/x86_64-linux-gnu:/opt/ros/humble/lib /usr/bin/cmake --install /ROS_ws/build/pure_pursuit
