[01m[K/ROS_ws/src/pc_robot_controller/src/controller.cpp:[m[K In member function ‘[01m[Kvoid Controller::ui_main()[m[K’:
[01m[K/ROS_ws/src/pc_robot_controller/src/controller.cpp:52:43:[m[K [01;35m[Kwarning: [m[Knarrowing conversion of ‘[01m[K(screenWidth / 2)[m[K’ from ‘[01m[Kint[m[K’ to ‘[01m[Kfloat[m[K’ [[01;35m[K-Wnarrowing[m[K]
   52 | robot.origin = Vector2{[01;35m[KscreenWidth/2[m[K, screenHeight/2};
      |                        [01;35m[K~~~~~~~~~~~^~[m[K

[01m[K/ROS_ws/src/pc_robot_controller/src/controller.cpp:52:59:[m[K [01;35m[Kwarning: [m[Knarrowing conversion of ‘[01m[K(screenHeight / 2)[m[K’ from ‘[01m[Kint[m[K’ to ‘[01m[Kfloat[m[K’ [[01;35m[K-Wnarrowing[m[K]
   52 | gin = Vector2{screenWidth/2, [01;35m[KscreenHeight/2[m[K};
      |                              [01;35m[K~~~~~~~~~~~~^~[m[K

[01m[K/ROS_ws/src/pc_robot_controller/src/controller.cpp:73:60:[m[K [01;35m[Kwarning: [m[Knarrowing conversion of ‘[01m[K(screenWidth - 210)[m[K’ from ‘[01m[Kint[m[K’ to ‘[01m[Kfloat[m[K’ [[01;35m[K-Wnarrowing[m[K]
   73 | ("daiza_clamp mech", {[01;35m[KscreenWidth -210[m[K, 270}, 20)
      |                       [01;35m[K~~~~~~~~~~~~^~~~[m[K

[01m[K/ROS_ws/src/pc_robot_controller/src/controller.cpp:74:9:[m[K [01;31m[Kerror: [m[Kexpected ‘[01m[K,[m[K’ or ‘[01m[K;[m[K’ before ‘[01m[Ktoggle_button[m[K’
   74 |         [01;31m[Ktoggle_button[m[K daiza_cyl12({screenWidth -200, 300}, 130, 70, GRAY, PINK);
      |         [01;31m[K^~~~~~~~~~~~~[m[K
[01m[K/ROS_ws/src/pc_robot_controller/src/controller.cpp:74:58:[m[K [01;31m[Kerror: [m[Kexpected primary-expression before ‘[01m[K,[m[K’ token
   74 | aiza_cyl12({screenWidth -200, 300}[01;31m[K,[m[K 130, 70, GRAY, PINK);
      |                                   [01;31m[K^[m[K

[01m[K/ROS_ws/src/pc_robot_controller/src/controller.cpp:75:47:[m[K [01;35m[Kwarning: [m[Knarrowing conversion of ‘[01m[K(screenWidth - 200)[m[K’ from ‘[01m[Kint[m[K’ to ‘[01m[Kfloat[m[K’ [[01;35m[K-Wnarrowing[m[K]
   75 | le_button daiza_cyl3({[01;35m[KscreenWidth -200[m[K, 400}, 130, 70, GRAY, PINK);
      |                       [01;35m[K~~~~~~~~~~~~^~~~[m[K

[01m[K/ROS_ws/src/pc_robot_controller/src/controller.cpp:76:47:[m[K [01;35m[Kwarning: [m[Knarrowing conversion of ‘[01m[K(screenWidth - 200)[m[K’ from ‘[01m[Kint[m[K’ to ‘[01m[Kfloat[m[K’ [[01;35m[K-Wnarrowing[m[K]
   76 | le_button daiza_cyl4({[01;35m[KscreenWidth -200[m[K, 500}, 130, 70, GRAY, PINK);
      |                       [01;35m[K~~~~~~~~~~~~^~~~[m[K

[01m[K/ROS_ws/src/pc_robot_controller/src/controller.cpp:77:56:[m[K [01;35m[Kwarning: [m[Knarrowing conversion of ‘[01m[K(screenWidth - 190)[m[K’ from ‘[01m[Kint[m[K’ to ‘[01m[Kfloat[m[K’ [[01;35m[K-Wnarrowing[m[K]
   77 | yl12("cylinder 1,2", {[01;35m[KscreenWidth -190[m[K, 325}, 20);
      |                       [01;35m[K~~~~~~~~~~~~^~~~[m[K

[01m[K/ROS_ws/src/pc_robot_controller/src/controller.cpp:78:53:[m[K [01;35m[Kwarning: [m[Knarrowing conversion of ‘[01m[K(screenWidth - 190)[m[K’ from ‘[01m[Kint[m[K’ to ‘[01m[Kfloat[m[K’ [[01;35m[K-Wnarrowing[m[K]
   78 | l_cyl3("cylinder 3", {[01;35m[KscreenWidth -190[m[K, 425}, 20);
      |                       [01;35m[K~~~~~~~~~~~~^~~~[m[K

[01m[K/ROS_ws/src/pc_robot_controller/src/controller.cpp:79:53:[m[K [01;35m[Kwarning: [m[Knarrowing conversion of ‘[01m[K(screenWidth - 190)[m[K’ from ‘[01m[Kint[m[K’ to ‘[01m[Kfloat[m[K’ [[01;35m[K-Wnarrowing[m[K]
   79 | l_cyl4("cylinder 4", {[01;35m[KscreenWidth -190[m[K, 525}, 20);
      |                       [01;35m[K~~~~~~~~~~~~^~~~[m[K

[01m[K/ROS_ws/src/pc_robot_controller/src/controller.cpp:94:25:[m[K [01;31m[Kerror: [m[K‘[01m[Kclass label[m[K’ has no member named ‘[01m[Kmocve[m[K’; did you mean ‘[01m[Kmove[m[K’?
   94 |             title_daize.[01;31m[Kmocve[m[K({screenWidth -210, 270});
      |                         [01;31m[K^~~~~[m[K
      |                         [32m[Kmove[m[K
[01m[K/ROS_ws/src/pc_robot_controller/src/controller.cpp:95:13:[m[K [01;31m[Kerror: [m[K‘[01m[Kdaiza_cyl12[m[K’ was not declared in this scope; did you mean ‘[01m[Kdaiza_cyl4[m[K’?
   95 |             [01;31m[Kdaiza_cyl12[m[K.move({screenWidth -200, 300});
      |             [01;31m[K^~~~~~~~~~~[m[K
      |             [32m[Kdaiza_cyl4[m[K
[01m[K/ROS_ws/src/pc_robot_controller/src/controller.cpp:96:42:[m[K [01;35m[Kwarning: [m[Knarrowing conversion of ‘[01m[K(screenWidth - 200)[m[K’ from ‘[01m[Kint[m[K’ to ‘[01m[Kfloat[m[K’ [[01;35m[K-Wnarrowing[m[K]
   96 |      daiza_cyl3.move({[01;35m[KscreenWidth -200[m[K, 400});
      |                       [01;35m[K~~~~~~~~~~~~^~~~[m[K

[01m[K/ROS_ws/src/pc_robot_controller/src/controller.cpp:97:42:[m[K [01;35m[Kwarning: [m[Knarrowing conversion of ‘[01m[K(screenWidth - 200)[m[K’ from ‘[01m[Kint[m[K’ to ‘[01m[Kfloat[m[K’ [[01;35m[K-Wnarrowing[m[K]
   97 |      daiza_cyl4.move({[01;35m[KscreenWidth -200[m[K, 500});
      |                       [01;35m[K~~~~~~~~~~~~^~~~[m[K

[01m[K/ROS_ws/src/pc_robot_controller/src/controller.cpp:98:43:[m[K [01;35m[Kwarning: [m[Knarrowing conversion of ‘[01m[K(screenWidth - 190)[m[K’ from ‘[01m[Kint[m[K’ to ‘[01m[Kfloat[m[K’ [[01;35m[K-Wnarrowing[m[K]
   98 |     label_cyl12.move({[01;35m[KscreenWidth -190[m[K, 325});
      |                       [01;35m[K~~~~~~~~~~~~^~~~[m[K

[01m[K/ROS_ws/src/pc_robot_controller/src/controller.cpp:99:42:[m[K [01;35m[Kwarning: [m[Knarrowing conversion of ‘[01m[K(screenWidth - 190)[m[K’ from ‘[01m[Kint[m[K’ to ‘[01m[Kfloat[m[K’ [[01;35m[K-Wnarrowing[m[K]
   99 |      label_cyl3.move({[01;35m[KscreenWidth -190[m[K, 425});
      |                       [01;35m[K~~~~~~~~~~~~^~~~[m[K

[01m[K/ROS_ws/src/pc_robot_controller/src/controller.cpp:100:42:[m[K [01;35m[Kwarning: [m[Knarrowing conversion of ‘[01m[K(screenWidth - 190)[m[K’ from ‘[01m[Kint[m[K’ to ‘[01m[Kfloat[m[K’ [[01;35m[K-Wnarrowing[m[K]
  100 |      label_cyl4.move({[01;35m[KscreenWidth -190[m[K, 525});
      |                       [01;35m[K~~~~~~~~~~~~^~~~[m[K

[01m[K/ROS_ws/src/pc_robot_controller/src/controller.cpp:101:47:[m[K [01;35m[Kwarning: [m[Knarrowing conversion of ‘[01m[K(screenWidth / 2)[m[K’ from ‘[01m[Kint[m[K’ to ‘[01m[Kfloat[m[K’ [[01;35m[K-Wnarrowing[m[K]
  101 | robot.origin = Vector2{[01;35m[KscreenWidth/2[m[K, screenHeight/2};
      |                        [01;35m[K~~~~~~~~~~~^~[m[K

[01m[K/ROS_ws/src/pc_robot_controller/src/controller.cpp:101:63:[m[K [01;35m[Kwarning: [m[Knarrowing conversion of ‘[01m[K(screenHeight / 2)[m[K’ from ‘[01m[Kint[m[K’ to ‘[01m[Kfloat[m[K’ [[01;35m[K-Wnarrowing[m[K]
  101 | gin = Vector2{screenWidth/2, [01;35m[KscreenHeight/2[m[K};
      |                              [01;35m[K~~~~~~~~~~~~^~[m[K

[01m[K/ROS_ws/src/pc_robot_controller/src/controller.cpp:170:142:[m[K [01;31m[Kerror: [m[Kno match for ‘[01m[Koperator=[m[K’ (operand types are ‘[01m[Kmecha_control::msg::ActuatorCommands_<std::allocator<void> >::_cylinder_states_type[m[K’ {aka ‘[01m[Kstd::vector<bool, std::allocator<bool> >[m[K’} and ‘[01m[K<brace-enclosed initializer list>[m[K’)
  170 | za_cyl3.get_value(), daiza_cyl4.get_value()[01;31m[K}[m[K;
      |                                            [01;31m[K^[m[K

In file included from [01m[K/usr/include/c++/11/vector:68[m[K,
                 from [01m[K/usr/include/c++/11/functional:62[m[K,
                 from [01m[K/usr/include/c++/11/pstl/glue_algorithm_defs.h:13[m[K,
                 from [01m[K/usr/include/c++/11/algorithm:74[m[K,
                 from [01m[K/opt/ros/humble/include/rclcpp/rclcpp/executor.hpp:18[m[K,
                 from [01m[K/opt/ros/humble/include/rclcpp/rclcpp/executors/multi_threaded_executor.hpp:25[m[K,
                 from [01m[K/opt/ros/humble/include/rclcpp/rclcpp/executors.hpp:21[m[K,
                 from [01m[K/opt/ros/humble/include/rclcpp/rclcpp/rclcpp.hpp:155[m[K,
                 from [01m[K/ROS_ws/src/pc_robot_controller/src/controller.cpp:1[m[K:
[01m[K/usr/include/c++/11/bits/stl_bvector.h:736:7:[m[K [01;36m[Knote: [m[Kcandidate: ‘[01m[Kstd::vector<bool, _Alloc>& std::vector<bool, _Alloc>::operator=(const std::vector<bool, _Alloc>&) [with _Alloc = std::allocator<bool>][m[K’
  736 |       [01;36m[Koperator[m[K=(const vector& __x)
      |       [01;36m[K^~~~~~~~[m[K
[01m[K/usr/include/c++/11/bits/stl_bvector.h:736:31:[m[K [01;36m[Knote: [m[K  no known conversion for argument 1 from ‘[01m[K<brace-enclosed initializer list>[m[K’ to ‘[01m[Kconst std::vector<bool, std::allocator<bool> >&[m[K’
  736 |       operator=([01;36m[Kconst vector& __x[m[K)
      |                 [01;36m[K~~~~~~~~~~~~~~^~~[m[K
[01m[K/usr/include/c++/11/bits/stl_bvector.h:767:7:[m[K [01;36m[Knote: [m[Kcandidate: ‘[01m[Kstd::vector<bool, _Alloc>& std::vector<bool, _Alloc>::operator=(std::vector<bool, _Alloc>&&) [with _Alloc = std::allocator<bool>][m[K’
  767 |       [01;36m[Koperator[m[K=(vector&& __x) noexcept(_Bit_alloc_traits::_S_nothrow_move())
      |       [01;36m[K^~~~~~~~[m[K
[01m[K/usr/include/c++/11/bits/stl_bvector.h:767:26:[m[K [01;36m[Knote: [m[K  no known conversion for argument 1 from ‘[01m[K<brace-enclosed initializer list>[m[K’ to ‘[01m[Kstd::vector<bool, std::allocator<bool> >&&[m[K’
  767 |       operator=([01;36m[Kvector&& __x[m[K) noexcept(_Bit_alloc_traits::_S_nothrow_move())
      |                 [01;36m[K~~~~~~~~~^~~[m[K
[01m[K/usr/include/c++/11/bits/stl_bvector.h:792:7:[m[K [01;36m[Knote: [m[Kcandidate: ‘[01m[Kstd::vector<bool, _Alloc>& std::vector<bool, _Alloc>::operator=(std::initializer_list<bool>) [with _Alloc = std::allocator<bool>][m[K’
  792 |       [01;36m[Koperator[m[K=(initializer_list<bool> __l)
      |       [01;36m[K^~~~~~~~[m[K
[01m[K/usr/include/c++/11/bits/stl_bvector.h:792:40:[m[K [01;36m[Knote: [m[K  no known conversion for argument 1 from ‘[01m[K<brace-enclosed initializer list>[m[K’ to ‘[01m[Kstd::initializer_list<bool>[m[K’
  792 |       operator=([01;36m[Kinitializer_list<bool> __l[m[K)
      |                 [01;36m[K~~~~~~~~~~~~~~~~~~~~~~~^~~[m[K
gmake[2]: *** [CMakeFiles/controller.dir/build.make:76: CMakeFiles/controller.dir/src/controller.cpp.o] Error 1
gmake[1]: *** [CMakeFiles/Makefile2:137: CMakeFiles/controller.dir/all] Error 2
gmake: *** [Makefile:146: all] Error 2
