-- Found ament_cmake: 1.3.3 (/opt/ros/humble/share/ament_cmake/cmake)
-- Found rclcpp: 16.0.3 (/opt/ros/humble/share/rclcpp/cmake)
-- Found rosidl_generator_c: 3.1.4 (/opt/ros/humble/share/rosidl_generator_c/cmake)
-- Found rosidl_adapter: 3.1.4 (/opt/ros/humble/share/rosidl_adapter/cmake)
-- Found rosidl_generator_cpp: 3.1.4 (/opt/ros/humble/share/rosidl_generator_cpp/cmake)
-- Using all available rosidl_typesupport_c: rosidl_typesupport_fastrtps_c;rosidl_typesupport_introspection_c
-- Using all available rosidl_typesupport_cpp: rosidl_typesupport_fastrtps_cpp;rosidl_typesupport_introspection_cpp
-- Found rmw_implementation_cmake: 6.1.1 (/opt/ros/humble/share/rmw_implementation_cmake/cmake)
-- Found rmw_fastrtps_cpp: 6.2.2 (/opt/ros/humble/share/rmw_fastrtps_cpp/cmake)
-- Using RMW implementation 'rmw_fastrtps_cpp' as default
-- Found rclpy: 3.3.7 (/opt/ros/humble/share/rclpy/cmake)
-- Found nucleo_agent: 0.0.0 (/ROS_ws/install/nucleo_agent/share/nucleo_agent/cmake)
-- Found mecha_control: 0.0.0 (/ROS_ws/install/mecha_control/share/mecha_control/cmake)
-- Found sensor_msgs: 4.2.3 (/opt/ros/humble/share/sensor_msgs/cmake)
-- Found rosidl_default_generators: 1.2.0 (/opt/ros/humble/share/rosidl_default_generators/cmake)
-- Found ament_lint_auto: 0.12.5 (/opt/ros/humble/share/ament_lint_auto/cmake)
-- Added test 'cppcheck' to perform static code analysis on C / C++ code
-- Configured cppcheck include dirs: $<BUILD_INTERFACE:/ROS_ws/src/pc_robot_controller/include>
-- Configured cppcheck exclude dirs and/or files: 
-- Added test 'lint_cmake' to check CMake code style
-- Added test 'uncrustify' to check C / C++ code style
-- Configured uncrustify additional arguments: 
-- Added test 'xmllint' to check XML markup files
-- Configuring done
-- Generating done
-- Build files have been written to: /ROS_ws/build/pc_robot_controller
[35m[1mConsolidate compiler generated dependencies of target controller[0m
[ 50%] [32m[1mLinking CXX executable controller[0m
[100%] Built target controller
-- Install configuration: ""
-- Installing: /ROS_ws/install/pc_robot_controller/lib/pc_robot_controller/controller
-- Set runtime path of "/ROS_ws/install/pc_robot_controller/lib/pc_robot_controller/controller" to ""
-- Up-to-date: /ROS_ws/install/pc_robot_controller/share/ament_index/resource_index/package_run_dependencies/pc_robot_controller
-- Installing: /ROS_ws/install/pc_robot_controller/share/ament_index/resource_index/parent_prefix_path/pc_robot_controller
-- Up-to-date: /ROS_ws/install/pc_robot_controller/share/pc_robot_controller/environment/ament_prefix_path.sh
-- Installing: /ROS_ws/install/pc_robot_controller/share/pc_robot_controller/environment/ament_prefix_path.dsv
-- Up-to-date: /ROS_ws/install/pc_robot_controller/share/pc_robot_controller/environment/path.sh
-- Installing: /ROS_ws/install/pc_robot_controller/share/pc_robot_controller/environment/path.dsv
-- Up-to-date: /ROS_ws/install/pc_robot_controller/share/pc_robot_controller/local_setup.bash
-- Up-to-date: /ROS_ws/install/pc_robot_controller/share/pc_robot_controller/local_setup.sh
-- Up-to-date: /ROS_ws/install/pc_robot_controller/share/pc_robot_controller/local_setup.zsh
-- Installing: /ROS_ws/install/pc_robot_controller/share/pc_robot_controller/local_setup.dsv
-- Installing: /ROS_ws/install/pc_robot_controller/share/pc_robot_controller/package.dsv
-- Up-to-date: /ROS_ws/install/pc_robot_controller/share/ament_index/resource_index/packages/pc_robot_controller
-- Up-to-date: /ROS_ws/install/pc_robot_controller/share/pc_robot_controller/cmake/pc_robot_controllerConfig.cmake
-- Up-to-date: /ROS_ws/install/pc_robot_controller/share/pc_robot_controller/cmake/pc_robot_controllerConfig-version.cmake
-- Up-to-date: /ROS_ws/install/pc_robot_controller/share/pc_robot_controller/package.xml
