[0.011s] Invoking command in '/ROS_ws/build/mecha_control': CMAKE_PREFIX_PATH=${CMAKE_PREFIX_PATH}:/opt/ros/humble /usr/bin/cmake --build /ROS_ws/build/mecha_control -- -j12 -l12
[0.026s] -- Found ament_cmake: 1.3.3 (/opt/ros/humble/share/ament_cmake/cmake)
[0.123s] -- Found rclcpp: 16.0.3 (/opt/ros/humble/share/rclcpp/cmake)
[0.142s] -- Found rosidl_generator_c: 3.1.4 (/opt/ros/humble/share/rosidl_generator_c/cmake)
[0.143s] -- Found rosidl_adapter: 3.1.4 (/opt/ros/humble/share/rosidl_adapter/cmake)
[0.147s] -- Found rosidl_generator_cpp: 3.1.4 (/opt/ros/humble/share/rosidl_generator_cpp/cmake)
[0.154s] -- Using all available rosidl_typesupport_c: rosidl_typesupport_fastrtps_c;rosidl_typesupport_introspection_c
[0.163s] -- Using all available rosidl_typesupport_cpp: rosidl_typesupport_fastrtps_cpp;rosidl_typesupport_introspection_cpp
[0.200s] -- Found rmw_implementation_cmake: 6.1.1 (/opt/ros/humble/share/rmw_implementation_cmake/cmake)
[0.201s] -- Found rmw_fastrtps_cpp: 6.2.2 (/opt/ros/humble/share/rmw_fastrtps_cpp/cmake)
[0.284s] -- Using RMW implementation 'rmw_fastrtps_cpp' as default
[0.384s] -- Found rclpy: 3.3.7 (/opt/ros/humble/share/rclpy/cmake)
[0.384s] -- Found rosidl_default_generators: 1.2.0 (/opt/ros/humble/share/rosidl_default_generators/cmake)
[0.539s] -- Found ament_cmake_ros: 0.10.0 (/opt/ros/humble/share/ament_cmake_ros/cmake)
[0.725s] -- Using all available rosidl_typesupport_c: rosidl_typesupport_fastrtps_c;rosidl_typesupport_introspection_c
[0.798s] -- Using all available rosidl_typesupport_cpp: rosidl_typesupport_fastrtps_cpp;rosidl_typesupport_introspection_cpp
[0.812s] -- Found python_cmake_module: 0.10.0 (/opt/ros/humble/share/python_cmake_module/cmake)
[0.827s] -- Using PYTHON_EXECUTABLE: /usr/bin/python3
[0.827s] -- Using PYTHON_INCLUDE_DIRS: /usr/include/python3.10
[0.827s] -- Using PYTHON_LIBRARIES: /usr/lib/x86_64-linux-gnu/libpython3.10.so
[0.833s] -- Found ament_lint_auto: 0.12.5 (/opt/ros/humble/share/ament_lint_auto/cmake)
[0.839s] -- Added test 'flake8' to check Python code syntax and style conventions
[0.839s] -- Added test 'lint_cmake' to check CMake code style
[0.839s] -- Added test 'pep257' to check Python code against some of the docstring style conventions in PEP 257
[0.840s] -- Added test 'xmllint' to check XML markup files
[0.840s] -- Configuring done
[0.858s] -- Generating done
[0.859s] -- Build files have been written to: /ROS_ws/build/mecha_control
[0.875s] [  2%] [34m[1mGenerating C code for ROS interfaces[0m
[0.880s] [  4%] [34m[1mGenerating C++ code for ROS interfaces[0m
[0.885s] [  4%] Built target ament_cmake_python_copy_mecha_control
[1.007s] running egg_info
[1.008s] writing mecha_control.egg-info/PKG-INFO
[1.008s] writing dependency_links to mecha_control.egg-info/dependency_links.txt
[1.008s] writing top-level names to mecha_control.egg-info/top_level.txt
[1.010s] reading manifest file 'mecha_control.egg-info/SOURCES.txt'
[1.010s] writing manifest file 'mecha_control.egg-info/SOURCES.txt'
[1.026s] [  4%] Built target ament_cmake_python_build_mecha_control_egg
[1.118s] [  4%] Built target mecha_control__cpp
[1.124s] [ 10%] [34m[1mGenerating C++ type support dispatch for ROS interfaces[0m
[1.124s] [ 10%] [34m[1mGenerating C++ type support for eProsima Fast-RTPS[0m
[1.124s] [ 10%] [34m[1mGenerating C++ introspection for ROS interfaces[0m
[1.124s] [35m[1mConsolidate compiler generated dependencies of target mecha_control__rosidl_generator_c[0m
[1.130s] [ 12%] [32mBuilding C object CMakeFiles/mecha_control__rosidl_generator_c.dir/rosidl_generator_c/mecha_control/msg/detail/sensor_states__functions.c.o[0m
[1.131s] [ 14%] [32mBuilding C object CMakeFiles/mecha_control__rosidl_generator_c.dir/rosidl_generator_c/mecha_control/msg/detail/mecha_state__functions.c.o[0m
[1.132s] [ 17%] [32mBuilding C object CMakeFiles/mecha_control__rosidl_generator_c.dir/rosidl_generator_c/mecha_control/msg/detail/actuator_commands__functions.c.o[0m
[1.138s] In file included from [01m[K/ROS_ws/build/mecha_control/rosidl_generator_c/mecha_control/msg/detail/sensor_states__functions.h:19[m[K,
[1.138s]                  from [01m[K/ROS_ws/build/mecha_control/rosidl_generator_c/mecha_control/msg/detail/sensor_states__functions.c:4[m[K:
[1.139s] [01m[K/ROS_ws/build/mecha_control/rosidl_generator_c/mecha_control/msg/detail/sensor_states__struct.h:23:10:[m[K [01;31m[Kfatal error: [m[Kstd_msgs/msg/detail/header__struct.h: No such file or directory
[1.139s]    23 | #include [01;31m[K"std_msgs/msg/detail/header__struct.h"[m[K
[1.139s]       |          [01;31m[K^~~~~~~~~~~~~~~~~~~~~~~~~~~~~~~~~~~~~~[m[K
[1.139s] compilation terminated.
[1.139s] gmake[2]: *** [CMakeFiles/mecha_control__rosidl_generator_c.dir/build.make:137: CMakeFiles/mecha_control__rosidl_generator_c.dir/rosidl_generator_c/mecha_control/msg/detail/sensor_states__functions.c.o] Error 1
[1.139s] gmake[2]: *** Waiting for unfinished jobs....
[1.166s] gmake[1]: *** [CMakeFiles/Makefile2:213: CMakeFiles/mecha_control__rosidl_generator_c.dir/all] Error 2
[1.167s] gmake[1]: *** Waiting for unfinished jobs....
[1.347s] [35m[1mConsolidate compiler generated dependencies of target mecha_control__rosidl_typesupport_fastrtps_cpp[0m
[1.356s] [ 23%] [32mBuilding CXX object CMakeFiles/mecha_control__rosidl_typesupport_fastrtps_cpp.dir/rosidl_typesupport_fastrtps_cpp/mecha_control/msg/detail/dds_fastrtps/mecha_state__type_support.cpp.o[0m
[1.356s] [ 23%] [32mBuilding CXX object CMakeFiles/mecha_control__rosidl_typesupport_fastrtps_cpp.dir/rosidl_typesupport_fastrtps_cpp/mecha_control/msg/detail/dds_fastrtps/sensor_states__type_support.cpp.o[0m
[1.356s] [ 23%] [32mBuilding CXX object CMakeFiles/mecha_control__rosidl_typesupport_fastrtps_cpp.dir/rosidl_typesupport_fastrtps_cpp/mecha_control/msg/detail/dds_fastrtps/actuator_commands__type_support.cpp.o[0m
[1.389s] In file included from [01m[K/ROS_ws/build/mecha_control/rosidl_typesupport_fastrtps_cpp/mecha_control/msg/detail/sensor_states__rosidl_typesupport_fastrtps_cpp.hpp:11[m[K,
[1.389s]                  from [01m[K/ROS_ws/build/mecha_control/rosidl_typesupport_fastrtps_cpp/mecha_control/msg/detail/dds_fastrtps/sensor_states__type_support.cpp:4[m[K:
[1.389s] [01m[K/ROS_ws/build/mecha_control/rosidl_generator_cpp/mecha_control/msg/detail/sensor_states__struct.hpp:20:10:[m[K [01;31m[Kfatal error: [m[Kstd_msgs/msg/detail/header__struct.hpp: No such file or directory
[1.389s]    20 | #include [01;31m[K"std_msgs/msg/detail/header__struct.hpp"[m[K
[1.389s]       |          [01;31m[K^~~~~~~~~~~~~~~~~~~~~~~~~~~~~~~~~~~~~~~~[m[K
[1.389s] compilation terminated.
[1.389s] gmake[2]: *** [CMakeFiles/mecha_control__rosidl_typesupport_fastrtps_cpp.dir/build.make:105: CMakeFiles/mecha_control__rosidl_typesupport_fastrtps_cpp.dir/rosidl_typesupport_fastrtps_cpp/mecha_control/msg/detail/dds_fastrtps/sensor_states__type_support.cpp.o] Error 1
[1.389s] gmake[2]: *** Waiting for unfinished jobs....
[1.392s] [35m[1mConsolidate compiler generated dependencies of target mecha_control__rosidl_typesupport_introspection_cpp[0m
[1.400s] [ 27%] [32mBuilding CXX object CMakeFiles/mecha_control__rosidl_typesupport_introspection_cpp.dir/rosidl_typesupport_introspection_cpp/mecha_control/msg/detail/mecha_state__type_support.cpp.o[0m
[1.400s] [ 27%] [32mBuilding CXX object CMakeFiles/mecha_control__rosidl_typesupport_introspection_cpp.dir/rosidl_typesupport_introspection_cpp/mecha_control/msg/detail/actuator_commands__type_support.cpp.o[0m
[1.402s] [ 29%] [32mBuilding CXX object CMakeFiles/mecha_control__rosidl_typesupport_introspection_cpp.dir/rosidl_typesupport_introspection_cpp/mecha_control/msg/detail/sensor_states__type_support.cpp.o[0m
[1.411s] [35m[1mConsolidate compiler generated dependencies of target mecha_control__rosidl_typesupport_cpp[0m
[1.423s] [ 34%] [32mBuilding CXX object CMakeFiles/mecha_control__rosidl_typesupport_cpp.dir/rosidl_typesupport_cpp/mecha_control/msg/sensor_states__type_support.cpp.o[0m
[1.423s] [ 34%] [32mBuilding CXX object CMakeFiles/mecha_control__rosidl_typesupport_cpp.dir/rosidl_typesupport_cpp/mecha_control/msg/mecha_state__type_support.cpp.o[0m
[1.423s] [ 36%] [32mBuilding CXX object CMakeFiles/mecha_control__rosidl_typesupport_cpp.dir/rosidl_typesupport_cpp/mecha_control/msg/actuator_commands__type_support.cpp.o[0m
[1.449s] In file included from [01m[K/ROS_ws/build/mecha_control/rosidl_typesupport_introspection_cpp/mecha_control/msg/detail/sensor_states__type_support.cpp:12[m[K:
[1.449s] [01m[K/ROS_ws/build/mecha_control/rosidl_generator_cpp/mecha_control/msg/detail/sensor_states__struct.hpp:20:10:[m[K [01;31m[Kfatal error: [m[Kstd_msgs/msg/detail/header__struct.hpp: No such file or directory
[1.449s]    20 | #include [01;31m[K"std_msgs/msg/detail/header__struct.hpp"[m[K
[1.449s]       |          [01;31m[K^~~~~~~~~~~~~~~~~~~~~~~~~~~~~~~~~~~~~~~~[m[K
[1.449s] compilation terminated.
[1.450s] gmake[2]: *** [CMakeFiles/mecha_control__rosidl_typesupport_introspection_cpp.dir/build.make:105: CMakeFiles/mecha_control__rosidl_typesupport_introspection_cpp.dir/rosidl_typesupport_introspection_cpp/mecha_control/msg/detail/sensor_states__type_support.cpp.o] Error 1
[1.450s] gmake[2]: *** Waiting for unfinished jobs....
[1.470s] In file included from [01m[K/ROS_ws/build/mecha_control/rosidl_typesupport_cpp/mecha_control/msg/sensor_states__type_support.cpp:7[m[K:
[1.470s] [01m[K/ROS_ws/build/mecha_control/rosidl_generator_cpp/mecha_control/msg/detail/sensor_states__struct.hpp:20:10:[m[K [01;31m[Kfatal error: [m[Kstd_msgs/msg/detail/header__struct.hpp: No such file or directory
[1.470s]    20 | #include [01;31m[K"std_msgs/msg/detail/header__struct.hpp"[m[K
[1.470s]       |          [01;31m[K^~~~~~~~~~~~~~~~~~~~~~~~~~~~~~~~~~~~~~~~[m[K
[1.470s] compilation terminated.
[1.471s] gmake[2]: *** [CMakeFiles/mecha_control__rosidl_typesupport_cpp.dir/build.make:94: CMakeFiles/mecha_control__rosidl_typesupport_cpp.dir/rosidl_typesupport_cpp/mecha_control/msg/sensor_states__type_support.cpp.o] Error 1
[1.471s] gmake[2]: *** Waiting for unfinished jobs....
[1.647s] gmake[1]: *** [CMakeFiles/Makefile2:395: CMakeFiles/mecha_control__rosidl_typesupport_cpp.dir/all] Error 2
[1.655s] gmake[1]: *** [CMakeFiles/Makefile2:291: CMakeFiles/mecha_control__rosidl_typesupport_fastrtps_cpp.dir/all] Error 2
[1.701s] gmake[1]: *** [CMakeFiles/Makefile2:369: CMakeFiles/mecha_control__rosidl_typesupport_introspection_cpp.dir/all] Error 2
[1.702s] gmake: *** [Makefile:146: all] Error 2
[1.703s] Invoked command in '/ROS_ws/build/mecha_control' returned '2': CMAKE_PREFIX_PATH=${CMAKE_PREFIX_PATH}:/opt/ros/humble /usr/bin/cmake --build /ROS_ws/build/mecha_control -- -j12 -l12
