[0.039s] Invoking command in '/ROS_ws/build/mecha_control': CMAKE_PREFIX_PATH=${CMAKE_PREFIX_PATH}:/ROS_ws/install/calc_vel:/opt/ros/humble /usr/bin/cmake --build /ROS_ws/build/mecha_control -- -j12 -l12
[0.190s] -- Found ament_cmake: 1.3.3 (/opt/ros/humble/share/ament_cmake/cmake)
[0.190s] -- Found rclcpp: 16.0.3 (/opt/ros/humble/share/rclcpp/cmake)
[0.190s] -- Found rosidl_generator_c: 3.1.4 (/opt/ros/humble/share/rosidl_generator_c/cmake)
[0.190s] -- Found rosidl_adapter: 3.1.4 (/opt/ros/humble/share/rosidl_adapter/cmake)
[0.191s] -- Found rosidl_generator_cpp: 3.1.4 (/opt/ros/humble/share/rosidl_generator_cpp/cmake)
[0.191s] -- Using all available rosidl_typesupport_c: rosidl_typesupport_fastrtps_c;rosidl_typesupport_introspection_c
[0.199s] -- Using all available rosidl_typesupport_cpp: rosidl_typesupport_fastrtps_cpp;rosidl_typesupport_introspection_cpp
[0.257s] -- Found rmw_implementation_cmake: 6.1.1 (/opt/ros/humble/share/rmw_implementation_cmake/cmake)
[0.260s] -- Found rmw_fastrtps_cpp: 6.2.2 (/opt/ros/humble/share/rmw_fastrtps_cpp/cmake)
[0.400s] -- Using RMW implementation 'rmw_fastrtps_cpp' as default
[0.546s] -- Found rclpy: 3.3.7 (/opt/ros/humble/share/rclpy/cmake)
[0.546s] -- Found geometry_msgs: 4.2.3 (/opt/ros/humble/share/geometry_msgs/cmake)
[0.575s] -- Found rosidl_default_generators: 1.2.0 (/opt/ros/humble/share/rosidl_default_generators/cmake)
[0.823s] -- Found ament_cmake_ros: 0.10.0 (/opt/ros/humble/share/ament_cmake_ros/cmake)
[1.021s] -- Using all available rosidl_typesupport_c: rosidl_typesupport_fastrtps_c;rosidl_typesupport_introspection_c
[1.100s] -- Using all available rosidl_typesupport_cpp: rosidl_typesupport_fastrtps_cpp;rosidl_typesupport_introspection_cpp
[1.114s] -- Found python_cmake_module: 0.10.0 (/opt/ros/humble/share/python_cmake_module/cmake)
[1.128s] -- Using PYTHON_EXECUTABLE: /usr/bin/python3
[1.129s] -- Using PYTHON_INCLUDE_DIRS: /usr/include/python3.10
[1.129s] -- Using PYTHON_LIBRARIES: /usr/lib/x86_64-linux-gnu/libpython3.10.so
[1.144s] -- Found mecha_control: 0.0.0 (/ROS_ws/install/mecha_control/share/mecha_control/cmake)
[1.176s] -- Found std_srvs: 4.2.3 (/opt/ros/humble/share/std_srvs/cmake)
[1.192s] -- Found ament_lint_auto: 0.12.5 (/opt/ros/humble/share/ament_lint_auto/cmake)
[1.198s] -- Added test 'cppcheck' to perform static code analysis on C / C++ code
[1.199s] -- Configured cppcheck include dirs: 
[1.199s] -- Configured cppcheck exclude dirs and/or files: 
[1.199s] -- Added test 'flake8' to check Python code syntax and style conventions
[1.200s] -- Added test 'lint_cmake' to check CMake code style
[1.200s] -- Added test 'pep257' to check Python code against some of the docstring style conventions in PEP 257
[1.202s] -- Added test 'uncrustify' to check C / C++ code style
[1.202s] -- Configured uncrustify additional arguments: 
[1.202s] -- Added test 'xmllint' to check XML markup files
[1.203s] -- Configuring done
[1.231s] [33mCMake Warning at CMakeLists.txt:36 (add_executable):
[1.231s]   Cannot generate a safe runtime search path for target cmd_seq because there
[1.231s]   is a cycle in the constraint graph:
[1.231s] 
[1.231s]     dir 0 is [/opt/ros/humble/lib]
[1.231s]     dir 1 is [/ROS_ws/install/mecha_control/lib]
[1.231s]       dir 2 must precede it due to runtime library [libmecha_control__rosidl_typesupport_introspection_c.so]
[1.231s]     dir 2 is [/ROS_ws/build/mecha_control]
[1.231s]       dir 1 must precede it due to runtime library [libmecha_control__rosidl_typesupport_fastrtps_c.so]
[1.231s] 
[1.231s]   Some of these libraries may not be found correctly.
[1.231s] 
[1.231s] [0m
[1.234s] -- Generating done
[1.236s] -- Build files have been written to: /ROS_ws/build/mecha_control
[1.252s] [  1%] [34m[1mGenerating C code for ROS interfaces[0m
[1.258s] [  2%] [34m[1mGenerating C++ code for ROS interfaces[0m
[1.264s] [  2%] Built target ament_cmake_python_copy_mecha_control
[1.386s] running egg_info
[1.386s] writing mecha_control.egg-info/PKG-INFO
[1.387s] writing dependency_links to mecha_control.egg-info/dependency_links.txt
[1.387s] writing top-level names to mecha_control.egg-info/top_level.txt
[1.388s] reading manifest file 'mecha_control.egg-info/SOURCES.txt'
[1.388s] writing manifest file 'mecha_control.egg-info/SOURCES.txt'
[1.404s] [  2%] Built target ament_cmake_python_build_mecha_control_egg
[2.313s] [  2%] Built target mecha_control__cpp
[2.321s] [  3%] [34m[1mGenerating C++ type support dispatch for ROS interfaces[0m
[2.321s] [  4%] [34m[1mGenerating C++ type support for eProsima Fast-RTPS[0m
[2.323s] [  5%] [34m[1mGenerating C++ introspection for ROS interfaces[0m
[2.357s] [35m[1mConsolidate compiler generated dependencies of target mecha_control__rosidl_generator_c[0m
[2.367s] [  7%] [32mBuilding C object CMakeFiles/mecha_control__rosidl_generator_c.dir/rosidl_generator_c/mecha_control/msg/detail/point_and_mecha_state_array__functions.c.o[0m
[2.367s] [  7%] [32mBuilding C object CMakeFiles/mecha_control__rosidl_generator_c.dir/rosidl_generator_c/mecha_control/msg/detail/sensor_states__functions.c.o[0m
[2.368s] [  9%] [32mBuilding C object CMakeFiles/mecha_control__rosidl_generator_c.dir/rosidl_generator_c/mecha_control/msg/detail/mecha_state__functions.c.o[0m
[2.368s] [  9%] [32mBuilding C object CMakeFiles/mecha_control__rosidl_generator_c.dir/rosidl_generator_c/mecha_control/msg/detail/point_and_mecha_state__functions.c.o[0m
[2.368s] [ 11%] [32mBuilding C object CMakeFiles/mecha_control__rosidl_generator_c.dir/rosidl_generator_c/mecha_control/srv/detail/mech_cmd__functions.c.o[0m
[2.368s] [ 10%] [32mBuilding C object CMakeFiles/mecha_control__rosidl_generator_c.dir/rosidl_generator_c/mecha_control/msg/detail/actuator_commands__functions.c.o[0m
[2.374s] [ 12%] [32mBuilding C object CMakeFiles/mecha_control__rosidl_generator_c.dir/rosidl_generator_c/mecha_control/action/detail/mech_cmd__functions.c.o[0m
[2.375s] [ 13%] [32mBuilding C object CMakeFiles/mecha_control__rosidl_generator_c.dir/rosidl_generator_c/mecha_control/action/detail/daiza_cmd__functions.c.o[0m
[2.376s] [ 14%] [32mBuilding C object CMakeFiles/mecha_control__rosidl_generator_c.dir/rosidl_generator_c/mecha_control/action/detail/hina_cmd__functions.c.o[0m
[2.518s] [ 15%] [32m[1mLinking C shared library libmecha_control__rosidl_generator_c.so[0m
[2.541s] [ 15%] Built target mecha_control__rosidl_generator_c
[2.549s] [ 16%] [34m[1mGenerating C type support for eProsima Fast-RTPS[0m
[2.549s] [ 17%] [34m[1mGenerating C introspection for ROS interfaces[0m
[2.550s] [ 18%] [34m[1mGenerating C type support dispatch for ROS interfaces[0m
[3.265s] [35m[1mConsolidate compiler generated dependencies of target mecha_control__rosidl_typesupport_introspection_cpp[0m
[3.280s] [35m[1mConsolidate compiler generated dependencies of target mecha_control__rosidl_typesupport_c[0m
[3.281s] [ 19%] [32mBuilding CXX object CMakeFiles/mecha_control__rosidl_typesupport_introspection_cpp.dir/rosidl_typesupport_introspection_cpp/mecha_control/msg/detail/sensor_states__type_support.cpp.o[0m
[3.281s] [ 20%] [32mBuilding CXX object CMakeFiles/mecha_control__rosidl_typesupport_introspection_cpp.dir/rosidl_typesupport_introspection_cpp/mecha_control/msg/detail/actuator_commands__type_support.cpp.o[0m
[3.281s] [ 21%] [32mBuilding CXX object CMakeFiles/mecha_control__rosidl_typesupport_introspection_cpp.dir/rosidl_typesupport_introspection_cpp/mecha_control/msg/detail/mecha_state__type_support.cpp.o[0m
[3.282s] [ 22%] [32mBuilding CXX object CMakeFiles/mecha_control__rosidl_typesupport_introspection_cpp.dir/rosidl_typesupport_introspection_cpp/mecha_control/msg/detail/point_and_mecha_state__type_support.cpp.o[0m
[3.282s] [ 23%] [32mBuilding CXX object CMakeFiles/mecha_control__rosidl_typesupport_introspection_cpp.dir/rosidl_typesupport_introspection_cpp/mecha_control/msg/detail/point_and_mecha_state_array__type_support.cpp.o[0m
[3.287s] [ 24%] [32mBuilding CXX object CMakeFiles/mecha_control__rosidl_typesupport_introspection_cpp.dir/rosidl_typesupport_introspection_cpp/mecha_control/srv/detail/mech_cmd__type_support.cpp.o[0m
[3.288s] [ 25%] [32mBuilding CXX object CMakeFiles/mecha_control__rosidl_typesupport_introspection_cpp.dir/rosidl_typesupport_introspection_cpp/mecha_control/action/detail/mech_cmd__type_support.cpp.o[0m
[3.298s] [ 26%] [32mBuilding CXX object CMakeFiles/mecha_control__rosidl_typesupport_c.dir/rosidl_typesupport_c/mecha_control/msg/sensor_states__type_support.cpp.o[0m
[3.422s] [ 27%] [32mBuilding CXX object CMakeFiles/mecha_control__rosidl_typesupport_c.dir/rosidl_typesupport_c/mecha_control/msg/actuator_commands__type_support.cpp.o[0m
[3.546s] [ 28%] [32mBuilding CXX object CMakeFiles/mecha_control__rosidl_typesupport_c.dir/rosidl_typesupport_c/mecha_control/msg/mecha_state__type_support.cpp.o[0m
[3.648s] [ 29%] [32mBuilding CXX object CMakeFiles/mecha_control__rosidl_typesupport_introspection_cpp.dir/rosidl_typesupport_introspection_cpp/mecha_control/action/detail/daiza_cmd__type_support.cpp.o[0m
[3.665s] [ 30%] [32mBuilding CXX object CMakeFiles/mecha_control__rosidl_typesupport_c.dir/rosidl_typesupport_c/mecha_control/msg/point_and_mecha_state__type_support.cpp.o[0m
[3.707s] [35m[1mConsolidate compiler generated dependencies of target mecha_control__rosidl_typesupport_cpp[0m
[3.717s] [ 31%] [32mBuilding CXX object CMakeFiles/mecha_control__rosidl_typesupport_introspection_cpp.dir/rosidl_typesupport_introspection_cpp/mecha_control/action/detail/hina_cmd__type_support.cpp.o[0m
[3.719s] [ 32%] [32mBuilding CXX object CMakeFiles/mecha_control__rosidl_typesupport_c.dir/rosidl_typesupport_c/mecha_control/msg/point_and_mecha_state_array__type_support.cpp.o[0m
[3.727s] [ 34%] [32mBuilding CXX object CMakeFiles/mecha_control__rosidl_typesupport_cpp.dir/rosidl_typesupport_cpp/mecha_control/msg/sensor_states__type_support.cpp.o[0m
[3.743s] [ 35%] [32mBuilding CXX object CMakeFiles/mecha_control__rosidl_typesupport_cpp.dir/rosidl_typesupport_cpp/mecha_control/msg/mecha_state__type_support.cpp.o[0m
[3.743s] [ 36%] [32mBuilding CXX object CMakeFiles/mecha_control__rosidl_typesupport_c.dir/rosidl_typesupport_c/mecha_control/srv/mech_cmd__type_support.cpp.o[0m
[3.749s] [ 37%] [32mBuilding CXX object CMakeFiles/mecha_control__rosidl_typesupport_cpp.dir/rosidl_typesupport_cpp/mecha_control/msg/actuator_commands__type_support.cpp.o[0m
[3.761s] [ 38%] [32mBuilding CXX object CMakeFiles/mecha_control__rosidl_typesupport_c.dir/rosidl_typesupport_c/mecha_control/action/mech_cmd__type_support.cpp.o[0m
[3.784s] [ 39%] [32mBuilding CXX object CMakeFiles/mecha_control__rosidl_typesupport_cpp.dir/rosidl_typesupport_cpp/mecha_control/msg/point_and_mecha_state__type_support.cpp.o[0m
[3.805s] [ 40%] [32mBuilding CXX object CMakeFiles/mecha_control__rosidl_typesupport_cpp.dir/rosidl_typesupport_cpp/mecha_control/msg/point_and_mecha_state_array__type_support.cpp.o[0m
[3.865s] [35m[1mConsolidate compiler generated dependencies of target mecha_control__rosidl_typesupport_fastrtps_cpp[0m
[3.879s] [ 41%] [32mBuilding CXX object CMakeFiles/mecha_control__rosidl_typesupport_c.dir/rosidl_typesupport_c/mecha_control/action/daiza_cmd__type_support.cpp.o[0m
[3.889s] [ 42%] [32mBuilding CXX object CMakeFiles/mecha_control__rosidl_typesupport_cpp.dir/rosidl_typesupport_cpp/mecha_control/srv/mech_cmd__type_support.cpp.o[0m
[3.928s] [ 43%] [32mBuilding CXX object CMakeFiles/mecha_control__rosidl_typesupport_c.dir/rosidl_typesupport_c/mecha_control/action/hina_cmd__type_support.cpp.o[0m
[3.935s] [ 44%] [32mBuilding CXX object CMakeFiles/mecha_control__rosidl_typesupport_fastrtps_cpp.dir/rosidl_typesupport_fastrtps_cpp/mecha_control/msg/detail/dds_fastrtps/sensor_states__type_support.cpp.o[0m
[3.989s] [ 45%] [32mBuilding CXX object CMakeFiles/mecha_control__rosidl_typesupport_fastrtps_cpp.dir/rosidl_typesupport_fastrtps_cpp/mecha_control/msg/detail/dds_fastrtps/actuator_commands__type_support.cpp.o[0m
[3.999s] [ 46%] [32mBuilding CXX object CMakeFiles/mecha_control__rosidl_typesupport_fastrtps_cpp.dir/rosidl_typesupport_fastrtps_cpp/mecha_control/msg/detail/dds_fastrtps/mecha_state__type_support.cpp.o[0m
[4.000s] [ 47%] [32m[1mLinking CXX shared library libmecha_control__rosidl_typesupport_c.so[0m
[4.030s] [ 48%] [32mBuilding CXX object CMakeFiles/mecha_control__rosidl_typesupport_cpp.dir/rosidl_typesupport_cpp/mecha_control/action/mech_cmd__type_support.cpp.o[0m
[4.041s] [35m[1mConsolidate compiler generated dependencies of target mecha_control__rosidl_typesupport_fastrtps_c[0m
[4.058s] [ 49%] [32mBuilding CXX object CMakeFiles/mecha_control__rosidl_typesupport_cpp.dir/rosidl_typesupport_cpp/mecha_control/action/daiza_cmd__type_support.cpp.o[0m
[4.064s] [ 49%] Built target mecha_control__rosidl_typesupport_c
[4.069s] [ 50%] [32mBuilding CXX object CMakeFiles/mecha_control__rosidl_typesupport_cpp.dir/rosidl_typesupport_cpp/mecha_control/action/hina_cmd__type_support.cpp.o[0m
[4.074s] [ 51%] [32mBuilding CXX object CMakeFiles/mecha_control__rosidl_typesupport_fastrtps_c.dir/rosidl_typesupport_fastrtps_c/mecha_control/msg/detail/actuator_commands__type_support_c.cpp.o[0m
[4.078s] [ 52%] [32mBuilding CXX object CMakeFiles/mecha_control__rosidl_typesupport_fastrtps_c.dir/rosidl_typesupport_fastrtps_c/mecha_control/msg/detail/sensor_states__type_support_c.cpp.o[0m
[4.205s] [ 53%] [32mBuilding CXX object CMakeFiles/mecha_control__rosidl_typesupport_fastrtps_c.dir/rosidl_typesupport_fastrtps_c/mecha_control/msg/detail/mecha_state__type_support_c.cpp.o[0m
[4.221s] [ 54%] [32mBuilding CXX object CMakeFiles/mecha_control__rosidl_typesupport_fastrtps_c.dir/rosidl_typesupport_fastrtps_c/mecha_control/msg/detail/point_and_mecha_state__type_support_c.cpp.o[0m
[4.306s] [ 55%] [32m[1mLinking CXX shared library libmecha_control__rosidl_typesupport_introspection_cpp.so[0m
[4.401s] [ 56%] [32mBuilding CXX object CMakeFiles/mecha_control__rosidl_typesupport_fastrtps_c.dir/rosidl_typesupport_fastrtps_c/mecha_control/msg/detail/point_and_mecha_state_array__type_support_c.cpp.o[0m
[4.404s] [ 57%] [32mBuilding CXX object CMakeFiles/mecha_control__rosidl_typesupport_fastrtps_cpp.dir/rosidl_typesupport_fastrtps_cpp/mecha_control/msg/detail/dds_fastrtps/point_and_mecha_state__type_support.cpp.o[0m
[4.443s] [ 58%] [32mBuilding CXX object CMakeFiles/mecha_control__rosidl_typesupport_fastrtps_c.dir/rosidl_typesupport_fastrtps_c/mecha_control/srv/detail/mech_cmd__type_support_c.cpp.o[0m
[4.443s] [ 59%] [32mBuilding CXX object CMakeFiles/mecha_control__rosidl_typesupport_fastrtps_cpp.dir/rosidl_typesupport_fastrtps_cpp/mecha_control/msg/detail/dds_fastrtps/point_and_mecha_state_array__type_support.cpp.o[0m
[4.464s] [ 59%] Built target mecha_control__rosidl_typesupport_introspection_cpp
[4.473s] [ 60%] [32mBuilding CXX object CMakeFiles/mecha_control__rosidl_typesupport_fastrtps_c.dir/rosidl_typesupport_fastrtps_c/mecha_control/action/detail/mech_cmd__type_support_c.cpp.o[0m
[4.483s] [35m[1mConsolidate compiler generated dependencies of target mecha_control__rosidl_typesupport_introspection_c[0m
[4.493s] [ 61%] [32mBuilding CXX object CMakeFiles/mecha_control__rosidl_typesupport_fastrtps_cpp.dir/rosidl_typesupport_fastrtps_cpp/mecha_control/srv/detail/dds_fastrtps/mech_cmd__type_support.cpp.o[0m
[4.501s] [ 63%] [32mBuilding C object CMakeFiles/mecha_control__rosidl_typesupport_introspection_c.dir/rosidl_typesupport_introspection_c/mecha_control/msg/detail/sensor_states__type_support.c.o[0m
[4.501s] [ 63%] [32mBuilding CXX object CMakeFiles/mecha_control__rosidl_typesupport_fastrtps_cpp.dir/rosidl_typesupport_fastrtps_cpp/mecha_control/action/detail/dds_fastrtps/mech_cmd__type_support.cpp.o[0m
[4.510s] [ 64%] [32mBuilding C object CMakeFiles/mecha_control__rosidl_typesupport_introspection_c.dir/rosidl_typesupport_introspection_c/mecha_control/msg/detail/actuator_commands__type_support.c.o[0m
[4.528s] [ 65%] [32m[1mLinking CXX shared library libmecha_control__rosidl_typesupport_cpp.so[0m
[4.543s] [ 67%] [32mBuilding C object CMakeFiles/mecha_control__rosidl_typesupport_introspection_c.dir/rosidl_typesupport_introspection_c/mecha_control/msg/detail/mecha_state__type_support.c.o[0m
[4.544s] [ 68%] [32mBuilding C object CMakeFiles/mecha_control__rosidl_typesupport_introspection_c.dir/rosidl_typesupport_introspection_c/mecha_control/msg/detail/point_and_mecha_state__type_support.c.o[0m
[4.562s] [ 69%] [32mBuilding C object CMakeFiles/mecha_control__rosidl_typesupport_introspection_c.dir/rosidl_typesupport_introspection_c/mecha_control/msg/detail/point_and_mecha_state_array__type_support.c.o[0m
[4.580s] [ 70%] [32mBuilding C object CMakeFiles/mecha_control__rosidl_typesupport_introspection_c.dir/rosidl_typesupport_introspection_c/mecha_control/srv/detail/mech_cmd__type_support.c.o[0m
[4.595s] [ 71%] [32mBuilding C object CMakeFiles/mecha_control__rosidl_typesupport_introspection_c.dir/rosidl_typesupport_introspection_c/mecha_control/action/detail/mech_cmd__type_support.c.o[0m
[4.597s] [ 71%] Built target mecha_control__rosidl_typesupport_cpp
[4.604s] [ 73%] [32mBuilding CXX object CMakeFiles/mecha_control__rosidl_typesupport_fastrtps_c.dir/rosidl_typesupport_fastrtps_c/mecha_control/action/detail/daiza_cmd__type_support_c.cpp.o[0m
[4.604s] [ 73%] [32mBuilding C object CMakeFiles/mecha_control__rosidl_typesupport_introspection_c.dir/rosidl_typesupport_introspection_c/mecha_control/action/detail/daiza_cmd__type_support.c.o[0m
[4.612s] [ 74%] [32mBuilding C object CMakeFiles/mecha_control__rosidl_typesupport_introspection_c.dir/rosidl_typesupport_introspection_c/mecha_control/action/detail/hina_cmd__type_support.c.o[0m
[4.652s] [ 75%] [32mBuilding CXX object CMakeFiles/mecha_control__rosidl_typesupport_fastrtps_c.dir/rosidl_typesupport_fastrtps_c/mecha_control/action/detail/hina_cmd__type_support_c.cpp.o[0m
[4.665s] [ 76%] [32mBuilding CXX object CMakeFiles/mecha_control__rosidl_typesupport_fastrtps_cpp.dir/rosidl_typesupport_fastrtps_cpp/mecha_control/action/detail/dds_fastrtps/daiza_cmd__type_support.cpp.o[0m
[4.674s] [ 77%] [32mBuilding CXX object CMakeFiles/mecha_control__rosidl_typesupport_fastrtps_cpp.dir/rosidl_typesupport_fastrtps_cpp/mecha_control/action/detail/dds_fastrtps/hina_cmd__type_support.cpp.o[0m
[4.703s] [ 78%] [32m[1mLinking C shared library libmecha_control__rosidl_typesupport_introspection_c.so[0m
[4.765s] [ 78%] Built target mecha_control__rosidl_typesupport_introspection_c
[4.783s] [35m[1mConsolidate compiler generated dependencies of target cmd_seq[0m
[4.796s] [ 79%] [32mBuilding CXX object CMakeFiles/cmd_seq.dir/src/cmd_seq.cpp.o[0m
[4.963s] [ 80%] [32m[1mLinking CXX shared library libmecha_control__rosidl_typesupport_fastrtps_c.so[0m
[5.010s] [ 80%] Built target mecha_control__rosidl_typesupport_fastrtps_c
[5.095s] [ 81%] [32m[1mLinking CXX shared library libmecha_control__rosidl_typesupport_fastrtps_cpp.so[0m
[5.141s] [ 81%] Built target mecha_control__rosidl_typesupport_fastrtps_cpp
[5.153s] [ 81%] Built target mecha_control
[5.164s] [ 82%] [34m[1mGenerating Python code for ROS interfaces[0m
[7.108s] [ 82%] Built target mecha_control__py
[7.114s] [35m[1mConsolidate compiler generated dependencies of target mecha_control__rosidl_generator_py[0m
[7.125s] [ 83%] [32mBuilding C object CMakeFiles/mecha_control__rosidl_generator_py.dir/rosidl_generator_py/mecha_control/msg/_sensor_states_s.c.o[0m
[7.126s] [ 84%] [32mBuilding C object CMakeFiles/mecha_control__rosidl_generator_py.dir/rosidl_generator_py/mecha_control/msg/_actuator_commands_s.c.o[0m
[7.126s] [ 86%] [32mBuilding C object CMakeFiles/mecha_control__rosidl_generator_py.dir/rosidl_generator_py/mecha_control/msg/_point_and_mecha_state_array_s.c.o[0m
[7.126s] [ 87%] [32mBuilding C object CMakeFiles/mecha_control__rosidl_generator_py.dir/rosidl_generator_py/mecha_control/msg/_point_and_mecha_state_s.c.o[0m
[7.127s] [ 86%] [32mBuilding C object CMakeFiles/mecha_control__rosidl_generator_py.dir/rosidl_generator_py/mecha_control/msg/_mecha_state_s.c.o[0m
[7.127s] [ 89%] [32mBuilding C object CMakeFiles/mecha_control__rosidl_generator_py.dir/rosidl_generator_py/mecha_control/srv/_mech_cmd_s.c.o[0m
[7.127s] [ 91%] [32mBuilding C object CMakeFiles/mecha_control__rosidl_generator_py.dir/rosidl_generator_py/mecha_control/action/_mech_cmd_s.c.o[0m
[7.127s] [ 91%] [32mBuilding C object CMakeFiles/mecha_control__rosidl_generator_py.dir/rosidl_generator_py/mecha_control/action/_daiza_cmd_s.c.o[0m
[7.127s] [ 91%] [32mBuilding C object CMakeFiles/mecha_control__rosidl_generator_py.dir/rosidl_generator_py/mecha_control/action/_hina_cmd_s.c.o[0m
[7.251s] [ 92%] [32m[1mLinking C shared library rosidl_generator_py/mecha_control/libmecha_control__rosidl_generator_py.so[0m
[7.278s] [ 92%] Built target mecha_control__rosidl_generator_py
[7.284s] [35m[1mConsolidate compiler generated dependencies of target mecha_control__rosidl_typesupport_introspection_c__pyext[0m
[7.284s] [35m[1mConsolidate compiler generated dependencies of target mecha_control__rosidl_typesupport_fastrtps_c__pyext[0m
[7.284s] [35m[1mConsolidate compiler generated dependencies of target mecha_control__rosidl_typesupport_c__pyext[0m
[7.292s] [ 95%] [32mBuilding C object CMakeFiles/mecha_control__rosidl_typesupport_introspection_c__pyext.dir/rosidl_generator_py/mecha_control/_mecha_control_s.ep.rosidl_typesupport_introspection_c.c.o[0m
[7.292s] [ 95%] [32mBuilding C object CMakeFiles/mecha_control__rosidl_typesupport_fastrtps_c__pyext.dir/rosidl_generator_py/mecha_control/_mecha_control_s.ep.rosidl_typesupport_fastrtps_c.c.o[0m
[7.292s] [ 95%] [32mBuilding C object CMakeFiles/mecha_control__rosidl_typesupport_c__pyext.dir/rosidl_generator_py/mecha_control/_mecha_control_s.ep.rosidl_typesupport_c.c.o[0m
[7.403s] [ 96%] [32m[1mLinking C shared library rosidl_generator_py/mecha_control/mecha_control_s__rosidl_typesupport_c.cpython-310-x86_64-linux-gnu.so[0m
[7.403s] [ 97%] [32m[1mLinking C shared library rosidl_generator_py/mecha_control/mecha_control_s__rosidl_typesupport_introspection_c.cpython-310-x86_64-linux-gnu.so[0m
[7.409s] [ 98%] [32m[1mLinking C shared library rosidl_generator_py/mecha_control/mecha_control_s__rosidl_typesupport_fastrtps_c.cpython-310-x86_64-linux-gnu.so[0m
[7.428s] [ 98%] Built target mecha_control__rosidl_typesupport_c__pyext
[7.428s] [ 98%] Built target mecha_control__rosidl_typesupport_introspection_c__pyext
[7.434s] [ 98%] Built target mecha_control__rosidl_typesupport_fastrtps_c__pyext
[10.486s] [100%] [32m[1mLinking CXX executable cmd_seq[0m
[10.776s] [100%] Built target cmd_seq
[10.783s] Invoked command in '/ROS_ws/build/mecha_control' returned '0': CMAKE_PREFIX_PATH=${CMAKE_PREFIX_PATH}:/ROS_ws/install/calc_vel:/opt/ros/humble /usr/bin/cmake --build /ROS_ws/build/mecha_control -- -j12 -l12
[10.874s] Invoking command in '/ROS_ws/build/mecha_control': CMAKE_PREFIX_PATH=${CMAKE_PREFIX_PATH}:/ROS_ws/install/calc_vel:/opt/ros/humble /usr/bin/cmake --install /ROS_ws/build/mecha_control
[10.878s] -- Install configuration: ""
[10.879s] -- Installing: /ROS_ws/install/mecha_control/share/ament_index/resource_index/rosidl_interfaces/mecha_control
[10.879s] -- Up-to-date: /ROS_ws/install/mecha_control/include/mecha_control/mecha_control
[10.879s] -- Up-to-date: /ROS_ws/install/mecha_control/include/mecha_control/mecha_control/srv
[10.879s] -- Up-to-date: /ROS_ws/install/mecha_control/include/mecha_control/mecha_control/srv/detail
[10.879s] -- Installing: /ROS_ws/install/mecha_control/include/mecha_control/mecha_control/srv/detail/mech_cmd__type_support.h
[10.879s] -- Installing: /ROS_ws/install/mecha_control/include/mecha_control/mecha_control/srv/detail/mech_cmd__functions.c
[10.879s] -- Installing: /ROS_ws/install/mecha_control/include/mecha_control/mecha_control/srv/detail/mech_cmd__struct.h
[10.879s] -- Installing: /ROS_ws/install/mecha_control/include/mecha_control/mecha_control/srv/detail/mech_cmd__functions.h
[10.879s] -- Installing: /ROS_ws/install/mecha_control/include/mecha_control/mecha_control/srv/mech_cmd.h
[10.879s] -- Up-to-date: /ROS_ws/install/mecha_control/include/mecha_control/mecha_control/action
[10.879s] -- Installing: /ROS_ws/install/mecha_control/include/mecha_control/mecha_control/action/daiza_cmd.h
[10.879s] -- Installing: /ROS_ws/install/mecha_control/include/mecha_control/mecha_control/action/hina_cmd.h
[10.879s] -- Up-to-date: /ROS_ws/install/mecha_control/include/mecha_control/mecha_control/action/detail
[10.879s] -- Installing: /ROS_ws/install/mecha_control/include/mecha_control/mecha_control/action/detail/daiza_cmd__functions.c
[10.879s] -- Installing: /ROS_ws/install/mecha_control/include/mecha_control/mecha_control/action/detail/hina_cmd__type_support.h
[10.879s] -- Installing: /ROS_ws/install/mecha_control/include/mecha_control/mecha_control/action/detail/hina_cmd__functions.h
[10.879s] -- Installing: /ROS_ws/install/mecha_control/include/mecha_control/mecha_control/action/detail/mech_cmd__type_support.h
[10.880s] -- Installing: /ROS_ws/install/mecha_control/include/mecha_control/mecha_control/action/detail/hina_cmd__struct.h
[10.880s] -- Installing: /ROS_ws/install/mecha_control/include/mecha_control/mecha_control/action/detail/mech_cmd__functions.c
[10.880s] -- Installing: /ROS_ws/install/mecha_control/include/mecha_control/mecha_control/action/detail/daiza_cmd__functions.h
[10.880s] -- Installing: /ROS_ws/install/mecha_control/include/mecha_control/mecha_control/action/detail/hina_cmd__functions.c
[10.880s] -- Installing: /ROS_ws/install/mecha_control/include/mecha_control/mecha_control/action/detail/daiza_cmd__type_support.h
[10.880s] -- Installing: /ROS_ws/install/mecha_control/include/mecha_control/mecha_control/action/detail/daiza_cmd__struct.h
[10.880s] -- Installing: /ROS_ws/install/mecha_control/include/mecha_control/mecha_control/action/detail/mech_cmd__struct.h
[10.880s] -- Installing: /ROS_ws/install/mecha_control/include/mecha_control/mecha_control/action/detail/mech_cmd__functions.h
[10.880s] -- Installing: /ROS_ws/install/mecha_control/include/mecha_control/mecha_control/action/mech_cmd.h
[10.880s] -- Up-to-date: /ROS_ws/install/mecha_control/include/mecha_control/mecha_control/msg
[10.880s] -- Installing: /ROS_ws/install/mecha_control/include/mecha_control/mecha_control/msg/point_and_mecha_state.h
[10.880s] -- Up-to-date: /ROS_ws/install/mecha_control/include/mecha_control/mecha_control/msg/rosidl_generator_c__visibility_control.h
[10.880s] -- Installing: /ROS_ws/install/mecha_control/include/mecha_control/mecha_control/msg/sensor_states.h
[10.880s] -- Up-to-date: /ROS_ws/install/mecha_control/include/mecha_control/mecha_control/msg/detail
[10.880s] -- Installing: /ROS_ws/install/mecha_control/include/mecha_control/mecha_control/msg/detail/sensor_states__type_support.h
[10.880s] -- Installing: /ROS_ws/install/mecha_control/include/mecha_control/mecha_control/msg/detail/point_and_mecha_state_array__struct.h
[10.880s] -- Installing: /ROS_ws/install/mecha_control/include/mecha_control/mecha_control/msg/detail/point_and_mecha_state__functions.c
[10.880s] -- Installing: /ROS_ws/install/mecha_control/include/mecha_control/mecha_control/msg/detail/point_and_mecha_state_array__type_support.h
[10.880s] -- Installing: /ROS_ws/install/mecha_control/include/mecha_control/mecha_control/msg/detail/mecha_state__functions.h
[10.880s] -- Installing: /ROS_ws/install/mecha_control/include/mecha_control/mecha_control/msg/detail/point_and_mecha_state_array__functions.c
[10.880s] -- Installing: /ROS_ws/install/mecha_control/include/mecha_control/mecha_control/msg/detail/sensor_states__functions.h
[10.880s] -- Installing: /ROS_ws/install/mecha_control/include/mecha_control/mecha_control/msg/detail/sensor_states__struct.h
[10.881s] -- Installing: /ROS_ws/install/mecha_control/include/mecha_control/mecha_control/msg/detail/actuator_commands__type_support.h
[10.881s] -- Installing: /ROS_ws/install/mecha_control/include/mecha_control/mecha_control/msg/detail/point_and_mecha_state__type_support.h
[10.881s] -- Installing: /ROS_ws/install/mecha_control/include/mecha_control/mecha_control/msg/detail/point_and_mecha_state__struct.h
[10.881s] -- Installing: /ROS_ws/install/mecha_control/include/mecha_control/mecha_control/msg/detail/actuator_commands__struct.h
[10.881s] -- Installing: /ROS_ws/install/mecha_control/include/mecha_control/mecha_control/msg/detail/mecha_state__type_support.h
[10.881s] -- Installing: /ROS_ws/install/mecha_control/include/mecha_control/mecha_control/msg/detail/point_and_mecha_state_array__functions.h
[10.881s] -- Installing: /ROS_ws/install/mecha_control/include/mecha_control/mecha_control/msg/detail/mecha_state__functions.c
[10.881s] -- Installing: /ROS_ws/install/mecha_control/include/mecha_control/mecha_control/msg/detail/mecha_state__struct.h
[10.881s] -- Installing: /ROS_ws/install/mecha_control/include/mecha_control/mecha_control/msg/detail/point_and_mecha_state__functions.h
[10.881s] -- Installing: /ROS_ws/install/mecha_control/include/mecha_control/mecha_control/msg/detail/sensor_states__functions.c
[10.881s] -- Installing: /ROS_ws/install/mecha_control/include/mecha_control/mecha_control/msg/detail/actuator_commands__functions.h
[10.881s] -- Installing: /ROS_ws/install/mecha_control/include/mecha_control/mecha_control/msg/detail/actuator_commands__functions.c
[10.881s] -- Installing: /ROS_ws/install/mecha_control/include/mecha_control/mecha_control/msg/actuator_commands.h
[10.881s] -- Installing: /ROS_ws/install/mecha_control/include/mecha_control/mecha_control/msg/mecha_state.h
[10.881s] -- Installing: /ROS_ws/install/mecha_control/include/mecha_control/mecha_control/msg/point_and_mecha_state_array.h
[10.881s] -- Up-to-date: /ROS_ws/install/mecha_control/share/mecha_control/environment/library_path.sh
[10.881s] -- Installing: /ROS_ws/install/mecha_control/share/mecha_control/environment/library_path.dsv
[10.881s] -- Installing: /ROS_ws/install/mecha_control/lib/libmecha_control__rosidl_generator_c.so
[10.882s] -- Set runtime path of "/ROS_ws/install/mecha_control/lib/libmecha_control__rosidl_generator_c.so" to ""
[10.882s] -- Up-to-date: /ROS_ws/install/mecha_control/include/mecha_control/mecha_control
[10.882s] -- Up-to-date: /ROS_ws/install/mecha_control/include/mecha_control/mecha_control/srv
[10.882s] -- Up-to-date: /ROS_ws/install/mecha_control/include/mecha_control/mecha_control/srv/detail
[10.882s] -- Installing: /ROS_ws/install/mecha_control/include/mecha_control/mecha_control/srv/detail/mech_cmd__rosidl_typesupport_fastrtps_c.h
[10.882s] -- Up-to-date: /ROS_ws/install/mecha_control/include/mecha_control/mecha_control/action
[10.882s] -- Up-to-date: /ROS_ws/install/mecha_control/include/mecha_control/mecha_control/action/detail
[10.882s] -- Installing: /ROS_ws/install/mecha_control/include/mecha_control/mecha_control/action/detail/mech_cmd__rosidl_typesupport_fastrtps_c.h
[10.882s] -- Installing: /ROS_ws/install/mecha_control/include/mecha_control/mecha_control/action/detail/daiza_cmd__rosidl_typesupport_fastrtps_c.h
[10.882s] -- Installing: /ROS_ws/install/mecha_control/include/mecha_control/mecha_control/action/detail/hina_cmd__rosidl_typesupport_fastrtps_c.h
[10.882s] -- Up-to-date: /ROS_ws/install/mecha_control/include/mecha_control/mecha_control/msg
[10.882s] -- Up-to-date: /ROS_ws/install/mecha_control/include/mecha_control/mecha_control/msg/detail
[10.882s] -- Installing: /ROS_ws/install/mecha_control/include/mecha_control/mecha_control/msg/detail/actuator_commands__rosidl_typesupport_fastrtps_c.h
[10.882s] -- Installing: /ROS_ws/install/mecha_control/include/mecha_control/mecha_control/msg/detail/point_and_mecha_state_array__rosidl_typesupport_fastrtps_c.h
[10.882s] -- Installing: /ROS_ws/install/mecha_control/include/mecha_control/mecha_control/msg/detail/sensor_states__rosidl_typesupport_fastrtps_c.h
[10.882s] -- Installing: /ROS_ws/install/mecha_control/include/mecha_control/mecha_control/msg/detail/point_and_mecha_state__rosidl_typesupport_fastrtps_c.h
[10.882s] -- Installing: /ROS_ws/install/mecha_control/include/mecha_control/mecha_control/msg/detail/mecha_state__rosidl_typesupport_fastrtps_c.h
[10.882s] -- Up-to-date: /ROS_ws/install/mecha_control/include/mecha_control/mecha_control/msg/rosidl_typesupport_fastrtps_c__visibility_control.h
[10.882s] -- Installing: /ROS_ws/install/mecha_control/lib/libmecha_control__rosidl_typesupport_fastrtps_c.so
[10.882s] -- Set runtime path of "/ROS_ws/install/mecha_control/lib/libmecha_control__rosidl_typesupport_fastrtps_c.so" to ""
[10.882s] -- Up-to-date: /ROS_ws/install/mecha_control/include/mecha_control/mecha_control
[10.882s] -- Up-to-date: /ROS_ws/install/mecha_control/include/mecha_control/mecha_control/srv
[10.882s] -- Up-to-date: /ROS_ws/install/mecha_control/include/mecha_control/mecha_control/srv/detail
[10.883s] -- Installing: /ROS_ws/install/mecha_control/include/mecha_control/mecha_control/srv/detail/mech_cmd__struct.hpp
[10.883s] -- Installing: /ROS_ws/install/mecha_control/include/mecha_control/mecha_control/srv/detail/mech_cmd__traits.hpp
[10.883s] -- Installing: /ROS_ws/install/mecha_control/include/mecha_control/mecha_control/srv/detail/mech_cmd__builder.hpp
[10.883s] -- Installing: /ROS_ws/install/mecha_control/include/mecha_control/mecha_control/srv/mech_cmd.hpp
[10.883s] -- Up-to-date: /ROS_ws/install/mecha_control/include/mecha_control/mecha_control/action
[10.883s] -- Installing: /ROS_ws/install/mecha_control/include/mecha_control/mecha_control/action/daiza_cmd.hpp
[10.883s] -- Installing: /ROS_ws/install/mecha_control/include/mecha_control/mecha_control/action/hina_cmd.hpp
[10.883s] -- Up-to-date: /ROS_ws/install/mecha_control/include/mecha_control/mecha_control/action/detail
[10.883s] -- Installing: /ROS_ws/install/mecha_control/include/mecha_control/mecha_control/action/detail/mech_cmd__struct.hpp
[10.883s] -- Installing: /ROS_ws/install/mecha_control/include/mecha_control/mecha_control/action/detail/daiza_cmd__struct.hpp
[10.883s] -- Installing: /ROS_ws/install/mecha_control/include/mecha_control/mecha_control/action/detail/daiza_cmd__builder.hpp
[10.883s] -- Installing: /ROS_ws/install/mecha_control/include/mecha_control/mecha_control/action/detail/hina_cmd__struct.hpp
[10.883s] -- Installing: /ROS_ws/install/mecha_control/include/mecha_control/mecha_control/action/detail/mech_cmd__traits.hpp
[10.883s] -- Installing: /ROS_ws/install/mecha_control/include/mecha_control/mecha_control/action/detail/mech_cmd__builder.hpp
[10.883s] -- Installing: /ROS_ws/install/mecha_control/include/mecha_control/mecha_control/action/detail/hina_cmd__traits.hpp
[10.883s] -- Installing: /ROS_ws/install/mecha_control/include/mecha_control/mecha_control/action/detail/daiza_cmd__traits.hpp
[10.883s] -- Installing: /ROS_ws/install/mecha_control/include/mecha_control/mecha_control/action/detail/hina_cmd__builder.hpp
[10.883s] -- Installing: /ROS_ws/install/mecha_control/include/mecha_control/mecha_control/action/mech_cmd.hpp
[10.883s] -- Up-to-date: /ROS_ws/install/mecha_control/include/mecha_control/mecha_control/msg
[10.883s] -- Installing: /ROS_ws/install/mecha_control/include/mecha_control/mecha_control/msg/point_and_mecha_state.hpp
[10.883s] -- Installing: /ROS_ws/install/mecha_control/include/mecha_control/mecha_control/msg/sensor_states.hpp
[10.883s] -- Up-to-date: /ROS_ws/install/mecha_control/include/mecha_control/mecha_control/msg/detail
[10.883s] -- Installing: /ROS_ws/install/mecha_control/include/mecha_control/mecha_control/msg/detail/point_and_mecha_state_array__builder.hpp
[10.883s] -- Installing: /ROS_ws/install/mecha_control/include/mecha_control/mecha_control/msg/detail/sensor_states__traits.hpp
[10.883s] -- Installing: /ROS_ws/install/mecha_control/include/mecha_control/mecha_control/msg/detail/mecha_state__traits.hpp
[10.884s] -- Installing: /ROS_ws/install/mecha_control/include/mecha_control/mecha_control/msg/detail/mecha_state__struct.hpp
[10.884s] -- Installing: /ROS_ws/install/mecha_control/include/mecha_control/mecha_control/msg/detail/actuator_commands__traits.hpp
[10.884s] -- Installing: /ROS_ws/install/mecha_control/include/mecha_control/mecha_control/msg/detail/sensor_states__struct.hpp
[10.884s] -- Installing: /ROS_ws/install/mecha_control/include/mecha_control/mecha_control/msg/detail/point_and_mecha_state__struct.hpp
[10.884s] -- Installing: /ROS_ws/install/mecha_control/include/mecha_control/mecha_control/msg/detail/mecha_state__builder.hpp
[10.884s] -- Installing: /ROS_ws/install/mecha_control/include/mecha_control/mecha_control/msg/detail/point_and_mecha_state_array__struct.hpp
[10.884s] -- Installing: /ROS_ws/install/mecha_control/include/mecha_control/mecha_control/msg/detail/sensor_states__builder.hpp
[10.884s] -- Installing: /ROS_ws/install/mecha_control/include/mecha_control/mecha_control/msg/detail/actuator_commands__struct.hpp
[10.884s] -- Installing: /ROS_ws/install/mecha_control/include/mecha_control/mecha_control/msg/detail/actuator_commands__builder.hpp
[10.884s] -- Installing: /ROS_ws/install/mecha_control/include/mecha_control/mecha_control/msg/detail/point_and_mecha_state__builder.hpp
[10.884s] -- Installing: /ROS_ws/install/mecha_control/include/mecha_control/mecha_control/msg/detail/point_and_mecha_state__traits.hpp
[10.884s] -- Installing: /ROS_ws/install/mecha_control/include/mecha_control/mecha_control/msg/detail/point_and_mecha_state_array__traits.hpp
[10.884s] -- Installing: /ROS_ws/install/mecha_control/include/mecha_control/mecha_control/msg/actuator_commands.hpp
[10.884s] -- Installing: /ROS_ws/install/mecha_control/include/mecha_control/mecha_control/msg/point_and_mecha_state_array.hpp
[10.884s] -- Installing: /ROS_ws/install/mecha_control/include/mecha_control/mecha_control/msg/mecha_state.hpp
[10.884s] -- Up-to-date: /ROS_ws/install/mecha_control/include/mecha_control/mecha_control
[10.884s] -- Up-to-date: /ROS_ws/install/mecha_control/include/mecha_control/mecha_control/srv
[10.884s] -- Up-to-date: /ROS_ws/install/mecha_control/include/mecha_control/mecha_control/srv/detail
[10.884s] -- Up-to-date: /ROS_ws/install/mecha_control/include/mecha_control/mecha_control/srv/detail/dds_fastrtps
[10.884s] -- Installing: /ROS_ws/install/mecha_control/include/mecha_control/mecha_control/srv/detail/mech_cmd__rosidl_typesupport_fastrtps_cpp.hpp
[10.884s] -- Up-to-date: /ROS_ws/install/mecha_control/include/mecha_control/mecha_control/action
[10.884s] -- Up-to-date: /ROS_ws/install/mecha_control/include/mecha_control/mecha_control/action/detail
[10.884s] -- Up-to-date: /ROS_ws/install/mecha_control/include/mecha_control/mecha_control/action/detail/dds_fastrtps
[10.884s] -- Installing: /ROS_ws/install/mecha_control/include/mecha_control/mecha_control/action/detail/daiza_cmd__rosidl_typesupport_fastrtps_cpp.hpp
[10.884s] -- Installing: /ROS_ws/install/mecha_control/include/mecha_control/mecha_control/action/detail/mech_cmd__rosidl_typesupport_fastrtps_cpp.hpp
[10.885s] -- Installing: /ROS_ws/install/mecha_control/include/mecha_control/mecha_control/action/detail/hina_cmd__rosidl_typesupport_fastrtps_cpp.hpp
[10.885s] -- Up-to-date: /ROS_ws/install/mecha_control/include/mecha_control/mecha_control/msg
[10.885s] -- Up-to-date: /ROS_ws/install/mecha_control/include/mecha_control/mecha_control/msg/rosidl_typesupport_fastrtps_cpp__visibility_control.h
[10.885s] -- Up-to-date: /ROS_ws/install/mecha_control/include/mecha_control/mecha_control/msg/detail
[10.885s] -- Installing: /ROS_ws/install/mecha_control/include/mecha_control/mecha_control/msg/detail/mecha_state__rosidl_typesupport_fastrtps_cpp.hpp
[10.885s] -- Up-to-date: /ROS_ws/install/mecha_control/include/mecha_control/mecha_control/msg/detail/dds_fastrtps
[10.885s] -- Installing: /ROS_ws/install/mecha_control/include/mecha_control/mecha_control/msg/detail/actuator_commands__rosidl_typesupport_fastrtps_cpp.hpp
[10.885s] -- Installing: /ROS_ws/install/mecha_control/include/mecha_control/mecha_control/msg/detail/point_and_mecha_state_array__rosidl_typesupport_fastrtps_cpp.hpp
[10.885s] -- Installing: /ROS_ws/install/mecha_control/include/mecha_control/mecha_control/msg/detail/point_and_mecha_state__rosidl_typesupport_fastrtps_cpp.hpp
[10.885s] -- Installing: /ROS_ws/install/mecha_control/include/mecha_control/mecha_control/msg/detail/sensor_states__rosidl_typesupport_fastrtps_cpp.hpp
[10.885s] -- Installing: /ROS_ws/install/mecha_control/lib/libmecha_control__rosidl_typesupport_fastrtps_cpp.so
[10.885s] -- Set runtime path of "/ROS_ws/install/mecha_control/lib/libmecha_control__rosidl_typesupport_fastrtps_cpp.so" to ""
[10.885s] -- Up-to-date: /ROS_ws/install/mecha_control/include/mecha_control/mecha_control
[10.885s] -- Up-to-date: /ROS_ws/install/mecha_control/include/mecha_control/mecha_control/srv
[10.885s] -- Up-to-date: /ROS_ws/install/mecha_control/include/mecha_control/mecha_control/srv/detail
[10.885s] -- Installing: /ROS_ws/install/mecha_control/include/mecha_control/mecha_control/srv/detail/mech_cmd__type_support.c
[10.885s] -- Installing: /ROS_ws/install/mecha_control/include/mecha_control/mecha_control/srv/detail/mech_cmd__rosidl_typesupport_introspection_c.h
[10.885s] -- Up-to-date: /ROS_ws/install/mecha_control/include/mecha_control/mecha_control/action
[10.885s] -- Up-to-date: /ROS_ws/install/mecha_control/include/mecha_control/mecha_control/action/detail
[10.885s] -- Installing: /ROS_ws/install/mecha_control/include/mecha_control/mecha_control/action/detail/daiza_cmd__type_support.c
[10.885s] -- Installing: /ROS_ws/install/mecha_control/include/mecha_control/mecha_control/action/detail/hina_cmd__type_support.c
[10.885s] -- Installing: /ROS_ws/install/mecha_control/include/mecha_control/mecha_control/action/detail/mech_cmd__type_support.c
[10.885s] -- Installing: /ROS_ws/install/mecha_control/include/mecha_control/mecha_control/action/detail/mech_cmd__rosidl_typesupport_introspection_c.h
[10.886s] -- Installing: /ROS_ws/install/mecha_control/include/mecha_control/mecha_control/action/detail/daiza_cmd__rosidl_typesupport_introspection_c.h
[10.886s] -- Installing: /ROS_ws/install/mecha_control/include/mecha_control/mecha_control/action/detail/hina_cmd__rosidl_typesupport_introspection_c.h
[10.886s] -- Up-to-date: /ROS_ws/install/mecha_control/include/mecha_control/mecha_control/msg
[10.886s] -- Up-to-date: /ROS_ws/install/mecha_control/include/mecha_control/mecha_control/msg/detail
[10.886s] -- Installing: /ROS_ws/install/mecha_control/include/mecha_control/mecha_control/msg/detail/actuator_commands__type_support.c
[10.886s] -- Installing: /ROS_ws/install/mecha_control/include/mecha_control/mecha_control/msg/detail/point_and_mecha_state__type_support.c
[10.886s] -- Installing: /ROS_ws/install/mecha_control/include/mecha_control/mecha_control/msg/detail/mecha_state__rosidl_typesupport_introspection_c.h
[10.886s] -- Installing: /ROS_ws/install/mecha_control/include/mecha_control/mecha_control/msg/detail/actuator_commands__rosidl_typesupport_introspection_c.h
[10.886s] -- Installing: /ROS_ws/install/mecha_control/include/mecha_control/mecha_control/msg/detail/sensor_states__rosidl_typesupport_introspection_c.h
[10.886s] -- Installing: /ROS_ws/install/mecha_control/include/mecha_control/mecha_control/msg/detail/point_and_mecha_state__rosidl_typesupport_introspection_c.h
[10.886s] -- Installing: /ROS_ws/install/mecha_control/include/mecha_control/mecha_control/msg/detail/mecha_state__type_support.c
[10.886s] -- Installing: /ROS_ws/install/mecha_control/include/mecha_control/mecha_control/msg/detail/point_and_mecha_state_array__rosidl_typesupport_introspection_c.h
[10.886s] -- Installing: /ROS_ws/install/mecha_control/include/mecha_control/mecha_control/msg/detail/sensor_states__type_support.c
[10.886s] -- Installing: /ROS_ws/install/mecha_control/include/mecha_control/mecha_control/msg/detail/point_and_mecha_state_array__type_support.c
[10.886s] -- Up-to-date: /ROS_ws/install/mecha_control/include/mecha_control/mecha_control/msg/rosidl_typesupport_introspection_c__visibility_control.h
[10.886s] -- Installing: /ROS_ws/install/mecha_control/lib/libmecha_control__rosidl_typesupport_introspection_c.so
[10.886s] -- Set runtime path of "/ROS_ws/install/mecha_control/lib/libmecha_control__rosidl_typesupport_introspection_c.so" to ""
[10.886s] -- Installing: /ROS_ws/install/mecha_control/lib/libmecha_control__rosidl_typesupport_c.so
[10.887s] -- Set runtime path of "/ROS_ws/install/mecha_control/lib/libmecha_control__rosidl_typesupport_c.so" to ""
[10.887s] -- Up-to-date: /ROS_ws/install/mecha_control/include/mecha_control/mecha_control
[10.887s] -- Up-to-date: /ROS_ws/install/mecha_control/include/mecha_control/mecha_control/srv
[10.887s] -- Up-to-date: /ROS_ws/install/mecha_control/include/mecha_control/mecha_control/srv/detail
[10.887s] -- Installing: /ROS_ws/install/mecha_control/include/mecha_control/mecha_control/srv/detail/mech_cmd__rosidl_typesupport_introspection_cpp.hpp
[10.887s] -- Installing: /ROS_ws/install/mecha_control/include/mecha_control/mecha_control/srv/detail/mech_cmd__type_support.cpp
[10.887s] -- Up-to-date: /ROS_ws/install/mecha_control/include/mecha_control/mecha_control/action
[10.887s] -- Up-to-date: /ROS_ws/install/mecha_control/include/mecha_control/mecha_control/action/detail
[10.887s] -- Installing: /ROS_ws/install/mecha_control/include/mecha_control/mecha_control/action/detail/daiza_cmd__rosidl_typesupport_introspection_cpp.hpp
[10.887s] -- Installing: /ROS_ws/install/mecha_control/include/mecha_control/mecha_control/action/detail/daiza_cmd__type_support.cpp
[10.887s] -- Installing: /ROS_ws/install/mecha_control/include/mecha_control/mecha_control/action/detail/hina_cmd__type_support.cpp
[10.887s] -- Installing: /ROS_ws/install/mecha_control/include/mecha_control/mecha_control/action/detail/hina_cmd__rosidl_typesupport_introspection_cpp.hpp
[10.887s] -- Installing: /ROS_ws/install/mecha_control/include/mecha_control/mecha_control/action/detail/mech_cmd__rosidl_typesupport_introspection_cpp.hpp
[10.887s] -- Installing: /ROS_ws/install/mecha_control/include/mecha_control/mecha_control/action/detail/mech_cmd__type_support.cpp
[10.887s] -- Up-to-date: /ROS_ws/install/mecha_control/include/mecha_control/mecha_control/msg
[10.887s] -- Up-to-date: /ROS_ws/install/mecha_control/include/mecha_control/mecha_control/msg/detail
[10.887s] -- Installing: /ROS_ws/install/mecha_control/include/mecha_control/mecha_control/msg/detail/point_and_mecha_state__rosidl_typesupport_introspection_cpp.hpp
[10.887s] -- Installing: /ROS_ws/install/mecha_control/include/mecha_control/mecha_control/msg/detail/actuator_commands__rosidl_typesupport_introspection_cpp.hpp
[10.887s] -- Installing: /ROS_ws/install/mecha_control/include/mecha_control/mecha_control/msg/detail/point_and_mecha_state_array__rosidl_typesupport_introspection_cpp.hpp
[10.887s] -- Installing: /ROS_ws/install/mecha_control/include/mecha_control/mecha_control/msg/detail/sensor_states__rosidl_typesupport_introspection_cpp.hpp
[10.887s] -- Installing: /ROS_ws/install/mecha_control/include/mecha_control/mecha_control/msg/detail/mecha_state__type_support.cpp
[10.887s] -- Installing: /ROS_ws/install/mecha_control/include/mecha_control/mecha_control/msg/detail/actuator_commands__type_support.cpp
[10.887s] -- Installing: /ROS_ws/install/mecha_control/include/mecha_control/mecha_control/msg/detail/mecha_state__rosidl_typesupport_introspection_cpp.hpp
[10.888s] -- Installing: /ROS_ws/install/mecha_control/include/mecha_control/mecha_control/msg/detail/point_and_mecha_state_array__type_support.cpp
[10.888s] -- Installing: /ROS_ws/install/mecha_control/include/mecha_control/mecha_control/msg/detail/sensor_states__type_support.cpp
[10.888s] -- Installing: /ROS_ws/install/mecha_control/include/mecha_control/mecha_control/msg/detail/point_and_mecha_state__type_support.cpp
[10.888s] -- Installing: /ROS_ws/install/mecha_control/lib/libmecha_control__rosidl_typesupport_introspection_cpp.so
[10.888s] -- Set runtime path of "/ROS_ws/install/mecha_control/lib/libmecha_control__rosidl_typesupport_introspection_cpp.so" to ""
[10.888s] -- Installing: /ROS_ws/install/mecha_control/lib/libmecha_control__rosidl_typesupport_cpp.so
[10.888s] -- Set runtime path of "/ROS_ws/install/mecha_control/lib/libmecha_control__rosidl_typesupport_cpp.so" to ""
[10.888s] -- Up-to-date: /ROS_ws/install/mecha_control/share/mecha_control/environment/pythonpath.sh
[10.888s] -- Installing: /ROS_ws/install/mecha_control/share/mecha_control/environment/pythonpath.dsv
[10.888s] -- Up-to-date: /ROS_ws/install/mecha_control/local/lib/python3.10/dist-packages/mecha_control-0.0.0-py3.10.egg-info
[10.888s] -- Installing: /ROS_ws/install/mecha_control/local/lib/python3.10/dist-packages/mecha_control-0.0.0-py3.10.egg-info/SOURCES.txt
[10.888s] -- Installing: /ROS_ws/install/mecha_control/local/lib/python3.10/dist-packages/mecha_control-0.0.0-py3.10.egg-info/dependency_links.txt
[10.888s] -- Installing: /ROS_ws/install/mecha_control/local/lib/python3.10/dist-packages/mecha_control-0.0.0-py3.10.egg-info/PKG-INFO
[10.888s] -- Installing: /ROS_ws/install/mecha_control/local/lib/python3.10/dist-packages/mecha_control-0.0.0-py3.10.egg-info/top_level.txt
[10.889s] -- Up-to-date: /ROS_ws/install/mecha_control/local/lib/python3.10/dist-packages/mecha_control
[10.889s] -- Installing: /ROS_ws/install/mecha_control/local/lib/python3.10/dist-packages/mecha_control/mecha_control_s__rosidl_typesupport_introspection_c.cpython-310-x86_64-linux-gnu.so
[10.889s] -- Up-to-date: /ROS_ws/install/mecha_control/local/lib/python3.10/dist-packages/mecha_control/srv
[10.889s] -- Installing: /ROS_ws/install/mecha_control/local/lib/python3.10/dist-packages/mecha_control/srv/_mech_cmd_s.c
[10.889s] -- Installing: /ROS_ws/install/mecha_control/local/lib/python3.10/dist-packages/mecha_control/srv/__init__.py
[10.889s] -- Installing: /ROS_ws/install/mecha_control/local/lib/python3.10/dist-packages/mecha_control/srv/_mech_cmd.py
[10.889s] -- Installing: /ROS_ws/install/mecha_control/local/lib/python3.10/dist-packages/mecha_control/_mecha_control_s.ep.rosidl_typesupport_fastrtps_c.c
[10.889s] -- Up-to-date: /ROS_ws/install/mecha_control/local/lib/python3.10/dist-packages/mecha_control/action
[10.889s] -- Installing: /ROS_ws/install/mecha_control/local/lib/python3.10/dist-packages/mecha_control/action/_hina_cmd_s.c
[10.889s] -- Installing: /ROS_ws/install/mecha_control/local/lib/python3.10/dist-packages/mecha_control/action/_mech_cmd_s.c
[10.889s] -- Installing: /ROS_ws/install/mecha_control/local/lib/python3.10/dist-packages/mecha_control/action/_daiza_cmd_s.c
[10.889s] -- Installing: /ROS_ws/install/mecha_control/local/lib/python3.10/dist-packages/mecha_control/action/__init__.py
[10.889s] -- Installing: /ROS_ws/install/mecha_control/local/lib/python3.10/dist-packages/mecha_control/action/_mech_cmd.py
[10.889s] -- Installing: /ROS_ws/install/mecha_control/local/lib/python3.10/dist-packages/mecha_control/action/_hina_cmd.py
[10.889s] -- Installing: /ROS_ws/install/mecha_control/local/lib/python3.10/dist-packages/mecha_control/action/_daiza_cmd.py
[10.889s] -- Installing: /ROS_ws/install/mecha_control/local/lib/python3.10/dist-packages/mecha_control/libmecha_control__rosidl_generator_py.so
[10.889s] -- Installing: /ROS_ws/install/mecha_control/local/lib/python3.10/dist-packages/mecha_control/__init__.py
[10.890s] -- Up-to-date: /ROS_ws/install/mecha_control/local/lib/python3.10/dist-packages/mecha_control/msg
[10.890s] -- Installing: /ROS_ws/install/mecha_control/local/lib/python3.10/dist-packages/mecha_control/msg/_point_and_mecha_state_array.py
[10.890s] -- Installing: /ROS_ws/install/mecha_control/local/lib/python3.10/dist-packages/mecha_control/msg/_sensor_states.py
[10.890s] -- Installing: /ROS_ws/install/mecha_control/local/lib/python3.10/dist-packages/mecha_control/msg/_point_and_mecha_state_array_s.c
[10.890s] -- Installing: /ROS_ws/install/mecha_control/local/lib/python3.10/dist-packages/mecha_control/msg/_mecha_state_s.c
[10.890s] -- Installing: /ROS_ws/install/mecha_control/local/lib/python3.10/dist-packages/mecha_control/msg/_sensor_states_s.c
[10.890s] -- Installing: /ROS_ws/install/mecha_control/local/lib/python3.10/dist-packages/mecha_control/msg/_actuator_commands.py
[10.890s] -- Installing: /ROS_ws/install/mecha_control/local/lib/python3.10/dist-packages/mecha_control/msg/__init__.py
[10.890s] -- Installing: /ROS_ws/install/mecha_control/local/lib/python3.10/dist-packages/mecha_control/msg/_point_and_mecha_state_s.c
[10.890s] -- Installing: /ROS_ws/install/mecha_control/local/lib/python3.10/dist-packages/mecha_control/msg/_point_and_mecha_state.py
[10.890s] -- Installing: /ROS_ws/install/mecha_control/local/lib/python3.10/dist-packages/mecha_control/msg/_actuator_commands_s.c
[10.890s] -- Installing: /ROS_ws/install/mecha_control/local/lib/python3.10/dist-packages/mecha_control/msg/_mecha_state.py
[10.890s] -- Installing: /ROS_ws/install/mecha_control/local/lib/python3.10/dist-packages/mecha_control/mecha_control_s__rosidl_typesupport_c.cpython-310-x86_64-linux-gnu.so
[10.890s] -- Installing: /ROS_ws/install/mecha_control/local/lib/python3.10/dist-packages/mecha_control/mecha_control_s__rosidl_typesupport_fastrtps_c.cpython-310-x86_64-linux-gnu.so
[10.890s] -- Installing: /ROS_ws/install/mecha_control/local/lib/python3.10/dist-packages/mecha_control/_mecha_control_s.ep.rosidl_typesupport_c.c
[10.890s] -- Installing: /ROS_ws/install/mecha_control/local/lib/python3.10/dist-packages/mecha_control/_mecha_control_s.ep.rosidl_typesupport_introspection_c.c
[10.940s] Listing '/ROS_ws/install/mecha_control/local/lib/python3.10/dist-packages/mecha_control'...
[10.940s] Compiling '/ROS_ws/install/mecha_control/local/lib/python3.10/dist-packages/mecha_control/__init__.py'...
[10.940s] Listing '/ROS_ws/install/mecha_control/local/lib/python3.10/dist-packages/mecha_control/action'...
[10.940s] Compiling '/ROS_ws/install/mecha_control/local/lib/python3.10/dist-packages/mecha_control/action/__init__.py'...
[10.940s] Compiling '/ROS_ws/install/mecha_control/local/lib/python3.10/dist-packages/mecha_control/action/_daiza_cmd.py'...
[10.940s] Compiling '/ROS_ws/install/mecha_control/local/lib/python3.10/dist-packages/mecha_control/action/_hina_cmd.py'...
[10.940s] Compiling '/ROS_ws/install/mecha_control/local/lib/python3.10/dist-packages/mecha_control/action/_mech_cmd.py'...
[10.940s] Listing '/ROS_ws/install/mecha_control/local/lib/python3.10/dist-packages/mecha_control/msg'...
[10.941s] Compiling '/ROS_ws/install/mecha_control/local/lib/python3.10/dist-packages/mecha_control/msg/__init__.py'...
[10.941s] Compiling '/ROS_ws/install/mecha_control/local/lib/python3.10/dist-packages/mecha_control/msg/_actuator_commands.py'...
[10.941s] Compiling '/ROS_ws/install/mecha_control/local/lib/python3.10/dist-packages/mecha_control/msg/_mecha_state.py'...
[10.941s] Compiling '/ROS_ws/install/mecha_control/local/lib/python3.10/dist-packages/mecha_control/msg/_point_and_mecha_state.py'...
[10.941s] Compiling '/ROS_ws/install/mecha_control/local/lib/python3.10/dist-packages/mecha_control/msg/_point_and_mecha_state_array.py'...
[10.941s] Compiling '/ROS_ws/install/mecha_control/local/lib/python3.10/dist-packages/mecha_control/msg/_sensor_states.py'...
[10.941s] Listing '/ROS_ws/install/mecha_control/local/lib/python3.10/dist-packages/mecha_control/srv'...
[10.941s] Compiling '/ROS_ws/install/mecha_control/local/lib/python3.10/dist-packages/mecha_control/srv/__init__.py'...
[10.941s] Compiling '/ROS_ws/install/mecha_control/local/lib/python3.10/dist-packages/mecha_control/srv/_mech_cmd.py'...
[10.943s] -- Installing: /ROS_ws/install/mecha_control/local/lib/python3.10/dist-packages/mecha_control/mecha_control_s__rosidl_typesupport_fastrtps_c.cpython-310-x86_64-linux-gnu.so
[10.943s] -- Set runtime path of "/ROS_ws/install/mecha_control/local/lib/python3.10/dist-packages/mecha_control/mecha_control_s__rosidl_typesupport_fastrtps_c.cpython-310-x86_64-linux-gnu.so" to ""
[10.943s] -- Installing: /ROS_ws/install/mecha_control/local/lib/python3.10/dist-packages/mecha_control/mecha_control_s__rosidl_typesupport_introspection_c.cpython-310-x86_64-linux-gnu.so
[10.944s] -- Set runtime path of "/ROS_ws/install/mecha_control/local/lib/python3.10/dist-packages/mecha_control/mecha_control_s__rosidl_typesupport_introspection_c.cpython-310-x86_64-linux-gnu.so" to ""
[10.944s] -- Installing: /ROS_ws/install/mecha_control/local/lib/python3.10/dist-packages/mecha_control/mecha_control_s__rosidl_typesupport_c.cpython-310-x86_64-linux-gnu.so
[10.944s] -- Set runtime path of "/ROS_ws/install/mecha_control/local/lib/python3.10/dist-packages/mecha_control/mecha_control_s__rosidl_typesupport_c.cpython-310-x86_64-linux-gnu.so" to ""
[10.944s] -- Installing: /ROS_ws/install/mecha_control/lib/libmecha_control__rosidl_generator_py.so
[10.944s] -- Set runtime path of "/ROS_ws/install/mecha_control/lib/libmecha_control__rosidl_generator_py.so" to ""
[10.944s] -- Up-to-date: /ROS_ws/install/mecha_control/share/mecha_control/msg/SensorStates.idl
[10.944s] -- Up-to-date: /ROS_ws/install/mecha_control/share/mecha_control/msg/ActuatorCommands.idl
[10.944s] -- Up-to-date: /ROS_ws/install/mecha_control/share/mecha_control/msg/MechaState.idl
[10.944s] -- Up-to-date: /ROS_ws/install/mecha_control/share/mecha_control/msg/PointAndMechaState.idl
[10.944s] -- Up-to-date: /ROS_ws/install/mecha_control/share/mecha_control/msg/PointAndMechaStateArray.idl
[10.944s] -- Up-to-date: /ROS_ws/install/mecha_control/share/mecha_control/srv/MechCmd.idl
[10.945s] -- Up-to-date: /ROS_ws/install/mecha_control/share/mecha_control/action/MechCmd.idl
[10.945s] -- Installing: /ROS_ws/install/mecha_control/share/mecha_control/action/DaizaCmd.idl
[10.945s] -- Installing: /ROS_ws/install/mecha_control/share/mecha_control/action/HinaCmd.idl
[10.945s] -- Up-to-date: /ROS_ws/install/mecha_control/share/mecha_control/msg/SensorStates.msg
[10.945s] -- Up-to-date: /ROS_ws/install/mecha_control/share/mecha_control/msg/ActuatorCommands.msg
[10.945s] -- Up-to-date: /ROS_ws/install/mecha_control/share/mecha_control/msg/MechaState.msg
[10.945s] -- Up-to-date: /ROS_ws/install/mecha_control/share/mecha_control/msg/PointAndMechaState.msg
[10.945s] -- Up-to-date: /ROS_ws/install/mecha_control/share/mecha_control/msg/PointAndMechaStateArray.msg
[10.945s] -- Up-to-date: /ROS_ws/install/mecha_control/share/mecha_control/srv/MechCmd.srv
[10.945s] -- Up-to-date: /ROS_ws/install/mecha_control/share/mecha_control/srv/MechCmd_Request.msg
[10.945s] -- Up-to-date: /ROS_ws/install/mecha_control/share/mecha_control/srv/MechCmd_Response.msg
[10.945s] -- Up-to-date: /ROS_ws/install/mecha_control/share/mecha_control/action/MechCmd.action
[10.945s] -- Installing: /ROS_ws/install/mecha_control/share/mecha_control/action/DaizaCmd.action
[10.946s] -- Installing: /ROS_ws/install/mecha_control/share/mecha_control/action/HinaCmd.action
[10.946s] -- Installing: /ROS_ws/install/mecha_control/lib/mecha_control/cmd_seq
[10.948s] -- Set runtime path of "/ROS_ws/install/mecha_control/lib/mecha_control/cmd_seq" to ""
[10.948s] -- Up-to-date: /ROS_ws/install/mecha_control/lib/mecha_control/mecha_control_node.py
[10.948s] -- Up-to-date: /ROS_ws/install/mecha_control/lib/mecha_control/dummy_node.py
[10.948s] -- Up-to-date: /ROS_ws/install/mecha_control/lib/mecha_control/debug_controller.py
[10.948s] -- Up-to-date: /ROS_ws/install/mecha_control/lib/mecha_control/debug_sequence_controller.py
[10.948s] -- Up-to-date: /ROS_ws/install/mecha_control/lib/mecha_control/path_command_publisher.py
[10.948s] -- Up-to-date: /ROS_ws/install/mecha_control/share/ament_index/resource_index/package_run_dependencies/mecha_control
[10.948s] -- Up-to-date: /ROS_ws/install/mecha_control/share/ament_index/resource_index/parent_prefix_path/mecha_control
[10.948s] -- Up-to-date: /ROS_ws/install/mecha_control/share/mecha_control/environment/ament_prefix_path.sh
[10.948s] -- Installing: /ROS_ws/install/mecha_control/share/mecha_control/environment/ament_prefix_path.dsv
[10.948s] -- Up-to-date: /ROS_ws/install/mecha_control/share/mecha_control/environment/path.sh
[10.949s] -- Installing: /ROS_ws/install/mecha_control/share/mecha_control/environment/path.dsv
[10.949s] -- Up-to-date: /ROS_ws/install/mecha_control/share/mecha_control/local_setup.bash
[10.949s] -- Up-to-date: /ROS_ws/install/mecha_control/share/mecha_control/local_setup.sh
[10.949s] -- Up-to-date: /ROS_ws/install/mecha_control/share/mecha_control/local_setup.zsh
[10.949s] -- Installing: /ROS_ws/install/mecha_control/share/mecha_control/local_setup.dsv
[10.949s] -- Installing: /ROS_ws/install/mecha_control/share/mecha_control/package.dsv
[10.949s] -- Up-to-date: /ROS_ws/install/mecha_control/share/ament_index/resource_index/packages/mecha_control
[10.949s] -- Up-to-date: /ROS_ws/install/mecha_control/share/mecha_control/cmake/export_mecha_control__rosidl_generator_cExport.cmake
[10.949s] -- Up-to-date: /ROS_ws/install/mecha_control/share/mecha_control/cmake/export_mecha_control__rosidl_generator_cExport-noconfig.cmake
[10.949s] -- Up-to-date: /ROS_ws/install/mecha_control/share/mecha_control/cmake/export_mecha_control__rosidl_typesupport_fastrtps_cExport.cmake
[10.949s] -- Up-to-date: /ROS_ws/install/mecha_control/share/mecha_control/cmake/export_mecha_control__rosidl_typesupport_fastrtps_cExport-noconfig.cmake
[10.949s] -- Up-to-date: /ROS_ws/install/mecha_control/share/mecha_control/cmake/export_mecha_control__rosidl_generator_cppExport.cmake
[10.949s] -- Up-to-date: /ROS_ws/install/mecha_control/share/mecha_control/cmake/export_mecha_control__rosidl_typesupport_fastrtps_cppExport.cmake
[10.949s] -- Up-to-date: /ROS_ws/install/mecha_control/share/mecha_control/cmake/export_mecha_control__rosidl_typesupport_fastrtps_cppExport-noconfig.cmake
[10.949s] -- Up-to-date: /ROS_ws/install/mecha_control/share/mecha_control/cmake/mecha_control__rosidl_typesupport_introspection_cExport.cmake
[10.949s] -- Up-to-date: /ROS_ws/install/mecha_control/share/mecha_control/cmake/mecha_control__rosidl_typesupport_introspection_cExport-noconfig.cmake
[10.949s] -- Up-to-date: /ROS_ws/install/mecha_control/share/mecha_control/cmake/mecha_control__rosidl_typesupport_cExport.cmake
[10.949s] -- Up-to-date: /ROS_ws/install/mecha_control/share/mecha_control/cmake/mecha_control__rosidl_typesupport_cExport-noconfig.cmake
[10.949s] -- Up-to-date: /ROS_ws/install/mecha_control/share/mecha_control/cmake/mecha_control__rosidl_typesupport_introspection_cppExport.cmake
[10.949s] -- Up-to-date: /ROS_ws/install/mecha_control/share/mecha_control/cmake/mecha_control__rosidl_typesupport_introspection_cppExport-noconfig.cmake
[10.949s] -- Up-to-date: /ROS_ws/install/mecha_control/share/mecha_control/cmake/mecha_control__rosidl_typesupport_cppExport.cmake
[10.949s] -- Up-to-date: /ROS_ws/install/mecha_control/share/mecha_control/cmake/mecha_control__rosidl_typesupport_cppExport-noconfig.cmake
[10.949s] -- Up-to-date: /ROS_ws/install/mecha_control/share/mecha_control/cmake/export_mecha_control__rosidl_generator_pyExport.cmake
[10.949s] -- Up-to-date: /ROS_ws/install/mecha_control/share/mecha_control/cmake/export_mecha_control__rosidl_generator_pyExport-noconfig.cmake
[10.949s] -- Installing: /ROS_ws/install/mecha_control/share/mecha_control/cmake/rosidl_cmake-extras.cmake
[10.949s] -- Up-to-date: /ROS_ws/install/mecha_control/share/mecha_control/cmake/ament_cmake_export_dependencies-extras.cmake
[10.949s] -- Up-to-date: /ROS_ws/install/mecha_control/share/mecha_control/cmake/ament_cmake_export_include_directories-extras.cmake
[10.949s] -- Up-to-date: /ROS_ws/install/mecha_control/share/mecha_control/cmake/ament_cmake_export_libraries-extras.cmake
[10.950s] -- Up-to-date: /ROS_ws/install/mecha_control/share/mecha_control/cmake/ament_cmake_export_targets-extras.cmake
[10.950s] -- Up-to-date: /ROS_ws/install/mecha_control/share/mecha_control/cmake/rosidl_cmake_export_typesupport_targets-extras.cmake
[10.950s] -- Up-to-date: /ROS_ws/install/mecha_control/share/mecha_control/cmake/rosidl_cmake_export_typesupport_libraries-extras.cmake
[10.950s] -- Up-to-date: /ROS_ws/install/mecha_control/share/mecha_control/cmake/mecha_controlConfig.cmake
[10.950s] -- Up-to-date: /ROS_ws/install/mecha_control/share/mecha_control/cmake/mecha_controlConfig-version.cmake
[10.950s] -- Up-to-date: /ROS_ws/install/mecha_control/share/mecha_control/package.xml
[10.952s] Invoked command in '/ROS_ws/build/mecha_control' returned '0': CMAKE_PREFIX_PATH=${CMAKE_PREFIX_PATH}:/ROS_ws/install/calc_vel:/opt/ros/humble /usr/bin/cmake --install /ROS_ws/build/mecha_control
