[0.025s] Invoking command in '/ROS_ws/build/pure_pursuit': CMAKE_PREFIX_PATH=/ROS_ws/install/mecha_control:/ROS_ws/install/pc_robot_controller:/ROS_ws/install/nucleo_agent:/ROS_ws/install/ldlidar:/opt/ros/humble LD_LIBRARY_PATH=/ROS_ws/install/mecha_control/lib:/ROS_ws/install/nucleo_agent/lib:/opt/ros/humble/opt/rviz_ogre_vendor/lib:/opt/ros/humble/lib/x86_64-linux-gnu:/opt/ros/humble/lib /usr/bin/cmake /ROS_ws/src/chassis_haru_robo2024/pure_pursuit -DCMAKE_INSTALL_PREFIX=/ROS_ws/install/pure_pursuit
[0.074s] -- The C compiler identification is GNU 11.3.0
[0.119s] -- The CXX compiler identification is GNU 11.3.0
[0.125s] -- Detecting C compiler ABI info
[0.175s] -- Detecting C compiler ABI info - done
[0.181s] -- Check for working C compiler: /usr/bin/cc - skipped
[0.181s] -- Detecting C compile features
[0.182s] -- Detecting C compile features - done
[0.184s] -- Detecting CXX compiler ABI info
[0.252s] -- Detecting CXX compiler ABI info - done
[0.258s] -- Check for working CXX compiler: /usr/bin/c++ - skipped
[0.258s] -- Detecting CXX compile features
[0.259s] -- Detecting CXX compile features - done
[0.261s] -- Found ament_cmake: 1.3.3 (/opt/ros/humble/share/ament_cmake/cmake)
[0.394s] -- Found Python3: /usr/bin/python3.10 (found version "3.10.6") found components: Interpreter 
[0.465s] -- Found rclcpp: 16.0.3 (/opt/ros/humble/share/rclcpp/cmake)
[0.496s] -- Found rosidl_generator_c: 3.1.4 (/opt/ros/humble/share/rosidl_generator_c/cmake)
[0.499s] -- Found rosidl_adapter: 3.1.4 (/opt/ros/humble/share/rosidl_adapter/cmake)
[0.507s] -- Found rosidl_generator_cpp: 3.1.4 (/opt/ros/humble/share/rosidl_generator_cpp/cmake)
[0.517s] -- Using all available rosidl_typesupport_c: rosidl_typesupport_fastrtps_c;rosidl_typesupport_introspection_c
[0.531s] -- Using all available rosidl_typesupport_cpp: rosidl_typesupport_fastrtps_cpp;rosidl_typesupport_introspection_cpp
[0.580s] -- Found rmw_implementation_cmake: 6.1.1 (/opt/ros/humble/share/rmw_implementation_cmake/cmake)
[0.582s] -- Found rmw_fastrtps_cpp: 6.2.2 (/opt/ros/humble/share/rmw_fastrtps_cpp/cmake)
[0.664s] -- Found OpenSSL: /usr/lib/x86_64-linux-gnu/libcrypto.so (found version "3.0.2")  
[0.696s] -- Found FastRTPS: /opt/ros/humble/include  
[0.741s] -- Using RMW implementation 'rmw_fastrtps_cpp' as default
[0.751s] -- Looking for pthread.h
[0.807s] -- Looking for pthread.h - found
[0.807s] -- Performing Test CMAKE_HAVE_LIBC_PTHREAD
[0.859s] -- Performing Test CMAKE_HAVE_LIBC_PTHREAD - Success
[0.860s] -- Found Threads: TRUE  
[1.034s] -- Found rclpy: 3.3.7 (/opt/ros/humble/share/rclpy/cmake)
[1.036s] -- Found nav_msgs: 4.2.3 (/opt/ros/humble/share/nav_msgs/cmake)
[1.141s] -- Found mecha_control: 0.0.0 (/ROS_ws/install/mecha_control/share/mecha_control/cmake)
[1.160s] [31mCMake Error at CMakeLists.txt:17 (find_package):
[1.161s]   By not providing "Findrobot_master.cmake" in CMAKE_MODULE_PATH this project
[1.161s]   has asked CMake to find a package configuration file provided by
[1.161s]   "robot_master", but CMake did not find one.
[1.161s] 
[1.161s]   Could not find a package configuration file provided by "robot_master" with
[1.161s]   any of the following names:
[1.161s] 
[1.161s]     robot_masterConfig.cmake
[1.161s]     robot_master-config.cmake
[1.161s] 
[1.161s]   Add the installation prefix of "robot_master" to CMAKE_PREFIX_PATH or set
[1.161s]   "robot_master_DIR" to a directory containing one of the above files.  If
[1.161s]   "robot_master" provides a separate development package or SDK, be sure it
[1.161s]   has been installed.
[1.161s] 
[1.162s] [0m
[1.162s] -- Configuring incomplete, errors occurred!
[1.162s] See also "/ROS_ws/build/pure_pursuit/CMakeFiles/CMakeOutput.log".
[1.167s] Invoked command in '/ROS_ws/build/pure_pursuit' returned '1': CMAKE_PREFIX_PATH=/ROS_ws/install/mecha_control:/ROS_ws/install/pc_robot_controller:/ROS_ws/install/nucleo_agent:/ROS_ws/install/ldlidar:/opt/ros/humble LD_LIBRARY_PATH=/ROS_ws/install/mecha_control/lib:/ROS_ws/install/nucleo_agent/lib:/opt/ros/humble/opt/rviz_ogre_vendor/lib:/opt/ros/humble/lib/x86_64-linux-gnu:/opt/ros/humble/lib /usr/bin/cmake /ROS_ws/src/chassis_haru_robo2024/pure_pursuit -DCMAKE_INSTALL_PREFIX=/ROS_ws/install/pure_pursuit
