[33mCMake Warning at CMakeLists.txt:37 (add_executable):
  Cannot generate a safe runtime search path for target cmd_seq because there
  is a cycle in the constraint graph:

    dir 0 is [/opt/ros/humble/lib]
    dir 1 is [/ROS_ws/install/mecha_control/lib]
      dir 2 must precede it due to runtime library [libmecha_control__rosidl_typesupport_introspection_c.so]
    dir 2 is [/ROS_ws/build/mecha_control]
      dir 1 must precede it due to runtime library [libmecha_control__rosidl_typesupport_fastrtps_c.so]

  Some of these libraries may not be found correctly.

[0m
[01m[K/ROS_ws/src/mecha_control/src/cmd_seq.cpp:45:9:[m[K [01;31m[Kerror: [m[K‘[01m[Kbonbori_service[m[K’ does not name a type
   45 |         [01;31m[Kbonbori_service[m[K = this->create_service<std_srvs::srv::SetBool>(
      |         [01;31m[K^~~~~~~~~~~~~~~[m[K
In file included from [01m[K/opt/ros/humble/include/rclcpp/rclcpp/client.hpp:40[m[K,
                 from [01m[K/opt/ros/humble/include/rclcpp/rclcpp/callback_group.hpp:24[m[K,
                 from [01m[K/opt/ros/humble/include/rclcpp/rclcpp/any_executable.hpp:20[m[K,
                 from [01m[K/opt/ros/humble/include/rclcpp/rclcpp/memory_strategy.hpp:25[m[K,
                 from [01m[K/opt/ros/humble/include/rclcpp/rclcpp/memory_strategies.hpp:18[m[K,
                 from [01m[K/opt/ros/humble/include/rclcpp/rclcpp/executor_options.hpp:20[m[K,
                 from [01m[K/opt/ros/humble/include/rclcpp/rclcpp/executor.hpp:37[m[K,
                 from [01m[K/opt/ros/humble/include/rclcpp/rclcpp/executors/multi_threaded_executor.hpp:25[m[K,
                 from [01m[K/opt/ros/humble/include/rclcpp/rclcpp/executors.hpp:21[m[K,
                 from [01m[K/opt/ros/humble/include/rclcpp/rclcpp/rclcpp.hpp:155[m[K,
                 from [01m[K/ROS_ws/src/mecha_control/src/cmd_seq.cpp:1[m[K:
[01m[K/ROS_ws/src/mecha_control/src/cmd_seq.cpp:47:9:[m[K [01;31m[Kerror: [m[Kexpected unqualified-id before ‘[01m[Kdo[m[K’
   47 |         [01;31m[KRCLCPP_INFO[m[K(this->get_logger(), "node started");
      |         [01;31m[K^~~~~~~~~~~[m[K
[01m[K/ROS_ws/src/mecha_control/src/cmd_seq.cpp:47:9:[m[K [01;31m[Kerror: [m[Kexpected unqualified-id before ‘[01m[Kwhile[m[K’
   47 |         [01;31m[KRCLCPP_INFO[m[K(this->get_logger(), "node started");
      |         [01;31m[K^~~~~~~~~~~[m[K
[01m[K/ROS_ws/src/mecha_control/src/cmd_seq.cpp:48:6:[m[K [01;31m[Kerror: [m[Kexpected ‘[01m[K;[m[K’ after class definition
   48 |     }
      |      [01;31m[K^[m[K
      |      [32m[K;[m[K
[01m[K/ROS_ws/src/mecha_control/src/cmd_seq.cpp:[m[K In constructor ‘[01m[KMechSeqNode::MechSeqNode()[m[K’:
[01m[K/ROS_ws/src/mecha_control/src/cmd_seq.cpp:24:9:[m[K [01;31m[Kerror: [m[K‘[01m[Kdaiza_pub[m[K’ was not declared in this scope
   24 |         [01;31m[Kdaiza_pub[m[K = create_publisher<mecha_control::msg::ActuatorCommands>("daiza_clamp", 10);
      |         [01;31m[K^~~~~~~~~[m[K
[01m[K/ROS_ws/src/mecha_control/src/cmd_seq.cpp:25:9:[m[K [01;31m[Kerror: [m[K‘[01m[Khina_pub[m[K’ was not declared in this scope
   25 |         [01;31m[Khina_pub[m[K = create_publisher<mecha_control::msg::ActuatorCommands>("hina_dastpan", 10);
      |         [01;31m[K^~~~~~~~[m[K
[01m[K/ROS_ws/src/mecha_control/src/cmd_seq.cpp:26:9:[m[K [01;31m[Kerror: [m[K‘[01m[Kdaiza_controller[m[K’ was not declared in this scope
   26 |         [01;31m[Kdaiza_controller[m[K = std::thread(&MechSeqNode::daiza_controll, this);
      |         [01;31m[K^~~~~~~~~~~~~~~~[m[K
[01m[K/ROS_ws/src/mecha_control/src/cmd_seq.cpp:26:54:[m[K [01;31m[Kerror: [m[K‘[01m[Kdaiza_controll[m[K’ is not a member of ‘[01m[KMechSeqNode[m[K’
   26 |         daiza_controller = std::thread(&MechSeqNode::[01;31m[Kdaiza_controll[m[K, this);
      |                                                      [01;31m[K^~~~~~~~~~~~~~[m[K
[01m[K/ROS_ws/src/mecha_control/src/cmd_seq.cpp:29:9:[m[K [01;31m[Kerror: [m[K‘[01m[Kdaiza_sensor_sub[m[K’ was not declared in this scope
   29 |         [01;31m[Kdaiza_sensor_sub[m[K = create_subscription<mecha_control::msg::SensorStates>(
      |         [01;31m[K^~~~~~~~~~~~~~~~[m[K
[01m[K/ROS_ws/src/mecha_control/src/cmd_seq.cpp:30:56:[m[K [01;31m[Kerror: [m[K‘[01m[Kdaiza_sensor_callback[m[K’ is not a member of ‘[01m[KMechSeqNode[m[K’
   30 |             "daiza_state", 10, std::bind(&MechSeqNode::[01;31m[Kdaiza_sensor_callback[m[K, this, std::placeholders::_1));
      |                                                        [01;31m[K^~~~~~~~~~~~~~~~~~~~~[m[K
[01m[K/ROS_ws/src/mecha_control/src/cmd_seq.cpp:31:9:[m[K [01;31m[Kerror: [m[K‘[01m[Khina_sensor_sub[m[K’ was not declared in this scope
   31 |         [01;31m[Khina_sensor_sub[m[K = create_subscription<mecha_control::msg::SensorStates>(
      |         [01;31m[K^~~~~~~~~~~~~~~[m[K
[01m[K/ROS_ws/src/mecha_control/src/cmd_seq.cpp:32:55:[m[K [01;31m[Kerror: [m[K‘[01m[Khina_sensor_callback[m[K’ is not a member of ‘[01m[KMechSeqNode[m[K’
   32 |             "hina_state", 10, std::bind(&MechSeqNode::[01;31m[Khina_sensor_callback[m[K, this, std::placeholders::_1));
      |                                                       [01;31m[K^~~~~~~~~~~~~~~~~~~~[m[K
[01m[K/ROS_ws/src/mecha_control/src/cmd_seq.cpp:38:15:[m[K [01;31m[Kerror: [m[K‘[01m[Kclass MechSeqNode[m[K’ has no member named ‘[01m[Kdaiza_action_server[m[K’
   38 |         this->[01;31m[Kdaiza_action_server[m[K = rclcpp_action::create_server<DaizaCmd>(
      |               [01;31m[K^~~~~~~~~~~~~~~~~~~[m[K
[01m[K/ROS_ws/src/mecha_control/src/cmd_seq.cpp:41:37:[m[K [01;31m[Kerror: [m[K‘[01m[Kdaiza_handle_goal[m[K’ is not a member of ‘[01m[KMechSeqNode[m[K’
   41 |             std::bind(&MechSeqNode::[01;31m[Kdaiza_handle_goal[m[K, this, _1, _2),
      |                                     [01;31m[K^~~~~~~~~~~~~~~~~[m[K
[01m[K/ROS_ws/src/mecha_control/src/cmd_seq.cpp:42:37:[m[K [01;31m[Kerror: [m[K‘[01m[Kdaiza_handle_cancel[m[K’ is not a member of ‘[01m[KMechSeqNode[m[K’
   42 |             std::bind(&MechSeqNode::[01;31m[Kdaiza_handle_cancel[m[K, this, _1),
      |                                     [01;31m[K^~~~~~~~~~~~~~~~~~~[m[K
[01m[K/ROS_ws/src/mecha_control/src/cmd_seq.cpp:43:37:[m[K [01;31m[Kerror: [m[K‘[01m[Kdaiza_handle_accepted[m[K’ is not a member of ‘[01m[KMechSeqNode[m[K’
   43 |             std::bind(&MechSeqNode::[01;31m[Kdaiza_handle_accepted[m[K, this, _1));
      |                                     [01;31m[K^~~~~~~~~~~~~~~~~~~~~[m[K
[01m[K/ROS_ws/src/mecha_control/src/cmd_seq.cpp:[m[K At global scope:
[01m[K/ROS_ws/src/mecha_control/src/cmd_seq.cpp:50:1:[m[K [01;31m[Kerror: [m[Kexpected unqualified-id before ‘[01m[Kprivate[m[K’
   50 | [01;31m[Kprivate[m[K:
      | [01;31m[K^~~~~~~[m[K
[01m[K/ROS_ws/src/mecha_control/src/cmd_seq.cpp:77:39:[m[K [01;31m[Kerror: [m[KISO C++ forbids declaration of ‘[01m[Ktype name[m[K’ with no type [[01;31m[K-fpermissive[m[K]
   77 |         std::shared_ptr<const DaizaCmd[01;31m[K::[m[KGoal> goal)
      |                                       [01;31m[K^~[m[K
[01m[K/ROS_ws/src/mecha_control/src/cmd_seq.cpp:77:45:[m[K [01;31m[Kerror: [m[Ktemplate argument 1 is invalid
   77 |         std::shared_ptr<const DaizaCmd::Goal[01;31m[K>[m[K goal)
      |                                             [01;31m[K^[m[K
[01m[K/ROS_ws/src/mecha_control/src/cmd_seq.cpp:77:39:[m[K [01;31m[Kerror: [m[KISO C++ forbids declaration of ‘[01m[Ktype name[m[K’ with no type [[01;31m[K-fpermissive[m[K]
   77 |         std::shared_ptr<const DaizaCmd[01;31m[K::[m[KGoal> goal)
      |                                       [01;31m[K^~[m[K
[01m[K/ROS_ws/src/mecha_control/src/cmd_seq.cpp:77:45:[m[K [01;31m[Kerror: [m[Ktemplate argument 1 is invalid
   77 |         std::shared_ptr<const DaizaCmd::Goal[01;31m[K>[m[K goal)
      |                                             [01;31m[K^[m[K
[01m[K/ROS_ws/src/mecha_control/src/cmd_seq.cpp:77:39:[m[K [01;31m[Kerror: [m[KISO C++ forbids declaration of ‘[01m[Ktype name[m[K’ with no type [[01;31m[K-fpermissive[m[K]
   77 |         std::shared_ptr<const DaizaCmd[01;31m[K::[m[KGoal> goal)
      |                                       [01;31m[K^~[m[K
[01m[K/ROS_ws/src/mecha_control/src/cmd_seq.cpp:77:45:[m[K [01;31m[Kerror: [m[Ktemplate argument 1 is invalid
   77 |         std::shared_ptr<const DaizaCmd::Goal[01;31m[K>[m[K goal)
      |                                             [01;31m[K^[m[K
[01m[K/ROS_ws/src/mecha_control/src/cmd_seq.cpp:77:9:[m[K [01;31m[Kerror: [m[Kinvalid template-id
   77 |         [01;31m[Kstd[m[K::shared_ptr<const DaizaCmd::Goal> goal)
      |         [01;31m[K^~~[m[K
[01m[K/ROS_ws/src/mecha_control/src/cmd_seq.cpp:77:39:[m[K [01;31m[Kerror: [m[KISO C++ forbids declaration of ‘[01m[Ktype name[m[K’ with no type [[01;31m[K-fpermissive[m[K]
   77 |         std::shared_ptr<const DaizaCmd[01;31m[K::[m[KGoal> goal)
      |                                       [01;31m[K^~[m[K
[01m[K/ROS_ws/src/mecha_control/src/cmd_seq.cpp:77:25:[m[K [01;31m[Kerror: [m[Kexpected primary-expression before ‘[01m[Kconst[m[K’
   77 |         std::shared_ptr<[01;31m[Kconst[m[K DaizaCmd::Goal> goal)
      |                         [01;31m[K^~~~~[m[K
[01m[K/ROS_ws/src/mecha_control/src/cmd_seq.cpp:77:25:[m[K [01;31m[Kerror: [m[Kexpected ‘[01m[K>[m[K’ before ‘[01m[Kconst[m[K’
[01m[K/ROS_ws/src/mecha_control/src/cmd_seq.cpp:77:9:[m[K [01;31m[Kerror: [m[Kclass template placeholder ‘[01m[Kstd::shared_ptr[m[K’ not permitted in this context
   77 |         [01;31m[Kstd[m[K::shared_ptr<const DaizaCmd::Goal> goal)
      |         [01;31m[K^~~[m[K
In file included from [01m[K/opt/ros/humble/include/rclcpp/rclcpp/client.hpp:40[m[K,
                 from [01m[K/opt/ros/humble/include/rclcpp/rclcpp/callback_group.hpp:24[m[K,
                 from [01m[K/opt/ros/humble/include/rclcpp/rclcpp/any_executable.hpp:20[m[K,
                 from [01m[K/opt/ros/humble/include/rclcpp/rclcpp/memory_strategy.hpp:25[m[K,
                 from [01m[K/opt/ros/humble/include/rclcpp/rclcpp/memory_strategies.hpp:18[m[K,
                 from [01m[K/opt/ros/humble/include/rclcpp/rclcpp/executor_options.hpp:20[m[K,
                 from [01m[K/opt/ros/humble/include/rclcpp/rclcpp/executor.hpp:37[m[K,
                 from [01m[K/opt/ros/humble/include/rclcpp/rclcpp/executors/multi_threaded_executor.hpp:25[m[K,
                 from [01m[K/opt/ros/humble/include/rclcpp/rclcpp/executors.hpp:21[m[K,
                 from [01m[K/opt/ros/humble/include/rclcpp/rclcpp/rclcpp.hpp:155[m[K,
                 from [01m[K/ROS_ws/src/mecha_control/src/cmd_seq.cpp:1[m[K:
[01m[K/ROS_ws/src/mecha_control/src/cmd_seq.cpp:[m[K In function ‘[01m[Krclcpp_action::GoalResponse daiza_handle_goal(...)[m[K’:
[01m[K/ROS_ws/src/mecha_control/src/cmd_seq.cpp:79:21:[m[K [01;31m[Kerror: [m[Kinvalid use of ‘[01m[Kthis[m[K’ in non-member function
   79 |         RCLCPP_INFO([01;31m[Kthis[m[K->get_logger(), "Received goal request with order %d", goal->command);
      |                     [01;31m[K^~~~[m[K
[01m[K/ROS_ws/src/mecha_control/src/cmd_seq.cpp:79:21:[m[K [01;31m[Kerror: [m[Kinvalid use of ‘[01m[Kthis[m[K’ in non-member function
[01m[K/ROS_ws/src/mecha_control/src/cmd_seq.cpp:79:9:[m[K [01;31m[Kerror: [m[Ktemplate argument 1 is invalid
   79 |         [01;31m[KRCLCPP_INFO[m[K(this->get_logger(), "Received goal request with order %d", goal->command);
      |         [01;31m[K^~~~~~~~~~~[m[K
[01m[K/ROS_ws/src/mecha_control/src/cmd_seq.cpp:79:9:[m[K [01;31m[Kerror: [m[K‘[01m[K<declaration error>[m[K’ is not a template [[01;31m[K-fpermissive[m[K]
   79 |         [01;31m[KRCLCPP_INFO[m[K(this->get_logger(), "Received goal request with order %d", goal->command);
      |         [01;31m[K^~~~~~~~~~~[m[K
[01m[K/ROS_ws/src/mecha_control/src/cmd_seq.cpp:79:9:[m[K [01;31m[Kerror: [m[Ktemplate argument 1 is invalid
   79 |         [01;31m[KRCLCPP_INFO[m[K(this->get_logger(), "Received goal request with order %d", goal->command);
      |         [01;31m[K^~~~~~~~~~~[m[K
[01m[K/ROS_ws/src/mecha_control/src/cmd_seq.cpp:79:9:[m[K [01;31m[Kerror: [m[K‘[01m[K<declaration error>[m[K’ is not a template [[01;31m[K-fpermissive[m[K]
   79 |         [01;31m[KRCLCPP_INFO[m[K(this->get_logger(), "Received goal request with order %d", goal->command);
      |         [01;31m[K^~~~~~~~~~~[m[K
[01m[K/ROS_ws/src/mecha_control/src/cmd_seq.cpp:79:9:[m[K [01;31m[Kerror: [m[Ktemplate argument 1 is invalid
   79 |         [01;31m[KRCLCPP_INFO[m[K(this->get_logger(), "Received goal request with order %d", goal->command);
      |         [01;31m[K^~~~~~~~~~~[m[K
In file included from [01m[K/opt/ros/humble/include/rclcpp/rclcpp/logging.hpp:24[m[K,
                 from [01m[K/opt/ros/humble/include/rclcpp/rclcpp/client.hpp:40[m[K,
                 from [01m[K/opt/ros/humble/include/rclcpp/rclcpp/callback_group.hpp:24[m[K,
                 from [01m[K/opt/ros/humble/include/rclcpp/rclcpp/any_executable.hpp:20[m[K,
                 from [01m[K/opt/ros/humble/include/rclcpp/rclcpp/memory_strategy.hpp:25[m[K,
                 from [01m[K/opt/ros/humble/include/rclcpp/rclcpp/memory_strategies.hpp:18[m[K,
                 from [01m[K/opt/ros/humble/include/rclcpp/rclcpp/executor_options.hpp:20[m[K,
                 from [01m[K/opt/ros/humble/include/rclcpp/rclcpp/executor.hpp:37[m[K,
                 from [01m[K/opt/ros/humble/include/rclcpp/rclcpp/executors/multi_threaded_executor.hpp:25[m[K,
                 from [01m[K/opt/ros/humble/include/rclcpp/rclcpp/executors.hpp:21[m[K,
                 from [01m[K/opt/ros/humble/include/rclcpp/rclcpp/rclcpp.hpp:155[m[K,
                 from [01m[K/ROS_ws/src/mecha_control/src/cmd_seq.cpp:1[m[K:
[01m[K/ROS_ws/src/mecha_control/src/cmd_seq.cpp:79:21:[m[K [01;31m[Kerror: [m[Kinvalid use of ‘[01m[Kthis[m[K’ in non-member function
   79 |         RCLCPP_INFO([01;31m[Kthis[m[K->get_logger(), "Received goal request with order %d", goal->command);
      |                     [01;31m[K^~~~[m[K
[01m[K/ROS_ws/src/mecha_control/src/cmd_seq.cpp:79:21:[m[K [01;31m[Kerror: [m[Kinvalid use of ‘[01m[Kthis[m[K’ in non-member function
   79 |         RCLCPP_INFO([01;31m[Kthis[m[K->get_logger(), "Received goal request with order %d", goal->command);
      |                     [01;31m[K^~~~[m[K
[01m[K/ROS_ws/src/mecha_control/src/cmd_seq.cpp:79:80:[m[K [01;31m[Kerror: [m[K‘[01m[Kgoal[m[K’ was not declared in this scope
   79 |         RCLCPP_INFO(this->get_logger(), "Received goal request with order %d", [01;31m[Kgoal[m[K->command);
      |                                                                                [01;31m[K^~~~[m[K
[01m[K/ROS_ws/src/mecha_control/src/cmd_seq.cpp:[m[K At global scope:
[01m[K/ROS_ws/src/mecha_control/src/cmd_seq.cpp:84:31:[m[K [01;31m[Kerror: [m[K‘[01m[KGoalHandleDaizaCmd[m[K’ was not declared in this scope
   84 |         const std::shared_ptr<[01;31m[KGoalHandleDaizaCmd[m[K> goal_handle)
      |                               [01;31m[K^~~~~~~~~~~~~~~~~~[m[K
[01m[K/ROS_ws/src/mecha_control/src/cmd_seq.cpp:84:49:[m[K [01;31m[Kerror: [m[Ktemplate argument 1 is invalid
   84 |         const std::shared_ptr<GoalHandleDaizaCmd[01;31m[K>[m[K goal_handle)
      |                                                 [01;31m[K^[m[K
In file included from [01m[K/opt/ros/humble/include/rclcpp/rclcpp/client.hpp:40[m[K,
                 from [01m[K/opt/ros/humble/include/rclcpp/rclcpp/callback_group.hpp:24[m[K,
                 from [01m[K/opt/ros/humble/include/rclcpp/rclcpp/any_executable.hpp:20[m[K,
                 from [01m[K/opt/ros/humble/include/rclcpp/rclcpp/memory_strategy.hpp:25[m[K,
                 from [01m[K/opt/ros/humble/include/rclcpp/rclcpp/memory_strategies.hpp:18[m[K,
                 from [01m[K/opt/ros/humble/include/rclcpp/rclcpp/executor_options.hpp:20[m[K,
                 from [01m[K/opt/ros/humble/include/rclcpp/rclcpp/executor.hpp:37[m[K,
                 from [01m[K/opt/ros/humble/include/rclcpp/rclcpp/executors/multi_threaded_executor.hpp:25[m[K,
                 from [01m[K/opt/ros/humble/include/rclcpp/rclcpp/executors.hpp:21[m[K,
                 from [01m[K/opt/ros/humble/include/rclcpp/rclcpp/rclcpp.hpp:155[m[K,
                 from [01m[K/ROS_ws/src/mecha_control/src/cmd_seq.cpp:1[m[K:
[01m[K/ROS_ws/src/mecha_control/src/cmd_seq.cpp:[m[K In function ‘[01m[Krclcpp_action::CancelResponse daiza_handle_cancel(int)[m[K’:
[01m[K/ROS_ws/src/mecha_control/src/cmd_seq.cpp:86:21:[m[K [01;31m[Kerror: [m[Kinvalid use of ‘[01m[Kthis[m[K’ in non-member function
   86 |         RCLCPP_INFO([01;31m[Kthis[m[K->get_logger(), "Received request to cancel goal");
      |                     [01;31m[K^~~~[m[K
[01m[K/ROS_ws/src/mecha_control/src/cmd_seq.cpp:86:21:[m[K [01;31m[Kerror: [m[Kinvalid use of ‘[01m[Kthis[m[K’ in non-member function
[01m[K/ROS_ws/src/mecha_control/src/cmd_seq.cpp:86:9:[m[K [01;31m[Kerror: [m[Ktemplate argument 1 is invalid
   86 |         [01;31m[KRCLCPP_INFO[m[K(this->get_logger(), "Received request to cancel goal");
      |         [01;31m[K^~~~~~~~~~~[m[K
[01m[K/ROS_ws/src/mecha_control/src/cmd_seq.cpp:86:9:[m[K [01;31m[Kerror: [m[K‘[01m[K<declaration error>[m[K’ is not a template [[01;31m[K-fpermissive[m[K]
   86 |         [01;31m[KRCLCPP_INFO[m[K(this->get_logger(), "Received request to cancel goal");
      |         [01;31m[K^~~~~~~~~~~[m[K
[01m[K/ROS_ws/src/mecha_control/src/cmd_seq.cpp:86:9:[m[K [01;31m[Kerror: [m[Ktemplate argument 1 is invalid
   86 |         [01;31m[KRCLCPP_INFO[m[K(this->get_logger(), "Received request to cancel goal");
      |         [01;31m[K^~~~~~~~~~~[m[K
[01m[K/ROS_ws/src/mecha_control/src/cmd_seq.cpp:86:9:[m[K [01;31m[Kerror: [m[K‘[01m[K<declaration error>[m[K’ is not a template [[01;31m[K-fpermissive[m[K]
   86 |         [01;31m[KRCLCPP_INFO[m[K(this->get_logger(), "Received request to cancel goal");
      |         [01;31m[K^~~~~~~~~~~[m[K
[01m[K/ROS_ws/src/mecha_control/src/cmd_seq.cpp:86:9:[m[K [01;31m[Kerror: [m[Ktemplate argument 1 is invalid
   86 |         [01;31m[KRCLCPP_INFO[m[K(this->get_logger(), "Received request to cancel goal");
      |         [01;31m[K^~~~~~~~~~~[m[K
In file included from [01m[K/opt/ros/humble/include/rclcpp/rclcpp/logging.hpp:24[m[K,
                 from [01m[K/opt/ros/humble/include/rclcpp/rclcpp/client.hpp:40[m[K,
                 from [01m[K/opt/ros/humble/include/rclcpp/rclcpp/callback_group.hpp:24[m[K,
                 from [01m[K/opt/ros/humble/include/rclcpp/rclcpp/any_executable.hpp:20[m[K,
                 from [01m[K/opt/ros/humble/include/rclcpp/rclcpp/memory_strategy.hpp:25[m[K,
                 from [01m[K/opt/ros/humble/include/rclcpp/rclcpp/memory_strategies.hpp:18[m[K,
                 from [01m[K/opt/ros/humble/include/rclcpp/rclcpp/executor_options.hpp:20[m[K,
                 from [01m[K/opt/ros/humble/include/rclcpp/rclcpp/executor.hpp:37[m[K,
                 from [01m[K/opt/ros/humble/include/rclcpp/rclcpp/executors/multi_threaded_executor.hpp:25[m[K,
                 from [01m[K/opt/ros/humble/include/rclcpp/rclcpp/executors.hpp:21[m[K,
                 from [01m[K/opt/ros/humble/include/rclcpp/rclcpp/rclcpp.hpp:155[m[K,
                 from [01m[K/ROS_ws/src/mecha_control/src/cmd_seq.cpp:1[m[K:
[01m[K/ROS_ws/src/mecha_control/src/cmd_seq.cpp:86:21:[m[K [01;31m[Kerror: [m[Kinvalid use of ‘[01m[Kthis[m[K’ in non-member function
   86 |         RCLCPP_INFO([01;31m[Kthis[m[K->get_logger(), "Received request to cancel goal");
      |                     [01;31m[K^~~~[m[K
[01m[K/ROS_ws/src/mecha_control/src/cmd_seq.cpp:86:21:[m[K [01;31m[Kerror: [m[Kinvalid use of ‘[01m[Kthis[m[K’ in non-member function
   86 |         RCLCPP_INFO([01;31m[Kthis[m[K->get_logger(), "Received request to cancel goal");
      |                     [01;31m[K^~~~[m[K
[01m[K/ROS_ws/src/mecha_control/src/cmd_seq.cpp:[m[K At global scope:
[01m[K/ROS_ws/src/mecha_control/src/cmd_seq.cpp:90:48:[m[K [01;31m[Kerror: [m[K‘[01m[KGoalHandleDaizaCmd[m[K’ was not declared in this scope
   90 |     void handle_accepted(const std::shared_ptr<[01;31m[KGoalHandleDaizaCmd[m[K> goal_handle)
      |                                                [01;31m[K^~~~~~~~~~~~~~~~~~[m[K
[01m[K/ROS_ws/src/mecha_control/src/cmd_seq.cpp:90:66:[m[K [01;31m[Kerror: [m[Ktemplate argument 1 is invalid
   90 |     void handle_accepted(const std::shared_ptr<GoalHandleDaizaCmd[01;31m[K>[m[K goal_handle)
      |                                                                  [01;31m[K^[m[K
[01m[K/ROS_ws/src/mecha_control/src/cmd_seq.cpp:[m[K In function ‘[01m[Kvoid handle_accepted(int)[m[K’:
[01m[K/ROS_ws/src/mecha_control/src/cmd_seq.cpp:94:45:[m[K [01;31m[Kerror: [m[K‘[01m[Kdaiza_cmd_execute[m[K’ is not a member of ‘[01m[KMechSeqNode[m[K’
   94 |         std::thread{std::bind(&MechSeqNode::[01;31m[Kdaiza_cmd_execute[m[K, this, _1), goal_handle}.detach();
      |                                             [01;31m[K^~~~~~~~~~~~~~~~~[m[K
[01m[K/ROS_ws/src/mecha_control/src/cmd_seq.cpp:94:64:[m[K [01;31m[Kerror: [m[Kinvalid use of ‘[01m[Kthis[m[K’ in non-member function
   94 |         std::thread{std::bind(&MechSeqNode::daiza_cmd_execute, [01;31m[Kthis[m[K, _1), goal_handle}.detach();
      |                                                                [01;31m[K^~~~[m[K
[01m[K/ROS_ws/src/mecha_control/src/cmd_seq.cpp:94:86:[m[K [01;31m[Kerror: [m[Kno matching function for call to ‘[01m[Kstd::thread::thread(<brace-enclosed initializer list>)[m[K’
   94 |         std::thread{std::bind(&MechSeqNode::daiza_cmd_execute, this, _1), goal_handle[01;31m[K}[m[K.detach();
      |                                                                                      [01;31m[K^[m[K
In file included from [01m[K/usr/include/c++/11/future:48[m[K,
                 from [01m[K/opt/ros/humble/include/rclcpp/rclcpp/executors.hpp:18[m[K,
                 from [01m[K/opt/ros/humble/include/rclcpp/rclcpp/rclcpp.hpp:155[m[K,
                 from [01m[K/ROS_ws/src/mecha_control/src/cmd_seq.cpp:1[m[K:
[01m[K/usr/include/c++/11/bits/std_thread.h:127:7:[m[K [01;36m[Knote: [m[Kcandidate: ‘[01m[Ktemplate<class _Callable, class ... _Args, class> std::thread::thread(_Callable&&, _Args&& ...)[m[K’
  127 |       [01;36m[Kthread[m[K(_Callable&& __f, _Args&&... __args)
      |       [01;36m[K^~~~~~[m[K
[01m[K/usr/include/c++/11/bits/std_thread.h:127:7:[m[K [01;36m[Knote: [m[K  template argument deduction/substitution failed:
[01m[K/usr/include/c++/11/bits/std_thread.h:157:5:[m[K [01;36m[Knote: [m[Kcandidate: ‘[01m[Kstd::thread::thread(std::thread&&)[m[K’
  157 |     [01;36m[Kthread[m[K(thread&& __t) noexcept
      |     [01;36m[K^~~~~~[m[K
[01m[K/usr/include/c++/11/bits/std_thread.h:157:5:[m[K [01;36m[Knote: [m[K  candidate expects 1 argument, 2 provided
[01m[K/usr/include/c++/11/bits/std_thread.h:121:5:[m[K [01;36m[Knote: [m[Kcandidate: ‘[01m[Kstd::thread::thread()[m[K’
  121 |     [01;36m[Kthread[m[K() noexcept = default;
      |     [01;36m[K^~~~~~[m[K
[01m[K/usr/include/c++/11/bits/std_thread.h:121:5:[m[K [01;36m[Knote: [m[K  candidate expects 0 arguments, 2 provided
[01m[K/ROS_ws/src/mecha_control/src/cmd_seq.cpp:[m[K At global scope:
[01m[K/ROS_ws/src/mecha_control/src/cmd_seq.cpp:96:50:[m[K [01;31m[Kerror: [m[K‘[01m[KGoalHandleDaizaCmd[m[K’ was not declared in this scope
   96 |     void daiza_cmd_execute(const std::shared_ptr<[01;31m[KGoalHandleDaizaCmd[m[K> goal_handle)
      |                                                  [01;31m[K^~~~~~~~~~~~~~~~~~[m[K
[01m[K/ROS_ws/src/mecha_control/src/cmd_seq.cpp:96:68:[m[K [01;31m[Kerror: [m[Ktemplate argument 1 is invalid
   96 |     void daiza_cmd_execute(const std::shared_ptr<GoalHandleDaizaCmd[01;31m[K>[m[K goal_handle)
      |                                                                    [01;31m[K^[m[K
In file included from [01m[K/opt/ros/humble/include/rclcpp/rclcpp/client.hpp:40[m[K,
                 from [01m[K/opt/ros/humble/include/rclcpp/rclcpp/callback_group.hpp:24[m[K,
                 from [01m[K/opt/ros/humble/include/rclcpp/rclcpp/any_executable.hpp:20[m[K,
                 from [01m[K/opt/ros/humble/include/rclcpp/rclcpp/memory_strategy.hpp:25[m[K,
                 from [01m[K/opt/ros/humble/include/rclcpp/rclcpp/memory_strategies.hpp:18[m[K,
                 from [01m[K/opt/ros/humble/include/rclcpp/rclcpp/executor_options.hpp:20[m[K,
                 from [01m[K/opt/ros/humble/include/rclcpp/rclcpp/executor.hpp:37[m[K,
                 from [01m[K/opt/ros/humble/include/rclcpp/rclcpp/executors/multi_threaded_executor.hpp:25[m[K,
                 from [01m[K/opt/ros/humble/include/rclcpp/rclcpp/executors.hpp:21[m[K,
                 from [01m[K/opt/ros/humble/include/rclcpp/rclcpp/rclcpp.hpp:155[m[K,
                 from [01m[K/ROS_ws/src/mecha_control/src/cmd_seq.cpp:1[m[K:
[01m[K/ROS_ws/src/mecha_control/src/cmd_seq.cpp:[m[K In function ‘[01m[Kvoid daiza_cmd_execute(int)[m[K’:
[01m[K/ROS_ws/src/mecha_control/src/cmd_seq.cpp:98:21:[m[K [01;31m[Kerror: [m[Kinvalid use of ‘[01m[Kthis[m[K’ in non-member function
   98 |         RCLCPP_INFO([01;31m[Kthis[m[K->get_logger(), "Executing goal");
      |                     [01;31m[K^~~~[m[K
[01m[K/ROS_ws/src/mecha_control/src/cmd_seq.cpp:98:21:[m[K [01;31m[Kerror: [m[Kinvalid use of ‘[01m[Kthis[m[K’ in non-member function
[01m[K/ROS_ws/src/mecha_control/src/cmd_seq.cpp:98:9:[m[K [01;31m[Kerror: [m[Ktemplate argument 1 is invalid
   98 |         [01;31m[KRCLCPP_INFO[m[K(this->get_logger(), "Executing goal");
      |         [01;31m[K^~~~~~~~~~~[m[K
[01m[K/ROS_ws/src/mecha_control/src/cmd_seq.cpp:98:9:[m[K [01;31m[Kerror: [m[K‘[01m[K<declaration error>[m[K’ is not a template [[01;31m[K-fpermissive[m[K]
   98 |         [01;31m[KRCLCPP_INFO[m[K(this->get_logger(), "Executing goal");
      |         [01;31m[K^~~~~~~~~~~[m[K
[01m[K/ROS_ws/src/mecha_control/src/cmd_seq.cpp:98:9:[m[K [01;31m[Kerror: [m[Ktemplate argument 1 is invalid
   98 |         [01;31m[KRCLCPP_INFO[m[K(this->get_logger(), "Executing goal");
      |         [01;31m[K^~~~~~~~~~~[m[K
[01m[K/ROS_ws/src/mecha_control/src/cmd_seq.cpp:98:9:[m[K [01;31m[Kerror: [m[K‘[01m[K<declaration error>[m[K’ is not a template [[01;31m[K-fpermissive[m[K]
   98 |         [01;31m[KRCLCPP_INFO[m[K(this->get_logger(), "Executing goal");
      |         [01;31m[K^~~~~~~~~~~[m[K
[01m[K/ROS_ws/src/mecha_control/src/cmd_seq.cpp:98:9:[m[K [01;31m[Kerror: [m[Ktemplate argument 1 is invalid
   98 |         [01;31m[KRCLCPP_INFO[m[K(this->get_logger(), "Executing goal");
      |         [01;31m[K^~~~~~~~~~~[m[K
In file included from [01m[K/opt/ros/humble/include/rclcpp/rclcpp/logging.hpp:24[m[K,
                 from [01m[K/opt/ros/humble/include/rclcpp/rclcpp/client.hpp:40[m[K,
                 from [01m[K/opt/ros/humble/include/rclcpp/rclcpp/callback_group.hpp:24[m[K,
                 from [01m[K/opt/ros/humble/include/rclcpp/rclcpp/any_executable.hpp:20[m[K,
                 from [01m[K/opt/ros/humble/include/rclcpp/rclcpp/memory_strategy.hpp:25[m[K,
                 from [01m[K/opt/ros/humble/include/rclcpp/rclcpp/memory_strategies.hpp:18[m[K,
                 from [01m[K/opt/ros/humble/include/rclcpp/rclcpp/executor_options.hpp:20[m[K,
                 from [01m[K/opt/ros/humble/include/rclcpp/rclcpp/executor.hpp:37[m[K,
                 from [01m[K/opt/ros/humble/include/rclcpp/rclcpp/executors/multi_threaded_executor.hpp:25[m[K,
                 from [01m[K/opt/ros/humble/include/rclcpp/rclcpp/executors.hpp:21[m[K,
                 from [01m[K/opt/ros/humble/include/rclcpp/rclcpp/rclcpp.hpp:155[m[K,
                 from [01m[K/ROS_ws/src/mecha_control/src/cmd_seq.cpp:1[m[K:
[01m[K/ROS_ws/src/mecha_control/src/cmd_seq.cpp:98:21:[m[K [01;31m[Kerror: [m[Kinvalid use of ‘[01m[Kthis[m[K’ in non-member function
   98 |         RCLCPP_INFO([01;31m[Kthis[m[K->get_logger(), "Executing goal");
      |                     [01;31m[K^~~~[m[K
[01m[K/ROS_ws/src/mecha_control/src/cmd_seq.cpp:98:21:[m[K [01;31m[Kerror: [m[Kinvalid use of ‘[01m[Kthis[m[K’ in non-member function
   98 |         RCLCPP_INFO([01;31m[Kthis[m[K->get_logger(), "Executing goal");
      |                     [01;31m[K^~~~[m[K
[01m[K/ROS_ws/src/mecha_control/src/cmd_seq.cpp:100:38:[m[K [01;31m[Kerror: [m[Kbase operand of ‘[01m[K->[m[K’ is not a pointer
  100 |         const auto goal = goal_handle[01;31m[K->[m[Kget_goal();
      |                                      [01;31m[K^~[m[K
[01m[K/ROS_ws/src/mecha_control/src/cmd_seq.cpp:101:42:[m[K [01;31m[Kerror: [m[K‘[01m[KDaizaCmd[m[K’ was not declared in this scope; did you mean ‘[01m[Kmecha_control::action::DaizaCmd[m[K’?
  101 |         auto feedback = std::make_shared<[01;31m[KDaizaCmd[m[K::Feedback>();
      |                                          [01;31m[K^~~~~~~~[m[K
      |                                          [32m[Kmecha_control::action::DaizaCmd[m[K
In file included from [01m[K/ROS_ws/build/mecha_control/rosidl_generator_cpp/mecha_control/action/daiza_cmd.hpp:7[m[K,
                 from [01m[K/ROS_ws/src/mecha_control/src/cmd_seq.cpp:5[m[K:
[01m[K/ROS_ws/build/mecha_control/rosidl_generator_cpp/mecha_control/action/detail/daiza_cmd__struct.hpp:1141:25:[m[K [01;36m[Knote: [m[K‘[01m[Kmecha_control::action::DaizaCmd[m[K’ declared here
 1141 | typedef struct DaizaCmd [01;36m[KDaizaCmd[m[K;
      |                         [01;36m[K^~~~~~~~[m[K
[01m[K/ROS_ws/src/mecha_control/src/cmd_seq.cpp:101:30:[m[K [01;31m[Kerror: [m[Kparse error in template argument list
  101 |         auto feedback = std::[01;31m[Kmake_shared<DaizaCmd::Feedback>[m[K();
      |                              [01;31m[K^~~~~~~~~~~~~~~~~~~~~~~~~~~~~~~[m[K
[01m[K/ROS_ws/src/mecha_control/src/cmd_seq.cpp:101:61:[m[K [01;31m[Kerror: [m[Kno matching function for call to ‘[01m[Kmake_shared<<expression error> >()[m[K’
  101 |         auto feedback = [01;31m[Kstd::make_shared<DaizaCmd::Feedback>()[m[K;
      |                         [01;31m[K~~~~~~~~~~~~~~~~~~~~~~~~~~~~~~~~~~~~^~[m[K
In file included from [01m[K/usr/include/c++/11/memory:77[m[K,
                 from [01m[K/opt/ros/humble/include/rclcpp/rclcpp/rclcpp.hpp:153[m[K,
                 from [01m[K/ROS_ws/src/mecha_control/src/cmd_seq.cpp:1[m[K:
[01m[K/usr/include/c++/11/bits/shared_ptr.h:875:5:[m[K [01;36m[Knote: [m[Kcandidate: ‘[01m[Ktemplate<class _Tp, class ... _Args> std::shared_ptr<_Tp> std::make_shared(_Args&& ...)[m[K’
  875 |     [01;36m[Kmake_shared[m[K(_Args&&... __args)
      |     [01;36m[K^~~~~~~~~~~[m[K
[01m[K/usr/include/c++/11/bits/shared_ptr.h:875:5:[m[K [01;36m[Knote: [m[K  template argument deduction/substitution failed:
[01m[K/ROS_ws/src/mecha_control/src/cmd_seq.cpp:101:61:[m[K [01;31m[Kerror: [m[Ktemplate argument 1 is invalid
  101 |         auto feedback = [01;31m[Kstd::make_shared<DaizaCmd::Feedback>()[m[K;
      |                         [01;31m[K~~~~~~~~~~~~~~~~~~~~~~~~~~~~~~~~~~~~^~[m[K
[01m[K/ROS_ws/src/mecha_control/src/cmd_seq.cpp:102:28:[m[K [01;31m[Kerror: [m[Kparse error in template argument list
  102 |         auto result = std::[01;31m[Kmake_shared<DaizaCmd::Result>[m[K();
      |                            [01;31m[K^~~~~~~~~~~~~~~~~~~~~~~~~~~~~[m[K
[01m[K/ROS_ws/src/mecha_control/src/cmd_seq.cpp:102:57:[m[K [01;31m[Kerror: [m[Kno matching function for call to ‘[01m[Kmake_shared<DaizaCmd>()[m[K’
  102 |         auto result = [01;31m[Kstd::make_shared<DaizaCmd::Result>()[m[K;
      |                       [01;31m[K~~~~~~~~~~~~~~~~~~~~~~~~~~~~~~~~~~^~[m[K
In file included from [01m[K/usr/include/c++/11/memory:77[m[K,
                 from [01m[K/opt/ros/humble/include/rclcpp/rclcpp/rclcpp.hpp:153[m[K,
                 from [01m[K/ROS_ws/src/mecha_control/src/cmd_seq.cpp:1[m[K:
[01m[K/usr/include/c++/11/bits/shared_ptr.h:875:5:[m[K [01;36m[Knote: [m[Kcandidate: ‘[01m[Ktemplate<class _Tp, class ... _Args> std::shared_ptr<_Tp> std::make_shared(_Args&& ...)[m[K’
  875 |     [01;36m[Kmake_shared[m[K(_Args&&... __args)
      |     [01;36m[K^~~~~~~~~~~[m[K
[01m[K/usr/include/c++/11/bits/shared_ptr.h:875:5:[m[K [01;36m[Knote: [m[K  template argument deduction/substitution failed:
[01m[K/ROS_ws/src/mecha_control/src/cmd_seq.cpp:106:28:[m[K [01;31m[Kerror: [m[Kbase operand of ‘[01m[K->[m[K’ is not a pointer
  106 |             if (goal_handle[01;31m[K->[m[Kis_canceling()) {
      |                            [01;31m[K^~[m[K
[01m[K/ROS_ws/src/mecha_control/src/cmd_seq.cpp:108:28:[m[K [01;31m[Kerror: [m[Kbase operand of ‘[01m[K->[m[K’ is not a pointer
  108 |                 goal_handle[01;31m[K->[m[Kcanceled(result);
      |                            [01;31m[K^~[m[K
In file included from [01m[K/opt/ros/humble/include/rclcpp/rclcpp/client.hpp:40[m[K,
                 from [01m[K/opt/ros/humble/include/rclcpp/rclcpp/callback_group.hpp:24[m[K,
                 from [01m[K/opt/ros/humble/include/rclcpp/rclcpp/any_executable.hpp:20[m[K,
                 from [01m[K/opt/ros/humble/include/rclcpp/rclcpp/memory_strategy.hpp:25[m[K,
                 from [01m[K/opt/ros/humble/include/rclcpp/rclcpp/memory_strategies.hpp:18[m[K,
                 from [01m[K/opt/ros/humble/include/rclcpp/rclcpp/executor_options.hpp:20[m[K,
                 from [01m[K/opt/ros/humble/include/rclcpp/rclcpp/executor.hpp:37[m[K,
                 from [01m[K/opt/ros/humble/include/rclcpp/rclcpp/executors/multi_threaded_executor.hpp:25[m[K,
                 from [01m[K/opt/ros/humble/include/rclcpp/rclcpp/executors.hpp:21[m[K,
                 from [01m[K/opt/ros/humble/include/rclcpp/rclcpp/rclcpp.hpp:155[m[K,
                 from [01m[K/ROS_ws/src/mecha_control/src/cmd_seq.cpp:1[m[K:
[01m[K/ROS_ws/src/mecha_control/src/cmd_seq.cpp:109:29:[m[K [01;31m[Kerror: [m[Kinvalid use of ‘[01m[Kthis[m[K’ in non-member function
  109 |                 RCLCPP_INFO([01;31m[Kthis[m[K->get_logger(), "Goal canceled");
      |                             [01;31m[K^~~~[m[K
[01m[K/ROS_ws/src/mecha_control/src/cmd_seq.cpp:109:29:[m[K [01;31m[Kerror: [m[Kinvalid use of ‘[01m[Kthis[m[K’ in non-member function
[01m[K/ROS_ws/src/mecha_control/src/cmd_seq.cpp:109:17:[m[K [01;31m[Kerror: [m[Ktemplate argument 1 is invalid
  109 |                 [01;31m[KRCLCPP_INFO[m[K(this->get_logger(), "Goal canceled");
      |                 [01;31m[K^~~~~~~~~~~[m[K
[01m[K/ROS_ws/src/mecha_control/src/cmd_seq.cpp:109:17:[m[K [01;31m[Kerror: [m[K‘[01m[K<declaration error>[m[K’ is not a template [[01;31m[K-fpermissive[m[K]
  109 |                 [01;31m[KRCLCPP_INFO[m[K(this->get_logger(), "Goal canceled");
      |                 [01;31m[K^~~~~~~~~~~[m[K
[01m[K/ROS_ws/src/mecha_control/src/cmd_seq.cpp:109:17:[m[K [01;31m[Kerror: [m[Ktemplate argument 1 is invalid
  109 |                 [01;31m[KRCLCPP_INFO[m[K(this->get_logger(), "Goal canceled");
      |                 [01;31m[K^~~~~~~~~~~[m[K
[01m[K/ROS_ws/src/mecha_control/src/cmd_seq.cpp:109:17:[m[K [01;31m[Kerror: [m[K‘[01m[K<declaration error>[m[K’ is not a template [[01;31m[K-fpermissive[m[K]
  109 |                 [01;31m[KRCLCPP_INFO[m[K(this->get_logger(), "Goal canceled");
      |                 [01;31m[K^~~~~~~~~~~[m[K
[01m[K/ROS_ws/src/mecha_control/src/cmd_seq.cpp:109:17:[m[K [01;31m[Kerror: [m[Ktemplate argument 1 is invalid
  109 |                 [01;31m[KRCLCPP_INFO[m[K(this->get_logger(), "Goal canceled");
      |                 [01;31m[K^~~~~~~~~~~[m[K
In file included from [01m[K/opt/ros/humble/include/rclcpp/rclcpp/logging.hpp:24[m[K,
                 from [01m[K/opt/ros/humble/include/rclcpp/rclcpp/client.hpp:40[m[K,
                 from [01m[K/opt/ros/humble/include/rclcpp/rclcpp/callback_group.hpp:24[m[K,
                 from [01m[K/opt/ros/humble/include/rclcpp/rclcpp/any_executable.hpp:20[m[K,
                 from [01m[K/opt/ros/humble/include/rclcpp/rclcpp/memory_strategy.hpp:25[m[K,
                 from [01m[K/opt/ros/humble/include/rclcpp/rclcpp/memory_strategies.hpp:18[m[K,
                 from [01m[K/opt/ros/humble/include/rclcpp/rclcpp/executor_options.hpp:20[m[K,
                 from [01m[K/opt/ros/humble/include/rclcpp/rclcpp/executor.hpp:37[m[K,
                 from [01m[K/opt/ros/humble/include/rclcpp/rclcpp/executors/multi_threaded_executor.hpp:25[m[K,
                 from [01m[K/opt/ros/humble/include/rclcpp/rclcpp/executors.hpp:21[m[K,
                 from [01m[K/opt/ros/humble/include/rclcpp/rclcpp/rclcpp.hpp:155[m[K,
                 from [01m[K/ROS_ws/src/mecha_control/src/cmd_seq.cpp:1[m[K:
[01m[K/ROS_ws/src/mecha_control/src/cmd_seq.cpp:109:29:[m[K [01;31m[Kerror: [m[Kinvalid use of ‘[01m[Kthis[m[K’ in non-member function
  109 |                 RCLCPP_INFO([01;31m[Kthis[m[K->get_logger(), "Goal canceled");
      |                             [01;31m[K^~~~[m[K
[01m[K/ROS_ws/src/mecha_control/src/cmd_seq.cpp:109:29:[m[K [01;31m[Kerror: [m[Kinvalid use of ‘[01m[Kthis[m[K’ in non-member function
  109 |                 RCLCPP_INFO([01;31m[Kthis[m[K->get_logger(), "Goal canceled");
      |                             [01;31m[K^~~~[m[K
[01m[K/ROS_ws/src/mecha_control/src/cmd_seq.cpp:113:24:[m[K [01;31m[Kerror: [m[Kbase operand of ‘[01m[K->[m[K’ is not a pointer
  113 |             goal_handle[01;31m[K->[m[Kpublish_feedback(feedback);
      |                        [01;31m[K^~[m[K
In file included from [01m[K/opt/ros/humble/include/rclcpp/rclcpp/client.hpp:40[m[K,
                 from [01m[K/opt/ros/humble/include/rclcpp/rclcpp/callback_group.hpp:24[m[K,
                 from [01m[K/opt/ros/humble/include/rclcpp/rclcpp/any_executable.hpp:20[m[K,
                 from [01m[K/opt/ros/humble/include/rclcpp/rclcpp/memory_strategy.hpp:25[m[K,
                 from [01m[K/opt/ros/humble/include/rclcpp/rclcpp/memory_strategies.hpp:18[m[K,
                 from [01m[K/opt/ros/humble/include/rclcpp/rclcpp/executor_options.hpp:20[m[K,
                 from [01m[K/opt/ros/humble/include/rclcpp/rclcpp/executor.hpp:37[m[K,
                 from [01m[K/opt/ros/humble/include/rclcpp/rclcpp/executors/multi_threaded_executor.hpp:25[m[K,
                 from [01m[K/opt/ros/humble/include/rclcpp/rclcpp/executors.hpp:21[m[K,
                 from [01m[K/opt/ros/humble/include/rclcpp/rclcpp/rclcpp.hpp:155[m[K,
                 from [01m[K/ROS_ws/src/mecha_control/src/cmd_seq.cpp:1[m[K:
[01m[K/ROS_ws/src/mecha_control/src/cmd_seq.cpp:114:25:[m[K [01;31m[Kerror: [m[Kinvalid use of ‘[01m[Kthis[m[K’ in non-member function
  114 |             RCLCPP_INFO([01;31m[Kthis[m[K->get_logger(), "Publish feedback");
      |                         [01;31m[K^~~~[m[K
[01m[K/ROS_ws/src/mecha_control/src/cmd_seq.cpp:114:25:[m[K [01;31m[Kerror: [m[Kinvalid use of ‘[01m[Kthis[m[K’ in non-member function
[01m[K/ROS_ws/src/mecha_control/src/cmd_seq.cpp:114:13:[m[K [01;31m[Kerror: [m[Ktemplate argument 1 is invalid
  114 |             [01;31m[KRCLCPP_INFO[m[K(this->get_logger(), "Publish feedback");
      |             [01;31m[K^~~~~~~~~~~[m[K
[01m[K/ROS_ws/src/mecha_control/src/cmd_seq.cpp:114:13:[m[K [01;31m[Kerror: [m[K‘[01m[K<declaration error>[m[K’ is not a template [[01;31m[K-fpermissive[m[K]
  114 |             [01;31m[KRCLCPP_INFO[m[K(this->get_logger(), "Publish feedback");
      |             [01;31m[K^~~~~~~~~~~[m[K
[01m[K/ROS_ws/src/mecha_control/src/cmd_seq.cpp:114:13:[m[K [01;31m[Kerror: [m[Ktemplate argument 1 is invalid
  114 |             [01;31m[KRCLCPP_INFO[m[K(this->get_logger(), "Publish feedback");
      |             [01;31m[K^~~~~~~~~~~[m[K
[01m[K/ROS_ws/src/mecha_control/src/cmd_seq.cpp:114:13:[m[K [01;31m[Kerror: [m[K‘[01m[K<declaration error>[m[K’ is not a template [[01;31m[K-fpermissive[m[K]
  114 |             [01;31m[KRCLCPP_INFO[m[K(this->get_logger(), "Publish feedback");
      |             [01;31m[K^~~~~~~~~~~[m[K
[01m[K/ROS_ws/src/mecha_control/src/cmd_seq.cpp:114:13:[m[K [01;31m[Kerror: [m[Ktemplate argument 1 is invalid
  114 |             [01;31m[KRCLCPP_INFO[m[K(this->get_logger(), "Publish feedback");
      |             [01;31m[K^~~~~~~~~~~[m[K
In file included from [01m[K/opt/ros/humble/include/rclcpp/rclcpp/logging.hpp:24[m[K,
                 from [01m[K/opt/ros/humble/include/rclcpp/rclcpp/client.hpp:40[m[K,
                 from [01m[K/opt/ros/humble/include/rclcpp/rclcpp/callback_group.hpp:24[m[K,
                 from [01m[K/opt/ros/humble/include/rclcpp/rclcpp/any_executable.hpp:20[m[K,
                 from [01m[K/opt/ros/humble/include/rclcpp/rclcpp/memory_strategy.hpp:25[m[K,
                 from [01m[K/opt/ros/humble/include/rclcpp/rclcpp/memory_strategies.hpp:18[m[K,
                 from [01m[K/opt/ros/humble/include/rclcpp/rclcpp/executor_options.hpp:20[m[K,
                 from [01m[K/opt/ros/humble/include/rclcpp/rclcpp/executor.hpp:37[m[K,
                 from [01m[K/opt/ros/humble/include/rclcpp/rclcpp/executors/multi_threaded_executor.hpp:25[m[K,
                 from [01m[K/opt/ros/humble/include/rclcpp/rclcpp/executors.hpp:21[m[K,
                 from [01m[K/opt/ros/humble/include/rclcpp/rclcpp/rclcpp.hpp:155[m[K,
                 from [01m[K/ROS_ws/src/mecha_control/src/cmd_seq.cpp:1[m[K:
[01m[K/ROS_ws/src/mecha_control/src/cmd_seq.cpp:114:25:[m[K [01;31m[Kerror: [m[Kinvalid use of ‘[01m[Kthis[m[K’ in non-member function
  114 |             RCLCPP_INFO([01;31m[Kthis[m[K->get_logger(), "Publish feedback");
      |                         [01;31m[K^~~~[m[K
[01m[K/ROS_ws/src/mecha_control/src/cmd_seq.cpp:114:25:[m[K [01;31m[Kerror: [m[Kinvalid use of ‘[01m[Kthis[m[K’ in non-member function
  114 |             RCLCPP_INFO([01;31m[Kthis[m[K->get_logger(), "Publish feedback");
      |                         [01;31m[K^~~~[m[K
[01m[K/ROS_ws/src/mecha_control/src/cmd_seq.cpp:120:24:[m[K [01;31m[Kerror: [m[Kbase operand of ‘[01m[K->[m[K’ is not a pointer
  120 |             goal_handle[01;31m[K->[m[Ksucceed(result);
      |                        [01;31m[K^~[m[K
In file included from [01m[K/opt/ros/humble/include/rclcpp/rclcpp/client.hpp:40[m[K,
                 from [01m[K/opt/ros/humble/include/rclcpp/rclcpp/callback_group.hpp:24[m[K,
                 from [01m[K/opt/ros/humble/include/rclcpp/rclcpp/any_executable.hpp:20[m[K,
                 from [01m[K/opt/ros/humble/include/rclcpp/rclcpp/memory_strategy.hpp:25[m[K,
                 from [01m[K/opt/ros/humble/include/rclcpp/rclcpp/memory_strategies.hpp:18[m[K,
                 from [01m[K/opt/ros/humble/include/rclcpp/rclcpp/executor_options.hpp:20[m[K,
                 from [01m[K/opt/ros/humble/include/rclcpp/rclcpp/executor.hpp:37[m[K,
                 from [01m[K/opt/ros/humble/include/rclcpp/rclcpp/executors/multi_threaded_executor.hpp:25[m[K,
                 from [01m[K/opt/ros/humble/include/rclcpp/rclcpp/executors.hpp:21[m[K,
                 from [01m[K/opt/ros/humble/include/rclcpp/rclcpp/rclcpp.hpp:155[m[K,
                 from [01m[K/ROS_ws/src/mecha_control/src/cmd_seq.cpp:1[m[K:
[01m[K/ROS_ws/src/mecha_control/src/cmd_seq.cpp:121:25:[m[K [01;31m[Kerror: [m[Kinvalid use of ‘[01m[Kthis[m[K’ in non-member function
  121 |             RCLCPP_INFO([01;31m[Kthis[m[K->get_logger(), "Goal succeeded");
      |                         [01;31m[K^~~~[m[K
[01m[K/ROS_ws/src/mecha_control/src/cmd_seq.cpp:121:25:[m[K [01;31m[Kerror: [m[Kinvalid use of ‘[01m[Kthis[m[K’ in non-member function
[01m[K/ROS_ws/src/mecha_control/src/cmd_seq.cpp:121:13:[m[K [01;31m[Kerror: [m[Ktemplate argument 1 is invalid
  121 |             [01;31m[KRCLCPP_INFO[m[K(this->get_logger(), "Goal succeeded");
      |             [01;31m[K^~~~~~~~~~~[m[K
[01m[K/ROS_ws/src/mecha_control/src/cmd_seq.cpp:121:13:[m[K [01;31m[Kerror: [m[K‘[01m[K<declaration error>[m[K’ is not a template [[01;31m[K-fpermissive[m[K]
  121 |             [01;31m[KRCLCPP_INFO[m[K(this->get_logger(), "Goal succeeded");
      |             [01;31m[K^~~~~~~~~~~[m[K
[01m[K/ROS_ws/src/mecha_control/src/cmd_seq.cpp:121:13:[m[K [01;31m[Kerror: [m[Ktemplate argument 1 is invalid
  121 |             [01;31m[KRCLCPP_INFO[m[K(this->get_logger(), "Goal succeeded");
      |             [01;31m[K^~~~~~~~~~~[m[K
[01m[K/ROS_ws/src/mecha_control/src/cmd_seq.cpp:121:13:[m[K [01;31m[Kerror: [m[K‘[01m[K<declaration error>[m[K’ is not a template [[01;31m[K-fpermissive[m[K]
  121 |             [01;31m[KRCLCPP_INFO[m[K(this->get_logger(), "Goal succeeded");
      |             [01;31m[K^~~~~~~~~~~[m[K
[01m[K/ROS_ws/src/mecha_control/src/cmd_seq.cpp:121:13:[m[K [01;31m[Kerror: [m[Ktemplate argument 1 is invalid
  121 |             [01;31m[KRCLCPP_INFO[m[K(this->get_logger(), "Goal succeeded");
      |             [01;31m[K^~~~~~~~~~~[m[K
In file included from [01m[K/opt/ros/humble/include/rclcpp/rclcpp/logging.hpp:24[m[K,
                 from [01m[K/opt/ros/humble/include/rclcpp/rclcpp/client.hpp:40[m[K,
                 from [01m[K/opt/ros/humble/include/rclcpp/rclcpp/callback_group.hpp:24[m[K,
                 from [01m[K/opt/ros/humble/include/rclcpp/rclcpp/any_executable.hpp:20[m[K,
                 from [01m[K/opt/ros/humble/include/rclcpp/rclcpp/memory_strategy.hpp:25[m[K,
                 from [01m[K/opt/ros/humble/include/rclcpp/rclcpp/memory_strategies.hpp:18[m[K,
                 from [01m[K/opt/ros/humble/include/rclcpp/rclcpp/executor_options.hpp:20[m[K,
                 from [01m[K/opt/ros/humble/include/rclcpp/rclcpp/executor.hpp:37[m[K,
                 from [01m[K/opt/ros/humble/include/rclcpp/rclcpp/executors/multi_threaded_executor.hpp:25[m[K,
                 from [01m[K/opt/ros/humble/include/rclcpp/rclcpp/executors.hpp:21[m[K,
                 from [01m[K/opt/ros/humble/include/rclcpp/rclcpp/rclcpp.hpp:155[m[K,
                 from [01m[K/ROS_ws/src/mecha_control/src/cmd_seq.cpp:1[m[K:
[01m[K/ROS_ws/src/mecha_control/src/cmd_seq.cpp:121:25:[m[K [01;31m[Kerror: [m[Kinvalid use of ‘[01m[Kthis[m[K’ in non-member function
  121 |             RCLCPP_INFO([01;31m[Kthis[m[K->get_logger(), "Goal succeeded");
      |                         [01;31m[K^~~~[m[K
[01m[K/ROS_ws/src/mecha_control/src/cmd_seq.cpp:121:25:[m[K [01;31m[Kerror: [m[Kinvalid use of ‘[01m[Kthis[m[K’ in non-member function
  121 |             RCLCPP_INFO([01;31m[Kthis[m[K->get_logger(), "Goal succeeded");
      |                         [01;31m[K^~~~[m[K
[01m[K/ROS_ws/src/mecha_control/src/cmd_seq.cpp:[m[K At global scope:
[01m[K/ROS_ws/src/mecha_control/src/cmd_seq.cpp:126:69:[m[K [01;31m[Kerror: [m[Knon-member function ‘[01m[Kvoid set_bonbori_callback(std::shared_ptr<std_srvs::srv::SetBool_Request_<std::allocator<void> > >, std::shared_ptr<std_srvs::srv::SetBool_Response_<std::allocator<void> > >)[m[K’ cannot have cv-qualifier
  126 |         std::shared_ptr<std_srvs::srv::SetBool::Response> response) [01;31m[Kconst[m[K
      |                                                                     [01;31m[K^~~~~[m[K
In file included from [01m[K/opt/ros/humble/include/rclcpp/rclcpp/client.hpp:40[m[K,
                 from [01m[K/opt/ros/humble/include/rclcpp/rclcpp/callback_group.hpp:24[m[K,
                 from [01m[K/opt/ros/humble/include/rclcpp/rclcpp/any_executable.hpp:20[m[K,
                 from [01m[K/opt/ros/humble/include/rclcpp/rclcpp/memory_strategy.hpp:25[m[K,
                 from [01m[K/opt/ros/humble/include/rclcpp/rclcpp/memory_strategies.hpp:18[m[K,
                 from [01m[K/opt/ros/humble/include/rclcpp/rclcpp/executor_options.hpp:20[m[K,
                 from [01m[K/opt/ros/humble/include/rclcpp/rclcpp/executor.hpp:37[m[K,
                 from [01m[K/opt/ros/humble/include/rclcpp/rclcpp/executors/multi_threaded_executor.hpp:25[m[K,
                 from [01m[K/opt/ros/humble/include/rclcpp/rclcpp/executors.hpp:21[m[K,
                 from [01m[K/opt/ros/humble/include/rclcpp/rclcpp/rclcpp.hpp:155[m[K,
                 from [01m[K/ROS_ws/src/mecha_control/src/cmd_seq.cpp:1[m[K:
[01m[K/ROS_ws/src/mecha_control/src/cmd_seq.cpp:[m[K In function ‘[01m[Kvoid set_bonbori_callback(std::shared_ptr<std_srvs::srv::SetBool_Request_<std::allocator<void> > >, std::shared_ptr<std_srvs::srv::SetBool_Response_<std::allocator<void> > >)[m[K’:
[01m[K/ROS_ws/src/mecha_control/src/cmd_seq.cpp:130:21:[m[K [01;31m[Kerror: [m[Kinvalid use of ‘[01m[Kthis[m[K’ in non-member function
  130 |         RCLCPP_INFO([01;31m[Kthis[m[K->get_logger(), "bonbori: %d", request->data);
      |                     [01;31m[K^~~~[m[K
[01m[K/ROS_ws/src/mecha_control/src/cmd_seq.cpp:130:21:[m[K [01;31m[Kerror: [m[Kinvalid use of ‘[01m[Kthis[m[K’ in non-member function
[01m[K/ROS_ws/src/mecha_control/src/cmd_seq.cpp:130:9:[m[K [01;31m[Kerror: [m[Ktemplate argument 1 is invalid
  130 |         [01;31m[KRCLCPP_INFO[m[K(this->get_logger(), "bonbori: %d", request->data);
      |         [01;31m[K^~~~~~~~~~~[m[K
[01m[K/ROS_ws/src/mecha_control/src/cmd_seq.cpp:130:9:[m[K [01;31m[Kerror: [m[K‘[01m[K<declaration error>[m[K’ is not a template [[01;31m[K-fpermissive[m[K]
  130 |         [01;31m[KRCLCPP_INFO[m[K(this->get_logger(), "bonbori: %d", request->data);
      |         [01;31m[K^~~~~~~~~~~[m[K
[01m[K/ROS_ws/src/mecha_control/src/cmd_seq.cpp:130:9:[m[K [01;31m[Kerror: [m[Ktemplate argument 1 is invalid
  130 |         [01;31m[KRCLCPP_INFO[m[K(this->get_logger(), "bonbori: %d", request->data);
      |         [01;31m[K^~~~~~~~~~~[m[K
[01m[K/ROS_ws/src/mecha_control/src/cmd_seq.cpp:130:9:[m[K [01;31m[Kerror: [m[K‘[01m[K<declaration error>[m[K’ is not a template [[01;31m[K-fpermissive[m[K]
  130 |         [01;31m[KRCLCPP_INFO[m[K(this->get_logger(), "bonbori: %d", request->data);
      |         [01;31m[K^~~~~~~~~~~[m[K
[01m[K/ROS_ws/src/mecha_control/src/cmd_seq.cpp:130:9:[m[K [01;31m[Kerror: [m[Ktemplate argument 1 is invalid
  130 |         [01;31m[KRCLCPP_INFO[m[K(this->get_logger(), "bonbori: %d", request->data);
      |         [01;31m[K^~~~~~~~~~~[m[K
In file included from [01m[K/opt/ros/humble/include/rclcpp/rclcpp/logging.hpp:24[m[K,
                 from [01m[K/opt/ros/humble/include/rclcpp/rclcpp/client.hpp:40[m[K,
                 from [01m[K/opt/ros/humble/include/rclcpp/rclcpp/callback_group.hpp:24[m[K,
                 from [01m[K/opt/ros/humble/include/rclcpp/rclcpp/any_executable.hpp:20[m[K,
                 from [01m[K/opt/ros/humble/include/rclcpp/rclcpp/memory_strategy.hpp:25[m[K,
                 from [01m[K/opt/ros/humble/include/rclcpp/rclcpp/memory_strategies.hpp:18[m[K,
                 from [01m[K/opt/ros/humble/include/rclcpp/rclcpp/executor_options.hpp:20[m[K,
                 from [01m[K/opt/ros/humble/include/rclcpp/rclcpp/executor.hpp:37[m[K,
                 from [01m[K/opt/ros/humble/include/rclcpp/rclcpp/executors/multi_threaded_executor.hpp:25[m[K,
                 from [01m[K/opt/ros/humble/include/rclcpp/rclcpp/executors.hpp:21[m[K,
                 from [01m[K/opt/ros/humble/include/rclcpp/rclcpp/rclcpp.hpp:155[m[K,
                 from [01m[K/ROS_ws/src/mecha_control/src/cmd_seq.cpp:1[m[K:
[01m[K/ROS_ws/src/mecha_control/src/cmd_seq.cpp:130:21:[m[K [01;31m[Kerror: [m[Kinvalid use of ‘[01m[Kthis[m[K’ in non-member function
  130 |         RCLCPP_INFO([01;31m[Kthis[m[K->get_logger(), "bonbori: %d", request->data);
      |                     [01;31m[K^~~~[m[K
[01m[K/ROS_ws/src/mecha_control/src/cmd_seq.cpp:130:21:[m[K [01;31m[Kerror: [m[Kinvalid use of ‘[01m[Kthis[m[K’ in non-member function
  130 |         RCLCPP_INFO([01;31m[Kthis[m[K->get_logger(), "bonbori: %d", request->data);
      |                     [01;31m[K^~~~[m[K
[01m[K/ROS_ws/src/mecha_control/src/cmd_seq.cpp:[m[K At global scope:
[01m[K/ROS_ws/src/mecha_control/src/cmd_seq.cpp:132:72:[m[K [01;31m[Kerror: [m[Knon-member function ‘[01m[Kvoid daiza_sensor_callback(mecha_control::msg::SensorStates)[m[K’ cannot have cv-qualifier
  132 |     void daiza_sensor_callback(const mecha_control::msg::SensorStates) [01;31m[Kconst[m[K {}
      |                                                                        [01;31m[K^~~~~[m[K
[01m[K/ROS_ws/src/mecha_control/src/cmd_seq.cpp:133:71:[m[K [01;31m[Kerror: [m[Knon-member function ‘[01m[Kvoid hina_sensor_callback(mecha_control::msg::SensorStates)[m[K’ cannot have cv-qualifier
  133 |     void hina_sensor_callback(const mecha_control::msg::SensorStates) [01;31m[Kconst[m[K {}
      |                                                                       [01;31m[K^~~~~[m[K
[01m[K/ROS_ws/src/mecha_control/src/cmd_seq.cpp:139:1:[m[K [01;31m[Kerror: [m[Kexpected declaration before ‘[01m[K}[m[K’ token
  139 | [01;31m[K}[m[K;
      | [01;31m[K^[m[K
gmake[2]: *** [CMakeFiles/cmd_seq.dir/build.make:76: CMakeFiles/cmd_seq.dir/src/cmd_seq.cpp.o] Error 1
gmake[1]: *** [CMakeFiles/Makefile2:595: CMakeFiles/cmd_seq.dir/all] Error 2
gmake: *** [Makefile:146: all] Error 2
