[ 25%] [32mBuilding CXX object CMakeFiles/odometry_node.dir/src/odometry_node.cpp.o[0m
[ 50%] [32mBuilding CXX object CMakeFiles/odometry_node.dir/src/odometer_pub_sub.cpp.o[0m
[ 75%] [32mBuilding CXX object CMakeFiles/odometry_node.dir/src/odometry_class.cpp.o[0m
[100%] [32m[1mLinking CXX executable odometry_node[0m
[100%] Built target odometry_node
-- Install configuration: ""
-- Installing: /ROS_ws/install/odometry_calculator/lib/odometry_calculator/odometry_node
-- Set runtime path of "/ROS_ws/install/odometry_calculator/lib/odometry_calculator/odometry_node" to ""
-- Installing: /ROS_ws/install/odometry_calculator/share/ament_index/resource_index/package_run_dependencies/odometry_calculator
-- Installing: /ROS_ws/install/odometry_calculator/share/ament_index/resource_index/parent_prefix_path/odometry_calculator
-- Installing: /ROS_ws/install/odometry_calculator/share/odometry_calculator/environment/ament_prefix_path.sh
-- Installing: /ROS_ws/install/odometry_calculator/share/odometry_calculator/environment/ament_prefix_path.dsv
-- Installing: /ROS_ws/install/odometry_calculator/share/odometry_calculator/environment/path.sh
-- Installing: /ROS_ws/install/odometry_calculator/share/odometry_calculator/environment/path.dsv
-- Installing: /ROS_ws/install/odometry_calculator/share/odometry_calculator/local_setup.bash
-- Installing: /ROS_ws/install/odometry_calculator/share/odometry_calculator/local_setup.sh
-- Installing: /ROS_ws/install/odometry_calculator/share/odometry_calculator/local_setup.zsh
-- Installing: /ROS_ws/install/odometry_calculator/share/odometry_calculator/local_setup.dsv
-- Installing: /ROS_ws/install/odometry_calculator/share/odometry_calculator/package.dsv
-- Installing: /ROS_ws/install/odometry_calculator/share/ament_index/resource_index/packages/odometry_calculator
-- Installing: /ROS_ws/install/odometry_calculator/share/odometry_calculator/cmake/odometry_calculatorConfig.cmake
-- Installing: /ROS_ws/install/odometry_calculator/share/odometry_calculator/cmake/odometry_calculatorConfig-version.cmake
-- Installing: /ROS_ws/install/odometry_calculator/share/odometry_calculator/package.xml
