[0.185s] Invoking command in '/ROS_ws/build/odometry_calculator': CMAKE_PREFIX_PATH=${CMAKE_PREFIX_PATH}:/opt/ros/humble /usr/bin/cmake --build /ROS_ws/build/odometry_calculator -- -j12 -l12
[0.230s] [ 25%] [32mBuilding CXX object CMakeFiles/odometry_node.dir/src/odometry_node.cpp.o[0m
[0.230s] [ 50%] [32mBuilding CXX object CMakeFiles/odometry_node.dir/src/odometer_pub_sub.cpp.o[0m
[0.236s] [ 75%] [32mBuilding CXX object CMakeFiles/odometry_node.dir/src/odometry_class.cpp.o[0m
[10.670s] [100%] [32m[1mLinking CXX executable odometry_node[0m
[11.080s] [100%] Built target odometry_node
[11.087s] Invoked command in '/ROS_ws/build/odometry_calculator' returned '0': CMAKE_PREFIX_PATH=${CMAKE_PREFIX_PATH}:/opt/ros/humble /usr/bin/cmake --build /ROS_ws/build/odometry_calculator -- -j12 -l12
[11.104s] Invoking command in '/ROS_ws/build/odometry_calculator': CMAKE_PREFIX_PATH=${CMAKE_PREFIX_PATH}:/opt/ros/humble /usr/bin/cmake --install /ROS_ws/build/odometry_calculator
[11.109s] -- Install configuration: ""
[11.109s] -- Installing: /ROS_ws/install/odometry_calculator/lib/odometry_calculator/odometry_node
[11.113s] -- Set runtime path of "/ROS_ws/install/odometry_calculator/lib/odometry_calculator/odometry_node" to ""
[11.113s] -- Installing: /ROS_ws/install/odometry_calculator/share/ament_index/resource_index/package_run_dependencies/odometry_calculator
[11.113s] -- Installing: /ROS_ws/install/odometry_calculator/share/ament_index/resource_index/parent_prefix_path/odometry_calculator
[11.113s] -- Installing: /ROS_ws/install/odometry_calculator/share/odometry_calculator/environment/ament_prefix_path.sh
[11.113s] -- Installing: /ROS_ws/install/odometry_calculator/share/odometry_calculator/environment/ament_prefix_path.dsv
[11.113s] -- Installing: /ROS_ws/install/odometry_calculator/share/odometry_calculator/environment/path.sh
[11.113s] -- Installing: /ROS_ws/install/odometry_calculator/share/odometry_calculator/environment/path.dsv
[11.113s] -- Installing: /ROS_ws/install/odometry_calculator/share/odometry_calculator/local_setup.bash
[11.113s] -- Installing: /ROS_ws/install/odometry_calculator/share/odometry_calculator/local_setup.sh
[11.113s] -- Installing: /ROS_ws/install/odometry_calculator/share/odometry_calculator/local_setup.zsh
[11.114s] -- Installing: /ROS_ws/install/odometry_calculator/share/odometry_calculator/local_setup.dsv
[11.114s] -- Installing: /ROS_ws/install/odometry_calculator/share/odometry_calculator/package.dsv
[11.114s] -- Installing: /ROS_ws/install/odometry_calculator/share/ament_index/resource_index/packages/odometry_calculator
[11.114s] -- Installing: /ROS_ws/install/odometry_calculator/share/odometry_calculator/cmake/odometry_calculatorConfig.cmake
[11.114s] -- Installing: /ROS_ws/install/odometry_calculator/share/odometry_calculator/cmake/odometry_calculatorConfig-version.cmake
[11.114s] -- Installing: /ROS_ws/install/odometry_calculator/share/odometry_calculator/package.xml
[11.117s] Invoked command in '/ROS_ws/build/odometry_calculator' returned '0': CMAKE_PREFIX_PATH=${CMAKE_PREFIX_PATH}:/opt/ros/humble /usr/bin/cmake --install /ROS_ws/build/odometry_calculator
