[0.016s] Invoking command in '/ROS_ws/build/mecha_control': CMAKE_PREFIX_PATH=${CMAKE_PREFIX_PATH}:/opt/ros/humble /usr/bin/cmake --build /ROS_ws/build/mecha_control -- -j12 -l12
[0.031s] -- Found ament_cmake: 1.3.3 (/opt/ros/humble/share/ament_cmake/cmake)
[0.138s] -- Found rclcpp: 16.0.3 (/opt/ros/humble/share/rclcpp/cmake)
[0.157s] -- Found rosidl_generator_c: 3.1.4 (/opt/ros/humble/share/rosidl_generator_c/cmake)
[0.159s] -- Found rosidl_adapter: 3.1.4 (/opt/ros/humble/share/rosidl_adapter/cmake)
[0.162s] -- Found rosidl_generator_cpp: 3.1.4 (/opt/ros/humble/share/rosidl_generator_cpp/cmake)
[0.170s] -- Using all available rosidl_typesupport_c: rosidl_typesupport_fastrtps_c;rosidl_typesupport_introspection_c
[0.180s] -- Using all available rosidl_typesupport_cpp: rosidl_typesupport_fastrtps_cpp;rosidl_typesupport_introspection_cpp
[0.219s] -- Found rmw_implementation_cmake: 6.1.1 (/opt/ros/humble/share/rmw_implementation_cmake/cmake)
[0.220s] -- Found rmw_fastrtps_cpp: 6.2.2 (/opt/ros/humble/share/rmw_fastrtps_cpp/cmake)
[0.307s] -- Using RMW implementation 'rmw_fastrtps_cpp' as default
[0.413s] -- Found rclpy: 3.3.7 (/opt/ros/humble/share/rclpy/cmake)
[0.413s] -- Found mecha_control: 0.0.0 (/ROS_ws/install/mecha_control/share/mecha_control/cmake)
[0.424s] -- Found rosidl_default_generators: 1.2.0 (/opt/ros/humble/share/rosidl_default_generators/cmake)
[0.584s] -- Found ament_cmake_ros: 0.10.0 (/opt/ros/humble/share/ament_cmake_ros/cmake)
[0.778s] -- Using all available rosidl_typesupport_c: rosidl_typesupport_fastrtps_c;rosidl_typesupport_introspection_c
[0.853s] -- Using all available rosidl_typesupport_cpp: rosidl_typesupport_fastrtps_cpp;rosidl_typesupport_introspection_cpp
[0.868s] -- Found python_cmake_module: 0.10.0 (/opt/ros/humble/share/python_cmake_module/cmake)
[0.883s] -- Using PYTHON_EXECUTABLE: /usr/bin/python3
[0.884s] -- Using PYTHON_INCLUDE_DIRS: /usr/include/python3.10
[0.884s] -- Using PYTHON_LIBRARIES: /usr/lib/x86_64-linux-gnu/libpython3.10.so
[0.894s] -- Found ament_lint_auto: 0.12.5 (/opt/ros/humble/share/ament_lint_auto/cmake)
[0.900s] -- Added test 'cppcheck' to perform static code analysis on C / C++ code
[0.900s] -- Configured cppcheck include dirs: 
[0.900s] -- Configured cppcheck exclude dirs and/or files: 
[0.900s] -- Added test 'flake8' to check Python code syntax and style conventions
[0.901s] -- Added test 'lint_cmake' to check CMake code style
[0.901s] -- Added test 'pep257' to check Python code against some of the docstring style conventions in PEP 257
[0.901s] -- Added test 'uncrustify' to check C / C++ code style
[0.901s] -- Configured uncrustify additional arguments: 
[0.902s] -- Added test 'xmllint' to check XML markup files
[0.902s] -- Configuring done
[0.923s] -- Generating done
[0.925s] -- Build files have been written to: /ROS_ws/build/mecha_control
[0.941s] [  2%] [34m[1mGenerating C code for ROS interfaces[0m
[0.947s] [  4%] [32mBuilding CXX object CMakeFiles/sequence_controller.dir/src/sequence_controller.cpp.o[0m
[0.949s] [  6%] [34m[1mGenerating C++ code for ROS interfaces[0m
[0.953s] [  6%] Built target ament_cmake_python_copy_mecha_control
[1.082s] running egg_info
[1.083s] writing mecha_control.egg-info/PKG-INFO
[1.083s] writing dependency_links to mecha_control.egg-info/dependency_links.txt
[1.083s] writing top-level names to mecha_control.egg-info/top_level.txt
[1.084s] reading manifest file 'mecha_control.egg-info/SOURCES.txt'
[1.085s] writing manifest file 'mecha_control.egg-info/SOURCES.txt'
[1.100s] [  6%] Built target ament_cmake_python_build_mecha_control_egg
[1.224s] [35m[1mConsolidate compiler generated dependencies of target mecha_control__rosidl_generator_c[0m
[1.232s] [ 12%] [32mBuilding C object CMakeFiles/mecha_control__rosidl_generator_c.dir/rosidl_generator_c/mecha_control/msg/detail/mecha_state__functions.c.o[0m
[1.232s] [ 12%] [32mBuilding C object CMakeFiles/mecha_control__rosidl_generator_c.dir/rosidl_generator_c/mecha_control/msg/detail/sensor_states__functions.c.o[0m
[1.232s] [ 12%] [32mBuilding C object CMakeFiles/mecha_control__rosidl_generator_c.dir/rosidl_generator_c/mecha_control/msg/detail/actuator_commands__functions.c.o[0m
[1.261s] [ 14%] [32m[1mLinking C shared library libmecha_control__rosidl_generator_c.so[0m
[1.283s] [ 14%] Built target mecha_control__rosidl_generator_c
[1.289s] [ 20%] [34m[1mGenerating C introspection for ROS interfaces[0m
[1.289s] [ 20%] [34m[1mGenerating C type support for eProsima Fast-RTPS[0m
[1.289s] [ 20%] [34m[1mGenerating C type support dispatch for ROS interfaces[0m
[1.373s] [ 20%] Built target mecha_control__cpp
[1.381s] [ 26%] [34m[1mGenerating C++ introspection for ROS interfaces[0m
[1.382s] [ 26%] [34m[1mGenerating C++ type support for eProsima Fast-RTPS[0m
[1.382s] [ 26%] [34m[1mGenerating C++ type support dispatch for ROS interfaces[0m
[1.607s] [35m[1mConsolidate compiler generated dependencies of target mecha_control__rosidl_typesupport_c[0m
[1.617s] [ 32%] [32mBuilding CXX object CMakeFiles/mecha_control__rosidl_typesupport_c.dir/rosidl_typesupport_c/mecha_control/msg/actuator_commands__type_support.cpp.o[0m
[1.617s] [ 32%] [32mBuilding CXX object CMakeFiles/mecha_control__rosidl_typesupport_c.dir/rosidl_typesupport_c/mecha_control/msg/sensor_states__type_support.cpp.o[0m
[1.618s] [ 32%] [32mBuilding CXX object CMakeFiles/mecha_control__rosidl_typesupport_c.dir/rosidl_typesupport_c/mecha_control/msg/mecha_state__type_support.cpp.o[0m
[1.659s] [ 34%] [32m[1mLinking CXX shared library libmecha_control__rosidl_typesupport_c.so[0m
[1.667s] [35m[1mConsolidate compiler generated dependencies of target mecha_control__rosidl_typesupport_introspection_cpp[0m
[1.674s] [35m[1mConsolidate compiler generated dependencies of target mecha_control__rosidl_typesupport_introspection_c[0m
[1.679s] [ 36%] [32mBuilding CXX object CMakeFiles/mecha_control__rosidl_typesupport_introspection_cpp.dir/rosidl_typesupport_introspection_cpp/mecha_control/msg/detail/sensor_states__type_support.cpp.o[0m
[1.679s] [35m[1mConsolidate compiler generated dependencies of target mecha_control__rosidl_typesupport_fastrtps_cpp[0m
[1.679s] [ 38%] [32mBuilding CXX object CMakeFiles/mecha_control__rosidl_typesupport_introspection_cpp.dir/rosidl_typesupport_introspection_cpp/mecha_control/msg/detail/actuator_commands__type_support.cpp.o[0m
[1.680s] [35m[1mConsolidate compiler generated dependencies of target mecha_control__rosidl_typesupport_fastrtps_c[0m
[1.681s] [ 40%] [32mBuilding CXX object CMakeFiles/mecha_control__rosidl_typesupport_introspection_cpp.dir/rosidl_typesupport_introspection_cpp/mecha_control/msg/detail/mecha_state__type_support.cpp.o[0m
[1.683s] [ 42%] [32mBuilding C object CMakeFiles/mecha_control__rosidl_typesupport_introspection_c.dir/rosidl_typesupport_introspection_c/mecha_control/msg/detail/actuator_commands__type_support.c.o[0m
[1.684s] [ 44%] [32mBuilding C object CMakeFiles/mecha_control__rosidl_typesupport_introspection_c.dir/rosidl_typesupport_introspection_c/mecha_control/msg/detail/mecha_state__type_support.c.o[0m
[1.686s] [ 46%] [32mBuilding C object CMakeFiles/mecha_control__rosidl_typesupport_introspection_c.dir/rosidl_typesupport_introspection_c/mecha_control/msg/detail/sensor_states__type_support.c.o[0m
[1.694s] [ 48%] [32mBuilding CXX object CMakeFiles/mecha_control__rosidl_typesupport_fastrtps_cpp.dir/rosidl_typesupport_fastrtps_cpp/mecha_control/msg/detail/dds_fastrtps/sensor_states__type_support.cpp.o[0m
[1.694s] [ 51%] [32mBuilding CXX object CMakeFiles/mecha_control__rosidl_typesupport_fastrtps_c.dir/rosidl_typesupport_fastrtps_c/mecha_control/msg/detail/sensor_states__type_support_c.cpp.o[0m
[1.696s] [ 53%] [32mBuilding CXX object CMakeFiles/mecha_control__rosidl_typesupport_fastrtps_c.dir/rosidl_typesupport_fastrtps_c/mecha_control/msg/detail/actuator_commands__type_support_c.cpp.o[0m
[1.712s] [ 53%] Built target mecha_control__rosidl_typesupport_c
[1.739s] [ 55%] [32mBuilding CXX object CMakeFiles/mecha_control__rosidl_typesupport_fastrtps_c.dir/rosidl_typesupport_fastrtps_c/mecha_control/msg/detail/mecha_state__type_support_c.cpp.o[0m
[1.742s] [ 57%] [32m[1mLinking C shared library libmecha_control__rosidl_typesupport_introspection_c.so[0m
[1.746s] [ 59%] [32mBuilding CXX object CMakeFiles/mecha_control__rosidl_typesupport_fastrtps_cpp.dir/rosidl_typesupport_fastrtps_cpp/mecha_control/msg/detail/dds_fastrtps/mecha_state__type_support.cpp.o[0m
[1.762s] [ 61%] [32mBuilding CXX object CMakeFiles/mecha_control__rosidl_typesupport_fastrtps_cpp.dir/rosidl_typesupport_fastrtps_cpp/mecha_control/msg/detail/dds_fastrtps/actuator_commands__type_support.cpp.o[0m
[1.776s] [35m[1mConsolidate compiler generated dependencies of target mecha_control__rosidl_typesupport_cpp[0m
[1.846s] [ 63%] [32mBuilding CXX object CMakeFiles/mecha_control__rosidl_typesupport_cpp.dir/rosidl_typesupport_cpp/mecha_control/msg/sensor_states__type_support.cpp.o[0m
[1.854s] [ 63%] Built target mecha_control__rosidl_typesupport_introspection_c
[1.903s] [ 65%] [32mBuilding CXX object CMakeFiles/mecha_control__rosidl_typesupport_cpp.dir/rosidl_typesupport_cpp/mecha_control/msg/actuator_commands__type_support.cpp.o[0m
[2.047s] [ 67%] [32mBuilding CXX object CMakeFiles/mecha_control__rosidl_typesupport_cpp.dir/rosidl_typesupport_cpp/mecha_control/msg/mecha_state__type_support.cpp.o[0m
[2.112s] [ 69%] [32m[1mLinking CXX shared library libmecha_control__rosidl_typesupport_fastrtps_c.so[0m
[2.200s] [ 69%] Built target mecha_control__rosidl_typesupport_fastrtps_c
[2.208s] [ 71%] [32m[1mLinking CXX shared library libmecha_control__rosidl_typesupport_introspection_cpp.so[0m
[2.258s] [ 71%] Built target mecha_control__rosidl_typesupport_introspection_cpp
[2.287s] [ 73%] [32m[1mLinking CXX shared library libmecha_control__rosidl_typesupport_fastrtps_cpp.so[0m
[2.316s] [ 75%] [32m[1mLinking CXX shared library libmecha_control__rosidl_typesupport_cpp.so[0m
[2.333s] [ 75%] Built target mecha_control__rosidl_typesupport_fastrtps_cpp
[2.342s] [ 75%] Built target mecha_control__rosidl_typesupport_cpp
[2.354s] [ 75%] Built target mecha_control
[2.366s] [ 77%] [34m[1mGenerating Python code for ROS interfaces[0m
[2.742s] [ 77%] Built target mecha_control__py
[2.748s] [35m[1mConsolidate compiler generated dependencies of target mecha_control__rosidl_generator_py[0m
[2.756s] [ 83%] [32mBuilding C object CMakeFiles/mecha_control__rosidl_generator_py.dir/rosidl_generator_py/mecha_control/msg/_actuator_commands_s.c.o[0m
[2.756s] [ 83%] [32mBuilding C object CMakeFiles/mecha_control__rosidl_generator_py.dir/rosidl_generator_py/mecha_control/msg/_mecha_state_s.c.o[0m
[2.757s] [ 83%] [32mBuilding C object CMakeFiles/mecha_control__rosidl_generator_py.dir/rosidl_generator_py/mecha_control/msg/_sensor_states_s.c.o[0m
[2.824s] [ 85%] [32m[1mLinking C shared library rosidl_generator_py/mecha_control/libmecha_control__rosidl_generator_py.so[0m
[2.850s] [ 85%] Built target mecha_control__rosidl_generator_py
[2.856s] [35m[1mConsolidate compiler generated dependencies of target mecha_control__rosidl_typesupport_fastrtps_c__pyext[0m
[2.856s] [35m[1mConsolidate compiler generated dependencies of target mecha_control__rosidl_typesupport_c__pyext[0m
[2.856s] [35m[1mConsolidate compiler generated dependencies of target mecha_control__rosidl_typesupport_introspection_c__pyext[0m
[2.864s] [ 91%] [32mBuilding C object CMakeFiles/mecha_control__rosidl_typesupport_introspection_c__pyext.dir/rosidl_generator_py/mecha_control/_mecha_control_s.ep.rosidl_typesupport_introspection_c.c.o[0m
[2.864s] [ 91%] [32mBuilding C object CMakeFiles/mecha_control__rosidl_typesupport_fastrtps_c__pyext.dir/rosidl_generator_py/mecha_control/_mecha_control_s.ep.rosidl_typesupport_fastrtps_c.c.o[0m
[2.864s] [ 91%] [32mBuilding C object CMakeFiles/mecha_control__rosidl_typesupport_c__pyext.dir/rosidl_generator_py/mecha_control/_mecha_control_s.ep.rosidl_typesupport_c.c.o[0m
[2.923s] [ 93%] [32m[1mLinking C shared library rosidl_generator_py/mecha_control/mecha_control_s__rosidl_typesupport_c.cpython-310-x86_64-linux-gnu.so[0m
[2.923s] [ 95%] [32m[1mLinking C shared library rosidl_generator_py/mecha_control/mecha_control_s__rosidl_typesupport_introspection_c.cpython-310-x86_64-linux-gnu.so[0m
[2.925s] [ 97%] [32m[1mLinking C shared library rosidl_generator_py/mecha_control/mecha_control_s__rosidl_typesupport_fastrtps_c.cpython-310-x86_64-linux-gnu.so[0m
[2.945s] [ 97%] Built target mecha_control__rosidl_typesupport_introspection_c__pyext
[2.945s] [ 97%] Built target mecha_control__rosidl_typesupport_c__pyext
[2.951s] [ 97%] Built target mecha_control__rosidl_typesupport_fastrtps_c__pyext
[3.014s] [01m[K/ROS_ws/src/mecha_control/src/sequence_controller.cpp:[m[K In constructor ‘[01m[KSequenceController::SequenceController()[m[K’:
[3.015s] [01m[K/ROS_ws/src/mecha_control/src/sequence_controller.cpp:39:23:[m[K [01;31m[Kerror: [m[K‘[01m[Kusing ActuatorCommands = struct mecha_control::msg::ActuatorCommands_<std::allocator<void> >[m[K’ {aka ‘[01m[Kstruct mecha_control::msg::ActuatorCommands_<std::allocator<void> >[m[K’} has no member named ‘[01m[Kmotor_expand[m[K’
[3.015s]    39 |         hina_commands.[01;31m[Kmotor_expand[m[K.resize(1, false);     // モータの展開状態をすべて false（縮んでいる）に初期化
[3.015s]       |                       [01;31m[K^~~~~~~~~~~~[m[K
[3.018s] [01m[K/ROS_ws/src/mecha_control/src/sequence_controller.cpp:[m[K In member function ‘[01m[Kvoid SequenceController::mecha_state_callback(mecha_control::msg::MechaState_<std::allocator<void> >::SharedPtr)[m[K’:
[3.018s] [01m[K/ROS_ws/src/mecha_control/src/sequence_controller.cpp:125:31:[m[K [01;31m[Kerror: [m[K‘[01m[Kusing ActuatorCommands = struct mecha_control::msg::ActuatorCommands_<std::allocator<void> >[m[K’ {aka ‘[01m[Kstruct mecha_control::msg::ActuatorCommands_<std::allocator<void> >[m[K’} has no member named ‘[01m[Kmotor_expand[m[K’
[3.018s]   125 |                 hina_commands.[01;31m[Kmotor_expand[m[K[0] = false;
[3.018s]       |                               [01;31m[K^~~~~~~~~~~~[m[K
[3.019s] [01m[K/ROS_ws/src/mecha_control/src/sequence_controller.cpp:150:39:[m[K [01;31m[Kerror: [m[K‘[01m[Kusing ActuatorCommands = struct mecha_control::msg::ActuatorCommands_<std::allocator<void> >[m[K’ {aka ‘[01m[Kstruct mecha_control::msg::ActuatorCommands_<std::allocator<void> >[m[K’} has no member named ‘[01m[Kmotor_expand[m[K’
[3.019s]   150 |                         hina_commands.[01;31m[Kmotor_expand[m[K[0] = false;
[3.019s]       |                                       [01;31m[K^~~~~~~~~~~~[m[K
[5.133s] gmake[2]: *** [CMakeFiles/sequence_controller.dir/build.make:76: CMakeFiles/sequence_controller.dir/src/sequence_controller.cpp.o] Error 1
[5.133s] gmake[1]: *** [CMakeFiles/Makefile2:592: CMakeFiles/sequence_controller.dir/all] Error 2
[5.133s] gmake: *** [Makefile:146: all] Error 2
