[0.038s] Invoking command in '/ROS_ws/build/mecha_control': CMAKE_PREFIX_PATH=${CMAKE_PREFIX_PATH}:/opt/ros/humble /usr/bin/cmake --build /ROS_ws/build/mecha_control -- -j12 -l12
[0.195s] [  1%] Built target mecha_control__cpp
[0.196s] [ 12%] Built target mecha_control__rosidl_generator_c
[0.197s] [ 12%] Built target ament_cmake_python_copy_mecha_control
[0.197s] [ 23%] Built target mecha_control__rosidl_typesupport_fastrtps_cpp
[0.197s] [ 34%] Built target mecha_control__rosidl_typesupport_c
[0.197s] [ 45%] Built target mecha_control__rosidl_typesupport_introspection_cpp
[0.197s] [ 56%] Built target mecha_control__rosidl_typesupport_cpp
[0.197s] [ 67%] Built target mecha_control__rosidl_typesupport_introspection_c
[0.197s] [ 78%] Built target mecha_control__rosidl_typesupport_fastrtps_c
[0.197s] [35m[1mConsolidate compiler generated dependencies of target cmd_seq[0m
[0.197s] [ 78%] Built target mecha_control
[0.197s] [ 79%] [32mBuilding CXX object CMakeFiles/cmd_seq.dir/src/cmd_seq.cpp.o[0m
[0.197s] [ 80%] Built target mecha_control__py
[0.197s] [ 90%] Built target mecha_control__rosidl_generator_py
[0.197s] [ 94%] Built target mecha_control__rosidl_typesupport_c__pyext
[0.198s] [ 95%] Built target mecha_control__rosidl_typesupport_introspection_c__pyext
[0.198s] [ 98%] Built target mecha_control__rosidl_typesupport_fastrtps_c__pyext
[0.214s] running egg_info
[0.214s] writing mecha_control.egg-info/PKG-INFO
[0.215s] writing dependency_links to mecha_control.egg-info/dependency_links.txt
[0.216s] writing top-level names to mecha_control.egg-info/top_level.txt
[0.220s] reading manifest file 'mecha_control.egg-info/SOURCES.txt'
[0.221s] writing manifest file 'mecha_control.egg-info/SOURCES.txt'
[0.253s] [ 98%] Built target ament_cmake_python_build_mecha_control_egg
[1.495s] [01m[K/ROS_ws/src/mecha_control/src/cmd_seq.cpp:[m[K In member function ‘[01m[Kvoid mech_seq_node::hina_cmd_callback(std::shared_ptr<mecha_control::srv::MechCmd_Request_<std::allocator<void> > >, std::shared_ptr<mecha_control::srv::MechCmd_Response_<std::allocator<void> > >) const[m[K’:
[1.495s] [01m[K/ROS_ws/src/mecha_control/src/cmd_seq.cpp:27:20:[m[K [01;31m[Kerror: [m[Kexpected unqualified-id before ‘[01m[K=[m[K’ token
[1.495s]    27 |         response-> [01;31m[K=[m[K mecha_control::srv::MechCmd::Response::OK;
[1.495s]       |                    [01;31m[K^[m[K
[1.854s] gmake[2]: *** [CMakeFiles/cmd_seq.dir/build.make:76: CMakeFiles/cmd_seq.dir/src/cmd_seq.cpp.o] Error 1
[1.854s] gmake[1]: *** [CMakeFiles/Makefile2:595: CMakeFiles/cmd_seq.dir/all] Error 2
[1.854s] gmake: *** [Makefile:146: all] Error 2
[1.855s] Invoked command in '/ROS_ws/build/mecha_control' returned '2': CMAKE_PREFIX_PATH=${CMAKE_PREFIX_PATH}:/opt/ros/humble /usr/bin/cmake --build /ROS_ws/build/mecha_control -- -j12 -l12
