[0.198s] Invoking command in '/ROS_ws/build/localize': CMAKE_PREFIX_PATH=${CMAKE_PREFIX_PATH}:/opt/ros/humble /usr/bin/cmake /ROS_ws/src/chassis_haru_robo2024/localize -DCMAKE_INSTALL_PREFIX=/ROS_ws/install/localize
[0.353s] -- The C compiler identification is GNU 11.3.0
[0.421s] -- The CXX compiler identification is GNU 11.3.0
[0.428s] -- Detecting C compiler ABI info
[0.544s] -- Detecting C compiler ABI info - done
[0.554s] -- Check for working C compiler: /usr/bin/cc - skipped
[0.554s] -- Detecting C compile features
[0.554s] -- Detecting C compile features - done
[0.557s] -- Detecting CXX compiler ABI info
[0.636s] -- Detecting CXX compiler ABI info - done
[0.642s] -- Check for working CXX compiler: /usr/bin/c++ - skipped
[0.642s] -- Detecting CXX compile features
[0.643s] -- Detecting CXX compile features - done
[0.647s] -- Found ament_cmake_auto: 1.3.3 (/opt/ros/humble/share/ament_cmake_auto/cmake)
[0.826s] -- Found Python3: /usr/bin/python3.10 (found version "3.10.6") found components: Interpreter 
[1.006s] -- Found rosidl_generator_c: 3.1.4 (/opt/ros/humble/share/rosidl_generator_c/cmake)
[1.012s] -- Found rosidl_adapter: 3.1.4 (/opt/ros/humble/share/rosidl_adapter/cmake)
[1.020s] -- Found rosidl_generator_cpp: 3.1.4 (/opt/ros/humble/share/rosidl_generator_cpp/cmake)
[1.035s] -- Using all available rosidl_typesupport_c: rosidl_typesupport_fastrtps_c;rosidl_typesupport_introspection_c
[1.058s] -- Using all available rosidl_typesupport_cpp: rosidl_typesupport_fastrtps_cpp;rosidl_typesupport_introspection_cpp
[1.125s] -- Found rmw_implementation_cmake: 6.1.1 (/opt/ros/humble/share/rmw_implementation_cmake/cmake)
[1.128s] -- Found rmw_fastrtps_cpp: 6.2.2 (/opt/ros/humble/share/rmw_fastrtps_cpp/cmake)
[1.397s] -- Found OpenSSL: /usr/lib/x86_64-linux-gnu/libcrypto.so (found version "3.0.2")  
[1.431s] -- Found FastRTPS: /opt/ros/humble/include  
[1.472s] -- Using RMW implementation 'rmw_fastrtps_cpp' as default
[1.484s] -- Looking for pthread.h
[1.542s] -- Looking for pthread.h - found
[1.543s] -- Performing Test CMAKE_HAVE_LIBC_PTHREAD
[1.592s] -- Performing Test CMAKE_HAVE_LIBC_PTHREAD - Success
[1.593s] -- Found Threads: TRUE  
[1.860s] -- Found eigen3_cmake_module: 0.1.1 (/opt/ros/humble/share/eigen3_cmake_module/cmake)
[1.861s] -- Found Eigen3: TRUE (found version "3.4.0") 
[1.862s] -- Ensuring Eigen3 include directory is part of orocos-kdl CMake target
[2.209s] -- Found ament_lint_auto: 0.12.5 (/opt/ros/humble/share/ament_lint_auto/cmake)
[2.221s] -- Added test 'cppcheck' to perform static code analysis on C / C++ code
[2.222s] -- Configured cppcheck include dirs: $<BUILD_INTERFACE:/ROS_ws/src/chassis_haru_robo2024/localize/include>
[2.222s] -- Configured cppcheck exclude dirs and/or files: 
[2.222s] -- Added test 'flake8' to check Python code syntax and style conventions
[2.222s] -- Added test 'lint_cmake' to check CMake code style
[2.223s] -- Added test 'pep257' to check Python code against some of the docstring style conventions in PEP 257
[2.223s] -- Added test 'uncrustify' to check C / C++ code style
[2.223s] -- Configured uncrustify additional arguments: 
[2.224s] -- Added test 'xmllint' to check XML markup files
[2.226s] -- Configuring done
[2.243s] -- Generating done
[2.245s] -- Build files have been written to: /ROS_ws/build/localize
