[0.012s] Invoking command in '/ROS_ws/build/mecha_control': CMAKE_PREFIX_PATH=${CMAKE_PREFIX_PATH}:/opt/ros/humble /usr/bin/cmake --build /ROS_ws/build/mecha_control -- -j12 -l12
[0.037s] [35m[1mConsolidate compiler generated dependencies of target mecha_control__rosidl_generator_c[0m
[0.043s] [  2%] Built target mecha_control__cpp
[0.044s] [ 12%] Built target mecha_control__rosidl_generator_c
[0.049s] [ 12%] Built target ament_cmake_python_copy_mecha_control
[0.051s] [35m[1mConsolidate compiler generated dependencies of target mecha_control__rosidl_typesupport_cpp[0m
[0.051s] [35m[1mConsolidate compiler generated dependencies of target mecha_control__rosidl_typesupport_fastrtps_cpp[0m
[0.052s] [35m[1mConsolidate compiler generated dependencies of target mecha_control__rosidl_typesupport_c[0m
[0.052s] [35m[1mConsolidate compiler generated dependencies of target mecha_control__rosidl_typesupport_introspection_c[0m
[0.052s] [35m[1mConsolidate compiler generated dependencies of target mecha_control__rosidl_typesupport_fastrtps_c[0m
[0.053s] [35m[1mConsolidate compiler generated dependencies of target mecha_control__rosidl_typesupport_introspection_cpp[0m
[0.065s] [ 27%] Built target mecha_control__rosidl_typesupport_cpp
[0.065s] [ 34%] Built target mecha_control__rosidl_typesupport_introspection_c
[0.066s] [ 44%] Built target mecha_control__rosidl_typesupport_introspection_cpp
[0.066s] [ 55%] Built target mecha_control__rosidl_typesupport_fastrtps_c
[0.071s] [ 65%] Built target mecha_control__rosidl_typesupport_fastrtps_cpp
[0.072s] [ 76%] Built target mecha_control__rosidl_typesupport_c
[0.084s] [ 76%] Built target mecha_control
[0.097s] [ 78%] Built target mecha_control__py
[0.104s] [35m[1mConsolidate compiler generated dependencies of target mecha_control__rosidl_generator_py[0m
[0.112s] [ 87%] Built target mecha_control__rosidl_generator_py
[0.120s] [35m[1mConsolidate compiler generated dependencies of target mecha_control__rosidl_typesupport_fastrtps_c__pyext[0m
[0.120s] [35m[1mConsolidate compiler generated dependencies of target mecha_control__rosidl_typesupport_introspection_c__pyext[0m
[0.120s] [35m[1mConsolidate compiler generated dependencies of target mecha_control__rosidl_typesupport_c__pyext[0m
[0.129s] [ 91%] Built target mecha_control__rosidl_typesupport_fastrtps_c__pyext
[0.130s] [ 95%] Built target mecha_control__rosidl_typesupport_introspection_c__pyext
[0.131s] [100%] Built target mecha_control__rosidl_typesupport_c__pyext
[0.197s] running egg_info
[0.197s] writing mecha_control.egg-info/PKG-INFO
[0.198s] writing dependency_links to mecha_control.egg-info/dependency_links.txt
[0.198s] writing top-level names to mecha_control.egg-info/top_level.txt
[0.199s] reading manifest file 'mecha_control.egg-info/SOURCES.txt'
[0.199s] writing manifest file 'mecha_control.egg-info/SOURCES.txt'
[0.218s] [100%] Built target ament_cmake_python_build_mecha_control_egg
[0.226s] Invoked command in '/ROS_ws/build/mecha_control' returned '0': CMAKE_PREFIX_PATH=${CMAKE_PREFIX_PATH}:/opt/ros/humble /usr/bin/cmake --build /ROS_ws/build/mecha_control -- -j12 -l12
[0.274s] Invoking command in '/ROS_ws/build/mecha_control': CMAKE_PREFIX_PATH=${CMAKE_PREFIX_PATH}:/opt/ros/humble /usr/bin/cmake --install /ROS_ws/build/mecha_control
[0.279s] -- Install configuration: ""
[0.279s] -- Up-to-date: /ROS_ws/install/mecha_control/share/ament_index/resource_index/rosidl_interfaces/mecha_control
[0.279s] -- Up-to-date: /ROS_ws/install/mecha_control/include/mecha_control/mecha_control
[0.279s] -- Up-to-date: /ROS_ws/install/mecha_control/include/mecha_control/mecha_control/msg
[0.279s] -- Up-to-date: /ROS_ws/install/mecha_control/include/mecha_control/mecha_control/msg/rosidl_generator_c__visibility_control.h
[0.279s] -- Up-to-date: /ROS_ws/install/mecha_control/include/mecha_control/mecha_control/msg/sensor_states.h
[0.279s] -- Up-to-date: /ROS_ws/install/mecha_control/include/mecha_control/mecha_control/msg/detail
[0.279s] -- Up-to-date: /ROS_ws/install/mecha_control/include/mecha_control/mecha_control/msg/detail/sensor_states__type_support.h
[0.280s] -- Up-to-date: /ROS_ws/install/mecha_control/include/mecha_control/mecha_control/msg/detail/mecha_state__functions.h
[0.280s] -- Up-to-date: /ROS_ws/install/mecha_control/include/mecha_control/mecha_control/msg/detail/sensor_states__functions.h
[0.280s] -- Up-to-date: /ROS_ws/install/mecha_control/include/mecha_control/mecha_control/msg/detail/sensor_states__struct.h
[0.280s] -- Up-to-date: /ROS_ws/install/mecha_control/include/mecha_control/mecha_control/msg/detail/actuator_commands__type_support.h
[0.280s] -- Up-to-date: /ROS_ws/install/mecha_control/include/mecha_control/mecha_control/msg/detail/actuator_commands__struct.h
[0.280s] -- Up-to-date: /ROS_ws/install/mecha_control/include/mecha_control/mecha_control/msg/detail/mecha_state__type_support.h
[0.280s] -- Up-to-date: /ROS_ws/install/mecha_control/include/mecha_control/mecha_control/msg/detail/mecha_state__functions.c
[0.280s] -- Up-to-date: /ROS_ws/install/mecha_control/include/mecha_control/mecha_control/msg/detail/mecha_state__struct.h
[0.280s] -- Up-to-date: /ROS_ws/install/mecha_control/include/mecha_control/mecha_control/msg/detail/sensor_states__functions.c
[0.280s] -- Up-to-date: /ROS_ws/install/mecha_control/include/mecha_control/mecha_control/msg/detail/actuator_commands__functions.h
[0.280s] -- Up-to-date: /ROS_ws/install/mecha_control/include/mecha_control/mecha_control/msg/detail/actuator_commands__functions.c
[0.280s] -- Up-to-date: /ROS_ws/install/mecha_control/include/mecha_control/mecha_control/msg/actuator_commands.h
[0.280s] -- Up-to-date: /ROS_ws/install/mecha_control/include/mecha_control/mecha_control/msg/mecha_state.h
[0.280s] -- Up-to-date: /ROS_ws/install/mecha_control/share/mecha_control/environment/library_path.sh
[0.280s] -- Up-to-date: /ROS_ws/install/mecha_control/share/mecha_control/environment/library_path.dsv
[0.280s] -- Up-to-date: /ROS_ws/install/mecha_control/lib/libmecha_control__rosidl_generator_c.so
[0.280s] -- Up-to-date: /ROS_ws/install/mecha_control/include/mecha_control/mecha_control
[0.280s] -- Up-to-date: /ROS_ws/install/mecha_control/include/mecha_control/mecha_control/msg
[0.280s] -- Up-to-date: /ROS_ws/install/mecha_control/include/mecha_control/mecha_control/msg/detail
[0.280s] -- Up-to-date: /ROS_ws/install/mecha_control/include/mecha_control/mecha_control/msg/detail/actuator_commands__rosidl_typesupport_fastrtps_c.h
[0.280s] -- Up-to-date: /ROS_ws/install/mecha_control/include/mecha_control/mecha_control/msg/detail/sensor_states__rosidl_typesupport_fastrtps_c.h
[0.280s] -- Up-to-date: /ROS_ws/install/mecha_control/include/mecha_control/mecha_control/msg/detail/mecha_state__rosidl_typesupport_fastrtps_c.h
[0.280s] -- Up-to-date: /ROS_ws/install/mecha_control/include/mecha_control/mecha_control/msg/rosidl_typesupport_fastrtps_c__visibility_control.h
[0.280s] -- Up-to-date: /ROS_ws/install/mecha_control/lib/libmecha_control__rosidl_typesupport_fastrtps_c.so
[0.280s] -- Up-to-date: /ROS_ws/install/mecha_control/include/mecha_control/mecha_control
[0.280s] -- Up-to-date: /ROS_ws/install/mecha_control/include/mecha_control/mecha_control/msg
[0.280s] -- Up-to-date: /ROS_ws/install/mecha_control/include/mecha_control/mecha_control/msg/sensor_states.hpp
[0.280s] -- Up-to-date: /ROS_ws/install/mecha_control/include/mecha_control/mecha_control/msg/detail
[0.281s] -- Up-to-date: /ROS_ws/install/mecha_control/include/mecha_control/mecha_control/msg/detail/sensor_states__traits.hpp
[0.281s] -- Up-to-date: /ROS_ws/install/mecha_control/include/mecha_control/mecha_control/msg/detail/mecha_state__traits.hpp
[0.281s] -- Up-to-date: /ROS_ws/install/mecha_control/include/mecha_control/mecha_control/msg/detail/mecha_state__struct.hpp
[0.281s] -- Up-to-date: /ROS_ws/install/mecha_control/include/mecha_control/mecha_control/msg/detail/actuator_commands__traits.hpp
[0.281s] -- Up-to-date: /ROS_ws/install/mecha_control/include/mecha_control/mecha_control/msg/detail/sensor_states__struct.hpp
[0.281s] -- Up-to-date: /ROS_ws/install/mecha_control/include/mecha_control/mecha_control/msg/detail/mecha_state__builder.hpp
[0.281s] -- Up-to-date: /ROS_ws/install/mecha_control/include/mecha_control/mecha_control/msg/detail/sensor_states__builder.hpp
[0.281s] -- Up-to-date: /ROS_ws/install/mecha_control/include/mecha_control/mecha_control/msg/detail/actuator_commands__struct.hpp
[0.281s] -- Up-to-date: /ROS_ws/install/mecha_control/include/mecha_control/mecha_control/msg/detail/actuator_commands__builder.hpp
[0.281s] -- Up-to-date: /ROS_ws/install/mecha_control/include/mecha_control/mecha_control/msg/actuator_commands.hpp
[0.281s] -- Up-to-date: /ROS_ws/install/mecha_control/include/mecha_control/mecha_control/msg/mecha_state.hpp
[0.281s] -- Up-to-date: /ROS_ws/install/mecha_control/include/mecha_control/mecha_control
[0.281s] -- Up-to-date: /ROS_ws/install/mecha_control/include/mecha_control/mecha_control/msg
[0.281s] -- Up-to-date: /ROS_ws/install/mecha_control/include/mecha_control/mecha_control/msg/rosidl_typesupport_fastrtps_cpp__visibility_control.h
[0.281s] -- Up-to-date: /ROS_ws/install/mecha_control/include/mecha_control/mecha_control/msg/detail
[0.281s] -- Up-to-date: /ROS_ws/install/mecha_control/include/mecha_control/mecha_control/msg/detail/mecha_state__rosidl_typesupport_fastrtps_cpp.hpp
[0.281s] -- Up-to-date: /ROS_ws/install/mecha_control/include/mecha_control/mecha_control/msg/detail/dds_fastrtps
[0.281s] -- Up-to-date: /ROS_ws/install/mecha_control/include/mecha_control/mecha_control/msg/detail/actuator_commands__rosidl_typesupport_fastrtps_cpp.hpp
[0.281s] -- Up-to-date: /ROS_ws/install/mecha_control/include/mecha_control/mecha_control/msg/detail/sensor_states__rosidl_typesupport_fastrtps_cpp.hpp
[0.281s] -- Up-to-date: /ROS_ws/install/mecha_control/lib/libmecha_control__rosidl_typesupport_fastrtps_cpp.so
[0.281s] -- Up-to-date: /ROS_ws/install/mecha_control/include/mecha_control/mecha_control
[0.281s] -- Up-to-date: /ROS_ws/install/mecha_control/include/mecha_control/mecha_control/msg
[0.281s] -- Up-to-date: /ROS_ws/install/mecha_control/include/mecha_control/mecha_control/msg/detail
[0.281s] -- Up-to-date: /ROS_ws/install/mecha_control/include/mecha_control/mecha_control/msg/detail/actuator_commands__type_support.c
[0.281s] -- Up-to-date: /ROS_ws/install/mecha_control/include/mecha_control/mecha_control/msg/detail/mecha_state__rosidl_typesupport_introspection_c.h
[0.282s] -- Up-to-date: /ROS_ws/install/mecha_control/include/mecha_control/mecha_control/msg/detail/actuator_commands__rosidl_typesupport_introspection_c.h
[0.282s] -- Up-to-date: /ROS_ws/install/mecha_control/include/mecha_control/mecha_control/msg/detail/sensor_states__rosidl_typesupport_introspection_c.h
[0.282s] -- Up-to-date: /ROS_ws/install/mecha_control/include/mecha_control/mecha_control/msg/detail/mecha_state__type_support.c
[0.282s] -- Up-to-date: /ROS_ws/install/mecha_control/include/mecha_control/mecha_control/msg/detail/sensor_states__type_support.c
[0.282s] -- Up-to-date: /ROS_ws/install/mecha_control/include/mecha_control/mecha_control/msg/rosidl_typesupport_introspection_c__visibility_control.h
[0.282s] -- Up-to-date: /ROS_ws/install/mecha_control/lib/libmecha_control__rosidl_typesupport_introspection_c.so
[0.282s] -- Up-to-date: /ROS_ws/install/mecha_control/lib/libmecha_control__rosidl_typesupport_c.so
[0.282s] -- Up-to-date: /ROS_ws/install/mecha_control/include/mecha_control/mecha_control
[0.282s] -- Up-to-date: /ROS_ws/install/mecha_control/include/mecha_control/mecha_control/msg
[0.282s] -- Up-to-date: /ROS_ws/install/mecha_control/include/mecha_control/mecha_control/msg/detail
[0.282s] -- Up-to-date: /ROS_ws/install/mecha_control/include/mecha_control/mecha_control/msg/detail/actuator_commands__rosidl_typesupport_introspection_cpp.hpp
[0.282s] -- Up-to-date: /ROS_ws/install/mecha_control/include/mecha_control/mecha_control/msg/detail/sensor_states__rosidl_typesupport_introspection_cpp.hpp
[0.282s] -- Up-to-date: /ROS_ws/install/mecha_control/include/mecha_control/mecha_control/msg/detail/mecha_state__type_support.cpp
[0.282s] -- Up-to-date: /ROS_ws/install/mecha_control/include/mecha_control/mecha_control/msg/detail/actuator_commands__type_support.cpp
[0.282s] -- Up-to-date: /ROS_ws/install/mecha_control/include/mecha_control/mecha_control/msg/detail/mecha_state__rosidl_typesupport_introspection_cpp.hpp
[0.282s] -- Up-to-date: /ROS_ws/install/mecha_control/include/mecha_control/mecha_control/msg/detail/sensor_states__type_support.cpp
[0.282s] -- Up-to-date: /ROS_ws/install/mecha_control/lib/libmecha_control__rosidl_typesupport_introspection_cpp.so
[0.282s] -- Up-to-date: /ROS_ws/install/mecha_control/lib/libmecha_control__rosidl_typesupport_cpp.so
[0.282s] -- Up-to-date: /ROS_ws/install/mecha_control/share/mecha_control/environment/pythonpath.sh
[0.282s] -- Up-to-date: /ROS_ws/install/mecha_control/share/mecha_control/environment/pythonpath.dsv
[0.282s] -- Up-to-date: /ROS_ws/install/mecha_control/local/lib/python3.10/dist-packages/mecha_control-0.0.0-py3.10.egg-info
[0.282s] -- Installing: /ROS_ws/install/mecha_control/local/lib/python3.10/dist-packages/mecha_control-0.0.0-py3.10.egg-info/SOURCES.txt
[0.282s] -- Installing: /ROS_ws/install/mecha_control/local/lib/python3.10/dist-packages/mecha_control-0.0.0-py3.10.egg-info/dependency_links.txt
[0.282s] -- Installing: /ROS_ws/install/mecha_control/local/lib/python3.10/dist-packages/mecha_control-0.0.0-py3.10.egg-info/PKG-INFO
[0.282s] -- Installing: /ROS_ws/install/mecha_control/local/lib/python3.10/dist-packages/mecha_control-0.0.0-py3.10.egg-info/top_level.txt
[0.282s] -- Up-to-date: /ROS_ws/install/mecha_control/local/lib/python3.10/dist-packages/mecha_control
[0.282s] -- Up-to-date: /ROS_ws/install/mecha_control/local/lib/python3.10/dist-packages/mecha_control/mecha_control_s__rosidl_typesupport_introspection_c.cpython-310-x86_64-linux-gnu.so
[0.282s] -- Up-to-date: /ROS_ws/install/mecha_control/local/lib/python3.10/dist-packages/mecha_control/_mecha_control_s.ep.rosidl_typesupport_fastrtps_c.c
[0.282s] -- Up-to-date: /ROS_ws/install/mecha_control/local/lib/python3.10/dist-packages/mecha_control/libmecha_control__rosidl_generator_py.so
[0.282s] -- Up-to-date: /ROS_ws/install/mecha_control/local/lib/python3.10/dist-packages/mecha_control/__init__.py
[0.282s] -- Up-to-date: /ROS_ws/install/mecha_control/local/lib/python3.10/dist-packages/mecha_control/msg
[0.282s] -- Up-to-date: /ROS_ws/install/mecha_control/local/lib/python3.10/dist-packages/mecha_control/msg/_sensor_states.py
[0.282s] -- Up-to-date: /ROS_ws/install/mecha_control/local/lib/python3.10/dist-packages/mecha_control/msg/_mecha_state_s.c
[0.282s] -- Up-to-date: /ROS_ws/install/mecha_control/local/lib/python3.10/dist-packages/mecha_control/msg/_sensor_states_s.c
[0.282s] -- Up-to-date: /ROS_ws/install/mecha_control/local/lib/python3.10/dist-packages/mecha_control/msg/_actuator_commands.py
[0.282s] -- Up-to-date: /ROS_ws/install/mecha_control/local/lib/python3.10/dist-packages/mecha_control/msg/__init__.py
[0.282s] -- Up-to-date: /ROS_ws/install/mecha_control/local/lib/python3.10/dist-packages/mecha_control/msg/_actuator_commands_s.c
[0.283s] -- Up-to-date: /ROS_ws/install/mecha_control/local/lib/python3.10/dist-packages/mecha_control/msg/_mecha_state.py
[0.283s] -- Up-to-date: /ROS_ws/install/mecha_control/local/lib/python3.10/dist-packages/mecha_control/mecha_control_s__rosidl_typesupport_c.cpython-310-x86_64-linux-gnu.so
[0.283s] -- Up-to-date: /ROS_ws/install/mecha_control/local/lib/python3.10/dist-packages/mecha_control/mecha_control_s__rosidl_typesupport_fastrtps_c.cpython-310-x86_64-linux-gnu.so
[0.283s] -- Up-to-date: /ROS_ws/install/mecha_control/local/lib/python3.10/dist-packages/mecha_control/_mecha_control_s.ep.rosidl_typesupport_c.c
[0.283s] -- Up-to-date: /ROS_ws/install/mecha_control/local/lib/python3.10/dist-packages/mecha_control/_mecha_control_s.ep.rosidl_typesupport_introspection_c.c
[0.300s] Listing '/ROS_ws/install/mecha_control/local/lib/python3.10/dist-packages/mecha_control'...
[0.300s] Listing '/ROS_ws/install/mecha_control/local/lib/python3.10/dist-packages/mecha_control/msg'...
[0.303s] -- Up-to-date: /ROS_ws/install/mecha_control/local/lib/python3.10/dist-packages/mecha_control/mecha_control_s__rosidl_typesupport_fastrtps_c.cpython-310-x86_64-linux-gnu.so
[0.303s] -- Up-to-date: /ROS_ws/install/mecha_control/local/lib/python3.10/dist-packages/mecha_control/mecha_control_s__rosidl_typesupport_introspection_c.cpython-310-x86_64-linux-gnu.so
[0.303s] -- Up-to-date: /ROS_ws/install/mecha_control/local/lib/python3.10/dist-packages/mecha_control/mecha_control_s__rosidl_typesupport_c.cpython-310-x86_64-linux-gnu.so
[0.303s] -- Up-to-date: /ROS_ws/install/mecha_control/lib/libmecha_control__rosidl_generator_py.so
[0.303s] -- Up-to-date: /ROS_ws/install/mecha_control/share/mecha_control/msg/SensorStates.idl
[0.303s] -- Up-to-date: /ROS_ws/install/mecha_control/share/mecha_control/msg/ActuatorCommands.idl
[0.303s] -- Up-to-date: /ROS_ws/install/mecha_control/share/mecha_control/msg/MechaState.idl
[0.303s] -- Up-to-date: /ROS_ws/install/mecha_control/share/mecha_control/msg/SensorStates.msg
[0.303s] -- Up-to-date: /ROS_ws/install/mecha_control/share/mecha_control/msg/ActuatorCommands.msg
[0.303s] -- Up-to-date: /ROS_ws/install/mecha_control/share/mecha_control/msg/MechaState.msg
[0.303s] -- Up-to-date: /ROS_ws/install/mecha_control/lib/mecha_control/dummy_node.py
[0.303s] -- Up-to-date: /ROS_ws/install/mecha_control/lib/mecha_control/debug_controller.py
[0.304s] -- Up-to-date: /ROS_ws/install/mecha_control/share/ament_index/resource_index/package_run_dependencies/mecha_control
[0.304s] -- Up-to-date: /ROS_ws/install/mecha_control/share/ament_index/resource_index/parent_prefix_path/mecha_control
[0.304s] -- Up-to-date: /ROS_ws/install/mecha_control/share/mecha_control/environment/ament_prefix_path.sh
[0.304s] -- Up-to-date: /ROS_ws/install/mecha_control/share/mecha_control/environment/ament_prefix_path.dsv
[0.304s] -- Up-to-date: /ROS_ws/install/mecha_control/share/mecha_control/environment/path.sh
[0.304s] -- Up-to-date: /ROS_ws/install/mecha_control/share/mecha_control/environment/path.dsv
[0.304s] -- Up-to-date: /ROS_ws/install/mecha_control/share/mecha_control/local_setup.bash
[0.304s] -- Up-to-date: /ROS_ws/install/mecha_control/share/mecha_control/local_setup.sh
[0.304s] -- Up-to-date: /ROS_ws/install/mecha_control/share/mecha_control/local_setup.zsh
[0.304s] -- Up-to-date: /ROS_ws/install/mecha_control/share/mecha_control/local_setup.dsv
[0.304s] -- Installing: /ROS_ws/install/mecha_control/share/mecha_control/package.dsv
[0.304s] -- Up-to-date: /ROS_ws/install/mecha_control/share/ament_index/resource_index/packages/mecha_control
[0.304s] -- Up-to-date: /ROS_ws/install/mecha_control/share/mecha_control/cmake/export_mecha_control__rosidl_generator_cExport.cmake
[0.304s] -- Up-to-date: /ROS_ws/install/mecha_control/share/mecha_control/cmake/export_mecha_control__rosidl_generator_cExport-noconfig.cmake
[0.304s] -- Up-to-date: /ROS_ws/install/mecha_control/share/mecha_control/cmake/export_mecha_control__rosidl_typesupport_fastrtps_cExport.cmake
[0.304s] -- Up-to-date: /ROS_ws/install/mecha_control/share/mecha_control/cmake/export_mecha_control__rosidl_typesupport_fastrtps_cExport-noconfig.cmake
[0.304s] -- Up-to-date: /ROS_ws/install/mecha_control/share/mecha_control/cmake/export_mecha_control__rosidl_generator_cppExport.cmake
[0.304s] -- Up-to-date: /ROS_ws/install/mecha_control/share/mecha_control/cmake/export_mecha_control__rosidl_typesupport_fastrtps_cppExport.cmake
[0.304s] -- Up-to-date: /ROS_ws/install/mecha_control/share/mecha_control/cmake/export_mecha_control__rosidl_typesupport_fastrtps_cppExport-noconfig.cmake
[0.304s] -- Up-to-date: /ROS_ws/install/mecha_control/share/mecha_control/cmake/mecha_control__rosidl_typesupport_introspection_cExport.cmake
[0.304s] -- Up-to-date: /ROS_ws/install/mecha_control/share/mecha_control/cmake/mecha_control__rosidl_typesupport_introspection_cExport-noconfig.cmake
[0.304s] -- Up-to-date: /ROS_ws/install/mecha_control/share/mecha_control/cmake/mecha_control__rosidl_typesupport_cExport.cmake
[0.304s] -- Up-to-date: /ROS_ws/install/mecha_control/share/mecha_control/cmake/mecha_control__rosidl_typesupport_cExport-noconfig.cmake
[0.304s] -- Up-to-date: /ROS_ws/install/mecha_control/share/mecha_control/cmake/mecha_control__rosidl_typesupport_introspection_cppExport.cmake
[0.304s] -- Up-to-date: /ROS_ws/install/mecha_control/share/mecha_control/cmake/mecha_control__rosidl_typesupport_introspection_cppExport-noconfig.cmake
[0.304s] -- Up-to-date: /ROS_ws/install/mecha_control/share/mecha_control/cmake/mecha_control__rosidl_typesupport_cppExport.cmake
[0.304s] -- Up-to-date: /ROS_ws/install/mecha_control/share/mecha_control/cmake/mecha_control__rosidl_typesupport_cppExport-noconfig.cmake
[0.304s] -- Up-to-date: /ROS_ws/install/mecha_control/share/mecha_control/cmake/export_mecha_control__rosidl_generator_pyExport.cmake
[0.304s] -- Up-to-date: /ROS_ws/install/mecha_control/share/mecha_control/cmake/export_mecha_control__rosidl_generator_pyExport-noconfig.cmake
[0.305s] -- Up-to-date: /ROS_ws/install/mecha_control/share/mecha_control/cmake/rosidl_cmake-extras.cmake
[0.305s] -- Up-to-date: /ROS_ws/install/mecha_control/share/mecha_control/cmake/ament_cmake_export_include_directories-extras.cmake
[0.305s] -- Up-to-date: /ROS_ws/install/mecha_control/share/mecha_control/cmake/ament_cmake_export_libraries-extras.cmake
[0.305s] -- Up-to-date: /ROS_ws/install/mecha_control/share/mecha_control/cmake/ament_cmake_export_targets-extras.cmake
[0.305s] -- Up-to-date: /ROS_ws/install/mecha_control/share/mecha_control/cmake/rosidl_cmake_export_typesupport_targets-extras.cmake
[0.305s] -- Up-to-date: /ROS_ws/install/mecha_control/share/mecha_control/cmake/ament_cmake_export_dependencies-extras.cmake
[0.305s] -- Up-to-date: /ROS_ws/install/mecha_control/share/mecha_control/cmake/rosidl_cmake_export_typesupport_libraries-extras.cmake
[0.305s] -- Up-to-date: /ROS_ws/install/mecha_control/share/mecha_control/cmake/mecha_controlConfig.cmake
[0.305s] -- Up-to-date: /ROS_ws/install/mecha_control/share/mecha_control/cmake/mecha_controlConfig-version.cmake
[0.305s] -- Up-to-date: /ROS_ws/install/mecha_control/share/mecha_control/package.xml
[0.306s] Invoked command in '/ROS_ws/build/mecha_control' returned '0': CMAKE_PREFIX_PATH=${CMAKE_PREFIX_PATH}:/opt/ros/humble /usr/bin/cmake --install /ROS_ws/build/mecha_control
