[0.000000] (-) TimerEvent: {}
[0.000506] (nucleo_agent) JobQueued: {'identifier': 'nucleo_agent', 'dependencies': OrderedDict()}
[0.000546] (nucleo_agent) JobStarted: {'identifier': 'nucleo_agent'}
[0.008211] (nucleo_agent) JobProgress: {'identifier': 'nucleo_agent', 'progress': 'cmake'}
[0.008543] (nucleo_agent) JobProgress: {'identifier': 'nucleo_agent', 'progress': 'build'}
[0.008895] (nucleo_agent) Command: {'cmd': ['/usr/bin/cmake', '--build', '/ROS_ws/build/nucleo_agent', '--', '-j12', '-l12'], 'cwd': '/ROS_ws/build/nucleo_agent', 'env': OrderedDict([('SHLVL', '1'), ('LD_LIBRARY_PATH', '/opt/ros/humble/opt/rviz_ogre_vendor/lib:/opt/ros/humble/lib/x86_64-linux-gnu:/opt/ros/humble/lib'), ('HOME', '/ROS_ws'), ('OLDPWD', '/ROS_ws/src'), ('ROS_PYTHON_VERSION', '3'), ('container', 'podman'), ('COLCON_PREFIX_PATH', '/ROS_ws/install'), ('ROS_DISTRO', 'humble'), ('_', '/usr/bin/colcon'), ('ROS_VERSION', '2'), ('TERM', 'xterm'), ('ROS_LOCALHOST_ONLY', '0'), ('PATH', '/opt/ros/humble/bin:/usr/local/sbin:/usr/local/bin:/usr/sbin:/usr/bin:/sbin:/bin'), ('DISPLAY', ':0'), ('LANG', 'C.UTF-8'), ('AMENT_PREFIX_PATH', '/ROS_ws/install/nucleo_agent:/opt/ros/humble'), ('PWD', '/ROS_ws/build/nucleo_agent'), ('LC_ALL', 'C.UTF-8'), ('PYTHONPATH', '/opt/ros/humble/lib/python3.10/site-packages:/opt/ros/humble/local/lib/python3.10/dist-packages'), ('COLCON', '1'), ('CMAKE_PREFIX_PATH', '/ROS_ws/install/nucleo_agent:/opt/ros/humble')]), 'shell': False}
[0.034879] (nucleo_agent) StdoutLine: {'line': b'\x1b[35m\x1b[1mConsolidate compiler generated dependencies of target nucleo_agent\x1b[0m\n'}
[0.045441] (nucleo_agent) StdoutLine: {'line': b'[ 50%] \x1b[32mBuilding CXX object CMakeFiles/nucleo_agent.dir/src/nucleo_agent.cpp.o\x1b[0m\n'}
[0.099780] (-) TimerEvent: {}
[0.199988] (-) TimerEvent: {}
[0.300215] (-) TimerEvent: {}
[0.400420] (-) TimerEvent: {}
[0.500625] (-) TimerEvent: {}
[0.600851] (-) TimerEvent: {}
[0.701080] (-) TimerEvent: {}
[0.801300] (-) TimerEvent: {}
[0.901511] (-) TimerEvent: {}
[1.001722] (-) TimerEvent: {}
[1.101939] (-) TimerEvent: {}
[1.202157] (-) TimerEvent: {}
[1.302379] (-) TimerEvent: {}
[1.402590] (-) TimerEvent: {}
[1.502804] (-) TimerEvent: {}
[1.603011] (-) TimerEvent: {}
[1.703222] (-) TimerEvent: {}
[1.803433] (-) TimerEvent: {}
[1.903644] (-) TimerEvent: {}
[2.003843] (-) TimerEvent: {}
[2.104072] (-) TimerEvent: {}
[2.204280] (-) TimerEvent: {}
[2.304478] (-) TimerEvent: {}
[2.404683] (-) TimerEvent: {}
[2.492652] (nucleo_agent) StdoutLine: {'line': b'[100%] \x1b[32m\x1b[1mLinking CXX executable nucleo_agent\x1b[0m\n'}
[2.504764] (-) TimerEvent: {}
[2.604959] (-) TimerEvent: {}
[2.638081] (nucleo_agent) StdoutLine: {'line': b'[100%] Built target nucleo_agent\n'}
[2.644685] (nucleo_agent) CommandEnded: {'returncode': 0}
[2.659725] (nucleo_agent) JobProgress: {'identifier': 'nucleo_agent', 'progress': 'install'}
[2.664831] (nucleo_agent) Command: {'cmd': ['/usr/bin/cmake', '--install', '/ROS_ws/build/nucleo_agent'], 'cwd': '/ROS_ws/build/nucleo_agent', 'env': OrderedDict([('SHLVL', '1'), ('LD_LIBRARY_PATH', '/opt/ros/humble/opt/rviz_ogre_vendor/lib:/opt/ros/humble/lib/x86_64-linux-gnu:/opt/ros/humble/lib'), ('HOME', '/ROS_ws'), ('OLDPWD', '/ROS_ws/src'), ('ROS_PYTHON_VERSION', '3'), ('container', 'podman'), ('COLCON_PREFIX_PATH', '/ROS_ws/install'), ('ROS_DISTRO', 'humble'), ('_', '/usr/bin/colcon'), ('ROS_VERSION', '2'), ('TERM', 'xterm'), ('ROS_LOCALHOST_ONLY', '0'), ('PATH', '/opt/ros/humble/bin:/usr/local/sbin:/usr/local/bin:/usr/sbin:/usr/bin:/sbin:/bin'), ('DISPLAY', ':0'), ('LANG', 'C.UTF-8'), ('AMENT_PREFIX_PATH', '/ROS_ws/install/nucleo_agent:/opt/ros/humble'), ('PWD', '/ROS_ws/build/nucleo_agent'), ('LC_ALL', 'C.UTF-8'), ('PYTHONPATH', '/opt/ros/humble/lib/python3.10/site-packages:/opt/ros/humble/local/lib/python3.10/dist-packages'), ('COLCON', '1'), ('CMAKE_PREFIX_PATH', '/ROS_ws/install/nucleo_agent:/opt/ros/humble')]), 'shell': False}
[2.669945] (nucleo_agent) StdoutLine: {'line': b'-- Install configuration: ""\n'}
[2.670547] (nucleo_agent) StdoutLine: {'line': b'-- Installing: /ROS_ws/install/nucleo_agent/lib/nucleo_agent/nucleo_agent\n'}
[2.671276] (nucleo_agent) StdoutLine: {'line': b'-- Set runtime path of "/ROS_ws/install/nucleo_agent/lib/nucleo_agent/nucleo_agent" to ""\n'}
[2.671329] (nucleo_agent) StdoutLine: {'line': b'-- Up-to-date: /ROS_ws/install/nucleo_agent/share/ament_index/resource_index/package_run_dependencies/nucleo_agent\n'}
[2.671376] (nucleo_agent) StdoutLine: {'line': b'-- Up-to-date: /ROS_ws/install/nucleo_agent/share/ament_index/resource_index/parent_prefix_path/nucleo_agent\n'}
[2.671439] (nucleo_agent) StdoutLine: {'line': b'-- Up-to-date: /ROS_ws/install/nucleo_agent/share/nucleo_agent/environment/ament_prefix_path.sh\n'}
[2.671483] (nucleo_agent) StdoutLine: {'line': b'-- Up-to-date: /ROS_ws/install/nucleo_agent/share/nucleo_agent/environment/ament_prefix_path.dsv\n'}
[2.671516] (nucleo_agent) StdoutLine: {'line': b'-- Up-to-date: /ROS_ws/install/nucleo_agent/share/nucleo_agent/environment/path.sh\n'}
[2.671547] (nucleo_agent) StdoutLine: {'line': b'-- Up-to-date: /ROS_ws/install/nucleo_agent/share/nucleo_agent/environment/path.dsv\n'}
[2.671577] (nucleo_agent) StdoutLine: {'line': b'-- Up-to-date: /ROS_ws/install/nucleo_agent/share/nucleo_agent/local_setup.bash\n'}
[2.671606] (nucleo_agent) StdoutLine: {'line': b'-- Up-to-date: /ROS_ws/install/nucleo_agent/share/nucleo_agent/local_setup.sh\n'}
[2.671636] (nucleo_agent) StdoutLine: {'line': b'-- Up-to-date: /ROS_ws/install/nucleo_agent/share/nucleo_agent/local_setup.zsh\n'}
[2.671679] (nucleo_agent) StdoutLine: {'line': b'-- Up-to-date: /ROS_ws/install/nucleo_agent/share/nucleo_agent/local_setup.dsv\n'}
[2.671735] (nucleo_agent) StdoutLine: {'line': b'-- Installing: /ROS_ws/install/nucleo_agent/share/nucleo_agent/package.dsv\n'}
[2.671767] (nucleo_agent) StdoutLine: {'line': b'-- Up-to-date: /ROS_ws/install/nucleo_agent/share/ament_index/resource_index/packages/nucleo_agent\n'}
[2.671796] (nucleo_agent) StdoutLine: {'line': b'-- Up-to-date: /ROS_ws/install/nucleo_agent/share/nucleo_agent/cmake/nucleo_agentConfig.cmake\n'}
[2.671823] (nucleo_agent) StdoutLine: {'line': b'-- Up-to-date: /ROS_ws/install/nucleo_agent/share/nucleo_agent/cmake/nucleo_agentConfig-version.cmake\n'}
[2.671852] (nucleo_agent) StdoutLine: {'line': b'-- Up-to-date: /ROS_ws/install/nucleo_agent/share/nucleo_agent/package.xml\n'}
[2.672856] (nucleo_agent) CommandEnded: {'returncode': 0}
[2.703560] (nucleo_agent) JobEnded: {'identifier': 'nucleo_agent', 'rc': 0}
[2.703936] (-) EventReactorShutdown: {}
