[0.039s] Invoking command in '/ROS_ws/build/mecha_control': CMAKE_PREFIX_PATH=${CMAKE_PREFIX_PATH}:/opt/ros/humble /usr/bin/cmake --build /ROS_ws/build/mecha_control -- -j12 -l12
[0.194s] [  1%] Built target mecha_control__cpp
[0.195s] [ 12%] Built target mecha_control__rosidl_generator_c
[0.196s] [ 12%] Built target ament_cmake_python_copy_mecha_control
[0.197s] [ 23%] Built target mecha_control__rosidl_typesupport_c
[0.198s] [ 34%] Built target mecha_control__rosidl_typesupport_introspection_c
[0.198s] [ 56%] Built target mecha_control__rosidl_typesupport_cpp
[0.199s] [ 56%] Built target mecha_control__rosidl_typesupport_fastrtps_cpp
[0.199s] [ 67%] Built target mecha_control__rosidl_typesupport_introspection_cpp
[0.199s] [ 78%] Built target mecha_control__rosidl_typesupport_fastrtps_c
[0.199s] [35m[1mConsolidate compiler generated dependencies of target cmd_seq[0m
[0.199s] [ 78%] Built target mecha_control
[0.199s] [ 79%] [32mBuilding CXX object CMakeFiles/cmd_seq.dir/src/cmd_seq.cpp.o[0m
[0.199s] [ 80%] Built target mecha_control__py
[0.199s] [ 90%] Built target mecha_control__rosidl_generator_py
[0.199s] [ 93%] Built target mecha_control__rosidl_typesupport_fastrtps_c__pyext
[0.199s] [ 95%] Built target mecha_control__rosidl_typesupport_introspection_c__pyext
[0.199s] [ 98%] Built target mecha_control__rosidl_typesupport_c__pyext
[0.218s] running egg_info
[0.220s] writing mecha_control.egg-info/PKG-INFO
[0.221s] writing dependency_links to mecha_control.egg-info/dependency_links.txt
[0.221s] writing top-level names to mecha_control.egg-info/top_level.txt
[0.222s] reading manifest file 'mecha_control.egg-info/SOURCES.txt'
[0.223s] writing manifest file 'mecha_control.egg-info/SOURCES.txt'
[0.260s] [ 98%] Built target ament_cmake_python_build_mecha_control_egg
[1.552s] [01m[K/ROS_ws/src/mecha_control/src/cmd_seq.cpp:[m[K In lambda function:
[1.552s] [01m[K/ROS_ws/src/mecha_control/src/cmd_seq.cpp:43:26:[m[K [01;31m[Kerror: [m[K‘[01m[Ksleep[m[K’ is not a member of ‘[01m[Kstd::thread[m[K’
[1.552s]    43 |             std::thread::[01;31m[Ksleep[m[K(5);
[1.553s]       |                          [01;31m[K^~~~~[m[K
[2.006s] gmake[2]: *** [CMakeFiles/cmd_seq.dir/build.make:76: CMakeFiles/cmd_seq.dir/src/cmd_seq.cpp.o] Error 1
[2.006s] gmake[1]: *** [CMakeFiles/Makefile2:595: CMakeFiles/cmd_seq.dir/all] Error 2
[2.006s] gmake: *** [Makefile:146: all] Error 2
[2.008s] Invoked command in '/ROS_ws/build/mecha_control' returned '2': CMAKE_PREFIX_PATH=${CMAKE_PREFIX_PATH}:/opt/ros/humble /usr/bin/cmake --build /ROS_ws/build/mecha_control -- -j12 -l12
