-- The C compiler identification is GNU 11.3.0
-- The CXX compiler identification is GNU 11.3.0
-- Detecting C compiler ABI info
-- Detecting C compiler ABI info - done
-- Check for working C compiler: /usr/bin/cc - skipped
-- Detecting C compile features
-- Detecting C compile features - done
-- Detecting CXX compiler ABI info
-- Detecting CXX compiler ABI info - done
-- Check for working CXX compiler: /usr/bin/c++ - skipped
-- Detecting CXX compile features
-- Detecting CXX compile features - done
-- Found ament_cmake: 1.3.3 (/opt/ros/humble/share/ament_cmake/cmake)
-- Found Python3: /usr/bin/python3.10 (found version "3.10.6") found components: Interpreter 
-- Found rclcpp: 16.0.3 (/opt/ros/humble/share/rclcpp/cmake)
-- Found rosidl_generator_c: 3.1.4 (/opt/ros/humble/share/rosidl_generator_c/cmake)
-- Found rosidl_adapter: 3.1.4 (/opt/ros/humble/share/rosidl_adapter/cmake)
-- Found rosidl_generator_cpp: 3.1.4 (/opt/ros/humble/share/rosidl_generator_cpp/cmake)
-- Using all available rosidl_typesupport_c: rosidl_typesupport_fastrtps_c;rosidl_typesupport_introspection_c
-- Using all available rosidl_typesupport_cpp: rosidl_typesupport_fastrtps_cpp;rosidl_typesupport_introspection_cpp
-- Found rmw_implementation_cmake: 6.1.1 (/opt/ros/humble/share/rmw_implementation_cmake/cmake)
-- Found rmw_fastrtps_cpp: 6.2.2 (/opt/ros/humble/share/rmw_fastrtps_cpp/cmake)
-- Found OpenSSL: /usr/lib/x86_64-linux-gnu/libcrypto.so (found version "3.0.2")  
-- Found FastRTPS: /opt/ros/humble/include  
-- Using RMW implementation 'rmw_fastrtps_cpp' as default
-- Looking for pthread.h
-- Looking for pthread.h - found
-- Performing Test CMAKE_HAVE_LIBC_PTHREAD
-- Performing Test CMAKE_HAVE_LIBC_PTHREAD - Success
-- Found Threads: TRUE  
-- Found rclcpp_action: 16.0.3 (/opt/ros/humble/share/rclcpp_action/cmake)
-- Found rclcpp_components: 16.0.3 (/opt/ros/humble/share/rclcpp_components/cmake)
-- Found geometry_msgs: 4.2.3 (/opt/ros/humble/share/geometry_msgs/cmake)
-- Found rosidl_default_generators: 1.2.0 (/opt/ros/humble/share/rosidl_default_generators/cmake)
-- Found ament_lint_auto: 0.12.5 (/opt/ros/humble/share/ament_lint_auto/cmake)
-- Added test 'cppcheck' to perform static code analysis on C / C++ code
-- Configured cppcheck include dirs: $<BUILD_INTERFACE:/ROS_ws/src/robot_master/include>
-- Configured cppcheck exclude dirs and/or files: 
-- Added test 'flake8' to check Python code syntax and style conventions
-- Added test 'lint_cmake' to check CMake code style
-- Added test 'pep257' to check Python code against some of the docstring style conventions in PEP 257
-- Added test 'uncrustify' to check C / C++ code style
-- Configured uncrustify additional arguments: 
-- Added test 'xmllint' to check XML markup files
-- Configuring done
-- Generating done
-- Build files have been written to: /ROS_ws/build/robot_master
[ 25%] [32mBuilding CXX object CMakeFiles/robot_master_node.dir/src/robot_master_node.cpp.o[0m
[ 50%] [32mBuilding CXX object CMakeFiles/action_server.dir/src/action_server.cpp.o[0m
[ 75%] [32m[1mLinking CXX executable action_server[0m
[100%] [32m[1mLinking CXX executable robot_master_node[0m
[100%] Built target robot_master_node
[100%] Built target action_server
-- Install configuration: ""
-- Installing: /ROS_ws/install/robot_master/lib/robot_master/robot_master_node
-- Set runtime path of "/ROS_ws/install/robot_master/lib/robot_master/robot_master_node" to ""
-- Installing: /ROS_ws/install/robot_master/lib/robot_master/action_server
-- Set runtime path of "/ROS_ws/install/robot_master/lib/robot_master/action_server" to ""
-- Installing: /ROS_ws/install/robot_master/share/ament_index/resource_index/package_run_dependencies/robot_master
-- Installing: /ROS_ws/install/robot_master/share/ament_index/resource_index/parent_prefix_path/robot_master
-- Installing: /ROS_ws/install/robot_master/share/robot_master/environment/ament_prefix_path.sh
-- Installing: /ROS_ws/install/robot_master/share/robot_master/environment/ament_prefix_path.dsv
-- Installing: /ROS_ws/install/robot_master/share/robot_master/environment/path.sh
-- Installing: /ROS_ws/install/robot_master/share/robot_master/environment/path.dsv
-- Installing: /ROS_ws/install/robot_master/share/robot_master/local_setup.bash
-- Installing: /ROS_ws/install/robot_master/share/robot_master/local_setup.sh
-- Installing: /ROS_ws/install/robot_master/share/robot_master/local_setup.zsh
-- Installing: /ROS_ws/install/robot_master/share/robot_master/local_setup.dsv
-- Installing: /ROS_ws/install/robot_master/share/robot_master/package.dsv
-- Installing: /ROS_ws/install/robot_master/share/ament_index/resource_index/packages/robot_master
-- Installing: /ROS_ws/install/robot_master/share/robot_master/cmake/robot_masterConfig.cmake
-- Installing: /ROS_ws/install/robot_master/share/robot_master/cmake/robot_masterConfig-version.cmake
-- Installing: /ROS_ws/install/robot_master/share/robot_master/package.xml
