[0.048s] Invoking command in '/ROS_ws/build/robot_master': CMAKE_PREFIX_PATH=${CMAKE_PREFIX_PATH}:/opt/ros/humble /usr/bin/cmake /ROS_ws/src/robot_master -DCMAKE_INSTALL_PREFIX=/ROS_ws/install/robot_master
[0.225s] -- The C compiler identification is GNU 11.3.0
[0.225s] -- The CXX compiler identification is GNU 11.3.0
[0.225s] -- Detecting C compiler ABI info
[0.225s] -- Detecting C compiler ABI info - done
[0.225s] -- Check for working C compiler: /usr/bin/cc - skipped
[0.225s] -- Detecting C compile features
[0.225s] -- Detecting C compile features - done
[0.225s] -- Detecting CXX compiler ABI info
[0.241s] -- Detecting CXX compiler ABI info - done
[0.250s] -- Check for working CXX compiler: /usr/bin/c++ - skipped
[0.250s] -- Detecting CXX compile features
[0.251s] -- Detecting CXX compile features - done
[0.256s] -- Found ament_cmake: 1.3.3 (/opt/ros/humble/share/ament_cmake/cmake)
[0.478s] -- Found Python3: /usr/bin/python3.10 (found version "3.10.6") found components: Interpreter 
[0.593s] -- Found rclcpp: 16.0.3 (/opt/ros/humble/share/rclcpp/cmake)
[0.645s] -- Found rosidl_generator_c: 3.1.4 (/opt/ros/humble/share/rosidl_generator_c/cmake)
[0.652s] -- Found rosidl_adapter: 3.1.4 (/opt/ros/humble/share/rosidl_adapter/cmake)
[0.662s] -- Found rosidl_generator_cpp: 3.1.4 (/opt/ros/humble/share/rosidl_generator_cpp/cmake)
[0.681s] -- Using all available rosidl_typesupport_c: rosidl_typesupport_fastrtps_c;rosidl_typesupport_introspection_c
[0.699s] -- Using all available rosidl_typesupport_cpp: rosidl_typesupport_fastrtps_cpp;rosidl_typesupport_introspection_cpp
[0.777s] -- Found rmw_implementation_cmake: 6.1.1 (/opt/ros/humble/share/rmw_implementation_cmake/cmake)
[0.781s] -- Found rmw_fastrtps_cpp: 6.2.2 (/opt/ros/humble/share/rmw_fastrtps_cpp/cmake)
[1.050s] -- Found OpenSSL: /usr/lib/x86_64-linux-gnu/libcrypto.so (found version "3.0.2")  
[1.081s] -- Found FastRTPS: /opt/ros/humble/include  
[1.145s] -- Using RMW implementation 'rmw_fastrtps_cpp' as default
[1.160s] -- Looking for pthread.h
[1.232s] -- Looking for pthread.h - found
[1.232s] -- Performing Test CMAKE_HAVE_LIBC_PTHREAD
[1.371s] -- Performing Test CMAKE_HAVE_LIBC_PTHREAD - Success
[1.375s] -- Found Threads: TRUE  
[1.617s] -- Found rclcpp_action: 16.0.3 (/opt/ros/humble/share/rclcpp_action/cmake)
[1.725s] -- Found rclcpp_components: 16.0.3 (/opt/ros/humble/share/rclcpp_components/cmake)
[1.801s] -- Found geometry_msgs: 4.2.3 (/opt/ros/humble/share/geometry_msgs/cmake)
[1.851s] -- Found rosidl_default_generators: 1.2.0 (/opt/ros/humble/share/rosidl_default_generators/cmake)
[1.876s] -- Found ament_lint_auto: 0.12.5 (/opt/ros/humble/share/ament_lint_auto/cmake)
[1.965s] -- Added test 'cppcheck' to perform static code analysis on C / C++ code
[1.966s] -- Configured cppcheck include dirs: $<BUILD_INTERFACE:/ROS_ws/src/robot_master/include>
[1.966s] -- Configured cppcheck exclude dirs and/or files: 
[1.967s] -- Added test 'flake8' to check Python code syntax and style conventions
[1.967s] -- Added test 'lint_cmake' to check CMake code style
[1.968s] -- Added test 'pep257' to check Python code against some of the docstring style conventions in PEP 257
[1.969s] -- Added test 'uncrustify' to check C / C++ code style
[1.969s] -- Configured uncrustify additional arguments: 
[1.970s] -- Added test 'xmllint' to check XML markup files
[1.971s] -- Configuring done
[1.987s] -- Generating done
[1.989s] -- Build files have been written to: /ROS_ws/build/robot_master
[2.001s] Invoked command in '/ROS_ws/build/robot_master' returned '0': CMAKE_PREFIX_PATH=${CMAKE_PREFIX_PATH}:/opt/ros/humble /usr/bin/cmake /ROS_ws/src/robot_master -DCMAKE_INSTALL_PREFIX=/ROS_ws/install/robot_master
[2.001s] Invoking command in '/ROS_ws/build/robot_master': CMAKE_PREFIX_PATH=${CMAKE_PREFIX_PATH}:/opt/ros/humble /usr/bin/cmake --build /ROS_ws/build/robot_master -- -j12 -l12
[2.042s] [ 25%] [32mBuilding CXX object CMakeFiles/robot_master_node.dir/src/robot_master_node.cpp.o[0m
[2.043s] [ 50%] [32mBuilding CXX object CMakeFiles/action_server.dir/src/action_server.cpp.o[0m
[2.074s] [ 75%] [32m[1mLinking CXX executable action_server[0m
[2.077s] [100%] [32m[1mLinking CXX executable robot_master_node[0m
[2.161s] [100%] Built target robot_master_node
[2.178s] [100%] Built target action_server
[2.188s] Invoked command in '/ROS_ws/build/robot_master' returned '0': CMAKE_PREFIX_PATH=${CMAKE_PREFIX_PATH}:/opt/ros/humble /usr/bin/cmake --build /ROS_ws/build/robot_master -- -j12 -l12
[2.209s] Invoking command in '/ROS_ws/build/robot_master': CMAKE_PREFIX_PATH=${CMAKE_PREFIX_PATH}:/opt/ros/humble /usr/bin/cmake --install /ROS_ws/build/robot_master
[2.216s] -- Install configuration: ""
[2.216s] -- Installing: /ROS_ws/install/robot_master/lib/robot_master/robot_master_node
[2.216s] -- Set runtime path of "/ROS_ws/install/robot_master/lib/robot_master/robot_master_node" to ""
[2.216s] -- Installing: /ROS_ws/install/robot_master/lib/robot_master/action_server
[2.216s] -- Set runtime path of "/ROS_ws/install/robot_master/lib/robot_master/action_server" to ""
[2.216s] -- Installing: /ROS_ws/install/robot_master/share/ament_index/resource_index/package_run_dependencies/robot_master
[2.216s] -- Installing: /ROS_ws/install/robot_master/share/ament_index/resource_index/parent_prefix_path/robot_master
[2.216s] -- Installing: /ROS_ws/install/robot_master/share/robot_master/environment/ament_prefix_path.sh
[2.217s] -- Installing: /ROS_ws/install/robot_master/share/robot_master/environment/ament_prefix_path.dsv
[2.217s] -- Installing: /ROS_ws/install/robot_master/share/robot_master/environment/path.sh
[2.217s] -- Installing: /ROS_ws/install/robot_master/share/robot_master/environment/path.dsv
[2.217s] -- Installing: /ROS_ws/install/robot_master/share/robot_master/local_setup.bash
[2.217s] -- Installing: /ROS_ws/install/robot_master/share/robot_master/local_setup.sh
[2.217s] -- Installing: /ROS_ws/install/robot_master/share/robot_master/local_setup.zsh
[2.217s] -- Installing: /ROS_ws/install/robot_master/share/robot_master/local_setup.dsv
[2.217s] -- Installing: /ROS_ws/install/robot_master/share/robot_master/package.dsv
[2.217s] -- Installing: /ROS_ws/install/robot_master/share/ament_index/resource_index/packages/robot_master
[2.217s] -- Installing: /ROS_ws/install/robot_master/share/robot_master/cmake/robot_masterConfig.cmake
[2.217s] -- Installing: /ROS_ws/install/robot_master/share/robot_master/cmake/robot_masterConfig-version.cmake
[2.217s] -- Installing: /ROS_ws/install/robot_master/share/robot_master/package.xml
[2.220s] Invoked command in '/ROS_ws/build/robot_master' returned '0': CMAKE_PREFIX_PATH=${CMAKE_PREFIX_PATH}:/opt/ros/humble /usr/bin/cmake --install /ROS_ws/build/robot_master
