[35m[1mConsolidate compiler generated dependencies of target mecha_control__rosidl_generator_c[0m
[35m[1mConsolidate compiler generated dependencies of target sequence_controller[0m
[  2%] Built target mecha_control__cpp
[  2%] Built target ament_cmake_python_copy_mecha_control
[35m[1mConsolidate compiler generated dependencies of target mecha_control__rosidl_typesupport_cpp[0m
[35m[1mConsolidate compiler generated dependencies of target mecha_control__rosidl_typesupport_introspection_cpp[0m
[35m[1mConsolidate compiler generated dependencies of target mecha_control__rosidl_typesupport_fastrtps_cpp[0m
running egg_info
writing mecha_control.egg-info/PKG-INFO
writing dependency_links to mecha_control.egg-info/dependency_links.txt
[ 16%] [32mBuilding CXX object CMakeFiles/sequence_controller.dir/src/sequence_controller.cpp.o[0m
writing top-level names to mecha_control.egg-info/top_level.txt
[ 24%] Built target mecha_control__rosidl_typesupport_cpp
[ 24%] Built target mecha_control__rosidl_generator_c
reading manifest file 'mecha_control.egg-info/SOURCES.txt'
writing manifest file 'mecha_control.egg-info/SOURCES.txt'
[35m[1mConsolidate compiler generated dependencies of target mecha_control__rosidl_typesupport_c[0m
[35m[1mConsolidate compiler generated dependencies of target mecha_control__rosidl_typesupport_introspection_c[0m
[ 44%] Built target mecha_control__rosidl_typesupport_introspection_cpp
[ 44%] Built target mecha_control__rosidl_typesupport_fastrtps_cpp
[35m[1mConsolidate compiler generated dependencies of target mecha_control__rosidl_typesupport_fastrtps_c[0m
[ 57%] Built target mecha_control__rosidl_typesupport_c
[ 57%] Built target ament_cmake_python_build_mecha_control_egg
[ 67%] Built target mecha_control__rosidl_typesupport_introspection_c
[ 75%] Built target mecha_control__rosidl_typesupport_fastrtps_c
[ 75%] Built target mecha_control
[ 77%] Built target mecha_control__py
[35m[1mConsolidate compiler generated dependencies of target mecha_control__rosidl_generator_py[0m
[ 85%] Built target mecha_control__rosidl_generator_py
[35m[1mConsolidate compiler generated dependencies of target mecha_control__rosidl_typesupport_introspection_c__pyext[0m
[35m[1mConsolidate compiler generated dependencies of target mecha_control__rosidl_typesupport_fastrtps_c__pyext[0m
[35m[1mConsolidate compiler generated dependencies of target mecha_control__rosidl_typesupport_c__pyext[0m
[ 93%] Built target mecha_control__rosidl_typesupport_introspection_c__pyext
[ 93%] Built target mecha_control__rosidl_typesupport_fastrtps_c__pyext
[ 97%] Built target mecha_control__rosidl_typesupport_c__pyext
[100%] [32m[1mLinking CXX executable sequence_controller[0m
[100%] Built target sequence_controller
