[0.038s] Invoking command in '/ROS_ws/build/mecha_control': CMAKE_PREFIX_PATH=${CMAKE_PREFIX_PATH}:/opt/ros/humble /usr/bin/cmake --build /ROS_ws/build/mecha_control -- -j12 -l12
[0.227s] [  2%] Built target mecha_control__cpp
[0.228s] [ 12%] Built target mecha_control__rosidl_generator_c
[0.228s] [ 12%] Built target ament_cmake_python_copy_mecha_control
[0.228s] [ 23%] Built target mecha_control__rosidl_typesupport_c
[0.228s] [ 34%] Built target mecha_control__rosidl_typesupport_introspection_c
[0.228s] [ 45%] Built target mecha_control__rosidl_typesupport_introspection_cpp
[0.228s] [ 56%] Built target mecha_control__rosidl_typesupport_fastrtps_c
[0.229s] [ 67%] Built target mecha_control__rosidl_typesupport_fastrtps_cpp
[0.229s] [ 78%] Built target mecha_control__rosidl_typesupport_cpp
[0.229s] [35m[1mConsolidate compiler generated dependencies of target cmd_seq[0m
[0.229s] [ 79%] [32mBuilding CXX object CMakeFiles/cmd_seq.dir/src/cmd_seq.cpp.o[0m
[0.229s] [ 79%] Built target mecha_control
[0.229s] [ 80%] Built target mecha_control__py
[0.229s] [ 90%] Built target mecha_control__rosidl_generator_py
[0.229s] [ 97%] Built target mecha_control__rosidl_typesupport_c__pyext
[0.229s] [ 98%] Built target mecha_control__rosidl_typesupport_fastrtps_c__pyext
[0.229s] [ 98%] Built target mecha_control__rosidl_typesupport_introspection_c__pyext
[0.238s] running egg_info
[0.239s] writing mecha_control.egg-info/PKG-INFO
[0.239s] writing dependency_links to mecha_control.egg-info/dependency_links.txt
[0.239s] writing top-level names to mecha_control.egg-info/top_level.txt
[0.242s] reading manifest file 'mecha_control.egg-info/SOURCES.txt'
[0.243s] writing manifest file 'mecha_control.egg-info/SOURCES.txt'
[0.271s] [ 98%] Built target ament_cmake_python_build_mecha_control_egg
[1.499s] [01m[K/ROS_ws/src/mecha_control/src/cmd_seq.cpp:[m[K In member function ‘[01m[Kvoid mech_seq_node::daiza_cmd_callback(std::shared_ptr<mecha_control::srv::MechCmd_Request_<std::allocator<void> > >, std::shared_ptr<mecha_control::srv::MechCmd_Response_<std::allocator<void> > >) const[m[K’:
[1.499s] [01m[K/ROS_ws/src/mecha_control/src/cmd_seq.cpp:19:28:[m[K [01;31m[Kerror: [m[K‘[01m[KOK[m[K’ was not declared in this scope
[1.499s]    19 |         response->result = [01;31m[KOK[m[K;
[1.499s]       |                            [01;31m[K^~[m[K
[1.650s] In file included from [01m[K/opt/ros/humble/include/rclcpp/rclcpp/service.hpp:36[m[K,
[1.650s]                  from [01m[K/opt/ros/humble/include/rclcpp/rclcpp/callback_group.hpp:28[m[K,
[1.650s]                  from [01m[K/opt/ros/humble/include/rclcpp/rclcpp/any_executable.hpp:20[m[K,
[1.650s]                  from [01m[K/opt/ros/humble/include/rclcpp/rclcpp/memory_strategy.hpp:25[m[K,
[1.650s]                  from [01m[K/opt/ros/humble/include/rclcpp/rclcpp/memory_strategies.hpp:18[m[K,
[1.650s]                  from [01m[K/opt/ros/humble/include/rclcpp/rclcpp/executor_options.hpp:20[m[K,
[1.650s]                  from [01m[K/opt/ros/humble/include/rclcpp/rclcpp/executor.hpp:37[m[K,
[1.650s]                  from [01m[K/opt/ros/humble/include/rclcpp/rclcpp/executors/multi_threaded_executor.hpp:25[m[K,
[1.650s]                  from [01m[K/opt/ros/humble/include/rclcpp/rclcpp/executors.hpp:21[m[K,
[1.650s]                  from [01m[K/opt/ros/humble/include/rclcpp/rclcpp/rclcpp.hpp:155[m[K,
[1.650s]                  from [01m[K/ROS_ws/src/mecha_control/src/cmd_seq.cpp:1[m[K:
[1.650s] /opt/ros/humble/include/rclcpp/rclcpp/any_service_callback.hpp: In instantiation of ‘[01m[Kvoid rclcpp::AnyServiceCallback<ServiceT>::set(CallbackT&&) [with CallbackT = void (mech_seq_node::*)(std::shared_ptr<mecha_control::srv::MechCmd_Request_<std::allocator<void> > >, std::shared_ptr<mecha_control::srv::MechCmd_Response_<std::allocator<void> > >) const; typename std::enable_if<rclcpp::detail::can_be_nullptr<CallbackT>::value, int>::type <anonymous> = 0; ServiceT = mecha_control::srv::MechCmd][m[K’:
[1.651s] [01m[K/opt/ros/humble/include/rclcpp/rclcpp/create_service.hpp:43:27:[m[K   required from ‘[01m[Ktypename rclcpp::Service<ServiceT>::SharedPtr rclcpp::create_service(std::shared_ptr<rclcpp::node_interfaces::NodeBaseInterface>, std::shared_ptr<rclcpp::node_interfaces::NodeServicesInterface>, const string&, CallbackT&&, const rmw_qos_profile_t&, rclcpp::CallbackGroup::SharedPtr) [with ServiceT = mecha_control::srv::MechCmd; CallbackT = void (mech_seq_node::*)(std::shared_ptr<mecha_control::srv::MechCmd_Request_<std::allocator<void> > >, std::shared_ptr<mecha_control::srv::MechCmd_Response_<std::allocator<void> > >) const; typename rclcpp::Service<ServiceT>::SharedPtr = std::shared_ptr<rclcpp::Service<mecha_control::srv::MechCmd> >; std::string = std::__cxx11::basic_string<char>; rmw_qos_profile_t = rmw_qos_profile_s; rclcpp::CallbackGroup::SharedPtr = std::shared_ptr<rclcpp::CallbackGroup>][m[K’
[1.651s] [01m[K/opt/ros/humble/include/rclcpp/rclcpp/node_impl.hpp:147:53:[m[K   required from ‘[01m[Ktypename rclcpp::Service<ServiceT>::SharedPtr rclcpp::Node::create_service(const string&, CallbackT&&, const rmw_qos_profile_t&, rclcpp::CallbackGroup::SharedPtr) [with ServiceT = mecha_control::srv::MechCmd; CallbackT = void (mech_seq_node::*)(std::shared_ptr<mecha_control::srv::MechCmd_Request_<std::allocator<void> > >, std::shared_ptr<mecha_control::srv::MechCmd_Response_<std::allocator<void> > >) const; typename rclcpp::Service<ServiceT>::SharedPtr = std::shared_ptr<rclcpp::Service<mecha_control::srv::MechCmd> >; std::string = std::__cxx11::basic_string<char>; rmw_qos_profile_t = rmw_qos_profile_s; rclcpp::CallbackGroup::SharedPtr = std::shared_ptr<rclcpp::CallbackGroup>][m[K’
[1.651s] [01m[K/ROS_ws/src/mecha_control/src/cmd_seq.cpp:10:74:[m[K   required from here
[1.651s] [01m[K/opt/ros/humble/include/rclcpp/rclcpp/any_service_callback.hpp:148:17:[m[K [01;31m[Kerror: [m[Kno match for ‘[01m[Koperator=[m[K’ (operand types are ‘[01m[Kstd::variant<std::monostate, std::function<void(std::shared_ptr<mecha_control::srv::MechCmd_Request_<std::allocator<void> > >, std::shared_ptr<mecha_control::srv::MechCmd_Response_<std::allocator<void> > >)>, std::function<void(std::shared_ptr<rmw_request_id_s>, std::shared_ptr<mecha_control::srv::MechCmd_Request_<std::allocator<void> > >, std::shared_ptr<mecha_control::srv::MechCmd_Response_<std::allocator<void> > >)>, std::function<void(std::shared_ptr<rmw_request_id_s>, std::shared_ptr<mecha_control::srv::MechCmd_Request_<std::allocator<void> > >)>, std::function<void(std::shared_ptr<rclcpp::Service<mecha_control::srv::MechCmd> >, std::shared_ptr<rmw_request_id_s>, std::shared_ptr<mecha_control::srv::MechCmd_Request_<std::allocator<void> > >)> >[m[K’ and ‘[01m[Kvoid (mech_seq_node::*)(std::shared_ptr<mecha_control::srv::MechCmd_Request_<std::allocator<void> > >, std::shared_ptr<mecha_control::srv::MechCmd_Response_<std::allocator<void> > >) const[m[K’)
[1.651s]   148 |       [01;31m[Kcallback_ = std::forward<CallbackT>(callback)[m[K;
[1.651s]       |       [01;31m[K~~~~~~~~~~^~~~~~~~~~~~~~~~~~~~~~~~~~~~~~~~~~~[m[K
[1.651s] In file included from [01m[K/opt/ros/humble/include/rclcpp/rclcpp/client.hpp:28[m[K,
[1.651s]                  from [01m[K/opt/ros/humble/include/rclcpp/rclcpp/callback_group.hpp:24[m[K,
[1.651s]                  from [01m[K/opt/ros/humble/include/rclcpp/rclcpp/any_executable.hpp:20[m[K,
[1.651s]                  from [01m[K/opt/ros/humble/include/rclcpp/rclcpp/memory_strategy.hpp:25[m[K,
[1.651s]                  from [01m[K/opt/ros/humble/include/rclcpp/rclcpp/memory_strategies.hpp:18[m[K,
[1.651s]                  from [01m[K/opt/ros/humble/include/rclcpp/rclcpp/executor_options.hpp:20[m[K,
[1.651s]                  from [01m[K/opt/ros/humble/include/rclcpp/rclcpp/executor.hpp:37[m[K,
[1.651s]                  from [01m[K/opt/ros/humble/include/rclcpp/rclcpp/executors/multi_threaded_executor.hpp:25[m[K,
[1.651s]                  from [01m[K/opt/ros/humble/include/rclcpp/rclcpp/executors.hpp:21[m[K,
[1.651s]                  from [01m[K/opt/ros/humble/include/rclcpp/rclcpp/rclcpp.hpp:155[m[K,
[1.651s]                  from [01m[K/ROS_ws/src/mecha_control/src/cmd_seq.cpp:1[m[K:
[1.651s] [01m[K/usr/include/c++/11/variant:1477:9:[m[K [01;36m[Knote: [m[Kcandidate: ‘[01m[Ktemplate<class _Tp> std::enable_if_t<((__exactly_once<std::variant<_Types>::__accepted_type<_Tp&&, typename std::enable_if<__not_self<_Tp&&>, void>::type> > && is_constructible_v<std::variant<_Types>::__accepted_type<_Tp&&, typename std::enable_if<__not_self<_Tp&&>, void>::type>, _Tp>) && is_assignable_v<std::variant<_Types>::__accepted_type<_Tp&&, typename std::enable_if<__not_self<_Tp&&>, void>::type>&, _Tp>), std::variant<_Types>&> std::variant<_Types>::operator=(_Tp&&) [with _Tp = _Tp; _Types = {std::monostate, std::function<void(std::shared_ptr<mecha_control::srv::MechCmd_Request_<std::allocator<void> > >, std::shared_ptr<mecha_control::srv::MechCmd_Response_<std::allocator<void> > >)>, std::function<void(std::shared_ptr<rmw_request_id_s>, std::shared_ptr<mecha_control::srv::MechCmd_Request_<std::allocator<void> > >, std::shared_ptr<mecha_control::srv::MechCmd_Response_<std::allocator<void> > >)>, std::function<void(std::shared_ptr<rmw_request_id_s>, std::shared_ptr<mecha_control::srv::MechCmd_Request_<std::allocator<void> > >)>, std::function<void(std::shared_ptr<rclcpp::Service<mecha_control::srv::MechCmd> >, std::shared_ptr<rmw_request_id_s>, std::shared_ptr<mecha_control::srv::MechCmd_Request_<std::allocator<void> > >)>}][m[K’
[1.651s]  1477 |         [01;36m[Koperator[m[K=(_Tp&& __rhs)
[1.652s]       |         [01;36m[K^~~~~~~~[m[K
[1.652s] [01m[K/usr/include/c++/11/variant:1477:9:[m[K [01;36m[Knote: [m[K  template argument deduction/substitution failed:
[1.652s] /usr/include/c++/11/variant: In substitution of ‘[01m[Ktemplate<class ... _Types> template<class _Tp, class> using __accepted_type = std::variant<_Types>::__to_type<__accepted_index<_Tp> > [with _Tp = void (mech_seq_node::*&&)(std::shared_ptr<mecha_control::srv::MechCmd_Request_<std::allocator<void> > >, std::shared_ptr<mecha_control::srv::MechCmd_Response_<std::allocator<void> > >) const; <template-parameter-2-2> = void; _Types = {std::monostate, std::function<void(std::shared_ptr<mecha_control::srv::MechCmd_Request_<std::allocator<void> > >, std::shared_ptr<mecha_control::srv::MechCmd_Response_<std::allocator<void> > >)>, std::function<void(std::shared_ptr<rmw_request_id_s>, std::shared_ptr<mecha_control::srv::MechCmd_Request_<std::allocator<void> > >, std::shared_ptr<mecha_control::srv::MechCmd_Response_<std::allocator<void> > >)>, std::function<void(std::shared_ptr<rmw_request_id_s>, std::shared_ptr<mecha_control::srv::MechCmd_Request_<std::allocator<void> > >)>, std::function<void(std::shared_ptr<rclcpp::Service<mecha_control::srv::MechCmd> >, std::shared_ptr<rmw_request_id_s>, std::shared_ptr<mecha_control::srv::MechCmd_Request_<std::allocator<void> > >)>}][m[K’:
[1.652s] [01m[K/usr/include/c++/11/variant:1473:14:[m[K   required by substitution of ‘[01m[Ktemplate<class _Tp> std::enable_if_t<((__exactly_once<std::variant<std::monostate, std::function<void(std::shared_ptr<mecha_control::srv::MechCmd_Request_<std::allocator<void> > >, std::shared_ptr<mecha_control::srv::MechCmd_Response_<std::allocator<void> > >)>, std::function<void(std::shared_ptr<rmw_request_id_s>, std::shared_ptr<mecha_control::srv::MechCmd_Request_<std::allocator<void> > >, std::shared_ptr<mecha_control::srv::MechCmd_Response_<std::allocator<void> > >)>, std::function<void(std::shared_ptr<rmw_request_id_s>, std::shared_ptr<mecha_control::srv::MechCmd_Request_<std::allocator<void> > >)>, std::function<void(std::shared_ptr<rclcpp::Service<mecha_control::srv::MechCmd> >, std::shared_ptr<rmw_request_id_s>, std::shared_ptr<mecha_control::srv::MechCmd_Request_<std::allocator<void> > >)> >::__accepted_type<_Tp&&, typename std::enable_if<__not_self<_Tp&&>, void>::type> > && is_constructible_v<std::variant<std::monostate, std::function<void(std::shared_ptr<mecha_control::srv::MechCmd_Request_<std::allocator<void> > >, std::shared_ptr<mecha_control::srv::MechCmd_Response_<std::allocator<void> > >)>, std::function<void(std::shared_ptr<rmw_request_id_s>, std::shared_ptr<mecha_control::srv::MechCmd_Request_<std::allocator<void> > >, std::shared_ptr<mecha_control::srv::MechCmd_Response_<std::allocator<void> > >)>, std::function<void(std::shared_ptr<rmw_request_id_s>, std::shared_ptr<mecha_control::srv::MechCmd_Request_<std::allocator<void> > >)>, std::function<void(std::shared_ptr<rclcpp::Service<mecha_control::srv::MechCmd> >, std::shared_ptr<rmw_request_id_s>, std::shared_ptr<mecha_control::srv::MechCmd_Request_<std::allocator<void> > >)> >::__accepted_type<_Tp&&, typename std::enable_if<__not_self<_Tp&&>, void>::type>, _Tp>) && is_assignable_v<std::variant<std::monostate, std::function<void(std::shared_ptr<mecha_control::srv::MechCmd_Request_<std::allocator<void> > >, std::shared_ptr<mecha_control::srv::MechCmd_Response_<std::allocator<void> > >)>, std::function<void(std::shared_ptr<rmw_request_id_s>, std::shared_ptr<mecha_control::srv::MechCmd_Request_<std::allocator<void> > >, std::shared_ptr<mecha_control::srv::MechCmd_Response_<std::allocator<void> > >)>, std::function<void(std::shared_ptr<rmw_request_id_s>, std::shared_ptr<mecha_control::srv::MechCmd_Request_<std::allocator<void> > >)>, std::function<void(std::shared_ptr<rclcpp::Service<mecha_control::srv::MechCmd> >, std::shared_ptr<rmw_request_id_s>, std::shared_ptr<mecha_control::srv::MechCmd_Request_<std::allocator<void> > >)> >::__accepted_type<_Tp&&, typename std::enable_if<__not_self<_Tp&&>, void>::type>&, _Tp>), std::variant<std::monostate, std::function<void(std::shared_ptr<mecha_control::srv::MechCmd_Request_<std::allocator<void> > >, std::shared_ptr<mecha_control::srv::MechCmd_Response_<std::allocator<void> > >)>, std::function<void(std::shared_ptr<rmw_request_id_s>, std::shared_ptr<mecha_control::srv::MechCmd_Request_<std::allocator<void> > >, std::shared_ptr<mecha_control::srv::MechCmd_Response_<std::allocator<void> > >)>, std::function<void(std::shared_ptr<rmw_request_id_s>, std::shared_ptr<mecha_control::srv::MechCmd_Request_<std::allocator<void> > >)>, std::function<void(std::shared_ptr<rclcpp::Service<mecha_control::srv::MechCmd> >, std::shared_ptr<rmw_request_id_s>, std::shared_ptr<mecha_control::srv::MechCmd_Request_<std::allocator<void> > >)> >&> std::variant<std::monostate, std::function<void(std::shared_ptr<mecha_control::srv::MechCmd_Request_<std::allocator<void> > >, std::shared_ptr<mecha_control::srv::MechCmd_Response_<std::allocator<void> > >)>, std::function<void(std::shared_ptr<rmw_request_id_s>, std::shared_ptr<mecha_control::srv::MechCmd_Request_<std::allocator<void> > >, std::shared_ptr<mecha_control::srv::MechCmd_Response_<std::allocator<void> > >)>, std::function<void(std::shared_ptr<rmw_request_id_s>, std::shared_ptr<mecha_control::srv::MechCmd_Request_<std::allocator<void> > >)>, std::function<void(std::shared_ptr<rclcpp::Service<mecha_control::srv::MechCmd> >, std::shared_ptr<rmw_request_id_s>, std::shared_ptr<mecha_control::srv::MechCmd_Request_<std::allocator<void> > >)> >::operator=<_Tp>(_Tp&&) [with _Tp = void (mech_seq_node::*)(std::shared_ptr<mecha_control::srv::MechCmd_Request_<std::allocator<void> > >, std::shared_ptr<mecha_control::srv::MechCmd_Response_<std::allocator<void> > >) const][m[K’
[1.652s] [01m[K/opt/ros/humble/include/rclcpp/rclcpp/any_service_callback.hpp:148:17:[m[K   required from ‘[01m[Kvoid rclcpp::AnyServiceCallback<ServiceT>::set(CallbackT&&) [with CallbackT = void (mech_seq_node::*)(std::shared_ptr<mecha_control::srv::MechCmd_Request_<std::allocator<void> > >, std::shared_ptr<mecha_control::srv::MechCmd_Response_<std::allocator<void> > >) const; typename std::enable_if<rclcpp::detail::can_be_nullptr<CallbackT>::value, int>::type <anonymous> = 0; ServiceT = mecha_control::srv::MechCmd][m[K’
[1.652s] [01m[K/opt/ros/humble/include/rclcpp/rclcpp/create_service.hpp:43:27:[m[K   required from ‘[01m[Ktypename rclcpp::Service<ServiceT>::SharedPtr rclcpp::create_service(std::shared_ptr<rclcpp::node_interfaces::NodeBaseInterface>, std::shared_ptr<rclcpp::node_interfaces::NodeServicesInterface>, const string&, CallbackT&&, const rmw_qos_profile_t&, rclcpp::CallbackGroup::SharedPtr) [with ServiceT = mecha_control::srv::MechCmd; CallbackT = void (mech_seq_node::*)(std::shared_ptr<mecha_control::srv::MechCmd_Request_<std::allocator<void> > >, std::shared_ptr<mecha_control::srv::MechCmd_Response_<std::allocator<void> > >) const; typename rclcpp::Service<ServiceT>::SharedPtr = std::shared_ptr<rclcpp::Service<mecha_control::srv::MechCmd> >; std::string = std::__cxx11::basic_string<char>; rmw_qos_profile_t = rmw_qos_profile_s; rclcpp::CallbackGroup::SharedPtr = std::shared_ptr<rclcpp::CallbackGroup>][m[K’
[1.652s] [01m[K/opt/ros/humble/include/rclcpp/rclcpp/node_impl.hpp:147:53:[m[K   required from ‘[01m[Ktypename rclcpp::Service<ServiceT>::SharedPtr rclcpp::Node::create_service(const string&, CallbackT&&, const rmw_qos_profile_t&, rclcpp::CallbackGroup::SharedPtr) [with ServiceT = mecha_control::srv::MechCmd; CallbackT = void (mech_seq_node::*)(std::shared_ptr<mecha_control::srv::MechCmd_Request_<std::allocator<void> > >, std::shared_ptr<mecha_control::srv::MechCmd_Response_<std::allocator<void> > >) const; typename rclcpp::Service<ServiceT>::SharedPtr = std::shared_ptr<rclcpp::Service<mecha_control::srv::MechCmd> >; std::string = std::__cxx11::basic_string<char>; rmw_qos_profile_t = rmw_qos_profile_s; rclcpp::CallbackGroup::SharedPtr = std::shared_ptr<rclcpp::CallbackGroup>][m[K’
[1.652s] [01m[K/ROS_ws/src/mecha_control/src/cmd_seq.cpp:10:74:[m[K   required from here
[1.652s] [01m[K/usr/include/c++/11/variant:1391:15:[m[K [01;31m[Kerror: [m[Kno type named ‘[01m[Ktype[m[K’ in ‘[01m[Kstruct std::enable_if<false, void>[m[K’
[1.652s]  1391 |         using [01;31m[K__accepted_type[m[K = __to_type<__accepted_index<_Tp>>;
[1.652s]       |               [01;31m[K^~~~~~~~~~~~~~~[m[K
[1.652s] /opt/ros/humble/include/rclcpp/rclcpp/any_service_callback.hpp: In instantiation of ‘[01m[Kvoid rclcpp::AnyServiceCallback<ServiceT>::set(CallbackT&&) [with CallbackT = void (mech_seq_node::*)(std::shared_ptr<mecha_control::srv::MechCmd_Request_<std::allocator<void> > >, std::shared_ptr<mecha_control::srv::MechCmd_Response_<std::allocator<void> > >) const; typename std::enable_if<rclcpp::detail::can_be_nullptr<CallbackT>::value, int>::type <anonymous> = 0; ServiceT = mecha_control::srv::MechCmd][m[K’:
[1.652s] [01m[K/opt/ros/humble/include/rclcpp/rclcpp/create_service.hpp:43:27:[m[K   required from ‘[01m[Ktypename rclcpp::Service<ServiceT>::SharedPtr rclcpp::create_service(std::shared_ptr<rclcpp::node_interfaces::NodeBaseInterface>, std::shared_ptr<rclcpp::node_interfaces::NodeServicesInterface>, const string&, CallbackT&&, const rmw_qos_profile_t&, rclcpp::CallbackGroup::SharedPtr) [with ServiceT = mecha_control::srv::MechCmd; CallbackT = void (mech_seq_node::*)(std::shared_ptr<mecha_control::srv::MechCmd_Request_<std::allocator<void> > >, std::shared_ptr<mecha_control::srv::MechCmd_Response_<std::allocator<void> > >) const; typename rclcpp::Service<ServiceT>::SharedPtr = std::shared_ptr<rclcpp::Service<mecha_control::srv::MechCmd> >; std::string = std::__cxx11::basic_string<char>; rmw_qos_profile_t = rmw_qos_profile_s; rclcpp::CallbackGroup::SharedPtr = std::shared_ptr<rclcpp::CallbackGroup>][m[K’
[1.652s] [01m[K/opt/ros/humble/include/rclcpp/rclcpp/node_impl.hpp:147:53:[m[K   required from ‘[01m[Ktypename rclcpp::Service<ServiceT>::SharedPtr rclcpp::Node::create_service(const string&, CallbackT&&, const rmw_qos_profile_t&, rclcpp::CallbackGroup::SharedPtr) [with ServiceT = mecha_control::srv::MechCmd; CallbackT = void (mech_seq_node::*)(std::shared_ptr<mecha_control::srv::MechCmd_Request_<std::allocator<void> > >, std::shared_ptr<mecha_control::srv::MechCmd_Response_<std::allocator<void> > >) const; typename rclcpp::Service<ServiceT>::SharedPtr = std::shared_ptr<rclcpp::Service<mecha_control::srv::MechCmd> >; std::string = std::__cxx11::basic_string<char>; rmw_qos_profile_t = rmw_qos_profile_s; rclcpp::CallbackGroup::SharedPtr = std::shared_ptr<rclcpp::CallbackGroup>][m[K’
[1.652s] [01m[K/ROS_ws/src/mecha_control/src/cmd_seq.cpp:10:74:[m[K   required from here
[1.652s] [01m[K/usr/include/c++/11/variant:1414:16:[m[K [01;36m[Knote: [m[Kcandidate: ‘[01m[Kstd::variant<_Types>& std::variant<_Types>::operator=(const std::variant<_Types>&) [with _Types = {std::monostate, std::function<void(std::shared_ptr<mecha_control::srv::MechCmd_Request_<std::allocator<void> > >, std::shared_ptr<mecha_control::srv::MechCmd_Response_<std::allocator<void> > >)>, std::function<void(std::shared_ptr<rmw_request_id_s>, std::shared_ptr<mecha_control::srv::MechCmd_Request_<std::allocator<void> > >, std::shared_ptr<mecha_control::srv::MechCmd_Response_<std::allocator<void> > >)>, std::function<void(std::shared_ptr<rmw_request_id_s>, std::shared_ptr<mecha_control::srv::MechCmd_Request_<std::allocator<void> > >)>, std::function<void(std::shared_ptr<rclcpp::Service<mecha_control::srv::MechCmd> >, std::shared_ptr<rmw_request_id_s>, std::shared_ptr<mecha_control::srv::MechCmd_Request_<std::allocator<void> > >)>}][m[K’
[1.652s]  1414 |       variant& [01;36m[Koperator[m[K=(const variant&) = default;
[1.652s]       |                [01;36m[K^~~~~~~~[m[K
[1.652s] [01m[K/usr/include/c++/11/variant:1414:26:[m[K [01;36m[Knote: [m[K  no known conversion for argument 1 from ‘[01m[Kvoid (mech_seq_node::*)(std::shared_ptr<mecha_control::srv::MechCmd_Request_<std::allocator<void> > >, std::shared_ptr<mecha_control::srv::MechCmd_Response_<std::allocator<void> > >) const[m[K’ to ‘[01m[Kconst std::variant<std::monostate, std::function<void(std::shared_ptr<mecha_control::srv::MechCmd_Request_<std::allocator<void> > >, std::shared_ptr<mecha_control::srv::MechCmd_Response_<std::allocator<void> > >)>, std::function<void(std::shared_ptr<rmw_request_id_s>, std::shared_ptr<mecha_control::srv::MechCmd_Request_<std::allocator<void> > >, std::shared_ptr<mecha_control::srv::MechCmd_Response_<std::allocator<void> > >)>, std::function<void(std::shared_ptr<rmw_request_id_s>, std::shared_ptr<mecha_control::srv::MechCmd_Request_<std::allocator<void> > >)>, std::function<void(std::shared_ptr<rclcpp::Service<mecha_control::srv::MechCmd> >, std::shared_ptr<rmw_request_id_s>, std::shared_ptr<mecha_control::srv::MechCmd_Request_<std::allocator<void> > >)> >&[m[K’
[1.653s]  1414 |       variant& operator=([01;36m[Kconst variant&[m[K) = default;
[1.653s]       |                          [01;36m[K^~~~~~~~~~~~~~[m[K
[1.653s] [01m[K/usr/include/c++/11/variant:1415:16:[m[K [01;36m[Knote: [m[Kcandidate: ‘[01m[Kstd::variant<_Types>& std::variant<_Types>::operator=(std::variant<_Types>&&) [with _Types = {std::monostate, std::function<void(std::shared_ptr<mecha_control::srv::MechCmd_Request_<std::allocator<void> > >, std::shared_ptr<mecha_control::srv::MechCmd_Response_<std::allocator<void> > >)>, std::function<void(std::shared_ptr<rmw_request_id_s>, std::shared_ptr<mecha_control::srv::MechCmd_Request_<std::allocator<void> > >, std::shared_ptr<mecha_control::srv::MechCmd_Response_<std::allocator<void> > >)>, std::function<void(std::shared_ptr<rmw_request_id_s>, std::shared_ptr<mecha_control::srv::MechCmd_Request_<std::allocator<void> > >)>, std::function<void(std::shared_ptr<rclcpp::Service<mecha_control::srv::MechCmd> >, std::shared_ptr<rmw_request_id_s>, std::shared_ptr<mecha_control::srv::MechCmd_Request_<std::allocator<void> > >)>}][m[K’
[1.653s]  1415 |       variant& [01;36m[Koperator[m[K=(variant&&) = default;
[1.653s]       |                [01;36m[K^~~~~~~~[m[K
[1.653s] [01m[K/usr/include/c++/11/variant:1415:26:[m[K [01;36m[Knote: [m[K  no known conversion for argument 1 from ‘[01m[Kvoid (mech_seq_node::*)(std::shared_ptr<mecha_control::srv::MechCmd_Request_<std::allocator<void> > >, std::shared_ptr<mecha_control::srv::MechCmd_Response_<std::allocator<void> > >) const[m[K’ to ‘[01m[Kstd::variant<std::monostate, std::function<void(std::shared_ptr<mecha_control::srv::MechCmd_Request_<std::allocator<void> > >, std::shared_ptr<mecha_control::srv::MechCmd_Response_<std::allocator<void> > >)>, std::function<void(std::shared_ptr<rmw_request_id_s>, std::shared_ptr<mecha_control::srv::MechCmd_Request_<std::allocator<void> > >, std::shared_ptr<mecha_control::srv::MechCmd_Response_<std::allocator<void> > >)>, std::function<void(std::shared_ptr<rmw_request_id_s>, std::shared_ptr<mecha_control::srv::MechCmd_Request_<std::allocator<void> > >)>, std::function<void(std::shared_ptr<rclcpp::Service<mecha_control::srv::MechCmd> >, std::shared_ptr<rmw_request_id_s>, std::shared_ptr<mecha_control::srv::MechCmd_Request_<std::allocator<void> > >)> >&&[m[K’
[1.653s]  1415 |       variant& operator=([01;36m[Kvariant&&[m[K) = default;
[1.653s]       |                          [01;36m[K^~~~~~~~~[m[K
[1.819s] gmake[2]: *** [CMakeFiles/cmd_seq.dir/build.make:76: CMakeFiles/cmd_seq.dir/src/cmd_seq.cpp.o] Error 1
[1.819s] gmake[1]: *** [CMakeFiles/Makefile2:595: CMakeFiles/cmd_seq.dir/all] Error 2
[1.819s] gmake: *** [Makefile:146: all] Error 2
[1.820s] Invoked command in '/ROS_ws/build/mecha_control' returned '2': CMAKE_PREFIX_PATH=${CMAKE_PREFIX_PATH}:/opt/ros/humble /usr/bin/cmake --build /ROS_ws/build/mecha_control -- -j12 -l12
