[35m[1mConsolidate compiler generated dependencies of target mecha_control__rosidl_generator_c[0m
[  1%] Built target mecha_control__cpp
[ 12%] Built target mecha_control__rosidl_generator_c
[35m[1mConsolidate compiler generated dependencies of target mecha_control__rosidl_typesupport_cpp[0m
[ 12%] Built target ament_cmake_python_copy_mecha_control
[35m[1mConsolidate compiler generated dependencies of target mecha_control__rosidl_typesupport_introspection_cpp[0m
[35m[1mConsolidate compiler generated dependencies of target mecha_control__rosidl_typesupport_fastrtps_cpp[0m
[35m[1mConsolidate compiler generated dependencies of target mecha_control__rosidl_typesupport_fastrtps_c[0m
[35m[1mConsolidate compiler generated dependencies of target mecha_control__rosidl_typesupport_c[0m
[35m[1mConsolidate compiler generated dependencies of target mecha_control__rosidl_typesupport_introspection_c[0m
[ 23%] Built target mecha_control__rosidl_typesupport_c
[ 36%] Built target mecha_control__rosidl_typesupport_cpp
[ 46%] Built target mecha_control__rosidl_typesupport_introspection_c
[ 78%] Built target mecha_control__rosidl_typesupport_fastrtps_cpp
[ 78%] Built target mecha_control__rosidl_typesupport_introspection_cpp
[ 80%] Built target mecha_control__rosidl_typesupport_fastrtps_c
[35m[1mConsolidate compiler generated dependencies of target cmd_seq[0m
[ 80%] Built target mecha_control
[ 81%] [32mBuilding CXX object CMakeFiles/cmd_seq.dir/src/cmd_seq.cpp.o[0m
[ 82%] Built target mecha_control__py
[35m[1mConsolidate compiler generated dependencies of target mecha_control__rosidl_generator_py[0m
[ 92%] Built target mecha_control__rosidl_generator_py
[35m[1mConsolidate compiler generated dependencies of target mecha_control__rosidl_typesupport_introspection_c__pyext[0m
[35m[1mConsolidate compiler generated dependencies of target mecha_control__rosidl_typesupport_c__pyext[0m
[35m[1mConsolidate compiler generated dependencies of target mecha_control__rosidl_typesupport_fastrtps_c__pyext[0m
[ 96%] Built target mecha_control__rosidl_typesupport_introspection_c__pyext
[ 96%] Built target mecha_control__rosidl_typesupport_c__pyext
[ 98%] Built target mecha_control__rosidl_typesupport_fastrtps_c__pyext
running egg_info
writing mecha_control.egg-info/PKG-INFO
writing dependency_links to mecha_control.egg-info/dependency_links.txt
writing top-level names to mecha_control.egg-info/top_level.txt
reading manifest file 'mecha_control.egg-info/SOURCES.txt'
writing manifest file 'mecha_control.egg-info/SOURCES.txt'
[ 98%] Built target ament_cmake_python_build_mecha_control_egg
[01m[K/ROS_ws/src/mecha_control/src/cmd_seq.cpp:17:32:[m[K [01;31m[Kerror: [m[K‘[01m[Krclcpp_action[m[K’ does not name a type
   17 |     using GoalHandleDaizaCmd = [01;31m[Krclcpp_action[m[K::ServerGoalHandle<DaizaCmd>;
      |                                [01;31m[K^~~~~~~~~~~~~[m[K
[01m[K/ROS_ws/src/mecha_control/src/cmd_seq.cpp:19:31:[m[K [01;31m[Kerror: [m[K‘[01m[Krclcpp_action[m[K’ does not name a type
   19 |     using GoalHandleHinaCmd = [01;31m[Krclcpp_action[m[K::ServerGoalHandle<HinaCmd>;
      |                               [01;31m[K^~~~~~~~~~~~~[m[K
[01m[K/ROS_ws/src/mecha_control/src/cmd_seq.cpp:44:9:[m[K [01;31m[Kerror: [m[K‘[01m[Kbonbori_service[m[K’ does not name a type
   44 |         [01;31m[Kbonbori_service[m[K = this->create_service<std_srvs::srv::SetBool>(
      |         [01;31m[K^~~~~~~~~~~~~~~[m[K
In file included from [01m[K/opt/ros/humble/include/rclcpp/rclcpp/client.hpp:40[m[K,
                 from [01m[K/opt/ros/humble/include/rclcpp/rclcpp/callback_group.hpp:24[m[K,
                 from [01m[K/opt/ros/humble/include/rclcpp/rclcpp/any_executable.hpp:20[m[K,
                 from [01m[K/opt/ros/humble/include/rclcpp/rclcpp/memory_strategy.hpp:25[m[K,
                 from [01m[K/opt/ros/humble/include/rclcpp/rclcpp/memory_strategies.hpp:18[m[K,
                 from [01m[K/opt/ros/humble/include/rclcpp/rclcpp/executor_options.hpp:20[m[K,
                 from [01m[K/opt/ros/humble/include/rclcpp/rclcpp/executor.hpp:37[m[K,
                 from [01m[K/opt/ros/humble/include/rclcpp/rclcpp/executors/multi_threaded_executor.hpp:25[m[K,
                 from [01m[K/opt/ros/humble/include/rclcpp/rclcpp/executors.hpp:21[m[K,
                 from [01m[K/opt/ros/humble/include/rclcpp/rclcpp/rclcpp.hpp:155[m[K,
                 from [01m[K/ROS_ws/src/mecha_control/src/cmd_seq.cpp:1[m[K:
[01m[K/ROS_ws/src/mecha_control/src/cmd_seq.cpp:46:9:[m[K [01;31m[Kerror: [m[Kexpected unqualified-id before ‘[01m[Kdo[m[K’
   46 |         [01;31m[KRCLCPP_INFO[m[K(this->get_logger(), "node started");
      |         [01;31m[K^~~~~~~~~~~[m[K
[01m[K/ROS_ws/src/mecha_control/src/cmd_seq.cpp:46:9:[m[K [01;31m[Kerror: [m[Kexpected unqualified-id before ‘[01m[Kwhile[m[K’
   46 |         [01;31m[KRCLCPP_INFO[m[K(this->get_logger(), "node started");
      |         [01;31m[K^~~~~~~~~~~[m[K
[01m[K/ROS_ws/src/mecha_control/src/cmd_seq.cpp:47:6:[m[K [01;31m[Kerror: [m[Kexpected ‘[01m[K;[m[K’ after class definition
   47 |     }
      |      [01;31m[K^[m[K
      |      [32m[K;[m[K
[01m[K/ROS_ws/src/mecha_control/src/cmd_seq.cpp:[m[K In constructor ‘[01m[KMechSeqNode::MechSeqNode()[m[K’:
[01m[K/ROS_ws/src/mecha_control/src/cmd_seq.cpp:23:9:[m[K [01;31m[Kerror: [m[K‘[01m[Kdaiza_pub[m[K’ was not declared in this scope
   23 |         [01;31m[Kdaiza_pub[m[K = create_publisher<mecha_control::msg::ActuatorCommands>("daiza_clamp", 10);
      |         [01;31m[K^~~~~~~~~[m[K
[01m[K/ROS_ws/src/mecha_control/src/cmd_seq.cpp:24:9:[m[K [01;31m[Kerror: [m[K‘[01m[Khina_pub[m[K’ was not declared in this scope
   24 |         [01;31m[Khina_pub[m[K = create_publisher<mecha_control::msg::ActuatorCommands>("hina_dastpan", 10);
      |         [01;31m[K^~~~~~~~[m[K
[01m[K/ROS_ws/src/mecha_control/src/cmd_seq.cpp:25:9:[m[K [01;31m[Kerror: [m[K‘[01m[Kdaiza_controller[m[K’ was not declared in this scope
   25 |         [01;31m[Kdaiza_controller[m[K = std::thread(&MechSeqNode::daiza_controll, this);
      |         [01;31m[K^~~~~~~~~~~~~~~~[m[K
[01m[K/ROS_ws/src/mecha_control/src/cmd_seq.cpp:25:54:[m[K [01;31m[Kerror: [m[K‘[01m[Kdaiza_controll[m[K’ is not a member of ‘[01m[KMechSeqNode[m[K’
   25 |         daiza_controller = std::thread(&MechSeqNode::[01;31m[Kdaiza_controll[m[K, this);
      |                                                      [01;31m[K^~~~~~~~~~~~~~[m[K
[01m[K/ROS_ws/src/mecha_control/src/cmd_seq.cpp:28:9:[m[K [01;31m[Kerror: [m[K‘[01m[Kdaiza_sensor_sub[m[K’ was not declared in this scope
   28 |         [01;31m[Kdaiza_sensor_sub[m[K = create_subscription<mecha_control::msg::SensorStates>(
      |         [01;31m[K^~~~~~~~~~~~~~~~[m[K
[01m[K/ROS_ws/src/mecha_control/src/cmd_seq.cpp:29:56:[m[K [01;31m[Kerror: [m[K‘[01m[Kdaiza_sensor_callback[m[K’ is not a member of ‘[01m[KMechSeqNode[m[K’
   29 |             "daiza_state", 10, std::bind(&MechSeqNode::[01;31m[Kdaiza_sensor_callback[m[K, this, std::placeholders::_1));
      |                                                        [01;31m[K^~~~~~~~~~~~~~~~~~~~~[m[K
[01m[K/ROS_ws/src/mecha_control/src/cmd_seq.cpp:30:9:[m[K [01;31m[Kerror: [m[K‘[01m[Khina_sensor_sub[m[K’ was not declared in this scope
   30 |         [01;31m[Khina_sensor_sub[m[K = create_subscription<mecha_control::msg::SensorStates>(
      |         [01;31m[K^~~~~~~~~~~~~~~[m[K
[01m[K/ROS_ws/src/mecha_control/src/cmd_seq.cpp:31:55:[m[K [01;31m[Kerror: [m[K‘[01m[Khina_sensor_callback[m[K’ is not a member of ‘[01m[KMechSeqNode[m[K’
   31 |             "hina_state", 10, std::bind(&MechSeqNode::[01;31m[Khina_sensor_callback[m[K, this, std::placeholders::_1));
      |                                                       [01;31m[K^~~~~~~~~~~~~~~~~~~~[m[K
[01m[K/ROS_ws/src/mecha_control/src/cmd_seq.cpp:37:15:[m[K [01;31m[Kerror: [m[K‘[01m[Kclass MechSeqNode[m[K’ has no member named ‘[01m[Kdaiza_action_server[m[K’
   37 |         this->[01;31m[Kdaiza_action_server[m[K = rclcpp_action::create_server<DaizaCmd>(
      |               [01;31m[K^~~~~~~~~~~~~~~~~~~[m[K
[01m[K/ROS_ws/src/mecha_control/src/cmd_seq.cpp:37:37:[m[K [01;31m[Kerror: [m[K‘[01m[Krclcpp_action[m[K’ has not been declared
   37 |         this->daiza_action_server = [01;31m[Krclcpp_action[m[K::create_server<DaizaCmd>(
      |                                     [01;31m[K^~~~~~~~~~~~~[m[K
[01m[K/ROS_ws/src/mecha_control/src/cmd_seq.cpp:37:74:[m[K [01;31m[Kerror: [m[Kexpected primary-expression before ‘[01m[K>[m[K’ token
   37 |         this->daiza_action_server = rclcpp_action::create_server<DaizaCmd[01;31m[K>[m[K(
      |                                                                          [01;31m[K^[m[K
[01m[K/ROS_ws/src/mecha_control/src/cmd_seq.cpp:38:13:[m[K [01;35m[Kwarning: [m[Kleft operand of comma operator has no effect [[01;35m[K-Wunused-value[m[K]
   38 |             [01;35m[Kthis[m[K,
      |             [01;35m[K^~~~[m[K
[01m[K/ROS_ws/src/mecha_control/src/cmd_seq.cpp:40:37:[m[K [01;31m[Kerror: [m[K‘[01m[Kdaiza_handle_goal[m[K’ is not a member of ‘[01m[KMechSeqNode[m[K’
   40 |             std::bind(&MechSeqNode::[01;31m[Kdaiza_handle_goal[m[K, this, _1, _2),
      |                                     [01;31m[K^~~~~~~~~~~~~~~~~[m[K
[01m[K/ROS_ws/src/mecha_control/src/cmd_seq.cpp:41:37:[m[K [01;31m[Kerror: [m[K‘[01m[Kdaiza_handle_cancel[m[K’ is not a member of ‘[01m[KMechSeqNode[m[K’
   41 |             std::bind(&MechSeqNode::[01;31m[Kdaiza_handle_cancel[m[K, this, _1),
      |                                     [01;31m[K^~~~~~~~~~~~~~~~~~~[m[K
[01m[K/ROS_ws/src/mecha_control/src/cmd_seq.cpp:42:37:[m[K [01;31m[Kerror: [m[K‘[01m[Kdaiza_handle_accepted[m[K’ is not a member of ‘[01m[KMechSeqNode[m[K’
   42 |             std::bind(&MechSeqNode::[01;31m[Kdaiza_handle_accepted[m[K, this, _1));
      |                                     [01;31m[K^~~~~~~~~~~~~~~~~~~~~[m[K
[01m[K/ROS_ws/src/mecha_control/src/cmd_seq.cpp:[m[K At global scope:
[01m[K/ROS_ws/src/mecha_control/src/cmd_seq.cpp:49:1:[m[K [01;31m[Kerror: [m[Kexpected unqualified-id before ‘[01m[Kprivate[m[K’
   49 | [01;31m[Kprivate[m[K:
      | [01;31m[K^~~~~~~[m[K
[01m[K/ROS_ws/src/mecha_control/src/cmd_seq.cpp:74:5:[m[K [01;31m[Kerror: [m[K‘[01m[Krclcpp_action[m[K’ does not name a type
   74 |     [01;31m[Krclcpp_action[m[K::GoalResponse daiza_handle_goal(
      |     [01;31m[K^~~~~~~~~~~~~[m[K
[01m[K/ROS_ws/src/mecha_control/src/cmd_seq.cpp:82:5:[m[K [01;31m[Kerror: [m[K‘[01m[Krclcpp_action[m[K’ does not name a type
   82 |     [01;31m[Krclcpp_action[m[K::CancelResponse daiza_handle_cancel(
      |     [01;31m[K^~~~~~~~~~~~~[m[K
[01m[K/ROS_ws/src/mecha_control/src/cmd_seq.cpp:89:48:[m[K [01;31m[Kerror: [m[K‘[01m[KGoalHandleDaizaCmd[m[K’ was not declared in this scope
   89 |     void handle_accepted(const std::shared_ptr<[01;31m[KGoalHandleDaizaCmd[m[K> goal_handle)
      |                                                [01;31m[K^~~~~~~~~~~~~~~~~~[m[K
[01m[K/ROS_ws/src/mecha_control/src/cmd_seq.cpp:89:66:[m[K [01;31m[Kerror: [m[Ktemplate argument 1 is invalid
   89 |     void handle_accepted(const std::shared_ptr<GoalHandleDaizaCmd[01;31m[K>[m[K goal_handle)
      |                                                                  [01;31m[K^[m[K
[01m[K/ROS_ws/src/mecha_control/src/cmd_seq.cpp:[m[K In function ‘[01m[Kvoid handle_accepted(int)[m[K’:
[01m[K/ROS_ws/src/mecha_control/src/cmd_seq.cpp:93:45:[m[K [01;31m[Kerror: [m[K‘[01m[Kdaiza_cmd_execute[m[K’ is not a member of ‘[01m[KMechSeqNode[m[K’
   93 |         std::thread{std::bind(&MechSeqNode::[01;31m[Kdaiza_cmd_execute[m[K, this, _1), goal_handle}.detach();
      |                                             [01;31m[K^~~~~~~~~~~~~~~~~[m[K
[01m[K/ROS_ws/src/mecha_control/src/cmd_seq.cpp:93:64:[m[K [01;31m[Kerror: [m[Kinvalid use of ‘[01m[Kthis[m[K’ in non-member function
   93 |         std::thread{std::bind(&MechSeqNode::daiza_cmd_execute, [01;31m[Kthis[m[K, _1), goal_handle}.detach();
      |                                                                [01;31m[K^~~~[m[K
[01m[K/ROS_ws/src/mecha_control/src/cmd_seq.cpp:93:86:[m[K [01;31m[Kerror: [m[Kno matching function for call to ‘[01m[Kstd::thread::thread(<brace-enclosed initializer list>)[m[K’
   93 |         std::thread{std::bind(&MechSeqNode::daiza_cmd_execute, this, _1), goal_handle[01;31m[K}[m[K.detach();
      |                                                                                      [01;31m[K^[m[K
In file included from [01m[K/usr/include/c++/11/future:48[m[K,
                 from [01m[K/opt/ros/humble/include/rclcpp/rclcpp/executors.hpp:18[m[K,
                 from [01m[K/opt/ros/humble/include/rclcpp/rclcpp/rclcpp.hpp:155[m[K,
                 from [01m[K/ROS_ws/src/mecha_control/src/cmd_seq.cpp:1[m[K:
[01m[K/usr/include/c++/11/bits/std_thread.h:127:7:[m[K [01;36m[Knote: [m[Kcandidate: ‘[01m[Ktemplate<class _Callable, class ... _Args, class> std::thread::thread(_Callable&&, _Args&& ...)[m[K’
  127 |       [01;36m[Kthread[m[K(_Callable&& __f, _Args&&... __args)
      |       [01;36m[K^~~~~~[m[K
[01m[K/usr/include/c++/11/bits/std_thread.h:127:7:[m[K [01;36m[Knote: [m[K  template argument deduction/substitution failed:
[01m[K/usr/include/c++/11/bits/std_thread.h:157:5:[m[K [01;36m[Knote: [m[Kcandidate: ‘[01m[Kstd::thread::thread(std::thread&&)[m[K’
  157 |     [01;36m[Kthread[m[K(thread&& __t) noexcept
      |     [01;36m[K^~~~~~[m[K
[01m[K/usr/include/c++/11/bits/std_thread.h:157:5:[m[K [01;36m[Knote: [m[K  candidate expects 1 argument, 2 provided
[01m[K/usr/include/c++/11/bits/std_thread.h:121:5:[m[K [01;36m[Knote: [m[Kcandidate: ‘[01m[Kstd::thread::thread()[m[K’
  121 |     [01;36m[Kthread[m[K() noexcept = default;
      |     [01;36m[K^~~~~~[m[K
[01m[K/usr/include/c++/11/bits/std_thread.h:121:5:[m[K [01;36m[Knote: [m[K  candidate expects 0 arguments, 2 provided
[01m[K/ROS_ws/src/mecha_control/src/cmd_seq.cpp:[m[K At global scope:
[01m[K/ROS_ws/src/mecha_control/src/cmd_seq.cpp:95:50:[m[K [01;31m[Kerror: [m[K‘[01m[KGoalHandleDaizaCmd[m[K’ was not declared in this scope
   95 |     void daiza_cmd_execute(const std::shared_ptr<[01;31m[KGoalHandleDaizaCmd[m[K> goal_handle)
      |                                                  [01;31m[K^~~~~~~~~~~~~~~~~~[m[K
[01m[K/ROS_ws/src/mecha_control/src/cmd_seq.cpp:95:68:[m[K [01;31m[Kerror: [m[Ktemplate argument 1 is invalid
   95 |     void daiza_cmd_execute(const std::shared_ptr<GoalHandleDaizaCmd[01;31m[K>[m[K goal_handle)
      |                                                                    [01;31m[K^[m[K
In file included from [01m[K/opt/ros/humble/include/rclcpp/rclcpp/client.hpp:40[m[K,
                 from [01m[K/opt/ros/humble/include/rclcpp/rclcpp/callback_group.hpp:24[m[K,
                 from [01m[K/opt/ros/humble/include/rclcpp/rclcpp/any_executable.hpp:20[m[K,
                 from [01m[K/opt/ros/humble/include/rclcpp/rclcpp/memory_strategy.hpp:25[m[K,
                 from [01m[K/opt/ros/humble/include/rclcpp/rclcpp/memory_strategies.hpp:18[m[K,
                 from [01m[K/opt/ros/humble/include/rclcpp/rclcpp/executor_options.hpp:20[m[K,
                 from [01m[K/opt/ros/humble/include/rclcpp/rclcpp/executor.hpp:37[m[K,
                 from [01m[K/opt/ros/humble/include/rclcpp/rclcpp/executors/multi_threaded_executor.hpp:25[m[K,
                 from [01m[K/opt/ros/humble/include/rclcpp/rclcpp/executors.hpp:21[m[K,
                 from [01m[K/opt/ros/humble/include/rclcpp/rclcpp/rclcpp.hpp:155[m[K,
                 from [01m[K/ROS_ws/src/mecha_control/src/cmd_seq.cpp:1[m[K:
[01m[K/ROS_ws/src/mecha_control/src/cmd_seq.cpp:[m[K In function ‘[01m[Kvoid daiza_cmd_execute(int)[m[K’:
[01m[K/ROS_ws/src/mecha_control/src/cmd_seq.cpp:97:21:[m[K [01;31m[Kerror: [m[Kinvalid use of ‘[01m[Kthis[m[K’ in non-member function
   97 |         RCLCPP_INFO([01;31m[Kthis[m[K->get_logger(), "Executing goal");
      |                     [01;31m[K^~~~[m[K
[01m[K/ROS_ws/src/mecha_control/src/cmd_seq.cpp:97:21:[m[K [01;31m[Kerror: [m[Kinvalid use of ‘[01m[Kthis[m[K’ in non-member function
[01m[K/ROS_ws/src/mecha_control/src/cmd_seq.cpp:97:9:[m[K [01;31m[Kerror: [m[Ktemplate argument 1 is invalid
   97 |         [01;31m[KRCLCPP_INFO[m[K(this->get_logger(), "Executing goal");
      |         [01;31m[K^~~~~~~~~~~[m[K
[01m[K/ROS_ws/src/mecha_control/src/cmd_seq.cpp:97:9:[m[K [01;31m[Kerror: [m[K‘[01m[K<declaration error>[m[K’ is not a template [[01;31m[K-fpermissive[m[K]
   97 |         [01;31m[KRCLCPP_INFO[m[K(this->get_logger(), "Executing goal");
      |         [01;31m[K^~~~~~~~~~~[m[K
[01m[K/ROS_ws/src/mecha_control/src/cmd_seq.cpp:97:9:[m[K [01;31m[Kerror: [m[Ktemplate argument 1 is invalid
   97 |         [01;31m[KRCLCPP_INFO[m[K(this->get_logger(), "Executing goal");
      |         [01;31m[K^~~~~~~~~~~[m[K
[01m[K/ROS_ws/src/mecha_control/src/cmd_seq.cpp:97:9:[m[K [01;31m[Kerror: [m[K‘[01m[K<declaration error>[m[K’ is not a template [[01;31m[K-fpermissive[m[K]
   97 |         [01;31m[KRCLCPP_INFO[m[K(this->get_logger(), "Executing goal");
      |         [01;31m[K^~~~~~~~~~~[m[K
[01m[K/ROS_ws/src/mecha_control/src/cmd_seq.cpp:97:9:[m[K [01;31m[Kerror: [m[Ktemplate argument 1 is invalid
   97 |         [01;31m[KRCLCPP_INFO[m[K(this->get_logger(), "Executing goal");
      |         [01;31m[K^~~~~~~~~~~[m[K
In file included from [01m[K/opt/ros/humble/include/rclcpp/rclcpp/logging.hpp:24[m[K,
                 from [01m[K/opt/ros/humble/include/rclcpp/rclcpp/client.hpp:40[m[K,
                 from [01m[K/opt/ros/humble/include/rclcpp/rclcpp/callback_group.hpp:24[m[K,
                 from [01m[K/opt/ros/humble/include/rclcpp/rclcpp/any_executable.hpp:20[m[K,
                 from [01m[K/opt/ros/humble/include/rclcpp/rclcpp/memory_strategy.hpp:25[m[K,
                 from [01m[K/opt/ros/humble/include/rclcpp/rclcpp/memory_strategies.hpp:18[m[K,
                 from [01m[K/opt/ros/humble/include/rclcpp/rclcpp/executor_options.hpp:20[m[K,
                 from [01m[K/opt/ros/humble/include/rclcpp/rclcpp/executor.hpp:37[m[K,
                 from [01m[K/opt/ros/humble/include/rclcpp/rclcpp/executors/multi_threaded_executor.hpp:25[m[K,
                 from [01m[K/opt/ros/humble/include/rclcpp/rclcpp/executors.hpp:21[m[K,
                 from [01m[K/opt/ros/humble/include/rclcpp/rclcpp/rclcpp.hpp:155[m[K,
                 from [01m[K/ROS_ws/src/mecha_control/src/cmd_seq.cpp:1[m[K:
[01m[K/ROS_ws/src/mecha_control/src/cmd_seq.cpp:97:21:[m[K [01;31m[Kerror: [m[Kinvalid use of ‘[01m[Kthis[m[K’ in non-member function
   97 |         RCLCPP_INFO([01;31m[Kthis[m[K->get_logger(), "Executing goal");
      |                     [01;31m[K^~~~[m[K
[01m[K/ROS_ws/src/mecha_control/src/cmd_seq.cpp:97:21:[m[K [01;31m[Kerror: [m[Kinvalid use of ‘[01m[Kthis[m[K’ in non-member function
   97 |         RCLCPP_INFO([01;31m[Kthis[m[K->get_logger(), "Executing goal");
      |                     [01;31m[K^~~~[m[K
[01m[K/ROS_ws/src/mecha_control/src/cmd_seq.cpp:99:38:[m[K [01;31m[Kerror: [m[Kbase operand of ‘[01m[K->[m[K’ is not a pointer
   99 |         const auto goal = goal_handle[01;31m[K->[m[Kget_goal();
      |                                      [01;31m[K^~[m[K
[01m[K/ROS_ws/src/mecha_control/src/cmd_seq.cpp:100:42:[m[K [01;31m[Kerror: [m[K‘[01m[KDaizaCmd[m[K’ was not declared in this scope; did you mean ‘[01m[Kmecha_control::action::DaizaCmd[m[K’?
  100 |         auto feedback = std::make_shared<[01;31m[KDaizaCmd[m[K::Feedback>();
      |                                          [01;31m[K^~~~~~~~[m[K
      |                                          [32m[Kmecha_control::action::DaizaCmd[m[K
In file included from [01m[K/ROS_ws/build/mecha_control/rosidl_generator_cpp/mecha_control/action/daiza_cmd.hpp:7[m[K,
                 from [01m[K/ROS_ws/src/mecha_control/src/cmd_seq.cpp:4[m[K:
[01m[K/ROS_ws/build/mecha_control/rosidl_generator_cpp/mecha_control/action/detail/daiza_cmd__struct.hpp:1141:25:[m[K [01;36m[Knote: [m[K‘[01m[Kmecha_control::action::DaizaCmd[m[K’ declared here
 1141 | typedef struct DaizaCmd [01;36m[KDaizaCmd[m[K;
      |                         [01;36m[K^~~~~~~~[m[K
[01m[K/ROS_ws/src/mecha_control/src/cmd_seq.cpp:100:30:[m[K [01;31m[Kerror: [m[Kparse error in template argument list
  100 |         auto feedback = std::[01;31m[Kmake_shared<DaizaCmd::Feedback>[m[K();
      |                              [01;31m[K^~~~~~~~~~~~~~~~~~~~~~~~~~~~~~~[m[K
[01m[K/ROS_ws/src/mecha_control/src/cmd_seq.cpp:100:61:[m[K [01;31m[Kerror: [m[Kno matching function for call to ‘[01m[Kmake_shared<<expression error> >()[m[K’
  100 |         auto feedback = [01;31m[Kstd::make_shared<DaizaCmd::Feedback>()[m[K;
      |                         [01;31m[K~~~~~~~~~~~~~~~~~~~~~~~~~~~~~~~~~~~~^~[m[K
In file included from [01m[K/usr/include/c++/11/memory:77[m[K,
                 from [01m[K/opt/ros/humble/include/rclcpp/rclcpp/rclcpp.hpp:153[m[K,
                 from [01m[K/ROS_ws/src/mecha_control/src/cmd_seq.cpp:1[m[K:
[01m[K/usr/include/c++/11/bits/shared_ptr.h:875:5:[m[K [01;36m[Knote: [m[Kcandidate: ‘[01m[Ktemplate<class _Tp, class ... _Args> std::shared_ptr<_Tp> std::make_shared(_Args&& ...)[m[K’
  875 |     [01;36m[Kmake_shared[m[K(_Args&&... __args)
      |     [01;36m[K^~~~~~~~~~~[m[K
[01m[K/usr/include/c++/11/bits/shared_ptr.h:875:5:[m[K [01;36m[Knote: [m[K  template argument deduction/substitution failed:
[01m[K/ROS_ws/src/mecha_control/src/cmd_seq.cpp:100:61:[m[K [01;31m[Kerror: [m[Ktemplate argument 1 is invalid
  100 |         auto feedback = [01;31m[Kstd::make_shared<DaizaCmd::Feedback>()[m[K;
      |                         [01;31m[K~~~~~~~~~~~~~~~~~~~~~~~~~~~~~~~~~~~~^~[m[K
[01m[K/ROS_ws/src/mecha_control/src/cmd_seq.cpp:101:28:[m[K [01;31m[Kerror: [m[Kparse error in template argument list
  101 |         auto result = std::[01;31m[Kmake_shared<DaizaCmd::Result>[m[K();
      |                            [01;31m[K^~~~~~~~~~~~~~~~~~~~~~~~~~~~~[m[K
[01m[K/ROS_ws/src/mecha_control/src/cmd_seq.cpp:101:57:[m[K [01;31m[Kerror: [m[Kno matching function for call to ‘[01m[Kmake_shared<DaizaCmd>()[m[K’
  101 |         auto result = [01;31m[Kstd::make_shared<DaizaCmd::Result>()[m[K;
      |                       [01;31m[K~~~~~~~~~~~~~~~~~~~~~~~~~~~~~~~~~~^~[m[K
In file included from [01m[K/usr/include/c++/11/memory:77[m[K,
                 from [01m[K/opt/ros/humble/include/rclcpp/rclcpp/rclcpp.hpp:153[m[K,
                 from [01m[K/ROS_ws/src/mecha_control/src/cmd_seq.cpp:1[m[K:
[01m[K/usr/include/c++/11/bits/shared_ptr.h:875:5:[m[K [01;36m[Knote: [m[Kcandidate: ‘[01m[Ktemplate<class _Tp, class ... _Args> std::shared_ptr<_Tp> std::make_shared(_Args&& ...)[m[K’
  875 |     [01;36m[Kmake_shared[m[K(_Args&&... __args)
      |     [01;36m[K^~~~~~~~~~~[m[K
[01m[K/usr/include/c++/11/bits/shared_ptr.h:875:5:[m[K [01;36m[Knote: [m[K  template argument deduction/substitution failed:
[01m[K/ROS_ws/src/mecha_control/src/cmd_seq.cpp:105:28:[m[K [01;31m[Kerror: [m[Kbase operand of ‘[01m[K->[m[K’ is not a pointer
  105 |             if (goal_handle[01;31m[K->[m[Kis_canceling()) {
      |                            [01;31m[K^~[m[K
[01m[K/ROS_ws/src/mecha_control/src/cmd_seq.cpp:107:28:[m[K [01;31m[Kerror: [m[Kbase operand of ‘[01m[K->[m[K’ is not a pointer
  107 |                 goal_handle[01;31m[K->[m[Kcanceled(result);
      |                            [01;31m[K^~[m[K
In file included from [01m[K/opt/ros/humble/include/rclcpp/rclcpp/client.hpp:40[m[K,
                 from [01m[K/opt/ros/humble/include/rclcpp/rclcpp/callback_group.hpp:24[m[K,
                 from [01m[K/opt/ros/humble/include/rclcpp/rclcpp/any_executable.hpp:20[m[K,
                 from [01m[K/opt/ros/humble/include/rclcpp/rclcpp/memory_strategy.hpp:25[m[K,
                 from [01m[K/opt/ros/humble/include/rclcpp/rclcpp/memory_strategies.hpp:18[m[K,
                 from [01m[K/opt/ros/humble/include/rclcpp/rclcpp/executor_options.hpp:20[m[K,
                 from [01m[K/opt/ros/humble/include/rclcpp/rclcpp/executor.hpp:37[m[K,
                 from [01m[K/opt/ros/humble/include/rclcpp/rclcpp/executors/multi_threaded_executor.hpp:25[m[K,
                 from [01m[K/opt/ros/humble/include/rclcpp/rclcpp/executors.hpp:21[m[K,
                 from [01m[K/opt/ros/humble/include/rclcpp/rclcpp/rclcpp.hpp:155[m[K,
                 from [01m[K/ROS_ws/src/mecha_control/src/cmd_seq.cpp:1[m[K:
[01m[K/ROS_ws/src/mecha_control/src/cmd_seq.cpp:108:29:[m[K [01;31m[Kerror: [m[Kinvalid use of ‘[01m[Kthis[m[K’ in non-member function
  108 |                 RCLCPP_INFO([01;31m[Kthis[m[K->get_logger(), "Goal canceled");
      |                             [01;31m[K^~~~[m[K
[01m[K/ROS_ws/src/mecha_control/src/cmd_seq.cpp:108:29:[m[K [01;31m[Kerror: [m[Kinvalid use of ‘[01m[Kthis[m[K’ in non-member function
[01m[K/ROS_ws/src/mecha_control/src/cmd_seq.cpp:108:17:[m[K [01;31m[Kerror: [m[Ktemplate argument 1 is invalid
  108 |                 [01;31m[KRCLCPP_INFO[m[K(this->get_logger(), "Goal canceled");
      |                 [01;31m[K^~~~~~~~~~~[m[K
[01m[K/ROS_ws/src/mecha_control/src/cmd_seq.cpp:108:17:[m[K [01;31m[Kerror: [m[K‘[01m[K<declaration error>[m[K’ is not a template [[01;31m[K-fpermissive[m[K]
  108 |                 [01;31m[KRCLCPP_INFO[m[K(this->get_logger(), "Goal canceled");
      |                 [01;31m[K^~~~~~~~~~~[m[K
[01m[K/ROS_ws/src/mecha_control/src/cmd_seq.cpp:108:17:[m[K [01;31m[Kerror: [m[Ktemplate argument 1 is invalid
  108 |                 [01;31m[KRCLCPP_INFO[m[K(this->get_logger(), "Goal canceled");
      |                 [01;31m[K^~~~~~~~~~~[m[K
[01m[K/ROS_ws/src/mecha_control/src/cmd_seq.cpp:108:17:[m[K [01;31m[Kerror: [m[K‘[01m[K<declaration error>[m[K’ is not a template [[01;31m[K-fpermissive[m[K]
  108 |                 [01;31m[KRCLCPP_INFO[m[K(this->get_logger(), "Goal canceled");
      |                 [01;31m[K^~~~~~~~~~~[m[K
[01m[K/ROS_ws/src/mecha_control/src/cmd_seq.cpp:108:17:[m[K [01;31m[Kerror: [m[Ktemplate argument 1 is invalid
  108 |                 [01;31m[KRCLCPP_INFO[m[K(this->get_logger(), "Goal canceled");
      |                 [01;31m[K^~~~~~~~~~~[m[K
In file included from [01m[K/opt/ros/humble/include/rclcpp/rclcpp/logging.hpp:24[m[K,
                 from [01m[K/opt/ros/humble/include/rclcpp/rclcpp/client.hpp:40[m[K,
                 from [01m[K/opt/ros/humble/include/rclcpp/rclcpp/callback_group.hpp:24[m[K,
                 from [01m[K/opt/ros/humble/include/rclcpp/rclcpp/any_executable.hpp:20[m[K,
                 from [01m[K/opt/ros/humble/include/rclcpp/rclcpp/memory_strategy.hpp:25[m[K,
                 from [01m[K/opt/ros/humble/include/rclcpp/rclcpp/memory_strategies.hpp:18[m[K,
                 from [01m[K/opt/ros/humble/include/rclcpp/rclcpp/executor_options.hpp:20[m[K,
                 from [01m[K/opt/ros/humble/include/rclcpp/rclcpp/executor.hpp:37[m[K,
                 from [01m[K/opt/ros/humble/include/rclcpp/rclcpp/executors/multi_threaded_executor.hpp:25[m[K,
                 from [01m[K/opt/ros/humble/include/rclcpp/rclcpp/executors.hpp:21[m[K,
                 from [01m[K/opt/ros/humble/include/rclcpp/rclcpp/rclcpp.hpp:155[m[K,
                 from [01m[K/ROS_ws/src/mecha_control/src/cmd_seq.cpp:1[m[K:
[01m[K/ROS_ws/src/mecha_control/src/cmd_seq.cpp:108:29:[m[K [01;31m[Kerror: [m[Kinvalid use of ‘[01m[Kthis[m[K’ in non-member function
  108 |                 RCLCPP_INFO([01;31m[Kthis[m[K->get_logger(), "Goal canceled");
      |                             [01;31m[K^~~~[m[K
[01m[K/ROS_ws/src/mecha_control/src/cmd_seq.cpp:108:29:[m[K [01;31m[Kerror: [m[Kinvalid use of ‘[01m[Kthis[m[K’ in non-member function
  108 |                 RCLCPP_INFO([01;31m[Kthis[m[K->get_logger(), "Goal canceled");
      |                             [01;31m[K^~~~[m[K
[01m[K/ROS_ws/src/mecha_control/src/cmd_seq.cpp:112:24:[m[K [01;31m[Kerror: [m[Kbase operand of ‘[01m[K->[m[K’ is not a pointer
  112 |             goal_handle[01;31m[K->[m[Kpublish_feedback(feedback);
      |                        [01;31m[K^~[m[K
In file included from [01m[K/opt/ros/humble/include/rclcpp/rclcpp/client.hpp:40[m[K,
                 from [01m[K/opt/ros/humble/include/rclcpp/rclcpp/callback_group.hpp:24[m[K,
                 from [01m[K/opt/ros/humble/include/rclcpp/rclcpp/any_executable.hpp:20[m[K,
                 from [01m[K/opt/ros/humble/include/rclcpp/rclcpp/memory_strategy.hpp:25[m[K,
                 from [01m[K/opt/ros/humble/include/rclcpp/rclcpp/memory_strategies.hpp:18[m[K,
                 from [01m[K/opt/ros/humble/include/rclcpp/rclcpp/executor_options.hpp:20[m[K,
                 from [01m[K/opt/ros/humble/include/rclcpp/rclcpp/executor.hpp:37[m[K,
                 from [01m[K/opt/ros/humble/include/rclcpp/rclcpp/executors/multi_threaded_executor.hpp:25[m[K,
                 from [01m[K/opt/ros/humble/include/rclcpp/rclcpp/executors.hpp:21[m[K,
                 from [01m[K/opt/ros/humble/include/rclcpp/rclcpp/rclcpp.hpp:155[m[K,
                 from [01m[K/ROS_ws/src/mecha_control/src/cmd_seq.cpp:1[m[K:
[01m[K/ROS_ws/src/mecha_control/src/cmd_seq.cpp:113:25:[m[K [01;31m[Kerror: [m[Kinvalid use of ‘[01m[Kthis[m[K’ in non-member function
  113 |             RCLCPP_INFO([01;31m[Kthis[m[K->get_logger(), "Publish feedback");
      |                         [01;31m[K^~~~[m[K
[01m[K/ROS_ws/src/mecha_control/src/cmd_seq.cpp:113:25:[m[K [01;31m[Kerror: [m[Kinvalid use of ‘[01m[Kthis[m[K’ in non-member function
[01m[K/ROS_ws/src/mecha_control/src/cmd_seq.cpp:113:13:[m[K [01;31m[Kerror: [m[Ktemplate argument 1 is invalid
  113 |             [01;31m[KRCLCPP_INFO[m[K(this->get_logger(), "Publish feedback");
      |             [01;31m[K^~~~~~~~~~~[m[K
[01m[K/ROS_ws/src/mecha_control/src/cmd_seq.cpp:113:13:[m[K [01;31m[Kerror: [m[K‘[01m[K<declaration error>[m[K’ is not a template [[01;31m[K-fpermissive[m[K]
  113 |             [01;31m[KRCLCPP_INFO[m[K(this->get_logger(), "Publish feedback");
      |             [01;31m[K^~~~~~~~~~~[m[K
[01m[K/ROS_ws/src/mecha_control/src/cmd_seq.cpp:113:13:[m[K [01;31m[Kerror: [m[Ktemplate argument 1 is invalid
  113 |             [01;31m[KRCLCPP_INFO[m[K(this->get_logger(), "Publish feedback");
      |             [01;31m[K^~~~~~~~~~~[m[K
[01m[K/ROS_ws/src/mecha_control/src/cmd_seq.cpp:113:13:[m[K [01;31m[Kerror: [m[K‘[01m[K<declaration error>[m[K’ is not a template [[01;31m[K-fpermissive[m[K]
  113 |             [01;31m[KRCLCPP_INFO[m[K(this->get_logger(), "Publish feedback");
      |             [01;31m[K^~~~~~~~~~~[m[K
[01m[K/ROS_ws/src/mecha_control/src/cmd_seq.cpp:113:13:[m[K [01;31m[Kerror: [m[Ktemplate argument 1 is invalid
  113 |             [01;31m[KRCLCPP_INFO[m[K(this->get_logger(), "Publish feedback");
      |             [01;31m[K^~~~~~~~~~~[m[K
In file included from [01m[K/opt/ros/humble/include/rclcpp/rclcpp/logging.hpp:24[m[K,
                 from [01m[K/opt/ros/humble/include/rclcpp/rclcpp/client.hpp:40[m[K,
                 from [01m[K/opt/ros/humble/include/rclcpp/rclcpp/callback_group.hpp:24[m[K,
                 from [01m[K/opt/ros/humble/include/rclcpp/rclcpp/any_executable.hpp:20[m[K,
                 from [01m[K/opt/ros/humble/include/rclcpp/rclcpp/memory_strategy.hpp:25[m[K,
                 from [01m[K/opt/ros/humble/include/rclcpp/rclcpp/memory_strategies.hpp:18[m[K,
                 from [01m[K/opt/ros/humble/include/rclcpp/rclcpp/executor_options.hpp:20[m[K,
                 from [01m[K/opt/ros/humble/include/rclcpp/rclcpp/executor.hpp:37[m[K,
                 from [01m[K/opt/ros/humble/include/rclcpp/rclcpp/executors/multi_threaded_executor.hpp:25[m[K,
                 from [01m[K/opt/ros/humble/include/rclcpp/rclcpp/executors.hpp:21[m[K,
                 from [01m[K/opt/ros/humble/include/rclcpp/rclcpp/rclcpp.hpp:155[m[K,
                 from [01m[K/ROS_ws/src/mecha_control/src/cmd_seq.cpp:1[m[K:
[01m[K/ROS_ws/src/mecha_control/src/cmd_seq.cpp:113:25:[m[K [01;31m[Kerror: [m[Kinvalid use of ‘[01m[Kthis[m[K’ in non-member function
  113 |             RCLCPP_INFO([01;31m[Kthis[m[K->get_logger(), "Publish feedback");
      |                         [01;31m[K^~~~[m[K
[01m[K/ROS_ws/src/mecha_control/src/cmd_seq.cpp:113:25:[m[K [01;31m[Kerror: [m[Kinvalid use of ‘[01m[Kthis[m[K’ in non-member function
  113 |             RCLCPP_INFO([01;31m[Kthis[m[K->get_logger(), "Publish feedback");
      |                         [01;31m[K^~~~[m[K
[01m[K/ROS_ws/src/mecha_control/src/cmd_seq.cpp:119:24:[m[K [01;31m[Kerror: [m[Kbase operand of ‘[01m[K->[m[K’ is not a pointer
  119 |             goal_handle[01;31m[K->[m[Ksucceed(result);
      |                        [01;31m[K^~[m[K
In file included from [01m[K/opt/ros/humble/include/rclcpp/rclcpp/client.hpp:40[m[K,
                 from [01m[K/opt/ros/humble/include/rclcpp/rclcpp/callback_group.hpp:24[m[K,
                 from [01m[K/opt/ros/humble/include/rclcpp/rclcpp/any_executable.hpp:20[m[K,
                 from [01m[K/opt/ros/humble/include/rclcpp/rclcpp/memory_strategy.hpp:25[m[K,
                 from [01m[K/opt/ros/humble/include/rclcpp/rclcpp/memory_strategies.hpp:18[m[K,
                 from [01m[K/opt/ros/humble/include/rclcpp/rclcpp/executor_options.hpp:20[m[K,
                 from [01m[K/opt/ros/humble/include/rclcpp/rclcpp/executor.hpp:37[m[K,
                 from [01m[K/opt/ros/humble/include/rclcpp/rclcpp/executors/multi_threaded_executor.hpp:25[m[K,
                 from [01m[K/opt/ros/humble/include/rclcpp/rclcpp/executors.hpp:21[m[K,
                 from [01m[K/opt/ros/humble/include/rclcpp/rclcpp/rclcpp.hpp:155[m[K,
                 from [01m[K/ROS_ws/src/mecha_control/src/cmd_seq.cpp:1[m[K:
[01m[K/ROS_ws/src/mecha_control/src/cmd_seq.cpp:120:25:[m[K [01;31m[Kerror: [m[Kinvalid use of ‘[01m[Kthis[m[K’ in non-member function
  120 |             RCLCPP_INFO([01;31m[Kthis[m[K->get_logger(), "Goal succeeded");
      |                         [01;31m[K^~~~[m[K
[01m[K/ROS_ws/src/mecha_control/src/cmd_seq.cpp:120:25:[m[K [01;31m[Kerror: [m[Kinvalid use of ‘[01m[Kthis[m[K’ in non-member function
[01m[K/ROS_ws/src/mecha_control/src/cmd_seq.cpp:120:13:[m[K [01;31m[Kerror: [m[Ktemplate argument 1 is invalid
  120 |             [01;31m[KRCLCPP_INFO[m[K(this->get_logger(), "Goal succeeded");
      |             [01;31m[K^~~~~~~~~~~[m[K
[01m[K/ROS_ws/src/mecha_control/src/cmd_seq.cpp:120:13:[m[K [01;31m[Kerror: [m[K‘[01m[K<declaration error>[m[K’ is not a template [[01;31m[K-fpermissive[m[K]
  120 |             [01;31m[KRCLCPP_INFO[m[K(this->get_logger(), "Goal succeeded");
      |             [01;31m[K^~~~~~~~~~~[m[K
[01m[K/ROS_ws/src/mecha_control/src/cmd_seq.cpp:120:13:[m[K [01;31m[Kerror: [m[Ktemplate argument 1 is invalid
  120 |             [01;31m[KRCLCPP_INFO[m[K(this->get_logger(), "Goal succeeded");
      |             [01;31m[K^~~~~~~~~~~[m[K
[01m[K/ROS_ws/src/mecha_control/src/cmd_seq.cpp:120:13:[m[K [01;31m[Kerror: [m[K‘[01m[K<declaration error>[m[K’ is not a template [[01;31m[K-fpermissive[m[K]
  120 |             [01;31m[KRCLCPP_INFO[m[K(this->get_logger(), "Goal succeeded");
      |             [01;31m[K^~~~~~~~~~~[m[K
[01m[K/ROS_ws/src/mecha_control/src/cmd_seq.cpp:120:13:[m[K [01;31m[Kerror: [m[Ktemplate argument 1 is invalid
  120 |             [01;31m[KRCLCPP_INFO[m[K(this->get_logger(), "Goal succeeded");
      |             [01;31m[K^~~~~~~~~~~[m[K
In file included from [01m[K/opt/ros/humble/include/rclcpp/rclcpp/logging.hpp:24[m[K,
                 from [01m[K/opt/ros/humble/include/rclcpp/rclcpp/client.hpp:40[m[K,
                 from [01m[K/opt/ros/humble/include/rclcpp/rclcpp/callback_group.hpp:24[m[K,
                 from [01m[K/opt/ros/humble/include/rclcpp/rclcpp/any_executable.hpp:20[m[K,
                 from [01m[K/opt/ros/humble/include/rclcpp/rclcpp/memory_strategy.hpp:25[m[K,
                 from [01m[K/opt/ros/humble/include/rclcpp/rclcpp/memory_strategies.hpp:18[m[K,
                 from [01m[K/opt/ros/humble/include/rclcpp/rclcpp/executor_options.hpp:20[m[K,
                 from [01m[K/opt/ros/humble/include/rclcpp/rclcpp/executor.hpp:37[m[K,
                 from [01m[K/opt/ros/humble/include/rclcpp/rclcpp/executors/multi_threaded_executor.hpp:25[m[K,
                 from [01m[K/opt/ros/humble/include/rclcpp/rclcpp/executors.hpp:21[m[K,
                 from [01m[K/opt/ros/humble/include/rclcpp/rclcpp/rclcpp.hpp:155[m[K,
                 from [01m[K/ROS_ws/src/mecha_control/src/cmd_seq.cpp:1[m[K:
[01m[K/ROS_ws/src/mecha_control/src/cmd_seq.cpp:120:25:[m[K [01;31m[Kerror: [m[Kinvalid use of ‘[01m[Kthis[m[K’ in non-member function
  120 |             RCLCPP_INFO([01;31m[Kthis[m[K->get_logger(), "Goal succeeded");
      |                         [01;31m[K^~~~[m[K
[01m[K/ROS_ws/src/mecha_control/src/cmd_seq.cpp:120:25:[m[K [01;31m[Kerror: [m[Kinvalid use of ‘[01m[Kthis[m[K’ in non-member function
  120 |             RCLCPP_INFO([01;31m[Kthis[m[K->get_logger(), "Goal succeeded");
      |                         [01;31m[K^~~~[m[K
[01m[K/ROS_ws/src/mecha_control/src/cmd_seq.cpp:[m[K At global scope:
[01m[K/ROS_ws/src/mecha_control/src/cmd_seq.cpp:125:69:[m[K [01;31m[Kerror: [m[Knon-member function ‘[01m[Kvoid set_bonbori_callback(std::shared_ptr<std_srvs::srv::SetBool_Request_<std::allocator<void> > >, std::shared_ptr<std_srvs::srv::SetBool_Response_<std::allocator<void> > >)[m[K’ cannot have cv-qualifier
  125 |         std::shared_ptr<std_srvs::srv::SetBool::Response> response) [01;31m[Kconst[m[K
      |                                                                     [01;31m[K^~~~~[m[K
In file included from [01m[K/opt/ros/humble/include/rclcpp/rclcpp/client.hpp:40[m[K,
                 from [01m[K/opt/ros/humble/include/rclcpp/rclcpp/callback_group.hpp:24[m[K,
                 from [01m[K/opt/ros/humble/include/rclcpp/rclcpp/any_executable.hpp:20[m[K,
                 from [01m[K/opt/ros/humble/include/rclcpp/rclcpp/memory_strategy.hpp:25[m[K,
                 from [01m[K/opt/ros/humble/include/rclcpp/rclcpp/memory_strategies.hpp:18[m[K,
                 from [01m[K/opt/ros/humble/include/rclcpp/rclcpp/executor_options.hpp:20[m[K,
                 from [01m[K/opt/ros/humble/include/rclcpp/rclcpp/executor.hpp:37[m[K,
                 from [01m[K/opt/ros/humble/include/rclcpp/rclcpp/executors/multi_threaded_executor.hpp:25[m[K,
                 from [01m[K/opt/ros/humble/include/rclcpp/rclcpp/executors.hpp:21[m[K,
                 from [01m[K/opt/ros/humble/include/rclcpp/rclcpp/rclcpp.hpp:155[m[K,
                 from [01m[K/ROS_ws/src/mecha_control/src/cmd_seq.cpp:1[m[K:
[01m[K/ROS_ws/src/mecha_control/src/cmd_seq.cpp:[m[K In function ‘[01m[Kvoid set_bonbori_callback(std::shared_ptr<std_srvs::srv::SetBool_Request_<std::allocator<void> > >, std::shared_ptr<std_srvs::srv::SetBool_Response_<std::allocator<void> > >)[m[K’:
[01m[K/ROS_ws/src/mecha_control/src/cmd_seq.cpp:129:21:[m[K [01;31m[Kerror: [m[Kinvalid use of ‘[01m[Kthis[m[K’ in non-member function
  129 |         RCLCPP_INFO([01;31m[Kthis[m[K->get_logger(), "bonbori: %d", request->data);
      |                     [01;31m[K^~~~[m[K
[01m[K/ROS_ws/src/mecha_control/src/cmd_seq.cpp:129:21:[m[K [01;31m[Kerror: [m[Kinvalid use of ‘[01m[Kthis[m[K’ in non-member function
[01m[K/ROS_ws/src/mecha_control/src/cmd_seq.cpp:129:9:[m[K [01;31m[Kerror: [m[Ktemplate argument 1 is invalid
  129 |         [01;31m[KRCLCPP_INFO[m[K(this->get_logger(), "bonbori: %d", request->data);
      |         [01;31m[K^~~~~~~~~~~[m[K
[01m[K/ROS_ws/src/mecha_control/src/cmd_seq.cpp:129:9:[m[K [01;31m[Kerror: [m[K‘[01m[K<declaration error>[m[K’ is not a template [[01;31m[K-fpermissive[m[K]
  129 |         [01;31m[KRCLCPP_INFO[m[K(this->get_logger(), "bonbori: %d", request->data);
      |         [01;31m[K^~~~~~~~~~~[m[K
[01m[K/ROS_ws/src/mecha_control/src/cmd_seq.cpp:129:9:[m[K [01;31m[Kerror: [m[Ktemplate argument 1 is invalid
  129 |         [01;31m[KRCLCPP_INFO[m[K(this->get_logger(), "bonbori: %d", request->data);
      |         [01;31m[K^~~~~~~~~~~[m[K
[01m[K/ROS_ws/src/mecha_control/src/cmd_seq.cpp:129:9:[m[K [01;31m[Kerror: [m[K‘[01m[K<declaration error>[m[K’ is not a template [[01;31m[K-fpermissive[m[K]
  129 |         [01;31m[KRCLCPP_INFO[m[K(this->get_logger(), "bonbori: %d", request->data);
      |         [01;31m[K^~~~~~~~~~~[m[K
[01m[K/ROS_ws/src/mecha_control/src/cmd_seq.cpp:129:9:[m[K [01;31m[Kerror: [m[Ktemplate argument 1 is invalid
  129 |         [01;31m[KRCLCPP_INFO[m[K(this->get_logger(), "bonbori: %d", request->data);
      |         [01;31m[K^~~~~~~~~~~[m[K
In file included from [01m[K/opt/ros/humble/include/rclcpp/rclcpp/logging.hpp:24[m[K,
                 from [01m[K/opt/ros/humble/include/rclcpp/rclcpp/client.hpp:40[m[K,
                 from [01m[K/opt/ros/humble/include/rclcpp/rclcpp/callback_group.hpp:24[m[K,
                 from [01m[K/opt/ros/humble/include/rclcpp/rclcpp/any_executable.hpp:20[m[K,
                 from [01m[K/opt/ros/humble/include/rclcpp/rclcpp/memory_strategy.hpp:25[m[K,
                 from [01m[K/opt/ros/humble/include/rclcpp/rclcpp/memory_strategies.hpp:18[m[K,
                 from [01m[K/opt/ros/humble/include/rclcpp/rclcpp/executor_options.hpp:20[m[K,
                 from [01m[K/opt/ros/humble/include/rclcpp/rclcpp/executor.hpp:37[m[K,
                 from [01m[K/opt/ros/humble/include/rclcpp/rclcpp/executors/multi_threaded_executor.hpp:25[m[K,
                 from [01m[K/opt/ros/humble/include/rclcpp/rclcpp/executors.hpp:21[m[K,
                 from [01m[K/opt/ros/humble/include/rclcpp/rclcpp/rclcpp.hpp:155[m[K,
                 from [01m[K/ROS_ws/src/mecha_control/src/cmd_seq.cpp:1[m[K:
[01m[K/ROS_ws/src/mecha_control/src/cmd_seq.cpp:129:21:[m[K [01;31m[Kerror: [m[Kinvalid use of ‘[01m[Kthis[m[K’ in non-member function
  129 |         RCLCPP_INFO([01;31m[Kthis[m[K->get_logger(), "bonbori: %d", request->data);
      |                     [01;31m[K^~~~[m[K
[01m[K/ROS_ws/src/mecha_control/src/cmd_seq.cpp:129:21:[m[K [01;31m[Kerror: [m[Kinvalid use of ‘[01m[Kthis[m[K’ in non-member function
  129 |         RCLCPP_INFO([01;31m[Kthis[m[K->get_logger(), "bonbori: %d", request->data);
      |                     [01;31m[K^~~~[m[K
[01m[K/ROS_ws/src/mecha_control/src/cmd_seq.cpp:[m[K At global scope:
[01m[K/ROS_ws/src/mecha_control/src/cmd_seq.cpp:131:72:[m[K [01;31m[Kerror: [m[Knon-member function ‘[01m[Kvoid daiza_sensor_callback(mecha_control::msg::SensorStates)[m[K’ cannot have cv-qualifier
  131 |     void daiza_sensor_callback(const mecha_control::msg::SensorStates) [01;31m[Kconst[m[K {}
      |                                                                        [01;31m[K^~~~~[m[K
[01m[K/ROS_ws/src/mecha_control/src/cmd_seq.cpp:132:71:[m[K [01;31m[Kerror: [m[Knon-member function ‘[01m[Kvoid hina_sensor_callback(mecha_control::msg::SensorStates)[m[K’ cannot have cv-qualifier
  132 |     void hina_sensor_callback(const mecha_control::msg::SensorStates) [01;31m[Kconst[m[K {}
      |                                                                       [01;31m[K^~~~~[m[K
[01m[K/ROS_ws/src/mecha_control/src/cmd_seq.cpp:138:1:[m[K [01;31m[Kerror: [m[Kexpected declaration before ‘[01m[K}[m[K’ token
  138 | [01;31m[K}[m[K;
      | [01;31m[K^[m[K
gmake[2]: *** [CMakeFiles/cmd_seq.dir/build.make:76: CMakeFiles/cmd_seq.dir/src/cmd_seq.cpp.o] Error 1
gmake[1]: *** [CMakeFiles/Makefile2:595: CMakeFiles/cmd_seq.dir/all] Error 2
gmake: *** [Makefile:146: all] Error 2
