[ 16%] [32mBuilding CXX object CMakeFiles/localize_node.dir/src/localize_node.cpp.o[0m
[ 33%] [32mBuilding CXX object CMakeFiles/timestamp_publisher_node.dir/src/mcl_pose_test.cpp.o[0m
[ 50%] [32mBuilding CXX object CMakeFiles/tempo_localize_node.dir/src/emcl2_posestamped.cpp.o[0m
[ 66%] [32m[1mLinking CXX executable timestamp_publisher_node[0m
[ 66%] Built target timestamp_publisher_node
[ 83%] [32m[1mLinking CXX executable tempo_localize_node[0m
[ 83%] Built target tempo_localize_node
[100%] [32m[1mLinking CXX executable localize_node[0m
[100%] Built target localize_node
-- Install configuration: ""
-- Installing: /ROS_ws/install/localize/lib/localize/localize_node
-- Set runtime path of "/ROS_ws/install/localize/lib/localize/localize_node" to ""
-- Installing: /ROS_ws/install/localize/lib/localize/timestamp_publisher_node
-- Set runtime path of "/ROS_ws/install/localize/lib/localize/timestamp_publisher_node" to ""
-- Up-to-date: /ROS_ws/install/localize/lib/localize/localize_node
-- Installing: /ROS_ws/install/localize/lib/localize/tempo_localize_node
-- Set runtime path of "/ROS_ws/install/localize/lib/localize/tempo_localize_node" to ""
-- Up-to-date: /ROS_ws/install/localize/lib/localize/timestamp_publisher_node
-- Installing: /ROS_ws/install/localize/share/localize/launch
-- Installing: /ROS_ws/install/localize/share/localize/launch/emcl2_test.launch.py
-- Installing: /ROS_ws/install/localize/share/localize/yaml
-- Installing: /ROS_ws/install/localize/share/localize/yaml/map_data.pgm
-- Installing: /ROS_ws/install/localize/share/localize/yaml/map_data.yaml
-- Installing: /ROS_ws/install/localize/share/ament_index/resource_index/package_run_dependencies/localize
-- Installing: /ROS_ws/install/localize/share/ament_index/resource_index/parent_prefix_path/localize
-- Installing: /ROS_ws/install/localize/share/localize/environment/ament_prefix_path.sh
-- Installing: /ROS_ws/install/localize/share/localize/environment/ament_prefix_path.dsv
-- Installing: /ROS_ws/install/localize/share/localize/environment/path.sh
-- Installing: /ROS_ws/install/localize/share/localize/environment/path.dsv
-- Installing: /ROS_ws/install/localize/share/localize/local_setup.bash
-- Installing: /ROS_ws/install/localize/share/localize/local_setup.sh
-- Installing: /ROS_ws/install/localize/share/localize/local_setup.zsh
-- Installing: /ROS_ws/install/localize/share/localize/local_setup.dsv
-- Installing: /ROS_ws/install/localize/share/localize/package.dsv
-- Installing: /ROS_ws/install/localize/share/ament_index/resource_index/packages/localize
-- Installing: /ROS_ws/install/localize/share/localize/cmake/ament_cmake_export_dependencies-extras.cmake
-- Installing: /ROS_ws/install/localize/share/localize/cmake/localizeConfig.cmake
-- Installing: /ROS_ws/install/localize/share/localize/cmake/localizeConfig-version.cmake
-- Installing: /ROS_ws/install/localize/share/localize/package.xml
