[35m[1mConsolidate compiler generated dependencies of target controller[0m
[ 50%] [32mBuilding CXX object CMakeFiles/controller.dir/src/controller.cpp.o[0m
[01m[K/ROS_ws/src/pc_robot_controller/src/controller.cpp:[m[K In member function ‘[01m[Kvoid Controller::ui_main()[m[K’:
[01m[K/ROS_ws/src/pc_robot_controller/src/controller.cpp:52:43:[m[K [01;35m[Kwarning: [m[Knarrowing conversion of ‘[01m[K(screenWidth / 2)[m[K’ from ‘[01m[Kint[m[K’ to ‘[01m[Kfloat[m[K’ [[01;35m[K-Wnarrowing[m[K]
   52 | robot.origin = Vector2{[01;35m[KscreenWidth/2[m[K, screenHeight/2};
      |                        [01;35m[K~~~~~~~~~~~^~[m[K

[01m[K/ROS_ws/src/pc_robot_controller/src/controller.cpp:52:59:[m[K [01;35m[Kwarning: [m[Knarrowing conversion of ‘[01m[K(screenHeight / 2)[m[K’ from ‘[01m[Kint[m[K’ to ‘[01m[Kfloat[m[K’ [[01;35m[K-Wnarrowing[m[K]
   52 | gin = Vector2{screenWidth/2, [01;35m[KscreenHeight/2[m[K};
      |                              [01;35m[K~~~~~~~~~~~~^~[m[K

[01m[K/ROS_ws/src/pc_robot_controller/src/controller.cpp:73:60:[m[K [01;35m[Kwarning: [m[Knarrowing conversion of ‘[01m[K(screenWidth - 210)[m[K’ from ‘[01m[Kint[m[K’ to ‘[01m[Kfloat[m[K’ [[01;35m[K-Wnarrowing[m[K]
   73 | ("daiza_clamp mech", {[01;35m[KscreenWidth -210[m[K, 270}, 20);
      |                       [01;35m[K~~~~~~~~~~~~^~~~[m[K

[01m[K/ROS_ws/src/pc_robot_controller/src/controller.cpp:74:48:[m[K [01;35m[Kwarning: [m[Knarrowing conversion of ‘[01m[K(screenWidth - 200)[m[K’ from ‘[01m[Kint[m[K’ to ‘[01m[Kfloat[m[K’ [[01;35m[K-Wnarrowing[m[K]
   74 | e_button daiza_cyl12({[01;35m[KscreenWidth -200[m[K, 300}, 130, 70, GRAY, PINK);
      |                       [01;35m[K~~~~~~~~~~~~^~~~[m[K

[01m[K/ROS_ws/src/pc_robot_controller/src/controller.cpp:75:47:[m[K [01;35m[Kwarning: [m[Knarrowing conversion of ‘[01m[K(screenWidth - 200)[m[K’ from ‘[01m[Kint[m[K’ to ‘[01m[Kfloat[m[K’ [[01;35m[K-Wnarrowing[m[K]
   75 | le_button daiza_cyl3({[01;35m[KscreenWidth -200[m[K, 400}, 130, 70, GRAY, PINK);
      |                       [01;35m[K~~~~~~~~~~~~^~~~[m[K

[01m[K/ROS_ws/src/pc_robot_controller/src/controller.cpp:76:47:[m[K [01;35m[Kwarning: [m[Knarrowing conversion of ‘[01m[K(screenWidth - 200)[m[K’ from ‘[01m[Kint[m[K’ to ‘[01m[Kfloat[m[K’ [[01;35m[K-Wnarrowing[m[K]
   76 | le_button daiza_cyl4({[01;35m[KscreenWidth -200[m[K, 500}, 130, 70, GRAY, PINK);
      |                       [01;35m[K~~~~~~~~~~~~^~~~[m[K

[01m[K/ROS_ws/src/pc_robot_controller/src/controller.cpp:77:56:[m[K [01;35m[Kwarning: [m[Knarrowing conversion of ‘[01m[K(screenWidth - 190)[m[K’ from ‘[01m[Kint[m[K’ to ‘[01m[Kfloat[m[K’ [[01;35m[K-Wnarrowing[m[K]
   77 | yl12("cylinder 1,2", {[01;35m[KscreenWidth -190[m[K, 325}, 20);
      |                       [01;35m[K~~~~~~~~~~~~^~~~[m[K

[01m[K/ROS_ws/src/pc_robot_controller/src/controller.cpp:78:53:[m[K [01;35m[Kwarning: [m[Knarrowing conversion of ‘[01m[K(screenWidth - 190)[m[K’ from ‘[01m[Kint[m[K’ to ‘[01m[Kfloat[m[K’ [[01;35m[K-Wnarrowing[m[K]
   78 | l_cyl3("cylinder 3", {[01;35m[KscreenWidth -190[m[K, 425}, 20);
      |                       [01;35m[K~~~~~~~~~~~~^~~~[m[K

[01m[K/ROS_ws/src/pc_robot_controller/src/controller.cpp:79:53:[m[K [01;35m[Kwarning: [m[Knarrowing conversion of ‘[01m[K(screenWidth - 190)[m[K’ from ‘[01m[Kint[m[K’ to ‘[01m[Kfloat[m[K’ [[01;35m[K-Wnarrowing[m[K]
   79 | l_cyl4("cylinder 4", {[01;35m[KscreenWidth -190[m[K, 525}, 20);
      |                       [01;35m[K~~~~~~~~~~~~^~~~[m[K

[01m[K/ROS_ws/src/pc_robot_controller/src/controller.cpp:81:60:[m[K [01;35m[Kwarning: [m[Knarrowing conversion of ‘[01m[K(screenWidth - 210)[m[K’ from ‘[01m[Kint[m[K’ to ‘[01m[Kfloat[m[K’ [[01;35m[K-Wnarrowing[m[K]
   81 | "hina_dustpan mech", {[01;35m[KscreenWidth -210[m[K, 70}, 20);
      |                       [01;35m[K~~~~~~~~~~~~^~~~[m[K

[01m[K/ROS_ws/src/pc_robot_controller/src/controller.cpp:96:43:[m[K [01;35m[Kwarning: [m[Knarrowing conversion of ‘[01m[K(screenWidth - 210)[m[K’ from ‘[01m[Kint[m[K’ to ‘[01m[Kfloat[m[K’ [[01;35m[K-Wnarrowing[m[K]
   96 |     title_daize.move({[01;35m[KscreenWidth -210[m[K, 270});
      |                       [01;35m[K~~~~~~~~~~~~^~~~[m[K

[01m[K/ROS_ws/src/pc_robot_controller/src/controller.cpp:97:43:[m[K [01;35m[Kwarning: [m[Knarrowing conversion of ‘[01m[K(screenWidth - 200)[m[K’ from ‘[01m[Kint[m[K’ to ‘[01m[Kfloat[m[K’ [[01;35m[K-Wnarrowing[m[K]
   97 |     daiza_cyl12.move({[01;35m[KscreenWidth -200[m[K, 300});
      |                       [01;35m[K~~~~~~~~~~~~^~~~[m[K

[01m[K/ROS_ws/src/pc_robot_controller/src/controller.cpp:98:42:[m[K [01;35m[Kwarning: [m[Knarrowing conversion of ‘[01m[K(screenWidth - 200)[m[K’ from ‘[01m[Kint[m[K’ to ‘[01m[Kfloat[m[K’ [[01;35m[K-Wnarrowing[m[K]
   98 |      daiza_cyl3.move({[01;35m[KscreenWidth -200[m[K, 400});
      |                       [01;35m[K~~~~~~~~~~~~^~~~[m[K

[01m[K/ROS_ws/src/pc_robot_controller/src/controller.cpp:99:42:[m[K [01;35m[Kwarning: [m[Knarrowing conversion of ‘[01m[K(screenWidth - 200)[m[K’ from ‘[01m[Kint[m[K’ to ‘[01m[Kfloat[m[K’ [[01;35m[K-Wnarrowing[m[K]
   99 |      daiza_cyl4.move({[01;35m[KscreenWidth -200[m[K, 500});
      |                       [01;35m[K~~~~~~~~~~~~^~~~[m[K

[01m[K/ROS_ws/src/pc_robot_controller/src/controller.cpp:100:43:[m[K [01;35m[Kwarning: [m[Knarrowing conversion of ‘[01m[K(screenWidth - 190)[m[K’ from ‘[01m[Kint[m[K’ to ‘[01m[Kfloat[m[K’ [[01;35m[K-Wnarrowing[m[K]
  100 |     label_cyl12.move({[01;35m[KscreenWidth -190[m[K, 325});
      |                       [01;35m[K~~~~~~~~~~~~^~~~[m[K

[01m[K/ROS_ws/src/pc_robot_controller/src/controller.cpp:101:42:[m[K [01;35m[Kwarning: [m[Knarrowing conversion of ‘[01m[K(screenWidth - 190)[m[K’ from ‘[01m[Kint[m[K’ to ‘[01m[Kfloat[m[K’ [[01;35m[K-Wnarrowing[m[K]
  101 |      label_cyl3.move({[01;35m[KscreenWidth -190[m[K, 425});
      |                       [01;35m[K~~~~~~~~~~~~^~~~[m[K

[01m[K/ROS_ws/src/pc_robot_controller/src/controller.cpp:102:42:[m[K [01;35m[Kwarning: [m[Knarrowing conversion of ‘[01m[K(screenWidth - 190)[m[K’ from ‘[01m[Kint[m[K’ to ‘[01m[Kfloat[m[K’ [[01;35m[K-Wnarrowing[m[K]
  102 |      label_cyl4.move({[01;35m[KscreenWidth -190[m[K, 525});
      |                       [01;35m[K~~~~~~~~~~~~^~~~[m[K

[01m[K/ROS_ws/src/pc_robot_controller/src/controller.cpp:103:47:[m[K [01;35m[Kwarning: [m[Knarrowing conversion of ‘[01m[K(screenWidth / 2)[m[K’ from ‘[01m[Kint[m[K’ to ‘[01m[Kfloat[m[K’ [[01;35m[K-Wnarrowing[m[K]
  103 | robot.origin = Vector2{[01;35m[KscreenWidth/2[m[K, screenHeight/2};
      |                        [01;35m[K~~~~~~~~~~~^~[m[K

[01m[K/ROS_ws/src/pc_robot_controller/src/controller.cpp:103:63:[m[K [01;35m[Kwarning: [m[Knarrowing conversion of ‘[01m[K(screenHeight / 2)[m[K’ from ‘[01m[Kint[m[K’ to ‘[01m[Kfloat[m[K’ [[01;35m[K-Wnarrowing[m[K]
  103 | gin = Vector2{screenWidth/2, [01;35m[KscreenHeight/2[m[K};
      |                              [01;35m[K~~~~~~~~~~~~^~[m[K

[100%] [32m[1mLinking CXX executable controller[0m
[100%] Built target controller
-- Install configuration: ""
-- Installing: /ROS_ws/install/pc_robot_controller/lib/pc_robot_controller/controller
-- Set runtime path of "/ROS_ws/install/pc_robot_controller/lib/pc_robot_controller/controller" to ""
-- Up-to-date: /ROS_ws/install/pc_robot_controller/share/ament_index/resource_index/package_run_dependencies/pc_robot_controller
-- Up-to-date: /ROS_ws/install/pc_robot_controller/share/ament_index/resource_index/parent_prefix_path/pc_robot_controller
-- Up-to-date: /ROS_ws/install/pc_robot_controller/share/pc_robot_controller/environment/ament_prefix_path.sh
-- Up-to-date: /ROS_ws/install/pc_robot_controller/share/pc_robot_controller/environment/ament_prefix_path.dsv
-- Up-to-date: /ROS_ws/install/pc_robot_controller/share/pc_robot_controller/environment/path.sh
-- Up-to-date: /ROS_ws/install/pc_robot_controller/share/pc_robot_controller/environment/path.dsv
-- Up-to-date: /ROS_ws/install/pc_robot_controller/share/pc_robot_controller/local_setup.bash
-- Up-to-date: /ROS_ws/install/pc_robot_controller/share/pc_robot_controller/local_setup.sh
-- Up-to-date: /ROS_ws/install/pc_robot_controller/share/pc_robot_controller/local_setup.zsh
-- Up-to-date: /ROS_ws/install/pc_robot_controller/share/pc_robot_controller/local_setup.dsv
-- Installing: /ROS_ws/install/pc_robot_controller/share/pc_robot_controller/package.dsv
-- Up-to-date: /ROS_ws/install/pc_robot_controller/share/ament_index/resource_index/packages/pc_robot_controller
-- Up-to-date: /ROS_ws/install/pc_robot_controller/share/pc_robot_controller/cmake/pc_robot_controllerConfig.cmake
-- Up-to-date: /ROS_ws/install/pc_robot_controller/share/pc_robot_controller/cmake/pc_robot_controllerConfig-version.cmake
-- Up-to-date: /ROS_ws/install/pc_robot_controller/share/pc_robot_controller/package.xml
