[0.010s] Invoking command in '/ROS_ws/build/pc_robot_controller': CMAKE_PREFIX_PATH=${CMAKE_PREFIX_PATH}:/opt/ros/humble /usr/bin/cmake --build /ROS_ws/build/pc_robot_controller -- -j12 -l12
[0.038s] [35m[1mConsolidate compiler generated dependencies of target controller[0m
[0.055s] [ 50%] [32mBuilding CXX object CMakeFiles/controller.dir/src/controller.cpp.o[0m
[1.419s] [01m[K/ROS_ws/src/pc_robot_controller/src/controller.cpp:[m[K In member function ‘[01m[Kvoid Controller::ui_main()[m[K’:
[1.419s] [01m[K/ROS_ws/src/pc_robot_controller/src/controller.cpp:52:43:[m[K [01;35m[Kwarning: [m[Knarrowing conversion of ‘[01m[K(screenWidth / 2)[m[K’ from ‘[01m[Kint[m[K’ to ‘[01m[Kfloat[m[K’ [[01;35m[K-Wnarrowing[m[K]
[1.419s]    52 | robot.origin = Vector2{[01;35m[KscreenWidth/2[m[K, screenHeight/2};
[1.419s]       |                        [01;35m[K~~~~~~~~~~~^~[m[K
[1.419s] 
[1.419s] [01m[K/ROS_ws/src/pc_robot_controller/src/controller.cpp:52:59:[m[K [01;35m[Kwarning: [m[Knarrowing conversion of ‘[01m[K(screenHeight / 2)[m[K’ from ‘[01m[Kint[m[K’ to ‘[01m[Kfloat[m[K’ [[01;35m[K-Wnarrowing[m[K]
[1.419s]    52 | gin = Vector2{screenWidth/2, [01;35m[KscreenHeight/2[m[K};
[1.419s]       |                              [01;35m[K~~~~~~~~~~~~^~[m[K
[1.419s] 
[1.420s] [01m[K/ROS_ws/src/pc_robot_controller/src/controller.cpp:73:60:[m[K [01;35m[Kwarning: [m[Knarrowing conversion of ‘[01m[K(screenWidth - 210)[m[K’ from ‘[01m[Kint[m[K’ to ‘[01m[Kfloat[m[K’ [[01;35m[K-Wnarrowing[m[K]
[1.420s]    73 | ("daiza_clamp mech", {[01;35m[KscreenWidth -210[m[K, 270}, 20);
[1.420s]       |                       [01;35m[K~~~~~~~~~~~~^~~~[m[K
[1.420s] 
[1.420s] [01m[K/ROS_ws/src/pc_robot_controller/src/controller.cpp:74:48:[m[K [01;35m[Kwarning: [m[Knarrowing conversion of ‘[01m[K(screenWidth - 200)[m[K’ from ‘[01m[Kint[m[K’ to ‘[01m[Kfloat[m[K’ [[01;35m[K-Wnarrowing[m[K]
[1.420s]    74 | e_button daiza_cyl12({[01;35m[KscreenWidth -200[m[K, 300}, 130, 70, GRAY, PINK);
[1.420s]       |                       [01;35m[K~~~~~~~~~~~~^~~~[m[K
[1.420s] 
[1.420s] [01m[K/ROS_ws/src/pc_robot_controller/src/controller.cpp:75:47:[m[K [01;35m[Kwarning: [m[Knarrowing conversion of ‘[01m[K(screenWidth - 200)[m[K’ from ‘[01m[Kint[m[K’ to ‘[01m[Kfloat[m[K’ [[01;35m[K-Wnarrowing[m[K]
[1.420s]    75 | le_button daiza_cyl3({[01;35m[KscreenWidth -200[m[K, 400}, 130, 70, GRAY, PINK);
[1.420s]       |                       [01;35m[K~~~~~~~~~~~~^~~~[m[K
[1.420s] 
[1.420s] [01m[K/ROS_ws/src/pc_robot_controller/src/controller.cpp:76:47:[m[K [01;35m[Kwarning: [m[Knarrowing conversion of ‘[01m[K(screenWidth - 200)[m[K’ from ‘[01m[Kint[m[K’ to ‘[01m[Kfloat[m[K’ [[01;35m[K-Wnarrowing[m[K]
[1.420s]    76 | le_button daiza_cyl4({[01;35m[KscreenWidth -200[m[K, 500}, 130, 70, GRAY, PINK);
[1.420s]       |                       [01;35m[K~~~~~~~~~~~~^~~~[m[K
[1.420s] 
[1.420s] [01m[K/ROS_ws/src/pc_robot_controller/src/controller.cpp:77:56:[m[K [01;35m[Kwarning: [m[Knarrowing conversion of ‘[01m[K(screenWidth - 190)[m[K’ from ‘[01m[Kint[m[K’ to ‘[01m[Kfloat[m[K’ [[01;35m[K-Wnarrowing[m[K]
[1.420s]    77 | yl12("cylinder 1,2", {[01;35m[KscreenWidth -190[m[K, 325}, 20);
[1.420s]       |                       [01;35m[K~~~~~~~~~~~~^~~~[m[K
[1.420s] 
[1.420s] [01m[K/ROS_ws/src/pc_robot_controller/src/controller.cpp:78:53:[m[K [01;35m[Kwarning: [m[Knarrowing conversion of ‘[01m[K(screenWidth - 190)[m[K’ from ‘[01m[Kint[m[K’ to ‘[01m[Kfloat[m[K’ [[01;35m[K-Wnarrowing[m[K]
[1.421s]    78 | l_cyl3("cylinder 3", {[01;35m[KscreenWidth -190[m[K, 425}, 20);
[1.421s]       |                       [01;35m[K~~~~~~~~~~~~^~~~[m[K
[1.421s] 
[1.421s] [01m[K/ROS_ws/src/pc_robot_controller/src/controller.cpp:79:53:[m[K [01;35m[Kwarning: [m[Knarrowing conversion of ‘[01m[K(screenWidth - 190)[m[K’ from ‘[01m[Kint[m[K’ to ‘[01m[Kfloat[m[K’ [[01;35m[K-Wnarrowing[m[K]
[1.421s]    79 | l_cyl4("cylinder 4", {[01;35m[KscreenWidth -190[m[K, 525}, 20);
[1.421s]       |                       [01;35m[K~~~~~~~~~~~~^~~~[m[K
[1.421s] 
[1.421s] [01m[K/ROS_ws/src/pc_robot_controller/src/controller.cpp:81:60:[m[K [01;35m[Kwarning: [m[Knarrowing conversion of ‘[01m[K(screenWidth - 210)[m[K’ from ‘[01m[Kint[m[K’ to ‘[01m[Kfloat[m[K’ [[01;35m[K-Wnarrowing[m[K]
[1.421s]    81 | "hina_dustpan mech", {[01;35m[KscreenWidth -210[m[K, 70}, 20);
[1.421s]       |                       [01;35m[K~~~~~~~~~~~~^~~~[m[K
[1.421s] 
[1.421s] [01m[K/ROS_ws/src/pc_robot_controller/src/controller.cpp:96:43:[m[K [01;35m[Kwarning: [m[Knarrowing conversion of ‘[01m[K(screenWidth - 210)[m[K’ from ‘[01m[Kint[m[K’ to ‘[01m[Kfloat[m[K’ [[01;35m[K-Wnarrowing[m[K]
[1.421s]    96 |     title_daize.move({[01;35m[KscreenWidth -210[m[K, 270});
[1.421s]       |                       [01;35m[K~~~~~~~~~~~~^~~~[m[K
[1.421s] 
[1.421s] [01m[K/ROS_ws/src/pc_robot_controller/src/controller.cpp:97:43:[m[K [01;35m[Kwarning: [m[Knarrowing conversion of ‘[01m[K(screenWidth - 200)[m[K’ from ‘[01m[Kint[m[K’ to ‘[01m[Kfloat[m[K’ [[01;35m[K-Wnarrowing[m[K]
[1.421s]    97 |     daiza_cyl12.move({[01;35m[KscreenWidth -200[m[K, 300});
[1.421s]       |                       [01;35m[K~~~~~~~~~~~~^~~~[m[K
[1.421s] 
[1.421s] [01m[K/ROS_ws/src/pc_robot_controller/src/controller.cpp:98:42:[m[K [01;35m[Kwarning: [m[Knarrowing conversion of ‘[01m[K(screenWidth - 200)[m[K’ from ‘[01m[Kint[m[K’ to ‘[01m[Kfloat[m[K’ [[01;35m[K-Wnarrowing[m[K]
[1.421s]    98 |      daiza_cyl3.move({[01;35m[KscreenWidth -200[m[K, 400});
[1.421s]       |                       [01;35m[K~~~~~~~~~~~~^~~~[m[K
[1.421s] 
[1.422s] [01m[K/ROS_ws/src/pc_robot_controller/src/controller.cpp:99:42:[m[K [01;35m[Kwarning: [m[Knarrowing conversion of ‘[01m[K(screenWidth - 200)[m[K’ from ‘[01m[Kint[m[K’ to ‘[01m[Kfloat[m[K’ [[01;35m[K-Wnarrowing[m[K]
[1.422s]    99 |      daiza_cyl4.move({[01;35m[KscreenWidth -200[m[K, 500});
[1.422s]       |                       [01;35m[K~~~~~~~~~~~~^~~~[m[K
[1.422s] 
[1.422s] [01m[K/ROS_ws/src/pc_robot_controller/src/controller.cpp:100:43:[m[K [01;35m[Kwarning: [m[Knarrowing conversion of ‘[01m[K(screenWidth - 190)[m[K’ from ‘[01m[Kint[m[K’ to ‘[01m[Kfloat[m[K’ [[01;35m[K-Wnarrowing[m[K]
[1.422s]   100 |     label_cyl12.move({[01;35m[KscreenWidth -190[m[K, 325});
[1.422s]       |                       [01;35m[K~~~~~~~~~~~~^~~~[m[K
[1.422s] 
[1.422s] [01m[K/ROS_ws/src/pc_robot_controller/src/controller.cpp:101:42:[m[K [01;35m[Kwarning: [m[Knarrowing conversion of ‘[01m[K(screenWidth - 190)[m[K’ from ‘[01m[Kint[m[K’ to ‘[01m[Kfloat[m[K’ [[01;35m[K-Wnarrowing[m[K]
[1.422s]   101 |      label_cyl3.move({[01;35m[KscreenWidth -190[m[K, 425});
[1.422s]       |                       [01;35m[K~~~~~~~~~~~~^~~~[m[K
[1.422s] 
[1.422s] [01m[K/ROS_ws/src/pc_robot_controller/src/controller.cpp:102:42:[m[K [01;35m[Kwarning: [m[Knarrowing conversion of ‘[01m[K(screenWidth - 190)[m[K’ from ‘[01m[Kint[m[K’ to ‘[01m[Kfloat[m[K’ [[01;35m[K-Wnarrowing[m[K]
[1.422s]   102 |      label_cyl4.move({[01;35m[KscreenWidth -190[m[K, 525});
[1.422s]       |                       [01;35m[K~~~~~~~~~~~~^~~~[m[K
[1.422s] 
[1.422s] [01m[K/ROS_ws/src/pc_robot_controller/src/controller.cpp:103:47:[m[K [01;35m[Kwarning: [m[Knarrowing conversion of ‘[01m[K(screenWidth / 2)[m[K’ from ‘[01m[Kint[m[K’ to ‘[01m[Kfloat[m[K’ [[01;35m[K-Wnarrowing[m[K]
[1.422s]   103 | robot.origin = Vector2{[01;35m[KscreenWidth/2[m[K, screenHeight/2};
[1.422s]       |                        [01;35m[K~~~~~~~~~~~^~[m[K
[1.422s] 
[1.422s] [01m[K/ROS_ws/src/pc_robot_controller/src/controller.cpp:103:63:[m[K [01;35m[Kwarning: [m[Knarrowing conversion of ‘[01m[K(screenHeight / 2)[m[K’ from ‘[01m[Kint[m[K’ to ‘[01m[Kfloat[m[K’ [[01;35m[K-Wnarrowing[m[K]
[1.422s]   103 | gin = Vector2{screenWidth/2, [01;35m[KscreenHeight/2[m[K};
[1.422s]       |                              [01;35m[K~~~~~~~~~~~~^~[m[K
[1.422s] 
[2.765s] [100%] [32m[1mLinking CXX executable controller[0m
[2.961s] [100%] Built target controller
[2.967s] Invoked command in '/ROS_ws/build/pc_robot_controller' returned '0': CMAKE_PREFIX_PATH=${CMAKE_PREFIX_PATH}:/opt/ros/humble /usr/bin/cmake --build /ROS_ws/build/pc_robot_controller -- -j12 -l12
[2.980s] Invoking command in '/ROS_ws/build/pc_robot_controller': CMAKE_PREFIX_PATH=${CMAKE_PREFIX_PATH}:/opt/ros/humble /usr/bin/cmake --install /ROS_ws/build/pc_robot_controller
[2.984s] -- Install configuration: ""
[2.984s] -- Installing: /ROS_ws/install/pc_robot_controller/lib/pc_robot_controller/controller
[2.988s] -- Set runtime path of "/ROS_ws/install/pc_robot_controller/lib/pc_robot_controller/controller" to ""
[2.988s] -- Up-to-date: /ROS_ws/install/pc_robot_controller/share/ament_index/resource_index/package_run_dependencies/pc_robot_controller
[2.988s] -- Up-to-date: /ROS_ws/install/pc_robot_controller/share/ament_index/resource_index/parent_prefix_path/pc_robot_controller
[2.988s] -- Up-to-date: /ROS_ws/install/pc_robot_controller/share/pc_robot_controller/environment/ament_prefix_path.sh
[2.988s] -- Up-to-date: /ROS_ws/install/pc_robot_controller/share/pc_robot_controller/environment/ament_prefix_path.dsv
[2.988s] -- Up-to-date: /ROS_ws/install/pc_robot_controller/share/pc_robot_controller/environment/path.sh
[2.988s] -- Up-to-date: /ROS_ws/install/pc_robot_controller/share/pc_robot_controller/environment/path.dsv
[2.988s] -- Up-to-date: /ROS_ws/install/pc_robot_controller/share/pc_robot_controller/local_setup.bash
[2.988s] -- Up-to-date: /ROS_ws/install/pc_robot_controller/share/pc_robot_controller/local_setup.sh
[2.988s] -- Up-to-date: /ROS_ws/install/pc_robot_controller/share/pc_robot_controller/local_setup.zsh
[2.988s] -- Up-to-date: /ROS_ws/install/pc_robot_controller/share/pc_robot_controller/local_setup.dsv
[2.988s] -- Installing: /ROS_ws/install/pc_robot_controller/share/pc_robot_controller/package.dsv
[2.988s] -- Up-to-date: /ROS_ws/install/pc_robot_controller/share/ament_index/resource_index/packages/pc_robot_controller
[2.988s] -- Up-to-date: /ROS_ws/install/pc_robot_controller/share/pc_robot_controller/cmake/pc_robot_controllerConfig.cmake
[2.988s] -- Up-to-date: /ROS_ws/install/pc_robot_controller/share/pc_robot_controller/cmake/pc_robot_controllerConfig-version.cmake
[2.988s] -- Up-to-date: /ROS_ws/install/pc_robot_controller/share/pc_robot_controller/package.xml
[2.991s] Invoked command in '/ROS_ws/build/pc_robot_controller' returned '0': CMAKE_PREFIX_PATH=${CMAKE_PREFIX_PATH}:/opt/ros/humble /usr/bin/cmake --install /ROS_ws/build/pc_robot_controller
