[35m[1mConsolidate compiler generated dependencies of target controller[0m
[ 50%] [32mBuilding CXX object CMakeFiles/controller.dir/src/controller.cpp.o[0m
[01m[K/ROS_ws/src/pc_robot_controller/src/controller.cpp:[m[K In member function ‘[01m[Kvoid Controller::ui_main()[m[K’:
[01m[K/ROS_ws/src/pc_robot_controller/src/controller.cpp:52:43:[m[K [01;35m[Kwarning: [m[Knarrowing conversion of ‘[01m[K(screenWidth / 2)[m[K’ from ‘[01m[Kint[m[K’ to ‘[01m[Kfloat[m[K’ [[01;35m[K-Wnarrowing[m[K]
   52 | robot.origin = Vector2{[01;35m[KscreenWidth/2[m[K, screenHeight/2};
      |                        [01;35m[K~~~~~~~~~~~^~[m[K

[01m[K/ROS_ws/src/pc_robot_controller/src/controller.cpp:52:59:[m[K [01;35m[Kwarning: [m[Knarrowing conversion of ‘[01m[K(screenHeight / 2)[m[K’ from ‘[01m[Kint[m[K’ to ‘[01m[Kfloat[m[K’ [[01;35m[K-Wnarrowing[m[K]
   52 | gin = Vector2{screenWidth/2, [01;35m[KscreenHeight/2[m[K};
      |                              [01;35m[K~~~~~~~~~~~~^~[m[K

[01m[K/ROS_ws/src/pc_robot_controller/src/controller.cpp:73:60:[m[K [01;35m[Kwarning: [m[Knarrowing conversion of ‘[01m[K(screenWidth - 210)[m[K’ from ‘[01m[Kint[m[K’ to ‘[01m[Kfloat[m[K’ [[01;35m[K-Wnarrowing[m[K]
   73 | ("daiza_clamp mech", {[01;35m[KscreenWidth -210[m[K, 370}, 20);
      |                       [01;35m[K~~~~~~~~~~~~^~~~[m[K

[01m[K/ROS_ws/src/pc_robot_controller/src/controller.cpp:74:48:[m[K [01;35m[Kwarning: [m[Knarrowing conversion of ‘[01m[K(screenWidth - 200)[m[K’ from ‘[01m[Kint[m[K’ to ‘[01m[Kfloat[m[K’ [[01;35m[K-Wnarrowing[m[K]
   74 | e_button daiza_cyl12({[01;35m[KscreenWidth -200[m[K, 400}, 130, 70, GRAY, PINK);
      |                       [01;35m[K~~~~~~~~~~~~^~~~[m[K

[01m[K/ROS_ws/src/pc_robot_controller/src/controller.cpp:75:47:[m[K [01;35m[Kwarning: [m[Knarrowing conversion of ‘[01m[K(screenWidth - 200)[m[K’ from ‘[01m[Kint[m[K’ to ‘[01m[Kfloat[m[K’ [[01;35m[K-Wnarrowing[m[K]
   75 | le_button daiza_cyl3({[01;35m[KscreenWidth -200[m[K, 500}, 130, 70, GRAY, PINK);
      |                       [01;35m[K~~~~~~~~~~~~^~~~[m[K

[01m[K/ROS_ws/src/pc_robot_controller/src/controller.cpp:76:47:[m[K [01;35m[Kwarning: [m[Knarrowing conversion of ‘[01m[K(screenWidth - 200)[m[K’ from ‘[01m[Kint[m[K’ to ‘[01m[Kfloat[m[K’ [[01;35m[K-Wnarrowing[m[K]
   76 | le_button daiza_cyl4({[01;35m[KscreenWidth -200[m[K, 600}, 130, 70, GRAY, PINK);
      |                       [01;35m[K~~~~~~~~~~~~^~~~[m[K

[01m[K/ROS_ws/src/pc_robot_controller/src/controller.cpp:77:56:[m[K [01;35m[Kwarning: [m[Knarrowing conversion of ‘[01m[K(screenWidth - 190)[m[K’ from ‘[01m[Kint[m[K’ to ‘[01m[Kfloat[m[K’ [[01;35m[K-Wnarrowing[m[K]
   77 | yl12("cylinder 1,2", {[01;35m[KscreenWidth -190[m[K, 425}, 20);
      |                       [01;35m[K~~~~~~~~~~~~^~~~[m[K

[01m[K/ROS_ws/src/pc_robot_controller/src/controller.cpp:78:53:[m[K [01;35m[Kwarning: [m[Knarrowing conversion of ‘[01m[K(screenWidth - 190)[m[K’ from ‘[01m[Kint[m[K’ to ‘[01m[Kfloat[m[K’ [[01;35m[K-Wnarrowing[m[K]
   78 | l_cyl3("cylinder 3", {[01;35m[KscreenWidth -190[m[K, 525}, 20);
      |                       [01;35m[K~~~~~~~~~~~~^~~~[m[K

[01m[K/ROS_ws/src/pc_robot_controller/src/controller.cpp:79:53:[m[K [01;35m[Kwarning: [m[Knarrowing conversion of ‘[01m[K(screenWidth - 190)[m[K’ from ‘[01m[Kint[m[K’ to ‘[01m[Kfloat[m[K’ [[01;35m[K-Wnarrowing[m[K]
   79 | l_cyl4("cylinder 4", {[01;35m[KscreenWidth -190[m[K, 625}, 20);
      |                       [01;35m[K~~~~~~~~~~~~^~~~[m[K

[01m[K/ROS_ws/src/pc_robot_controller/src/controller.cpp:81:60:[m[K [01;35m[Kwarning: [m[Knarrowing conversion of ‘[01m[K(screenWidth - 210)[m[K’ from ‘[01m[Kint[m[K’ to ‘[01m[Kfloat[m[K’ [[01;35m[K-Wnarrowing[m[K]
   81 | "hina_dustpan mech", {[01;35m[KscreenWidth -210[m[K, 70}, 20);
      |                       [01;35m[K~~~~~~~~~~~~^~~~[m[K

[01m[K/ROS_ws/src/pc_robot_controller/src/controller.cpp:82:48:[m[K [01;35m[Kwarning: [m[Knarrowing conversion of ‘[01m[K(screenWidth - 200)[m[K’ from ‘[01m[Kint[m[K’ to ‘[01m[Kfloat[m[K’ [[01;35m[K-Wnarrowing[m[K]
   82 | e_button hina_expand({[01;35m[KscreenWidth -200[m[K, 100}, 130, 70, GRAY, PINK);
      |                       [01;35m[K~~~~~~~~~~~~^~~~[m[K

[01m[K/ROS_ws/src/pc_robot_controller/src/controller.cpp:83:40:[m[K [01;35m[Kwarning: [m[Knarrowing conversion of ‘[01m[K(screenWidth - 200)[m[K’ from ‘[01m[Kint[m[K’ to ‘[01m[Kfloat[m[K’ [[01;35m[K-Wnarrowing[m[K]
   83 |    slider hina_angle({[01;35m[KscreenWidth -200[m[K, 220}, {screenWidth -70, 220}, 5.0f, BLUE, 0.5);
      |                       [01;35m[K~~~~~~~~~~~~^~~~[m[K

[01m[K/ROS_ws/src/pc_robot_controller/src/controller.cpp:83:65:[m[K [01;35m[Kwarning: [m[Knarrowing conversion of ‘[01m[K(screenWidth - 70)[m[K’ from ‘[01m[Kint[m[K’ to ‘[01m[Kfloat[m[K’ [[01;35m[K-Wnarrowing[m[K]
   83 | eenWidth -200, 220}, {[01;35m[KscreenWidth -70[m[K, 220}, 5.0f, BLUE, 0.5);
      |                       [01;35m[K~~~~~~~~~~~~^~~[m[K

[01m[K/ROS_ws/src/pc_robot_controller/src/controller.cpp:84:36:[m[K [01;35m[Kwarning: [m[Knarrowing conversion of ‘[01m[K(screenWidth - 200)[m[K’ from ‘[01m[Kint[m[K’ to ‘[01m[Kfloat[m[K’ [[01;35m[K-Wnarrowing[m[K]
   84 |        slider servo1({[01;35m[KscreenWidth -200[m[K, 280}, {screenWidth -70, 280}, 5.0f, BLUE, 0.5);
      |                       [01;35m[K~~~~~~~~~~~~^~~~[m[K

[01m[K/ROS_ws/src/pc_robot_controller/src/controller.cpp:84:61:[m[K [01;35m[Kwarning: [m[Knarrowing conversion of ‘[01m[K(screenWidth - 70)[m[K’ from ‘[01m[Kint[m[K’ to ‘[01m[Kfloat[m[K’ [[01;35m[K-Wnarrowing[m[K]
   84 | eenWidth -200, 280}, {[01;35m[KscreenWidth -70[m[K, 280}, 5.0f, BLUE, 0.5);
      |                       [01;35m[K~~~~~~~~~~~~^~~[m[K

[01m[K/ROS_ws/src/pc_robot_controller/src/controller.cpp:85:36:[m[K [01;35m[Kwarning: [m[Knarrowing conversion of ‘[01m[K(screenWidth - 200)[m[K’ from ‘[01m[Kint[m[K’ to ‘[01m[Kfloat[m[K’ [[01;35m[K-Wnarrowing[m[K]
   85 |        slider servo2({[01;35m[KscreenWidth -200[m[K, 340}, {screenWidth -70, 340}, 5.0f, BLUE, 0.5);
      |                       [01;35m[K~~~~~~~~~~~~^~~~[m[K

[01m[K/ROS_ws/src/pc_robot_controller/src/controller.cpp:85:61:[m[K [01;35m[Kwarning: [m[Knarrowing conversion of ‘[01m[K(screenWidth - 70)[m[K’ from ‘[01m[Kint[m[K’ to ‘[01m[Kfloat[m[K’ [[01;35m[K-Wnarrowing[m[K]
   85 | eenWidth -200, 340}, {[01;35m[KscreenWidth -70[m[K, 340}, 5.0f, BLUE, 0.5);
      |                       [01;35m[K~~~~~~~~~~~~^~~[m[K

[01m[K/ROS_ws/src/pc_robot_controller/src/controller.cpp:86:61:[m[K [01;35m[Kwarning: [m[Knarrowing conversion of ‘[01m[K(screenWidth - 190)[m[K’ from ‘[01m[Kint[m[K’ to ‘[01m[Kfloat[m[K’ [[01;35m[K-Wnarrowing[m[K]
   86 | xpand("hina expand", {[01;35m[KscreenWidth -190[m[K, 125}, 20);
      |                       [01;35m[K~~~~~~~~~~~~^~~~[m[K

[01m[K/ROS_ws/src/pc_robot_controller/src/controller.cpp:87:59:[m[K [01;35m[Kwarning: [m[Knarrowing conversion of ‘[01m[K(screenWidth - 190)[m[K’ from ‘[01m[Kint[m[K’ to ‘[01m[Kfloat[m[K’ [[01;35m[K-Wnarrowing[m[K]
   87 | _angle("hina angle", {[01;35m[KscreenWidth -190[m[K, 190}, 20);
      |                       [01;35m[K~~~~~~~~~~~~^~~~[m[K

[01m[K/ROS_ws/src/pc_robot_controller/src/controller.cpp:88:51:[m[K [01;35m[Kwarning: [m[Knarrowing conversion of ‘[01m[K(screenWidth - 190)[m[K’ from ‘[01m[Kint[m[K’ to ‘[01m[Kfloat[m[K’ [[01;35m[K-Wnarrowing[m[K]
   88 | bel_servo1("servo1", {[01;35m[KscreenWidth -190[m[K, 250}, 20);
      |                       [01;35m[K~~~~~~~~~~~~^~~~[m[K

[01m[K/ROS_ws/src/pc_robot_controller/src/controller.cpp:89:51:[m[K [01;35m[Kwarning: [m[Knarrowing conversion of ‘[01m[K(screenWidth - 190)[m[K’ from ‘[01m[Kint[m[K’ to ‘[01m[Kfloat[m[K’ [[01;35m[K-Wnarrowing[m[K]
   89 | bel_servo2("servo2", {[01;35m[KscreenWidth -190[m[K, 310}, 20);
      |                       [01;35m[K~~~~~~~~~~~~^~~~[m[K

[01m[K/ROS_ws/src/pc_robot_controller/src/controller.cpp:104:43:[m[K [01;35m[Kwarning: [m[Knarrowing conversion of ‘[01m[K(screenWidth - 210)[m[K’ from ‘[01m[Kint[m[K’ to ‘[01m[Kfloat[m[K’ [[01;35m[K-Wnarrowing[m[K]
  104 |     title_daize.move({[01;35m[KscreenWidth -210[m[K, 370});
      |                       [01;35m[K~~~~~~~~~~~~^~~~[m[K

[01m[K/ROS_ws/src/pc_robot_controller/src/controller.cpp:105:43:[m[K [01;35m[Kwarning: [m[Knarrowing conversion of ‘[01m[K(screenWidth - 200)[m[K’ from ‘[01m[Kint[m[K’ to ‘[01m[Kfloat[m[K’ [[01;35m[K-Wnarrowing[m[K]
  105 |     daiza_cyl12.move({[01;35m[KscreenWidth -200[m[K, 400});
      |                       [01;35m[K~~~~~~~~~~~~^~~~[m[K

[01m[K/ROS_ws/src/pc_robot_controller/src/controller.cpp:106:42:[m[K [01;35m[Kwarning: [m[Knarrowing conversion of ‘[01m[K(screenWidth - 200)[m[K’ from ‘[01m[Kint[m[K’ to ‘[01m[Kfloat[m[K’ [[01;35m[K-Wnarrowing[m[K]
  106 |      daiza_cyl3.move({[01;35m[KscreenWidth -200[m[K, 500});
      |                       [01;35m[K~~~~~~~~~~~~^~~~[m[K

[01m[K/ROS_ws/src/pc_robot_controller/src/controller.cpp:107:42:[m[K [01;35m[Kwarning: [m[Knarrowing conversion of ‘[01m[K(screenWidth - 200)[m[K’ from ‘[01m[Kint[m[K’ to ‘[01m[Kfloat[m[K’ [[01;35m[K-Wnarrowing[m[K]
  107 |      daiza_cyl4.move({[01;35m[KscreenWidth -200[m[K, 600});
      |                       [01;35m[K~~~~~~~~~~~~^~~~[m[K

[01m[K/ROS_ws/src/pc_robot_controller/src/controller.cpp:108:43:[m[K [01;35m[Kwarning: [m[Knarrowing conversion of ‘[01m[K(screenWidth - 190)[m[K’ from ‘[01m[Kint[m[K’ to ‘[01m[Kfloat[m[K’ [[01;35m[K-Wnarrowing[m[K]
  108 |     label_cyl12.move({[01;35m[KscreenWidth -190[m[K, 425});
      |                       [01;35m[K~~~~~~~~~~~~^~~~[m[K

[01m[K/ROS_ws/src/pc_robot_controller/src/controller.cpp:109:42:[m[K [01;35m[Kwarning: [m[Knarrowing conversion of ‘[01m[K(screenWidth - 190)[m[K’ from ‘[01m[Kint[m[K’ to ‘[01m[Kfloat[m[K’ [[01;35m[K-Wnarrowing[m[K]
  109 |      label_cyl3.move({[01;35m[KscreenWidth -190[m[K, 525});
      |                       [01;35m[K~~~~~~~~~~~~^~~~[m[K

[01m[K/ROS_ws/src/pc_robot_controller/src/controller.cpp:110:42:[m[K [01;35m[Kwarning: [m[Knarrowing conversion of ‘[01m[K(screenWidth - 190)[m[K’ from ‘[01m[Kint[m[K’ to ‘[01m[Kfloat[m[K’ [[01;35m[K-Wnarrowing[m[K]
  110 |      label_cyl4.move({[01;35m[KscreenWidth -190[m[K, 625});
      |                       [01;35m[K~~~~~~~~~~~~^~~~[m[K

[01m[K/ROS_ws/src/pc_robot_controller/src/controller.cpp:111:42:[m[K [01;35m[Kwarning: [m[Knarrowing conversion of ‘[01m[K(screenWidth - 210)[m[K’ from ‘[01m[Kint[m[K’ to ‘[01m[Kfloat[m[K’ [[01;35m[K-Wnarrowing[m[K]
  111 |      title_hina.move({[01;35m[KscreenWidth -210[m[K, 70});
      |                       [01;35m[K~~~~~~~~~~~~^~~~[m[K

[01m[K/ROS_ws/src/pc_robot_controller/src/controller.cpp:112:43:[m[K [01;35m[Kwarning: [m[Knarrowing conversion of ‘[01m[K(screenWidth - 200)[m[K’ from ‘[01m[Kint[m[K’ to ‘[01m[Kfloat[m[K’ [[01;35m[K-Wnarrowing[m[K]
  112 |     hina_expand.move({[01;35m[KscreenWidth -200[m[K, 100});
      |                       [01;35m[K~~~~~~~~~~~~^~~~[m[K

[01m[K/ROS_ws/src/pc_robot_controller/src/controller.cpp:113:42:[m[K [01;35m[Kwarning: [m[Knarrowing conversion of ‘[01m[K(screenWidth - 200)[m[K’ from ‘[01m[Kint[m[K’ to ‘[01m[Kfloat[m[K’ [[01;35m[K-Wnarrowing[m[K]
  113 |      hina_angle.move({[01;35m[KscreenWidth -200[m[K, 220});
      |                       [01;35m[K~~~~~~~~~~~~^~~~[m[K

[01m[K/ROS_ws/src/pc_robot_controller/src/controller.cpp:114:38:[m[K [01;35m[Kwarning: [m[Knarrowing conversion of ‘[01m[K(screenWidth - 200)[m[K’ from ‘[01m[Kint[m[K’ to ‘[01m[Kfloat[m[K’ [[01;35m[K-Wnarrowing[m[K]
  114 |          servo1.move({[01;35m[KscreenWidth -200[m[K, 280});
      |                       [01;35m[K~~~~~~~~~~~~^~~~[m[K

[01m[K/ROS_ws/src/pc_robot_controller/src/controller.cpp:115:38:[m[K [01;35m[Kwarning: [m[Knarrowing conversion of ‘[01m[K(screenWidth - 200)[m[K’ from ‘[01m[Kint[m[K’ to ‘[01m[Kfloat[m[K’ [[01;35m[K-Wnarrowing[m[K]
  115 |          servo2.move({[01;35m[KscreenWidth -200[m[K, 340});
      |                       [01;35m[K~~~~~~~~~~~~^~~~[m[K

[01m[K/ROS_ws/src/pc_robot_controller/src/controller.cpp:116:49:[m[K [01;35m[Kwarning: [m[Knarrowing conversion of ‘[01m[K(screenWidth - 190)[m[K’ from ‘[01m[Kint[m[K’ to ‘[01m[Kfloat[m[K’ [[01;35m[K-Wnarrowing[m[K]
  116 | bel_hina_expand.move({[01;35m[KscreenWidth -190[m[K, 125});
      |                       [01;35m[K~~~~~~~~~~~~^~~~[m[K

[01m[K/ROS_ws/src/pc_robot_controller/src/controller.cpp:117:48:[m[K [01;35m[Kwarning: [m[Knarrowing conversion of ‘[01m[K(screenWidth - 190)[m[K’ from ‘[01m[Kint[m[K’ to ‘[01m[Kfloat[m[K’ [[01;35m[K-Wnarrowing[m[K]
  117 | abel_hina_angle.move({[01;35m[KscreenWidth -190[m[K, 190});
      |                       [01;35m[K~~~~~~~~~~~~^~~~[m[K

[01m[K/ROS_ws/src/pc_robot_controller/src/controller.cpp:118:44:[m[K [01;35m[Kwarning: [m[Knarrowing conversion of ‘[01m[K(screenWidth - 190)[m[K’ from ‘[01m[Kint[m[K’ to ‘[01m[Kfloat[m[K’ [[01;35m[K-Wnarrowing[m[K]
  118 |    label_servo1.move({[01;35m[KscreenWidth -190[m[K, 250});
      |                       [01;35m[K~~~~~~~~~~~~^~~~[m[K

[01m[K/ROS_ws/src/pc_robot_controller/src/controller.cpp:119:44:[m[K [01;35m[Kwarning: [m[Knarrowing conversion of ‘[01m[K(screenWidth - 190)[m[K’ from ‘[01m[Kint[m[K’ to ‘[01m[Kfloat[m[K’ [[01;35m[K-Wnarrowing[m[K]
  119 |    label_servo2.move({[01;35m[KscreenWidth -190[m[K, 310});
      |                       [01;35m[K~~~~~~~~~~~~^~~~[m[K

[01m[K/ROS_ws/src/pc_robot_controller/src/controller.cpp:120:47:[m[K [01;35m[Kwarning: [m[Knarrowing conversion of ‘[01m[K(screenWidth / 2)[m[K’ from ‘[01m[Kint[m[K’ to ‘[01m[Kfloat[m[K’ [[01;35m[K-Wnarrowing[m[K]
  120 | robot.origin = Vector2{[01;35m[KscreenWidth/2[m[K, screenHeight/2};
      |                        [01;35m[K~~~~~~~~~~~^~[m[K

[01m[K/ROS_ws/src/pc_robot_controller/src/controller.cpp:120:63:[m[K [01;35m[Kwarning: [m[Knarrowing conversion of ‘[01m[K(screenHeight / 2)[m[K’ from ‘[01m[Kint[m[K’ to ‘[01m[Kfloat[m[K’ [[01;35m[K-Wnarrowing[m[K]
  120 | gin = Vector2{screenWidth/2, [01;35m[KscreenHeight/2[m[K};
      |                              [01;35m[K~~~~~~~~~~~~^~[m[K

[100%] [32m[1mLinking CXX executable controller[0m
[100%] Built target controller
-- Install configuration: ""
-- Installing: /ROS_ws/install/pc_robot_controller/lib/pc_robot_controller/controller
-- Set runtime path of "/ROS_ws/install/pc_robot_controller/lib/pc_robot_controller/controller" to ""
-- Up-to-date: /ROS_ws/install/pc_robot_controller/share/ament_index/resource_index/package_run_dependencies/pc_robot_controller
-- Up-to-date: /ROS_ws/install/pc_robot_controller/share/ament_index/resource_index/parent_prefix_path/pc_robot_controller
-- Up-to-date: /ROS_ws/install/pc_robot_controller/share/pc_robot_controller/environment/ament_prefix_path.sh
-- Up-to-date: /ROS_ws/install/pc_robot_controller/share/pc_robot_controller/environment/ament_prefix_path.dsv
-- Up-to-date: /ROS_ws/install/pc_robot_controller/share/pc_robot_controller/environment/path.sh
-- Up-to-date: /ROS_ws/install/pc_robot_controller/share/pc_robot_controller/environment/path.dsv
-- Up-to-date: /ROS_ws/install/pc_robot_controller/share/pc_robot_controller/local_setup.bash
-- Up-to-date: /ROS_ws/install/pc_robot_controller/share/pc_robot_controller/local_setup.sh
-- Up-to-date: /ROS_ws/install/pc_robot_controller/share/pc_robot_controller/local_setup.zsh
-- Up-to-date: /ROS_ws/install/pc_robot_controller/share/pc_robot_controller/local_setup.dsv
-- Installing: /ROS_ws/install/pc_robot_controller/share/pc_robot_controller/package.dsv
-- Up-to-date: /ROS_ws/install/pc_robot_controller/share/ament_index/resource_index/packages/pc_robot_controller
-- Up-to-date: /ROS_ws/install/pc_robot_controller/share/pc_robot_controller/cmake/pc_robot_controllerConfig.cmake
-- Up-to-date: /ROS_ws/install/pc_robot_controller/share/pc_robot_controller/cmake/pc_robot_controllerConfig-version.cmake
-- Up-to-date: /ROS_ws/install/pc_robot_controller/share/pc_robot_controller/package.xml
