[0.010s] Invoking command in '/ROS_ws/build/pc_robot_controller': CMAKE_PREFIX_PATH=${CMAKE_PREFIX_PATH}:/opt/ros/humble /usr/bin/cmake --build /ROS_ws/build/pc_robot_controller -- -j12 -l12
[0.221s] [ 50%] [32mBuilding CXX object CMakeFiles/controller.dir/src/controller.cpp.o[0m
[3.140s] [100%] [32m[1mLinking CXX executable controller[0m
[3.380s] [100%] Built target controller
[3.385s] Invoked command in '/ROS_ws/build/pc_robot_controller' returned '0': CMAKE_PREFIX_PATH=${CMAKE_PREFIX_PATH}:/opt/ros/humble /usr/bin/cmake --build /ROS_ws/build/pc_robot_controller -- -j12 -l12
[3.398s] Invoking command in '/ROS_ws/build/pc_robot_controller': CMAKE_PREFIX_PATH=${CMAKE_PREFIX_PATH}:/opt/ros/humble /usr/bin/cmake --install /ROS_ws/build/pc_robot_controller
[3.402s] -- Install configuration: ""
[3.403s] -- Installing: /ROS_ws/install/pc_robot_controller/lib/pc_robot_controller/controller
[3.406s] -- Set runtime path of "/ROS_ws/install/pc_robot_controller/lib/pc_robot_controller/controller" to ""
[3.407s] -- Up-to-date: /ROS_ws/install/pc_robot_controller/share/ament_index/resource_index/package_run_dependencies/pc_robot_controller
[3.407s] -- Up-to-date: /ROS_ws/install/pc_robot_controller/share/ament_index/resource_index/parent_prefix_path/pc_robot_controller
[3.407s] -- Up-to-date: /ROS_ws/install/pc_robot_controller/share/pc_robot_controller/environment/ament_prefix_path.sh
[3.407s] -- Up-to-date: /ROS_ws/install/pc_robot_controller/share/pc_robot_controller/environment/ament_prefix_path.dsv
[3.407s] -- Up-to-date: /ROS_ws/install/pc_robot_controller/share/pc_robot_controller/environment/path.sh
[3.407s] -- Up-to-date: /ROS_ws/install/pc_robot_controller/share/pc_robot_controller/environment/path.dsv
[3.407s] -- Up-to-date: /ROS_ws/install/pc_robot_controller/share/pc_robot_controller/local_setup.bash
[3.407s] -- Up-to-date: /ROS_ws/install/pc_robot_controller/share/pc_robot_controller/local_setup.sh
[3.407s] -- Up-to-date: /ROS_ws/install/pc_robot_controller/share/pc_robot_controller/local_setup.zsh
[3.407s] -- Up-to-date: /ROS_ws/install/pc_robot_controller/share/pc_robot_controller/local_setup.dsv
[3.407s] -- Installing: /ROS_ws/install/pc_robot_controller/share/pc_robot_controller/package.dsv
[3.407s] -- Up-to-date: /ROS_ws/install/pc_robot_controller/share/ament_index/resource_index/packages/pc_robot_controller
[3.407s] -- Up-to-date: /ROS_ws/install/pc_robot_controller/share/pc_robot_controller/cmake/pc_robot_controllerConfig.cmake
[3.407s] -- Up-to-date: /ROS_ws/install/pc_robot_controller/share/pc_robot_controller/cmake/pc_robot_controllerConfig-version.cmake
[3.407s] -- Up-to-date: /ROS_ws/install/pc_robot_controller/share/pc_robot_controller/package.xml
[3.409s] Invoked command in '/ROS_ws/build/pc_robot_controller' returned '0': CMAKE_PREFIX_PATH=${CMAKE_PREFIX_PATH}:/opt/ros/humble /usr/bin/cmake --install /ROS_ws/build/pc_robot_controller
