[0.155s] Invoking command in '/ROS_ws/build/pc_robot_controller': CMAKE_PREFIX_PATH=${CMAKE_PREFIX_PATH}:/opt/ros/humble /usr/bin/cmake --build /ROS_ws/build/pc_robot_controller -- -j12 -l12
[0.187s] [35m[1mConsolidate compiler generated dependencies of target controller[0m
[0.209s] [100%] Built target controller
[0.222s] Invoked command in '/ROS_ws/build/pc_robot_controller' returned '0': CMAKE_PREFIX_PATH=${CMAKE_PREFIX_PATH}:/opt/ros/humble /usr/bin/cmake --build /ROS_ws/build/pc_robot_controller -- -j12 -l12
[0.248s] Invoking command in '/ROS_ws/build/pc_robot_controller': CMAKE_PREFIX_PATH=${CMAKE_PREFIX_PATH}:/opt/ros/humble /usr/bin/cmake --install /ROS_ws/build/pc_robot_controller
[0.257s] -- Install configuration: ""
[0.257s] -- Up-to-date: /ROS_ws/install/pc_robot_controller/lib/pc_robot_controller/controller
[0.257s] -- Up-to-date: /ROS_ws/install/pc_robot_controller/share/ament_index/resource_index/package_run_dependencies/pc_robot_controller
[0.257s] -- Up-to-date: /ROS_ws/install/pc_robot_controller/share/ament_index/resource_index/parent_prefix_path/pc_robot_controller
[0.257s] -- Up-to-date: /ROS_ws/install/pc_robot_controller/share/pc_robot_controller/environment/ament_prefix_path.sh
[0.257s] -- Up-to-date: /ROS_ws/install/pc_robot_controller/share/pc_robot_controller/environment/ament_prefix_path.dsv
[0.257s] -- Up-to-date: /ROS_ws/install/pc_robot_controller/share/pc_robot_controller/environment/path.sh
[0.257s] -- Up-to-date: /ROS_ws/install/pc_robot_controller/share/pc_robot_controller/environment/path.dsv
[0.257s] -- Up-to-date: /ROS_ws/install/pc_robot_controller/share/pc_robot_controller/local_setup.bash
[0.257s] -- Up-to-date: /ROS_ws/install/pc_robot_controller/share/pc_robot_controller/local_setup.sh
[0.257s] -- Up-to-date: /ROS_ws/install/pc_robot_controller/share/pc_robot_controller/local_setup.zsh
[0.257s] -- Up-to-date: /ROS_ws/install/pc_robot_controller/share/pc_robot_controller/local_setup.dsv
[0.257s] -- Installing: /ROS_ws/install/pc_robot_controller/share/pc_robot_controller/package.dsv
[0.258s] -- Up-to-date: /ROS_ws/install/pc_robot_controller/share/ament_index/resource_index/packages/pc_robot_controller
[0.258s] -- Up-to-date: /ROS_ws/install/pc_robot_controller/share/pc_robot_controller/cmake/pc_robot_controllerConfig.cmake
[0.258s] -- Up-to-date: /ROS_ws/install/pc_robot_controller/share/pc_robot_controller/cmake/pc_robot_controllerConfig-version.cmake
[0.258s] -- Up-to-date: /ROS_ws/install/pc_robot_controller/share/pc_robot_controller/package.xml
[0.267s] Invoked command in '/ROS_ws/build/pc_robot_controller' returned '0': CMAKE_PREFIX_PATH=${CMAKE_PREFIX_PATH}:/opt/ros/humble /usr/bin/cmake --install /ROS_ws/build/pc_robot_controller
