[  1%] Built target mecha_control__cpp
[ 12%] Built target mecha_control__rosidl_generator_c
[ 12%] Built target ament_cmake_python_copy_mecha_control
[ 23%] Built target mecha_control__rosidl_typesupport_c
[ 38%] Built target mecha_control__rosidl_typesupport_cpp
[ 45%] Built target mecha_control__rosidl_typesupport_introspection_c
[ 56%] Built target mecha_control__rosidl_typesupport_fastrtps_cpp
[ 67%] Built target mecha_control__rosidl_typesupport_introspection_cpp
[ 78%] Built target mecha_control__rosidl_typesupport_fastrtps_c
[35m[1mConsolidate compiler generated dependencies of target cmd_seq[0m
[ 78%] Built target mecha_control
[ 79%] [32mBuilding CXX object CMakeFiles/cmd_seq.dir/src/cmd_seq.cpp.o[0m
[ 80%] Built target mecha_control__py
[ 90%] Built target mecha_control__rosidl_generator_py
[ 93%] Built target mecha_control__rosidl_typesupport_introspection_c__pyext
[ 95%] Built target mecha_control__rosidl_typesupport_fastrtps_c__pyext
[ 98%] Built target mecha_control__rosidl_typesupport_c__pyext
running egg_info
writing mecha_control.egg-info/PKG-INFO
writing dependency_links to mecha_control.egg-info/dependency_links.txt
writing top-level names to mecha_control.egg-info/top_level.txt
reading manifest file 'mecha_control.egg-info/SOURCES.txt'
writing manifest file 'mecha_control.egg-info/SOURCES.txt'
[ 98%] Built target ament_cmake_python_build_mecha_control_egg
[100%] [32m[1mLinking CXX executable cmd_seq[0m
[100%] Built target cmd_seq
-- Install configuration: ""
-- Up-to-date: /ROS_ws/install/mecha_control/share/ament_index/resource_index/rosidl_interfaces/mecha_control
-- Up-to-date: /ROS_ws/install/mecha_control/include/mecha_control/mecha_control
-- Up-to-date: /ROS_ws/install/mecha_control/include/mecha_control/mecha_control/srv
-- Up-to-date: /ROS_ws/install/mecha_control/include/mecha_control/mecha_control/srv/detail
-- Up-to-date: /ROS_ws/install/mecha_control/include/mecha_control/mecha_control/srv/detail/mech_cmd__type_support.h
-- Up-to-date: /ROS_ws/install/mecha_control/include/mecha_control/mecha_control/srv/detail/mech_cmd__functions.c
-- Up-to-date: /ROS_ws/install/mecha_control/include/mecha_control/mecha_control/srv/detail/mech_cmd__struct.h
-- Up-to-date: /ROS_ws/install/mecha_control/include/mecha_control/mecha_control/srv/detail/mech_cmd__functions.h
-- Up-to-date: /ROS_ws/install/mecha_control/include/mecha_control/mecha_control/srv/mech_cmd.h
-- Up-to-date: /ROS_ws/install/mecha_control/include/mecha_control/mecha_control/msg
-- Up-to-date: /ROS_ws/install/mecha_control/include/mecha_control/mecha_control/msg/point_and_mecha_state.h
-- Up-to-date: /ROS_ws/install/mecha_control/include/mecha_control/mecha_control/msg/rosidl_generator_c__visibility_control.h
-- Up-to-date: /ROS_ws/install/mecha_control/include/mecha_control/mecha_control/msg/sensor_states.h
-- Up-to-date: /ROS_ws/install/mecha_control/include/mecha_control/mecha_control/msg/detail
-- Up-to-date: /ROS_ws/install/mecha_control/include/mecha_control/mecha_control/msg/detail/sensor_states__type_support.h
-- Up-to-date: /ROS_ws/install/mecha_control/include/mecha_control/mecha_control/msg/detail/point_and_mecha_state_array__struct.h
-- Up-to-date: /ROS_ws/install/mecha_control/include/mecha_control/mecha_control/msg/detail/point_and_mecha_state__functions.c
-- Up-to-date: /ROS_ws/install/mecha_control/include/mecha_control/mecha_control/msg/detail/point_and_mecha_state_array__type_support.h
-- Up-to-date: /ROS_ws/install/mecha_control/include/mecha_control/mecha_control/msg/detail/mecha_state__functions.h
-- Up-to-date: /ROS_ws/install/mecha_control/include/mecha_control/mecha_control/msg/detail/point_and_mecha_state_array__functions.c
-- Up-to-date: /ROS_ws/install/mecha_control/include/mecha_control/mecha_control/msg/detail/sensor_states__functions.h
-- Up-to-date: /ROS_ws/install/mecha_control/include/mecha_control/mecha_control/msg/detail/sensor_states__struct.h
-- Up-to-date: /ROS_ws/install/mecha_control/include/mecha_control/mecha_control/msg/detail/actuator_commands__type_support.h
-- Up-to-date: /ROS_ws/install/mecha_control/include/mecha_control/mecha_control/msg/detail/point_and_mecha_state__type_support.h
-- Up-to-date: /ROS_ws/install/mecha_control/include/mecha_control/mecha_control/msg/detail/point_and_mecha_state__struct.h
-- Up-to-date: /ROS_ws/install/mecha_control/include/mecha_control/mecha_control/msg/detail/actuator_commands__struct.h
-- Up-to-date: /ROS_ws/install/mecha_control/include/mecha_control/mecha_control/msg/detail/mecha_state__type_support.h
-- Up-to-date: /ROS_ws/install/mecha_control/include/mecha_control/mecha_control/msg/detail/point_and_mecha_state_array__functions.h
-- Up-to-date: /ROS_ws/install/mecha_control/include/mecha_control/mecha_control/msg/detail/mecha_state__functions.c
-- Up-to-date: /ROS_ws/install/mecha_control/include/mecha_control/mecha_control/msg/detail/mecha_state__struct.h
-- Up-to-date: /ROS_ws/install/mecha_control/include/mecha_control/mecha_control/msg/detail/point_and_mecha_state__functions.h
-- Up-to-date: /ROS_ws/install/mecha_control/include/mecha_control/mecha_control/msg/detail/sensor_states__functions.c
-- Up-to-date: /ROS_ws/install/mecha_control/include/mecha_control/mecha_control/msg/detail/actuator_commands__functions.h
-- Up-to-date: /ROS_ws/install/mecha_control/include/mecha_control/mecha_control/msg/detail/actuator_commands__functions.c
-- Up-to-date: /ROS_ws/install/mecha_control/include/mecha_control/mecha_control/msg/actuator_commands.h
-- Up-to-date: /ROS_ws/install/mecha_control/include/mecha_control/mecha_control/msg/mecha_state.h
-- Up-to-date: /ROS_ws/install/mecha_control/include/mecha_control/mecha_control/msg/point_and_mecha_state_array.h
-- Up-to-date: /ROS_ws/install/mecha_control/share/mecha_control/environment/library_path.sh
-- Installing: /ROS_ws/install/mecha_control/share/mecha_control/environment/library_path.dsv
-- Up-to-date: /ROS_ws/install/mecha_control/lib/libmecha_control__rosidl_generator_c.so
-- Up-to-date: /ROS_ws/install/mecha_control/include/mecha_control/mecha_control
-- Up-to-date: /ROS_ws/install/mecha_control/include/mecha_control/mecha_control/srv
-- Up-to-date: /ROS_ws/install/mecha_control/include/mecha_control/mecha_control/srv/detail
-- Up-to-date: /ROS_ws/install/mecha_control/include/mecha_control/mecha_control/srv/detail/mech_cmd__rosidl_typesupport_fastrtps_c.h
-- Up-to-date: /ROS_ws/install/mecha_control/include/mecha_control/mecha_control/msg
-- Up-to-date: /ROS_ws/install/mecha_control/include/mecha_control/mecha_control/msg/detail
-- Up-to-date: /ROS_ws/install/mecha_control/include/mecha_control/mecha_control/msg/detail/actuator_commands__rosidl_typesupport_fastrtps_c.h
-- Up-to-date: /ROS_ws/install/mecha_control/include/mecha_control/mecha_control/msg/detail/point_and_mecha_state_array__rosidl_typesupport_fastrtps_c.h
-- Up-to-date: /ROS_ws/install/mecha_control/include/mecha_control/mecha_control/msg/detail/sensor_states__rosidl_typesupport_fastrtps_c.h
-- Up-to-date: /ROS_ws/install/mecha_control/include/mecha_control/mecha_control/msg/detail/point_and_mecha_state__rosidl_typesupport_fastrtps_c.h
-- Up-to-date: /ROS_ws/install/mecha_control/include/mecha_control/mecha_control/msg/detail/mecha_state__rosidl_typesupport_fastrtps_c.h
-- Up-to-date: /ROS_ws/install/mecha_control/include/mecha_control/mecha_control/msg/rosidl_typesupport_fastrtps_c__visibility_control.h
-- Up-to-date: /ROS_ws/install/mecha_control/lib/libmecha_control__rosidl_typesupport_fastrtps_c.so
-- Up-to-date: /ROS_ws/install/mecha_control/include/mecha_control/mecha_control
-- Up-to-date: /ROS_ws/install/mecha_control/include/mecha_control/mecha_control/srv
-- Up-to-date: /ROS_ws/install/mecha_control/include/mecha_control/mecha_control/srv/detail
-- Up-to-date: /ROS_ws/install/mecha_control/include/mecha_control/mecha_control/srv/detail/mech_cmd__struct.hpp
-- Up-to-date: /ROS_ws/install/mecha_control/include/mecha_control/mecha_control/srv/detail/mech_cmd__traits.hpp
-- Up-to-date: /ROS_ws/install/mecha_control/include/mecha_control/mecha_control/srv/detail/mech_cmd__builder.hpp
-- Up-to-date: /ROS_ws/install/mecha_control/include/mecha_control/mecha_control/srv/mech_cmd.hpp
-- Up-to-date: /ROS_ws/install/mecha_control/include/mecha_control/mecha_control/msg
-- Up-to-date: /ROS_ws/install/mecha_control/include/mecha_control/mecha_control/msg/point_and_mecha_state.hpp
-- Up-to-date: /ROS_ws/install/mecha_control/include/mecha_control/mecha_control/msg/sensor_states.hpp
-- Up-to-date: /ROS_ws/install/mecha_control/include/mecha_control/mecha_control/msg/detail
-- Up-to-date: /ROS_ws/install/mecha_control/include/mecha_control/mecha_control/msg/detail/point_and_mecha_state_array__builder.hpp
-- Up-to-date: /ROS_ws/install/mecha_control/include/mecha_control/mecha_control/msg/detail/sensor_states__traits.hpp
-- Up-to-date: /ROS_ws/install/mecha_control/include/mecha_control/mecha_control/msg/detail/mecha_state__traits.hpp
-- Up-to-date: /ROS_ws/install/mecha_control/include/mecha_control/mecha_control/msg/detail/mecha_state__struct.hpp
-- Up-to-date: /ROS_ws/install/mecha_control/include/mecha_control/mecha_control/msg/detail/actuator_commands__traits.hpp
-- Up-to-date: /ROS_ws/install/mecha_control/include/mecha_control/mecha_control/msg/detail/sensor_states__struct.hpp
-- Up-to-date: /ROS_ws/install/mecha_control/include/mecha_control/mecha_control/msg/detail/point_and_mecha_state__struct.hpp
-- Up-to-date: /ROS_ws/install/mecha_control/include/mecha_control/mecha_control/msg/detail/mecha_state__builder.hpp
-- Up-to-date: /ROS_ws/install/mecha_control/include/mecha_control/mecha_control/msg/detail/point_and_mecha_state_array__struct.hpp
-- Up-to-date: /ROS_ws/install/mecha_control/include/mecha_control/mecha_control/msg/detail/sensor_states__builder.hpp
-- Up-to-date: /ROS_ws/install/mecha_control/include/mecha_control/mecha_control/msg/detail/actuator_commands__struct.hpp
-- Up-to-date: /ROS_ws/install/mecha_control/include/mecha_control/mecha_control/msg/detail/actuator_commands__builder.hpp
-- Up-to-date: /ROS_ws/install/mecha_control/include/mecha_control/mecha_control/msg/detail/point_and_mecha_state__builder.hpp
-- Up-to-date: /ROS_ws/install/mecha_control/include/mecha_control/mecha_control/msg/detail/point_and_mecha_state__traits.hpp
-- Up-to-date: /ROS_ws/install/mecha_control/include/mecha_control/mecha_control/msg/detail/point_and_mecha_state_array__traits.hpp
-- Up-to-date: /ROS_ws/install/mecha_control/include/mecha_control/mecha_control/msg/actuator_commands.hpp
-- Up-to-date: /ROS_ws/install/mecha_control/include/mecha_control/mecha_control/msg/point_and_mecha_state_array.hpp
-- Up-to-date: /ROS_ws/install/mecha_control/include/mecha_control/mecha_control/msg/mecha_state.hpp
-- Up-to-date: /ROS_ws/install/mecha_control/include/mecha_control/mecha_control
-- Up-to-date: /ROS_ws/install/mecha_control/include/mecha_control/mecha_control/srv
-- Up-to-date: /ROS_ws/install/mecha_control/include/mecha_control/mecha_control/srv/detail
-- Up-to-date: /ROS_ws/install/mecha_control/include/mecha_control/mecha_control/srv/detail/dds_fastrtps
-- Up-to-date: /ROS_ws/install/mecha_control/include/mecha_control/mecha_control/srv/detail/mech_cmd__rosidl_typesupport_fastrtps_cpp.hpp
-- Up-to-date: /ROS_ws/install/mecha_control/include/mecha_control/mecha_control/msg
-- Up-to-date: /ROS_ws/install/mecha_control/include/mecha_control/mecha_control/msg/rosidl_typesupport_fastrtps_cpp__visibility_control.h
-- Up-to-date: /ROS_ws/install/mecha_control/include/mecha_control/mecha_control/msg/detail
-- Up-to-date: /ROS_ws/install/mecha_control/include/mecha_control/mecha_control/msg/detail/mecha_state__rosidl_typesupport_fastrtps_cpp.hpp
-- Up-to-date: /ROS_ws/install/mecha_control/include/mecha_control/mecha_control/msg/detail/dds_fastrtps
-- Up-to-date: /ROS_ws/install/mecha_control/include/mecha_control/mecha_control/msg/detail/actuator_commands__rosidl_typesupport_fastrtps_cpp.hpp
-- Up-to-date: /ROS_ws/install/mecha_control/include/mecha_control/mecha_control/msg/detail/point_and_mecha_state_array__rosidl_typesupport_fastrtps_cpp.hpp
-- Up-to-date: /ROS_ws/install/mecha_control/include/mecha_control/mecha_control/msg/detail/point_and_mecha_state__rosidl_typesupport_fastrtps_cpp.hpp
-- Up-to-date: /ROS_ws/install/mecha_control/include/mecha_control/mecha_control/msg/detail/sensor_states__rosidl_typesupport_fastrtps_cpp.hpp
-- Up-to-date: /ROS_ws/install/mecha_control/lib/libmecha_control__rosidl_typesupport_fastrtps_cpp.so
-- Up-to-date: /ROS_ws/install/mecha_control/include/mecha_control/mecha_control
-- Up-to-date: /ROS_ws/install/mecha_control/include/mecha_control/mecha_control/srv
-- Up-to-date: /ROS_ws/install/mecha_control/include/mecha_control/mecha_control/srv/detail
-- Up-to-date: /ROS_ws/install/mecha_control/include/mecha_control/mecha_control/srv/detail/mech_cmd__type_support.c
-- Up-to-date: /ROS_ws/install/mecha_control/include/mecha_control/mecha_control/srv/detail/mech_cmd__rosidl_typesupport_introspection_c.h
-- Up-to-date: /ROS_ws/install/mecha_control/include/mecha_control/mecha_control/msg
-- Up-to-date: /ROS_ws/install/mecha_control/include/mecha_control/mecha_control/msg/detail
-- Up-to-date: /ROS_ws/install/mecha_control/include/mecha_control/mecha_control/msg/detail/actuator_commands__type_support.c
-- Up-to-date: /ROS_ws/install/mecha_control/include/mecha_control/mecha_control/msg/detail/point_and_mecha_state__type_support.c
-- Up-to-date: /ROS_ws/install/mecha_control/include/mecha_control/mecha_control/msg/detail/mecha_state__rosidl_typesupport_introspection_c.h
-- Up-to-date: /ROS_ws/install/mecha_control/include/mecha_control/mecha_control/msg/detail/actuator_commands__rosidl_typesupport_introspection_c.h
-- Up-to-date: /ROS_ws/install/mecha_control/include/mecha_control/mecha_control/msg/detail/sensor_states__rosidl_typesupport_introspection_c.h
-- Up-to-date: /ROS_ws/install/mecha_control/include/mecha_control/mecha_control/msg/detail/point_and_mecha_state__rosidl_typesupport_introspection_c.h
-- Up-to-date: /ROS_ws/install/mecha_control/include/mecha_control/mecha_control/msg/detail/mecha_state__type_support.c
-- Up-to-date: /ROS_ws/install/mecha_control/include/mecha_control/mecha_control/msg/detail/point_and_mecha_state_array__rosidl_typesupport_introspection_c.h
-- Up-to-date: /ROS_ws/install/mecha_control/include/mecha_control/mecha_control/msg/detail/sensor_states__type_support.c
-- Up-to-date: /ROS_ws/install/mecha_control/include/mecha_control/mecha_control/msg/detail/point_and_mecha_state_array__type_support.c
-- Up-to-date: /ROS_ws/install/mecha_control/include/mecha_control/mecha_control/msg/rosidl_typesupport_introspection_c__visibility_control.h
-- Up-to-date: /ROS_ws/install/mecha_control/lib/libmecha_control__rosidl_typesupport_introspection_c.so
-- Up-to-date: /ROS_ws/install/mecha_control/lib/libmecha_control__rosidl_typesupport_c.so
-- Up-to-date: /ROS_ws/install/mecha_control/include/mecha_control/mecha_control
-- Up-to-date: /ROS_ws/install/mecha_control/include/mecha_control/mecha_control/srv
-- Up-to-date: /ROS_ws/install/mecha_control/include/mecha_control/mecha_control/srv/detail
-- Up-to-date: /ROS_ws/install/mecha_control/include/mecha_control/mecha_control/srv/detail/mech_cmd__rosidl_typesupport_introspection_cpp.hpp
-- Up-to-date: /ROS_ws/install/mecha_control/include/mecha_control/mecha_control/srv/detail/mech_cmd__type_support.cpp
-- Up-to-date: /ROS_ws/install/mecha_control/include/mecha_control/mecha_control/msg
-- Up-to-date: /ROS_ws/install/mecha_control/include/mecha_control/mecha_control/msg/detail
-- Up-to-date: /ROS_ws/install/mecha_control/include/mecha_control/mecha_control/msg/detail/point_and_mecha_state__rosidl_typesupport_introspection_cpp.hpp
-- Up-to-date: /ROS_ws/install/mecha_control/include/mecha_control/mecha_control/msg/detail/actuator_commands__rosidl_typesupport_introspection_cpp.hpp
-- Up-to-date: /ROS_ws/install/mecha_control/include/mecha_control/mecha_control/msg/detail/point_and_mecha_state_array__rosidl_typesupport_introspection_cpp.hpp
-- Up-to-date: /ROS_ws/install/mecha_control/include/mecha_control/mecha_control/msg/detail/sensor_states__rosidl_typesupport_introspection_cpp.hpp
-- Up-to-date: /ROS_ws/install/mecha_control/include/mecha_control/mecha_control/msg/detail/mecha_state__type_support.cpp
-- Up-to-date: /ROS_ws/install/mecha_control/include/mecha_control/mecha_control/msg/detail/actuator_commands__type_support.cpp
-- Up-to-date: /ROS_ws/install/mecha_control/include/mecha_control/mecha_control/msg/detail/mecha_state__rosidl_typesupport_introspection_cpp.hpp
-- Up-to-date: /ROS_ws/install/mecha_control/include/mecha_control/mecha_control/msg/detail/point_and_mecha_state_array__type_support.cpp
-- Up-to-date: /ROS_ws/install/mecha_control/include/mecha_control/mecha_control/msg/detail/sensor_states__type_support.cpp
-- Up-to-date: /ROS_ws/install/mecha_control/include/mecha_control/mecha_control/msg/detail/point_and_mecha_state__type_support.cpp
-- Up-to-date: /ROS_ws/install/mecha_control/lib/libmecha_control__rosidl_typesupport_introspection_cpp.so
-- Up-to-date: /ROS_ws/install/mecha_control/lib/libmecha_control__rosidl_typesupport_cpp.so
-- Up-to-date: /ROS_ws/install/mecha_control/share/mecha_control/environment/pythonpath.sh
-- Installing: /ROS_ws/install/mecha_control/share/mecha_control/environment/pythonpath.dsv
-- Up-to-date: /ROS_ws/install/mecha_control/local/lib/python3.10/dist-packages/mecha_control-0.0.0-py3.10.egg-info
-- Installing: /ROS_ws/install/mecha_control/local/lib/python3.10/dist-packages/mecha_control-0.0.0-py3.10.egg-info/SOURCES.txt
-- Installing: /ROS_ws/install/mecha_control/local/lib/python3.10/dist-packages/mecha_control-0.0.0-py3.10.egg-info/dependency_links.txt
-- Installing: /ROS_ws/install/mecha_control/local/lib/python3.10/dist-packages/mecha_control-0.0.0-py3.10.egg-info/PKG-INFO
-- Installing: /ROS_ws/install/mecha_control/local/lib/python3.10/dist-packages/mecha_control-0.0.0-py3.10.egg-info/top_level.txt
-- Up-to-date: /ROS_ws/install/mecha_control/local/lib/python3.10/dist-packages/mecha_control
-- Up-to-date: /ROS_ws/install/mecha_control/local/lib/python3.10/dist-packages/mecha_control/mecha_control_s__rosidl_typesupport_introspection_c.cpython-310-x86_64-linux-gnu.so
-- Up-to-date: /ROS_ws/install/mecha_control/local/lib/python3.10/dist-packages/mecha_control/srv
-- Up-to-date: /ROS_ws/install/mecha_control/local/lib/python3.10/dist-packages/mecha_control/srv/_mech_cmd_s.c
-- Up-to-date: /ROS_ws/install/mecha_control/local/lib/python3.10/dist-packages/mecha_control/srv/__init__.py
-- Up-to-date: /ROS_ws/install/mecha_control/local/lib/python3.10/dist-packages/mecha_control/srv/_mech_cmd.py
-- Up-to-date: /ROS_ws/install/mecha_control/local/lib/python3.10/dist-packages/mecha_control/_mecha_control_s.ep.rosidl_typesupport_fastrtps_c.c
-- Up-to-date: /ROS_ws/install/mecha_control/local/lib/python3.10/dist-packages/mecha_control/libmecha_control__rosidl_generator_py.so
-- Installing: /ROS_ws/install/mecha_control/local/lib/python3.10/dist-packages/mecha_control/__init__.py
-- Up-to-date: /ROS_ws/install/mecha_control/local/lib/python3.10/dist-packages/mecha_control/msg
-- Up-to-date: /ROS_ws/install/mecha_control/local/lib/python3.10/dist-packages/mecha_control/msg/_point_and_mecha_state_array.py
-- Up-to-date: /ROS_ws/install/mecha_control/local/lib/python3.10/dist-packages/mecha_control/msg/_sensor_states.py
-- Up-to-date: /ROS_ws/install/mecha_control/local/lib/python3.10/dist-packages/mecha_control/msg/_point_and_mecha_state_array_s.c
-- Up-to-date: /ROS_ws/install/mecha_control/local/lib/python3.10/dist-packages/mecha_control/msg/_mecha_state_s.c
-- Up-to-date: /ROS_ws/install/mecha_control/local/lib/python3.10/dist-packages/mecha_control/msg/_sensor_states_s.c
-- Up-to-date: /ROS_ws/install/mecha_control/local/lib/python3.10/dist-packages/mecha_control/msg/_actuator_commands.py
-- Up-to-date: /ROS_ws/install/mecha_control/local/lib/python3.10/dist-packages/mecha_control/msg/__init__.py
-- Up-to-date: /ROS_ws/install/mecha_control/local/lib/python3.10/dist-packages/mecha_control/msg/_point_and_mecha_state_s.c
-- Up-to-date: /ROS_ws/install/mecha_control/local/lib/python3.10/dist-packages/mecha_control/msg/_point_and_mecha_state.py
-- Up-to-date: /ROS_ws/install/mecha_control/local/lib/python3.10/dist-packages/mecha_control/msg/_actuator_commands_s.c
-- Up-to-date: /ROS_ws/install/mecha_control/local/lib/python3.10/dist-packages/mecha_control/msg/_mecha_state.py
-- Up-to-date: /ROS_ws/install/mecha_control/local/lib/python3.10/dist-packages/mecha_control/mecha_control_s__rosidl_typesupport_c.cpython-310-x86_64-linux-gnu.so
-- Up-to-date: /ROS_ws/install/mecha_control/local/lib/python3.10/dist-packages/mecha_control/mecha_control_s__rosidl_typesupport_fastrtps_c.cpython-310-x86_64-linux-gnu.so
-- Up-to-date: /ROS_ws/install/mecha_control/local/lib/python3.10/dist-packages/mecha_control/_mecha_control_s.ep.rosidl_typesupport_c.c
-- Up-to-date: /ROS_ws/install/mecha_control/local/lib/python3.10/dist-packages/mecha_control/_mecha_control_s.ep.rosidl_typesupport_introspection_c.c
Listing '/ROS_ws/install/mecha_control/local/lib/python3.10/dist-packages/mecha_control'...
Compiling '/ROS_ws/install/mecha_control/local/lib/python3.10/dist-packages/mecha_control/__init__.py'...
Listing '/ROS_ws/install/mecha_control/local/lib/python3.10/dist-packages/mecha_control/msg'...
Listing '/ROS_ws/install/mecha_control/local/lib/python3.10/dist-packages/mecha_control/srv'...
-- Up-to-date: /ROS_ws/install/mecha_control/local/lib/python3.10/dist-packages/mecha_control/mecha_control_s__rosidl_typesupport_fastrtps_c.cpython-310-x86_64-linux-gnu.so
-- Up-to-date: /ROS_ws/install/mecha_control/local/lib/python3.10/dist-packages/mecha_control/mecha_control_s__rosidl_typesupport_introspection_c.cpython-310-x86_64-linux-gnu.so
-- Up-to-date: /ROS_ws/install/mecha_control/local/lib/python3.10/dist-packages/mecha_control/mecha_control_s__rosidl_typesupport_c.cpython-310-x86_64-linux-gnu.so
-- Up-to-date: /ROS_ws/install/mecha_control/lib/libmecha_control__rosidl_generator_py.so
-- Up-to-date: /ROS_ws/install/mecha_control/share/mecha_control/msg/SensorStates.idl
-- Up-to-date: /ROS_ws/install/mecha_control/share/mecha_control/msg/ActuatorCommands.idl
-- Up-to-date: /ROS_ws/install/mecha_control/share/mecha_control/msg/MechaState.idl
-- Up-to-date: /ROS_ws/install/mecha_control/share/mecha_control/msg/PointAndMechaState.idl
-- Up-to-date: /ROS_ws/install/mecha_control/share/mecha_control/msg/PointAndMechaStateArray.idl
-- Up-to-date: /ROS_ws/install/mecha_control/share/mecha_control/srv/MechCmd.idl
-- Up-to-date: /ROS_ws/install/mecha_control/share/mecha_control/msg/SensorStates.msg
-- Up-to-date: /ROS_ws/install/mecha_control/share/mecha_control/msg/ActuatorCommands.msg
-- Up-to-date: /ROS_ws/install/mecha_control/share/mecha_control/msg/MechaState.msg
-- Up-to-date: /ROS_ws/install/mecha_control/share/mecha_control/msg/PointAndMechaState.msg
-- Up-to-date: /ROS_ws/install/mecha_control/share/mecha_control/msg/PointAndMechaStateArray.msg
-- Up-to-date: /ROS_ws/install/mecha_control/share/mecha_control/srv/MechCmd.srv
-- Up-to-date: /ROS_ws/install/mecha_control/share/mecha_control/srv/MechCmd_Request.msg
-- Up-to-date: /ROS_ws/install/mecha_control/share/mecha_control/srv/MechCmd_Response.msg
-- Installing: /ROS_ws/install/mecha_control/lib/mecha_control/cmd_seq
-- Set runtime path of "/ROS_ws/install/mecha_control/lib/mecha_control/cmd_seq" to ""
-- Up-to-date: /ROS_ws/install/mecha_control/lib/mecha_control/mecha_control_node.py
-- Up-to-date: /ROS_ws/install/mecha_control/lib/mecha_control/dummy_node.py
-- Up-to-date: /ROS_ws/install/mecha_control/lib/mecha_control/debug_controller.py
-- Up-to-date: /ROS_ws/install/mecha_control/lib/mecha_control/debug_sequence_controller.py
-- Up-to-date: /ROS_ws/install/mecha_control/lib/mecha_control/path_command_publisher.py
-- Up-to-date: /ROS_ws/install/mecha_control/share/ament_index/resource_index/package_run_dependencies/mecha_control
-- Up-to-date: /ROS_ws/install/mecha_control/share/ament_index/resource_index/parent_prefix_path/mecha_control
-- Up-to-date: /ROS_ws/install/mecha_control/share/mecha_control/environment/ament_prefix_path.sh
-- Installing: /ROS_ws/install/mecha_control/share/mecha_control/environment/ament_prefix_path.dsv
-- Up-to-date: /ROS_ws/install/mecha_control/share/mecha_control/environment/path.sh
-- Installing: /ROS_ws/install/mecha_control/share/mecha_control/environment/path.dsv
-- Up-to-date: /ROS_ws/install/mecha_control/share/mecha_control/local_setup.bash
-- Up-to-date: /ROS_ws/install/mecha_control/share/mecha_control/local_setup.sh
-- Up-to-date: /ROS_ws/install/mecha_control/share/mecha_control/local_setup.zsh
-- Installing: /ROS_ws/install/mecha_control/share/mecha_control/local_setup.dsv
-- Installing: /ROS_ws/install/mecha_control/share/mecha_control/package.dsv
-- Up-to-date: /ROS_ws/install/mecha_control/share/ament_index/resource_index/packages/mecha_control
-- Up-to-date: /ROS_ws/install/mecha_control/share/mecha_control/cmake/export_mecha_control__rosidl_generator_cExport.cmake
-- Up-to-date: /ROS_ws/install/mecha_control/share/mecha_control/cmake/export_mecha_control__rosidl_generator_cExport-noconfig.cmake
-- Up-to-date: /ROS_ws/install/mecha_control/share/mecha_control/cmake/export_mecha_control__rosidl_typesupport_fastrtps_cExport.cmake
-- Up-to-date: /ROS_ws/install/mecha_control/share/mecha_control/cmake/export_mecha_control__rosidl_typesupport_fastrtps_cExport-noconfig.cmake
-- Up-to-date: /ROS_ws/install/mecha_control/share/mecha_control/cmake/export_mecha_control__rosidl_generator_cppExport.cmake
-- Up-to-date: /ROS_ws/install/mecha_control/share/mecha_control/cmake/export_mecha_control__rosidl_typesupport_fastrtps_cppExport.cmake
-- Up-to-date: /ROS_ws/install/mecha_control/share/mecha_control/cmake/export_mecha_control__rosidl_typesupport_fastrtps_cppExport-noconfig.cmake
-- Up-to-date: /ROS_ws/install/mecha_control/share/mecha_control/cmake/mecha_control__rosidl_typesupport_introspection_cExport.cmake
-- Up-to-date: /ROS_ws/install/mecha_control/share/mecha_control/cmake/mecha_control__rosidl_typesupport_introspection_cExport-noconfig.cmake
-- Up-to-date: /ROS_ws/install/mecha_control/share/mecha_control/cmake/mecha_control__rosidl_typesupport_cExport.cmake
-- Up-to-date: /ROS_ws/install/mecha_control/share/mecha_control/cmake/mecha_control__rosidl_typesupport_cExport-noconfig.cmake
-- Up-to-date: /ROS_ws/install/mecha_control/share/mecha_control/cmake/mecha_control__rosidl_typesupport_introspection_cppExport.cmake
-- Up-to-date: /ROS_ws/install/mecha_control/share/mecha_control/cmake/mecha_control__rosidl_typesupport_introspection_cppExport-noconfig.cmake
-- Up-to-date: /ROS_ws/install/mecha_control/share/mecha_control/cmake/mecha_control__rosidl_typesupport_cppExport.cmake
-- Up-to-date: /ROS_ws/install/mecha_control/share/mecha_control/cmake/mecha_control__rosidl_typesupport_cppExport-noconfig.cmake
-- Up-to-date: /ROS_ws/install/mecha_control/share/mecha_control/cmake/export_mecha_control__rosidl_generator_pyExport.cmake
-- Up-to-date: /ROS_ws/install/mecha_control/share/mecha_control/cmake/export_mecha_control__rosidl_generator_pyExport-noconfig.cmake
-- Up-to-date: /ROS_ws/install/mecha_control/share/mecha_control/cmake/rosidl_cmake-extras.cmake
-- Up-to-date: /ROS_ws/install/mecha_control/share/mecha_control/cmake/ament_cmake_export_include_directories-extras.cmake
-- Up-to-date: /ROS_ws/install/mecha_control/share/mecha_control/cmake/ament_cmake_export_libraries-extras.cmake
-- Up-to-date: /ROS_ws/install/mecha_control/share/mecha_control/cmake/ament_cmake_export_targets-extras.cmake
-- Up-to-date: /ROS_ws/install/mecha_control/share/mecha_control/cmake/rosidl_cmake_export_typesupport_targets-extras.cmake
-- Up-to-date: /ROS_ws/install/mecha_control/share/mecha_control/cmake/ament_cmake_export_dependencies-extras.cmake
-- Up-to-date: /ROS_ws/install/mecha_control/share/mecha_control/cmake/rosidl_cmake_export_typesupport_libraries-extras.cmake
-- Up-to-date: /ROS_ws/install/mecha_control/share/mecha_control/cmake/mecha_controlConfig.cmake
-- Up-to-date: /ROS_ws/install/mecha_control/share/mecha_control/cmake/mecha_controlConfig-version.cmake
-- Up-to-date: /ROS_ws/install/mecha_control/share/mecha_control/package.xml
