[  2%] Built target mecha_control__cpp
[ 12%] Built target mecha_control__rosidl_generator_c
[ 12%] Built target ament_cmake_python_copy_mecha_control
[ 29%] Built target mecha_control__rosidl_typesupport_introspection_c
[ 34%] Built target mecha_control__rosidl_typesupport_cpp
[ 44%] Built target mecha_control__rosidl_typesupport_c
[ 55%] Built target mecha_control__rosidl_typesupport_fastrtps_cpp
[ 65%] Built target mecha_control__rosidl_typesupport_fastrtps_c
[ 76%] Built target mecha_control__rosidl_typesupport_introspection_cpp
[ 76%] Built target mecha_control
[ 78%] Built target mecha_control__py
[ 87%] Built target mecha_control__rosidl_generator_py
[ 93%] Built target mecha_control__rosidl_typesupport_fastrtps_c__pyext
[ 95%] Built target mecha_control__rosidl_typesupport_introspection_c__pyext
[100%] Built target mecha_control__rosidl_typesupport_c__pyext
running egg_info
writing mecha_control.egg-info/PKG-INFO
writing dependency_links to mecha_control.egg-info/dependency_links.txt
writing top-level names to mecha_control.egg-info/top_level.txt
reading manifest file 'mecha_control.egg-info/SOURCES.txt'
writing manifest file 'mecha_control.egg-info/SOURCES.txt'
[100%] Built target ament_cmake_python_build_mecha_control_egg
