-- Found ament_cmake: 1.3.3 (/opt/ros/humble/share/ament_cmake/cmake)
-- Found rclcpp: 16.0.3 (/opt/ros/humble/share/rclcpp/cmake)
-- Found rosidl_generator_c: 3.1.4 (/opt/ros/humble/share/rosidl_generator_c/cmake)
-- Found rosidl_adapter: 3.1.4 (/opt/ros/humble/share/rosidl_adapter/cmake)
-- Found rosidl_generator_cpp: 3.1.4 (/opt/ros/humble/share/rosidl_generator_cpp/cmake)
-- Using all available rosidl_typesupport_c: rosidl_typesupport_fastrtps_c;rosidl_typesupport_introspection_c
-- Using all available rosidl_typesupport_cpp: rosidl_typesupport_fastrtps_cpp;rosidl_typesupport_introspection_cpp
-- Found rmw_implementation_cmake: 6.1.1 (/opt/ros/humble/share/rmw_implementation_cmake/cmake)
-- Found rmw_fastrtps_cpp: 6.2.2 (/opt/ros/humble/share/rmw_fastrtps_cpp/cmake)
-- Using RMW implementation 'rmw_fastrtps_cpp' as default
-- Found rclpy: 3.3.7 (/opt/ros/humble/share/rclpy/cmake)
-- Found nucleo_agent: 0.0.0 (/ROS_ws/install/nucleo_agent/share/nucleo_agent/cmake)
-- Found mecha_control: 0.0.0 (/ROS_ws/install/mecha_control/share/mecha_control/cmake)
-- Found sensor_msgs: 4.2.3 (/opt/ros/humble/share/sensor_msgs/cmake)
-- Found rosidl_default_generators: 1.2.0 (/opt/ros/humble/share/rosidl_default_generators/cmake)
-- Found ament_lint_auto: 0.12.5 (/opt/ros/humble/share/ament_lint_auto/cmake)
-- Added test 'cppcheck' to perform static code analysis on C / C++ code
-- Configured cppcheck include dirs: $<BUILD_INTERFACE:/ROS_ws/src/pc_robot_controller/include>
-- Configured cppcheck exclude dirs and/or files: 
-- Added test 'lint_cmake' to check CMake code style
-- Added test 'uncrustify' to check C / C++ code style
-- Configured uncrustify additional arguments: 
-- Added test 'xmllint' to check XML markup files
-- Configuring done
-- Generating done
-- Build files have been written to: /ROS_ws/build/pc_robot_controller
[35m[1mConsolidate compiler generated dependencies of target controller[0m
[ 50%] [32mBuilding CXX object CMakeFiles/controller.dir/src/controller.cpp.o[0m
In file included from [01m[K/ROS_ws/src/pc_robot_controller/src/controller.cpp:16[m[K:
[01m[K/ROS_ws/src/pc_robot_controller/src/touch.hpp:[m[K In member function ‘[01m[Kvoid Touch::process()[m[K’:
[01m[K/ROS_ws/src/pc_robot_controller/src/touch.hpp:23:30:[m[K [01;35m[Kwarning: [m[Kcomparison of integer expressions of different signedness: ‘[01m[Ksize_t[m[K’ {aka ‘[01m[Klong unsigned int[m[K’} and ‘[01m[Kint[m[K’ [[01;35m[K-Wsign-compare[m[K]
   23 |         for (size_t i = 0; [01;35m[Ki < num[m[K; i++)
      |                            [01;35m[K~~^~~~~[m[K
[01m[K/ROS_ws/src/pc_robot_controller/src/controller.cpp:[m[K In member function ‘[01m[Kvoid Controller::ui_main()[m[K’:
[01m[K/ROS_ws/src/pc_robot_controller/src/controller.cpp:57:43:[m[K [01;35m[Kwarning: [m[Knarrowing conversion of ‘[01m[K(screenWidth / 2)[m[K’ from ‘[01m[Kint[m[K’ to ‘[01m[Kfloat[m[K’ [[01;35m[K-Wnarrowing[m[K]
   57 |         robot.origin = Vector2{[01;35m[KscreenWidth/2[m[K, screenHeight/2};
      |                                [01;35m[K~~~~~~~~~~~^~[m[K
[01m[K/ROS_ws/src/pc_robot_controller/src/controller.cpp:57:59:[m[K [01;35m[Kwarning: [m[Knarrowing conversion of ‘[01m[K(screenHeight / 2)[m[K’ from ‘[01m[Kint[m[K’ to ‘[01m[Kfloat[m[K’ [[01;35m[K-Wnarrowing[m[K]
   57 |         robot.origin = Vector2{screenWidth/2, [01;35m[KscreenHeight/2[m[K};
      |                                               [01;35m[K~~~~~~~~~~~~^~[m[K
[01m[K/ROS_ws/src/pc_robot_controller/src/controller.cpp:96:53:[m[K [01;35m[Kwarning: [m[Knarrowing conversion of ‘[01m[K(screenWidth - 210)[m[K’ from ‘[01m[Kint[m[K’ to ‘[01m[Kfloat[m[K’ [[01;35m[K-Wnarrowing[m[K]
   96 |         label title_mech("mech state", {[01;35m[KscreenWidth -210[m[K, 70}, 20);
      |                                         [01;35m[K~~~~~~~~~~~~^~~~[m[K
[01m[K/ROS_ws/src/pc_robot_controller/src/controller.cpp:97:44:[m[K [01;35m[Kwarning: [m[Knarrowing conversion of ‘[01m[K(screenWidth - 250)[m[K’ from ‘[01m[Kint[m[K’ to ‘[01m[Kfloat[m[K’ [[01;35m[K-Wnarrowing[m[K]
   97 |         push_button daiza_seq({[01;35m[KscreenWidth -250[m[K, 100}, 180, 70, GRAY, PINK);
      |                                [01;35m[K~~~~~~~~~~~~^~~~[m[K
[01m[K/ROS_ws/src/pc_robot_controller/src/controller.cpp:98:43:[m[K [01;35m[Kwarning: [m[Knarrowing conversion of ‘[01m[K(screenWidth - 250)[m[K’ from ‘[01m[Kint[m[K’ to ‘[01m[Kfloat[m[K’ [[01;35m[K-Wnarrowing[m[K]
   98 |         push_button hina_seq({[01;35m[KscreenWidth -250[m[K, 200}, 180, 70, GRAY, PINK);
      |                               [01;35m[K~~~~~~~~~~~~^~~~[m[K
[01m[K/ROS_ws/src/pc_robot_controller/src/controller.cpp:99:47:[m[K [01;35m[Kwarning: [m[Knarrowing conversion of ‘[01m[K(screenWidth - 250)[m[K’ from ‘[01m[Kint[m[K’ to ‘[01m[Kfloat[m[K’ [[01;35m[K-Wnarrowing[m[K]
   99 |         toggle_button hina_servo({[01;35m[KscreenWidth -250[m[K, 300}, 180, 70, GRAY, PINK);
      |                                   [01;35m[K~~~~~~~~~~~~^~~~[m[K
[01m[K/ROS_ws/src/pc_robot_controller/src/controller.cpp:100:48:[m[K [01;35m[Kwarning: [m[Knarrowing conversion of ‘[01m[K(screenWidth - 200)[m[K’ from ‘[01m[Kint[m[K’ to ‘[01m[Kfloat[m[K’ [[01;35m[K-Wnarrowing[m[K]
  100 |         toggle_button bonbori_seq({[01;35m[KscreenWidth -200[m[K, 500}, 130, 70, GRAY, PINK);
      |                                    [01;35m[K~~~~~~~~~~~~^~~~[m[K
[01m[K/ROS_ws/src/pc_robot_controller/src/controller.cpp:111:66:[m[K [01;35m[Kwarning: [m[Knarrowing conversion of ‘[01m[K(screenWidth - 240)[m[K’ from ‘[01m[Kint[m[K’ to ‘[01m[Kfloat[m[K’ [[01;35m[K-Wnarrowing[m[K]
  111 |         label label_daiza_seq(text_label_daiza_seq, {[01;35m[KscreenWidth -240[m[K, 125}, 20);
      |                                                      [01;35m[K~~~~~~~~~~~~^~~~[m[K
[01m[K/ROS_ws/src/pc_robot_controller/src/controller.cpp:112:64:[m[K [01;35m[Kwarning: [m[Knarrowing conversion of ‘[01m[K(screenWidth - 240)[m[K’ from ‘[01m[Kint[m[K’ to ‘[01m[Kfloat[m[K’ [[01;35m[K-Wnarrowing[m[K]
  112 |         label label_hina_seq(text_label_hina_seq, {[01;35m[KscreenWidth -240[m[K, 225}, 20);
      |                                                    [01;35m[K~~~~~~~~~~~~^~~~[m[K
[01m[K/ROS_ws/src/pc_robot_controller/src/controller.cpp:113:59:[m[K [01;35m[Kwarning: [m[Knarrowing conversion of ‘[01m[K(screenWidth - 240)[m[K’ from ‘[01m[Kint[m[K’ to ‘[01m[Kfloat[m[K’ [[01;35m[K-Wnarrowing[m[K]
  113 |         label label_hina_servo("hina servo", {[01;35m[KscreenWidth -240[m[K, 325}, 20);
      |                                               [01;35m[K~~~~~~~~~~~~^~~~[m[K
[01m[K/ROS_ws/src/pc_robot_controller/src/controller.cpp:114:57:[m[K [01;35m[Kwarning: [m[Knarrowing conversion of ‘[01m[K(screenWidth - 190)[m[K’ from ‘[01m[Kint[m[K’ to ‘[01m[Kfloat[m[K’ [[01;35m[K-Wnarrowing[m[K]
  114 |         label label_bonbori_seq("bonbori", {[01;35m[KscreenWidth -190[m[K, 525}, 20);
      |                                             [01;35m[K~~~~~~~~~~~~^~~~[m[K
[01m[K/ROS_ws/src/pc_robot_controller/src/controller.cpp:145:42:[m[K [01;35m[Kwarning: [m[Knarrowing conversion of ‘[01m[K(screenWidth - 210)[m[K’ from ‘[01m[Kint[m[K’ to ‘[01m[Kfloat[m[K’ [[01;35m[K-Wnarrowing[m[K]
  145 |             title_mech.move({[01;35m[KscreenWidth -210[m[K, 70});
      |                              [01;35m[K~~~~~~~~~~~~^~~~[m[K
[01m[K/ROS_ws/src/pc_robot_controller/src/controller.cpp:146:41:[m[K [01;35m[Kwarning: [m[Knarrowing conversion of ‘[01m[K(screenWidth - 250)[m[K’ from ‘[01m[Kint[m[K’ to ‘[01m[Kfloat[m[K’ [[01;35m[K-Wnarrowing[m[K]
  146 |             daiza_seq.move({[01;35m[KscreenWidth -250[m[K, 100});
      |                             [01;35m[K~~~~~~~~~~~~^~~~[m[K
[01m[K/ROS_ws/src/pc_robot_controller/src/controller.cpp:147:40:[m[K [01;35m[Kwarning: [m[Knarrowing conversion of ‘[01m[K(screenWidth - 250)[m[K’ from ‘[01m[Kint[m[K’ to ‘[01m[Kfloat[m[K’ [[01;35m[K-Wnarrowing[m[K]
  147 |             hina_seq.move({[01;35m[KscreenWidth -250[m[K, 200});
      |                            [01;35m[K~~~~~~~~~~~~^~~~[m[K
[01m[K/ROS_ws/src/pc_robot_controller/src/controller.cpp:148:42:[m[K [01;35m[Kwarning: [m[Knarrowing conversion of ‘[01m[K(screenWidth - 250)[m[K’ from ‘[01m[Kint[m[K’ to ‘[01m[Kfloat[m[K’ [[01;35m[K-Wnarrowing[m[K]
  148 |             hina_servo.move({[01;35m[KscreenWidth -250[m[K, 300});
      |                              [01;35m[K~~~~~~~~~~~~^~~~[m[K
[01m[K/ROS_ws/src/pc_robot_controller/src/controller.cpp:149:43:[m[K [01;35m[Kwarning: [m[Knarrowing conversion of ‘[01m[K(screenWidth - 200)[m[K’ from ‘[01m[Kint[m[K’ to ‘[01m[Kfloat[m[K’ [[01;35m[K-Wnarrowing[m[K]
  149 |             bonbori_seq.move({[01;35m[KscreenWidth -200[m[K, 500});
      |                               [01;35m[K~~~~~~~~~~~~^~~~[m[K
[01m[K/ROS_ws/src/pc_robot_controller/src/controller.cpp:150:47:[m[K [01;35m[Kwarning: [m[Knarrowing conversion of ‘[01m[K(screenWidth - 240)[m[K’ from ‘[01m[Kint[m[K’ to ‘[01m[Kfloat[m[K’ [[01;35m[K-Wnarrowing[m[K]
  150 |             label_daiza_seq.move({[01;35m[KscreenWidth -240[m[K, 125});
      |                                   [01;35m[K~~~~~~~~~~~~^~~~[m[K
[01m[K/ROS_ws/src/pc_robot_controller/src/controller.cpp:151:46:[m[K [01;35m[Kwarning: [m[Knarrowing conversion of ‘[01m[K(screenWidth - 240)[m[K’ from ‘[01m[Kint[m[K’ to ‘[01m[Kfloat[m[K’ [[01;35m[K-Wnarrowing[m[K]
  151 |             label_hina_seq.move({[01;35m[KscreenWidth -240[m[K, 225});
      |                                  [01;35m[K~~~~~~~~~~~~^~~~[m[K
[01m[K/ROS_ws/src/pc_robot_controller/src/controller.cpp:152:48:[m[K [01;35m[Kwarning: [m[Knarrowing conversion of ‘[01m[K(screenWidth - 240)[m[K’ from ‘[01m[Kint[m[K’ to ‘[01m[Kfloat[m[K’ [[01;35m[K-Wnarrowing[m[K]
  152 |             label_hina_servo.move({[01;35m[KscreenWidth -240[m[K, 325});
      |                                    [01;35m[K~~~~~~~~~~~~^~~~[m[K
[01m[K/ROS_ws/src/pc_robot_controller/src/controller.cpp:153:49:[m[K [01;35m[Kwarning: [m[Knarrowing conversion of ‘[01m[K(screenWidth - 190)[m[K’ from ‘[01m[Kint[m[K’ to ‘[01m[Kfloat[m[K’ [[01;35m[K-Wnarrowing[m[K]
  153 |             label_bonbori_seq.move({[01;35m[KscreenWidth -190[m[K, 525});
      |                                     [01;35m[K~~~~~~~~~~~~^~~~[m[K
[01m[K/ROS_ws/src/pc_robot_controller/src/controller.cpp:154:47:[m[K [01;35m[Kwarning: [m[Knarrowing conversion of ‘[01m[K(screenWidth / 2)[m[K’ from ‘[01m[Kint[m[K’ to ‘[01m[Kfloat[m[K’ [[01;35m[K-Wnarrowing[m[K]
  154 |             robot.origin = Vector2{[01;35m[KscreenWidth/2[m[K, screenHeight/2};
      |                                    [01;35m[K~~~~~~~~~~~^~[m[K
[01m[K/ROS_ws/src/pc_robot_controller/src/controller.cpp:154:63:[m[K [01;35m[Kwarning: [m[Knarrowing conversion of ‘[01m[K(screenHeight / 2)[m[K’ from ‘[01m[Kint[m[K’ to ‘[01m[Kfloat[m[K’ [[01;35m[K-Wnarrowing[m[K]
  154 |             robot.origin = Vector2{screenWidth/2, [01;35m[KscreenHeight/2[m[K};
      |                                                   [01;35m[K~~~~~~~~~~~~^~[m[K
[100%] [32m[1mLinking CXX executable controller[0m
[100%] Built target controller
-- Install configuration: ""
-- Installing: /ROS_ws/install/pc_robot_controller/lib/pc_robot_controller/controller
-- Set runtime path of "/ROS_ws/install/pc_robot_controller/lib/pc_robot_controller/controller" to ""
-- Up-to-date: /ROS_ws/install/pc_robot_controller/share/ament_index/resource_index/package_run_dependencies/pc_robot_controller
-- Up-to-date: /ROS_ws/install/pc_robot_controller/share/ament_index/resource_index/parent_prefix_path/pc_robot_controller
-- Up-to-date: /ROS_ws/install/pc_robot_controller/share/pc_robot_controller/environment/ament_prefix_path.sh
-- Installing: /ROS_ws/install/pc_robot_controller/share/pc_robot_controller/environment/ament_prefix_path.dsv
-- Up-to-date: /ROS_ws/install/pc_robot_controller/share/pc_robot_controller/environment/path.sh
-- Installing: /ROS_ws/install/pc_robot_controller/share/pc_robot_controller/environment/path.dsv
-- Up-to-date: /ROS_ws/install/pc_robot_controller/share/pc_robot_controller/local_setup.bash
-- Up-to-date: /ROS_ws/install/pc_robot_controller/share/pc_robot_controller/local_setup.sh
-- Up-to-date: /ROS_ws/install/pc_robot_controller/share/pc_robot_controller/local_setup.zsh
-- Installing: /ROS_ws/install/pc_robot_controller/share/pc_robot_controller/local_setup.dsv
-- Installing: /ROS_ws/install/pc_robot_controller/share/pc_robot_controller/package.dsv
-- Up-to-date: /ROS_ws/install/pc_robot_controller/share/ament_index/resource_index/packages/pc_robot_controller
-- Up-to-date: /ROS_ws/install/pc_robot_controller/share/pc_robot_controller/cmake/pc_robot_controllerConfig.cmake
-- Up-to-date: /ROS_ws/install/pc_robot_controller/share/pc_robot_controller/cmake/pc_robot_controllerConfig-version.cmake
-- Up-to-date: /ROS_ws/install/pc_robot_controller/share/pc_robot_controller/package.xml
