[0.169s] Invoking command in '/ROS_ws/build/pc_robot_controller': CMAKE_PREFIX_PATH=${CMAKE_PREFIX_PATH}:/opt/ros/humble /usr/bin/cmake --build /ROS_ws/build/pc_robot_controller -- -j12 -l12
[0.191s] -- Found ament_cmake: 1.3.3 (/opt/ros/humble/share/ament_cmake/cmake)
[0.317s] -- Found rclcpp: 16.0.3 (/opt/ros/humble/share/rclcpp/cmake)
[0.337s] -- Found rosidl_generator_c: 3.1.4 (/opt/ros/humble/share/rosidl_generator_c/cmake)
[0.339s] -- Found rosidl_adapter: 3.1.4 (/opt/ros/humble/share/rosidl_adapter/cmake)
[0.343s] -- Found rosidl_generator_cpp: 3.1.4 (/opt/ros/humble/share/rosidl_generator_cpp/cmake)
[0.350s] -- Using all available rosidl_typesupport_c: rosidl_typesupport_fastrtps_c;rosidl_typesupport_introspection_c
[0.360s] -- Using all available rosidl_typesupport_cpp: rosidl_typesupport_fastrtps_cpp;rosidl_typesupport_introspection_cpp
[0.403s] -- Found rmw_implementation_cmake: 6.1.1 (/opt/ros/humble/share/rmw_implementation_cmake/cmake)
[0.404s] -- Found rmw_fastrtps_cpp: 6.2.2 (/opt/ros/humble/share/rmw_fastrtps_cpp/cmake)
[0.497s] -- Using RMW implementation 'rmw_fastrtps_cpp' as default
[0.611s] -- Found rclpy: 3.3.7 (/opt/ros/humble/share/rclpy/cmake)
[0.612s] -- Found nucleo_agent: 0.0.0 (/ROS_ws/install/nucleo_agent/share/nucleo_agent/cmake)
[0.637s] -- Found mecha_control: 0.0.0 (/ROS_ws/install/mecha_control/share/mecha_control/cmake)
[0.725s] -- Found sensor_msgs: 4.2.3 (/opt/ros/humble/share/sensor_msgs/cmake)
[0.807s] -- Found rosidl_default_generators: 1.2.0 (/opt/ros/humble/share/rosidl_default_generators/cmake)
[0.820s] -- Found ament_lint_auto: 0.12.5 (/opt/ros/humble/share/ament_lint_auto/cmake)
[0.868s] -- Added test 'cppcheck' to perform static code analysis on C / C++ code
[0.868s] -- Configured cppcheck include dirs: $<BUILD_INTERFACE:/ROS_ws/src/pc_robot_controller/include>
[0.868s] -- Configured cppcheck exclude dirs and/or files: 
[0.869s] -- Added test 'lint_cmake' to check CMake code style
[0.869s] -- Added test 'uncrustify' to check C / C++ code style
[0.869s] -- Configured uncrustify additional arguments: 
[0.869s] -- Added test 'xmllint' to check XML markup files
[0.870s] -- Configuring done
[0.879s] -- Generating done
[0.880s] -- Build files have been written to: /ROS_ws/build/pc_robot_controller
[0.897s] [35m[1mConsolidate compiler generated dependencies of target controller[0m
[0.909s] [ 50%] [32mBuilding CXX object CMakeFiles/controller.dir/src/controller.cpp.o[0m
[2.418s] In file included from [01m[K/ROS_ws/src/pc_robot_controller/src/controller.cpp:16[m[K:
[2.418s] [01m[K/ROS_ws/src/pc_robot_controller/src/touch.hpp:[m[K In member function ‘[01m[Kvoid Touch::process()[m[K’:
[2.419s] [01m[K/ROS_ws/src/pc_robot_controller/src/touch.hpp:23:30:[m[K [01;35m[Kwarning: [m[Kcomparison of integer expressions of different signedness: ‘[01m[Ksize_t[m[K’ {aka ‘[01m[Klong unsigned int[m[K’} and ‘[01m[Kint[m[K’ [[01;35m[K-Wsign-compare[m[K]
[2.419s]    23 |         for (size_t i = 0; [01;35m[Ki < num[m[K; i++)
[2.419s]       |                            [01;35m[K~~^~~~~[m[K
[2.430s] [01m[K/ROS_ws/src/pc_robot_controller/src/controller.cpp:[m[K In member function ‘[01m[Kvoid Controller::ui_main()[m[K’:
[2.430s] [01m[K/ROS_ws/src/pc_robot_controller/src/controller.cpp:57:43:[m[K [01;35m[Kwarning: [m[Knarrowing conversion of ‘[01m[K(screenWidth / 2)[m[K’ from ‘[01m[Kint[m[K’ to ‘[01m[Kfloat[m[K’ [[01;35m[K-Wnarrowing[m[K]
[2.430s]    57 |         robot.origin = Vector2{[01;35m[KscreenWidth/2[m[K, screenHeight/2};
[2.430s]       |                                [01;35m[K~~~~~~~~~~~^~[m[K
[2.430s] [01m[K/ROS_ws/src/pc_robot_controller/src/controller.cpp:57:59:[m[K [01;35m[Kwarning: [m[Knarrowing conversion of ‘[01m[K(screenHeight / 2)[m[K’ from ‘[01m[Kint[m[K’ to ‘[01m[Kfloat[m[K’ [[01;35m[K-Wnarrowing[m[K]
[2.430s]    57 |         robot.origin = Vector2{screenWidth/2, [01;35m[KscreenHeight/2[m[K};
[2.430s]       |                                               [01;35m[K~~~~~~~~~~~~^~[m[K
[2.430s] [01m[K/ROS_ws/src/pc_robot_controller/src/controller.cpp:96:53:[m[K [01;35m[Kwarning: [m[Knarrowing conversion of ‘[01m[K(screenWidth - 210)[m[K’ from ‘[01m[Kint[m[K’ to ‘[01m[Kfloat[m[K’ [[01;35m[K-Wnarrowing[m[K]
[2.431s]    96 |         label title_mech("mech state", {[01;35m[KscreenWidth -210[m[K, 70}, 20);
[2.431s]       |                                         [01;35m[K~~~~~~~~~~~~^~~~[m[K
[2.431s] [01m[K/ROS_ws/src/pc_robot_controller/src/controller.cpp:97:44:[m[K [01;35m[Kwarning: [m[Knarrowing conversion of ‘[01m[K(screenWidth - 250)[m[K’ from ‘[01m[Kint[m[K’ to ‘[01m[Kfloat[m[K’ [[01;35m[K-Wnarrowing[m[K]
[2.431s]    97 |         push_button daiza_seq({[01;35m[KscreenWidth -250[m[K, 100}, 180, 70, GRAY, PINK);
[2.431s]       |                                [01;35m[K~~~~~~~~~~~~^~~~[m[K
[2.431s] [01m[K/ROS_ws/src/pc_robot_controller/src/controller.cpp:98:43:[m[K [01;35m[Kwarning: [m[Knarrowing conversion of ‘[01m[K(screenWidth - 250)[m[K’ from ‘[01m[Kint[m[K’ to ‘[01m[Kfloat[m[K’ [[01;35m[K-Wnarrowing[m[K]
[2.431s]    98 |         push_button hina_seq({[01;35m[KscreenWidth -250[m[K, 200}, 180, 70, GRAY, PINK);
[2.431s]       |                               [01;35m[K~~~~~~~~~~~~^~~~[m[K
[2.431s] [01m[K/ROS_ws/src/pc_robot_controller/src/controller.cpp:99:47:[m[K [01;35m[Kwarning: [m[Knarrowing conversion of ‘[01m[K(screenWidth - 250)[m[K’ from ‘[01m[Kint[m[K’ to ‘[01m[Kfloat[m[K’ [[01;35m[K-Wnarrowing[m[K]
[2.431s]    99 |         toggle_button hina_servo({[01;35m[KscreenWidth -250[m[K, 300}, 180, 70, GRAY, PINK);
[2.431s]       |                                   [01;35m[K~~~~~~~~~~~~^~~~[m[K
[2.431s] [01m[K/ROS_ws/src/pc_robot_controller/src/controller.cpp:100:48:[m[K [01;35m[Kwarning: [m[Knarrowing conversion of ‘[01m[K(screenWidth - 200)[m[K’ from ‘[01m[Kint[m[K’ to ‘[01m[Kfloat[m[K’ [[01;35m[K-Wnarrowing[m[K]
[2.431s]   100 |         toggle_button bonbori_seq({[01;35m[KscreenWidth -200[m[K, 500}, 130, 70, GRAY, PINK);
[2.431s]       |                                    [01;35m[K~~~~~~~~~~~~^~~~[m[K
[2.431s] [01m[K/ROS_ws/src/pc_robot_controller/src/controller.cpp:111:66:[m[K [01;35m[Kwarning: [m[Knarrowing conversion of ‘[01m[K(screenWidth - 240)[m[K’ from ‘[01m[Kint[m[K’ to ‘[01m[Kfloat[m[K’ [[01;35m[K-Wnarrowing[m[K]
[2.431s]   111 |         label label_daiza_seq(text_label_daiza_seq, {[01;35m[KscreenWidth -240[m[K, 125}, 20);
[2.431s]       |                                                      [01;35m[K~~~~~~~~~~~~^~~~[m[K
[2.432s] [01m[K/ROS_ws/src/pc_robot_controller/src/controller.cpp:112:64:[m[K [01;35m[Kwarning: [m[Knarrowing conversion of ‘[01m[K(screenWidth - 240)[m[K’ from ‘[01m[Kint[m[K’ to ‘[01m[Kfloat[m[K’ [[01;35m[K-Wnarrowing[m[K]
[2.432s]   112 |         label label_hina_seq(text_label_hina_seq, {[01;35m[KscreenWidth -240[m[K, 225}, 20);
[2.432s]       |                                                    [01;35m[K~~~~~~~~~~~~^~~~[m[K
[2.432s] [01m[K/ROS_ws/src/pc_robot_controller/src/controller.cpp:113:59:[m[K [01;35m[Kwarning: [m[Knarrowing conversion of ‘[01m[K(screenWidth - 240)[m[K’ from ‘[01m[Kint[m[K’ to ‘[01m[Kfloat[m[K’ [[01;35m[K-Wnarrowing[m[K]
[2.432s]   113 |         label label_hina_servo("hina servo", {[01;35m[KscreenWidth -240[m[K, 325}, 20);
[2.432s]       |                                               [01;35m[K~~~~~~~~~~~~^~~~[m[K
[2.432s] [01m[K/ROS_ws/src/pc_robot_controller/src/controller.cpp:114:57:[m[K [01;35m[Kwarning: [m[Knarrowing conversion of ‘[01m[K(screenWidth - 190)[m[K’ from ‘[01m[Kint[m[K’ to ‘[01m[Kfloat[m[K’ [[01;35m[K-Wnarrowing[m[K]
[2.432s]   114 |         label label_bonbori_seq("bonbori", {[01;35m[KscreenWidth -190[m[K, 525}, 20);
[2.432s]       |                                             [01;35m[K~~~~~~~~~~~~^~~~[m[K
[2.432s] [01m[K/ROS_ws/src/pc_robot_controller/src/controller.cpp:145:42:[m[K [01;35m[Kwarning: [m[Knarrowing conversion of ‘[01m[K(screenWidth - 210)[m[K’ from ‘[01m[Kint[m[K’ to ‘[01m[Kfloat[m[K’ [[01;35m[K-Wnarrowing[m[K]
[2.432s]   145 |             title_mech.move({[01;35m[KscreenWidth -210[m[K, 70});
[2.432s]       |                              [01;35m[K~~~~~~~~~~~~^~~~[m[K
[2.432s] [01m[K/ROS_ws/src/pc_robot_controller/src/controller.cpp:146:41:[m[K [01;35m[Kwarning: [m[Knarrowing conversion of ‘[01m[K(screenWidth - 250)[m[K’ from ‘[01m[Kint[m[K’ to ‘[01m[Kfloat[m[K’ [[01;35m[K-Wnarrowing[m[K]
[2.432s]   146 |             daiza_seq.move({[01;35m[KscreenWidth -250[m[K, 100});
[2.432s]       |                             [01;35m[K~~~~~~~~~~~~^~~~[m[K
[2.432s] [01m[K/ROS_ws/src/pc_robot_controller/src/controller.cpp:147:40:[m[K [01;35m[Kwarning: [m[Knarrowing conversion of ‘[01m[K(screenWidth - 250)[m[K’ from ‘[01m[Kint[m[K’ to ‘[01m[Kfloat[m[K’ [[01;35m[K-Wnarrowing[m[K]
[2.432s]   147 |             hina_seq.move({[01;35m[KscreenWidth -250[m[K, 200});
[2.432s]       |                            [01;35m[K~~~~~~~~~~~~^~~~[m[K
[2.432s] [01m[K/ROS_ws/src/pc_robot_controller/src/controller.cpp:148:42:[m[K [01;35m[Kwarning: [m[Knarrowing conversion of ‘[01m[K(screenWidth - 250)[m[K’ from ‘[01m[Kint[m[K’ to ‘[01m[Kfloat[m[K’ [[01;35m[K-Wnarrowing[m[K]
[2.432s]   148 |             hina_servo.move({[01;35m[KscreenWidth -250[m[K, 300});
[2.433s]       |                              [01;35m[K~~~~~~~~~~~~^~~~[m[K
[2.433s] [01m[K/ROS_ws/src/pc_robot_controller/src/controller.cpp:149:43:[m[K [01;35m[Kwarning: [m[Knarrowing conversion of ‘[01m[K(screenWidth - 200)[m[K’ from ‘[01m[Kint[m[K’ to ‘[01m[Kfloat[m[K’ [[01;35m[K-Wnarrowing[m[K]
[2.433s]   149 |             bonbori_seq.move({[01;35m[KscreenWidth -200[m[K, 500});
[2.433s]       |                               [01;35m[K~~~~~~~~~~~~^~~~[m[K
[2.433s] [01m[K/ROS_ws/src/pc_robot_controller/src/controller.cpp:150:47:[m[K [01;35m[Kwarning: [m[Knarrowing conversion of ‘[01m[K(screenWidth - 240)[m[K’ from ‘[01m[Kint[m[K’ to ‘[01m[Kfloat[m[K’ [[01;35m[K-Wnarrowing[m[K]
[2.433s]   150 |             label_daiza_seq.move({[01;35m[KscreenWidth -240[m[K, 125});
[2.433s]       |                                   [01;35m[K~~~~~~~~~~~~^~~~[m[K
[2.433s] [01m[K/ROS_ws/src/pc_robot_controller/src/controller.cpp:151:46:[m[K [01;35m[Kwarning: [m[Knarrowing conversion of ‘[01m[K(screenWidth - 240)[m[K’ from ‘[01m[Kint[m[K’ to ‘[01m[Kfloat[m[K’ [[01;35m[K-Wnarrowing[m[K]
[2.433s]   151 |             label_hina_seq.move({[01;35m[KscreenWidth -240[m[K, 225});
[2.433s]       |                                  [01;35m[K~~~~~~~~~~~~^~~~[m[K
[2.433s] [01m[K/ROS_ws/src/pc_robot_controller/src/controller.cpp:152:48:[m[K [01;35m[Kwarning: [m[Knarrowing conversion of ‘[01m[K(screenWidth - 240)[m[K’ from ‘[01m[Kint[m[K’ to ‘[01m[Kfloat[m[K’ [[01;35m[K-Wnarrowing[m[K]
[2.433s]   152 |             label_hina_servo.move({[01;35m[KscreenWidth -240[m[K, 325});
[2.433s]       |                                    [01;35m[K~~~~~~~~~~~~^~~~[m[K
[2.433s] [01m[K/ROS_ws/src/pc_robot_controller/src/controller.cpp:153:49:[m[K [01;35m[Kwarning: [m[Knarrowing conversion of ‘[01m[K(screenWidth - 190)[m[K’ from ‘[01m[Kint[m[K’ to ‘[01m[Kfloat[m[K’ [[01;35m[K-Wnarrowing[m[K]
[2.433s]   153 |             label_bonbori_seq.move({[01;35m[KscreenWidth -190[m[K, 525});
[2.433s]       |                                     [01;35m[K~~~~~~~~~~~~^~~~[m[K
[2.433s] [01m[K/ROS_ws/src/pc_robot_controller/src/controller.cpp:154:47:[m[K [01;35m[Kwarning: [m[Knarrowing conversion of ‘[01m[K(screenWidth / 2)[m[K’ from ‘[01m[Kint[m[K’ to ‘[01m[Kfloat[m[K’ [[01;35m[K-Wnarrowing[m[K]
[2.433s]   154 |             robot.origin = Vector2{[01;35m[KscreenWidth/2[m[K, screenHeight/2};
[2.433s]       |                                    [01;35m[K~~~~~~~~~~~^~[m[K
[2.433s] [01m[K/ROS_ws/src/pc_robot_controller/src/controller.cpp:154:63:[m[K [01;35m[Kwarning: [m[Knarrowing conversion of ‘[01m[K(screenHeight / 2)[m[K’ from ‘[01m[Kint[m[K’ to ‘[01m[Kfloat[m[K’ [[01;35m[K-Wnarrowing[m[K]
[2.433s]   154 |             robot.origin = Vector2{screenWidth/2, [01;35m[KscreenHeight/2[m[K};
[2.434s]       |                                                   [01;35m[K~~~~~~~~~~~~^~[m[K
[4.439s] [100%] [32m[1mLinking CXX executable controller[0m
[4.638s] [100%] Built target controller
[4.644s] Invoked command in '/ROS_ws/build/pc_robot_controller' returned '0': CMAKE_PREFIX_PATH=${CMAKE_PREFIX_PATH}:/opt/ros/humble /usr/bin/cmake --build /ROS_ws/build/pc_robot_controller -- -j12 -l12
[4.657s] Invoking command in '/ROS_ws/build/pc_robot_controller': CMAKE_PREFIX_PATH=${CMAKE_PREFIX_PATH}:/opt/ros/humble /usr/bin/cmake --install /ROS_ws/build/pc_robot_controller
[4.662s] -- Install configuration: ""
[4.662s] -- Installing: /ROS_ws/install/pc_robot_controller/lib/pc_robot_controller/controller
[4.666s] -- Set runtime path of "/ROS_ws/install/pc_robot_controller/lib/pc_robot_controller/controller" to ""
[4.666s] -- Up-to-date: /ROS_ws/install/pc_robot_controller/share/ament_index/resource_index/package_run_dependencies/pc_robot_controller
[4.666s] -- Up-to-date: /ROS_ws/install/pc_robot_controller/share/ament_index/resource_index/parent_prefix_path/pc_robot_controller
[4.666s] -- Up-to-date: /ROS_ws/install/pc_robot_controller/share/pc_robot_controller/environment/ament_prefix_path.sh
[4.666s] -- Installing: /ROS_ws/install/pc_robot_controller/share/pc_robot_controller/environment/ament_prefix_path.dsv
[4.666s] -- Up-to-date: /ROS_ws/install/pc_robot_controller/share/pc_robot_controller/environment/path.sh
[4.666s] -- Installing: /ROS_ws/install/pc_robot_controller/share/pc_robot_controller/environment/path.dsv
[4.666s] -- Up-to-date: /ROS_ws/install/pc_robot_controller/share/pc_robot_controller/local_setup.bash
[4.666s] -- Up-to-date: /ROS_ws/install/pc_robot_controller/share/pc_robot_controller/local_setup.sh
[4.666s] -- Up-to-date: /ROS_ws/install/pc_robot_controller/share/pc_robot_controller/local_setup.zsh
[4.666s] -- Installing: /ROS_ws/install/pc_robot_controller/share/pc_robot_controller/local_setup.dsv
[4.666s] -- Installing: /ROS_ws/install/pc_robot_controller/share/pc_robot_controller/package.dsv
[4.666s] -- Up-to-date: /ROS_ws/install/pc_robot_controller/share/ament_index/resource_index/packages/pc_robot_controller
[4.666s] -- Up-to-date: /ROS_ws/install/pc_robot_controller/share/pc_robot_controller/cmake/pc_robot_controllerConfig.cmake
[4.666s] -- Up-to-date: /ROS_ws/install/pc_robot_controller/share/pc_robot_controller/cmake/pc_robot_controllerConfig-version.cmake
[4.666s] -- Up-to-date: /ROS_ws/install/pc_robot_controller/share/pc_robot_controller/package.xml
[4.668s] Invoked command in '/ROS_ws/build/pc_robot_controller' returned '0': CMAKE_PREFIX_PATH=${CMAKE_PREFIX_PATH}:/opt/ros/humble /usr/bin/cmake --install /ROS_ws/build/pc_robot_controller
