-- The C compiler identification is GNU 11.3.0
-- The CXX compiler identification is GNU 11.3.0
-- Detecting C compiler ABI info
-- Detecting C compiler ABI info - done
-- Check for working C compiler: /usr/bin/cc - skipped
-- Detecting C compile features
-- Detecting C compile features - done
-- Detecting CXX compiler ABI info
-- Detecting CXX compiler ABI info - done
-- Check for working CXX compiler: /usr/bin/c++ - skipped
-- Detecting CXX compile features
-- Detecting CXX compile features - done
-- Found ament_cmake: 1.3.3 (/opt/ros/humble/share/ament_cmake/cmake)
-- Found Python3: /usr/bin/python3.10 (found version "3.10.6") found components: Interpreter 
-- Found rclcpp: 16.0.3 (/opt/ros/humble/share/rclcpp/cmake)
-- Found rosidl_generator_c: 3.1.4 (/opt/ros/humble/share/rosidl_generator_c/cmake)
-- Found rosidl_adapter: 3.1.4 (/opt/ros/humble/share/rosidl_adapter/cmake)
-- Found rosidl_generator_cpp: 3.1.4 (/opt/ros/humble/share/rosidl_generator_cpp/cmake)
-- Using all available rosidl_typesupport_c: rosidl_typesupport_fastrtps_c;rosidl_typesupport_introspection_c
-- Using all available rosidl_typesupport_cpp: rosidl_typesupport_fastrtps_cpp;rosidl_typesupport_introspection_cpp
-- Found rmw_implementation_cmake: 6.1.1 (/opt/ros/humble/share/rmw_implementation_cmake/cmake)
-- Found rmw_fastrtps_cpp: 6.2.2 (/opt/ros/humble/share/rmw_fastrtps_cpp/cmake)
-- Found OpenSSL: /usr/lib/x86_64-linux-gnu/libcrypto.so (found version "3.0.2")  
-- Found FastRTPS: /opt/ros/humble/include  
-- Using RMW implementation 'rmw_fastrtps_cpp' as default
-- Looking for pthread.h
-- Looking for pthread.h - found
-- Performing Test CMAKE_HAVE_LIBC_PTHREAD
-- Performing Test CMAKE_HAVE_LIBC_PTHREAD - Success
-- Found Threads: TRUE  
-- Found sensor_msgs: 4.2.3 (/opt/ros/humble/share/sensor_msgs/cmake)
-- Configuring done
-- Generating done
-- Build files have been written to: /ROS_ws/build/ldlidar
[ 50%] [32mBuilding CXX object CMakeFiles/ldlidar.dir/src/ldlidar.cpp.o[0m
[ 83%] [32mBuilding CXX object CMakeFiles/ldlidar.dir/src/ldlidar_node.cpp.o[0m
[ 83%] [32mBuilding CXX object CMakeFiles/ldlidar.dir/src/tofbf.cpp.o[0m
[ 83%] [32mBuilding CXX object CMakeFiles/ldlidar.dir/src/lipkg.cpp.o[0m
[ 83%] [32mBuilding CXX object CMakeFiles/ldlidar.dir/src/cmd_interface_linux.cpp.o[0m
[100%] [32m[1mLinking CXX executable ldlidar[0m
[100%] Built target ldlidar
-- Install configuration: ""
-- Installing: /ROS_ws/install/ldlidar/lib/ldlidar/ldlidar
-- Set runtime path of "/ROS_ws/install/ldlidar/lib/ldlidar/ldlidar" to ""
-- Installing: /ROS_ws/install/ldlidar/share/ldlidar/launch
-- Installing: /ROS_ws/install/ldlidar/share/ldlidar/launch/ldlidar.launch.py
-- Installing: /ROS_ws/install/ldlidar/share/ldlidar/rviz
-- Installing: /ROS_ws/install/ldlidar/share/ldlidar/rviz/ldlidar.rviz
-- Installing: /ROS_ws/install/ldlidar/share/ament_index/resource_index/package_run_dependencies/ldlidar
-- Installing: /ROS_ws/install/ldlidar/share/ament_index/resource_index/parent_prefix_path/ldlidar
-- Installing: /ROS_ws/install/ldlidar/share/ldlidar/environment/ament_prefix_path.sh
-- Installing: /ROS_ws/install/ldlidar/share/ldlidar/environment/ament_prefix_path.dsv
-- Installing: /ROS_ws/install/ldlidar/share/ldlidar/environment/path.sh
-- Installing: /ROS_ws/install/ldlidar/share/ldlidar/environment/path.dsv
-- Installing: /ROS_ws/install/ldlidar/share/ldlidar/local_setup.bash
-- Installing: /ROS_ws/install/ldlidar/share/ldlidar/local_setup.sh
-- Installing: /ROS_ws/install/ldlidar/share/ldlidar/local_setup.zsh
-- Installing: /ROS_ws/install/ldlidar/share/ldlidar/local_setup.dsv
-- Installing: /ROS_ws/install/ldlidar/share/ldlidar/package.dsv
-- Installing: /ROS_ws/install/ldlidar/share/ament_index/resource_index/packages/ldlidar
-- Installing: /ROS_ws/install/ldlidar/share/ldlidar/cmake/ldlidarConfig.cmake
-- Installing: /ROS_ws/install/ldlidar/share/ldlidar/cmake/ldlidarConfig-version.cmake
-- Installing: /ROS_ws/install/ldlidar/share/ldlidar/package.xml
