[0.019s] Invoking command in '/ROS_ws/build/ldlidar': CMAKE_PREFIX_PATH=${CMAKE_PREFIX_PATH}:/opt/ros/humble /usr/bin/cmake /ROS_ws/src/ldlidar -DCMAKE_INSTALL_PREFIX=/ROS_ws/install/ldlidar
[0.149s] -- The C compiler identification is GNU 11.3.0
[0.184s] -- The CXX compiler identification is GNU 11.3.0
[0.189s] -- Detecting C compiler ABI info
[0.234s] -- Detecting C compiler ABI info - done
[0.239s] -- Check for working C compiler: /usr/bin/cc - skipped
[0.239s] -- Detecting C compile features
[0.239s] -- Detecting C compile features - done
[0.241s] -- Detecting CXX compiler ABI info
[0.289s] -- Detecting CXX compiler ABI info - done
[0.294s] -- Check for working CXX compiler: /usr/bin/c++ - skipped
[0.295s] -- Detecting CXX compile features
[0.295s] -- Detecting CXX compile features - done
[0.297s] -- Found ament_cmake: 1.3.3 (/opt/ros/humble/share/ament_cmake/cmake)
[0.413s] -- Found Python3: /usr/bin/python3.10 (found version "3.10.6") found components: Interpreter 
[0.476s] -- Found rclcpp: 16.0.3 (/opt/ros/humble/share/rclcpp/cmake)
[0.505s] -- Found rosidl_generator_c: 3.1.4 (/opt/ros/humble/share/rosidl_generator_c/cmake)
[0.509s] -- Found rosidl_adapter: 3.1.4 (/opt/ros/humble/share/rosidl_adapter/cmake)
[0.515s] -- Found rosidl_generator_cpp: 3.1.4 (/opt/ros/humble/share/rosidl_generator_cpp/cmake)
[0.524s] -- Using all available rosidl_typesupport_c: rosidl_typesupport_fastrtps_c;rosidl_typesupport_introspection_c
[0.538s] -- Using all available rosidl_typesupport_cpp: rosidl_typesupport_fastrtps_cpp;rosidl_typesupport_introspection_cpp
[0.585s] -- Found rmw_implementation_cmake: 6.1.1 (/opt/ros/humble/share/rmw_implementation_cmake/cmake)
[0.586s] -- Found rmw_fastrtps_cpp: 6.2.2 (/opt/ros/humble/share/rmw_fastrtps_cpp/cmake)
[0.655s] -- Found OpenSSL: /usr/lib/x86_64-linux-gnu/libcrypto.so (found version "3.0.2")  
[0.675s] -- Found FastRTPS: /opt/ros/humble/include  
[0.711s] -- Using RMW implementation 'rmw_fastrtps_cpp' as default
[0.721s] -- Looking for pthread.h
[0.783s] -- Looking for pthread.h - found
[0.784s] -- Performing Test CMAKE_HAVE_LIBC_PTHREAD
[0.827s] -- Performing Test CMAKE_HAVE_LIBC_PTHREAD - Success
[0.828s] -- Found Threads: TRUE  
[0.932s] -- Found sensor_msgs: 4.2.3 (/opt/ros/humble/share/sensor_msgs/cmake)
[1.065s] -- Configuring done
[1.071s] -- Generating done
[1.072s] -- Build files have been written to: /ROS_ws/build/ldlidar
[1.076s] Invoked command in '/ROS_ws/build/ldlidar' returned '0': CMAKE_PREFIX_PATH=${CMAKE_PREFIX_PATH}:/opt/ros/humble /usr/bin/cmake /ROS_ws/src/ldlidar -DCMAKE_INSTALL_PREFIX=/ROS_ws/install/ldlidar
[1.077s] Invoking command in '/ROS_ws/build/ldlidar': CMAKE_PREFIX_PATH=${CMAKE_PREFIX_PATH}:/opt/ros/humble /usr/bin/cmake --build /ROS_ws/build/ldlidar -- -j12 -l12
[1.105s] [ 50%] [32mBuilding CXX object CMakeFiles/ldlidar.dir/src/ldlidar.cpp.o[0m
[1.105s] [ 83%] [32mBuilding CXX object CMakeFiles/ldlidar.dir/src/ldlidar_node.cpp.o[0m
[1.105s] [ 83%] [32mBuilding CXX object CMakeFiles/ldlidar.dir/src/tofbf.cpp.o[0m
[1.105s] [ 83%] [32mBuilding CXX object CMakeFiles/ldlidar.dir/src/lipkg.cpp.o[0m
[1.105s] [ 83%] [32mBuilding CXX object CMakeFiles/ldlidar.dir/src/cmd_interface_linux.cpp.o[0m
[2.117s] [01m[K/ROS_ws/src/ldlidar/src/lipkg.cpp:[m[K In member function ‘[01m[Kvoid LiPkg::ToLaserscan(std::vector<PointData>)[m[K’:
[2.117s] [01m[K/ROS_ws/src/ldlidar/src/lipkg.cpp:258:29:[m[K [01;35m[Kwarning: [m[Kcomparison of integer expressions of different signedness: ‘[01m[Kint[m[K’ and ‘[01m[Kunsigned int[m[K’ [[01;35m[K-Wsign-compare[m[K]
[2.117s]   258 |     if (index >= 0 && [01;35m[Kindex < beam_size_[m[K)
[2.117s]       |                       [01;35m[K~~~~~~^~~~~~~~~~~~[m[K
[3.783s] [100%] [32m[1mLinking CXX executable ldlidar[0m
[3.906s] [100%] Built target ldlidar
[3.912s] Invoked command in '/ROS_ws/build/ldlidar' returned '0': CMAKE_PREFIX_PATH=${CMAKE_PREFIX_PATH}:/opt/ros/humble /usr/bin/cmake --build /ROS_ws/build/ldlidar -- -j12 -l12
[3.928s] Invoking command in '/ROS_ws/build/ldlidar': CMAKE_PREFIX_PATH=${CMAKE_PREFIX_PATH}:/opt/ros/humble /usr/bin/cmake --install /ROS_ws/build/ldlidar
[3.933s] -- Install configuration: ""
[3.933s] -- Installing: /ROS_ws/install/ldlidar/lib/ldlidar/ldlidar
[3.934s] -- Set runtime path of "/ROS_ws/install/ldlidar/lib/ldlidar/ldlidar" to ""
[3.934s] -- Installing: /ROS_ws/install/ldlidar/share/ldlidar/launch
[3.934s] -- Installing: /ROS_ws/install/ldlidar/share/ldlidar/launch/ldlidar.launch.py
[3.934s] -- Installing: /ROS_ws/install/ldlidar/share/ldlidar/rviz
[3.934s] -- Installing: /ROS_ws/install/ldlidar/share/ldlidar/rviz/ldlidar.rviz
[3.934s] -- Installing: /ROS_ws/install/ldlidar/share/ament_index/resource_index/package_run_dependencies/ldlidar
[3.934s] -- Installing: /ROS_ws/install/ldlidar/share/ament_index/resource_index/parent_prefix_path/ldlidar
[3.934s] -- Installing: /ROS_ws/install/ldlidar/share/ldlidar/environment/ament_prefix_path.sh
[3.934s] -- Installing: /ROS_ws/install/ldlidar/share/ldlidar/environment/ament_prefix_path.dsv
[3.934s] -- Installing: /ROS_ws/install/ldlidar/share/ldlidar/environment/path.sh
[3.934s] -- Installing: /ROS_ws/install/ldlidar/share/ldlidar/environment/path.dsv
[3.934s] -- Installing: /ROS_ws/install/ldlidar/share/ldlidar/local_setup.bash
[3.934s] -- Installing: /ROS_ws/install/ldlidar/share/ldlidar/local_setup.sh
[3.934s] -- Installing: /ROS_ws/install/ldlidar/share/ldlidar/local_setup.zsh
[3.934s] -- Installing: /ROS_ws/install/ldlidar/share/ldlidar/local_setup.dsv
[3.935s] -- Installing: /ROS_ws/install/ldlidar/share/ldlidar/package.dsv
[3.935s] -- Installing: /ROS_ws/install/ldlidar/share/ament_index/resource_index/packages/ldlidar
[3.935s] -- Installing: /ROS_ws/install/ldlidar/share/ldlidar/cmake/ldlidarConfig.cmake
[3.935s] -- Installing: /ROS_ws/install/ldlidar/share/ldlidar/cmake/ldlidarConfig-version.cmake
[3.935s] -- Installing: /ROS_ws/install/ldlidar/share/ldlidar/package.xml
[3.937s] Invoked command in '/ROS_ws/build/ldlidar' returned '0': CMAKE_PREFIX_PATH=${CMAKE_PREFIX_PATH}:/opt/ros/humble /usr/bin/cmake --install /ROS_ws/build/ldlidar
