running egg_info
writing ../../../build/calc_vel/calc_vel.egg-info/PKG-INFO
writing dependency_links to ../../../build/calc_vel/calc_vel.egg-info/dependency_links.txt
writing entry points to ../../../build/calc_vel/calc_vel.egg-info/entry_points.txt
writing requirements to ../../../build/calc_vel/calc_vel.egg-info/requires.txt
writing top-level names to ../../../build/calc_vel/calc_vel.egg-info/top_level.txt
reading manifest file '../../../build/calc_vel/calc_vel.egg-info/SOURCES.txt'
writing manifest file '../../../build/calc_vel/calc_vel.egg-info/SOURCES.txt'
running build
running build_py
running install
running install_lib
running install_data
running install_egg_info
removing '/ROS_ws/install/calc_vel/lib/python3.10/site-packages/calc_vel-0.0.0-py3.10.egg-info' (and everything under it)
Copying ../../../build/calc_vel/calc_vel.egg-info to /ROS_ws/install/calc_vel/lib/python3.10/site-packages/calc_vel-0.0.0-py3.10.egg-info
running install_scripts
Installing PI_simulator script to /ROS_ws/install/calc_vel/lib/calc_vel
Installing goal_tf_node script to /ROS_ws/install/calc_vel/lib/calc_vel
Installing localize_node script to /ROS_ws/install/calc_vel/lib/calc_vel
Installing param_control_node script to /ROS_ws/install/calc_vel/lib/calc_vel
Installing pose_PI_controller script to /ROS_ws/install/calc_vel/lib/calc_vel
Installing robot_tf_node script to /ROS_ws/install/calc_vel/lib/calc_vel
Installing stl_marker_publisher script to /ROS_ws/install/calc_vel/lib/calc_vel
writing list of installed files to '/ROS_ws/build/calc_vel/install.log'
