-- Found ament_cmake: 1.3.3 (/opt/ros/humble/share/ament_cmake/cmake)
-- Found rclcpp: 16.0.3 (/opt/ros/humble/share/rclcpp/cmake)
-- Found rosidl_generator_c: 3.1.4 (/opt/ros/humble/share/rosidl_generator_c/cmake)
-- Found rosidl_adapter: 3.1.4 (/opt/ros/humble/share/rosidl_adapter/cmake)
-- Found rosidl_generator_cpp: 3.1.4 (/opt/ros/humble/share/rosidl_generator_cpp/cmake)
-- Using all available rosidl_typesupport_c: rosidl_typesupport_fastrtps_c;rosidl_typesupport_introspection_c
-- Using all available rosidl_typesupport_cpp: rosidl_typesupport_fastrtps_cpp;rosidl_typesupport_introspection_cpp
-- Found rmw_implementation_cmake: 6.1.1 (/opt/ros/humble/share/rmw_implementation_cmake/cmake)
-- Found rmw_fastrtps_cpp: 6.2.2 (/opt/ros/humble/share/rmw_fastrtps_cpp/cmake)
-- Using RMW implementation 'rmw_fastrtps_cpp' as default
-- Found rclpy: 3.3.7 (/opt/ros/humble/share/rclpy/cmake)
-- Found geometry_msgs: 4.2.3 (/opt/ros/humble/share/geometry_msgs/cmake)
-- Found rosidl_default_generators: 1.2.0 (/opt/ros/humble/share/rosidl_default_generators/cmake)
-- Found ament_cmake_ros: 0.10.0 (/opt/ros/humble/share/ament_cmake_ros/cmake)
-- Using all available rosidl_typesupport_c: rosidl_typesupport_fastrtps_c;rosidl_typesupport_introspection_c
-- Using all available rosidl_typesupport_cpp: rosidl_typesupport_fastrtps_cpp;rosidl_typesupport_introspection_cpp
-- Found python_cmake_module: 0.10.0 (/opt/ros/humble/share/python_cmake_module/cmake)
-- Using PYTHON_EXECUTABLE: /usr/bin/python3
-- Using PYTHON_INCLUDE_DIRS: /usr/include/python3.10
-- Using PYTHON_LIBRARIES: /usr/lib/x86_64-linux-gnu/libpython3.10.so
-- Found mecha_control: 0.0.0 (/ROS_ws/install/mecha_control/share/mecha_control/cmake)
-- Found std_srvs: 4.2.3 (/opt/ros/humble/share/std_srvs/cmake)
-- Found ament_lint_auto: 0.12.5 (/opt/ros/humble/share/ament_lint_auto/cmake)
-- Added test 'cppcheck' to perform static code analysis on C / C++ code
-- Configured cppcheck include dirs: 
-- Configured cppcheck exclude dirs and/or files: 
-- Added test 'flake8' to check Python code syntax and style conventions
-- Added test 'lint_cmake' to check CMake code style
-- Added test 'pep257' to check Python code against some of the docstring style conventions in PEP 257
-- Added test 'uncrustify' to check C / C++ code style
-- Configured uncrustify additional arguments: 
-- Added test 'xmllint' to check XML markup files
-- Configuring done
[33mCMake Warning at CMakeLists.txt:34 (add_executable):
  Cannot generate a safe runtime search path for target cmd_seq because there
  is a cycle in the constraint graph:

    dir 0 is [/opt/ros/humble/lib]
    dir 1 is [/ROS_ws/install/mecha_control/lib]
      dir 2 must precede it due to runtime library [libmecha_control__rosidl_typesupport_introspection_c.so]
    dir 2 is [/ROS_ws/build/mecha_control]
      dir 1 must precede it due to runtime library [libmecha_control__rosidl_typesupport_fastrtps_c.so]

  Some of these libraries may not be found correctly.

[0m
-- Generating done
-- Build files have been written to: /ROS_ws/build/mecha_control
[  1%] [34m[1mGenerating C code for ROS interfaces[0m
[  2%] [34m[1mGenerating C++ code for ROS interfaces[0m
[  2%] Built target ament_cmake_python_copy_mecha_control
running egg_info
writing mecha_control.egg-info/PKG-INFO
writing dependency_links to mecha_control.egg-info/dependency_links.txt
writing top-level names to mecha_control.egg-info/top_level.txt
reading manifest file 'mecha_control.egg-info/SOURCES.txt'
writing manifest file 'mecha_control.egg-info/SOURCES.txt'
[  2%] Built target ament_cmake_python_build_mecha_control_egg
[  2%] Built target mecha_control__cpp
[  3%] [34m[1mGenerating C++ type support dispatch for ROS interfaces[0m
[  4%] [34m[1mGenerating C++ type support for eProsima Fast-RTPS[0m
[  6%] [34m[1mGenerating C++ introspection for ROS interfaces[0m
[35m[1mConsolidate compiler generated dependencies of target mecha_control__rosidl_generator_c[0m
[  7%] [32mBuilding C object CMakeFiles/mecha_control__rosidl_generator_c.dir/rosidl_generator_c/mecha_control/msg/detail/sensor_states__functions.c.o[0m
[  9%] [32mBuilding C object CMakeFiles/mecha_control__rosidl_generator_c.dir/rosidl_generator_c/mecha_control/srv/detail/mech_cmd__functions.c.o[0m
[  9%] [32mBuilding C object CMakeFiles/mecha_control__rosidl_generator_c.dir/rosidl_generator_c/mecha_control/msg/detail/actuator_commands__functions.c.o[0m
[ 11%] [32mBuilding C object CMakeFiles/mecha_control__rosidl_generator_c.dir/rosidl_generator_c/mecha_control/msg/detail/point_and_mecha_state__functions.c.o[0m
[ 12%] [32mBuilding C object CMakeFiles/mecha_control__rosidl_generator_c.dir/rosidl_generator_c/mecha_control/msg/detail/mecha_state__functions.c.o[0m
[ 13%] [32mBuilding C object CMakeFiles/mecha_control__rosidl_generator_c.dir/rosidl_generator_c/mecha_control/msg/detail/point_and_mecha_state_array__functions.c.o[0m
[ 14%] [32mBuilding C object CMakeFiles/mecha_control__rosidl_generator_c.dir/rosidl_generator_c/mecha_control/action/detail/mech_cmd__functions.c.o[0m
[ 16%] [32m[1mLinking C shared library libmecha_control__rosidl_generator_c.so[0m
[ 16%] Built target mecha_control__rosidl_generator_c
[ 17%] [34m[1mGenerating C introspection for ROS interfaces[0m
[ 18%] [34m[1mGenerating C type support dispatch for ROS interfaces[0m
[ 19%] [34m[1mGenerating C type support for eProsima Fast-RTPS[0m
[35m[1mConsolidate compiler generated dependencies of target mecha_control__rosidl_typesupport_cpp[0m
[ 20%] [32mBuilding CXX object CMakeFiles/mecha_control__rosidl_typesupport_cpp.dir/rosidl_typesupport_cpp/mecha_control/msg/sensor_states__type_support.cpp.o[0m
[ 22%] [32mBuilding CXX object CMakeFiles/mecha_control__rosidl_typesupport_cpp.dir/rosidl_typesupport_cpp/mecha_control/msg/mecha_state__type_support.cpp.o[0m
[ 23%] [32mBuilding CXX object CMakeFiles/mecha_control__rosidl_typesupport_cpp.dir/rosidl_typesupport_cpp/mecha_control/srv/mech_cmd__type_support.cpp.o[0m
[ 24%] [32mBuilding CXX object CMakeFiles/mecha_control__rosidl_typesupport_cpp.dir/rosidl_typesupport_cpp/mecha_control/msg/actuator_commands__type_support.cpp.o[0m
[ 25%] [32mBuilding CXX object CMakeFiles/mecha_control__rosidl_typesupport_cpp.dir/rosidl_typesupport_cpp/mecha_control/action/mech_cmd__type_support.cpp.o[0m
[ 27%] [32mBuilding CXX object CMakeFiles/mecha_control__rosidl_typesupport_cpp.dir/rosidl_typesupport_cpp/mecha_control/msg/point_and_mecha_state__type_support.cpp.o[0m
[ 28%] [32mBuilding CXX object CMakeFiles/mecha_control__rosidl_typesupport_cpp.dir/rosidl_typesupport_cpp/mecha_control/msg/point_and_mecha_state_array__type_support.cpp.o[0m
[35m[1mConsolidate compiler generated dependencies of target mecha_control__rosidl_typesupport_c[0m
[35m[1mConsolidate compiler generated dependencies of target mecha_control__rosidl_typesupport_fastrtps_cpp[0m
[ 29%] [32mBuilding CXX object CMakeFiles/mecha_control__rosidl_typesupport_c.dir/rosidl_typesupport_c/mecha_control/msg/sensor_states__type_support.cpp.o[0m
[ 30%] [32mBuilding CXX object CMakeFiles/mecha_control__rosidl_typesupport_c.dir/rosidl_typesupport_c/mecha_control/msg/actuator_commands__type_support.cpp.o[0m
[ 32%] [32mBuilding CXX object CMakeFiles/mecha_control__rosidl_typesupport_c.dir/rosidl_typesupport_c/mecha_control/msg/point_and_mecha_state_array__type_support.cpp.o[0m
[ 33%] [32mBuilding CXX object CMakeFiles/mecha_control__rosidl_typesupport_c.dir/rosidl_typesupport_c/mecha_control/msg/mecha_state__type_support.cpp.o[0m
[ 34%] [32mBuilding CXX object CMakeFiles/mecha_control__rosidl_typesupport_c.dir/rosidl_typesupport_c/mecha_control/msg/point_and_mecha_state__type_support.cpp.o[0m
[ 35%] [32mBuilding CXX object CMakeFiles/mecha_control__rosidl_typesupport_fastrtps_cpp.dir/rosidl_typesupport_fastrtps_cpp/mecha_control/msg/detail/dds_fastrtps/sensor_states__type_support.cpp.o[0m
[ 38%] [32mBuilding CXX object CMakeFiles/mecha_control__rosidl_typesupport_c.dir/rosidl_typesupport_c/mecha_control/srv/mech_cmd__type_support.cpp.o[0m
[ 38%] [32mBuilding CXX object CMakeFiles/mecha_control__rosidl_typesupport_c.dir/rosidl_typesupport_c/mecha_control/action/mech_cmd__type_support.cpp.o[0m
[ 39%] [32mBuilding CXX object CMakeFiles/mecha_control__rosidl_typesupport_fastrtps_cpp.dir/rosidl_typesupport_fastrtps_cpp/mecha_control/msg/detail/dds_fastrtps/actuator_commands__type_support.cpp.o[0m
[ 40%] [32mBuilding CXX object CMakeFiles/mecha_control__rosidl_typesupport_fastrtps_cpp.dir/rosidl_typesupport_fastrtps_cpp/mecha_control/msg/detail/dds_fastrtps/mecha_state__type_support.cpp.o[0m
[ 41%] [32mBuilding CXX object CMakeFiles/mecha_control__rosidl_typesupport_fastrtps_cpp.dir/rosidl_typesupport_fastrtps_cpp/mecha_control/msg/detail/dds_fastrtps/point_and_mecha_state__type_support.cpp.o[0m
[ 43%] [32mBuilding CXX object CMakeFiles/mecha_control__rosidl_typesupport_fastrtps_cpp.dir/rosidl_typesupport_fastrtps_cpp/mecha_control/msg/detail/dds_fastrtps/point_and_mecha_state_array__type_support.cpp.o[0m
[ 44%] [32mBuilding CXX object CMakeFiles/mecha_control__rosidl_typesupport_fastrtps_cpp.dir/rosidl_typesupport_fastrtps_cpp/mecha_control/srv/detail/dds_fastrtps/mech_cmd__type_support.cpp.o[0m
[ 45%] [32m[1mLinking CXX shared library libmecha_control__rosidl_typesupport_c.so[0m
[35m[1mConsolidate compiler generated dependencies of target mecha_control__rosidl_typesupport_introspection_cpp[0m
[ 46%] [32mBuilding CXX object CMakeFiles/mecha_control__rosidl_typesupport_fastrtps_cpp.dir/rosidl_typesupport_fastrtps_cpp/mecha_control/action/detail/dds_fastrtps/mech_cmd__type_support.cpp.o[0m
[ 48%] [32mBuilding CXX object CMakeFiles/mecha_control__rosidl_typesupport_introspection_cpp.dir/rosidl_typesupport_introspection_cpp/mecha_control/msg/detail/sensor_states__type_support.cpp.o[0m
[ 48%] Built target mecha_control__rosidl_typesupport_c
[ 49%] [32mBuilding CXX object CMakeFiles/mecha_control__rosidl_typesupport_introspection_cpp.dir/rosidl_typesupport_introspection_cpp/mecha_control/msg/detail/actuator_commands__type_support.cpp.o[0m
[ 50%] [32m[1mLinking CXX shared library libmecha_control__rosidl_typesupport_cpp.so[0m
[ 50%] Built target mecha_control__rosidl_typesupport_cpp
[ 51%] [32mBuilding CXX object CMakeFiles/mecha_control__rosidl_typesupport_introspection_cpp.dir/rosidl_typesupport_introspection_cpp/mecha_control/msg/detail/mecha_state__type_support.cpp.o[0m
[35m[1mConsolidate compiler generated dependencies of target mecha_control__rosidl_typesupport_fastrtps_c[0m
[ 53%] [32mBuilding CXX object CMakeFiles/mecha_control__rosidl_typesupport_introspection_cpp.dir/rosidl_typesupport_introspection_cpp/mecha_control/msg/detail/point_and_mecha_state_array__type_support.cpp.o[0m
[ 54%] [32mBuilding CXX object CMakeFiles/mecha_control__rosidl_typesupport_introspection_cpp.dir/rosidl_typesupport_introspection_cpp/mecha_control/msg/detail/point_and_mecha_state__type_support.cpp.o[0m
[ 55%] [32mBuilding CXX object CMakeFiles/mecha_control__rosidl_typesupport_introspection_cpp.dir/rosidl_typesupport_introspection_cpp/mecha_control/srv/detail/mech_cmd__type_support.cpp.o[0m
[ 56%] [32mBuilding CXX object CMakeFiles/mecha_control__rosidl_typesupport_fastrtps_c.dir/rosidl_typesupport_fastrtps_c/mecha_control/msg/detail/sensor_states__type_support_c.cpp.o[0m
[ 58%] [32mBuilding CXX object CMakeFiles/mecha_control__rosidl_typesupport_fastrtps_c.dir/rosidl_typesupport_fastrtps_c/mecha_control/msg/detail/actuator_commands__type_support_c.cpp.o[0m
[ 59%] [32mBuilding CXX object CMakeFiles/mecha_control__rosidl_typesupport_fastrtps_c.dir/rosidl_typesupport_fastrtps_c/mecha_control/msg/detail/mecha_state__type_support_c.cpp.o[0m
[35m[1mConsolidate compiler generated dependencies of target mecha_control__rosidl_typesupport_introspection_c[0m
[ 60%] [32mBuilding CXX object CMakeFiles/mecha_control__rosidl_typesupport_introspection_cpp.dir/rosidl_typesupport_introspection_cpp/mecha_control/action/detail/mech_cmd__type_support.cpp.o[0m
[ 61%] [32mBuilding C object CMakeFiles/mecha_control__rosidl_typesupport_introspection_c.dir/rosidl_typesupport_introspection_c/mecha_control/msg/detail/sensor_states__type_support.c.o[0m
[ 62%] [32mBuilding CXX object CMakeFiles/mecha_control__rosidl_typesupport_fastrtps_c.dir/rosidl_typesupport_fastrtps_c/mecha_control/msg/detail/point_and_mecha_state__type_support_c.cpp.o[0m
[ 64%] [32mBuilding C object CMakeFiles/mecha_control__rosidl_typesupport_introspection_c.dir/rosidl_typesupport_introspection_c/mecha_control/msg/detail/actuator_commands__type_support.c.o[0m
[ 65%] [32mBuilding C object CMakeFiles/mecha_control__rosidl_typesupport_introspection_c.dir/rosidl_typesupport_introspection_c/mecha_control/msg/detail/mecha_state__type_support.c.o[0m
[ 66%] [32m[1mLinking CXX shared library libmecha_control__rosidl_typesupport_fastrtps_cpp.so[0m
[ 67%] [32mBuilding C object CMakeFiles/mecha_control__rosidl_typesupport_introspection_c.dir/rosidl_typesupport_introspection_c/mecha_control/msg/detail/point_and_mecha_state__type_support.c.o[0m
[ 69%] [32mBuilding C object CMakeFiles/mecha_control__rosidl_typesupport_introspection_c.dir/rosidl_typesupport_introspection_c/mecha_control/msg/detail/point_and_mecha_state_array__type_support.c.o[0m
[ 70%] [32mBuilding C object CMakeFiles/mecha_control__rosidl_typesupport_introspection_c.dir/rosidl_typesupport_introspection_c/mecha_control/srv/detail/mech_cmd__type_support.c.o[0m
[ 71%] [32mBuilding C object CMakeFiles/mecha_control__rosidl_typesupport_introspection_c.dir/rosidl_typesupport_introspection_c/mecha_control/action/detail/mech_cmd__type_support.c.o[0m
[ 72%] [32mBuilding CXX object CMakeFiles/mecha_control__rosidl_typesupport_fastrtps_c.dir/rosidl_typesupport_fastrtps_c/mecha_control/msg/detail/point_and_mecha_state_array__type_support_c.cpp.o[0m
[ 72%] Built target mecha_control__rosidl_typesupport_fastrtps_cpp
[ 74%] [32mBuilding CXX object CMakeFiles/mecha_control__rosidl_typesupport_fastrtps_c.dir/rosidl_typesupport_fastrtps_c/mecha_control/srv/detail/mech_cmd__type_support_c.cpp.o[0m
[ 75%] [32mBuilding CXX object CMakeFiles/mecha_control__rosidl_typesupport_fastrtps_c.dir/rosidl_typesupport_fastrtps_c/mecha_control/action/detail/mech_cmd__type_support_c.cpp.o[0m
[ 76%] [32m[1mLinking C shared library libmecha_control__rosidl_typesupport_introspection_c.so[0m
[ 76%] Built target mecha_control__rosidl_typesupport_introspection_c
[ 77%] [32m[1mLinking CXX shared library libmecha_control__rosidl_typesupport_introspection_cpp.so[0m
[ 79%] [32m[1mLinking CXX shared library libmecha_control__rosidl_typesupport_fastrtps_c.so[0m
[ 79%] Built target mecha_control__rosidl_typesupport_introspection_cpp
[ 79%] Built target mecha_control__rosidl_typesupport_fastrtps_c
[35m[1mConsolidate compiler generated dependencies of target cmd_seq[0m
[ 79%] Built target mecha_control
[ 80%] [32mBuilding CXX object CMakeFiles/cmd_seq.dir/src/cmd_seq.cpp.o[0m
[ 81%] [34m[1mGenerating Python code for ROS interfaces[0m
[ 81%] Built target mecha_control__py
[35m[1mConsolidate compiler generated dependencies of target mecha_control__rosidl_generator_py[0m
[ 83%] [32mBuilding C object CMakeFiles/mecha_control__rosidl_generator_py.dir/rosidl_generator_py/mecha_control/msg/_actuator_commands_s.c.o[0m
[ 83%] [32mBuilding C object CMakeFiles/mecha_control__rosidl_generator_py.dir/rosidl_generator_py/mecha_control/msg/_sensor_states_s.c.o[0m
[ 85%] [32mBuilding C object CMakeFiles/mecha_control__rosidl_generator_py.dir/rosidl_generator_py/mecha_control/srv/_mech_cmd_s.c.o[0m
[ 86%] [32mBuilding C object CMakeFiles/mecha_control__rosidl_generator_py.dir/rosidl_generator_py/mecha_control/msg/_mecha_state_s.c.o[0m
[ 87%] [32mBuilding C object CMakeFiles/mecha_control__rosidl_generator_py.dir/rosidl_generator_py/mecha_control/msg/_point_and_mecha_state_s.c.o[0m
[ 88%] [32mBuilding C object CMakeFiles/mecha_control__rosidl_generator_py.dir/rosidl_generator_py/mecha_control/msg/_point_and_mecha_state_array_s.c.o[0m
[ 90%] [32mBuilding C object CMakeFiles/mecha_control__rosidl_generator_py.dir/rosidl_generator_py/mecha_control/action/_mech_cmd_s.c.o[0m
[ 91%] [32m[1mLinking C shared library rosidl_generator_py/mecha_control/libmecha_control__rosidl_generator_py.so[0m
[ 91%] Built target mecha_control__rosidl_generator_py
[35m[1mConsolidate compiler generated dependencies of target mecha_control__rosidl_typesupport_introspection_c__pyext[0m
[35m[1mConsolidate compiler generated dependencies of target mecha_control__rosidl_typesupport_c__pyext[0m
[35m[1mConsolidate compiler generated dependencies of target mecha_control__rosidl_typesupport_fastrtps_c__pyext[0m
[ 95%] [32mBuilding C object CMakeFiles/mecha_control__rosidl_typesupport_introspection_c__pyext.dir/rosidl_generator_py/mecha_control/_mecha_control_s.ep.rosidl_typesupport_introspection_c.c.o[0m
[ 95%] [32mBuilding C object CMakeFiles/mecha_control__rosidl_typesupport_c__pyext.dir/rosidl_generator_py/mecha_control/_mecha_control_s.ep.rosidl_typesupport_c.c.o[0m
[ 95%] [32mBuilding C object CMakeFiles/mecha_control__rosidl_typesupport_fastrtps_c__pyext.dir/rosidl_generator_py/mecha_control/_mecha_control_s.ep.rosidl_typesupport_fastrtps_c.c.o[0m
[ 96%] [32m[1mLinking C shared library rosidl_generator_py/mecha_control/mecha_control_s__rosidl_typesupport_fastrtps_c.cpython-310-x86_64-linux-gnu.so[0m
[ 97%] [32m[1mLinking C shared library rosidl_generator_py/mecha_control/mecha_control_s__rosidl_typesupport_introspection_c.cpython-310-x86_64-linux-gnu.so[0m
[ 98%] [32m[1mLinking C shared library rosidl_generator_py/mecha_control/mecha_control_s__rosidl_typesupport_c.cpython-310-x86_64-linux-gnu.so[0m
In file included from [01m[K/usr/include/c++/11/pstl/glue_algorithm_defs.h:13[m[K,
                 from [01m[K/usr/include/c++/11/algorithm:74[m[K,
                 from [01m[K/opt/ros/humble/include/rclcpp/rclcpp/executor.hpp:18[m[K,
                 from [01m[K/opt/ros/humble/include/rclcpp/rclcpp/executors/multi_threaded_executor.hpp:25[m[K,
                 from [01m[K/opt/ros/humble/include/rclcpp/rclcpp/executors.hpp:21[m[K,
                 from [01m[K/opt/ros/humble/include/rclcpp/rclcpp/rclcpp.hpp:155[m[K,
                 from [01m[K/ROS_ws/src/mecha_control/src/cmd_seq.cpp:1[m[K:
/usr/include/c++/11/functional: In instantiation of ‘[01m[Kstruct std::_Bind_check_arity<void (MechSeqNode::*)(), MechSeqNode*, const std::_Placeholder<1>&>[m[K’:
[01m[K/usr/include/c++/11/functional:768:12:[m[K   required from ‘[01m[Kstruct std::_Bind_helper<false, void (MechSeqNode::*)(), MechSeqNode*, const std::_Placeholder<1>&>[m[K’
[01m[K/usr/include/c++/11/functional:789:5:[m[K   required by substitution of ‘[01m[Ktemplate<class _Func, class ... _BoundArgs> typename std::_Bind_helper<std::__is_socketlike<_Func>::value, _Func, _BoundArgs ...>::type std::bind(_Func&&, _BoundArgs&& ...) [with _Func = void (MechSeqNode::*)(); _BoundArgs = {MechSeqNode*, const std::_Placeholder<1>&}][m[K’
[01m[K/ROS_ws/src/mecha_control/src/cmd_seq.cpp:22:41:[m[K   required from here
[01m[K/usr/include/c++/11/functional:756:21:[m[K [01;31m[Kerror: [m[Kstatic assertion failed: Wrong number of arguments for pointer-to-member
  755 |       static_assert(_Varargs::[01;31m[Kvalue[m[K
      |                               [01;31m[K~~~~~[m[K
  756 | [01;31m[K                    ? sizeof...(_BoundArgs) >= _Arity::value + 1[m[K
      |                     [01;31m[K^~~~~~~~~~~~~~~~~~~~~~~~~~~~~~~~~~~~~~~~~~~~[m[K
  757 | [01;31m[K                    : sizeof...(_BoundArgs) == _Arity::value + 1[m[K,
      |                     [01;31m[K~~~~~~~~~~~~~~~~~~~~~~~~~~~~~~~~~~~~~~~~~~~~[m[K
[01m[K/usr/include/c++/11/functional:756:21:[m[K [01;36m[Knote: [m[K‘[01m[K(false ? (2 >= (((long unsigned int)std::integral_constant<long unsigned int, 0>::value) + 1)) : (2 == (((long unsigned int)std::integral_constant<long unsigned int, 0>::value) + 1)))[m[K’ evaluates to false
[01m[K/ROS_ws/src/mecha_control/src/cmd_seq.cpp:[m[K In lambda function:
[01m[K/ROS_ws/src/mecha_control/src/cmd_seq.cpp:55:40:[m[K [01;31m[Kerror: [m[Kno matching function for call to ‘[01m[Ksleep_for(int)[m[K’
   55 |             [01;31m[Kstd::this_thread::sleep_for(5)[m[K;
      |             [01;31m[K~~~~~~~~~~~~~~~~~~~~~~~~~~~^~~[m[K
[ 98%] Built target mecha_control__rosidl_typesupport_c__pyext
[ 98%] Built target mecha_control__rosidl_typesupport_introspection_c__pyext
[ 98%] Built target mecha_control__rosidl_typesupport_fastrtps_c__pyext
In file included from [01m[K/usr/include/c++/11/thread:44[m[K,
                 from [01m[K/opt/ros/humble/include/rclcpp/rclcpp/executors/multi_threaded_executor.hpp:22[m[K,
                 from [01m[K/opt/ros/humble/include/rclcpp/rclcpp/executors.hpp:21[m[K,
                 from [01m[K/opt/ros/humble/include/rclcpp/rclcpp/rclcpp.hpp:155[m[K,
                 from [01m[K/ROS_ws/src/mecha_control/src/cmd_seq.cpp:1[m[K:
[01m[K/usr/include/c++/11/bits/this_thread_sleep.h:70:7:[m[K [01;36m[Knote: [m[Kcandidate: ‘[01m[Ktemplate<class _Rep, class _Period> void std::this_thread::sleep_for(const std::chrono::duration<_Rep1, _Period1>&)[m[K’
   70 |       [01;36m[Ksleep_for[m[K(const chrono::duration<_Rep, _Period>& __rtime)
      |       [01;36m[K^~~~~~~~~[m[K
[01m[K/usr/include/c++/11/bits/this_thread_sleep.h:70:7:[m[K [01;36m[Knote: [m[K  template argument deduction/substitution failed:
[01m[K/ROS_ws/src/mecha_control/src/cmd_seq.cpp:55:40:[m[K [01;36m[Knote: [m[K  mismatched types ‘[01m[Kconst std::chrono::duration<_Rep1, _Period1>[m[K’ and ‘[01m[Kint[m[K’
   55 |             [01;36m[Kstd::this_thread::sleep_for(5)[m[K;
      |             [01;36m[K~~~~~~~~~~~~~~~~~~~~~~~~~~~^~~[m[K
[01m[K/ROS_ws/src/mecha_control/src/cmd_seq.cpp:[m[K In member function ‘[01m[Kvoid MechSeqNode::set_bonbori_callback(std::shared_ptr<std_srvs::srv::SetBool_Request_<std::allocator<void> > >, std::shared_ptr<std_srvs::srv::SetBool_Response_<std::allocator<void> > >) const[m[K’:
[01m[K/ROS_ws/src/mecha_control/src/cmd_seq.cpp:57:10:[m[K [01;31m[Kerror: [m[Kpassing ‘[01m[Kconst std::thread[m[K’ as ‘[01m[Kthis[m[K’ argument discards qualifiers [[01;31m[K-fpermissive[m[K]
   57 |         }[01;31m[K)[m[K;
      |          [01;31m[K^[m[K
In file included from [01m[K/usr/include/c++/11/future:48[m[K,
                 from [01m[K/opt/ros/humble/include/rclcpp/rclcpp/executors.hpp:18[m[K,
                 from [01m[K/opt/ros/humble/include/rclcpp/rclcpp/rclcpp.hpp:155[m[K,
                 from [01m[K/ROS_ws/src/mecha_control/src/cmd_seq.cpp:1[m[K:
[01m[K/usr/include/c++/11/bits/std_thread.h:162:13:[m[K [01;36m[Knote: [m[K  in call to ‘[01m[Kstd::thread& std::thread::operator=(std::thread&&)[m[K’
  162 |     thread& [01;36m[Koperator[m[K=(thread&& __t) noexcept
      |             [01;36m[K^~~~~~~~[m[K
/usr/include/c++/11/bits/std_thread.h: In instantiation of ‘[01m[Kstd::thread::thread(_Callable&&, _Args&& ...) [with _Callable = void (MechSeqNode::*)(); _Args = {}; <template-parameter-1-3> = void][m[K’:
[01m[K/ROS_ws/src/mecha_control/src/cmd_seq.cpp:18:68:[m[K   required from here
[01m[K/usr/include/c++/11/bits/std_thread.h:130:72:[m[K [01;31m[Kerror: [m[Kstatic assertion failed: std::thread arguments must be invocable after conversion to rvalues
  130 |                                       typename decay<_Args>::type...>::[01;31m[Kvalue[m[K,
      |                                                                        [01;31m[K^~~~~[m[K
[01m[K/usr/include/c++/11/bits/std_thread.h:130:72:[m[K [01;36m[Knote: [m[K‘[01m[Kstd::integral_constant<bool, false>::value[m[K’ evaluates to false
/usr/include/c++/11/bits/std_thread.h: In instantiation of ‘[01m[Kstruct std::thread::_Invoker<std::tuple<void (MechSeqNode::*)()> >[m[K’:
[01m[K/usr/include/c++/11/bits/std_thread.h:203:13:[m[K   required from ‘[01m[Kstruct std::thread::_State_impl<std::thread::_Invoker<std::tuple<void (MechSeqNode::*)()> > >[m[K’
[01m[K/usr/include/c++/11/bits/std_thread.h:143:29:[m[K   required from ‘[01m[Kstd::thread::thread(_Callable&&, _Args&& ...) [with _Callable = void (MechSeqNode::*)(); _Args = {}; <template-parameter-1-3> = void][m[K’
[01m[K/ROS_ws/src/mecha_control/src/cmd_seq.cpp:18:68:[m[K   required from here
[01m[K/usr/include/c++/11/bits/std_thread.h:252:11:[m[K [01;31m[Kerror: [m[Kno type named ‘[01m[Ktype[m[K’ in ‘[01m[Kstruct std::thread::_Invoker<std::tuple<void (MechSeqNode::*)()> >::__result<std::tuple<void (MechSeqNode::*)()> >[m[K’
  252 |           [01;31m[K_M_invoke[m[K(_Index_tuple<_Ind...>)
      |           [01;31m[K^~~~~~~~~[m[K
[01m[K/usr/include/c++/11/bits/std_thread.h:256:9:[m[K [01;31m[Kerror: [m[Kno type named ‘[01m[Ktype[m[K’ in ‘[01m[Kstruct std::thread::_Invoker<std::tuple<void (MechSeqNode::*)()> >::__result<std::tuple<void (MechSeqNode::*)()> >[m[K’
  256 |         [01;31m[Koperator[m[K()()
      |         [01;31m[K^~~~~~~~[m[K
In file included from [01m[K/opt/ros/humble/include/rclcpp/rclcpp/subscription_base.hpp:32[m[K,
                 from [01m[K/opt/ros/humble/include/rclcpp/rclcpp/callback_group.hpp:29[m[K,
                 from [01m[K/opt/ros/humble/include/rclcpp/rclcpp/any_executable.hpp:20[m[K,
                 from [01m[K/opt/ros/humble/include/rclcpp/rclcpp/memory_strategy.hpp:25[m[K,
                 from [01m[K/opt/ros/humble/include/rclcpp/rclcpp/memory_strategies.hpp:18[m[K,
                 from [01m[K/opt/ros/humble/include/rclcpp/rclcpp/executor_options.hpp:20[m[K,
                 from [01m[K/opt/ros/humble/include/rclcpp/rclcpp/executor.hpp:37[m[K,
                 from [01m[K/opt/ros/humble/include/rclcpp/rclcpp/executors/multi_threaded_executor.hpp:25[m[K,
                 from [01m[K/opt/ros/humble/include/rclcpp/rclcpp/executors.hpp:21[m[K,
                 from [01m[K/opt/ros/humble/include/rclcpp/rclcpp/rclcpp.hpp:155[m[K,
                 from [01m[K/ROS_ws/src/mecha_control/src/cmd_seq.cpp:1[m[K:
/opt/ros/humble/include/rclcpp/rclcpp/any_subscription_callback.hpp: In instantiation of ‘[01m[Krclcpp::AnySubscriptionCallback<MessageT, AllocatorT> rclcpp::AnySubscriptionCallback<MessageT, AllocatorT>::set(CallbackT) [with CallbackT = std::_Bind<void (MechSeqNode::*(MechSeqNode*, std::_Placeholder<1>))()>; MessageT = mecha_control::msg::SensorStates_<std::allocator<void> >; AllocatorT = std::allocator<void>][m[K’:
[01m[K/opt/ros/humble/include/rclcpp/rclcpp/subscription_factory.hpp:94:32:[m[K   required from ‘[01m[Krclcpp::SubscriptionFactory rclcpp::create_subscription_factory(CallbackT&&, const rclcpp::SubscriptionOptionsWithAllocator<AllocatorT>&, typename MessageMemoryStrategyT::SharedPtr, std::shared_ptr<rclcpp::topic_statistics::SubscriptionTopicStatistics<ROSMessageType> >) [with MessageT = mecha_control::msg::SensorStates_<std::allocator<void> >; CallbackT = std::_Bind<void (MechSeqNode::*(MechSeqNode*, std::_Placeholder<1>))()>; AllocatorT = std::allocator<void>; SubscriptionT = rclcpp::Subscription<mecha_control::msg::SensorStates_<std::allocator<void> > >; MessageMemoryStrategyT = rclcpp::message_memory_strategy::MessageMemoryStrategy<mecha_control::msg::SensorStates_<std::allocator<void> >, std::allocator<void> >; ROSMessageType = mecha_control::msg::SensorStates_<std::allocator<void> >; typename MessageMemoryStrategyT::SharedPtr = std::shared_ptr<rclcpp::message_memory_strategy::MessageMemoryStrategy<mecha_control::msg::SensorStates_<std::allocator<void> >, std::allocator<void> > >][m[K’
[01m[K/opt/ros/humble/include/rclcpp/rclcpp/create_subscription.hpp:122:63:[m[K   required from ‘[01m[Kstd::shared_ptr<ROSMessageT> rclcpp::detail::create_subscription(NodeParametersT&, NodeTopicsT&, const string&, const rclcpp::QoS&, CallbackT&&, const rclcpp::SubscriptionOptionsWithAllocator<AllocatorT>&, typename MessageMemoryStrategyT::SharedPtr) [with MessageT = mecha_control::msg::SensorStates_<std::allocator<void> >; CallbackT = std::_Bind<void (MechSeqNode::*(MechSeqNode*, std::_Placeholder<1>))()>; AllocatorT = std::allocator<void>; SubscriptionT = rclcpp::Subscription<mecha_control::msg::SensorStates_<std::allocator<void> > >; MessageMemoryStrategyT = rclcpp::message_memory_strategy::MessageMemoryStrategy<mecha_control::msg::SensorStates_<std::allocator<void> >, std::allocator<void> >; NodeParametersT = rclcpp::Node; NodeTopicsT = rclcpp::Node; ROSMessageType = mecha_control::msg::SensorStates_<std::allocator<void> >; std::string = std::__cxx11::basic_string<char>; typename MessageMemoryStrategyT::SharedPtr = std::shared_ptr<rclcpp::message_memory_strategy::MessageMemoryStrategy<mecha_control::msg::SensorStates_<std::allocator<void> >, std::allocator<void> > >][m[K’
[01m[K/opt/ros/humble/include/rclcpp/rclcpp/create_subscription.hpp:191:76:[m[K   required from ‘[01m[Kstd::shared_ptr<ROSMessageT> rclcpp::create_subscription(NodeT&, const string&, const rclcpp::QoS&, CallbackT&&, const rclcpp::SubscriptionOptionsWithAllocator<AllocatorT>&, typename MessageMemoryStrategyT::SharedPtr) [with MessageT = mecha_control::msg::SensorStates_<std::allocator<void> >; CallbackT = std::_Bind<void (MechSeqNode::*(MechSeqNode*, std::_Placeholder<1>))()>; AllocatorT = std::allocator<void>; SubscriptionT = rclcpp::Subscription<mecha_control::msg::SensorStates_<std::allocator<void> > >; MessageMemoryStrategyT = rclcpp::message_memory_strategy::MessageMemoryStrategy<mecha_control::msg::SensorStates_<std::allocator<void> >, std::allocator<void> >; NodeT = rclcpp::Node; std::string = std::__cxx11::basic_string<char>; typename MessageMemoryStrategyT::SharedPtr = std::shared_ptr<rclcpp::message_memory_strategy::MessageMemoryStrategy<mecha_control::msg::SensorStates_<std::allocator<void> >, std::allocator<void> > >][m[K’
[01m[K/opt/ros/humble/include/rclcpp/rclcpp/node_impl.hpp:99:47:[m[K   required from ‘[01m[Kstd::shared_ptr<ROSMessageT> rclcpp::Node::create_subscription(const string&, const rclcpp::QoS&, CallbackT&&, const rclcpp::SubscriptionOptionsWithAllocator<AllocatorT>&, typename MessageMemoryStrategyT::SharedPtr) [with MessageT = mecha_control::msg::SensorStates_<std::allocator<void> >; CallbackT = std::_Bind<void (MechSeqNode::*(MechSeqNode*, std::_Placeholder<1>))()>; AllocatorT = std::allocator<void>; SubscriptionT = rclcpp::Subscription<mecha_control::msg::SensorStates_<std::allocator<void> > >; MessageMemoryStrategyT = rclcpp::message_memory_strategy::MessageMemoryStrategy<mecha_control::msg::SensorStates_<std::allocator<void> >, std::allocator<void> >; std::string = std::__cxx11::basic_string<char>; typename MessageMemoryStrategyT::SharedPtr = std::shared_ptr<rclcpp::message_memory_strategy::MessageMemoryStrategy<mecha_control::msg::SensorStates_<std::allocator<void> >, std::allocator<void> > >][m[K’
[01m[K/ROS_ws/src/mecha_control/src/cmd_seq.cpp:21:81:[m[K   required from here
[01m[K/opt/ros/humble/include/rclcpp/rclcpp/any_subscription_callback.hpp:394:27:[m[K [01;31m[Kerror: [m[Kno matching function for call to ‘[01m[Kstd::function<void()>::function(std::_Bind<void (MechSeqNode::*(MechSeqNode*, std::_Placeholder<1>))()>&)[m[K’
  394 |       callback_variant_ = [01;31m[Kstatic_cast<typename scbth::callback_type>(callback)[m[K;
      |                           [01;31m[K^~~~~~~~~~~~~~~~~~~~~~~~~~~~~~~~~~~~~~~~~~~~~~~~~~~~[m[K
In file included from [01m[K/usr/include/c++/11/future:47[m[K,
                 from [01m[K/opt/ros/humble/include/rclcpp/rclcpp/executors.hpp:18[m[K,
                 from [01m[K/opt/ros/humble/include/rclcpp/rclcpp/rclcpp.hpp:155[m[K,
                 from [01m[K/ROS_ws/src/mecha_control/src/cmd_seq.cpp:1[m[K:
[01m[K/usr/include/c++/11/bits/std_function.h:435:9:[m[K [01;36m[Knote: [m[Kcandidate: ‘[01m[Ktemplate<class _Functor, class _Constraints> std::function<_Res(_ArgTypes ...)>::function(_Functor&&) [with _Functor = _Functor; _Constraints = _Constraints; _Res = void; _ArgTypes = {}][m[K’
  435 |         [01;36m[Kfunction[m[K(_Functor&& __f)
      |         [01;36m[K^~~~~~~~[m[K
[01m[K/usr/include/c++/11/bits/std_function.h:435:9:[m[K [01;36m[Knote: [m[K  template argument deduction/substitution failed:
In file included from [01m[K/usr/include/c++/11/bits/move.h:57[m[K,
                 from [01m[K/usr/include/c++/11/bits/stl_pair.h:59[m[K,
                 from [01m[K/usr/include/c++/11/bits/stl_algobase.h:64[m[K,
                 from [01m[K/usr/include/c++/11/memory:63[m[K,
                 from [01m[K/opt/ros/humble/include/rclcpp/rclcpp/rclcpp.hpp:153[m[K,
                 from [01m[K/ROS_ws/src/mecha_control/src/cmd_seq.cpp:1[m[K:
/usr/include/c++/11/type_traits: In substitution of ‘[01m[Ktemplate<bool _Cond, class _Tp> using __enable_if_t = typename std::enable_if::type [with bool _Cond = false; _Tp = void][m[K’:
[01m[K/usr/include/c++/11/bits/std_function.h:353:8:[m[K   required by substitution of ‘[01m[Ktemplate<class _Res, class ... _ArgTypes> template<class _Cond, class _Tp> using _Requires = std::__enable_if_t<_Cond::value, _Tp> [with _Cond = std::function<void()>::_Callable<std::_Bind<void (MechSeqNode::*(MechSeqNode*, std::_Placeholder<1>))()>&, std::_Bind<void (MechSeqNode::*(MechSeqNode*, std::_Placeholder<1>))()>, std::__invoke_result<std::_Bind<void (MechSeqNode::*(MechSeqNode*, std::_Placeholder<1>))()>&> >; _Tp = void; _Res = void; _ArgTypes = {}][m[K’
[01m[K/usr/include/c++/11/bits/std_function.h:434:9:[m[K   required from ‘[01m[Krclcpp::AnySubscriptionCallback<MessageT, AllocatorT> rclcpp::AnySubscriptionCallback<MessageT, AllocatorT>::set(CallbackT) [with CallbackT = std::_Bind<void (MechSeqNode::*(MechSeqNode*, std::_Placeholder<1>))()>; MessageT = mecha_control::msg::SensorStates_<std::allocator<void> >; AllocatorT = std::allocator<void>][m[K’
[01m[K/opt/ros/humble/include/rclcpp/rclcpp/subscription_factory.hpp:94:32:[m[K   required from ‘[01m[Krclcpp::SubscriptionFactory rclcpp::create_subscription_factory(CallbackT&&, const rclcpp::SubscriptionOptionsWithAllocator<AllocatorT>&, typename MessageMemoryStrategyT::SharedPtr, std::shared_ptr<rclcpp::topic_statistics::SubscriptionTopicStatistics<ROSMessageType> >) [with MessageT = mecha_control::msg::SensorStates_<std::allocator<void> >; CallbackT = std::_Bind<void (MechSeqNode::*(MechSeqNode*, std::_Placeholder<1>))()>; AllocatorT = std::allocator<void>; SubscriptionT = rclcpp::Subscription<mecha_control::msg::SensorStates_<std::allocator<void> > >; MessageMemoryStrategyT = rclcpp::message_memory_strategy::MessageMemoryStrategy<mecha_control::msg::SensorStates_<std::allocator<void> >, std::allocator<void> >; ROSMessageType = mecha_control::msg::SensorStates_<std::allocator<void> >; typename MessageMemoryStrategyT::SharedPtr = std::shared_ptr<rclcpp::message_memory_strategy::MessageMemoryStrategy<mecha_control::msg::SensorStates_<std::allocator<void> >, std::allocator<void> > >][m[K’
[01m[K/opt/ros/humble/include/rclcpp/rclcpp/create_subscription.hpp:122:63:[m[K   required from ‘[01m[Kstd::shared_ptr<ROSMessageT> rclcpp::detail::create_subscription(NodeParametersT&, NodeTopicsT&, const string&, const rclcpp::QoS&, CallbackT&&, const rclcpp::SubscriptionOptionsWithAllocator<AllocatorT>&, typename MessageMemoryStrategyT::SharedPtr) [with MessageT = mecha_control::msg::SensorStates_<std::allocator<void> >; CallbackT = std::_Bind<void (MechSeqNode::*(MechSeqNode*, std::_Placeholder<1>))()>; AllocatorT = std::allocator<void>; SubscriptionT = rclcpp::Subscription<mecha_control::msg::SensorStates_<std::allocator<void> > >; MessageMemoryStrategyT = rclcpp::message_memory_strategy::MessageMemoryStrategy<mecha_control::msg::SensorStates_<std::allocator<void> >, std::allocator<void> >; NodeParametersT = rclcpp::Node; NodeTopicsT = rclcpp::Node; ROSMessageType = mecha_control::msg::SensorStates_<std::allocator<void> >; std::string = std::__cxx11::basic_string<char>; typename MessageMemoryStrategyT::SharedPtr = std::shared_ptr<rclcpp::message_memory_strategy::MessageMemoryStrategy<mecha_control::msg::SensorStates_<std::allocator<void> >, std::allocator<void> > >][m[K’
[01m[K/opt/ros/humble/include/rclcpp/rclcpp/create_subscription.hpp:191:76:[m[K   required from ‘[01m[Kstd::shared_ptr<ROSMessageT> rclcpp::create_subscription(NodeT&, const string&, const rclcpp::QoS&, CallbackT&&, const rclcpp::SubscriptionOptionsWithAllocator<AllocatorT>&, typename MessageMemoryStrategyT::SharedPtr) [with MessageT = mecha_control::msg::SensorStates_<std::allocator<void> >; CallbackT = std::_Bind<void (MechSeqNode::*(MechSeqNode*, std::_Placeholder<1>))()>; AllocatorT = std::allocator<void>; SubscriptionT = rclcpp::Subscription<mecha_control::msg::SensorStates_<std::allocator<void> > >; MessageMemoryStrategyT = rclcpp::message_memory_strategy::MessageMemoryStrategy<mecha_control::msg::SensorStates_<std::allocator<void> >, std::allocator<void> >; NodeT = rclcpp::Node; std::string = std::__cxx11::basic_string<char>; typename MessageMemoryStrategyT::SharedPtr = std::shared_ptr<rclcpp::message_memory_strategy::MessageMemoryStrategy<mecha_control::msg::SensorStates_<std::allocator<void> >, std::allocator<void> > >][m[K’
[01m[K/opt/ros/humble/include/rclcpp/rclcpp/node_impl.hpp:99:47:[m[K   required from ‘[01m[Kstd::shared_ptr<ROSMessageT> rclcpp::Node::create_subscription(const string&, const rclcpp::QoS&, CallbackT&&, const rclcpp::SubscriptionOptionsWithAllocator<AllocatorT>&, typename MessageMemoryStrategyT::SharedPtr) [with MessageT = mecha_control::msg::SensorStates_<std::allocator<void> >; CallbackT = std::_Bind<void (MechSeqNode::*(MechSeqNode*, std::_Placeholder<1>))()>; AllocatorT = std::allocator<void>; SubscriptionT = rclcpp::Subscription<mecha_control::msg::SensorStates_<std::allocator<void> > >; MessageMemoryStrategyT = rclcpp::message_memory_strategy::MessageMemoryStrategy<mecha_control::msg::SensorStates_<std::allocator<void> >, std::allocator<void> >; std::string = std::__cxx11::basic_string<char>; typename MessageMemoryStrategyT::SharedPtr = std::shared_ptr<rclcpp::message_memory_strategy::MessageMemoryStrategy<mecha_control::msg::SensorStates_<std::allocator<void> >, std::allocator<void> > >][m[K’
[01m[K/ROS_ws/src/mecha_control/src/cmd_seq.cpp:21:81:[m[K   required from here
[01m[K/usr/include/c++/11/type_traits:2211:11:[m[K [01;31m[Kerror: [m[Kno type named ‘[01m[Ktype[m[K’ in ‘[01m[Kstruct std::enable_if<false, void>[m[K’
 2211 |     using [01;31m[K__enable_if_t[m[K = typename enable_if<_Cond, _Tp>::type;
      |           [01;31m[K^~~~~~~~~~~~~[m[K
In file included from [01m[K/usr/include/c++/11/future:47[m[K,
                 from [01m[K/opt/ros/humble/include/rclcpp/rclcpp/executors.hpp:18[m[K,
                 from [01m[K/opt/ros/humble/include/rclcpp/rclcpp/rclcpp.hpp:155[m[K,
                 from [01m[K/ROS_ws/src/mecha_control/src/cmd_seq.cpp:1[m[K:
/opt/ros/humble/include/rclcpp/rclcpp/any_subscription_callback.hpp: In instantiation of ‘[01m[Krclcpp::AnySubscriptionCallback<MessageT, AllocatorT> rclcpp::AnySubscriptionCallback<MessageT, AllocatorT>::set(CallbackT) [with CallbackT = std::_Bind<void (MechSeqNode::*(MechSeqNode*, std::_Placeholder<1>))()>; MessageT = mecha_control::msg::SensorStates_<std::allocator<void> >; AllocatorT = std::allocator<void>][m[K’:
[01m[K/opt/ros/humble/include/rclcpp/rclcpp/subscription_factory.hpp:94:32:[m[K   required from ‘[01m[Krclcpp::SubscriptionFactory rclcpp::create_subscription_factory(CallbackT&&, const rclcpp::SubscriptionOptionsWithAllocator<AllocatorT>&, typename MessageMemoryStrategyT::SharedPtr, std::shared_ptr<rclcpp::topic_statistics::SubscriptionTopicStatistics<ROSMessageType> >) [with MessageT = mecha_control::msg::SensorStates_<std::allocator<void> >; CallbackT = std::_Bind<void (MechSeqNode::*(MechSeqNode*, std::_Placeholder<1>))()>; AllocatorT = std::allocator<void>; SubscriptionT = rclcpp::Subscription<mecha_control::msg::SensorStates_<std::allocator<void> > >; MessageMemoryStrategyT = rclcpp::message_memory_strategy::MessageMemoryStrategy<mecha_control::msg::SensorStates_<std::allocator<void> >, std::allocator<void> >; ROSMessageType = mecha_control::msg::SensorStates_<std::allocator<void> >; typename MessageMemoryStrategyT::SharedPtr = std::shared_ptr<rclcpp::message_memory_strategy::MessageMemoryStrategy<mecha_control::msg::SensorStates_<std::allocator<void> >, std::allocator<void> > >][m[K’
[01m[K/opt/ros/humble/include/rclcpp/rclcpp/create_subscription.hpp:122:63:[m[K   required from ‘[01m[Kstd::shared_ptr<ROSMessageT> rclcpp::detail::create_subscription(NodeParametersT&, NodeTopicsT&, const string&, const rclcpp::QoS&, CallbackT&&, const rclcpp::SubscriptionOptionsWithAllocator<AllocatorT>&, typename MessageMemoryStrategyT::SharedPtr) [with MessageT = mecha_control::msg::SensorStates_<std::allocator<void> >; CallbackT = std::_Bind<void (MechSeqNode::*(MechSeqNode*, std::_Placeholder<1>))()>; AllocatorT = std::allocator<void>; SubscriptionT = rclcpp::Subscription<mecha_control::msg::SensorStates_<std::allocator<void> > >; MessageMemoryStrategyT = rclcpp::message_memory_strategy::MessageMemoryStrategy<mecha_control::msg::SensorStates_<std::allocator<void> >, std::allocator<void> >; NodeParametersT = rclcpp::Node; NodeTopicsT = rclcpp::Node; ROSMessageType = mecha_control::msg::SensorStates_<std::allocator<void> >; std::string = std::__cxx11::basic_string<char>; typename MessageMemoryStrategyT::SharedPtr = std::shared_ptr<rclcpp::message_memory_strategy::MessageMemoryStrategy<mecha_control::msg::SensorStates_<std::allocator<void> >, std::allocator<void> > >][m[K’
[01m[K/opt/ros/humble/include/rclcpp/rclcpp/create_subscription.hpp:191:76:[m[K   required from ‘[01m[Kstd::shared_ptr<ROSMessageT> rclcpp::create_subscription(NodeT&, const string&, const rclcpp::QoS&, CallbackT&&, const rclcpp::SubscriptionOptionsWithAllocator<AllocatorT>&, typename MessageMemoryStrategyT::SharedPtr) [with MessageT = mecha_control::msg::SensorStates_<std::allocator<void> >; CallbackT = std::_Bind<void (MechSeqNode::*(MechSeqNode*, std::_Placeholder<1>))()>; AllocatorT = std::allocator<void>; SubscriptionT = rclcpp::Subscription<mecha_control::msg::SensorStates_<std::allocator<void> > >; MessageMemoryStrategyT = rclcpp::message_memory_strategy::MessageMemoryStrategy<mecha_control::msg::SensorStates_<std::allocator<void> >, std::allocator<void> >; NodeT = rclcpp::Node; std::string = std::__cxx11::basic_string<char>; typename MessageMemoryStrategyT::SharedPtr = std::shared_ptr<rclcpp::message_memory_strategy::MessageMemoryStrategy<mecha_control::msg::SensorStates_<std::allocator<void> >, std::allocator<void> > >][m[K’
[01m[K/opt/ros/humble/include/rclcpp/rclcpp/node_impl.hpp:99:47:[m[K   required from ‘[01m[Kstd::shared_ptr<ROSMessageT> rclcpp::Node::create_subscription(const string&, const rclcpp::QoS&, CallbackT&&, const rclcpp::SubscriptionOptionsWithAllocator<AllocatorT>&, typename MessageMemoryStrategyT::SharedPtr) [with MessageT = mecha_control::msg::SensorStates_<std::allocator<void> >; CallbackT = std::_Bind<void (MechSeqNode::*(MechSeqNode*, std::_Placeholder<1>))()>; AllocatorT = std::allocator<void>; SubscriptionT = rclcpp::Subscription<mecha_control::msg::SensorStates_<std::allocator<void> > >; MessageMemoryStrategyT = rclcpp::message_memory_strategy::MessageMemoryStrategy<mecha_control::msg::SensorStates_<std::allocator<void> >, std::allocator<void> >; std::string = std::__cxx11::basic_string<char>; typename MessageMemoryStrategyT::SharedPtr = std::shared_ptr<rclcpp::message_memory_strategy::MessageMemoryStrategy<mecha_control::msg::SensorStates_<std::allocator<void> >, std::allocator<void> > >][m[K’
[01m[K/ROS_ws/src/mecha_control/src/cmd_seq.cpp:21:81:[m[K   required from here
[01m[K/usr/include/c++/11/bits/std_function.h:404:7:[m[K [01;36m[Knote: [m[Kcandidate: ‘[01m[Kstd::function<_Res(_ArgTypes ...)>::function(std::function<_Res(_ArgTypes ...)>&&) [with _Res = void; _ArgTypes = {}][m[K’
  404 |       [01;36m[Kfunction[m[K(function&& __x) noexcept
      |       [01;36m[K^~~~~~~~[m[K
[01m[K/usr/include/c++/11/bits/std_function.h:404:27:[m[K [01;36m[Knote: [m[K  no known conversion for argument 1 from ‘[01m[Kstd::_Bind<void (MechSeqNode::*(MechSeqNode*, std::_Placeholder<1>))()>[m[K’ to ‘[01m[Kstd::function<void()>&&[m[K’
  404 |       function([01;36m[Kfunction&& __x[m[K) noexcept
      |                [01;36m[K~~~~~~~~~~~^~~[m[K
[01m[K/usr/include/c++/11/bits/std_function.h:386:7:[m[K [01;36m[Knote: [m[Kcandidate: ‘[01m[Kstd::function<_Res(_ArgTypes ...)>::function(const std::function<_Res(_ArgTypes ...)>&) [with _Res = void; _ArgTypes = {}][m[K’
  386 |       [01;36m[Kfunction[m[K(const function& __x)
      |       [01;36m[K^~~~~~~~[m[K
[01m[K/usr/include/c++/11/bits/std_function.h:386:32:[m[K [01;36m[Knote: [m[K  no known conversion for argument 1 from ‘[01m[Kstd::_Bind<void (MechSeqNode::*(MechSeqNode*, std::_Placeholder<1>))()>[m[K’ to ‘[01m[Kconst std::function<void()>&[m[K’
  386 |       function([01;36m[Kconst function& __x[m[K)
      |                [01;36m[K~~~~~~~~~~~~~~~~^~~[m[K
[01m[K/usr/include/c++/11/bits/std_function.h:375:7:[m[K [01;36m[Knote: [m[Kcandidate: ‘[01m[Kstd::function<_Res(_ArgTypes ...)>::function(std::nullptr_t) [with _Res = void; _ArgTypes = {}; std::nullptr_t = std::nullptr_t][m[K’
  375 |       [01;36m[Kfunction[m[K(nullptr_t) noexcept
      |       [01;36m[K^~~~~~~~[m[K
[01m[K/usr/include/c++/11/bits/std_function.h:375:16:[m[K [01;36m[Knote: [m[K  no known conversion for argument 1 from ‘[01m[Kstd::_Bind<void (MechSeqNode::*(MechSeqNode*, std::_Placeholder<1>))()>[m[K’ to ‘[01m[Kstd::nullptr_t[m[K’
  375 |       function([01;36m[Knullptr_t[m[K) noexcept
      |                [01;36m[K^~~~~~~~~[m[K
[01m[K/usr/include/c++/11/bits/std_function.h:368:7:[m[K [01;36m[Knote: [m[Kcandidate: ‘[01m[Kstd::function<_Res(_ArgTypes ...)>::function() [with _Res = void; _ArgTypes = {}][m[K’
  368 |       [01;36m[Kfunction[m[K() noexcept
      |       [01;36m[K^~~~~~~~[m[K
[01m[K/usr/include/c++/11/bits/std_function.h:368:7:[m[K [01;36m[Knote: [m[K  candidate expects 0 arguments, 1 provided
gmake[2]: *** [CMakeFiles/cmd_seq.dir/build.make:76: CMakeFiles/cmd_seq.dir/src/cmd_seq.cpp.o] Error 1
gmake[1]: *** [CMakeFiles/Makefile2:595: CMakeFiles/cmd_seq.dir/all] Error 2
gmake: *** [Makefile:146: all] Error 2
