-- Found ament_cmake: 1.3.3 (/opt/ros/humble/share/ament_cmake/cmake)
-- Found rclcpp: 16.0.3 (/opt/ros/humble/share/rclcpp/cmake)
-- Found rosidl_generator_c: 3.1.4 (/opt/ros/humble/share/rosidl_generator_c/cmake)
-- Found rosidl_adapter: 3.1.4 (/opt/ros/humble/share/rosidl_adapter/cmake)
-- Found rosidl_generator_cpp: 3.1.4 (/opt/ros/humble/share/rosidl_generator_cpp/cmake)
-- Using all available rosidl_typesupport_c: rosidl_typesupport_fastrtps_c;rosidl_typesupport_introspection_c
-- Using all available rosidl_typesupport_cpp: rosidl_typesupport_fastrtps_cpp;rosidl_typesupport_introspection_cpp
-- Found rmw_implementation_cmake: 6.1.1 (/opt/ros/humble/share/rmw_implementation_cmake/cmake)
-- Found rmw_fastrtps_cpp: 6.2.2 (/opt/ros/humble/share/rmw_fastrtps_cpp/cmake)
-- Using RMW implementation 'rmw_fastrtps_cpp' as default
-- Found rclpy: 3.3.7 (/opt/ros/humble/share/rclpy/cmake)
-- Found geometry_msgs: 4.2.3 (/opt/ros/humble/share/geometry_msgs/cmake)
-- Found rosidl_default_generators: 1.2.0 (/opt/ros/humble/share/rosidl_default_generators/cmake)
-- Found ament_cmake_ros: 0.10.0 (/opt/ros/humble/share/ament_cmake_ros/cmake)
-- Using all available rosidl_typesupport_c: rosidl_typesupport_fastrtps_c;rosidl_typesupport_introspection_c
-- Using all available rosidl_typesupport_cpp: rosidl_typesupport_fastrtps_cpp;rosidl_typesupport_introspection_cpp
-- Found python_cmake_module: 0.10.0 (/opt/ros/humble/share/python_cmake_module/cmake)
-- Using PYTHON_EXECUTABLE: /usr/bin/python3
-- Using PYTHON_INCLUDE_DIRS: /usr/include/python3.10
-- Using PYTHON_LIBRARIES: /usr/lib/x86_64-linux-gnu/libpython3.10.so
-- Found mecha_control: 0.0.0 (/ROS_ws/install/mecha_control/share/mecha_control/cmake)
-- Found std_srvs: 4.2.3 (/opt/ros/humble/share/std_srvs/cmake)
-- Found ament_lint_auto: 0.12.5 (/opt/ros/humble/share/ament_lint_auto/cmake)
-- Added test 'cppcheck' to perform static code analysis on C / C++ code
-- Configured cppcheck include dirs: 
-- Configured cppcheck exclude dirs and/or files: 
-- Added test 'flake8' to check Python code syntax and style conventions
-- Added test 'lint_cmake' to check CMake code style
-- Added test 'pep257' to check Python code against some of the docstring style conventions in PEP 257
-- Added test 'uncrustify' to check C / C++ code style
-- Configured uncrustify additional arguments: 
-- Added test 'xmllint' to check XML markup files
-- Configuring done
-- Generating done
-- Build files have been written to: /ROS_ws/build/mecha_control
[  1%] [34m[1mGenerating C code for ROS interfaces[0m
[  2%] [34m[1mGenerating C++ code for ROS interfaces[0m
[  2%] Built target ament_cmake_python_copy_mecha_control
running egg_info
writing mecha_control.egg-info/PKG-INFO
writing dependency_links to mecha_control.egg-info/dependency_links.txt
writing top-level names to mecha_control.egg-info/top_level.txt
reading manifest file 'mecha_control.egg-info/SOURCES.txt'
writing manifest file 'mecha_control.egg-info/SOURCES.txt'
[  2%] Built target ament_cmake_python_build_mecha_control_egg
[  2%] Built target mecha_control__cpp
[  4%] [34m[1mGenerating C++ introspection for ROS interfaces[0m
[  4%] [34m[1mGenerating C++ type support dispatch for ROS interfaces[0m
[  6%] [34m[1mGenerating C++ type support for eProsima Fast-RTPS[0m
[35m[1mConsolidate compiler generated dependencies of target mecha_control__rosidl_generator_c[0m
[  8%] [32mBuilding C object CMakeFiles/mecha_control__rosidl_generator_c.dir/rosidl_generator_c/mecha_control/msg/detail/point_and_mecha_state__functions.c.o[0m
[  8%] [32mBuilding C object CMakeFiles/mecha_control__rosidl_generator_c.dir/rosidl_generator_c/mecha_control/srv/detail/mech_cmd__functions.c.o[0m
[ 11%] [32mBuilding C object CMakeFiles/mecha_control__rosidl_generator_c.dir/rosidl_generator_c/mecha_control/msg/detail/sensor_states__functions.c.o[0m
[ 11%] [32mBuilding C object CMakeFiles/mecha_control__rosidl_generator_c.dir/rosidl_generator_c/mecha_control/msg/detail/actuator_commands__functions.c.o[0m
[ 12%] [32mBuilding C object CMakeFiles/mecha_control__rosidl_generator_c.dir/rosidl_generator_c/mecha_control/action/detail/mech_cmd__functions.c.o[0m
[ 13%] [32mBuilding C object CMakeFiles/mecha_control__rosidl_generator_c.dir/rosidl_generator_c/mecha_control/msg/detail/point_and_mecha_state_array__functions.c.o[0m
[ 14%] [32mBuilding C object CMakeFiles/mecha_control__rosidl_generator_c.dir/rosidl_generator_c/mecha_control/msg/detail/mecha_state__functions.c.o[0m
[ 16%] [32m[1mLinking C shared library libmecha_control__rosidl_generator_c.so[0m
[ 16%] Built target mecha_control__rosidl_generator_c
[ 17%] [34m[1mGenerating C type support dispatch for ROS interfaces[0m
[ 18%] [34m[1mGenerating C introspection for ROS interfaces[0m
[ 19%] [34m[1mGenerating C type support for eProsima Fast-RTPS[0m
[35m[1mConsolidate compiler generated dependencies of target mecha_control__rosidl_typesupport_cpp[0m
[ 22%] [32mBuilding CXX object CMakeFiles/mecha_control__rosidl_typesupport_cpp.dir/rosidl_typesupport_cpp/mecha_control/msg/actuator_commands__type_support.cpp.o[0m
[ 22%] [32mBuilding CXX object CMakeFiles/mecha_control__rosidl_typesupport_cpp.dir/rosidl_typesupport_cpp/mecha_control/msg/sensor_states__type_support.cpp.o[0m
[ 23%] [32mBuilding CXX object CMakeFiles/mecha_control__rosidl_typesupport_cpp.dir/rosidl_typesupport_cpp/mecha_control/msg/point_and_mecha_state__type_support.cpp.o[0m
[ 24%] [32mBuilding CXX object CMakeFiles/mecha_control__rosidl_typesupport_cpp.dir/rosidl_typesupport_cpp/mecha_control/msg/mecha_state__type_support.cpp.o[0m
[ 25%] [32mBuilding CXX object CMakeFiles/mecha_control__rosidl_typesupport_cpp.dir/rosidl_typesupport_cpp/mecha_control/srv/mech_cmd__type_support.cpp.o[0m
[ 27%] [32mBuilding CXX object CMakeFiles/mecha_control__rosidl_typesupport_cpp.dir/rosidl_typesupport_cpp/mecha_control/action/mech_cmd__type_support.cpp.o[0m
[ 28%] [32mBuilding CXX object CMakeFiles/mecha_control__rosidl_typesupport_cpp.dir/rosidl_typesupport_cpp/mecha_control/msg/point_and_mecha_state_array__type_support.cpp.o[0m
[35m[1mConsolidate compiler generated dependencies of target mecha_control__rosidl_typesupport_c[0m
[35m[1mConsolidate compiler generated dependencies of target mecha_control__rosidl_typesupport_introspection_cpp[0m
[ 29%] [32mBuilding CXX object CMakeFiles/mecha_control__rosidl_typesupport_c.dir/rosidl_typesupport_c/mecha_control/action/mech_cmd__type_support.cpp.o[0m
[ 30%] [32mBuilding CXX object CMakeFiles/mecha_control__rosidl_typesupport_c.dir/rosidl_typesupport_c/mecha_control/msg/mecha_state__type_support.cpp.o[0m
[ 33%] [32mBuilding CXX object CMakeFiles/mecha_control__rosidl_typesupport_c.dir/rosidl_typesupport_c/mecha_control/msg/sensor_states__type_support.cpp.o[0m
[35m[1mConsolidate compiler generated dependencies of target mecha_control__rosidl_typesupport_fastrtps_cpp[0m
[ 34%] [32mBuilding CXX object CMakeFiles/mecha_control__rosidl_typesupport_c.dir/rosidl_typesupport_c/mecha_control/msg/actuator_commands__type_support.cpp.o[0m
[ 32%] [32mBuilding CXX object CMakeFiles/mecha_control__rosidl_typesupport_c.dir/rosidl_typesupport_c/mecha_control/msg/point_and_mecha_state__type_support.cpp.o[0m
[ 35%] [32mBuilding CXX object CMakeFiles/mecha_control__rosidl_typesupport_c.dir/rosidl_typesupport_c/mecha_control/srv/mech_cmd__type_support.cpp.o[0m
[ 37%] [32mBuilding CXX object CMakeFiles/mecha_control__rosidl_typesupport_c.dir/rosidl_typesupport_c/mecha_control/msg/point_and_mecha_state_array__type_support.cpp.o[0m
[ 38%] [32mBuilding CXX object CMakeFiles/mecha_control__rosidl_typesupport_introspection_cpp.dir/rosidl_typesupport_introspection_cpp/mecha_control/msg/detail/sensor_states__type_support.cpp.o[0m
[ 39%] [32mBuilding CXX object CMakeFiles/mecha_control__rosidl_typesupport_fastrtps_cpp.dir/rosidl_typesupport_fastrtps_cpp/mecha_control/msg/detail/dds_fastrtps/sensor_states__type_support.cpp.o[0m
[ 40%] [32mBuilding CXX object CMakeFiles/mecha_control__rosidl_typesupport_fastrtps_cpp.dir/rosidl_typesupport_fastrtps_cpp/mecha_control/msg/detail/dds_fastrtps/actuator_commands__type_support.cpp.o[0m
[ 43%] [32mBuilding CXX object CMakeFiles/mecha_control__rosidl_typesupport_fastrtps_cpp.dir/rosidl_typesupport_fastrtps_cpp/mecha_control/msg/detail/dds_fastrtps/mecha_state__type_support.cpp.o[0m
[ 43%] [32mBuilding CXX object CMakeFiles/mecha_control__rosidl_typesupport_introspection_cpp.dir/rosidl_typesupport_introspection_cpp/mecha_control/msg/detail/actuator_commands__type_support.cpp.o[0m
[ 44%] [32mBuilding CXX object CMakeFiles/mecha_control__rosidl_typesupport_introspection_cpp.dir/rosidl_typesupport_introspection_cpp/mecha_control/msg/detail/mecha_state__type_support.cpp.o[0m
[ 45%] [32mBuilding CXX object CMakeFiles/mecha_control__rosidl_typesupport_fastrtps_cpp.dir/rosidl_typesupport_fastrtps_cpp/mecha_control/msg/detail/dds_fastrtps/point_and_mecha_state__type_support.cpp.o[0m
[ 46%] [32m[1mLinking CXX shared library libmecha_control__rosidl_typesupport_c.so[0m
[ 48%] [32mBuilding CXX object CMakeFiles/mecha_control__rosidl_typesupport_introspection_cpp.dir/rosidl_typesupport_introspection_cpp/mecha_control/msg/detail/point_and_mecha_state__type_support.cpp.o[0m
[ 48%] Built target mecha_control__rosidl_typesupport_c
[ 49%] [32mBuilding CXX object CMakeFiles/mecha_control__rosidl_typesupport_introspection_cpp.dir/rosidl_typesupport_introspection_cpp/mecha_control/msg/detail/point_and_mecha_state_array__type_support.cpp.o[0m
[ 50%] [32m[1mLinking CXX shared library libmecha_control__rosidl_typesupport_cpp.so[0m
[ 50%] Built target mecha_control__rosidl_typesupport_cpp
[ 51%] [32mBuilding CXX object CMakeFiles/mecha_control__rosidl_typesupport_introspection_cpp.dir/rosidl_typesupport_introspection_cpp/mecha_control/srv/detail/mech_cmd__type_support.cpp.o[0m
[ 53%] [32mBuilding CXX object CMakeFiles/mecha_control__rosidl_typesupport_introspection_cpp.dir/rosidl_typesupport_introspection_cpp/mecha_control/action/detail/mech_cmd__type_support.cpp.o[0m
[ 55%] [32mBuilding CXX object CMakeFiles/mecha_control__rosidl_typesupport_fastrtps_cpp.dir/rosidl_typesupport_fastrtps_cpp/mecha_control/msg/detail/dds_fastrtps/point_and_mecha_state_array__type_support.cpp.o[0m
[ 55%] [32mBuilding CXX object CMakeFiles/mecha_control__rosidl_typesupport_fastrtps_cpp.dir/rosidl_typesupport_fastrtps_cpp/mecha_control/srv/detail/dds_fastrtps/mech_cmd__type_support.cpp.o[0m
[ 56%] [32mBuilding CXX object CMakeFiles/mecha_control__rosidl_typesupport_fastrtps_cpp.dir/rosidl_typesupport_fastrtps_cpp/mecha_control/action/detail/dds_fastrtps/mech_cmd__type_support.cpp.o[0m
[35m[1mConsolidate compiler generated dependencies of target mecha_control__rosidl_typesupport_introspection_c[0m
[35m[1mConsolidate compiler generated dependencies of target mecha_control__rosidl_typesupport_fastrtps_c[0m
[ 58%] [32mBuilding C object CMakeFiles/mecha_control__rosidl_typesupport_introspection_c.dir/rosidl_typesupport_introspection_c/mecha_control/msg/detail/sensor_states__type_support.c.o[0m
[ 59%] [32mBuilding C object CMakeFiles/mecha_control__rosidl_typesupport_introspection_c.dir/rosidl_typesupport_introspection_c/mecha_control/msg/detail/point_and_mecha_state__type_support.c.o[0m
[ 60%] [32mBuilding C object CMakeFiles/mecha_control__rosidl_typesupport_introspection_c.dir/rosidl_typesupport_introspection_c/mecha_control/msg/detail/point_and_mecha_state_array__type_support.c.o[0m
[ 62%] [32mBuilding C object CMakeFiles/mecha_control__rosidl_typesupport_introspection_c.dir/rosidl_typesupport_introspection_c/mecha_control/msg/detail/actuator_commands__type_support.c.o[0m
[ 62%] [32mBuilding C object CMakeFiles/mecha_control__rosidl_typesupport_introspection_c.dir/rosidl_typesupport_introspection_c/mecha_control/msg/detail/mecha_state__type_support.c.o[0m
[ 64%] [32mBuilding CXX object CMakeFiles/mecha_control__rosidl_typesupport_fastrtps_c.dir/rosidl_typesupport_fastrtps_c/mecha_control/msg/detail/sensor_states__type_support_c.cpp.o[0m
[ 65%] [32mBuilding CXX object CMakeFiles/mecha_control__rosidl_typesupport_fastrtps_c.dir/rosidl_typesupport_fastrtps_c/mecha_control/msg/detail/actuator_commands__type_support_c.cpp.o[0m
[ 66%] [32mBuilding C object CMakeFiles/mecha_control__rosidl_typesupport_introspection_c.dir/rosidl_typesupport_introspection_c/mecha_control/action/detail/mech_cmd__type_support.c.o[0m
[ 67%] [32mBuilding CXX object CMakeFiles/mecha_control__rosidl_typesupport_fastrtps_c.dir/rosidl_typesupport_fastrtps_c/mecha_control/msg/detail/mecha_state__type_support_c.cpp.o[0m
[ 69%] [32mBuilding C object CMakeFiles/mecha_control__rosidl_typesupport_introspection_c.dir/rosidl_typesupport_introspection_c/mecha_control/srv/detail/mech_cmd__type_support.c.o[0m
[ 70%] [32mBuilding CXX object CMakeFiles/mecha_control__rosidl_typesupport_fastrtps_c.dir/rosidl_typesupport_fastrtps_c/mecha_control/msg/detail/point_and_mecha_state__type_support_c.cpp.o[0m
[ 71%] [32mBuilding CXX object CMakeFiles/mecha_control__rosidl_typesupport_fastrtps_c.dir/rosidl_typesupport_fastrtps_c/mecha_control/srv/detail/mech_cmd__type_support_c.cpp.o[0m
[ 72%] [32mBuilding CXX object CMakeFiles/mecha_control__rosidl_typesupport_fastrtps_c.dir/rosidl_typesupport_fastrtps_c/mecha_control/msg/detail/point_and_mecha_state_array__type_support_c.cpp.o[0m
[ 74%] [32m[1mLinking C shared library libmecha_control__rosidl_typesupport_introspection_c.so[0m
[ 74%] Built target mecha_control__rosidl_typesupport_introspection_c
[ 75%] [32mBuilding CXX object CMakeFiles/mecha_control__rosidl_typesupport_fastrtps_c.dir/rosidl_typesupport_fastrtps_c/mecha_control/action/detail/mech_cmd__type_support_c.cpp.o[0m
[ 76%] [32m[1mLinking CXX shared library libmecha_control__rosidl_typesupport_fastrtps_cpp.so[0m
[ 77%] [32m[1mLinking CXX shared library libmecha_control__rosidl_typesupport_introspection_cpp.so[0m
[ 77%] Built target mecha_control__rosidl_typesupport_fastrtps_cpp
[ 77%] Built target mecha_control__rosidl_typesupport_introspection_cpp
[35m[1mConsolidate compiler generated dependencies of target cmd_seq[0m
[ 79%] [32mBuilding CXX object CMakeFiles/cmd_seq.dir/src/cmd_seq.cpp.o[0m
[ 80%] [32m[1mLinking CXX shared library libmecha_control__rosidl_typesupport_fastrtps_c.so[0m
[ 80%] Built target mecha_control__rosidl_typesupport_fastrtps_c
[ 80%] Built target mecha_control
[ 81%] [34m[1mGenerating Python code for ROS interfaces[0m
[ 81%] Built target mecha_control__py
[35m[1mConsolidate compiler generated dependencies of target mecha_control__rosidl_generator_py[0m
[ 82%] [32mBuilding C object CMakeFiles/mecha_control__rosidl_generator_py.dir/rosidl_generator_py/mecha_control/msg/_mecha_state_s.c.o[0m
[ 83%] [32mBuilding C object CMakeFiles/mecha_control__rosidl_generator_py.dir/rosidl_generator_py/mecha_control/msg/_point_and_mecha_state_s.c.o[0m
[ 86%] [32mBuilding C object CMakeFiles/mecha_control__rosidl_generator_py.dir/rosidl_generator_py/mecha_control/msg/_sensor_states_s.c.o[0m
[ 86%] [32mBuilding C object CMakeFiles/mecha_control__rosidl_generator_py.dir/rosidl_generator_py/mecha_control/msg/_actuator_commands_s.c.o[0m
[ 87%] [32mBuilding C object CMakeFiles/mecha_control__rosidl_generator_py.dir/rosidl_generator_py/mecha_control/srv/_mech_cmd_s.c.o[0m
[ 88%] [32mBuilding C object CMakeFiles/mecha_control__rosidl_generator_py.dir/rosidl_generator_py/mecha_control/msg/_point_and_mecha_state_array_s.c.o[0m
[ 90%] [32mBuilding C object CMakeFiles/mecha_control__rosidl_generator_py.dir/rosidl_generator_py/mecha_control/action/_mech_cmd_s.c.o[0m
[ 91%] [32m[1mLinking C shared library rosidl_generator_py/mecha_control/libmecha_control__rosidl_generator_py.so[0m
[ 91%] Built target mecha_control__rosidl_generator_py
[35m[1mConsolidate compiler generated dependencies of target mecha_control__rosidl_typesupport_fastrtps_c__pyext[0m
[35m[1mConsolidate compiler generated dependencies of target mecha_control__rosidl_typesupport_introspection_c__pyext[0m
[35m[1mConsolidate compiler generated dependencies of target mecha_control__rosidl_typesupport_c__pyext[0m
[ 92%] [32mBuilding C object CMakeFiles/mecha_control__rosidl_typesupport_fastrtps_c__pyext.dir/rosidl_generator_py/mecha_control/_mecha_control_s.ep.rosidl_typesupport_fastrtps_c.c.o[0m
[ 93%] [32mBuilding C object CMakeFiles/mecha_control__rosidl_typesupport_introspection_c__pyext.dir/rosidl_generator_py/mecha_control/_mecha_control_s.ep.rosidl_typesupport_introspection_c.c.o[0m
[ 95%] [32mBuilding C object CMakeFiles/mecha_control__rosidl_typesupport_c__pyext.dir/rosidl_generator_py/mecha_control/_mecha_control_s.ep.rosidl_typesupport_c.c.o[0m
[ 98%] [32m[1mLinking C shared library rosidl_generator_py/mecha_control/mecha_control_s__rosidl_typesupport_fastrtps_c.cpython-310-x86_64-linux-gnu.so[0m
[ 98%] [32m[1mLinking C shared library rosidl_generator_py/mecha_control/mecha_control_s__rosidl_typesupport_c.cpython-310-x86_64-linux-gnu.so[0m
[ 98%] [32m[1mLinking C shared library rosidl_generator_py/mecha_control/mecha_control_s__rosidl_typesupport_introspection_c.cpython-310-x86_64-linux-gnu.so[0m
[ 98%] Built target mecha_control__rosidl_typesupport_introspection_c__pyext
[ 98%] Built target mecha_control__rosidl_typesupport_c__pyext
[ 98%] Built target mecha_control__rosidl_typesupport_fastrtps_c__pyext
[100%] [32m[1mLinking CXX executable cmd_seq[0m
[100%] Built target cmd_seq
-- Install configuration: ""
-- Up-to-date: /ROS_ws/install/mecha_control/share/ament_index/resource_index/rosidl_interfaces/mecha_control
-- Up-to-date: /ROS_ws/install/mecha_control/include/mecha_control/mecha_control
-- Up-to-date: /ROS_ws/install/mecha_control/include/mecha_control/mecha_control/srv
-- Up-to-date: /ROS_ws/install/mecha_control/include/mecha_control/mecha_control/srv/detail
-- Installing: /ROS_ws/install/mecha_control/include/mecha_control/mecha_control/srv/detail/mech_cmd__type_support.h
-- Installing: /ROS_ws/install/mecha_control/include/mecha_control/mecha_control/srv/detail/mech_cmd__functions.c
-- Installing: /ROS_ws/install/mecha_control/include/mecha_control/mecha_control/srv/detail/mech_cmd__struct.h
-- Installing: /ROS_ws/install/mecha_control/include/mecha_control/mecha_control/srv/detail/mech_cmd__functions.h
-- Installing: /ROS_ws/install/mecha_control/include/mecha_control/mecha_control/srv/mech_cmd.h
-- Up-to-date: /ROS_ws/install/mecha_control/include/mecha_control/mecha_control/action
-- Up-to-date: /ROS_ws/install/mecha_control/include/mecha_control/mecha_control/action/detail
-- Installing: /ROS_ws/install/mecha_control/include/mecha_control/mecha_control/action/detail/mech_cmd__type_support.h
-- Installing: /ROS_ws/install/mecha_control/include/mecha_control/mecha_control/action/detail/mech_cmd__functions.c
-- Installing: /ROS_ws/install/mecha_control/include/mecha_control/mecha_control/action/detail/mech_cmd__struct.h
-- Installing: /ROS_ws/install/mecha_control/include/mecha_control/mecha_control/action/detail/mech_cmd__functions.h
-- Installing: /ROS_ws/install/mecha_control/include/mecha_control/mecha_control/action/mech_cmd.h
-- Up-to-date: /ROS_ws/install/mecha_control/include/mecha_control/mecha_control/msg
-- Installing: /ROS_ws/install/mecha_control/include/mecha_control/mecha_control/msg/point_and_mecha_state.h
-- Up-to-date: /ROS_ws/install/mecha_control/include/mecha_control/mecha_control/msg/rosidl_generator_c__visibility_control.h
-- Installing: /ROS_ws/install/mecha_control/include/mecha_control/mecha_control/msg/sensor_states.h
-- Up-to-date: /ROS_ws/install/mecha_control/include/mecha_control/mecha_control/msg/detail
-- Installing: /ROS_ws/install/mecha_control/include/mecha_control/mecha_control/msg/detail/sensor_states__type_support.h
-- Installing: /ROS_ws/install/mecha_control/include/mecha_control/mecha_control/msg/detail/point_and_mecha_state_array__struct.h
-- Installing: /ROS_ws/install/mecha_control/include/mecha_control/mecha_control/msg/detail/point_and_mecha_state__functions.c
-- Installing: /ROS_ws/install/mecha_control/include/mecha_control/mecha_control/msg/detail/point_and_mecha_state_array__type_support.h
-- Installing: /ROS_ws/install/mecha_control/include/mecha_control/mecha_control/msg/detail/mecha_state__functions.h
-- Installing: /ROS_ws/install/mecha_control/include/mecha_control/mecha_control/msg/detail/point_and_mecha_state_array__functions.c
-- Installing: /ROS_ws/install/mecha_control/include/mecha_control/mecha_control/msg/detail/sensor_states__functions.h
-- Installing: /ROS_ws/install/mecha_control/include/mecha_control/mecha_control/msg/detail/sensor_states__struct.h
-- Installing: /ROS_ws/install/mecha_control/include/mecha_control/mecha_control/msg/detail/actuator_commands__type_support.h
-- Installing: /ROS_ws/install/mecha_control/include/mecha_control/mecha_control/msg/detail/point_and_mecha_state__type_support.h
-- Installing: /ROS_ws/install/mecha_control/include/mecha_control/mecha_control/msg/detail/point_and_mecha_state__struct.h
-- Installing: /ROS_ws/install/mecha_control/include/mecha_control/mecha_control/msg/detail/actuator_commands__struct.h
-- Installing: /ROS_ws/install/mecha_control/include/mecha_control/mecha_control/msg/detail/mecha_state__type_support.h
-- Installing: /ROS_ws/install/mecha_control/include/mecha_control/mecha_control/msg/detail/point_and_mecha_state_array__functions.h
-- Installing: /ROS_ws/install/mecha_control/include/mecha_control/mecha_control/msg/detail/mecha_state__functions.c
-- Installing: /ROS_ws/install/mecha_control/include/mecha_control/mecha_control/msg/detail/mecha_state__struct.h
-- Installing: /ROS_ws/install/mecha_control/include/mecha_control/mecha_control/msg/detail/point_and_mecha_state__functions.h
-- Installing: /ROS_ws/install/mecha_control/include/mecha_control/mecha_control/msg/detail/sensor_states__functions.c
-- Installing: /ROS_ws/install/mecha_control/include/mecha_control/mecha_control/msg/detail/actuator_commands__functions.h
-- Installing: /ROS_ws/install/mecha_control/include/mecha_control/mecha_control/msg/detail/actuator_commands__functions.c
-- Installing: /ROS_ws/install/mecha_control/include/mecha_control/mecha_control/msg/actuator_commands.h
-- Installing: /ROS_ws/install/mecha_control/include/mecha_control/mecha_control/msg/mecha_state.h
-- Installing: /ROS_ws/install/mecha_control/include/mecha_control/mecha_control/msg/point_and_mecha_state_array.h
-- Up-to-date: /ROS_ws/install/mecha_control/share/mecha_control/environment/library_path.sh
-- Installing: /ROS_ws/install/mecha_control/share/mecha_control/environment/library_path.dsv
-- Installing: /ROS_ws/install/mecha_control/lib/libmecha_control__rosidl_generator_c.so
-- Set runtime path of "/ROS_ws/install/mecha_control/lib/libmecha_control__rosidl_generator_c.so" to ""
-- Up-to-date: /ROS_ws/install/mecha_control/include/mecha_control/mecha_control
-- Up-to-date: /ROS_ws/install/mecha_control/include/mecha_control/mecha_control/srv
-- Up-to-date: /ROS_ws/install/mecha_control/include/mecha_control/mecha_control/srv/detail
-- Installing: /ROS_ws/install/mecha_control/include/mecha_control/mecha_control/srv/detail/mech_cmd__rosidl_typesupport_fastrtps_c.h
-- Up-to-date: /ROS_ws/install/mecha_control/include/mecha_control/mecha_control/action
-- Up-to-date: /ROS_ws/install/mecha_control/include/mecha_control/mecha_control/action/detail
-- Installing: /ROS_ws/install/mecha_control/include/mecha_control/mecha_control/action/detail/mech_cmd__rosidl_typesupport_fastrtps_c.h
-- Up-to-date: /ROS_ws/install/mecha_control/include/mecha_control/mecha_control/msg
-- Up-to-date: /ROS_ws/install/mecha_control/include/mecha_control/mecha_control/msg/detail
-- Installing: /ROS_ws/install/mecha_control/include/mecha_control/mecha_control/msg/detail/actuator_commands__rosidl_typesupport_fastrtps_c.h
-- Installing: /ROS_ws/install/mecha_control/include/mecha_control/mecha_control/msg/detail/point_and_mecha_state_array__rosidl_typesupport_fastrtps_c.h
-- Installing: /ROS_ws/install/mecha_control/include/mecha_control/mecha_control/msg/detail/sensor_states__rosidl_typesupport_fastrtps_c.h
-- Installing: /ROS_ws/install/mecha_control/include/mecha_control/mecha_control/msg/detail/point_and_mecha_state__rosidl_typesupport_fastrtps_c.h
-- Installing: /ROS_ws/install/mecha_control/include/mecha_control/mecha_control/msg/detail/mecha_state__rosidl_typesupport_fastrtps_c.h
-- Up-to-date: /ROS_ws/install/mecha_control/include/mecha_control/mecha_control/msg/rosidl_typesupport_fastrtps_c__visibility_control.h
-- Installing: /ROS_ws/install/mecha_control/lib/libmecha_control__rosidl_typesupport_fastrtps_c.so
-- Set runtime path of "/ROS_ws/install/mecha_control/lib/libmecha_control__rosidl_typesupport_fastrtps_c.so" to ""
-- Up-to-date: /ROS_ws/install/mecha_control/include/mecha_control/mecha_control
-- Up-to-date: /ROS_ws/install/mecha_control/include/mecha_control/mecha_control/srv
-- Up-to-date: /ROS_ws/install/mecha_control/include/mecha_control/mecha_control/srv/detail
-- Installing: /ROS_ws/install/mecha_control/include/mecha_control/mecha_control/srv/detail/mech_cmd__struct.hpp
-- Installing: /ROS_ws/install/mecha_control/include/mecha_control/mecha_control/srv/detail/mech_cmd__traits.hpp
-- Installing: /ROS_ws/install/mecha_control/include/mecha_control/mecha_control/srv/detail/mech_cmd__builder.hpp
-- Installing: /ROS_ws/install/mecha_control/include/mecha_control/mecha_control/srv/mech_cmd.hpp
-- Up-to-date: /ROS_ws/install/mecha_control/include/mecha_control/mecha_control/action
-- Up-to-date: /ROS_ws/install/mecha_control/include/mecha_control/mecha_control/action/detail
-- Installing: /ROS_ws/install/mecha_control/include/mecha_control/mecha_control/action/detail/mech_cmd__struct.hpp
-- Installing: /ROS_ws/install/mecha_control/include/mecha_control/mecha_control/action/detail/mech_cmd__traits.hpp
-- Installing: /ROS_ws/install/mecha_control/include/mecha_control/mecha_control/action/detail/mech_cmd__builder.hpp
-- Installing: /ROS_ws/install/mecha_control/include/mecha_control/mecha_control/action/mech_cmd.hpp
-- Up-to-date: /ROS_ws/install/mecha_control/include/mecha_control/mecha_control/msg
-- Installing: /ROS_ws/install/mecha_control/include/mecha_control/mecha_control/msg/point_and_mecha_state.hpp
-- Installing: /ROS_ws/install/mecha_control/include/mecha_control/mecha_control/msg/sensor_states.hpp
-- Up-to-date: /ROS_ws/install/mecha_control/include/mecha_control/mecha_control/msg/detail
-- Installing: /ROS_ws/install/mecha_control/include/mecha_control/mecha_control/msg/detail/point_and_mecha_state_array__builder.hpp
-- Installing: /ROS_ws/install/mecha_control/include/mecha_control/mecha_control/msg/detail/sensor_states__traits.hpp
-- Installing: /ROS_ws/install/mecha_control/include/mecha_control/mecha_control/msg/detail/mecha_state__traits.hpp
-- Installing: /ROS_ws/install/mecha_control/include/mecha_control/mecha_control/msg/detail/mecha_state__struct.hpp
-- Installing: /ROS_ws/install/mecha_control/include/mecha_control/mecha_control/msg/detail/actuator_commands__traits.hpp
-- Installing: /ROS_ws/install/mecha_control/include/mecha_control/mecha_control/msg/detail/sensor_states__struct.hpp
-- Installing: /ROS_ws/install/mecha_control/include/mecha_control/mecha_control/msg/detail/point_and_mecha_state__struct.hpp
-- Installing: /ROS_ws/install/mecha_control/include/mecha_control/mecha_control/msg/detail/mecha_state__builder.hpp
-- Installing: /ROS_ws/install/mecha_control/include/mecha_control/mecha_control/msg/detail/point_and_mecha_state_array__struct.hpp
-- Installing: /ROS_ws/install/mecha_control/include/mecha_control/mecha_control/msg/detail/sensor_states__builder.hpp
-- Installing: /ROS_ws/install/mecha_control/include/mecha_control/mecha_control/msg/detail/actuator_commands__struct.hpp
-- Installing: /ROS_ws/install/mecha_control/include/mecha_control/mecha_control/msg/detail/actuator_commands__builder.hpp
-- Installing: /ROS_ws/install/mecha_control/include/mecha_control/mecha_control/msg/detail/point_and_mecha_state__builder.hpp
-- Installing: /ROS_ws/install/mecha_control/include/mecha_control/mecha_control/msg/detail/point_and_mecha_state__traits.hpp
-- Installing: /ROS_ws/install/mecha_control/include/mecha_control/mecha_control/msg/detail/point_and_mecha_state_array__traits.hpp
-- Installing: /ROS_ws/install/mecha_control/include/mecha_control/mecha_control/msg/actuator_commands.hpp
-- Installing: /ROS_ws/install/mecha_control/include/mecha_control/mecha_control/msg/point_and_mecha_state_array.hpp
-- Installing: /ROS_ws/install/mecha_control/include/mecha_control/mecha_control/msg/mecha_state.hpp
-- Up-to-date: /ROS_ws/install/mecha_control/include/mecha_control/mecha_control
-- Up-to-date: /ROS_ws/install/mecha_control/include/mecha_control/mecha_control/srv
-- Up-to-date: /ROS_ws/install/mecha_control/include/mecha_control/mecha_control/srv/detail
-- Up-to-date: /ROS_ws/install/mecha_control/include/mecha_control/mecha_control/srv/detail/dds_fastrtps
-- Installing: /ROS_ws/install/mecha_control/include/mecha_control/mecha_control/srv/detail/mech_cmd__rosidl_typesupport_fastrtps_cpp.hpp
-- Up-to-date: /ROS_ws/install/mecha_control/include/mecha_control/mecha_control/action
-- Up-to-date: /ROS_ws/install/mecha_control/include/mecha_control/mecha_control/action/detail
-- Up-to-date: /ROS_ws/install/mecha_control/include/mecha_control/mecha_control/action/detail/dds_fastrtps
-- Installing: /ROS_ws/install/mecha_control/include/mecha_control/mecha_control/action/detail/mech_cmd__rosidl_typesupport_fastrtps_cpp.hpp
-- Up-to-date: /ROS_ws/install/mecha_control/include/mecha_control/mecha_control/msg
-- Up-to-date: /ROS_ws/install/mecha_control/include/mecha_control/mecha_control/msg/rosidl_typesupport_fastrtps_cpp__visibility_control.h
-- Up-to-date: /ROS_ws/install/mecha_control/include/mecha_control/mecha_control/msg/detail
-- Installing: /ROS_ws/install/mecha_control/include/mecha_control/mecha_control/msg/detail/mecha_state__rosidl_typesupport_fastrtps_cpp.hpp
-- Up-to-date: /ROS_ws/install/mecha_control/include/mecha_control/mecha_control/msg/detail/dds_fastrtps
-- Installing: /ROS_ws/install/mecha_control/include/mecha_control/mecha_control/msg/detail/actuator_commands__rosidl_typesupport_fastrtps_cpp.hpp
-- Installing: /ROS_ws/install/mecha_control/include/mecha_control/mecha_control/msg/detail/point_and_mecha_state_array__rosidl_typesupport_fastrtps_cpp.hpp
-- Installing: /ROS_ws/install/mecha_control/include/mecha_control/mecha_control/msg/detail/point_and_mecha_state__rosidl_typesupport_fastrtps_cpp.hpp
-- Installing: /ROS_ws/install/mecha_control/include/mecha_control/mecha_control/msg/detail/sensor_states__rosidl_typesupport_fastrtps_cpp.hpp
-- Installing: /ROS_ws/install/mecha_control/lib/libmecha_control__rosidl_typesupport_fastrtps_cpp.so
-- Set runtime path of "/ROS_ws/install/mecha_control/lib/libmecha_control__rosidl_typesupport_fastrtps_cpp.so" to ""
-- Up-to-date: /ROS_ws/install/mecha_control/include/mecha_control/mecha_control
-- Up-to-date: /ROS_ws/install/mecha_control/include/mecha_control/mecha_control/srv
-- Up-to-date: /ROS_ws/install/mecha_control/include/mecha_control/mecha_control/srv/detail
-- Installing: /ROS_ws/install/mecha_control/include/mecha_control/mecha_control/srv/detail/mech_cmd__type_support.c
-- Installing: /ROS_ws/install/mecha_control/include/mecha_control/mecha_control/srv/detail/mech_cmd__rosidl_typesupport_introspection_c.h
-- Up-to-date: /ROS_ws/install/mecha_control/include/mecha_control/mecha_control/action
-- Up-to-date: /ROS_ws/install/mecha_control/include/mecha_control/mecha_control/action/detail
-- Installing: /ROS_ws/install/mecha_control/include/mecha_control/mecha_control/action/detail/mech_cmd__type_support.c
-- Installing: /ROS_ws/install/mecha_control/include/mecha_control/mecha_control/action/detail/mech_cmd__rosidl_typesupport_introspection_c.h
-- Up-to-date: /ROS_ws/install/mecha_control/include/mecha_control/mecha_control/msg
-- Up-to-date: /ROS_ws/install/mecha_control/include/mecha_control/mecha_control/msg/detail
-- Installing: /ROS_ws/install/mecha_control/include/mecha_control/mecha_control/msg/detail/actuator_commands__type_support.c
-- Installing: /ROS_ws/install/mecha_control/include/mecha_control/mecha_control/msg/detail/point_and_mecha_state__type_support.c
-- Installing: /ROS_ws/install/mecha_control/include/mecha_control/mecha_control/msg/detail/mecha_state__rosidl_typesupport_introspection_c.h
-- Installing: /ROS_ws/install/mecha_control/include/mecha_control/mecha_control/msg/detail/actuator_commands__rosidl_typesupport_introspection_c.h
-- Installing: /ROS_ws/install/mecha_control/include/mecha_control/mecha_control/msg/detail/sensor_states__rosidl_typesupport_introspection_c.h
-- Installing: /ROS_ws/install/mecha_control/include/mecha_control/mecha_control/msg/detail/point_and_mecha_state__rosidl_typesupport_introspection_c.h
-- Installing: /ROS_ws/install/mecha_control/include/mecha_control/mecha_control/msg/detail/mecha_state__type_support.c
-- Installing: /ROS_ws/install/mecha_control/include/mecha_control/mecha_control/msg/detail/point_and_mecha_state_array__rosidl_typesupport_introspection_c.h
-- Installing: /ROS_ws/install/mecha_control/include/mecha_control/mecha_control/msg/detail/sensor_states__type_support.c
-- Installing: /ROS_ws/install/mecha_control/include/mecha_control/mecha_control/msg/detail/point_and_mecha_state_array__type_support.c
-- Up-to-date: /ROS_ws/install/mecha_control/include/mecha_control/mecha_control/msg/rosidl_typesupport_introspection_c__visibility_control.h
-- Installing: /ROS_ws/install/mecha_control/lib/libmecha_control__rosidl_typesupport_introspection_c.so
-- Set runtime path of "/ROS_ws/install/mecha_control/lib/libmecha_control__rosidl_typesupport_introspection_c.so" to ""
-- Installing: /ROS_ws/install/mecha_control/lib/libmecha_control__rosidl_typesupport_c.so
-- Set runtime path of "/ROS_ws/install/mecha_control/lib/libmecha_control__rosidl_typesupport_c.so" to ""
-- Up-to-date: /ROS_ws/install/mecha_control/include/mecha_control/mecha_control
-- Up-to-date: /ROS_ws/install/mecha_control/include/mecha_control/mecha_control/srv
-- Up-to-date: /ROS_ws/install/mecha_control/include/mecha_control/mecha_control/srv/detail
-- Installing: /ROS_ws/install/mecha_control/include/mecha_control/mecha_control/srv/detail/mech_cmd__rosidl_typesupport_introspection_cpp.hpp
-- Installing: /ROS_ws/install/mecha_control/include/mecha_control/mecha_control/srv/detail/mech_cmd__type_support.cpp
-- Up-to-date: /ROS_ws/install/mecha_control/include/mecha_control/mecha_control/action
-- Up-to-date: /ROS_ws/install/mecha_control/include/mecha_control/mecha_control/action/detail
-- Installing: /ROS_ws/install/mecha_control/include/mecha_control/mecha_control/action/detail/mech_cmd__rosidl_typesupport_introspection_cpp.hpp
-- Installing: /ROS_ws/install/mecha_control/include/mecha_control/mecha_control/action/detail/mech_cmd__type_support.cpp
-- Up-to-date: /ROS_ws/install/mecha_control/include/mecha_control/mecha_control/msg
-- Up-to-date: /ROS_ws/install/mecha_control/include/mecha_control/mecha_control/msg/detail
-- Installing: /ROS_ws/install/mecha_control/include/mecha_control/mecha_control/msg/detail/point_and_mecha_state__rosidl_typesupport_introspection_cpp.hpp
-- Installing: /ROS_ws/install/mecha_control/include/mecha_control/mecha_control/msg/detail/actuator_commands__rosidl_typesupport_introspection_cpp.hpp
-- Installing: /ROS_ws/install/mecha_control/include/mecha_control/mecha_control/msg/detail/point_and_mecha_state_array__rosidl_typesupport_introspection_cpp.hpp
-- Installing: /ROS_ws/install/mecha_control/include/mecha_control/mecha_control/msg/detail/sensor_states__rosidl_typesupport_introspection_cpp.hpp
-- Installing: /ROS_ws/install/mecha_control/include/mecha_control/mecha_control/msg/detail/mecha_state__type_support.cpp
-- Installing: /ROS_ws/install/mecha_control/include/mecha_control/mecha_control/msg/detail/actuator_commands__type_support.cpp
-- Installing: /ROS_ws/install/mecha_control/include/mecha_control/mecha_control/msg/detail/mecha_state__rosidl_typesupport_introspection_cpp.hpp
-- Installing: /ROS_ws/install/mecha_control/include/mecha_control/mecha_control/msg/detail/point_and_mecha_state_array__type_support.cpp
-- Installing: /ROS_ws/install/mecha_control/include/mecha_control/mecha_control/msg/detail/sensor_states__type_support.cpp
-- Installing: /ROS_ws/install/mecha_control/include/mecha_control/mecha_control/msg/detail/point_and_mecha_state__type_support.cpp
-- Installing: /ROS_ws/install/mecha_control/lib/libmecha_control__rosidl_typesupport_introspection_cpp.so
-- Set runtime path of "/ROS_ws/install/mecha_control/lib/libmecha_control__rosidl_typesupport_introspection_cpp.so" to ""
-- Installing: /ROS_ws/install/mecha_control/lib/libmecha_control__rosidl_typesupport_cpp.so
-- Set runtime path of "/ROS_ws/install/mecha_control/lib/libmecha_control__rosidl_typesupport_cpp.so" to ""
-- Up-to-date: /ROS_ws/install/mecha_control/share/mecha_control/environment/pythonpath.sh
-- Installing: /ROS_ws/install/mecha_control/share/mecha_control/environment/pythonpath.dsv
-- Up-to-date: /ROS_ws/install/mecha_control/local/lib/python3.10/dist-packages/mecha_control-0.0.0-py3.10.egg-info
-- Installing: /ROS_ws/install/mecha_control/local/lib/python3.10/dist-packages/mecha_control-0.0.0-py3.10.egg-info/SOURCES.txt
-- Installing: /ROS_ws/install/mecha_control/local/lib/python3.10/dist-packages/mecha_control-0.0.0-py3.10.egg-info/dependency_links.txt
-- Installing: /ROS_ws/install/mecha_control/local/lib/python3.10/dist-packages/mecha_control-0.0.0-py3.10.egg-info/PKG-INFO
-- Installing: /ROS_ws/install/mecha_control/local/lib/python3.10/dist-packages/mecha_control-0.0.0-py3.10.egg-info/top_level.txt
-- Up-to-date: /ROS_ws/install/mecha_control/local/lib/python3.10/dist-packages/mecha_control
-- Installing: /ROS_ws/install/mecha_control/local/lib/python3.10/dist-packages/mecha_control/mecha_control_s__rosidl_typesupport_introspection_c.cpython-310-x86_64-linux-gnu.so
-- Up-to-date: /ROS_ws/install/mecha_control/local/lib/python3.10/dist-packages/mecha_control/srv
-- Installing: /ROS_ws/install/mecha_control/local/lib/python3.10/dist-packages/mecha_control/srv/_mech_cmd_s.c
-- Installing: /ROS_ws/install/mecha_control/local/lib/python3.10/dist-packages/mecha_control/srv/__init__.py
-- Installing: /ROS_ws/install/mecha_control/local/lib/python3.10/dist-packages/mecha_control/srv/_mech_cmd.py
-- Installing: /ROS_ws/install/mecha_control/local/lib/python3.10/dist-packages/mecha_control/_mecha_control_s.ep.rosidl_typesupport_fastrtps_c.c
-- Up-to-date: /ROS_ws/install/mecha_control/local/lib/python3.10/dist-packages/mecha_control/action
-- Installing: /ROS_ws/install/mecha_control/local/lib/python3.10/dist-packages/mecha_control/action/_mech_cmd_s.c
-- Installing: /ROS_ws/install/mecha_control/local/lib/python3.10/dist-packages/mecha_control/action/__init__.py
-- Installing: /ROS_ws/install/mecha_control/local/lib/python3.10/dist-packages/mecha_control/action/_mech_cmd.py
-- Installing: /ROS_ws/install/mecha_control/local/lib/python3.10/dist-packages/mecha_control/libmecha_control__rosidl_generator_py.so
-- Installing: /ROS_ws/install/mecha_control/local/lib/python3.10/dist-packages/mecha_control/__init__.py
-- Up-to-date: /ROS_ws/install/mecha_control/local/lib/python3.10/dist-packages/mecha_control/msg
-- Installing: /ROS_ws/install/mecha_control/local/lib/python3.10/dist-packages/mecha_control/msg/_point_and_mecha_state_array.py
-- Installing: /ROS_ws/install/mecha_control/local/lib/python3.10/dist-packages/mecha_control/msg/_sensor_states.py
-- Installing: /ROS_ws/install/mecha_control/local/lib/python3.10/dist-packages/mecha_control/msg/_point_and_mecha_state_array_s.c
-- Installing: /ROS_ws/install/mecha_control/local/lib/python3.10/dist-packages/mecha_control/msg/_mecha_state_s.c
-- Installing: /ROS_ws/install/mecha_control/local/lib/python3.10/dist-packages/mecha_control/msg/_sensor_states_s.c
-- Installing: /ROS_ws/install/mecha_control/local/lib/python3.10/dist-packages/mecha_control/msg/_actuator_commands.py
-- Installing: /ROS_ws/install/mecha_control/local/lib/python3.10/dist-packages/mecha_control/msg/__init__.py
-- Installing: /ROS_ws/install/mecha_control/local/lib/python3.10/dist-packages/mecha_control/msg/_point_and_mecha_state_s.c
-- Installing: /ROS_ws/install/mecha_control/local/lib/python3.10/dist-packages/mecha_control/msg/_point_and_mecha_state.py
-- Installing: /ROS_ws/install/mecha_control/local/lib/python3.10/dist-packages/mecha_control/msg/_actuator_commands_s.c
-- Installing: /ROS_ws/install/mecha_control/local/lib/python3.10/dist-packages/mecha_control/msg/_mecha_state.py
-- Installing: /ROS_ws/install/mecha_control/local/lib/python3.10/dist-packages/mecha_control/mecha_control_s__rosidl_typesupport_c.cpython-310-x86_64-linux-gnu.so
-- Installing: /ROS_ws/install/mecha_control/local/lib/python3.10/dist-packages/mecha_control/mecha_control_s__rosidl_typesupport_fastrtps_c.cpython-310-x86_64-linux-gnu.so
-- Installing: /ROS_ws/install/mecha_control/local/lib/python3.10/dist-packages/mecha_control/_mecha_control_s.ep.rosidl_typesupport_c.c
-- Installing: /ROS_ws/install/mecha_control/local/lib/python3.10/dist-packages/mecha_control/_mecha_control_s.ep.rosidl_typesupport_introspection_c.c
Listing '/ROS_ws/install/mecha_control/local/lib/python3.10/dist-packages/mecha_control'...
Compiling '/ROS_ws/install/mecha_control/local/lib/python3.10/dist-packages/mecha_control/__init__.py'...
Listing '/ROS_ws/install/mecha_control/local/lib/python3.10/dist-packages/mecha_control/action'...
Compiling '/ROS_ws/install/mecha_control/local/lib/python3.10/dist-packages/mecha_control/action/__init__.py'...
Compiling '/ROS_ws/install/mecha_control/local/lib/python3.10/dist-packages/mecha_control/action/_mech_cmd.py'...
Listing '/ROS_ws/install/mecha_control/local/lib/python3.10/dist-packages/mecha_control/msg'...
Compiling '/ROS_ws/install/mecha_control/local/lib/python3.10/dist-packages/mecha_control/msg/__init__.py'...
Compiling '/ROS_ws/install/mecha_control/local/lib/python3.10/dist-packages/mecha_control/msg/_actuator_commands.py'...
Compiling '/ROS_ws/install/mecha_control/local/lib/python3.10/dist-packages/mecha_control/msg/_mecha_state.py'...
Compiling '/ROS_ws/install/mecha_control/local/lib/python3.10/dist-packages/mecha_control/msg/_point_and_mecha_state.py'...
Compiling '/ROS_ws/install/mecha_control/local/lib/python3.10/dist-packages/mecha_control/msg/_point_and_mecha_state_array.py'...
Compiling '/ROS_ws/install/mecha_control/local/lib/python3.10/dist-packages/mecha_control/msg/_sensor_states.py'...
Listing '/ROS_ws/install/mecha_control/local/lib/python3.10/dist-packages/mecha_control/srv'...
Compiling '/ROS_ws/install/mecha_control/local/lib/python3.10/dist-packages/mecha_control/srv/__init__.py'...
Compiling '/ROS_ws/install/mecha_control/local/lib/python3.10/dist-packages/mecha_control/srv/_mech_cmd.py'...
-- Installing: /ROS_ws/install/mecha_control/local/lib/python3.10/dist-packages/mecha_control/mecha_control_s__rosidl_typesupport_fastrtps_c.cpython-310-x86_64-linux-gnu.so
-- Set runtime path of "/ROS_ws/install/mecha_control/local/lib/python3.10/dist-packages/mecha_control/mecha_control_s__rosidl_typesupport_fastrtps_c.cpython-310-x86_64-linux-gnu.so" to ""
-- Installing: /ROS_ws/install/mecha_control/local/lib/python3.10/dist-packages/mecha_control/mecha_control_s__rosidl_typesupport_introspection_c.cpython-310-x86_64-linux-gnu.so
-- Set runtime path of "/ROS_ws/install/mecha_control/local/lib/python3.10/dist-packages/mecha_control/mecha_control_s__rosidl_typesupport_introspection_c.cpython-310-x86_64-linux-gnu.so" to ""
-- Installing: /ROS_ws/install/mecha_control/local/lib/python3.10/dist-packages/mecha_control/mecha_control_s__rosidl_typesupport_c.cpython-310-x86_64-linux-gnu.so
-- Set runtime path of "/ROS_ws/install/mecha_control/local/lib/python3.10/dist-packages/mecha_control/mecha_control_s__rosidl_typesupport_c.cpython-310-x86_64-linux-gnu.so" to ""
-- Installing: /ROS_ws/install/mecha_control/lib/libmecha_control__rosidl_generator_py.so
-- Set runtime path of "/ROS_ws/install/mecha_control/lib/libmecha_control__rosidl_generator_py.so" to ""
-- Up-to-date: /ROS_ws/install/mecha_control/share/mecha_control/msg/SensorStates.idl
-- Up-to-date: /ROS_ws/install/mecha_control/share/mecha_control/msg/ActuatorCommands.idl
-- Up-to-date: /ROS_ws/install/mecha_control/share/mecha_control/msg/MechaState.idl
-- Up-to-date: /ROS_ws/install/mecha_control/share/mecha_control/msg/PointAndMechaState.idl
-- Up-to-date: /ROS_ws/install/mecha_control/share/mecha_control/msg/PointAndMechaStateArray.idl
-- Up-to-date: /ROS_ws/install/mecha_control/share/mecha_control/srv/MechCmd.idl
-- Installing: /ROS_ws/install/mecha_control/share/mecha_control/action/MechCmd.idl
-- Up-to-date: /ROS_ws/install/mecha_control/share/mecha_control/msg/SensorStates.msg
-- Up-to-date: /ROS_ws/install/mecha_control/share/mecha_control/msg/ActuatorCommands.msg
-- Up-to-date: /ROS_ws/install/mecha_control/share/mecha_control/msg/MechaState.msg
-- Up-to-date: /ROS_ws/install/mecha_control/share/mecha_control/msg/PointAndMechaState.msg
-- Up-to-date: /ROS_ws/install/mecha_control/share/mecha_control/msg/PointAndMechaStateArray.msg
-- Up-to-date: /ROS_ws/install/mecha_control/share/mecha_control/srv/MechCmd.srv
-- Up-to-date: /ROS_ws/install/mecha_control/share/mecha_control/srv/MechCmd_Request.msg
-- Up-to-date: /ROS_ws/install/mecha_control/share/mecha_control/srv/MechCmd_Response.msg
-- Installing: /ROS_ws/install/mecha_control/share/mecha_control/action/MechCmd.action
-- Installing: /ROS_ws/install/mecha_control/lib/mecha_control/cmd_seq
-- Set runtime path of "/ROS_ws/install/mecha_control/lib/mecha_control/cmd_seq" to ""
-- Up-to-date: /ROS_ws/install/mecha_control/lib/mecha_control/mecha_control_node.py
-- Up-to-date: /ROS_ws/install/mecha_control/lib/mecha_control/dummy_node.py
-- Up-to-date: /ROS_ws/install/mecha_control/lib/mecha_control/debug_controller.py
-- Up-to-date: /ROS_ws/install/mecha_control/lib/mecha_control/debug_sequence_controller.py
-- Up-to-date: /ROS_ws/install/mecha_control/lib/mecha_control/path_command_publisher.py
-- Up-to-date: /ROS_ws/install/mecha_control/share/ament_index/resource_index/package_run_dependencies/mecha_control
-- Up-to-date: /ROS_ws/install/mecha_control/share/ament_index/resource_index/parent_prefix_path/mecha_control
-- Up-to-date: /ROS_ws/install/mecha_control/share/mecha_control/environment/ament_prefix_path.sh
-- Installing: /ROS_ws/install/mecha_control/share/mecha_control/environment/ament_prefix_path.dsv
-- Up-to-date: /ROS_ws/install/mecha_control/share/mecha_control/environment/path.sh
-- Installing: /ROS_ws/install/mecha_control/share/mecha_control/environment/path.dsv
-- Up-to-date: /ROS_ws/install/mecha_control/share/mecha_control/local_setup.bash
-- Up-to-date: /ROS_ws/install/mecha_control/share/mecha_control/local_setup.sh
-- Up-to-date: /ROS_ws/install/mecha_control/share/mecha_control/local_setup.zsh
-- Installing: /ROS_ws/install/mecha_control/share/mecha_control/local_setup.dsv
-- Installing: /ROS_ws/install/mecha_control/share/mecha_control/package.dsv
-- Up-to-date: /ROS_ws/install/mecha_control/share/ament_index/resource_index/packages/mecha_control
-- Up-to-date: /ROS_ws/install/mecha_control/share/mecha_control/cmake/export_mecha_control__rosidl_generator_cExport.cmake
-- Up-to-date: /ROS_ws/install/mecha_control/share/mecha_control/cmake/export_mecha_control__rosidl_generator_cExport-noconfig.cmake
-- Up-to-date: /ROS_ws/install/mecha_control/share/mecha_control/cmake/export_mecha_control__rosidl_typesupport_fastrtps_cExport.cmake
-- Up-to-date: /ROS_ws/install/mecha_control/share/mecha_control/cmake/export_mecha_control__rosidl_typesupport_fastrtps_cExport-noconfig.cmake
-- Up-to-date: /ROS_ws/install/mecha_control/share/mecha_control/cmake/export_mecha_control__rosidl_generator_cppExport.cmake
-- Up-to-date: /ROS_ws/install/mecha_control/share/mecha_control/cmake/export_mecha_control__rosidl_typesupport_fastrtps_cppExport.cmake
-- Up-to-date: /ROS_ws/install/mecha_control/share/mecha_control/cmake/export_mecha_control__rosidl_typesupport_fastrtps_cppExport-noconfig.cmake
-- Up-to-date: /ROS_ws/install/mecha_control/share/mecha_control/cmake/mecha_control__rosidl_typesupport_introspection_cExport.cmake
-- Up-to-date: /ROS_ws/install/mecha_control/share/mecha_control/cmake/mecha_control__rosidl_typesupport_introspection_cExport-noconfig.cmake
-- Up-to-date: /ROS_ws/install/mecha_control/share/mecha_control/cmake/mecha_control__rosidl_typesupport_cExport.cmake
-- Up-to-date: /ROS_ws/install/mecha_control/share/mecha_control/cmake/mecha_control__rosidl_typesupport_cExport-noconfig.cmake
-- Up-to-date: /ROS_ws/install/mecha_control/share/mecha_control/cmake/mecha_control__rosidl_typesupport_introspection_cppExport.cmake
-- Up-to-date: /ROS_ws/install/mecha_control/share/mecha_control/cmake/mecha_control__rosidl_typesupport_introspection_cppExport-noconfig.cmake
-- Up-to-date: /ROS_ws/install/mecha_control/share/mecha_control/cmake/mecha_control__rosidl_typesupport_cppExport.cmake
-- Up-to-date: /ROS_ws/install/mecha_control/share/mecha_control/cmake/mecha_control__rosidl_typesupport_cppExport-noconfig.cmake
-- Up-to-date: /ROS_ws/install/mecha_control/share/mecha_control/cmake/export_mecha_control__rosidl_generator_pyExport.cmake
-- Up-to-date: /ROS_ws/install/mecha_control/share/mecha_control/cmake/export_mecha_control__rosidl_generator_pyExport-noconfig.cmake
-- Up-to-date: /ROS_ws/install/mecha_control/share/mecha_control/cmake/rosidl_cmake-extras.cmake
-- Up-to-date: /ROS_ws/install/mecha_control/share/mecha_control/cmake/ament_cmake_export_dependencies-extras.cmake
-- Up-to-date: /ROS_ws/install/mecha_control/share/mecha_control/cmake/ament_cmake_export_include_directories-extras.cmake
-- Up-to-date: /ROS_ws/install/mecha_control/share/mecha_control/cmake/ament_cmake_export_libraries-extras.cmake
-- Up-to-date: /ROS_ws/install/mecha_control/share/mecha_control/cmake/ament_cmake_export_targets-extras.cmake
-- Up-to-date: /ROS_ws/install/mecha_control/share/mecha_control/cmake/rosidl_cmake_export_typesupport_targets-extras.cmake
-- Up-to-date: /ROS_ws/install/mecha_control/share/mecha_control/cmake/rosidl_cmake_export_typesupport_libraries-extras.cmake
-- Up-to-date: /ROS_ws/install/mecha_control/share/mecha_control/cmake/mecha_controlConfig.cmake
-- Up-to-date: /ROS_ws/install/mecha_control/share/mecha_control/cmake/mecha_controlConfig-version.cmake
-- Up-to-date: /ROS_ws/install/mecha_control/share/mecha_control/package.xml
