[0.038s] Invoking command in '/ROS_ws/build/mecha_control': CMAKE_PREFIX_PATH=${CMAKE_PREFIX_PATH}:/opt/ros/humble /usr/bin/cmake --build /ROS_ws/build/mecha_control -- -j12 -l12
[0.187s] -- Found ament_cmake: 1.3.3 (/opt/ros/humble/share/ament_cmake/cmake)
[0.187s] -- Found rclcpp: 16.0.3 (/opt/ros/humble/share/rclcpp/cmake)
[0.188s] -- Found rosidl_generator_c: 3.1.4 (/opt/ros/humble/share/rosidl_generator_c/cmake)
[0.188s] -- Found rosidl_adapter: 3.1.4 (/opt/ros/humble/share/rosidl_adapter/cmake)
[0.188s] -- Found rosidl_generator_cpp: 3.1.4 (/opt/ros/humble/share/rosidl_generator_cpp/cmake)
[0.188s] -- Using all available rosidl_typesupport_c: rosidl_typesupport_fastrtps_c;rosidl_typesupport_introspection_c
[0.200s] -- Using all available rosidl_typesupport_cpp: rosidl_typesupport_fastrtps_cpp;rosidl_typesupport_introspection_cpp
[0.271s] -- Found rmw_implementation_cmake: 6.1.1 (/opt/ros/humble/share/rmw_implementation_cmake/cmake)
[0.271s] -- Found rmw_fastrtps_cpp: 6.2.2 (/opt/ros/humble/share/rmw_fastrtps_cpp/cmake)
[0.378s] -- Using RMW implementation 'rmw_fastrtps_cpp' as default
[0.503s] -- Found rclpy: 3.3.7 (/opt/ros/humble/share/rclpy/cmake)
[0.503s] -- Found geometry_msgs: 4.2.3 (/opt/ros/humble/share/geometry_msgs/cmake)
[0.533s] -- Found rosidl_default_generators: 1.2.0 (/opt/ros/humble/share/rosidl_default_generators/cmake)
[0.757s] -- Found ament_cmake_ros: 0.10.0 (/opt/ros/humble/share/ament_cmake_ros/cmake)
[0.961s] -- Using all available rosidl_typesupport_c: rosidl_typesupport_fastrtps_c;rosidl_typesupport_introspection_c
[1.041s] -- Using all available rosidl_typesupport_cpp: rosidl_typesupport_fastrtps_cpp;rosidl_typesupport_introspection_cpp
[1.056s] -- Found python_cmake_module: 0.10.0 (/opt/ros/humble/share/python_cmake_module/cmake)
[1.070s] -- Using PYTHON_EXECUTABLE: /usr/bin/python3
[1.070s] -- Using PYTHON_INCLUDE_DIRS: /usr/include/python3.10
[1.070s] -- Using PYTHON_LIBRARIES: /usr/lib/x86_64-linux-gnu/libpython3.10.so
[1.084s] -- Found mecha_control: 0.0.0 (/ROS_ws/install/mecha_control/share/mecha_control/cmake)
[1.115s] -- Found std_srvs: 4.2.3 (/opt/ros/humble/share/std_srvs/cmake)
[1.130s] -- Found ament_lint_auto: 0.12.5 (/opt/ros/humble/share/ament_lint_auto/cmake)
[1.137s] -- Added test 'cppcheck' to perform static code analysis on C / C++ code
[1.138s] -- Configured cppcheck include dirs: 
[1.138s] -- Configured cppcheck exclude dirs and/or files: 
[1.138s] -- Added test 'flake8' to check Python code syntax and style conventions
[1.139s] -- Added test 'lint_cmake' to check CMake code style
[1.139s] -- Added test 'pep257' to check Python code against some of the docstring style conventions in PEP 257
[1.141s] -- Added test 'uncrustify' to check C / C++ code style
[1.141s] -- Configured uncrustify additional arguments: 
[1.141s] -- Added test 'xmllint' to check XML markup files
[1.142s] -- Configuring done
[1.176s] [33mCMake Warning at CMakeLists.txt:34 (add_executable):
[1.176s]   Cannot generate a safe runtime search path for target cmd_seq because there
[1.176s]   is a cycle in the constraint graph:
[1.176s] 
[1.176s]     dir 0 is [/opt/ros/humble/lib]
[1.176s]     dir 1 is [/ROS_ws/install/mecha_control/lib]
[1.176s]       dir 2 must precede it due to runtime library [libmecha_control__rosidl_typesupport_introspection_c.so]
[1.176s]     dir 2 is [/ROS_ws/build/mecha_control]
[1.176s]       dir 1 must precede it due to runtime library [libmecha_control__rosidl_typesupport_fastrtps_c.so]
[1.176s] 
[1.176s]   Some of these libraries may not be found correctly.
[1.176s] 
[1.176s] [0m
[1.180s] -- Generating done
[1.182s] -- Build files have been written to: /ROS_ws/build/mecha_control
[1.198s] [  1%] [34m[1mGenerating C code for ROS interfaces[0m
[1.204s] [  2%] [34m[1mGenerating C++ code for ROS interfaces[0m
[1.210s] [  2%] Built target ament_cmake_python_copy_mecha_control
[1.358s] running egg_info
[1.358s] writing mecha_control.egg-info/PKG-INFO
[1.358s] writing dependency_links to mecha_control.egg-info/dependency_links.txt
[1.358s] writing top-level names to mecha_control.egg-info/top_level.txt
[1.359s] reading manifest file 'mecha_control.egg-info/SOURCES.txt'
[1.359s] writing manifest file 'mecha_control.egg-info/SOURCES.txt'
[1.375s] [  2%] Built target ament_cmake_python_build_mecha_control_egg
[1.868s] [  2%] Built target mecha_control__cpp
[1.874s] [  4%] [34m[1mGenerating C++ introspection for ROS interfaces[0m
[1.874s] [  4%] [34m[1mGenerating C++ type support dispatch for ROS interfaces[0m
[1.874s] [  6%] [34m[1mGenerating C++ type support for eProsima Fast-RTPS[0m
[1.913s] [35m[1mConsolidate compiler generated dependencies of target mecha_control__rosidl_generator_c[0m
[1.923s] [  8%] [32mBuilding C object CMakeFiles/mecha_control__rosidl_generator_c.dir/rosidl_generator_c/mecha_control/msg/detail/point_and_mecha_state__functions.c.o[0m
[1.923s] [  8%] [32mBuilding C object CMakeFiles/mecha_control__rosidl_generator_c.dir/rosidl_generator_c/mecha_control/srv/detail/mech_cmd__functions.c.o[0m
[1.923s] [ 11%] [32mBuilding C object CMakeFiles/mecha_control__rosidl_generator_c.dir/rosidl_generator_c/mecha_control/msg/detail/sensor_states__functions.c.o[0m
[1.923s] [ 11%] [32mBuilding C object CMakeFiles/mecha_control__rosidl_generator_c.dir/rosidl_generator_c/mecha_control/msg/detail/actuator_commands__functions.c.o[0m
[1.924s] [ 12%] [32mBuilding C object CMakeFiles/mecha_control__rosidl_generator_c.dir/rosidl_generator_c/mecha_control/action/detail/mech_cmd__functions.c.o[0m
[1.924s] [ 13%] [32mBuilding C object CMakeFiles/mecha_control__rosidl_generator_c.dir/rosidl_generator_c/mecha_control/msg/detail/point_and_mecha_state_array__functions.c.o[0m
[1.924s] [ 14%] [32mBuilding C object CMakeFiles/mecha_control__rosidl_generator_c.dir/rosidl_generator_c/mecha_control/msg/detail/mecha_state__functions.c.o[0m
[2.017s] [ 16%] [32m[1mLinking C shared library libmecha_control__rosidl_generator_c.so[0m
[2.041s] [ 16%] Built target mecha_control__rosidl_generator_c
[2.047s] [ 17%] [34m[1mGenerating C type support dispatch for ROS interfaces[0m
[2.048s] [ 18%] [34m[1mGenerating C introspection for ROS interfaces[0m
[2.049s] [ 19%] [34m[1mGenerating C type support for eProsima Fast-RTPS[0m
[2.360s] [35m[1mConsolidate compiler generated dependencies of target mecha_control__rosidl_typesupport_cpp[0m
[2.375s] [ 22%] [32mBuilding CXX object CMakeFiles/mecha_control__rosidl_typesupport_cpp.dir/rosidl_typesupport_cpp/mecha_control/msg/actuator_commands__type_support.cpp.o[0m
[2.376s] [ 22%] [32mBuilding CXX object CMakeFiles/mecha_control__rosidl_typesupport_cpp.dir/rosidl_typesupport_cpp/mecha_control/msg/sensor_states__type_support.cpp.o[0m
[2.378s] [ 23%] [32mBuilding CXX object CMakeFiles/mecha_control__rosidl_typesupport_cpp.dir/rosidl_typesupport_cpp/mecha_control/msg/point_and_mecha_state__type_support.cpp.o[0m
[2.378s] [ 24%] [32mBuilding CXX object CMakeFiles/mecha_control__rosidl_typesupport_cpp.dir/rosidl_typesupport_cpp/mecha_control/msg/mecha_state__type_support.cpp.o[0m
[2.378s] [ 25%] [32mBuilding CXX object CMakeFiles/mecha_control__rosidl_typesupport_cpp.dir/rosidl_typesupport_cpp/mecha_control/srv/mech_cmd__type_support.cpp.o[0m
[2.381s] [ 27%] [32mBuilding CXX object CMakeFiles/mecha_control__rosidl_typesupport_cpp.dir/rosidl_typesupport_cpp/mecha_control/action/mech_cmd__type_support.cpp.o[0m
[2.384s] [ 28%] [32mBuilding CXX object CMakeFiles/mecha_control__rosidl_typesupport_cpp.dir/rosidl_typesupport_cpp/mecha_control/msg/point_and_mecha_state_array__type_support.cpp.o[0m
[2.646s] [35m[1mConsolidate compiler generated dependencies of target mecha_control__rosidl_typesupport_c[0m
[2.650s] [35m[1mConsolidate compiler generated dependencies of target mecha_control__rosidl_typesupport_introspection_cpp[0m
[2.656s] [ 29%] [32mBuilding CXX object CMakeFiles/mecha_control__rosidl_typesupport_c.dir/rosidl_typesupport_c/mecha_control/action/mech_cmd__type_support.cpp.o[0m
[2.657s] [ 30%] [32mBuilding CXX object CMakeFiles/mecha_control__rosidl_typesupport_c.dir/rosidl_typesupport_c/mecha_control/msg/mecha_state__type_support.cpp.o[0m
[2.657s] [ 33%] [32mBuilding CXX object CMakeFiles/mecha_control__rosidl_typesupport_c.dir/rosidl_typesupport_c/mecha_control/msg/sensor_states__type_support.cpp.o[0m
[2.658s] [35m[1mConsolidate compiler generated dependencies of target mecha_control__rosidl_typesupport_fastrtps_cpp[0m
[2.658s] [ 34%] [32mBuilding CXX object CMakeFiles/mecha_control__rosidl_typesupport_c.dir/rosidl_typesupport_c/mecha_control/msg/actuator_commands__type_support.cpp.o[0m
[2.658s] [ 32%] [32mBuilding CXX object CMakeFiles/mecha_control__rosidl_typesupport_c.dir/rosidl_typesupport_c/mecha_control/msg/point_and_mecha_state__type_support.cpp.o[0m
[2.662s] [ 35%] [32mBuilding CXX object CMakeFiles/mecha_control__rosidl_typesupport_c.dir/rosidl_typesupport_c/mecha_control/srv/mech_cmd__type_support.cpp.o[0m
[2.665s] [ 37%] [32mBuilding CXX object CMakeFiles/mecha_control__rosidl_typesupport_c.dir/rosidl_typesupport_c/mecha_control/msg/point_and_mecha_state_array__type_support.cpp.o[0m
[2.671s] [ 38%] [32mBuilding CXX object CMakeFiles/mecha_control__rosidl_typesupport_introspection_cpp.dir/rosidl_typesupport_introspection_cpp/mecha_control/msg/detail/sensor_states__type_support.cpp.o[0m
[2.681s] [ 39%] [32mBuilding CXX object CMakeFiles/mecha_control__rosidl_typesupport_fastrtps_cpp.dir/rosidl_typesupport_fastrtps_cpp/mecha_control/msg/detail/dds_fastrtps/sensor_states__type_support.cpp.o[0m
[2.684s] [ 40%] [32mBuilding CXX object CMakeFiles/mecha_control__rosidl_typesupport_fastrtps_cpp.dir/rosidl_typesupport_fastrtps_cpp/mecha_control/msg/detail/dds_fastrtps/actuator_commands__type_support.cpp.o[0m
[2.688s] [ 43%] [32mBuilding CXX object CMakeFiles/mecha_control__rosidl_typesupport_fastrtps_cpp.dir/rosidl_typesupport_fastrtps_cpp/mecha_control/msg/detail/dds_fastrtps/mecha_state__type_support.cpp.o[0m
[2.688s] [ 43%] [32mBuilding CXX object CMakeFiles/mecha_control__rosidl_typesupport_introspection_cpp.dir/rosidl_typesupport_introspection_cpp/mecha_control/msg/detail/actuator_commands__type_support.cpp.o[0m
[2.690s] [ 44%] [32mBuilding CXX object CMakeFiles/mecha_control__rosidl_typesupport_introspection_cpp.dir/rosidl_typesupport_introspection_cpp/mecha_control/msg/detail/mecha_state__type_support.cpp.o[0m
[2.697s] [ 45%] [32mBuilding CXX object CMakeFiles/mecha_control__rosidl_typesupport_fastrtps_cpp.dir/rosidl_typesupport_fastrtps_cpp/mecha_control/msg/detail/dds_fastrtps/point_and_mecha_state__type_support.cpp.o[0m
[2.704s] [ 46%] [32m[1mLinking CXX shared library libmecha_control__rosidl_typesupport_c.so[0m
[2.711s] [ 48%] [32mBuilding CXX object CMakeFiles/mecha_control__rosidl_typesupport_introspection_cpp.dir/rosidl_typesupport_introspection_cpp/mecha_control/msg/detail/point_and_mecha_state__type_support.cpp.o[0m
[2.808s] [ 48%] Built target mecha_control__rosidl_typesupport_c
[2.850s] [ 49%] [32mBuilding CXX object CMakeFiles/mecha_control__rosidl_typesupport_introspection_cpp.dir/rosidl_typesupport_introspection_cpp/mecha_control/msg/detail/point_and_mecha_state_array__type_support.cpp.o[0m
[2.866s] [ 50%] [32m[1mLinking CXX shared library libmecha_control__rosidl_typesupport_cpp.so[0m
[2.998s] [ 50%] Built target mecha_control__rosidl_typesupport_cpp
[3.034s] [ 51%] [32mBuilding CXX object CMakeFiles/mecha_control__rosidl_typesupport_introspection_cpp.dir/rosidl_typesupport_introspection_cpp/mecha_control/srv/detail/mech_cmd__type_support.cpp.o[0m
[3.091s] [ 53%] [32mBuilding CXX object CMakeFiles/mecha_control__rosidl_typesupport_introspection_cpp.dir/rosidl_typesupport_introspection_cpp/mecha_control/action/detail/mech_cmd__type_support.cpp.o[0m
[3.094s] [ 55%] [32mBuilding CXX object CMakeFiles/mecha_control__rosidl_typesupport_fastrtps_cpp.dir/rosidl_typesupport_fastrtps_cpp/mecha_control/msg/detail/dds_fastrtps/point_and_mecha_state_array__type_support.cpp.o[0m
[3.094s] [ 55%] [32mBuilding CXX object CMakeFiles/mecha_control__rosidl_typesupport_fastrtps_cpp.dir/rosidl_typesupport_fastrtps_cpp/mecha_control/srv/detail/dds_fastrtps/mech_cmd__type_support.cpp.o[0m
[3.099s] [ 56%] [32mBuilding CXX object CMakeFiles/mecha_control__rosidl_typesupport_fastrtps_cpp.dir/rosidl_typesupport_fastrtps_cpp/mecha_control/action/detail/dds_fastrtps/mech_cmd__type_support.cpp.o[0m
[3.167s] [35m[1mConsolidate compiler generated dependencies of target mecha_control__rosidl_typesupport_introspection_c[0m
[3.172s] [35m[1mConsolidate compiler generated dependencies of target mecha_control__rosidl_typesupport_fastrtps_c[0m
[3.178s] [ 58%] [32mBuilding C object CMakeFiles/mecha_control__rosidl_typesupport_introspection_c.dir/rosidl_typesupport_introspection_c/mecha_control/msg/detail/sensor_states__type_support.c.o[0m
[3.178s] [ 59%] [32mBuilding C object CMakeFiles/mecha_control__rosidl_typesupport_introspection_c.dir/rosidl_typesupport_introspection_c/mecha_control/msg/detail/point_and_mecha_state__type_support.c.o[0m
[3.179s] [ 60%] [32mBuilding C object CMakeFiles/mecha_control__rosidl_typesupport_introspection_c.dir/rosidl_typesupport_introspection_c/mecha_control/msg/detail/point_and_mecha_state_array__type_support.c.o[0m
[3.186s] [ 62%] [32mBuilding C object CMakeFiles/mecha_control__rosidl_typesupport_introspection_c.dir/rosidl_typesupport_introspection_c/mecha_control/msg/detail/actuator_commands__type_support.c.o[0m
[3.186s] [ 62%] [32mBuilding C object CMakeFiles/mecha_control__rosidl_typesupport_introspection_c.dir/rosidl_typesupport_introspection_c/mecha_control/msg/detail/mecha_state__type_support.c.o[0m
[3.196s] [ 64%] [32mBuilding CXX object CMakeFiles/mecha_control__rosidl_typesupport_fastrtps_c.dir/rosidl_typesupport_fastrtps_c/mecha_control/msg/detail/sensor_states__type_support_c.cpp.o[0m
[3.226s] [ 65%] [32mBuilding CXX object CMakeFiles/mecha_control__rosidl_typesupport_fastrtps_c.dir/rosidl_typesupport_fastrtps_c/mecha_control/msg/detail/actuator_commands__type_support_c.cpp.o[0m
[3.227s] [ 66%] [32mBuilding C object CMakeFiles/mecha_control__rosidl_typesupport_introspection_c.dir/rosidl_typesupport_introspection_c/mecha_control/action/detail/mech_cmd__type_support.c.o[0m
[3.227s] [ 67%] [32mBuilding CXX object CMakeFiles/mecha_control__rosidl_typesupport_fastrtps_c.dir/rosidl_typesupport_fastrtps_c/mecha_control/msg/detail/mecha_state__type_support_c.cpp.o[0m
[3.231s] [ 69%] [32mBuilding C object CMakeFiles/mecha_control__rosidl_typesupport_introspection_c.dir/rosidl_typesupport_introspection_c/mecha_control/srv/detail/mech_cmd__type_support.c.o[0m
[3.242s] [ 70%] [32mBuilding CXX object CMakeFiles/mecha_control__rosidl_typesupport_fastrtps_c.dir/rosidl_typesupport_fastrtps_c/mecha_control/msg/detail/point_and_mecha_state__type_support_c.cpp.o[0m
[3.274s] [ 71%] [32mBuilding CXX object CMakeFiles/mecha_control__rosidl_typesupport_fastrtps_c.dir/rosidl_typesupport_fastrtps_c/mecha_control/srv/detail/mech_cmd__type_support_c.cpp.o[0m
[3.274s] [ 72%] [32mBuilding CXX object CMakeFiles/mecha_control__rosidl_typesupport_fastrtps_c.dir/rosidl_typesupport_fastrtps_c/mecha_control/msg/detail/point_and_mecha_state_array__type_support_c.cpp.o[0m
[3.320s] [ 74%] [32m[1mLinking C shared library libmecha_control__rosidl_typesupport_introspection_c.so[0m
[3.442s] [ 74%] Built target mecha_control__rosidl_typesupport_introspection_c
[3.452s] [ 75%] [32mBuilding CXX object CMakeFiles/mecha_control__rosidl_typesupport_fastrtps_c.dir/rosidl_typesupport_fastrtps_c/mecha_control/action/detail/mech_cmd__type_support_c.cpp.o[0m
[3.612s] [ 76%] [32m[1mLinking CXX shared library libmecha_control__rosidl_typesupport_fastrtps_cpp.so[0m
[3.615s] [ 77%] [32m[1mLinking CXX shared library libmecha_control__rosidl_typesupport_introspection_cpp.so[0m
[3.666s] [ 77%] Built target mecha_control__rosidl_typesupport_fastrtps_cpp
[3.667s] [ 77%] Built target mecha_control__rosidl_typesupport_introspection_cpp
[3.673s] [35m[1mConsolidate compiler generated dependencies of target cmd_seq[0m
[3.684s] [ 79%] [32mBuilding CXX object CMakeFiles/cmd_seq.dir/src/cmd_seq.cpp.o[0m
[3.710s] [ 80%] [32m[1mLinking CXX shared library libmecha_control__rosidl_typesupport_fastrtps_c.so[0m
[3.757s] [ 80%] Built target mecha_control__rosidl_typesupport_fastrtps_c
[3.768s] [ 80%] Built target mecha_control
[3.781s] [ 81%] [34m[1mGenerating Python code for ROS interfaces[0m
[4.933s] [ 81%] Built target mecha_control__py
[4.940s] [35m[1mConsolidate compiler generated dependencies of target mecha_control__rosidl_generator_py[0m
[4.951s] [ 82%] [32mBuilding C object CMakeFiles/mecha_control__rosidl_generator_py.dir/rosidl_generator_py/mecha_control/msg/_mecha_state_s.c.o[0m
[4.951s] [ 83%] [32mBuilding C object CMakeFiles/mecha_control__rosidl_generator_py.dir/rosidl_generator_py/mecha_control/msg/_point_and_mecha_state_s.c.o[0m
[4.951s] [ 86%] [32mBuilding C object CMakeFiles/mecha_control__rosidl_generator_py.dir/rosidl_generator_py/mecha_control/msg/_sensor_states_s.c.o[0m
[4.951s] [ 86%] [32mBuilding C object CMakeFiles/mecha_control__rosidl_generator_py.dir/rosidl_generator_py/mecha_control/msg/_actuator_commands_s.c.o[0m
[4.952s] [ 87%] [32mBuilding C object CMakeFiles/mecha_control__rosidl_generator_py.dir/rosidl_generator_py/mecha_control/srv/_mech_cmd_s.c.o[0m
[4.952s] [ 88%] [32mBuilding C object CMakeFiles/mecha_control__rosidl_generator_py.dir/rosidl_generator_py/mecha_control/msg/_point_and_mecha_state_array_s.c.o[0m
[4.953s] [ 90%] [32mBuilding C object CMakeFiles/mecha_control__rosidl_generator_py.dir/rosidl_generator_py/mecha_control/action/_mech_cmd_s.c.o[0m
[5.072s] [ 91%] [32m[1mLinking C shared library rosidl_generator_py/mecha_control/libmecha_control__rosidl_generator_py.so[0m
[5.098s] [ 91%] Built target mecha_control__rosidl_generator_py
[5.105s] [35m[1mConsolidate compiler generated dependencies of target mecha_control__rosidl_typesupport_fastrtps_c__pyext[0m
[5.105s] [35m[1mConsolidate compiler generated dependencies of target mecha_control__rosidl_typesupport_introspection_c__pyext[0m
[5.105s] [35m[1mConsolidate compiler generated dependencies of target mecha_control__rosidl_typesupport_c__pyext[0m
[5.112s] [ 92%] [32mBuilding C object CMakeFiles/mecha_control__rosidl_typesupport_fastrtps_c__pyext.dir/rosidl_generator_py/mecha_control/_mecha_control_s.ep.rosidl_typesupport_fastrtps_c.c.o[0m
[5.113s] [ 93%] [32mBuilding C object CMakeFiles/mecha_control__rosidl_typesupport_introspection_c__pyext.dir/rosidl_generator_py/mecha_control/_mecha_control_s.ep.rosidl_typesupport_introspection_c.c.o[0m
[5.113s] [ 95%] [32mBuilding C object CMakeFiles/mecha_control__rosidl_typesupport_c__pyext.dir/rosidl_generator_py/mecha_control/_mecha_control_s.ep.rosidl_typesupport_c.c.o[0m
[5.198s] [ 98%] [32m[1mLinking C shared library rosidl_generator_py/mecha_control/mecha_control_s__rosidl_typesupport_fastrtps_c.cpython-310-x86_64-linux-gnu.so[0m
[5.198s] [ 98%] [32m[1mLinking C shared library rosidl_generator_py/mecha_control/mecha_control_s__rosidl_typesupport_c.cpython-310-x86_64-linux-gnu.so[0m
[5.198s] [ 98%] [32m[1mLinking C shared library rosidl_generator_py/mecha_control/mecha_control_s__rosidl_typesupport_introspection_c.cpython-310-x86_64-linux-gnu.so[0m
[5.223s] [ 98%] Built target mecha_control__rosidl_typesupport_introspection_c__pyext
[5.223s] [ 98%] Built target mecha_control__rosidl_typesupport_c__pyext
[5.228s] [ 98%] Built target mecha_control__rosidl_typesupport_fastrtps_c__pyext
[9.335s] [100%] [32m[1mLinking CXX executable cmd_seq[0m
[9.632s] [100%] Built target cmd_seq
[9.638s] Invoked command in '/ROS_ws/build/mecha_control' returned '0': CMAKE_PREFIX_PATH=${CMAKE_PREFIX_PATH}:/opt/ros/humble /usr/bin/cmake --build /ROS_ws/build/mecha_control -- -j12 -l12
[9.711s] Invoking command in '/ROS_ws/build/mecha_control': CMAKE_PREFIX_PATH=${CMAKE_PREFIX_PATH}:/opt/ros/humble /usr/bin/cmake --install /ROS_ws/build/mecha_control
[9.716s] -- Install configuration: ""
[9.716s] -- Up-to-date: /ROS_ws/install/mecha_control/share/ament_index/resource_index/rosidl_interfaces/mecha_control
[9.716s] -- Up-to-date: /ROS_ws/install/mecha_control/include/mecha_control/mecha_control
[9.716s] -- Up-to-date: /ROS_ws/install/mecha_control/include/mecha_control/mecha_control/srv
[9.716s] -- Up-to-date: /ROS_ws/install/mecha_control/include/mecha_control/mecha_control/srv/detail
[9.716s] -- Installing: /ROS_ws/install/mecha_control/include/mecha_control/mecha_control/srv/detail/mech_cmd__type_support.h
[9.716s] -- Installing: /ROS_ws/install/mecha_control/include/mecha_control/mecha_control/srv/detail/mech_cmd__functions.c
[9.717s] -- Installing: /ROS_ws/install/mecha_control/include/mecha_control/mecha_control/srv/detail/mech_cmd__struct.h
[9.717s] -- Installing: /ROS_ws/install/mecha_control/include/mecha_control/mecha_control/srv/detail/mech_cmd__functions.h
[9.717s] -- Installing: /ROS_ws/install/mecha_control/include/mecha_control/mecha_control/srv/mech_cmd.h
[9.717s] -- Up-to-date: /ROS_ws/install/mecha_control/include/mecha_control/mecha_control/action
[9.717s] -- Up-to-date: /ROS_ws/install/mecha_control/include/mecha_control/mecha_control/action/detail
[9.717s] -- Installing: /ROS_ws/install/mecha_control/include/mecha_control/mecha_control/action/detail/mech_cmd__type_support.h
[9.717s] -- Installing: /ROS_ws/install/mecha_control/include/mecha_control/mecha_control/action/detail/mech_cmd__functions.c
[9.717s] -- Installing: /ROS_ws/install/mecha_control/include/mecha_control/mecha_control/action/detail/mech_cmd__struct.h
[9.717s] -- Installing: /ROS_ws/install/mecha_control/include/mecha_control/mecha_control/action/detail/mech_cmd__functions.h
[9.717s] -- Installing: /ROS_ws/install/mecha_control/include/mecha_control/mecha_control/action/mech_cmd.h
[9.717s] -- Up-to-date: /ROS_ws/install/mecha_control/include/mecha_control/mecha_control/msg
[9.717s] -- Installing: /ROS_ws/install/mecha_control/include/mecha_control/mecha_control/msg/point_and_mecha_state.h
[9.717s] -- Up-to-date: /ROS_ws/install/mecha_control/include/mecha_control/mecha_control/msg/rosidl_generator_c__visibility_control.h
[9.717s] -- Installing: /ROS_ws/install/mecha_control/include/mecha_control/mecha_control/msg/sensor_states.h
[9.718s] -- Up-to-date: /ROS_ws/install/mecha_control/include/mecha_control/mecha_control/msg/detail
[9.718s] -- Installing: /ROS_ws/install/mecha_control/include/mecha_control/mecha_control/msg/detail/sensor_states__type_support.h
[9.718s] -- Installing: /ROS_ws/install/mecha_control/include/mecha_control/mecha_control/msg/detail/point_and_mecha_state_array__struct.h
[9.718s] -- Installing: /ROS_ws/install/mecha_control/include/mecha_control/mecha_control/msg/detail/point_and_mecha_state__functions.c
[9.718s] -- Installing: /ROS_ws/install/mecha_control/include/mecha_control/mecha_control/msg/detail/point_and_mecha_state_array__type_support.h
[9.718s] -- Installing: /ROS_ws/install/mecha_control/include/mecha_control/mecha_control/msg/detail/mecha_state__functions.h
[9.718s] -- Installing: /ROS_ws/install/mecha_control/include/mecha_control/mecha_control/msg/detail/point_and_mecha_state_array__functions.c
[9.718s] -- Installing: /ROS_ws/install/mecha_control/include/mecha_control/mecha_control/msg/detail/sensor_states__functions.h
[9.718s] -- Installing: /ROS_ws/install/mecha_control/include/mecha_control/mecha_control/msg/detail/sensor_states__struct.h
[9.718s] -- Installing: /ROS_ws/install/mecha_control/include/mecha_control/mecha_control/msg/detail/actuator_commands__type_support.h
[9.718s] -- Installing: /ROS_ws/install/mecha_control/include/mecha_control/mecha_control/msg/detail/point_and_mecha_state__type_support.h
[9.718s] -- Installing: /ROS_ws/install/mecha_control/include/mecha_control/mecha_control/msg/detail/point_and_mecha_state__struct.h
[9.718s] -- Installing: /ROS_ws/install/mecha_control/include/mecha_control/mecha_control/msg/detail/actuator_commands__struct.h
[9.718s] -- Installing: /ROS_ws/install/mecha_control/include/mecha_control/mecha_control/msg/detail/mecha_state__type_support.h
[9.718s] -- Installing: /ROS_ws/install/mecha_control/include/mecha_control/mecha_control/msg/detail/point_and_mecha_state_array__functions.h
[9.718s] -- Installing: /ROS_ws/install/mecha_control/include/mecha_control/mecha_control/msg/detail/mecha_state__functions.c
[9.719s] -- Installing: /ROS_ws/install/mecha_control/include/mecha_control/mecha_control/msg/detail/mecha_state__struct.h
[9.719s] -- Installing: /ROS_ws/install/mecha_control/include/mecha_control/mecha_control/msg/detail/point_and_mecha_state__functions.h
[9.719s] -- Installing: /ROS_ws/install/mecha_control/include/mecha_control/mecha_control/msg/detail/sensor_states__functions.c
[9.719s] -- Installing: /ROS_ws/install/mecha_control/include/mecha_control/mecha_control/msg/detail/actuator_commands__functions.h
[9.719s] -- Installing: /ROS_ws/install/mecha_control/include/mecha_control/mecha_control/msg/detail/actuator_commands__functions.c
[9.719s] -- Installing: /ROS_ws/install/mecha_control/include/mecha_control/mecha_control/msg/actuator_commands.h
[9.719s] -- Installing: /ROS_ws/install/mecha_control/include/mecha_control/mecha_control/msg/mecha_state.h
[9.719s] -- Installing: /ROS_ws/install/mecha_control/include/mecha_control/mecha_control/msg/point_and_mecha_state_array.h
[9.719s] -- Up-to-date: /ROS_ws/install/mecha_control/share/mecha_control/environment/library_path.sh
[9.719s] -- Installing: /ROS_ws/install/mecha_control/share/mecha_control/environment/library_path.dsv
[9.719s] -- Installing: /ROS_ws/install/mecha_control/lib/libmecha_control__rosidl_generator_c.so
[9.720s] -- Set runtime path of "/ROS_ws/install/mecha_control/lib/libmecha_control__rosidl_generator_c.so" to ""
[9.720s] -- Up-to-date: /ROS_ws/install/mecha_control/include/mecha_control/mecha_control
[9.720s] -- Up-to-date: /ROS_ws/install/mecha_control/include/mecha_control/mecha_control/srv
[9.720s] -- Up-to-date: /ROS_ws/install/mecha_control/include/mecha_control/mecha_control/srv/detail
[9.720s] -- Installing: /ROS_ws/install/mecha_control/include/mecha_control/mecha_control/srv/detail/mech_cmd__rosidl_typesupport_fastrtps_c.h
[9.720s] -- Up-to-date: /ROS_ws/install/mecha_control/include/mecha_control/mecha_control/action
[9.720s] -- Up-to-date: /ROS_ws/install/mecha_control/include/mecha_control/mecha_control/action/detail
[9.720s] -- Installing: /ROS_ws/install/mecha_control/include/mecha_control/mecha_control/action/detail/mech_cmd__rosidl_typesupport_fastrtps_c.h
[9.720s] -- Up-to-date: /ROS_ws/install/mecha_control/include/mecha_control/mecha_control/msg
[9.720s] -- Up-to-date: /ROS_ws/install/mecha_control/include/mecha_control/mecha_control/msg/detail
[9.720s] -- Installing: /ROS_ws/install/mecha_control/include/mecha_control/mecha_control/msg/detail/actuator_commands__rosidl_typesupport_fastrtps_c.h
[9.720s] -- Installing: /ROS_ws/install/mecha_control/include/mecha_control/mecha_control/msg/detail/point_and_mecha_state_array__rosidl_typesupport_fastrtps_c.h
[9.720s] -- Installing: /ROS_ws/install/mecha_control/include/mecha_control/mecha_control/msg/detail/sensor_states__rosidl_typesupport_fastrtps_c.h
[9.720s] -- Installing: /ROS_ws/install/mecha_control/include/mecha_control/mecha_control/msg/detail/point_and_mecha_state__rosidl_typesupport_fastrtps_c.h
[9.720s] -- Installing: /ROS_ws/install/mecha_control/include/mecha_control/mecha_control/msg/detail/mecha_state__rosidl_typesupport_fastrtps_c.h
[9.720s] -- Up-to-date: /ROS_ws/install/mecha_control/include/mecha_control/mecha_control/msg/rosidl_typesupport_fastrtps_c__visibility_control.h
[9.720s] -- Installing: /ROS_ws/install/mecha_control/lib/libmecha_control__rosidl_typesupport_fastrtps_c.so
[9.721s] -- Set runtime path of "/ROS_ws/install/mecha_control/lib/libmecha_control__rosidl_typesupport_fastrtps_c.so" to ""
[9.721s] -- Up-to-date: /ROS_ws/install/mecha_control/include/mecha_control/mecha_control
[9.721s] -- Up-to-date: /ROS_ws/install/mecha_control/include/mecha_control/mecha_control/srv
[9.721s] -- Up-to-date: /ROS_ws/install/mecha_control/include/mecha_control/mecha_control/srv/detail
[9.721s] -- Installing: /ROS_ws/install/mecha_control/include/mecha_control/mecha_control/srv/detail/mech_cmd__struct.hpp
[9.721s] -- Installing: /ROS_ws/install/mecha_control/include/mecha_control/mecha_control/srv/detail/mech_cmd__traits.hpp
[9.721s] -- Installing: /ROS_ws/install/mecha_control/include/mecha_control/mecha_control/srv/detail/mech_cmd__builder.hpp
[9.721s] -- Installing: /ROS_ws/install/mecha_control/include/mecha_control/mecha_control/srv/mech_cmd.hpp
[9.721s] -- Up-to-date: /ROS_ws/install/mecha_control/include/mecha_control/mecha_control/action
[9.721s] -- Up-to-date: /ROS_ws/install/mecha_control/include/mecha_control/mecha_control/action/detail
[9.721s] -- Installing: /ROS_ws/install/mecha_control/include/mecha_control/mecha_control/action/detail/mech_cmd__struct.hpp
[9.721s] -- Installing: /ROS_ws/install/mecha_control/include/mecha_control/mecha_control/action/detail/mech_cmd__traits.hpp
[9.721s] -- Installing: /ROS_ws/install/mecha_control/include/mecha_control/mecha_control/action/detail/mech_cmd__builder.hpp
[9.721s] -- Installing: /ROS_ws/install/mecha_control/include/mecha_control/mecha_control/action/mech_cmd.hpp
[9.722s] -- Up-to-date: /ROS_ws/install/mecha_control/include/mecha_control/mecha_control/msg
[9.722s] -- Installing: /ROS_ws/install/mecha_control/include/mecha_control/mecha_control/msg/point_and_mecha_state.hpp
[9.722s] -- Installing: /ROS_ws/install/mecha_control/include/mecha_control/mecha_control/msg/sensor_states.hpp
[9.722s] -- Up-to-date: /ROS_ws/install/mecha_control/include/mecha_control/mecha_control/msg/detail
[9.722s] -- Installing: /ROS_ws/install/mecha_control/include/mecha_control/mecha_control/msg/detail/point_and_mecha_state_array__builder.hpp
[9.722s] -- Installing: /ROS_ws/install/mecha_control/include/mecha_control/mecha_control/msg/detail/sensor_states__traits.hpp
[9.722s] -- Installing: /ROS_ws/install/mecha_control/include/mecha_control/mecha_control/msg/detail/mecha_state__traits.hpp
[9.722s] -- Installing: /ROS_ws/install/mecha_control/include/mecha_control/mecha_control/msg/detail/mecha_state__struct.hpp
[9.722s] -- Installing: /ROS_ws/install/mecha_control/include/mecha_control/mecha_control/msg/detail/actuator_commands__traits.hpp
[9.722s] -- Installing: /ROS_ws/install/mecha_control/include/mecha_control/mecha_control/msg/detail/sensor_states__struct.hpp
[9.722s] -- Installing: /ROS_ws/install/mecha_control/include/mecha_control/mecha_control/msg/detail/point_and_mecha_state__struct.hpp
[9.722s] -- Installing: /ROS_ws/install/mecha_control/include/mecha_control/mecha_control/msg/detail/mecha_state__builder.hpp
[9.722s] -- Installing: /ROS_ws/install/mecha_control/include/mecha_control/mecha_control/msg/detail/point_and_mecha_state_array__struct.hpp
[9.722s] -- Installing: /ROS_ws/install/mecha_control/include/mecha_control/mecha_control/msg/detail/sensor_states__builder.hpp
[9.722s] -- Installing: /ROS_ws/install/mecha_control/include/mecha_control/mecha_control/msg/detail/actuator_commands__struct.hpp
[9.722s] -- Installing: /ROS_ws/install/mecha_control/include/mecha_control/mecha_control/msg/detail/actuator_commands__builder.hpp
[9.723s] -- Installing: /ROS_ws/install/mecha_control/include/mecha_control/mecha_control/msg/detail/point_and_mecha_state__builder.hpp
[9.723s] -- Installing: /ROS_ws/install/mecha_control/include/mecha_control/mecha_control/msg/detail/point_and_mecha_state__traits.hpp
[9.723s] -- Installing: /ROS_ws/install/mecha_control/include/mecha_control/mecha_control/msg/detail/point_and_mecha_state_array__traits.hpp
[9.723s] -- Installing: /ROS_ws/install/mecha_control/include/mecha_control/mecha_control/msg/actuator_commands.hpp
[9.723s] -- Installing: /ROS_ws/install/mecha_control/include/mecha_control/mecha_control/msg/point_and_mecha_state_array.hpp
[9.723s] -- Installing: /ROS_ws/install/mecha_control/include/mecha_control/mecha_control/msg/mecha_state.hpp
[9.723s] -- Up-to-date: /ROS_ws/install/mecha_control/include/mecha_control/mecha_control
[9.723s] -- Up-to-date: /ROS_ws/install/mecha_control/include/mecha_control/mecha_control/srv
[9.723s] -- Up-to-date: /ROS_ws/install/mecha_control/include/mecha_control/mecha_control/srv/detail
[9.723s] -- Up-to-date: /ROS_ws/install/mecha_control/include/mecha_control/mecha_control/srv/detail/dds_fastrtps
[9.723s] -- Installing: /ROS_ws/install/mecha_control/include/mecha_control/mecha_control/srv/detail/mech_cmd__rosidl_typesupport_fastrtps_cpp.hpp
[9.723s] -- Up-to-date: /ROS_ws/install/mecha_control/include/mecha_control/mecha_control/action
[9.723s] -- Up-to-date: /ROS_ws/install/mecha_control/include/mecha_control/mecha_control/action/detail
[9.724s] -- Up-to-date: /ROS_ws/install/mecha_control/include/mecha_control/mecha_control/action/detail/dds_fastrtps
[9.724s] -- Installing: /ROS_ws/install/mecha_control/include/mecha_control/mecha_control/action/detail/mech_cmd__rosidl_typesupport_fastrtps_cpp.hpp
[9.724s] -- Up-to-date: /ROS_ws/install/mecha_control/include/mecha_control/mecha_control/msg
[9.724s] -- Up-to-date: /ROS_ws/install/mecha_control/include/mecha_control/mecha_control/msg/rosidl_typesupport_fastrtps_cpp__visibility_control.h
[9.724s] -- Up-to-date: /ROS_ws/install/mecha_control/include/mecha_control/mecha_control/msg/detail
[9.724s] -- Installing: /ROS_ws/install/mecha_control/include/mecha_control/mecha_control/msg/detail/mecha_state__rosidl_typesupport_fastrtps_cpp.hpp
[9.724s] -- Up-to-date: /ROS_ws/install/mecha_control/include/mecha_control/mecha_control/msg/detail/dds_fastrtps
[9.724s] -- Installing: /ROS_ws/install/mecha_control/include/mecha_control/mecha_control/msg/detail/actuator_commands__rosidl_typesupport_fastrtps_cpp.hpp
[9.724s] -- Installing: /ROS_ws/install/mecha_control/include/mecha_control/mecha_control/msg/detail/point_and_mecha_state_array__rosidl_typesupport_fastrtps_cpp.hpp
[9.724s] -- Installing: /ROS_ws/install/mecha_control/include/mecha_control/mecha_control/msg/detail/point_and_mecha_state__rosidl_typesupport_fastrtps_cpp.hpp
[9.724s] -- Installing: /ROS_ws/install/mecha_control/include/mecha_control/mecha_control/msg/detail/sensor_states__rosidl_typesupport_fastrtps_cpp.hpp
[9.724s] -- Installing: /ROS_ws/install/mecha_control/lib/libmecha_control__rosidl_typesupport_fastrtps_cpp.so
[9.724s] -- Set runtime path of "/ROS_ws/install/mecha_control/lib/libmecha_control__rosidl_typesupport_fastrtps_cpp.so" to ""
[9.724s] -- Up-to-date: /ROS_ws/install/mecha_control/include/mecha_control/mecha_control
[9.724s] -- Up-to-date: /ROS_ws/install/mecha_control/include/mecha_control/mecha_control/srv
[9.724s] -- Up-to-date: /ROS_ws/install/mecha_control/include/mecha_control/mecha_control/srv/detail
[9.724s] -- Installing: /ROS_ws/install/mecha_control/include/mecha_control/mecha_control/srv/detail/mech_cmd__type_support.c
[9.724s] -- Installing: /ROS_ws/install/mecha_control/include/mecha_control/mecha_control/srv/detail/mech_cmd__rosidl_typesupport_introspection_c.h
[9.724s] -- Up-to-date: /ROS_ws/install/mecha_control/include/mecha_control/mecha_control/action
[9.725s] -- Up-to-date: /ROS_ws/install/mecha_control/include/mecha_control/mecha_control/action/detail
[9.725s] -- Installing: /ROS_ws/install/mecha_control/include/mecha_control/mecha_control/action/detail/mech_cmd__type_support.c
[9.725s] -- Installing: /ROS_ws/install/mecha_control/include/mecha_control/mecha_control/action/detail/mech_cmd__rosidl_typesupport_introspection_c.h
[9.725s] -- Up-to-date: /ROS_ws/install/mecha_control/include/mecha_control/mecha_control/msg
[9.725s] -- Up-to-date: /ROS_ws/install/mecha_control/include/mecha_control/mecha_control/msg/detail
[9.725s] -- Installing: /ROS_ws/install/mecha_control/include/mecha_control/mecha_control/msg/detail/actuator_commands__type_support.c
[9.725s] -- Installing: /ROS_ws/install/mecha_control/include/mecha_control/mecha_control/msg/detail/point_and_mecha_state__type_support.c
[9.725s] -- Installing: /ROS_ws/install/mecha_control/include/mecha_control/mecha_control/msg/detail/mecha_state__rosidl_typesupport_introspection_c.h
[9.725s] -- Installing: /ROS_ws/install/mecha_control/include/mecha_control/mecha_control/msg/detail/actuator_commands__rosidl_typesupport_introspection_c.h
[9.725s] -- Installing: /ROS_ws/install/mecha_control/include/mecha_control/mecha_control/msg/detail/sensor_states__rosidl_typesupport_introspection_c.h
[9.725s] -- Installing: /ROS_ws/install/mecha_control/include/mecha_control/mecha_control/msg/detail/point_and_mecha_state__rosidl_typesupport_introspection_c.h
[9.725s] -- Installing: /ROS_ws/install/mecha_control/include/mecha_control/mecha_control/msg/detail/mecha_state__type_support.c
[9.725s] -- Installing: /ROS_ws/install/mecha_control/include/mecha_control/mecha_control/msg/detail/point_and_mecha_state_array__rosidl_typesupport_introspection_c.h
[9.725s] -- Installing: /ROS_ws/install/mecha_control/include/mecha_control/mecha_control/msg/detail/sensor_states__type_support.c
[9.725s] -- Installing: /ROS_ws/install/mecha_control/include/mecha_control/mecha_control/msg/detail/point_and_mecha_state_array__type_support.c
[9.725s] -- Up-to-date: /ROS_ws/install/mecha_control/include/mecha_control/mecha_control/msg/rosidl_typesupport_introspection_c__visibility_control.h
[9.725s] -- Installing: /ROS_ws/install/mecha_control/lib/libmecha_control__rosidl_typesupport_introspection_c.so
[9.726s] -- Set runtime path of "/ROS_ws/install/mecha_control/lib/libmecha_control__rosidl_typesupport_introspection_c.so" to ""
[9.726s] -- Installing: /ROS_ws/install/mecha_control/lib/libmecha_control__rosidl_typesupport_c.so
[9.726s] -- Set runtime path of "/ROS_ws/install/mecha_control/lib/libmecha_control__rosidl_typesupport_c.so" to ""
[9.726s] -- Up-to-date: /ROS_ws/install/mecha_control/include/mecha_control/mecha_control
[9.726s] -- Up-to-date: /ROS_ws/install/mecha_control/include/mecha_control/mecha_control/srv
[9.726s] -- Up-to-date: /ROS_ws/install/mecha_control/include/mecha_control/mecha_control/srv/detail
[9.726s] -- Installing: /ROS_ws/install/mecha_control/include/mecha_control/mecha_control/srv/detail/mech_cmd__rosidl_typesupport_introspection_cpp.hpp
[9.726s] -- Installing: /ROS_ws/install/mecha_control/include/mecha_control/mecha_control/srv/detail/mech_cmd__type_support.cpp
[9.726s] -- Up-to-date: /ROS_ws/install/mecha_control/include/mecha_control/mecha_control/action
[9.726s] -- Up-to-date: /ROS_ws/install/mecha_control/include/mecha_control/mecha_control/action/detail
[9.726s] -- Installing: /ROS_ws/install/mecha_control/include/mecha_control/mecha_control/action/detail/mech_cmd__rosidl_typesupport_introspection_cpp.hpp
[9.726s] -- Installing: /ROS_ws/install/mecha_control/include/mecha_control/mecha_control/action/detail/mech_cmd__type_support.cpp
[9.726s] -- Up-to-date: /ROS_ws/install/mecha_control/include/mecha_control/mecha_control/msg
[9.726s] -- Up-to-date: /ROS_ws/install/mecha_control/include/mecha_control/mecha_control/msg/detail
[9.726s] -- Installing: /ROS_ws/install/mecha_control/include/mecha_control/mecha_control/msg/detail/point_and_mecha_state__rosidl_typesupport_introspection_cpp.hpp
[9.726s] -- Installing: /ROS_ws/install/mecha_control/include/mecha_control/mecha_control/msg/detail/actuator_commands__rosidl_typesupport_introspection_cpp.hpp
[9.726s] -- Installing: /ROS_ws/install/mecha_control/include/mecha_control/mecha_control/msg/detail/point_and_mecha_state_array__rosidl_typesupport_introspection_cpp.hpp
[9.726s] -- Installing: /ROS_ws/install/mecha_control/include/mecha_control/mecha_control/msg/detail/sensor_states__rosidl_typesupport_introspection_cpp.hpp
[9.726s] -- Installing: /ROS_ws/install/mecha_control/include/mecha_control/mecha_control/msg/detail/mecha_state__type_support.cpp
[9.727s] -- Installing: /ROS_ws/install/mecha_control/include/mecha_control/mecha_control/msg/detail/actuator_commands__type_support.cpp
[9.727s] -- Installing: /ROS_ws/install/mecha_control/include/mecha_control/mecha_control/msg/detail/mecha_state__rosidl_typesupport_introspection_cpp.hpp
[9.727s] -- Installing: /ROS_ws/install/mecha_control/include/mecha_control/mecha_control/msg/detail/point_and_mecha_state_array__type_support.cpp
[9.727s] -- Installing: /ROS_ws/install/mecha_control/include/mecha_control/mecha_control/msg/detail/sensor_states__type_support.cpp
[9.727s] -- Installing: /ROS_ws/install/mecha_control/include/mecha_control/mecha_control/msg/detail/point_and_mecha_state__type_support.cpp
[9.727s] -- Installing: /ROS_ws/install/mecha_control/lib/libmecha_control__rosidl_typesupport_introspection_cpp.so
[9.727s] -- Set runtime path of "/ROS_ws/install/mecha_control/lib/libmecha_control__rosidl_typesupport_introspection_cpp.so" to ""
[9.727s] -- Installing: /ROS_ws/install/mecha_control/lib/libmecha_control__rosidl_typesupport_cpp.so
[9.727s] -- Set runtime path of "/ROS_ws/install/mecha_control/lib/libmecha_control__rosidl_typesupport_cpp.so" to ""
[9.727s] -- Up-to-date: /ROS_ws/install/mecha_control/share/mecha_control/environment/pythonpath.sh
[9.727s] -- Installing: /ROS_ws/install/mecha_control/share/mecha_control/environment/pythonpath.dsv
[9.727s] -- Up-to-date: /ROS_ws/install/mecha_control/local/lib/python3.10/dist-packages/mecha_control-0.0.0-py3.10.egg-info
[9.727s] -- Installing: /ROS_ws/install/mecha_control/local/lib/python3.10/dist-packages/mecha_control-0.0.0-py3.10.egg-info/SOURCES.txt
[9.728s] -- Installing: /ROS_ws/install/mecha_control/local/lib/python3.10/dist-packages/mecha_control-0.0.0-py3.10.egg-info/dependency_links.txt
[9.728s] -- Installing: /ROS_ws/install/mecha_control/local/lib/python3.10/dist-packages/mecha_control-0.0.0-py3.10.egg-info/PKG-INFO
[9.728s] -- Installing: /ROS_ws/install/mecha_control/local/lib/python3.10/dist-packages/mecha_control-0.0.0-py3.10.egg-info/top_level.txt
[9.728s] -- Up-to-date: /ROS_ws/install/mecha_control/local/lib/python3.10/dist-packages/mecha_control
[9.728s] -- Installing: /ROS_ws/install/mecha_control/local/lib/python3.10/dist-packages/mecha_control/mecha_control_s__rosidl_typesupport_introspection_c.cpython-310-x86_64-linux-gnu.so
[9.728s] -- Up-to-date: /ROS_ws/install/mecha_control/local/lib/python3.10/dist-packages/mecha_control/srv
[9.728s] -- Installing: /ROS_ws/install/mecha_control/local/lib/python3.10/dist-packages/mecha_control/srv/_mech_cmd_s.c
[9.728s] -- Installing: /ROS_ws/install/mecha_control/local/lib/python3.10/dist-packages/mecha_control/srv/__init__.py
[9.728s] -- Installing: /ROS_ws/install/mecha_control/local/lib/python3.10/dist-packages/mecha_control/srv/_mech_cmd.py
[9.728s] -- Installing: /ROS_ws/install/mecha_control/local/lib/python3.10/dist-packages/mecha_control/_mecha_control_s.ep.rosidl_typesupport_fastrtps_c.c
[9.728s] -- Up-to-date: /ROS_ws/install/mecha_control/local/lib/python3.10/dist-packages/mecha_control/action
[9.728s] -- Installing: /ROS_ws/install/mecha_control/local/lib/python3.10/dist-packages/mecha_control/action/_mech_cmd_s.c
[9.728s] -- Installing: /ROS_ws/install/mecha_control/local/lib/python3.10/dist-packages/mecha_control/action/__init__.py
[9.729s] -- Installing: /ROS_ws/install/mecha_control/local/lib/python3.10/dist-packages/mecha_control/action/_mech_cmd.py
[9.729s] -- Installing: /ROS_ws/install/mecha_control/local/lib/python3.10/dist-packages/mecha_control/libmecha_control__rosidl_generator_py.so
[9.729s] -- Installing: /ROS_ws/install/mecha_control/local/lib/python3.10/dist-packages/mecha_control/__init__.py
[9.729s] -- Up-to-date: /ROS_ws/install/mecha_control/local/lib/python3.10/dist-packages/mecha_control/msg
[9.729s] -- Installing: /ROS_ws/install/mecha_control/local/lib/python3.10/dist-packages/mecha_control/msg/_point_and_mecha_state_array.py
[9.729s] -- Installing: /ROS_ws/install/mecha_control/local/lib/python3.10/dist-packages/mecha_control/msg/_sensor_states.py
[9.729s] -- Installing: /ROS_ws/install/mecha_control/local/lib/python3.10/dist-packages/mecha_control/msg/_point_and_mecha_state_array_s.c
[9.729s] -- Installing: /ROS_ws/install/mecha_control/local/lib/python3.10/dist-packages/mecha_control/msg/_mecha_state_s.c
[9.729s] -- Installing: /ROS_ws/install/mecha_control/local/lib/python3.10/dist-packages/mecha_control/msg/_sensor_states_s.c
[9.729s] -- Installing: /ROS_ws/install/mecha_control/local/lib/python3.10/dist-packages/mecha_control/msg/_actuator_commands.py
[9.729s] -- Installing: /ROS_ws/install/mecha_control/local/lib/python3.10/dist-packages/mecha_control/msg/__init__.py
[9.729s] -- Installing: /ROS_ws/install/mecha_control/local/lib/python3.10/dist-packages/mecha_control/msg/_point_and_mecha_state_s.c
[9.729s] -- Installing: /ROS_ws/install/mecha_control/local/lib/python3.10/dist-packages/mecha_control/msg/_point_and_mecha_state.py
[9.730s] -- Installing: /ROS_ws/install/mecha_control/local/lib/python3.10/dist-packages/mecha_control/msg/_actuator_commands_s.c
[9.730s] -- Installing: /ROS_ws/install/mecha_control/local/lib/python3.10/dist-packages/mecha_control/msg/_mecha_state.py
[9.730s] -- Installing: /ROS_ws/install/mecha_control/local/lib/python3.10/dist-packages/mecha_control/mecha_control_s__rosidl_typesupport_c.cpython-310-x86_64-linux-gnu.so
[9.730s] -- Installing: /ROS_ws/install/mecha_control/local/lib/python3.10/dist-packages/mecha_control/mecha_control_s__rosidl_typesupport_fastrtps_c.cpython-310-x86_64-linux-gnu.so
[9.730s] -- Installing: /ROS_ws/install/mecha_control/local/lib/python3.10/dist-packages/mecha_control/_mecha_control_s.ep.rosidl_typesupport_c.c
[9.730s] -- Installing: /ROS_ws/install/mecha_control/local/lib/python3.10/dist-packages/mecha_control/_mecha_control_s.ep.rosidl_typesupport_introspection_c.c
[9.760s] Listing '/ROS_ws/install/mecha_control/local/lib/python3.10/dist-packages/mecha_control'...
[9.760s] Compiling '/ROS_ws/install/mecha_control/local/lib/python3.10/dist-packages/mecha_control/__init__.py'...
[9.760s] Listing '/ROS_ws/install/mecha_control/local/lib/python3.10/dist-packages/mecha_control/action'...
[9.760s] Compiling '/ROS_ws/install/mecha_control/local/lib/python3.10/dist-packages/mecha_control/action/__init__.py'...
[9.760s] Compiling '/ROS_ws/install/mecha_control/local/lib/python3.10/dist-packages/mecha_control/action/_mech_cmd.py'...
[9.760s] Listing '/ROS_ws/install/mecha_control/local/lib/python3.10/dist-packages/mecha_control/msg'...
[9.760s] Compiling '/ROS_ws/install/mecha_control/local/lib/python3.10/dist-packages/mecha_control/msg/__init__.py'...
[9.760s] Compiling '/ROS_ws/install/mecha_control/local/lib/python3.10/dist-packages/mecha_control/msg/_actuator_commands.py'...
[9.760s] Compiling '/ROS_ws/install/mecha_control/local/lib/python3.10/dist-packages/mecha_control/msg/_mecha_state.py'...
[9.760s] Compiling '/ROS_ws/install/mecha_control/local/lib/python3.10/dist-packages/mecha_control/msg/_point_and_mecha_state.py'...
[9.760s] Compiling '/ROS_ws/install/mecha_control/local/lib/python3.10/dist-packages/mecha_control/msg/_point_and_mecha_state_array.py'...
[9.760s] Compiling '/ROS_ws/install/mecha_control/local/lib/python3.10/dist-packages/mecha_control/msg/_sensor_states.py'...
[9.760s] Listing '/ROS_ws/install/mecha_control/local/lib/python3.10/dist-packages/mecha_control/srv'...
[9.760s] Compiling '/ROS_ws/install/mecha_control/local/lib/python3.10/dist-packages/mecha_control/srv/__init__.py'...
[9.760s] Compiling '/ROS_ws/install/mecha_control/local/lib/python3.10/dist-packages/mecha_control/srv/_mech_cmd.py'...
[9.763s] -- Installing: /ROS_ws/install/mecha_control/local/lib/python3.10/dist-packages/mecha_control/mecha_control_s__rosidl_typesupport_fastrtps_c.cpython-310-x86_64-linux-gnu.so
[9.763s] -- Set runtime path of "/ROS_ws/install/mecha_control/local/lib/python3.10/dist-packages/mecha_control/mecha_control_s__rosidl_typesupport_fastrtps_c.cpython-310-x86_64-linux-gnu.so" to ""
[9.763s] -- Installing: /ROS_ws/install/mecha_control/local/lib/python3.10/dist-packages/mecha_control/mecha_control_s__rosidl_typesupport_introspection_c.cpython-310-x86_64-linux-gnu.so
[9.763s] -- Set runtime path of "/ROS_ws/install/mecha_control/local/lib/python3.10/dist-packages/mecha_control/mecha_control_s__rosidl_typesupport_introspection_c.cpython-310-x86_64-linux-gnu.so" to ""
[9.764s] -- Installing: /ROS_ws/install/mecha_control/local/lib/python3.10/dist-packages/mecha_control/mecha_control_s__rosidl_typesupport_c.cpython-310-x86_64-linux-gnu.so
[9.764s] -- Set runtime path of "/ROS_ws/install/mecha_control/local/lib/python3.10/dist-packages/mecha_control/mecha_control_s__rosidl_typesupport_c.cpython-310-x86_64-linux-gnu.so" to ""
[9.764s] -- Installing: /ROS_ws/install/mecha_control/lib/libmecha_control__rosidl_generator_py.so
[9.764s] -- Set runtime path of "/ROS_ws/install/mecha_control/lib/libmecha_control__rosidl_generator_py.so" to ""
[9.764s] -- Up-to-date: /ROS_ws/install/mecha_control/share/mecha_control/msg/SensorStates.idl
[9.764s] -- Up-to-date: /ROS_ws/install/mecha_control/share/mecha_control/msg/ActuatorCommands.idl
[9.764s] -- Up-to-date: /ROS_ws/install/mecha_control/share/mecha_control/msg/MechaState.idl
[9.764s] -- Up-to-date: /ROS_ws/install/mecha_control/share/mecha_control/msg/PointAndMechaState.idl
[9.764s] -- Up-to-date: /ROS_ws/install/mecha_control/share/mecha_control/msg/PointAndMechaStateArray.idl
[9.764s] -- Up-to-date: /ROS_ws/install/mecha_control/share/mecha_control/srv/MechCmd.idl
[9.764s] -- Installing: /ROS_ws/install/mecha_control/share/mecha_control/action/MechCmd.idl
[9.765s] -- Up-to-date: /ROS_ws/install/mecha_control/share/mecha_control/msg/SensorStates.msg
[9.765s] -- Up-to-date: /ROS_ws/install/mecha_control/share/mecha_control/msg/ActuatorCommands.msg
[9.765s] -- Up-to-date: /ROS_ws/install/mecha_control/share/mecha_control/msg/MechaState.msg
[9.765s] -- Up-to-date: /ROS_ws/install/mecha_control/share/mecha_control/msg/PointAndMechaState.msg
[9.765s] -- Up-to-date: /ROS_ws/install/mecha_control/share/mecha_control/msg/PointAndMechaStateArray.msg
[9.765s] -- Up-to-date: /ROS_ws/install/mecha_control/share/mecha_control/srv/MechCmd.srv
[9.765s] -- Up-to-date: /ROS_ws/install/mecha_control/share/mecha_control/srv/MechCmd_Request.msg
[9.765s] -- Up-to-date: /ROS_ws/install/mecha_control/share/mecha_control/srv/MechCmd_Response.msg
[9.765s] -- Installing: /ROS_ws/install/mecha_control/share/mecha_control/action/MechCmd.action
[9.765s] -- Installing: /ROS_ws/install/mecha_control/lib/mecha_control/cmd_seq
[9.768s] -- Set runtime path of "/ROS_ws/install/mecha_control/lib/mecha_control/cmd_seq" to ""
[9.768s] -- Up-to-date: /ROS_ws/install/mecha_control/lib/mecha_control/mecha_control_node.py
[9.768s] -- Up-to-date: /ROS_ws/install/mecha_control/lib/mecha_control/dummy_node.py
[9.768s] -- Up-to-date: /ROS_ws/install/mecha_control/lib/mecha_control/debug_controller.py
[9.768s] -- Up-to-date: /ROS_ws/install/mecha_control/lib/mecha_control/debug_sequence_controller.py
[9.768s] -- Up-to-date: /ROS_ws/install/mecha_control/lib/mecha_control/path_command_publisher.py
[9.769s] -- Up-to-date: /ROS_ws/install/mecha_control/share/ament_index/resource_index/package_run_dependencies/mecha_control
[9.769s] -- Up-to-date: /ROS_ws/install/mecha_control/share/ament_index/resource_index/parent_prefix_path/mecha_control
[9.769s] -- Up-to-date: /ROS_ws/install/mecha_control/share/mecha_control/environment/ament_prefix_path.sh
[9.769s] -- Installing: /ROS_ws/install/mecha_control/share/mecha_control/environment/ament_prefix_path.dsv
[9.769s] -- Up-to-date: /ROS_ws/install/mecha_control/share/mecha_control/environment/path.sh
[9.769s] -- Installing: /ROS_ws/install/mecha_control/share/mecha_control/environment/path.dsv
[9.769s] -- Up-to-date: /ROS_ws/install/mecha_control/share/mecha_control/local_setup.bash
[9.769s] -- Up-to-date: /ROS_ws/install/mecha_control/share/mecha_control/local_setup.sh
[9.769s] -- Up-to-date: /ROS_ws/install/mecha_control/share/mecha_control/local_setup.zsh
[9.769s] -- Installing: /ROS_ws/install/mecha_control/share/mecha_control/local_setup.dsv
[9.769s] -- Installing: /ROS_ws/install/mecha_control/share/mecha_control/package.dsv
[9.769s] -- Up-to-date: /ROS_ws/install/mecha_control/share/ament_index/resource_index/packages/mecha_control
[9.769s] -- Up-to-date: /ROS_ws/install/mecha_control/share/mecha_control/cmake/export_mecha_control__rosidl_generator_cExport.cmake
[9.769s] -- Up-to-date: /ROS_ws/install/mecha_control/share/mecha_control/cmake/export_mecha_control__rosidl_generator_cExport-noconfig.cmake
[9.769s] -- Up-to-date: /ROS_ws/install/mecha_control/share/mecha_control/cmake/export_mecha_control__rosidl_typesupport_fastrtps_cExport.cmake
[9.769s] -- Up-to-date: /ROS_ws/install/mecha_control/share/mecha_control/cmake/export_mecha_control__rosidl_typesupport_fastrtps_cExport-noconfig.cmake
[9.769s] -- Up-to-date: /ROS_ws/install/mecha_control/share/mecha_control/cmake/export_mecha_control__rosidl_generator_cppExport.cmake
[9.770s] -- Up-to-date: /ROS_ws/install/mecha_control/share/mecha_control/cmake/export_mecha_control__rosidl_typesupport_fastrtps_cppExport.cmake
[9.770s] -- Up-to-date: /ROS_ws/install/mecha_control/share/mecha_control/cmake/export_mecha_control__rosidl_typesupport_fastrtps_cppExport-noconfig.cmake
[9.770s] -- Up-to-date: /ROS_ws/install/mecha_control/share/mecha_control/cmake/mecha_control__rosidl_typesupport_introspection_cExport.cmake
[9.770s] -- Up-to-date: /ROS_ws/install/mecha_control/share/mecha_control/cmake/mecha_control__rosidl_typesupport_introspection_cExport-noconfig.cmake
[9.770s] -- Up-to-date: /ROS_ws/install/mecha_control/share/mecha_control/cmake/mecha_control__rosidl_typesupport_cExport.cmake
[9.770s] -- Up-to-date: /ROS_ws/install/mecha_control/share/mecha_control/cmake/mecha_control__rosidl_typesupport_cExport-noconfig.cmake
[9.770s] -- Up-to-date: /ROS_ws/install/mecha_control/share/mecha_control/cmake/mecha_control__rosidl_typesupport_introspection_cppExport.cmake
[9.770s] -- Up-to-date: /ROS_ws/install/mecha_control/share/mecha_control/cmake/mecha_control__rosidl_typesupport_introspection_cppExport-noconfig.cmake
[9.770s] -- Up-to-date: /ROS_ws/install/mecha_control/share/mecha_control/cmake/mecha_control__rosidl_typesupport_cppExport.cmake
[9.770s] -- Up-to-date: /ROS_ws/install/mecha_control/share/mecha_control/cmake/mecha_control__rosidl_typesupport_cppExport-noconfig.cmake
[9.770s] -- Up-to-date: /ROS_ws/install/mecha_control/share/mecha_control/cmake/export_mecha_control__rosidl_generator_pyExport.cmake
[9.770s] -- Up-to-date: /ROS_ws/install/mecha_control/share/mecha_control/cmake/export_mecha_control__rosidl_generator_pyExport-noconfig.cmake
[9.770s] -- Up-to-date: /ROS_ws/install/mecha_control/share/mecha_control/cmake/rosidl_cmake-extras.cmake
[9.770s] -- Up-to-date: /ROS_ws/install/mecha_control/share/mecha_control/cmake/ament_cmake_export_dependencies-extras.cmake
[9.770s] -- Up-to-date: /ROS_ws/install/mecha_control/share/mecha_control/cmake/ament_cmake_export_include_directories-extras.cmake
[9.770s] -- Up-to-date: /ROS_ws/install/mecha_control/share/mecha_control/cmake/ament_cmake_export_libraries-extras.cmake
[9.770s] -- Up-to-date: /ROS_ws/install/mecha_control/share/mecha_control/cmake/ament_cmake_export_targets-extras.cmake
[9.770s] -- Up-to-date: /ROS_ws/install/mecha_control/share/mecha_control/cmake/rosidl_cmake_export_typesupport_targets-extras.cmake
[9.771s] -- Up-to-date: /ROS_ws/install/mecha_control/share/mecha_control/cmake/rosidl_cmake_export_typesupport_libraries-extras.cmake
[9.771s] -- Up-to-date: /ROS_ws/install/mecha_control/share/mecha_control/cmake/mecha_controlConfig.cmake
[9.771s] -- Up-to-date: /ROS_ws/install/mecha_control/share/mecha_control/cmake/mecha_controlConfig-version.cmake
[9.771s] -- Up-to-date: /ROS_ws/install/mecha_control/share/mecha_control/package.xml
[9.773s] Invoked command in '/ROS_ws/build/mecha_control' returned '0': CMAKE_PREFIX_PATH=${CMAKE_PREFIX_PATH}:/opt/ros/humble /usr/bin/cmake --install /ROS_ws/build/mecha_control
