-- Found ament_cmake: 1.3.3 (/opt/ros/humble/share/ament_cmake/cmake)
-- Found rclcpp: 16.0.3 (/opt/ros/humble/share/rclcpp/cmake)
-- Found rosidl_generator_c: 3.1.4 (/opt/ros/humble/share/rosidl_generator_c/cmake)
-- Found rosidl_adapter: 3.1.4 (/opt/ros/humble/share/rosidl_adapter/cmake)
-- Found rosidl_generator_cpp: 3.1.4 (/opt/ros/humble/share/rosidl_generator_cpp/cmake)
-- Using all available rosidl_typesupport_c: rosidl_typesupport_fastrtps_c;rosidl_typesupport_introspection_c
-- Using all available rosidl_typesupport_cpp: rosidl_typesupport_fastrtps_cpp;rosidl_typesupport_introspection_cpp
-- Found rmw_implementation_cmake: 6.1.1 (/opt/ros/humble/share/rmw_implementation_cmake/cmake)
-- Found rmw_fastrtps_cpp: 6.2.2 (/opt/ros/humble/share/rmw_fastrtps_cpp/cmake)
-- Using RMW implementation 'rmw_fastrtps_cpp' as default
-- Found rclpy: 3.3.7 (/opt/ros/humble/share/rclpy/cmake)
-- Found nav_msgs: 4.2.3 (/opt/ros/humble/share/nav_msgs/cmake)
-- Found mecha_control: 0.0.0 (/ROS_ws/install/mecha_control/share/mecha_control/cmake)
-- Found robot_master: 0.0.0 (/ROS_ws/install/robot_master/share/robot_master/cmake)
-- Found rosidl_default_generators: 1.2.0 (/opt/ros/humble/share/rosidl_default_generators/cmake)
-- Found ament_cmake_ros: 0.10.0 (/opt/ros/humble/share/ament_cmake_ros/cmake)
-- Using all available rosidl_typesupport_c: rosidl_typesupport_fastrtps_c;rosidl_typesupport_introspection_c
-- Using all available rosidl_typesupport_cpp: rosidl_typesupport_fastrtps_cpp;rosidl_typesupport_introspection_cpp
-- Found PythonInterp: /usr/bin/python3 (found suitable version "3.10.6", minimum required is "3.6") 
-- Found python_cmake_module: 0.10.0 (/opt/ros/humble/share/python_cmake_module/cmake)
-- Found PythonLibs: /usr/lib/x86_64-linux-gnu/libpython3.10.so (found suitable version "3.10.6", minimum required is "3.5") 
-- Using PYTHON_EXECUTABLE: /usr/bin/python3
-- Using PYTHON_INCLUDE_DIRS: /usr/include/python3.10
-- Using PYTHON_LIBRARIES: /usr/lib/x86_64-linux-gnu/libpython3.10.so
-- Found PythonExtra: .so  
-- Found ament_lint_auto: 0.12.5 (/opt/ros/humble/share/ament_lint_auto/cmake)
-- Added test 'cppcheck' to perform static code analysis on C / C++ code
-- Configured cppcheck include dirs: 
-- Configured cppcheck exclude dirs and/or files: 
-- Added test 'flake8' to check Python code syntax and style conventions
-- Added test 'lint_cmake' to check CMake code style
-- Added test 'pep257' to check Python code against some of the docstring style conventions in PEP 257
-- Added test 'uncrustify' to check C / C++ code style
-- Configured uncrustify additional arguments: 
-- Added test 'xmllint' to check XML markup files
-- Configuring done
-- Generating done
-- Build files have been written to: /ROS_ws/build/pure_pursuit
[  2%] [34m[1mGenerating C code for ROS interfaces[0m
[  4%] [34m[1mGenerating C++ code for ROS interfaces[0m
[  4%] Built target ament_cmake_python_copy_pure_pursuit
running egg_info
creating pure_pursuit.egg-info
writing pure_pursuit.egg-info/PKG-INFO
writing dependency_links to pure_pursuit.egg-info/dependency_links.txt
writing top-level names to pure_pursuit.egg-info/top_level.txt
writing manifest file 'pure_pursuit.egg-info/SOURCES.txt'
reading manifest file 'pure_pursuit.egg-info/SOURCES.txt'
writing manifest file 'pure_pursuit.egg-info/SOURCES.txt'
[  4%] Built target ament_cmake_python_build_pure_pursuit_egg
[  4%] Built target pure_pursuit__cpp
[  6%] [34m[1mGenerating C++ type support dispatch for ROS interfaces[0m
[  8%] [34m[1mGenerating C++ introspection for ROS interfaces[0m
[ 10%] [34m[1mGenerating C++ type support for eProsima Fast-RTPS[0m
[ 12%] [32mBuilding C object CMakeFiles/pure_pursuit__rosidl_generator_c.dir/rosidl_generator_c/pure_pursuit/msg/detail/point_and_angle__functions.c.o[0m
[ 14%] [32mBuilding CXX object CMakeFiles/pure_pursuit__rosidl_typesupport_cpp.dir/rosidl_typesupport_cpp/pure_pursuit/msg/point_and_angle__type_support.cpp.o[0m
[ 17%] [32mBuilding C object CMakeFiles/pure_pursuit__rosidl_generator_c.dir/rosidl_generator_c/pure_pursuit/action/detail/path_and_feedback__functions.c.o[0m
[ 19%] [32mBuilding C object CMakeFiles/pure_pursuit__rosidl_generator_c.dir/rosidl_generator_c/pure_pursuit/msg/detail/path2_d_with_angles__functions.c.o[0m
[ 21%] [32mBuilding CXX object CMakeFiles/pure_pursuit__rosidl_typesupport_cpp.dir/rosidl_typesupport_cpp/pure_pursuit/msg/path2_d_with_angles__type_support.cpp.o[0m
[ 23%] [32mBuilding CXX object CMakeFiles/pure_pursuit__rosidl_typesupport_cpp.dir/rosidl_typesupport_cpp/pure_pursuit/action/path_and_feedback__type_support.cpp.o[0m
[ 25%] [32mBuilding CXX object CMakeFiles/pure_pursuit__rosidl_typesupport_introspection_cpp.dir/rosidl_typesupport_introspection_cpp/pure_pursuit/msg/detail/point_and_angle__type_support.cpp.o[0m
[ 27%] [32mBuilding CXX object CMakeFiles/pure_pursuit__rosidl_typesupport_introspection_cpp.dir/rosidl_typesupport_introspection_cpp/pure_pursuit/msg/detail/path2_d_with_angles__type_support.cpp.o[0m
[ 29%] [32mBuilding CXX object CMakeFiles/pure_pursuit__rosidl_typesupport_introspection_cpp.dir/rosidl_typesupport_introspection_cpp/pure_pursuit/action/detail/path_and_feedback__type_support.cpp.o[0m
[ 31%] [32m[1mLinking C shared library libpure_pursuit__rosidl_generator_c.so[0m
[ 36%] [32mBuilding CXX object CMakeFiles/pure_pursuit__rosidl_typesupport_fastrtps_cpp.dir/rosidl_typesupport_fastrtps_cpp/pure_pursuit/msg/detail/dds_fastrtps/path2_d_with_angles__type_support.cpp.o[0m
[ 36%] [32mBuilding CXX object CMakeFiles/pure_pursuit__rosidl_typesupport_fastrtps_cpp.dir/rosidl_typesupport_fastrtps_cpp/pure_pursuit/action/detail/dds_fastrtps/path_and_feedback__type_support.cpp.o[0m
[ 36%] Built target pure_pursuit__rosidl_generator_c
[ 38%] [32mBuilding CXX object CMakeFiles/pure_pursuit__rosidl_typesupport_fastrtps_cpp.dir/rosidl_typesupport_fastrtps_cpp/pure_pursuit/msg/detail/dds_fastrtps/point_and_angle__type_support.cpp.o[0m
[ 40%] [34m[1mGenerating C type support for eProsima Fast-RTPS[0m
[ 42%] [34m[1mGenerating C type support dispatch for ROS interfaces[0m
[ 44%] [34m[1mGenerating C introspection for ROS interfaces[0m
[ 46%] [32m[1mLinking CXX shared library libpure_pursuit__rosidl_typesupport_cpp.so[0m
[ 46%] Built target pure_pursuit__rosidl_typesupport_cpp
[ 48%] [32mBuilding CXX object CMakeFiles/pure_pursuit__rosidl_typesupport_c.dir/rosidl_typesupport_c/pure_pursuit/action/path_and_feedback__type_support.cpp.o[0m
[ 51%] [32mBuilding CXX object CMakeFiles/pure_pursuit__rosidl_typesupport_c.dir/rosidl_typesupport_c/pure_pursuit/msg/path2_d_with_angles__type_support.cpp.o[0m
[ 53%] [32mBuilding CXX object CMakeFiles/pure_pursuit__rosidl_typesupport_c.dir/rosidl_typesupport_c/pure_pursuit/msg/point_and_angle__type_support.cpp.o[0m
[ 55%] [32m[1mLinking CXX shared library libpure_pursuit__rosidl_typesupport_c.so[0m
[ 57%] [32m[1mLinking CXX shared library libpure_pursuit__rosidl_typesupport_introspection_cpp.so[0m
[ 57%] Built target pure_pursuit__rosidl_typesupport_c
[ 59%] [32mBuilding C object CMakeFiles/pure_pursuit__rosidl_typesupport_introspection_c.dir/rosidl_typesupport_introspection_c/pure_pursuit/msg/detail/point_and_angle__type_support.c.o[0m
[ 61%] [32mBuilding C object CMakeFiles/pure_pursuit__rosidl_typesupport_introspection_c.dir/rosidl_typesupport_introspection_c/pure_pursuit/msg/detail/path2_d_with_angles__type_support.c.o[0m
[ 63%] [32mBuilding C object CMakeFiles/pure_pursuit__rosidl_typesupport_introspection_c.dir/rosidl_typesupport_introspection_c/pure_pursuit/action/detail/path_and_feedback__type_support.c.o[0m
[ 63%] Built target pure_pursuit__rosidl_typesupport_introspection_cpp
[ 65%] [32mBuilding CXX object CMakeFiles/pure_pursuit__rosidl_typesupport_fastrtps_c.dir/rosidl_typesupport_fastrtps_c/pure_pursuit/msg/detail/path2_d_with_angles__type_support_c.cpp.o[0m
[ 68%] [32mBuilding CXX object CMakeFiles/pure_pursuit__rosidl_typesupport_fastrtps_c.dir/rosidl_typesupport_fastrtps_c/pure_pursuit/action/detail/path_and_feedback__type_support_c.cpp.o[0m
[ 70%] [32m[1mLinking C shared library libpure_pursuit__rosidl_typesupport_introspection_c.so[0m
[ 72%] [32mBuilding CXX object CMakeFiles/pure_pursuit__rosidl_typesupport_fastrtps_c.dir/rosidl_typesupport_fastrtps_c/pure_pursuit/msg/detail/point_and_angle__type_support_c.cpp.o[0m
[ 74%] [32m[1mLinking CXX shared library libpure_pursuit__rosidl_typesupport_fastrtps_cpp.so[0m
[ 74%] Built target pure_pursuit__rosidl_typesupport_introspection_c
[ 74%] Built target pure_pursuit__rosidl_typesupport_fastrtps_cpp
[ 76%] [32m[1mLinking CXX shared library libpure_pursuit__rosidl_typesupport_fastrtps_c.so[0m
[ 76%] Built target pure_pursuit__rosidl_typesupport_fastrtps_c
[ 76%] Built target pure_pursuit
[ 78%] [34m[1mGenerating Python code for ROS interfaces[0m
[ 78%] Built target pure_pursuit__py
[ 80%] [32mBuilding C object CMakeFiles/pure_pursuit__rosidl_generator_py.dir/rosidl_generator_py/pure_pursuit/msg/_point_and_angle_s.c.o[0m
[ 82%] [32mBuilding C object CMakeFiles/pure_pursuit__rosidl_generator_py.dir/rosidl_generator_py/pure_pursuit/msg/_path2_d_with_angles_s.c.o[0m
[ 85%] [32mBuilding C object CMakeFiles/pure_pursuit__rosidl_generator_py.dir/rosidl_generator_py/pure_pursuit/action/_path_and_feedback_s.c.o[0m
[ 87%] [32m[1mLinking C shared library rosidl_generator_py/pure_pursuit/libpure_pursuit__rosidl_generator_py.so[0m
[ 87%] Built target pure_pursuit__rosidl_generator_py
[ 89%] [32mBuilding C object CMakeFiles/pure_pursuit__rosidl_typesupport_c__pyext.dir/rosidl_generator_py/pure_pursuit/_pure_pursuit_s.ep.rosidl_typesupport_c.c.o[0m
[ 91%] [32mBuilding C object CMakeFiles/pure_pursuit__rosidl_typesupport_fastrtps_c__pyext.dir/rosidl_generator_py/pure_pursuit/_pure_pursuit_s.ep.rosidl_typesupport_fastrtps_c.c.o[0m
[ 93%] [32mBuilding C object CMakeFiles/pure_pursuit__rosidl_typesupport_introspection_c__pyext.dir/rosidl_generator_py/pure_pursuit/_pure_pursuit_s.ep.rosidl_typesupport_introspection_c.c.o[0m
[ 95%] [32m[1mLinking C shared library rosidl_generator_py/pure_pursuit/pure_pursuit_s__rosidl_typesupport_fastrtps_c.cpython-310-x86_64-linux-gnu.so[0m
[ 97%] [32m[1mLinking C shared library rosidl_generator_py/pure_pursuit/pure_pursuit_s__rosidl_typesupport_c.cpython-310-x86_64-linux-gnu.so[0m
[100%] [32m[1mLinking C shared library rosidl_generator_py/pure_pursuit/pure_pursuit_s__rosidl_typesupport_introspection_c.cpython-310-x86_64-linux-gnu.so[0m
[100%] Built target pure_pursuit__rosidl_typesupport_fastrtps_c__pyext
[100%] Built target pure_pursuit__rosidl_typesupport_c__pyext
[100%] Built target pure_pursuit__rosidl_typesupport_introspection_c__pyext
-- Install configuration: ""
-- Installing: /ROS_ws/install/pure_pursuit/share/ament_index/resource_index/rosidl_interfaces/pure_pursuit
-- Installing: /ROS_ws/install/pure_pursuit/include/pure_pursuit/pure_pursuit
-- Installing: /ROS_ws/install/pure_pursuit/include/pure_pursuit/pure_pursuit/action
-- Installing: /ROS_ws/install/pure_pursuit/include/pure_pursuit/pure_pursuit/action/detail
-- Installing: /ROS_ws/install/pure_pursuit/include/pure_pursuit/pure_pursuit/action/detail/path_and_feedback__struct.h
-- Installing: /ROS_ws/install/pure_pursuit/include/pure_pursuit/pure_pursuit/action/detail/path_and_feedback__functions.c
-- Installing: /ROS_ws/install/pure_pursuit/include/pure_pursuit/pure_pursuit/action/detail/path_and_feedback__functions.h
-- Installing: /ROS_ws/install/pure_pursuit/include/pure_pursuit/pure_pursuit/action/detail/path_and_feedback__type_support.h
-- Installing: /ROS_ws/install/pure_pursuit/include/pure_pursuit/pure_pursuit/action/path_and_feedback.h
-- Installing: /ROS_ws/install/pure_pursuit/include/pure_pursuit/pure_pursuit/msg
-- Installing: /ROS_ws/install/pure_pursuit/include/pure_pursuit/pure_pursuit/msg/rosidl_generator_c__visibility_control.h
-- Installing: /ROS_ws/install/pure_pursuit/include/pure_pursuit/pure_pursuit/msg/detail
-- Installing: /ROS_ws/install/pure_pursuit/include/pure_pursuit/pure_pursuit/msg/detail/point_and_angle__type_support.h
-- Installing: /ROS_ws/install/pure_pursuit/include/pure_pursuit/pure_pursuit/msg/detail/path2_d_with_angles__functions.c
-- Installing: /ROS_ws/install/pure_pursuit/include/pure_pursuit/pure_pursuit/msg/detail/point_and_angle__functions.h
-- Installing: /ROS_ws/install/pure_pursuit/include/pure_pursuit/pure_pursuit/msg/detail/path2_d_with_angles__functions.h
-- Installing: /ROS_ws/install/pure_pursuit/include/pure_pursuit/pure_pursuit/msg/detail/path2_d_with_angles__struct.h
-- Installing: /ROS_ws/install/pure_pursuit/include/pure_pursuit/pure_pursuit/msg/detail/path2_d_with_angles__type_support.h
-- Installing: /ROS_ws/install/pure_pursuit/include/pure_pursuit/pure_pursuit/msg/detail/point_and_angle__functions.c
-- Installing: /ROS_ws/install/pure_pursuit/include/pure_pursuit/pure_pursuit/msg/detail/point_and_angle__struct.h
-- Installing: /ROS_ws/install/pure_pursuit/include/pure_pursuit/pure_pursuit/msg/point_and_angle.h
-- Installing: /ROS_ws/install/pure_pursuit/include/pure_pursuit/pure_pursuit/msg/path2_d_with_angles.h
-- Installing: /ROS_ws/install/pure_pursuit/share/pure_pursuit/environment/library_path.sh
-- Installing: /ROS_ws/install/pure_pursuit/share/pure_pursuit/environment/library_path.dsv
-- Installing: /ROS_ws/install/pure_pursuit/lib/libpure_pursuit__rosidl_generator_c.so
-- Set runtime path of "/ROS_ws/install/pure_pursuit/lib/libpure_pursuit__rosidl_generator_c.so" to ""
-- Up-to-date: /ROS_ws/install/pure_pursuit/include/pure_pursuit/pure_pursuit
-- Up-to-date: /ROS_ws/install/pure_pursuit/include/pure_pursuit/pure_pursuit/action
-- Up-to-date: /ROS_ws/install/pure_pursuit/include/pure_pursuit/pure_pursuit/action/detail
-- Installing: /ROS_ws/install/pure_pursuit/include/pure_pursuit/pure_pursuit/action/detail/path_and_feedback__rosidl_typesupport_fastrtps_c.h
-- Up-to-date: /ROS_ws/install/pure_pursuit/include/pure_pursuit/pure_pursuit/msg
-- Up-to-date: /ROS_ws/install/pure_pursuit/include/pure_pursuit/pure_pursuit/msg/detail
-- Installing: /ROS_ws/install/pure_pursuit/include/pure_pursuit/pure_pursuit/msg/detail/path2_d_with_angles__rosidl_typesupport_fastrtps_c.h
-- Installing: /ROS_ws/install/pure_pursuit/include/pure_pursuit/pure_pursuit/msg/detail/point_and_angle__rosidl_typesupport_fastrtps_c.h
-- Installing: /ROS_ws/install/pure_pursuit/include/pure_pursuit/pure_pursuit/msg/rosidl_typesupport_fastrtps_c__visibility_control.h
-- Installing: /ROS_ws/install/pure_pursuit/lib/libpure_pursuit__rosidl_typesupport_fastrtps_c.so
-- Set runtime path of "/ROS_ws/install/pure_pursuit/lib/libpure_pursuit__rosidl_typesupport_fastrtps_c.so" to ""
-- Up-to-date: /ROS_ws/install/pure_pursuit/include/pure_pursuit/pure_pursuit
-- Up-to-date: /ROS_ws/install/pure_pursuit/include/pure_pursuit/pure_pursuit/action
-- Up-to-date: /ROS_ws/install/pure_pursuit/include/pure_pursuit/pure_pursuit/action/detail
-- Installing: /ROS_ws/install/pure_pursuit/include/pure_pursuit/pure_pursuit/action/detail/path_and_feedback__traits.hpp
-- Installing: /ROS_ws/install/pure_pursuit/include/pure_pursuit/pure_pursuit/action/detail/path_and_feedback__builder.hpp
-- Installing: /ROS_ws/install/pure_pursuit/include/pure_pursuit/pure_pursuit/action/detail/path_and_feedback__struct.hpp
-- Installing: /ROS_ws/install/pure_pursuit/include/pure_pursuit/pure_pursuit/action/path_and_feedback.hpp
-- Up-to-date: /ROS_ws/install/pure_pursuit/include/pure_pursuit/pure_pursuit/msg
-- Installing: /ROS_ws/install/pure_pursuit/include/pure_pursuit/pure_pursuit/msg/path2_d_with_angles.hpp
-- Up-to-date: /ROS_ws/install/pure_pursuit/include/pure_pursuit/pure_pursuit/msg/detail
-- Installing: /ROS_ws/install/pure_pursuit/include/pure_pursuit/pure_pursuit/msg/detail/point_and_angle__struct.hpp
-- Installing: /ROS_ws/install/pure_pursuit/include/pure_pursuit/pure_pursuit/msg/detail/point_and_angle__builder.hpp
-- Installing: /ROS_ws/install/pure_pursuit/include/pure_pursuit/pure_pursuit/msg/detail/path2_d_with_angles__struct.hpp
-- Installing: /ROS_ws/install/pure_pursuit/include/pure_pursuit/pure_pursuit/msg/detail/point_and_angle__traits.hpp
-- Installing: /ROS_ws/install/pure_pursuit/include/pure_pursuit/pure_pursuit/msg/detail/path2_d_with_angles__builder.hpp
-- Installing: /ROS_ws/install/pure_pursuit/include/pure_pursuit/pure_pursuit/msg/detail/path2_d_with_angles__traits.hpp
-- Installing: /ROS_ws/install/pure_pursuit/include/pure_pursuit/pure_pursuit/msg/point_and_angle.hpp
-- Up-to-date: /ROS_ws/install/pure_pursuit/include/pure_pursuit/pure_pursuit
-- Up-to-date: /ROS_ws/install/pure_pursuit/include/pure_pursuit/pure_pursuit/action
-- Up-to-date: /ROS_ws/install/pure_pursuit/include/pure_pursuit/pure_pursuit/action/detail
-- Installing: /ROS_ws/install/pure_pursuit/include/pure_pursuit/pure_pursuit/action/detail/dds_fastrtps
-- Installing: /ROS_ws/install/pure_pursuit/include/pure_pursuit/pure_pursuit/action/detail/path_and_feedback__rosidl_typesupport_fastrtps_cpp.hpp
-- Up-to-date: /ROS_ws/install/pure_pursuit/include/pure_pursuit/pure_pursuit/msg
-- Installing: /ROS_ws/install/pure_pursuit/include/pure_pursuit/pure_pursuit/msg/rosidl_typesupport_fastrtps_cpp__visibility_control.h
-- Up-to-date: /ROS_ws/install/pure_pursuit/include/pure_pursuit/pure_pursuit/msg/detail
-- Installing: /ROS_ws/install/pure_pursuit/include/pure_pursuit/pure_pursuit/msg/detail/dds_fastrtps
-- Installing: /ROS_ws/install/pure_pursuit/include/pure_pursuit/pure_pursuit/msg/detail/point_and_angle__rosidl_typesupport_fastrtps_cpp.hpp
-- Installing: /ROS_ws/install/pure_pursuit/include/pure_pursuit/pure_pursuit/msg/detail/path2_d_with_angles__rosidl_typesupport_fastrtps_cpp.hpp
-- Installing: /ROS_ws/install/pure_pursuit/lib/libpure_pursuit__rosidl_typesupport_fastrtps_cpp.so
-- Set runtime path of "/ROS_ws/install/pure_pursuit/lib/libpure_pursuit__rosidl_typesupport_fastrtps_cpp.so" to ""
-- Up-to-date: /ROS_ws/install/pure_pursuit/include/pure_pursuit/pure_pursuit
-- Up-to-date: /ROS_ws/install/pure_pursuit/include/pure_pursuit/pure_pursuit/action
-- Up-to-date: /ROS_ws/install/pure_pursuit/include/pure_pursuit/pure_pursuit/action/detail
-- Installing: /ROS_ws/install/pure_pursuit/include/pure_pursuit/pure_pursuit/action/detail/path_and_feedback__rosidl_typesupport_introspection_c.h
-- Installing: /ROS_ws/install/pure_pursuit/include/pure_pursuit/pure_pursuit/action/detail/path_and_feedback__type_support.c
-- Up-to-date: /ROS_ws/install/pure_pursuit/include/pure_pursuit/pure_pursuit/msg
-- Up-to-date: /ROS_ws/install/pure_pursuit/include/pure_pursuit/pure_pursuit/msg/detail
-- Installing: /ROS_ws/install/pure_pursuit/include/pure_pursuit/pure_pursuit/msg/detail/path2_d_with_angles__rosidl_typesupport_introspection_c.h
-- Installing: /ROS_ws/install/pure_pursuit/include/pure_pursuit/pure_pursuit/msg/detail/path2_d_with_angles__type_support.c
-- Installing: /ROS_ws/install/pure_pursuit/include/pure_pursuit/pure_pursuit/msg/detail/point_and_angle__type_support.c
-- Installing: /ROS_ws/install/pure_pursuit/include/pure_pursuit/pure_pursuit/msg/detail/point_and_angle__rosidl_typesupport_introspection_c.h
-- Installing: /ROS_ws/install/pure_pursuit/include/pure_pursuit/pure_pursuit/msg/rosidl_typesupport_introspection_c__visibility_control.h
-- Installing: /ROS_ws/install/pure_pursuit/lib/libpure_pursuit__rosidl_typesupport_introspection_c.so
-- Set runtime path of "/ROS_ws/install/pure_pursuit/lib/libpure_pursuit__rosidl_typesupport_introspection_c.so" to ""
-- Installing: /ROS_ws/install/pure_pursuit/lib/libpure_pursuit__rosidl_typesupport_c.so
-- Set runtime path of "/ROS_ws/install/pure_pursuit/lib/libpure_pursuit__rosidl_typesupport_c.so" to ""
-- Up-to-date: /ROS_ws/install/pure_pursuit/include/pure_pursuit/pure_pursuit
-- Up-to-date: /ROS_ws/install/pure_pursuit/include/pure_pursuit/pure_pursuit/action
-- Up-to-date: /ROS_ws/install/pure_pursuit/include/pure_pursuit/pure_pursuit/action/detail
-- Installing: /ROS_ws/install/pure_pursuit/include/pure_pursuit/pure_pursuit/action/detail/path_and_feedback__rosidl_typesupport_introspection_cpp.hpp
-- Installing: /ROS_ws/install/pure_pursuit/include/pure_pursuit/pure_pursuit/action/detail/path_and_feedback__type_support.cpp
-- Up-to-date: /ROS_ws/install/pure_pursuit/include/pure_pursuit/pure_pursuit/msg
-- Up-to-date: /ROS_ws/install/pure_pursuit/include/pure_pursuit/pure_pursuit/msg/detail
-- Installing: /ROS_ws/install/pure_pursuit/include/pure_pursuit/pure_pursuit/msg/detail/point_and_angle__type_support.cpp
-- Installing: /ROS_ws/install/pure_pursuit/include/pure_pursuit/pure_pursuit/msg/detail/path2_d_with_angles__rosidl_typesupport_introspection_cpp.hpp
-- Installing: /ROS_ws/install/pure_pursuit/include/pure_pursuit/pure_pursuit/msg/detail/point_and_angle__rosidl_typesupport_introspection_cpp.hpp
-- Installing: /ROS_ws/install/pure_pursuit/include/pure_pursuit/pure_pursuit/msg/detail/path2_d_with_angles__type_support.cpp
-- Installing: /ROS_ws/install/pure_pursuit/lib/libpure_pursuit__rosidl_typesupport_introspection_cpp.so
-- Set runtime path of "/ROS_ws/install/pure_pursuit/lib/libpure_pursuit__rosidl_typesupport_introspection_cpp.so" to ""
-- Installing: /ROS_ws/install/pure_pursuit/lib/libpure_pursuit__rosidl_typesupport_cpp.so
-- Set runtime path of "/ROS_ws/install/pure_pursuit/lib/libpure_pursuit__rosidl_typesupport_cpp.so" to ""
-- Installing: /ROS_ws/install/pure_pursuit/share/pure_pursuit/environment/pythonpath.sh
-- Installing: /ROS_ws/install/pure_pursuit/share/pure_pursuit/environment/pythonpath.dsv
-- Installing: /ROS_ws/install/pure_pursuit/local/lib/python3.10/dist-packages/pure_pursuit-0.0.0-py3.10.egg-info
-- Installing: /ROS_ws/install/pure_pursuit/local/lib/python3.10/dist-packages/pure_pursuit-0.0.0-py3.10.egg-info/SOURCES.txt
-- Installing: /ROS_ws/install/pure_pursuit/local/lib/python3.10/dist-packages/pure_pursuit-0.0.0-py3.10.egg-info/dependency_links.txt
-- Installing: /ROS_ws/install/pure_pursuit/local/lib/python3.10/dist-packages/pure_pursuit-0.0.0-py3.10.egg-info/PKG-INFO
-- Installing: /ROS_ws/install/pure_pursuit/local/lib/python3.10/dist-packages/pure_pursuit-0.0.0-py3.10.egg-info/top_level.txt
-- Installing: /ROS_ws/install/pure_pursuit/local/lib/python3.10/dist-packages/pure_pursuit
-- Installing: /ROS_ws/install/pure_pursuit/local/lib/python3.10/dist-packages/pure_pursuit/_pure_pursuit_s.ep.rosidl_typesupport_introspection_c.c
-- Installing: /ROS_ws/install/pure_pursuit/local/lib/python3.10/dist-packages/pure_pursuit/_pure_pursuit_s.ep.rosidl_typesupport_fastrtps_c.c
-- Installing: /ROS_ws/install/pure_pursuit/local/lib/python3.10/dist-packages/pure_pursuit/action
-- Installing: /ROS_ws/install/pure_pursuit/local/lib/python3.10/dist-packages/pure_pursuit/action/_path_and_feedback.py
-- Installing: /ROS_ws/install/pure_pursuit/local/lib/python3.10/dist-packages/pure_pursuit/action/__init__.py
-- Installing: /ROS_ws/install/pure_pursuit/local/lib/python3.10/dist-packages/pure_pursuit/action/_path_and_feedback_s.c
-- Installing: /ROS_ws/install/pure_pursuit/local/lib/python3.10/dist-packages/pure_pursuit/__init__.py
-- Installing: /ROS_ws/install/pure_pursuit/local/lib/python3.10/dist-packages/pure_pursuit/pure_pursuit_s__rosidl_typesupport_introspection_c.cpython-310-x86_64-linux-gnu.so
-- Installing: /ROS_ws/install/pure_pursuit/local/lib/python3.10/dist-packages/pure_pursuit/msg
-- Installing: /ROS_ws/install/pure_pursuit/local/lib/python3.10/dist-packages/pure_pursuit/msg/_point_and_angle_s.c
-- Installing: /ROS_ws/install/pure_pursuit/local/lib/python3.10/dist-packages/pure_pursuit/msg/_point_and_angle.py
-- Installing: /ROS_ws/install/pure_pursuit/local/lib/python3.10/dist-packages/pure_pursuit/msg/__init__.py
-- Installing: /ROS_ws/install/pure_pursuit/local/lib/python3.10/dist-packages/pure_pursuit/msg/_path2_d_with_angles_s.c
-- Installing: /ROS_ws/install/pure_pursuit/local/lib/python3.10/dist-packages/pure_pursuit/msg/_path2_d_with_angles.py
-- Installing: /ROS_ws/install/pure_pursuit/local/lib/python3.10/dist-packages/pure_pursuit/libpure_pursuit__rosidl_generator_py.so
-- Installing: /ROS_ws/install/pure_pursuit/local/lib/python3.10/dist-packages/pure_pursuit/pure_pursuit_s__rosidl_typesupport_c.cpython-310-x86_64-linux-gnu.so
-- Installing: /ROS_ws/install/pure_pursuit/local/lib/python3.10/dist-packages/pure_pursuit/pure_pursuit_s__rosidl_typesupport_fastrtps_c.cpython-310-x86_64-linux-gnu.so
-- Installing: /ROS_ws/install/pure_pursuit/local/lib/python3.10/dist-packages/pure_pursuit/_pure_pursuit_s.ep.rosidl_typesupport_c.c
Listing '/ROS_ws/install/pure_pursuit/local/lib/python3.10/dist-packages/pure_pursuit'...
Compiling '/ROS_ws/install/pure_pursuit/local/lib/python3.10/dist-packages/pure_pursuit/__init__.py'...
Listing '/ROS_ws/install/pure_pursuit/local/lib/python3.10/dist-packages/pure_pursuit/action'...
Compiling '/ROS_ws/install/pure_pursuit/local/lib/python3.10/dist-packages/pure_pursuit/action/__init__.py'...
Compiling '/ROS_ws/install/pure_pursuit/local/lib/python3.10/dist-packages/pure_pursuit/action/_path_and_feedback.py'...
Listing '/ROS_ws/install/pure_pursuit/local/lib/python3.10/dist-packages/pure_pursuit/msg'...
Compiling '/ROS_ws/install/pure_pursuit/local/lib/python3.10/dist-packages/pure_pursuit/msg/__init__.py'...
Compiling '/ROS_ws/install/pure_pursuit/local/lib/python3.10/dist-packages/pure_pursuit/msg/_path2_d_with_angles.py'...
Compiling '/ROS_ws/install/pure_pursuit/local/lib/python3.10/dist-packages/pure_pursuit/msg/_point_and_angle.py'...
-- Installing: /ROS_ws/install/pure_pursuit/local/lib/python3.10/dist-packages/pure_pursuit/pure_pursuit_s__rosidl_typesupport_fastrtps_c.cpython-310-x86_64-linux-gnu.so
-- Set runtime path of "/ROS_ws/install/pure_pursuit/local/lib/python3.10/dist-packages/pure_pursuit/pure_pursuit_s__rosidl_typesupport_fastrtps_c.cpython-310-x86_64-linux-gnu.so" to ""
-- Installing: /ROS_ws/install/pure_pursuit/local/lib/python3.10/dist-packages/pure_pursuit/pure_pursuit_s__rosidl_typesupport_introspection_c.cpython-310-x86_64-linux-gnu.so
-- Set runtime path of "/ROS_ws/install/pure_pursuit/local/lib/python3.10/dist-packages/pure_pursuit/pure_pursuit_s__rosidl_typesupport_introspection_c.cpython-310-x86_64-linux-gnu.so" to ""
-- Installing: /ROS_ws/install/pure_pursuit/local/lib/python3.10/dist-packages/pure_pursuit/pure_pursuit_s__rosidl_typesupport_c.cpython-310-x86_64-linux-gnu.so
-- Set runtime path of "/ROS_ws/install/pure_pursuit/local/lib/python3.10/dist-packages/pure_pursuit/pure_pursuit_s__rosidl_typesupport_c.cpython-310-x86_64-linux-gnu.so" to ""
-- Installing: /ROS_ws/install/pure_pursuit/lib/libpure_pursuit__rosidl_generator_py.so
-- Set runtime path of "/ROS_ws/install/pure_pursuit/lib/libpure_pursuit__rosidl_generator_py.so" to ""
-- Installing: /ROS_ws/install/pure_pursuit/share/pure_pursuit/msg/PointAndAngle.idl
-- Installing: /ROS_ws/install/pure_pursuit/share/pure_pursuit/msg/Path2DWithAngles.idl
-- Installing: /ROS_ws/install/pure_pursuit/share/pure_pursuit/action/PathAndFeedback.idl
-- Installing: /ROS_ws/install/pure_pursuit/share/pure_pursuit/msg/PointAndAngle.msg
-- Installing: /ROS_ws/install/pure_pursuit/share/pure_pursuit/msg/Path2DWithAngles.msg
-- Installing: /ROS_ws/install/pure_pursuit/share/pure_pursuit/action/PathAndFeedback.action
-- Installing: /ROS_ws/install/pure_pursuit/lib/pure_pursuit/pure_pursuit_node.py
-- Installing: /ROS_ws/install/pure_pursuit/lib/pure_pursuit/pure_pursuit_PI.py
-- Installing: /ROS_ws/install/pure_pursuit/lib/pure_pursuit/calc_wheel_vel.py
-- Installing: /ROS_ws/install/pure_pursuit/lib/pure_pursuit/robot_path_view.py
-- Installing: /ROS_ws/install/pure_pursuit/lib/pure_pursuit/debug_vel.py
-- Installing: /ROS_ws/install/pure_pursuit/lib/pure_pursuit/param_controller.py
-- Installing: /ROS_ws/install/pure_pursuit/lib/pure_pursuit/mecha_state_publisher.py
-- Installing: /ROS_ws/install/pure_pursuit/lib/pure_pursuit/path_server.py
-- Installing: /ROS_ws/install/pure_pursuit/lib/pure_pursuit/robot_manual_controller.py
-- Installing: /ROS_ws/install/pure_pursuit/share/ament_index/resource_index/package_run_dependencies/pure_pursuit
-- Installing: /ROS_ws/install/pure_pursuit/share/ament_index/resource_index/parent_prefix_path/pure_pursuit
-- Installing: /ROS_ws/install/pure_pursuit/share/pure_pursuit/environment/ament_prefix_path.sh
-- Installing: /ROS_ws/install/pure_pursuit/share/pure_pursuit/environment/ament_prefix_path.dsv
-- Installing: /ROS_ws/install/pure_pursuit/share/pure_pursuit/environment/path.sh
-- Installing: /ROS_ws/install/pure_pursuit/share/pure_pursuit/environment/path.dsv
-- Installing: /ROS_ws/install/pure_pursuit/share/pure_pursuit/local_setup.bash
-- Installing: /ROS_ws/install/pure_pursuit/share/pure_pursuit/local_setup.sh
-- Installing: /ROS_ws/install/pure_pursuit/share/pure_pursuit/local_setup.zsh
-- Installing: /ROS_ws/install/pure_pursuit/share/pure_pursuit/local_setup.dsv
-- Installing: /ROS_ws/install/pure_pursuit/share/pure_pursuit/package.dsv
-- Installing: /ROS_ws/install/pure_pursuit/share/ament_index/resource_index/packages/pure_pursuit
-- Installing: /ROS_ws/install/pure_pursuit/share/pure_pursuit/cmake/export_pure_pursuit__rosidl_generator_cExport.cmake
-- Installing: /ROS_ws/install/pure_pursuit/share/pure_pursuit/cmake/export_pure_pursuit__rosidl_generator_cExport-noconfig.cmake
-- Installing: /ROS_ws/install/pure_pursuit/share/pure_pursuit/cmake/export_pure_pursuit__rosidl_typesupport_fastrtps_cExport.cmake
-- Installing: /ROS_ws/install/pure_pursuit/share/pure_pursuit/cmake/export_pure_pursuit__rosidl_typesupport_fastrtps_cExport-noconfig.cmake
-- Installing: /ROS_ws/install/pure_pursuit/share/pure_pursuit/cmake/export_pure_pursuit__rosidl_generator_cppExport.cmake
-- Installing: /ROS_ws/install/pure_pursuit/share/pure_pursuit/cmake/export_pure_pursuit__rosidl_typesupport_fastrtps_cppExport.cmake
-- Installing: /ROS_ws/install/pure_pursuit/share/pure_pursuit/cmake/export_pure_pursuit__rosidl_typesupport_fastrtps_cppExport-noconfig.cmake
-- Installing: /ROS_ws/install/pure_pursuit/share/pure_pursuit/cmake/pure_pursuit__rosidl_typesupport_introspection_cExport.cmake
-- Installing: /ROS_ws/install/pure_pursuit/share/pure_pursuit/cmake/pure_pursuit__rosidl_typesupport_introspection_cExport-noconfig.cmake
-- Installing: /ROS_ws/install/pure_pursuit/share/pure_pursuit/cmake/pure_pursuit__rosidl_typesupport_cExport.cmake
-- Installing: /ROS_ws/install/pure_pursuit/share/pure_pursuit/cmake/pure_pursuit__rosidl_typesupport_cExport-noconfig.cmake
-- Installing: /ROS_ws/install/pure_pursuit/share/pure_pursuit/cmake/pure_pursuit__rosidl_typesupport_introspection_cppExport.cmake
-- Installing: /ROS_ws/install/pure_pursuit/share/pure_pursuit/cmake/pure_pursuit__rosidl_typesupport_introspection_cppExport-noconfig.cmake
-- Installing: /ROS_ws/install/pure_pursuit/share/pure_pursuit/cmake/pure_pursuit__rosidl_typesupport_cppExport.cmake
-- Installing: /ROS_ws/install/pure_pursuit/share/pure_pursuit/cmake/pure_pursuit__rosidl_typesupport_cppExport-noconfig.cmake
-- Installing: /ROS_ws/install/pure_pursuit/share/pure_pursuit/cmake/export_pure_pursuit__rosidl_generator_pyExport.cmake
-- Installing: /ROS_ws/install/pure_pursuit/share/pure_pursuit/cmake/export_pure_pursuit__rosidl_generator_pyExport-noconfig.cmake
-- Installing: /ROS_ws/install/pure_pursuit/share/pure_pursuit/cmake/rosidl_cmake-extras.cmake
-- Installing: /ROS_ws/install/pure_pursuit/share/pure_pursuit/cmake/ament_cmake_export_dependencies-extras.cmake
-- Installing: /ROS_ws/install/pure_pursuit/share/pure_pursuit/cmake/ament_cmake_export_include_directories-extras.cmake
-- Installing: /ROS_ws/install/pure_pursuit/share/pure_pursuit/cmake/ament_cmake_export_libraries-extras.cmake
-- Installing: /ROS_ws/install/pure_pursuit/share/pure_pursuit/cmake/ament_cmake_export_targets-extras.cmake
-- Installing: /ROS_ws/install/pure_pursuit/share/pure_pursuit/cmake/rosidl_cmake_export_typesupport_targets-extras.cmake
-- Installing: /ROS_ws/install/pure_pursuit/share/pure_pursuit/cmake/rosidl_cmake_export_typesupport_libraries-extras.cmake
-- Installing: /ROS_ws/install/pure_pursuit/share/pure_pursuit/cmake/pure_pursuitConfig.cmake
-- Installing: /ROS_ws/install/pure_pursuit/share/pure_pursuit/cmake/pure_pursuitConfig-version.cmake
-- Installing: /ROS_ws/install/pure_pursuit/share/pure_pursuit/package.xml
