[0.010s] Invoking command in '/ROS_ws/build/pure_pursuit': AMENT_PREFIX_PATH=/ROS_ws/install/robot_master:${AMENT_PREFIX_PATH} CMAKE_PREFIX_PATH=/ROS_ws/install/robot_master:/ROS_ws/install/mecha_control:/ROS_ws/install/pc_robot_controller:/ROS_ws/install/nucleo_agent:/ROS_ws/install/ldlidar:/opt/ros/humble LD_LIBRARY_PATH=/ROS_ws/install/mecha_control/lib:/ROS_ws/install/nucleo_agent/lib:/opt/ros/humble/opt/rviz_ogre_vendor/lib:/opt/ros/humble/lib/x86_64-linux-gnu:/opt/ros/humble/lib /usr/bin/cmake /ROS_ws/src/chassis_haru_robo2024/pure_pursuit -DCMAKE_INSTALL_PREFIX=/ROS_ws/install/pure_pursuit
[0.022s] -- Found ament_cmake: 1.3.3 (/opt/ros/humble/share/ament_cmake/cmake)
[0.158s] -- Found rclcpp: 16.0.3 (/opt/ros/humble/share/rclcpp/cmake)
[0.188s] -- Found rosidl_generator_c: 3.1.4 (/opt/ros/humble/share/rosidl_generator_c/cmake)
[0.191s] -- Found rosidl_adapter: 3.1.4 (/opt/ros/humble/share/rosidl_adapter/cmake)
[0.198s] -- Found rosidl_generator_cpp: 3.1.4 (/opt/ros/humble/share/rosidl_generator_cpp/cmake)
[0.211s] -- Using all available rosidl_typesupport_c: rosidl_typesupport_fastrtps_c;rosidl_typesupport_introspection_c
[0.228s] -- Using all available rosidl_typesupport_cpp: rosidl_typesupport_fastrtps_cpp;rosidl_typesupport_introspection_cpp
[0.294s] -- Found rmw_implementation_cmake: 6.1.1 (/opt/ros/humble/share/rmw_implementation_cmake/cmake)
[0.295s] -- Found rmw_fastrtps_cpp: 6.2.2 (/opt/ros/humble/share/rmw_fastrtps_cpp/cmake)
[0.440s] -- Using RMW implementation 'rmw_fastrtps_cpp' as default
[0.615s] -- Found rclpy: 3.3.7 (/opt/ros/humble/share/rclpy/cmake)
[0.616s] -- Found nav_msgs: 4.2.3 (/opt/ros/humble/share/nav_msgs/cmake)
[0.753s] -- Found mecha_control: 0.0.0 (/ROS_ws/install/mecha_control/share/mecha_control/cmake)
[0.768s] -- Found robot_master: 0.0.0 (/ROS_ws/install/robot_master/share/robot_master/cmake)
[0.770s] -- Found rosidl_default_generators: 1.2.0 (/opt/ros/humble/share/rosidl_default_generators/cmake)
[1.079s] -- Found ament_cmake_ros: 0.10.0 (/opt/ros/humble/share/ament_cmake_ros/cmake)
[1.324s] -- Using all available rosidl_typesupport_c: rosidl_typesupport_fastrtps_c;rosidl_typesupport_introspection_c
[1.421s] -- Using all available rosidl_typesupport_cpp: rosidl_typesupport_fastrtps_cpp;rosidl_typesupport_introspection_cpp
[1.439s] -- Found PythonInterp: /usr/bin/python3 (found suitable version "3.10.6", minimum required is "3.6") 
[1.441s] -- Found python_cmake_module: 0.10.0 (/opt/ros/humble/share/python_cmake_module/cmake)
[1.461s] -- Found PythonLibs: /usr/lib/x86_64-linux-gnu/libpython3.10.so (found suitable version "3.10.6", minimum required is "3.5") 
[1.462s] -- Using PYTHON_EXECUTABLE: /usr/bin/python3
[1.462s] -- Using PYTHON_INCLUDE_DIRS: /usr/include/python3.10
[1.462s] -- Using PYTHON_LIBRARIES: /usr/lib/x86_64-linux-gnu/libpython3.10.so
[1.478s] -- Found PythonExtra: .so  
[1.510s] -- Found ament_lint_auto: 0.12.5 (/opt/ros/humble/share/ament_lint_auto/cmake)
[1.529s] -- Added test 'cppcheck' to perform static code analysis on C / C++ code
[1.529s] -- Configured cppcheck include dirs: 
[1.529s] -- Configured cppcheck exclude dirs and/or files: 
[1.530s] -- Added test 'flake8' to check Python code syntax and style conventions
[1.530s] -- Added test 'lint_cmake' to check CMake code style
[1.531s] -- Added test 'pep257' to check Python code against some of the docstring style conventions in PEP 257
[1.532s] -- Added test 'uncrustify' to check C / C++ code style
[1.532s] -- Configured uncrustify additional arguments: 
[1.532s] -- Added test 'xmllint' to check XML markup files
[1.534s] -- Configuring done
[1.558s] -- Generating done
[1.560s] -- Build files have been written to: /ROS_ws/build/pure_pursuit
[1.567s] Invoked command in '/ROS_ws/build/pure_pursuit' returned '0': AMENT_PREFIX_PATH=/ROS_ws/install/robot_master:${AMENT_PREFIX_PATH} CMAKE_PREFIX_PATH=/ROS_ws/install/robot_master:/ROS_ws/install/mecha_control:/ROS_ws/install/pc_robot_controller:/ROS_ws/install/nucleo_agent:/ROS_ws/install/ldlidar:/opt/ros/humble LD_LIBRARY_PATH=/ROS_ws/install/mecha_control/lib:/ROS_ws/install/nucleo_agent/lib:/opt/ros/humble/opt/rviz_ogre_vendor/lib:/opt/ros/humble/lib/x86_64-linux-gnu:/opt/ros/humble/lib /usr/bin/cmake /ROS_ws/src/chassis_haru_robo2024/pure_pursuit -DCMAKE_INSTALL_PREFIX=/ROS_ws/install/pure_pursuit
[1.568s] Invoking command in '/ROS_ws/build/pure_pursuit': AMENT_PREFIX_PATH=/ROS_ws/install/robot_master:${AMENT_PREFIX_PATH} CMAKE_PREFIX_PATH=/ROS_ws/install/robot_master:/ROS_ws/install/mecha_control:/ROS_ws/install/pc_robot_controller:/ROS_ws/install/nucleo_agent:/ROS_ws/install/ldlidar:/opt/ros/humble LD_LIBRARY_PATH=/ROS_ws/install/mecha_control/lib:/ROS_ws/install/nucleo_agent/lib:/opt/ros/humble/opt/rviz_ogre_vendor/lib:/opt/ros/humble/lib/x86_64-linux-gnu:/opt/ros/humble/lib /usr/bin/cmake --build /ROS_ws/build/pure_pursuit -- -j12 -l12
[1.597s] [  2%] [34m[1mGenerating C code for ROS interfaces[0m
[1.606s] [  4%] [34m[1mGenerating C++ code for ROS interfaces[0m
[1.616s] [  4%] Built target ament_cmake_python_copy_pure_pursuit
[1.806s] running egg_info
[1.806s] creating pure_pursuit.egg-info
[1.807s] writing pure_pursuit.egg-info/PKG-INFO
[1.807s] writing dependency_links to pure_pursuit.egg-info/dependency_links.txt
[1.807s] writing top-level names to pure_pursuit.egg-info/top_level.txt
[1.807s] writing manifest file 'pure_pursuit.egg-info/SOURCES.txt'
[1.809s] reading manifest file 'pure_pursuit.egg-info/SOURCES.txt'
[1.809s] writing manifest file 'pure_pursuit.egg-info/SOURCES.txt'
[1.833s] [  4%] Built target ament_cmake_python_build_pure_pursuit_egg
[2.025s] [  4%] Built target pure_pursuit__cpp
[2.033s] [  6%] [34m[1mGenerating C++ type support dispatch for ROS interfaces[0m
[2.033s] [  8%] [34m[1mGenerating C++ introspection for ROS interfaces[0m
[2.050s] [ 10%] [34m[1mGenerating C++ type support for eProsima Fast-RTPS[0m
[2.394s] [ 12%] [32mBuilding C object CMakeFiles/pure_pursuit__rosidl_generator_c.dir/rosidl_generator_c/pure_pursuit/msg/detail/point_and_angle__functions.c.o[0m
[2.394s] [ 14%] [32mBuilding CXX object CMakeFiles/pure_pursuit__rosidl_typesupport_cpp.dir/rosidl_typesupport_cpp/pure_pursuit/msg/point_and_angle__type_support.cpp.o[0m
[2.394s] [ 17%] [32mBuilding C object CMakeFiles/pure_pursuit__rosidl_generator_c.dir/rosidl_generator_c/pure_pursuit/action/detail/path_and_feedback__functions.c.o[0m
[2.396s] [ 19%] [32mBuilding C object CMakeFiles/pure_pursuit__rosidl_generator_c.dir/rosidl_generator_c/pure_pursuit/msg/detail/path2_d_with_angles__functions.c.o[0m
[2.400s] [ 21%] [32mBuilding CXX object CMakeFiles/pure_pursuit__rosidl_typesupport_cpp.dir/rosidl_typesupport_cpp/pure_pursuit/msg/path2_d_with_angles__type_support.cpp.o[0m
[2.404s] [ 23%] [32mBuilding CXX object CMakeFiles/pure_pursuit__rosidl_typesupport_cpp.dir/rosidl_typesupport_cpp/pure_pursuit/action/path_and_feedback__type_support.cpp.o[0m
[2.577s] [ 25%] [32mBuilding CXX object CMakeFiles/pure_pursuit__rosidl_typesupport_introspection_cpp.dir/rosidl_typesupport_introspection_cpp/pure_pursuit/msg/detail/point_and_angle__type_support.cpp.o[0m
[2.580s] [ 27%] [32mBuilding CXX object CMakeFiles/pure_pursuit__rosidl_typesupport_introspection_cpp.dir/rosidl_typesupport_introspection_cpp/pure_pursuit/msg/detail/path2_d_with_angles__type_support.cpp.o[0m
[2.588s] [ 29%] [32mBuilding CXX object CMakeFiles/pure_pursuit__rosidl_typesupport_introspection_cpp.dir/rosidl_typesupport_introspection_cpp/pure_pursuit/action/detail/path_and_feedback__type_support.cpp.o[0m
[2.600s] [ 31%] [32m[1mLinking C shared library libpure_pursuit__rosidl_generator_c.so[0m
[2.674s] [ 36%] [32mBuilding CXX object CMakeFiles/pure_pursuit__rosidl_typesupport_fastrtps_cpp.dir/rosidl_typesupport_fastrtps_cpp/pure_pursuit/msg/detail/dds_fastrtps/path2_d_with_angles__type_support.cpp.o[0m
[2.675s] [ 36%] [32mBuilding CXX object CMakeFiles/pure_pursuit__rosidl_typesupport_fastrtps_cpp.dir/rosidl_typesupport_fastrtps_cpp/pure_pursuit/action/detail/dds_fastrtps/path_and_feedback__type_support.cpp.o[0m
[2.683s] [ 36%] Built target pure_pursuit__rosidl_generator_c
[2.685s] [ 38%] [32mBuilding CXX object CMakeFiles/pure_pursuit__rosidl_typesupport_fastrtps_cpp.dir/rosidl_typesupport_fastrtps_cpp/pure_pursuit/msg/detail/dds_fastrtps/point_and_angle__type_support.cpp.o[0m
[2.730s] [ 40%] [34m[1mGenerating C type support for eProsima Fast-RTPS[0m
[2.747s] [ 42%] [34m[1mGenerating C type support dispatch for ROS interfaces[0m
[2.749s] [ 44%] [34m[1mGenerating C introspection for ROS interfaces[0m
[2.931s] [ 46%] [32m[1mLinking CXX shared library libpure_pursuit__rosidl_typesupport_cpp.so[0m
[3.015s] [ 46%] Built target pure_pursuit__rosidl_typesupport_cpp
[3.323s] [ 48%] [32mBuilding CXX object CMakeFiles/pure_pursuit__rosidl_typesupport_c.dir/rosidl_typesupport_c/pure_pursuit/action/path_and_feedback__type_support.cpp.o[0m
[3.335s] [ 51%] [32mBuilding CXX object CMakeFiles/pure_pursuit__rosidl_typesupport_c.dir/rosidl_typesupport_c/pure_pursuit/msg/path2_d_with_angles__type_support.cpp.o[0m
[3.337s] [ 53%] [32mBuilding CXX object CMakeFiles/pure_pursuit__rosidl_typesupport_c.dir/rosidl_typesupport_c/pure_pursuit/msg/point_and_angle__type_support.cpp.o[0m
[3.392s] [ 55%] [32m[1mLinking CXX shared library libpure_pursuit__rosidl_typesupport_c.so[0m
[3.401s] [ 57%] [32m[1mLinking CXX shared library libpure_pursuit__rosidl_typesupport_introspection_cpp.so[0m
[3.436s] [ 57%] Built target pure_pursuit__rosidl_typesupport_c
[3.464s] [ 59%] [32mBuilding C object CMakeFiles/pure_pursuit__rosidl_typesupport_introspection_c.dir/rosidl_typesupport_introspection_c/pure_pursuit/msg/detail/point_and_angle__type_support.c.o[0m
[3.464s] [ 61%] [32mBuilding C object CMakeFiles/pure_pursuit__rosidl_typesupport_introspection_c.dir/rosidl_typesupport_introspection_c/pure_pursuit/msg/detail/path2_d_with_angles__type_support.c.o[0m
[3.465s] [ 63%] [32mBuilding C object CMakeFiles/pure_pursuit__rosidl_typesupport_introspection_c.dir/rosidl_typesupport_introspection_c/pure_pursuit/action/detail/path_and_feedback__type_support.c.o[0m
[3.481s] [ 63%] Built target pure_pursuit__rosidl_typesupport_introspection_cpp
[3.525s] [ 65%] [32mBuilding CXX object CMakeFiles/pure_pursuit__rosidl_typesupport_fastrtps_c.dir/rosidl_typesupport_fastrtps_c/pure_pursuit/msg/detail/path2_d_with_angles__type_support_c.cpp.o[0m
[3.537s] [ 68%] [32mBuilding CXX object CMakeFiles/pure_pursuit__rosidl_typesupport_fastrtps_c.dir/rosidl_typesupport_fastrtps_c/pure_pursuit/action/detail/path_and_feedback__type_support_c.cpp.o[0m
[3.537s] [ 70%] [32m[1mLinking C shared library libpure_pursuit__rosidl_typesupport_introspection_c.so[0m
[3.537s] [ 72%] [32mBuilding CXX object CMakeFiles/pure_pursuit__rosidl_typesupport_fastrtps_c.dir/rosidl_typesupport_fastrtps_c/pure_pursuit/msg/detail/point_and_angle__type_support_c.cpp.o[0m
[3.630s] [ 74%] [32m[1mLinking CXX shared library libpure_pursuit__rosidl_typesupport_fastrtps_cpp.so[0m
[3.642s] [ 74%] Built target pure_pursuit__rosidl_typesupport_introspection_c
[3.731s] [ 74%] Built target pure_pursuit__rosidl_typesupport_fastrtps_cpp
[3.875s] [ 76%] [32m[1mLinking CXX shared library libpure_pursuit__rosidl_typesupport_fastrtps_c.so[0m
[3.945s] [ 76%] Built target pure_pursuit__rosidl_typesupport_fastrtps_c
[3.964s] [ 76%] Built target pure_pursuit
[3.979s] [ 78%] [34m[1mGenerating Python code for ROS interfaces[0m
[5.067s] [ 78%] Built target pure_pursuit__py
[5.126s] [ 80%] [32mBuilding C object CMakeFiles/pure_pursuit__rosidl_generator_py.dir/rosidl_generator_py/pure_pursuit/msg/_point_and_angle_s.c.o[0m
[5.132s] [ 82%] [32mBuilding C object CMakeFiles/pure_pursuit__rosidl_generator_py.dir/rosidl_generator_py/pure_pursuit/msg/_path2_d_with_angles_s.c.o[0m
[5.149s] [ 85%] [32mBuilding C object CMakeFiles/pure_pursuit__rosidl_generator_py.dir/rosidl_generator_py/pure_pursuit/action/_path_and_feedback_s.c.o[0m
[5.309s] [ 87%] [32m[1mLinking C shared library rosidl_generator_py/pure_pursuit/libpure_pursuit__rosidl_generator_py.so[0m
[5.349s] [ 87%] Built target pure_pursuit__rosidl_generator_py
[5.366s] [ 89%] [32mBuilding C object CMakeFiles/pure_pursuit__rosidl_typesupport_c__pyext.dir/rosidl_generator_py/pure_pursuit/_pure_pursuit_s.ep.rosidl_typesupport_c.c.o[0m
[5.366s] [ 91%] [32mBuilding C object CMakeFiles/pure_pursuit__rosidl_typesupport_fastrtps_c__pyext.dir/rosidl_generator_py/pure_pursuit/_pure_pursuit_s.ep.rosidl_typesupport_fastrtps_c.c.o[0m
[5.368s] [ 93%] [32mBuilding C object CMakeFiles/pure_pursuit__rosidl_typesupport_introspection_c__pyext.dir/rosidl_generator_py/pure_pursuit/_pure_pursuit_s.ep.rosidl_typesupport_introspection_c.c.o[0m
[5.457s] [ 95%] [32m[1mLinking C shared library rosidl_generator_py/pure_pursuit/pure_pursuit_s__rosidl_typesupport_fastrtps_c.cpython-310-x86_64-linux-gnu.so[0m
[5.477s] [ 97%] [32m[1mLinking C shared library rosidl_generator_py/pure_pursuit/pure_pursuit_s__rosidl_typesupport_c.cpython-310-x86_64-linux-gnu.so[0m
[5.487s] [100%] [32m[1mLinking C shared library rosidl_generator_py/pure_pursuit/pure_pursuit_s__rosidl_typesupport_introspection_c.cpython-310-x86_64-linux-gnu.so[0m
[5.490s] [100%] Built target pure_pursuit__rosidl_typesupport_fastrtps_c__pyext
[5.516s] [100%] Built target pure_pursuit__rosidl_typesupport_c__pyext
[5.516s] [100%] Built target pure_pursuit__rosidl_typesupport_introspection_c__pyext
[5.525s] Invoked command in '/ROS_ws/build/pure_pursuit' returned '0': AMENT_PREFIX_PATH=/ROS_ws/install/robot_master:${AMENT_PREFIX_PATH} CMAKE_PREFIX_PATH=/ROS_ws/install/robot_master:/ROS_ws/install/mecha_control:/ROS_ws/install/pc_robot_controller:/ROS_ws/install/nucleo_agent:/ROS_ws/install/ldlidar:/opt/ros/humble LD_LIBRARY_PATH=/ROS_ws/install/mecha_control/lib:/ROS_ws/install/nucleo_agent/lib:/opt/ros/humble/opt/rviz_ogre_vendor/lib:/opt/ros/humble/lib/x86_64-linux-gnu:/opt/ros/humble/lib /usr/bin/cmake --build /ROS_ws/build/pure_pursuit -- -j12 -l12
[5.584s] Invoking command in '/ROS_ws/build/pure_pursuit': AMENT_PREFIX_PATH=/ROS_ws/install/robot_master:${AMENT_PREFIX_PATH} CMAKE_PREFIX_PATH=/ROS_ws/install/robot_master:/ROS_ws/install/mecha_control:/ROS_ws/install/pc_robot_controller:/ROS_ws/install/nucleo_agent:/ROS_ws/install/ldlidar:/opt/ros/humble LD_LIBRARY_PATH=/ROS_ws/install/mecha_control/lib:/ROS_ws/install/nucleo_agent/lib:/opt/ros/humble/opt/rviz_ogre_vendor/lib:/opt/ros/humble/lib/x86_64-linux-gnu:/opt/ros/humble/lib /usr/bin/cmake --install /ROS_ws/build/pure_pursuit
[5.591s] -- Install configuration: ""
[5.591s] -- Installing: /ROS_ws/install/pure_pursuit/share/ament_index/resource_index/rosidl_interfaces/pure_pursuit
[5.591s] -- Installing: /ROS_ws/install/pure_pursuit/include/pure_pursuit/pure_pursuit
[5.591s] -- Installing: /ROS_ws/install/pure_pursuit/include/pure_pursuit/pure_pursuit/action
[5.591s] -- Installing: /ROS_ws/install/pure_pursuit/include/pure_pursuit/pure_pursuit/action/detail
[5.591s] -- Installing: /ROS_ws/install/pure_pursuit/include/pure_pursuit/pure_pursuit/action/detail/path_and_feedback__struct.h
[5.592s] -- Installing: /ROS_ws/install/pure_pursuit/include/pure_pursuit/pure_pursuit/action/detail/path_and_feedback__functions.c
[5.592s] -- Installing: /ROS_ws/install/pure_pursuit/include/pure_pursuit/pure_pursuit/action/detail/path_and_feedback__functions.h
[5.592s] -- Installing: /ROS_ws/install/pure_pursuit/include/pure_pursuit/pure_pursuit/action/detail/path_and_feedback__type_support.h
[5.592s] -- Installing: /ROS_ws/install/pure_pursuit/include/pure_pursuit/pure_pursuit/action/path_and_feedback.h
[5.592s] -- Installing: /ROS_ws/install/pure_pursuit/include/pure_pursuit/pure_pursuit/msg
[5.592s] -- Installing: /ROS_ws/install/pure_pursuit/include/pure_pursuit/pure_pursuit/msg/rosidl_generator_c__visibility_control.h
[5.592s] -- Installing: /ROS_ws/install/pure_pursuit/include/pure_pursuit/pure_pursuit/msg/detail
[5.592s] -- Installing: /ROS_ws/install/pure_pursuit/include/pure_pursuit/pure_pursuit/msg/detail/point_and_angle__type_support.h
[5.592s] -- Installing: /ROS_ws/install/pure_pursuit/include/pure_pursuit/pure_pursuit/msg/detail/path2_d_with_angles__functions.c
[5.592s] -- Installing: /ROS_ws/install/pure_pursuit/include/pure_pursuit/pure_pursuit/msg/detail/point_and_angle__functions.h
[5.592s] -- Installing: /ROS_ws/install/pure_pursuit/include/pure_pursuit/pure_pursuit/msg/detail/path2_d_with_angles__functions.h
[5.592s] -- Installing: /ROS_ws/install/pure_pursuit/include/pure_pursuit/pure_pursuit/msg/detail/path2_d_with_angles__struct.h
[5.592s] -- Installing: /ROS_ws/install/pure_pursuit/include/pure_pursuit/pure_pursuit/msg/detail/path2_d_with_angles__type_support.h
[5.593s] -- Installing: /ROS_ws/install/pure_pursuit/include/pure_pursuit/pure_pursuit/msg/detail/point_and_angle__functions.c
[5.593s] -- Installing: /ROS_ws/install/pure_pursuit/include/pure_pursuit/pure_pursuit/msg/detail/point_and_angle__struct.h
[5.593s] -- Installing: /ROS_ws/install/pure_pursuit/include/pure_pursuit/pure_pursuit/msg/point_and_angle.h
[5.593s] -- Installing: /ROS_ws/install/pure_pursuit/include/pure_pursuit/pure_pursuit/msg/path2_d_with_angles.h
[5.593s] -- Installing: /ROS_ws/install/pure_pursuit/share/pure_pursuit/environment/library_path.sh
[5.593s] -- Installing: /ROS_ws/install/pure_pursuit/share/pure_pursuit/environment/library_path.dsv
[5.593s] -- Installing: /ROS_ws/install/pure_pursuit/lib/libpure_pursuit__rosidl_generator_c.so
[5.593s] -- Set runtime path of "/ROS_ws/install/pure_pursuit/lib/libpure_pursuit__rosidl_generator_c.so" to ""
[5.593s] -- Up-to-date: /ROS_ws/install/pure_pursuit/include/pure_pursuit/pure_pursuit
[5.593s] -- Up-to-date: /ROS_ws/install/pure_pursuit/include/pure_pursuit/pure_pursuit/action
[5.593s] -- Up-to-date: /ROS_ws/install/pure_pursuit/include/pure_pursuit/pure_pursuit/action/detail
[5.593s] -- Installing: /ROS_ws/install/pure_pursuit/include/pure_pursuit/pure_pursuit/action/detail/path_and_feedback__rosidl_typesupport_fastrtps_c.h
[5.593s] -- Up-to-date: /ROS_ws/install/pure_pursuit/include/pure_pursuit/pure_pursuit/msg
[5.593s] -- Up-to-date: /ROS_ws/install/pure_pursuit/include/pure_pursuit/pure_pursuit/msg/detail
[5.593s] -- Installing: /ROS_ws/install/pure_pursuit/include/pure_pursuit/pure_pursuit/msg/detail/path2_d_with_angles__rosidl_typesupport_fastrtps_c.h
[5.594s] -- Installing: /ROS_ws/install/pure_pursuit/include/pure_pursuit/pure_pursuit/msg/detail/point_and_angle__rosidl_typesupport_fastrtps_c.h
[5.594s] -- Installing: /ROS_ws/install/pure_pursuit/include/pure_pursuit/pure_pursuit/msg/rosidl_typesupport_fastrtps_c__visibility_control.h
[5.594s] -- Installing: /ROS_ws/install/pure_pursuit/lib/libpure_pursuit__rosidl_typesupport_fastrtps_c.so
[5.594s] -- Set runtime path of "/ROS_ws/install/pure_pursuit/lib/libpure_pursuit__rosidl_typesupport_fastrtps_c.so" to ""
[5.594s] -- Up-to-date: /ROS_ws/install/pure_pursuit/include/pure_pursuit/pure_pursuit
[5.594s] -- Up-to-date: /ROS_ws/install/pure_pursuit/include/pure_pursuit/pure_pursuit/action
[5.594s] -- Up-to-date: /ROS_ws/install/pure_pursuit/include/pure_pursuit/pure_pursuit/action/detail
[5.594s] -- Installing: /ROS_ws/install/pure_pursuit/include/pure_pursuit/pure_pursuit/action/detail/path_and_feedback__traits.hpp
[5.594s] -- Installing: /ROS_ws/install/pure_pursuit/include/pure_pursuit/pure_pursuit/action/detail/path_and_feedback__builder.hpp
[5.594s] -- Installing: /ROS_ws/install/pure_pursuit/include/pure_pursuit/pure_pursuit/action/detail/path_and_feedback__struct.hpp
[5.594s] -- Installing: /ROS_ws/install/pure_pursuit/include/pure_pursuit/pure_pursuit/action/path_and_feedback.hpp
[5.594s] -- Up-to-date: /ROS_ws/install/pure_pursuit/include/pure_pursuit/pure_pursuit/msg
[5.594s] -- Installing: /ROS_ws/install/pure_pursuit/include/pure_pursuit/pure_pursuit/msg/path2_d_with_angles.hpp
[5.594s] -- Up-to-date: /ROS_ws/install/pure_pursuit/include/pure_pursuit/pure_pursuit/msg/detail
[5.594s] -- Installing: /ROS_ws/install/pure_pursuit/include/pure_pursuit/pure_pursuit/msg/detail/point_and_angle__struct.hpp
[5.595s] -- Installing: /ROS_ws/install/pure_pursuit/include/pure_pursuit/pure_pursuit/msg/detail/point_and_angle__builder.hpp
[5.595s] -- Installing: /ROS_ws/install/pure_pursuit/include/pure_pursuit/pure_pursuit/msg/detail/path2_d_with_angles__struct.hpp
[5.595s] -- Installing: /ROS_ws/install/pure_pursuit/include/pure_pursuit/pure_pursuit/msg/detail/point_and_angle__traits.hpp
[5.595s] -- Installing: /ROS_ws/install/pure_pursuit/include/pure_pursuit/pure_pursuit/msg/detail/path2_d_with_angles__builder.hpp
[5.595s] -- Installing: /ROS_ws/install/pure_pursuit/include/pure_pursuit/pure_pursuit/msg/detail/path2_d_with_angles__traits.hpp
[5.595s] -- Installing: /ROS_ws/install/pure_pursuit/include/pure_pursuit/pure_pursuit/msg/point_and_angle.hpp
[5.595s] -- Up-to-date: /ROS_ws/install/pure_pursuit/include/pure_pursuit/pure_pursuit
[5.595s] -- Up-to-date: /ROS_ws/install/pure_pursuit/include/pure_pursuit/pure_pursuit/action
[5.595s] -- Up-to-date: /ROS_ws/install/pure_pursuit/include/pure_pursuit/pure_pursuit/action/detail
[5.595s] -- Installing: /ROS_ws/install/pure_pursuit/include/pure_pursuit/pure_pursuit/action/detail/dds_fastrtps
[5.595s] -- Installing: /ROS_ws/install/pure_pursuit/include/pure_pursuit/pure_pursuit/action/detail/path_and_feedback__rosidl_typesupport_fastrtps_cpp.hpp
[5.595s] -- Up-to-date: /ROS_ws/install/pure_pursuit/include/pure_pursuit/pure_pursuit/msg
[5.595s] -- Installing: /ROS_ws/install/pure_pursuit/include/pure_pursuit/pure_pursuit/msg/rosidl_typesupport_fastrtps_cpp__visibility_control.h
[5.595s] -- Up-to-date: /ROS_ws/install/pure_pursuit/include/pure_pursuit/pure_pursuit/msg/detail
[5.595s] -- Installing: /ROS_ws/install/pure_pursuit/include/pure_pursuit/pure_pursuit/msg/detail/dds_fastrtps
[5.595s] -- Installing: /ROS_ws/install/pure_pursuit/include/pure_pursuit/pure_pursuit/msg/detail/point_and_angle__rosidl_typesupport_fastrtps_cpp.hpp
[5.595s] -- Installing: /ROS_ws/install/pure_pursuit/include/pure_pursuit/pure_pursuit/msg/detail/path2_d_with_angles__rosidl_typesupport_fastrtps_cpp.hpp
[5.595s] -- Installing: /ROS_ws/install/pure_pursuit/lib/libpure_pursuit__rosidl_typesupport_fastrtps_cpp.so
[5.596s] -- Set runtime path of "/ROS_ws/install/pure_pursuit/lib/libpure_pursuit__rosidl_typesupport_fastrtps_cpp.so" to ""
[5.596s] -- Up-to-date: /ROS_ws/install/pure_pursuit/include/pure_pursuit/pure_pursuit
[5.596s] -- Up-to-date: /ROS_ws/install/pure_pursuit/include/pure_pursuit/pure_pursuit/action
[5.596s] -- Up-to-date: /ROS_ws/install/pure_pursuit/include/pure_pursuit/pure_pursuit/action/detail
[5.596s] -- Installing: /ROS_ws/install/pure_pursuit/include/pure_pursuit/pure_pursuit/action/detail/path_and_feedback__rosidl_typesupport_introspection_c.h
[5.596s] -- Installing: /ROS_ws/install/pure_pursuit/include/pure_pursuit/pure_pursuit/action/detail/path_and_feedback__type_support.c
[5.596s] -- Up-to-date: /ROS_ws/install/pure_pursuit/include/pure_pursuit/pure_pursuit/msg
[5.596s] -- Up-to-date: /ROS_ws/install/pure_pursuit/include/pure_pursuit/pure_pursuit/msg/detail
[5.596s] -- Installing: /ROS_ws/install/pure_pursuit/include/pure_pursuit/pure_pursuit/msg/detail/path2_d_with_angles__rosidl_typesupport_introspection_c.h
[5.596s] -- Installing: /ROS_ws/install/pure_pursuit/include/pure_pursuit/pure_pursuit/msg/detail/path2_d_with_angles__type_support.c
[5.596s] -- Installing: /ROS_ws/install/pure_pursuit/include/pure_pursuit/pure_pursuit/msg/detail/point_and_angle__type_support.c
[5.596s] -- Installing: /ROS_ws/install/pure_pursuit/include/pure_pursuit/pure_pursuit/msg/detail/point_and_angle__rosidl_typesupport_introspection_c.h
[5.596s] -- Installing: /ROS_ws/install/pure_pursuit/include/pure_pursuit/pure_pursuit/msg/rosidl_typesupport_introspection_c__visibility_control.h
[5.596s] -- Installing: /ROS_ws/install/pure_pursuit/lib/libpure_pursuit__rosidl_typesupport_introspection_c.so
[5.596s] -- Set runtime path of "/ROS_ws/install/pure_pursuit/lib/libpure_pursuit__rosidl_typesupport_introspection_c.so" to ""
[5.596s] -- Installing: /ROS_ws/install/pure_pursuit/lib/libpure_pursuit__rosidl_typesupport_c.so
[5.597s] -- Set runtime path of "/ROS_ws/install/pure_pursuit/lib/libpure_pursuit__rosidl_typesupport_c.so" to ""
[5.597s] -- Up-to-date: /ROS_ws/install/pure_pursuit/include/pure_pursuit/pure_pursuit
[5.597s] -- Up-to-date: /ROS_ws/install/pure_pursuit/include/pure_pursuit/pure_pursuit/action
[5.597s] -- Up-to-date: /ROS_ws/install/pure_pursuit/include/pure_pursuit/pure_pursuit/action/detail
[5.597s] -- Installing: /ROS_ws/install/pure_pursuit/include/pure_pursuit/pure_pursuit/action/detail/path_and_feedback__rosidl_typesupport_introspection_cpp.hpp
[5.597s] -- Installing: /ROS_ws/install/pure_pursuit/include/pure_pursuit/pure_pursuit/action/detail/path_and_feedback__type_support.cpp
[5.597s] -- Up-to-date: /ROS_ws/install/pure_pursuit/include/pure_pursuit/pure_pursuit/msg
[5.597s] -- Up-to-date: /ROS_ws/install/pure_pursuit/include/pure_pursuit/pure_pursuit/msg/detail
[5.597s] -- Installing: /ROS_ws/install/pure_pursuit/include/pure_pursuit/pure_pursuit/msg/detail/point_and_angle__type_support.cpp
[5.597s] -- Installing: /ROS_ws/install/pure_pursuit/include/pure_pursuit/pure_pursuit/msg/detail/path2_d_with_angles__rosidl_typesupport_introspection_cpp.hpp
[5.597s] -- Installing: /ROS_ws/install/pure_pursuit/include/pure_pursuit/pure_pursuit/msg/detail/point_and_angle__rosidl_typesupport_introspection_cpp.hpp
[5.597s] -- Installing: /ROS_ws/install/pure_pursuit/include/pure_pursuit/pure_pursuit/msg/detail/path2_d_with_angles__type_support.cpp
[5.597s] -- Installing: /ROS_ws/install/pure_pursuit/lib/libpure_pursuit__rosidl_typesupport_introspection_cpp.so
[5.598s] -- Set runtime path of "/ROS_ws/install/pure_pursuit/lib/libpure_pursuit__rosidl_typesupport_introspection_cpp.so" to ""
[5.598s] -- Installing: /ROS_ws/install/pure_pursuit/lib/libpure_pursuit__rosidl_typesupport_cpp.so
[5.598s] -- Set runtime path of "/ROS_ws/install/pure_pursuit/lib/libpure_pursuit__rosidl_typesupport_cpp.so" to ""
[5.598s] -- Installing: /ROS_ws/install/pure_pursuit/share/pure_pursuit/environment/pythonpath.sh
[5.598s] -- Installing: /ROS_ws/install/pure_pursuit/share/pure_pursuit/environment/pythonpath.dsv
[5.598s] -- Installing: /ROS_ws/install/pure_pursuit/local/lib/python3.10/dist-packages/pure_pursuit-0.0.0-py3.10.egg-info
[5.598s] -- Installing: /ROS_ws/install/pure_pursuit/local/lib/python3.10/dist-packages/pure_pursuit-0.0.0-py3.10.egg-info/SOURCES.txt
[5.598s] -- Installing: /ROS_ws/install/pure_pursuit/local/lib/python3.10/dist-packages/pure_pursuit-0.0.0-py3.10.egg-info/dependency_links.txt
[5.598s] -- Installing: /ROS_ws/install/pure_pursuit/local/lib/python3.10/dist-packages/pure_pursuit-0.0.0-py3.10.egg-info/PKG-INFO
[5.598s] -- Installing: /ROS_ws/install/pure_pursuit/local/lib/python3.10/dist-packages/pure_pursuit-0.0.0-py3.10.egg-info/top_level.txt
[5.598s] -- Installing: /ROS_ws/install/pure_pursuit/local/lib/python3.10/dist-packages/pure_pursuit
[5.598s] -- Installing: /ROS_ws/install/pure_pursuit/local/lib/python3.10/dist-packages/pure_pursuit/_pure_pursuit_s.ep.rosidl_typesupport_introspection_c.c
[5.599s] -- Installing: /ROS_ws/install/pure_pursuit/local/lib/python3.10/dist-packages/pure_pursuit/_pure_pursuit_s.ep.rosidl_typesupport_fastrtps_c.c
[5.599s] -- Installing: /ROS_ws/install/pure_pursuit/local/lib/python3.10/dist-packages/pure_pursuit/action
[5.599s] -- Installing: /ROS_ws/install/pure_pursuit/local/lib/python3.10/dist-packages/pure_pursuit/action/_path_and_feedback.py
[5.599s] -- Installing: /ROS_ws/install/pure_pursuit/local/lib/python3.10/dist-packages/pure_pursuit/action/__init__.py
[5.599s] -- Installing: /ROS_ws/install/pure_pursuit/local/lib/python3.10/dist-packages/pure_pursuit/action/_path_and_feedback_s.c
[5.599s] -- Installing: /ROS_ws/install/pure_pursuit/local/lib/python3.10/dist-packages/pure_pursuit/__init__.py
[5.599s] -- Installing: /ROS_ws/install/pure_pursuit/local/lib/python3.10/dist-packages/pure_pursuit/pure_pursuit_s__rosidl_typesupport_introspection_c.cpython-310-x86_64-linux-gnu.so
[5.599s] -- Installing: /ROS_ws/install/pure_pursuit/local/lib/python3.10/dist-packages/pure_pursuit/msg
[5.599s] -- Installing: /ROS_ws/install/pure_pursuit/local/lib/python3.10/dist-packages/pure_pursuit/msg/_point_and_angle_s.c
[5.599s] -- Installing: /ROS_ws/install/pure_pursuit/local/lib/python3.10/dist-packages/pure_pursuit/msg/_point_and_angle.py
[5.599s] -- Installing: /ROS_ws/install/pure_pursuit/local/lib/python3.10/dist-packages/pure_pursuit/msg/__init__.py
[5.599s] -- Installing: /ROS_ws/install/pure_pursuit/local/lib/python3.10/dist-packages/pure_pursuit/msg/_path2_d_with_angles_s.c
[5.599s] -- Installing: /ROS_ws/install/pure_pursuit/local/lib/python3.10/dist-packages/pure_pursuit/msg/_path2_d_with_angles.py
[5.599s] -- Installing: /ROS_ws/install/pure_pursuit/local/lib/python3.10/dist-packages/pure_pursuit/libpure_pursuit__rosidl_generator_py.so
[5.600s] -- Installing: /ROS_ws/install/pure_pursuit/local/lib/python3.10/dist-packages/pure_pursuit/pure_pursuit_s__rosidl_typesupport_c.cpython-310-x86_64-linux-gnu.so
[5.600s] -- Installing: /ROS_ws/install/pure_pursuit/local/lib/python3.10/dist-packages/pure_pursuit/pure_pursuit_s__rosidl_typesupport_fastrtps_c.cpython-310-x86_64-linux-gnu.so
[5.600s] -- Installing: /ROS_ws/install/pure_pursuit/local/lib/python3.10/dist-packages/pure_pursuit/_pure_pursuit_s.ep.rosidl_typesupport_c.c
[5.630s] Listing '/ROS_ws/install/pure_pursuit/local/lib/python3.10/dist-packages/pure_pursuit'...
[5.630s] Compiling '/ROS_ws/install/pure_pursuit/local/lib/python3.10/dist-packages/pure_pursuit/__init__.py'...
[5.630s] Listing '/ROS_ws/install/pure_pursuit/local/lib/python3.10/dist-packages/pure_pursuit/action'...
[5.631s] Compiling '/ROS_ws/install/pure_pursuit/local/lib/python3.10/dist-packages/pure_pursuit/action/__init__.py'...
[5.631s] Compiling '/ROS_ws/install/pure_pursuit/local/lib/python3.10/dist-packages/pure_pursuit/action/_path_and_feedback.py'...
[5.631s] Listing '/ROS_ws/install/pure_pursuit/local/lib/python3.10/dist-packages/pure_pursuit/msg'...
[5.631s] Compiling '/ROS_ws/install/pure_pursuit/local/lib/python3.10/dist-packages/pure_pursuit/msg/__init__.py'...
[5.631s] Compiling '/ROS_ws/install/pure_pursuit/local/lib/python3.10/dist-packages/pure_pursuit/msg/_path2_d_with_angles.py'...
[5.631s] Compiling '/ROS_ws/install/pure_pursuit/local/lib/python3.10/dist-packages/pure_pursuit/msg/_point_and_angle.py'...
[5.634s] -- Installing: /ROS_ws/install/pure_pursuit/local/lib/python3.10/dist-packages/pure_pursuit/pure_pursuit_s__rosidl_typesupport_fastrtps_c.cpython-310-x86_64-linux-gnu.so
[5.634s] -- Set runtime path of "/ROS_ws/install/pure_pursuit/local/lib/python3.10/dist-packages/pure_pursuit/pure_pursuit_s__rosidl_typesupport_fastrtps_c.cpython-310-x86_64-linux-gnu.so" to ""
[5.634s] -- Installing: /ROS_ws/install/pure_pursuit/local/lib/python3.10/dist-packages/pure_pursuit/pure_pursuit_s__rosidl_typesupport_introspection_c.cpython-310-x86_64-linux-gnu.so
[5.635s] -- Set runtime path of "/ROS_ws/install/pure_pursuit/local/lib/python3.10/dist-packages/pure_pursuit/pure_pursuit_s__rosidl_typesupport_introspection_c.cpython-310-x86_64-linux-gnu.so" to ""
[5.635s] -- Installing: /ROS_ws/install/pure_pursuit/local/lib/python3.10/dist-packages/pure_pursuit/pure_pursuit_s__rosidl_typesupport_c.cpython-310-x86_64-linux-gnu.so
[5.635s] -- Set runtime path of "/ROS_ws/install/pure_pursuit/local/lib/python3.10/dist-packages/pure_pursuit/pure_pursuit_s__rosidl_typesupport_c.cpython-310-x86_64-linux-gnu.so" to ""
[5.635s] -- Installing: /ROS_ws/install/pure_pursuit/lib/libpure_pursuit__rosidl_generator_py.so
[5.635s] -- Set runtime path of "/ROS_ws/install/pure_pursuit/lib/libpure_pursuit__rosidl_generator_py.so" to ""
[5.636s] -- Installing: /ROS_ws/install/pure_pursuit/share/pure_pursuit/msg/PointAndAngle.idl
[5.636s] -- Installing: /ROS_ws/install/pure_pursuit/share/pure_pursuit/msg/Path2DWithAngles.idl
[5.636s] -- Installing: /ROS_ws/install/pure_pursuit/share/pure_pursuit/action/PathAndFeedback.idl
[5.636s] -- Installing: /ROS_ws/install/pure_pursuit/share/pure_pursuit/msg/PointAndAngle.msg
[5.636s] -- Installing: /ROS_ws/install/pure_pursuit/share/pure_pursuit/msg/Path2DWithAngles.msg
[5.636s] -- Installing: /ROS_ws/install/pure_pursuit/share/pure_pursuit/action/PathAndFeedback.action
[5.636s] -- Installing: /ROS_ws/install/pure_pursuit/lib/pure_pursuit/pure_pursuit_node.py
[5.636s] -- Installing: /ROS_ws/install/pure_pursuit/lib/pure_pursuit/pure_pursuit_PI.py
[5.636s] -- Installing: /ROS_ws/install/pure_pursuit/lib/pure_pursuit/calc_wheel_vel.py
[5.636s] -- Installing: /ROS_ws/install/pure_pursuit/lib/pure_pursuit/robot_path_view.py
[5.636s] -- Installing: /ROS_ws/install/pure_pursuit/lib/pure_pursuit/debug_vel.py
[5.637s] -- Installing: /ROS_ws/install/pure_pursuit/lib/pure_pursuit/param_controller.py
[5.637s] -- Installing: /ROS_ws/install/pure_pursuit/lib/pure_pursuit/mecha_state_publisher.py
[5.637s] -- Installing: /ROS_ws/install/pure_pursuit/lib/pure_pursuit/path_server.py
[5.637s] -- Installing: /ROS_ws/install/pure_pursuit/lib/pure_pursuit/robot_manual_controller.py
[5.637s] -- Installing: /ROS_ws/install/pure_pursuit/share/ament_index/resource_index/package_run_dependencies/pure_pursuit
[5.637s] -- Installing: /ROS_ws/install/pure_pursuit/share/ament_index/resource_index/parent_prefix_path/pure_pursuit
[5.637s] -- Installing: /ROS_ws/install/pure_pursuit/share/pure_pursuit/environment/ament_prefix_path.sh
[5.637s] -- Installing: /ROS_ws/install/pure_pursuit/share/pure_pursuit/environment/ament_prefix_path.dsv
[5.637s] -- Installing: /ROS_ws/install/pure_pursuit/share/pure_pursuit/environment/path.sh
[5.637s] -- Installing: /ROS_ws/install/pure_pursuit/share/pure_pursuit/environment/path.dsv
[5.637s] -- Installing: /ROS_ws/install/pure_pursuit/share/pure_pursuit/local_setup.bash
[5.637s] -- Installing: /ROS_ws/install/pure_pursuit/share/pure_pursuit/local_setup.sh
[5.638s] -- Installing: /ROS_ws/install/pure_pursuit/share/pure_pursuit/local_setup.zsh
[5.638s] -- Installing: /ROS_ws/install/pure_pursuit/share/pure_pursuit/local_setup.dsv
[5.638s] -- Installing: /ROS_ws/install/pure_pursuit/share/pure_pursuit/package.dsv
[5.638s] -- Installing: /ROS_ws/install/pure_pursuit/share/ament_index/resource_index/packages/pure_pursuit
[5.638s] -- Installing: /ROS_ws/install/pure_pursuit/share/pure_pursuit/cmake/export_pure_pursuit__rosidl_generator_cExport.cmake
[5.638s] -- Installing: /ROS_ws/install/pure_pursuit/share/pure_pursuit/cmake/export_pure_pursuit__rosidl_generator_cExport-noconfig.cmake
[5.638s] -- Installing: /ROS_ws/install/pure_pursuit/share/pure_pursuit/cmake/export_pure_pursuit__rosidl_typesupport_fastrtps_cExport.cmake
[5.638s] -- Installing: /ROS_ws/install/pure_pursuit/share/pure_pursuit/cmake/export_pure_pursuit__rosidl_typesupport_fastrtps_cExport-noconfig.cmake
[5.638s] -- Installing: /ROS_ws/install/pure_pursuit/share/pure_pursuit/cmake/export_pure_pursuit__rosidl_generator_cppExport.cmake
[5.638s] -- Installing: /ROS_ws/install/pure_pursuit/share/pure_pursuit/cmake/export_pure_pursuit__rosidl_typesupport_fastrtps_cppExport.cmake
[5.638s] -- Installing: /ROS_ws/install/pure_pursuit/share/pure_pursuit/cmake/export_pure_pursuit__rosidl_typesupport_fastrtps_cppExport-noconfig.cmake
[5.638s] -- Installing: /ROS_ws/install/pure_pursuit/share/pure_pursuit/cmake/pure_pursuit__rosidl_typesupport_introspection_cExport.cmake
[5.639s] -- Installing: /ROS_ws/install/pure_pursuit/share/pure_pursuit/cmake/pure_pursuit__rosidl_typesupport_introspection_cExport-noconfig.cmake
[5.639s] -- Installing: /ROS_ws/install/pure_pursuit/share/pure_pursuit/cmake/pure_pursuit__rosidl_typesupport_cExport.cmake
[5.639s] -- Installing: /ROS_ws/install/pure_pursuit/share/pure_pursuit/cmake/pure_pursuit__rosidl_typesupport_cExport-noconfig.cmake
[5.639s] -- Installing: /ROS_ws/install/pure_pursuit/share/pure_pursuit/cmake/pure_pursuit__rosidl_typesupport_introspection_cppExport.cmake
[5.639s] -- Installing: /ROS_ws/install/pure_pursuit/share/pure_pursuit/cmake/pure_pursuit__rosidl_typesupport_introspection_cppExport-noconfig.cmake
[5.639s] -- Installing: /ROS_ws/install/pure_pursuit/share/pure_pursuit/cmake/pure_pursuit__rosidl_typesupport_cppExport.cmake
[5.639s] -- Installing: /ROS_ws/install/pure_pursuit/share/pure_pursuit/cmake/pure_pursuit__rosidl_typesupport_cppExport-noconfig.cmake
[5.639s] -- Installing: /ROS_ws/install/pure_pursuit/share/pure_pursuit/cmake/export_pure_pursuit__rosidl_generator_pyExport.cmake
[5.639s] -- Installing: /ROS_ws/install/pure_pursuit/share/pure_pursuit/cmake/export_pure_pursuit__rosidl_generator_pyExport-noconfig.cmake
[5.639s] -- Installing: /ROS_ws/install/pure_pursuit/share/pure_pursuit/cmake/rosidl_cmake-extras.cmake
[5.639s] -- Installing: /ROS_ws/install/pure_pursuit/share/pure_pursuit/cmake/ament_cmake_export_dependencies-extras.cmake
[5.639s] -- Installing: /ROS_ws/install/pure_pursuit/share/pure_pursuit/cmake/ament_cmake_export_include_directories-extras.cmake
[5.640s] -- Installing: /ROS_ws/install/pure_pursuit/share/pure_pursuit/cmake/ament_cmake_export_libraries-extras.cmake
[5.640s] -- Installing: /ROS_ws/install/pure_pursuit/share/pure_pursuit/cmake/ament_cmake_export_targets-extras.cmake
[5.640s] -- Installing: /ROS_ws/install/pure_pursuit/share/pure_pursuit/cmake/rosidl_cmake_export_typesupport_targets-extras.cmake
[5.640s] -- Installing: /ROS_ws/install/pure_pursuit/share/pure_pursuit/cmake/rosidl_cmake_export_typesupport_libraries-extras.cmake
[5.640s] -- Installing: /ROS_ws/install/pure_pursuit/share/pure_pursuit/cmake/pure_pursuitConfig.cmake
[5.640s] -- Installing: /ROS_ws/install/pure_pursuit/share/pure_pursuit/cmake/pure_pursuitConfig-version.cmake
[5.640s] -- Installing: /ROS_ws/install/pure_pursuit/share/pure_pursuit/package.xml
[5.644s] Invoked command in '/ROS_ws/build/pure_pursuit' returned '0': AMENT_PREFIX_PATH=/ROS_ws/install/robot_master:${AMENT_PREFIX_PATH} CMAKE_PREFIX_PATH=/ROS_ws/install/robot_master:/ROS_ws/install/mecha_control:/ROS_ws/install/pc_robot_controller:/ROS_ws/install/nucleo_agent:/ROS_ws/install/ldlidar:/opt/ros/humble LD_LIBRARY_PATH=/ROS_ws/install/mecha_control/lib:/ROS_ws/install/nucleo_agent/lib:/opt/ros/humble/opt/rviz_ogre_vendor/lib:/opt/ros/humble/lib/x86_64-linux-gnu:/opt/ros/humble/lib /usr/bin/cmake --install /ROS_ws/build/pure_pursuit
