[0.037s] Invoking command in '/ROS_ws/build/mecha_control': CMAKE_PREFIX_PATH=${CMAKE_PREFIX_PATH}:/opt/ros/humble /usr/bin/cmake --build /ROS_ws/build/mecha_control -- -j12 -l12
[0.192s] [  1%] Built target mecha_control__cpp
[0.193s] [ 12%] Built target mecha_control__rosidl_generator_c
[0.194s] [ 12%] Built target ament_cmake_python_copy_mecha_control
[0.194s] [ 23%] Built target mecha_control__rosidl_typesupport_c
[0.194s] [ 35%] Built target mecha_control__rosidl_typesupport_cpp
[0.194s] [ 54%] Built target mecha_control__rosidl_typesupport_introspection_cpp
[0.194s] [ 56%] Built target mecha_control__rosidl_typesupport_fastrtps_cpp
[0.194s] [ 67%] Built target mecha_control__rosidl_typesupport_introspection_c
[0.194s] [ 78%] Built target mecha_control__rosidl_typesupport_fastrtps_c
[0.194s] [35m[1mConsolidate compiler generated dependencies of target cmd_seq[0m
[0.194s] [ 78%] Built target mecha_control
[0.194s] [ 79%] [32mBuilding CXX object CMakeFiles/cmd_seq.dir/src/cmd_seq.cpp.o[0m
[0.194s] [ 80%] Built target mecha_control__py
[0.194s] [ 90%] Built target mecha_control__rosidl_generator_py
[0.194s] [ 95%] Built target mecha_control__rosidl_typesupport_fastrtps_c__pyext
[0.194s] [ 95%] Built target mecha_control__rosidl_typesupport_c__pyext
[0.194s] [ 98%] Built target mecha_control__rosidl_typesupport_introspection_c__pyext
[0.211s] running egg_info
[0.212s] writing mecha_control.egg-info/PKG-INFO
[0.212s] writing dependency_links to mecha_control.egg-info/dependency_links.txt
[0.212s] writing top-level names to mecha_control.egg-info/top_level.txt
[0.214s] reading manifest file 'mecha_control.egg-info/SOURCES.txt'
[0.215s] writing manifest file 'mecha_control.egg-info/SOURCES.txt'
[0.248s] [ 98%] Built target ament_cmake_python_build_mecha_control_egg
[1.536s] In file included from [01m[K/usr/include/c++/11/pstl/glue_algorithm_defs.h:13[m[K,
[1.536s]                  from [01m[K/usr/include/c++/11/algorithm:74[m[K,
[1.536s]                  from [01m[K/opt/ros/humble/include/rclcpp/rclcpp/executor.hpp:18[m[K,
[1.536s]                  from [01m[K/opt/ros/humble/include/rclcpp/rclcpp/executors/multi_threaded_executor.hpp:25[m[K,
[1.536s]                  from [01m[K/opt/ros/humble/include/rclcpp/rclcpp/executors.hpp:21[m[K,
[1.536s]                  from [01m[K/opt/ros/humble/include/rclcpp/rclcpp/rclcpp.hpp:155[m[K,
[1.536s]                  from [01m[K/ROS_ws/src/mecha_control/src/cmd_seq.cpp:1[m[K:
[1.536s] /usr/include/c++/11/functional: In instantiation of ‘[01m[Kstruct std::_Bind_check_arity<void (MechSeqNode::*)(), MechSeqNode*, const std::_Placeholder<1>&>[m[K’:
[1.536s] [01m[K/usr/include/c++/11/functional:768:12:[m[K   required from ‘[01m[Kstruct std::_Bind_helper<false, void (MechSeqNode::*)(), MechSeqNode*, const std::_Placeholder<1>&>[m[K’
[1.536s] [01m[K/usr/include/c++/11/functional:789:5:[m[K   required by substitution of ‘[01m[Ktemplate<class _Func, class ... _BoundArgs> typename std::_Bind_helper<std::__is_socketlike<_Func>::value, _Func, _BoundArgs ...>::type std::bind(_Func&&, _BoundArgs&& ...) [with _Func = void (MechSeqNode::*)(); _BoundArgs = {MechSeqNode*, const std::_Placeholder<1>&}][m[K’
[1.536s] [01m[K/ROS_ws/src/mecha_control/src/cmd_seq.cpp:22:41:[m[K   required from here
[1.536s] [01m[K/usr/include/c++/11/functional:756:21:[m[K [01;31m[Kerror: [m[Kstatic assertion failed: Wrong number of arguments for pointer-to-member
[1.536s]   755 |       static_assert(_Varargs::[01;31m[Kvalue[m[K
[1.536s]       |                               [01;31m[K~~~~~[m[K
[1.536s]   756 | [01;31m[K                    ? sizeof...(_BoundArgs) >= _Arity::value + 1[m[K
[1.536s]       |                     [01;31m[K^~~~~~~~~~~~~~~~~~~~~~~~~~~~~~~~~~~~~~~~~~~~[m[K
[1.536s]   757 | [01;31m[K                    : sizeof...(_BoundArgs) == _Arity::value + 1[m[K,
[1.536s]       |                     [01;31m[K~~~~~~~~~~~~~~~~~~~~~~~~~~~~~~~~~~~~~~~~~~~~[m[K
[1.536s] [01m[K/usr/include/c++/11/functional:756:21:[m[K [01;36m[Knote: [m[K‘[01m[K(false ? (2 >= (((long unsigned int)std::integral_constant<long unsigned int, 0>::value) + 1)) : (2 == (((long unsigned int)std::integral_constant<long unsigned int, 0>::value) + 1)))[m[K’ evaluates to false
[1.549s] [01m[K/ROS_ws/src/mecha_control/src/cmd_seq.cpp:[m[K In lambda function:
[1.549s] [01m[K/ROS_ws/src/mecha_control/src/cmd_seq.cpp:55:40:[m[K [01;31m[Kerror: [m[Kno matching function for call to ‘[01m[Ksleep_for(int)[m[K’
[1.549s]    55 |             [01;31m[Kstd::this_thread::sleep_for(5)[m[K;
[1.549s]       |             [01;31m[K~~~~~~~~~~~~~~~~~~~~~~~~~~~^~~[m[K
[1.549s] In file included from [01m[K/usr/include/c++/11/thread:44[m[K,
[1.549s]                  from [01m[K/opt/ros/humble/include/rclcpp/rclcpp/executors/multi_threaded_executor.hpp:22[m[K,
[1.549s]                  from [01m[K/opt/ros/humble/include/rclcpp/rclcpp/executors.hpp:21[m[K,
[1.549s]                  from [01m[K/opt/ros/humble/include/rclcpp/rclcpp/rclcpp.hpp:155[m[K,
[1.549s]                  from [01m[K/ROS_ws/src/mecha_control/src/cmd_seq.cpp:1[m[K:
[1.549s] [01m[K/usr/include/c++/11/bits/this_thread_sleep.h:70:7:[m[K [01;36m[Knote: [m[Kcandidate: ‘[01m[Ktemplate<class _Rep, class _Period> void std::this_thread::sleep_for(const std::chrono::duration<_Rep1, _Period1>&)[m[K’
[1.549s]    70 |       [01;36m[Ksleep_for[m[K(const chrono::duration<_Rep, _Period>& __rtime)
[1.549s]       |       [01;36m[K^~~~~~~~~[m[K
[1.549s] [01m[K/usr/include/c++/11/bits/this_thread_sleep.h:70:7:[m[K [01;36m[Knote: [m[K  template argument deduction/substitution failed:
[1.549s] [01m[K/ROS_ws/src/mecha_control/src/cmd_seq.cpp:55:40:[m[K [01;36m[Knote: [m[K  mismatched types ‘[01m[Kconst std::chrono::duration<_Rep1, _Period1>[m[K’ and ‘[01m[Kint[m[K’
[1.549s]    55 |             [01;36m[Kstd::this_thread::sleep_for(5)[m[K;
[1.549s]       |             [01;36m[K~~~~~~~~~~~~~~~~~~~~~~~~~~~^~~[m[K
[1.549s] [01m[K/ROS_ws/src/mecha_control/src/cmd_seq.cpp:[m[K In member function ‘[01m[Kvoid MechSeqNode::set_bonbori_callback(std::shared_ptr<std_srvs::srv::SetBool_Request_<std::allocator<void> > >, std::shared_ptr<std_srvs::srv::SetBool_Response_<std::allocator<void> > >) const[m[K’:
[1.549s] [01m[K/ROS_ws/src/mecha_control/src/cmd_seq.cpp:57:10:[m[K [01;31m[Kerror: [m[Kpassing ‘[01m[Kconst std::thread[m[K’ as ‘[01m[Kthis[m[K’ argument discards qualifiers [[01;31m[K-fpermissive[m[K]
[1.549s]    57 |         }[01;31m[K)[m[K;
[1.550s]       |          [01;31m[K^[m[K
[1.550s] In file included from [01m[K/usr/include/c++/11/future:48[m[K,
[1.550s]                  from [01m[K/opt/ros/humble/include/rclcpp/rclcpp/executors.hpp:18[m[K,
[1.550s]                  from [01m[K/opt/ros/humble/include/rclcpp/rclcpp/rclcpp.hpp:155[m[K,
[1.550s]                  from [01m[K/ROS_ws/src/mecha_control/src/cmd_seq.cpp:1[m[K:
[1.550s] [01m[K/usr/include/c++/11/bits/std_thread.h:162:13:[m[K [01;36m[Knote: [m[K  in call to ‘[01m[Kstd::thread& std::thread::operator=(std::thread&&)[m[K’
[1.550s]   162 |     thread& [01;36m[Koperator[m[K=(thread&& __t) noexcept
[1.550s]       |             [01;36m[K^~~~~~~~[m[K
[1.599s] /usr/include/c++/11/bits/std_thread.h: In instantiation of ‘[01m[Kstd::thread::thread(_Callable&&, _Args&& ...) [with _Callable = void (MechSeqNode::*)(); _Args = {}; <template-parameter-1-3> = void][m[K’:
[1.599s] [01m[K/ROS_ws/src/mecha_control/src/cmd_seq.cpp:18:68:[m[K   required from here
[1.599s] [01m[K/usr/include/c++/11/bits/std_thread.h:130:72:[m[K [01;31m[Kerror: [m[Kstatic assertion failed: std::thread arguments must be invocable after conversion to rvalues
[1.599s]   130 |                                 typename decay<_Args>::type...>::[01;31m[Kvalue[m[K,
[1.599s]       |                                                                  [01;31m[K^~~~~[m[K
[1.599s] 
[1.599s] [01m[K/usr/include/c++/11/bits/std_thread.h:130:72:[m[K [01;36m[Knote: [m[K‘[01m[Kstd::integral_constant<bool, false>::value[m[K’ evaluates to false
[1.600s] /usr/include/c++/11/bits/std_thread.h: In instantiation of ‘[01m[Kstruct std::thread::_Invoker<std::tuple<void (MechSeqNode::*)()> >[m[K’:
[1.600s] [01m[K/usr/include/c++/11/bits/std_thread.h:203:13:[m[K   required from ‘[01m[Kstruct std::thread::_State_impl<std::thread::_Invoker<std::tuple<void (MechSeqNode::*)()> > >[m[K’
[1.600s] [01m[K/usr/include/c++/11/bits/std_thread.h:143:29:[m[K   required from ‘[01m[Kstd::thread::thread(_Callable&&, _Args&& ...) [with _Callable = void (MechSeqNode::*)(); _Args = {}; <template-parameter-1-3> = void][m[K’
[1.600s] [01m[K/ROS_ws/src/mecha_control/src/cmd_seq.cpp:18:68:[m[K   required from here
[1.600s] [01m[K/usr/include/c++/11/bits/std_thread.h:252:11:[m[K [01;31m[Kerror: [m[Kno type named ‘[01m[Ktype[m[K’ in ‘[01m[Kstruct std::thread::_Invoker<std::tuple<void (MechSeqNode::*)()> >::__result<std::tuple<void (MechSeqNode::*)()> >[m[K’
[1.600s]   252 |           [01;31m[K_M_invoke[m[K(_Index_tuple<_Ind...>)
[1.600s]       |           [01;31m[K^~~~~~~~~[m[K
[1.600s] [01m[K/usr/include/c++/11/bits/std_thread.h:256:9:[m[K [01;31m[Kerror: [m[Kno type named ‘[01m[Ktype[m[K’ in ‘[01m[Kstruct std::thread::_Invoker<std::tuple<void (MechSeqNode::*)()> >::__result<std::tuple<void (MechSeqNode::*)()> >[m[K’
[1.600s]   256 |         [01;31m[Koperator[m[K()()
[1.600s]       |         [01;31m[K^~~~~~~~[m[K
[1.821s] In file included from [01m[K/opt/ros/humble/include/rclcpp/rclcpp/subscription_base.hpp:32[m[K,
[1.821s]                  from [01m[K/opt/ros/humble/include/rclcpp/rclcpp/callback_group.hpp:29[m[K,
[1.821s]                  from [01m[K/opt/ros/humble/include/rclcpp/rclcpp/any_executable.hpp:20[m[K,
[1.821s]                  from [01m[K/opt/ros/humble/include/rclcpp/rclcpp/memory_strategy.hpp:25[m[K,
[1.821s]                  from [01m[K/opt/ros/humble/include/rclcpp/rclcpp/memory_strategies.hpp:18[m[K,
[1.821s]                  from [01m[K/opt/ros/humble/include/rclcpp/rclcpp/executor_options.hpp:20[m[K,
[1.821s]                  from [01m[K/opt/ros/humble/include/rclcpp/rclcpp/executor.hpp:37[m[K,
[1.821s]                  from [01m[K/opt/ros/humble/include/rclcpp/rclcpp/executors/multi_threaded_executor.hpp:25[m[K,
[1.821s]                  from [01m[K/opt/ros/humble/include/rclcpp/rclcpp/executors.hpp:21[m[K,
[1.821s]                  from [01m[K/opt/ros/humble/include/rclcpp/rclcpp/rclcpp.hpp:155[m[K,
[1.821s]                  from [01m[K/ROS_ws/src/mecha_control/src/cmd_seq.cpp:1[m[K:
[1.821s] /opt/ros/humble/include/rclcpp/rclcpp/any_subscription_callback.hpp: In instantiation of ‘[01m[Krclcpp::AnySubscriptionCallback<MessageT, AllocatorT> rclcpp::AnySubscriptionCallback<MessageT, AllocatorT>::set(CallbackT) [with CallbackT = std::_Bind<void (MechSeqNode::*(MechSeqNode*, std::_Placeholder<1>))()>; MessageT = mecha_control::msg::SensorStates_<std::allocator<void> >; AllocatorT = std::allocator<void>][m[K’:
[1.821s] [01m[K/opt/ros/humble/include/rclcpp/rclcpp/subscription_factory.hpp:94:32:[m[K   required from ‘[01m[Krclcpp::SubscriptionFactory rclcpp::create_subscription_factory(CallbackT&&, const rclcpp::SubscriptionOptionsWithAllocator<AllocatorT>&, typename MessageMemoryStrategyT::SharedPtr, std::shared_ptr<rclcpp::topic_statistics::SubscriptionTopicStatistics<ROSMessageType> >) [with MessageT = mecha_control::msg::SensorStates_<std::allocator<void> >; CallbackT = std::_Bind<void (MechSeqNode::*(MechSeqNode*, std::_Placeholder<1>))()>; AllocatorT = std::allocator<void>; SubscriptionT = rclcpp::Subscription<mecha_control::msg::SensorStates_<std::allocator<void> > >; MessageMemoryStrategyT = rclcpp::message_memory_strategy::MessageMemoryStrategy<mecha_control::msg::SensorStates_<std::allocator<void> >, std::allocator<void> >; ROSMessageType = mecha_control::msg::SensorStates_<std::allocator<void> >; typename MessageMemoryStrategyT::SharedPtr = std::shared_ptr<rclcpp::message_memory_strategy::MessageMemoryStrategy<mecha_control::msg::SensorStates_<std::allocator<void> >, std::allocator<void> > >][m[K’
[1.821s] [01m[K/opt/ros/humble/include/rclcpp/rclcpp/create_subscription.hpp:122:63:[m[K   required from ‘[01m[Kstd::shared_ptr<ROSMessageT> rclcpp::detail::create_subscription(NodeParametersT&, NodeTopicsT&, const string&, const rclcpp::QoS&, CallbackT&&, const rclcpp::SubscriptionOptionsWithAllocator<AllocatorT>&, typename MessageMemoryStrategyT::SharedPtr) [with MessageT = mecha_control::msg::SensorStates_<std::allocator<void> >; CallbackT = std::_Bind<void (MechSeqNode::*(MechSeqNode*, std::_Placeholder<1>))()>; AllocatorT = std::allocator<void>; SubscriptionT = rclcpp::Subscription<mecha_control::msg::SensorStates_<std::allocator<void> > >; MessageMemoryStrategyT = rclcpp::message_memory_strategy::MessageMemoryStrategy<mecha_control::msg::SensorStates_<std::allocator<void> >, std::allocator<void> >; NodeParametersT = rclcpp::Node; NodeTopicsT = rclcpp::Node; ROSMessageType = mecha_control::msg::SensorStates_<std::allocator<void> >; std::string = std::__cxx11::basic_string<char>; typename MessageMemoryStrategyT::SharedPtr = std::shared_ptr<rclcpp::message_memory_strategy::MessageMemoryStrategy<mecha_control::msg::SensorStates_<std::allocator<void> >, std::allocator<void> > >][m[K’
[1.822s] [01m[K/opt/ros/humble/include/rclcpp/rclcpp/create_subscription.hpp:191:76:[m[K   required from ‘[01m[Kstd::shared_ptr<ROSMessageT> rclcpp::create_subscription(NodeT&, const string&, const rclcpp::QoS&, CallbackT&&, const rclcpp::SubscriptionOptionsWithAllocator<AllocatorT>&, typename MessageMemoryStrategyT::SharedPtr) [with MessageT = mecha_control::msg::SensorStates_<std::allocator<void> >; CallbackT = std::_Bind<void (MechSeqNode::*(MechSeqNode*, std::_Placeholder<1>))()>; AllocatorT = std::allocator<void>; SubscriptionT = rclcpp::Subscription<mecha_control::msg::SensorStates_<std::allocator<void> > >; MessageMemoryStrategyT = rclcpp::message_memory_strategy::MessageMemoryStrategy<mecha_control::msg::SensorStates_<std::allocator<void> >, std::allocator<void> >; NodeT = rclcpp::Node; std::string = std::__cxx11::basic_string<char>; typename MessageMemoryStrategyT::SharedPtr = std::shared_ptr<rclcpp::message_memory_strategy::MessageMemoryStrategy<mecha_control::msg::SensorStates_<std::allocator<void> >, std::allocator<void> > >][m[K’
[1.822s] [01m[K/opt/ros/humble/include/rclcpp/rclcpp/node_impl.hpp:99:47:[m[K   required from ‘[01m[Kstd::shared_ptr<ROSMessageT> rclcpp::Node::create_subscription(const string&, const rclcpp::QoS&, CallbackT&&, const rclcpp::SubscriptionOptionsWithAllocator<AllocatorT>&, typename MessageMemoryStrategyT::SharedPtr) [with MessageT = mecha_control::msg::SensorStates_<std::allocator<void> >; CallbackT = std::_Bind<void (MechSeqNode::*(MechSeqNode*, std::_Placeholder<1>))()>; AllocatorT = std::allocator<void>; SubscriptionT = rclcpp::Subscription<mecha_control::msg::SensorStates_<std::allocator<void> > >; MessageMemoryStrategyT = rclcpp::message_memory_strategy::MessageMemoryStrategy<mecha_control::msg::SensorStates_<std::allocator<void> >, std::allocator<void> >; std::string = std::__cxx11::basic_string<char>; typename MessageMemoryStrategyT::SharedPtr = std::shared_ptr<rclcpp::message_memory_strategy::MessageMemoryStrategy<mecha_control::msg::SensorStates_<std::allocator<void> >, std::allocator<void> > >][m[K’
[1.822s] [01m[K/ROS_ws/src/mecha_control/src/cmd_seq.cpp:21:81:[m[K   required from here
[1.822s] [01m[K/opt/ros/humble/include/rclcpp/rclcpp/any_subscription_callback.hpp:394:27:[m[K [01;31m[Kerror: [m[Kno matching function for call to ‘[01m[Kstd::function<void()>::function(std::_Bind<void (MechSeqNode::*(MechSeqNode*, std::_Placeholder<1>))()>&)[m[K’
[1.822s]   394 |       callback_variant_ = [01;31m[Kstatic_cast<typename scbth::callback_type>(callback)[m[K;
[1.822s]       |                           [01;31m[K^~~~~~~~~~~~~~~~~~~~~~~~~~~~~~~~~~~~~~~~~~~~~~~~~~~~[m[K
[1.822s] In file included from [01m[K/usr/include/c++/11/future:47[m[K,
[1.822s]                  from [01m[K/opt/ros/humble/include/rclcpp/rclcpp/executors.hpp:18[m[K,
[1.822s]                  from [01m[K/opt/ros/humble/include/rclcpp/rclcpp/rclcpp.hpp:155[m[K,
[1.822s]                  from [01m[K/ROS_ws/src/mecha_control/src/cmd_seq.cpp:1[m[K:
[1.822s] [01m[K/usr/include/c++/11/bits/std_function.h:435:9:[m[K [01;36m[Knote: [m[Kcandidate: ‘[01m[Ktemplate<class _Functor, class _Constraints> std::function<_Res(_ArgTypes ...)>::function(_Functor&&) [with _Functor = _Functor; _Constraints = _Constraints; _Res = void; _ArgTypes = {}][m[K’
[1.822s]   435 |         [01;36m[Kfunction[m[K(_Functor&& __f)
[1.822s]       |         [01;36m[K^~~~~~~~[m[K
[1.822s] [01m[K/usr/include/c++/11/bits/std_function.h:435:9:[m[K [01;36m[Knote: [m[K  template argument deduction/substitution failed:
[1.822s] In file included from [01m[K/usr/include/c++/11/bits/move.h:57[m[K,
[1.822s]                  from [01m[K/usr/include/c++/11/bits/stl_pair.h:59[m[K,
[1.822s]                  from [01m[K/usr/include/c++/11/bits/stl_algobase.h:64[m[K,
[1.822s]                  from [01m[K/usr/include/c++/11/memory:63[m[K,
[1.822s]                  from [01m[K/opt/ros/humble/include/rclcpp/rclcpp/rclcpp.hpp:153[m[K,
[1.822s]                  from [01m[K/ROS_ws/src/mecha_control/src/cmd_seq.cpp:1[m[K:
[1.822s] /usr/include/c++/11/type_traits: In substitution of ‘[01m[Ktemplate<bool _Cond, class _Tp> using __enable_if_t = typename std::enable_if::type [with bool _Cond = false; _Tp = void][m[K’:
[1.822s] [01m[K/usr/include/c++/11/bits/std_function.h:353:8:[m[K   required by substitution of ‘[01m[Ktemplate<class _Res, class ... _ArgTypes> template<class _Cond, class _Tp> using _Requires = std::__enable_if_t<_Cond::value, _Tp> [with _Cond = std::function<void()>::_Callable<std::_Bind<void (MechSeqNode::*(MechSeqNode*, std::_Placeholder<1>))()>&, std::_Bind<void (MechSeqNode::*(MechSeqNode*, std::_Placeholder<1>))()>, std::__invoke_result<std::_Bind<void (MechSeqNode::*(MechSeqNode*, std::_Placeholder<1>))()>&> >; _Tp = void; _Res = void; _ArgTypes = {}][m[K’
[1.822s] [01m[K/usr/include/c++/11/bits/std_function.h:434:9:[m[K   required from ‘[01m[Krclcpp::AnySubscriptionCallback<MessageT, AllocatorT> rclcpp::AnySubscriptionCallback<MessageT, AllocatorT>::set(CallbackT) [with CallbackT = std::_Bind<void (MechSeqNode::*(MechSeqNode*, std::_Placeholder<1>))()>; MessageT = mecha_control::msg::SensorStates_<std::allocator<void> >; AllocatorT = std::allocator<void>][m[K’
[1.823s] [01m[K/opt/ros/humble/include/rclcpp/rclcpp/subscription_factory.hpp:94:32:[m[K   required from ‘[01m[Krclcpp::SubscriptionFactory rclcpp::create_subscription_factory(CallbackT&&, const rclcpp::SubscriptionOptionsWithAllocator<AllocatorT>&, typename MessageMemoryStrategyT::SharedPtr, std::shared_ptr<rclcpp::topic_statistics::SubscriptionTopicStatistics<ROSMessageType> >) [with MessageT = mecha_control::msg::SensorStates_<std::allocator<void> >; CallbackT = std::_Bind<void (MechSeqNode::*(MechSeqNode*, std::_Placeholder<1>))()>; AllocatorT = std::allocator<void>; SubscriptionT = rclcpp::Subscription<mecha_control::msg::SensorStates_<std::allocator<void> > >; MessageMemoryStrategyT = rclcpp::message_memory_strategy::MessageMemoryStrategy<mecha_control::msg::SensorStates_<std::allocator<void> >, std::allocator<void> >; ROSMessageType = mecha_control::msg::SensorStates_<std::allocator<void> >; typename MessageMemoryStrategyT::SharedPtr = std::shared_ptr<rclcpp::message_memory_strategy::MessageMemoryStrategy<mecha_control::msg::SensorStates_<std::allocator<void> >, std::allocator<void> > >][m[K’
[1.823s] [01m[K/opt/ros/humble/include/rclcpp/rclcpp/create_subscription.hpp:122:63:[m[K   required from ‘[01m[Kstd::shared_ptr<ROSMessageT> rclcpp::detail::create_subscription(NodeParametersT&, NodeTopicsT&, const string&, const rclcpp::QoS&, CallbackT&&, const rclcpp::SubscriptionOptionsWithAllocator<AllocatorT>&, typename MessageMemoryStrategyT::SharedPtr) [with MessageT = mecha_control::msg::SensorStates_<std::allocator<void> >; CallbackT = std::_Bind<void (MechSeqNode::*(MechSeqNode*, std::_Placeholder<1>))()>; AllocatorT = std::allocator<void>; SubscriptionT = rclcpp::Subscription<mecha_control::msg::SensorStates_<std::allocator<void> > >; MessageMemoryStrategyT = rclcpp::message_memory_strategy::MessageMemoryStrategy<mecha_control::msg::SensorStates_<std::allocator<void> >, std::allocator<void> >; NodeParametersT = rclcpp::Node; NodeTopicsT = rclcpp::Node; ROSMessageType = mecha_control::msg::SensorStates_<std::allocator<void> >; std::string = std::__cxx11::basic_string<char>; typename MessageMemoryStrategyT::SharedPtr = std::shared_ptr<rclcpp::message_memory_strategy::MessageMemoryStrategy<mecha_control::msg::SensorStates_<std::allocator<void> >, std::allocator<void> > >][m[K’
[1.823s] [01m[K/opt/ros/humble/include/rclcpp/rclcpp/create_subscription.hpp:191:76:[m[K   required from ‘[01m[Kstd::shared_ptr<ROSMessageT> rclcpp::create_subscription(NodeT&, const string&, const rclcpp::QoS&, CallbackT&&, const rclcpp::SubscriptionOptionsWithAllocator<AllocatorT>&, typename MessageMemoryStrategyT::SharedPtr) [with MessageT = mecha_control::msg::SensorStates_<std::allocator<void> >; CallbackT = std::_Bind<void (MechSeqNode::*(MechSeqNode*, std::_Placeholder<1>))()>; AllocatorT = std::allocator<void>; SubscriptionT = rclcpp::Subscription<mecha_control::msg::SensorStates_<std::allocator<void> > >; MessageMemoryStrategyT = rclcpp::message_memory_strategy::MessageMemoryStrategy<mecha_control::msg::SensorStates_<std::allocator<void> >, std::allocator<void> >; NodeT = rclcpp::Node; std::string = std::__cxx11::basic_string<char>; typename MessageMemoryStrategyT::SharedPtr = std::shared_ptr<rclcpp::message_memory_strategy::MessageMemoryStrategy<mecha_control::msg::SensorStates_<std::allocator<void> >, std::allocator<void> > >][m[K’
[1.823s] [01m[K/opt/ros/humble/include/rclcpp/rclcpp/node_impl.hpp:99:47:[m[K   required from ‘[01m[Kstd::shared_ptr<ROSMessageT> rclcpp::Node::create_subscription(const string&, const rclcpp::QoS&, CallbackT&&, const rclcpp::SubscriptionOptionsWithAllocator<AllocatorT>&, typename MessageMemoryStrategyT::SharedPtr) [with MessageT = mecha_control::msg::SensorStates_<std::allocator<void> >; CallbackT = std::_Bind<void (MechSeqNode::*(MechSeqNode*, std::_Placeholder<1>))()>; AllocatorT = std::allocator<void>; SubscriptionT = rclcpp::Subscription<mecha_control::msg::SensorStates_<std::allocator<void> > >; MessageMemoryStrategyT = rclcpp::message_memory_strategy::MessageMemoryStrategy<mecha_control::msg::SensorStates_<std::allocator<void> >, std::allocator<void> >; std::string = std::__cxx11::basic_string<char>; typename MessageMemoryStrategyT::SharedPtr = std::shared_ptr<rclcpp::message_memory_strategy::MessageMemoryStrategy<mecha_control::msg::SensorStates_<std::allocator<void> >, std::allocator<void> > >][m[K’
[1.823s] [01m[K/ROS_ws/src/mecha_control/src/cmd_seq.cpp:21:81:[m[K   required from here
[1.823s] [01m[K/usr/include/c++/11/type_traits:2211:11:[m[K [01;31m[Kerror: [m[Kno type named ‘[01m[Ktype[m[K’ in ‘[01m[Kstruct std::enable_if<false, void>[m[K’
[1.823s]  2211 |     using [01;31m[K__enable_if_t[m[K = typename enable_if<_Cond, _Tp>::type;
[1.823s]       |           [01;31m[K^~~~~~~~~~~~~[m[K
[1.823s] In file included from [01m[K/usr/include/c++/11/future:47[m[K,
[1.823s]                  from [01m[K/opt/ros/humble/include/rclcpp/rclcpp/executors.hpp:18[m[K,
[1.823s]                  from [01m[K/opt/ros/humble/include/rclcpp/rclcpp/rclcpp.hpp:155[m[K,
[1.823s]                  from [01m[K/ROS_ws/src/mecha_control/src/cmd_seq.cpp:1[m[K:
[1.823s] /opt/ros/humble/include/rclcpp/rclcpp/any_subscription_callback.hpp: In instantiation of ‘[01m[Krclcpp::AnySubscriptionCallback<MessageT, AllocatorT> rclcpp::AnySubscriptionCallback<MessageT, AllocatorT>::set(CallbackT) [with CallbackT = std::_Bind<void (MechSeqNode::*(MechSeqNode*, std::_Placeholder<1>))()>; MessageT = mecha_control::msg::SensorStates_<std::allocator<void> >; AllocatorT = std::allocator<void>][m[K’:
[1.823s] [01m[K/opt/ros/humble/include/rclcpp/rclcpp/subscription_factory.hpp:94:32:[m[K   required from ‘[01m[Krclcpp::SubscriptionFactory rclcpp::create_subscription_factory(CallbackT&&, const rclcpp::SubscriptionOptionsWithAllocator<AllocatorT>&, typename MessageMemoryStrategyT::SharedPtr, std::shared_ptr<rclcpp::topic_statistics::SubscriptionTopicStatistics<ROSMessageType> >) [with MessageT = mecha_control::msg::SensorStates_<std::allocator<void> >; CallbackT = std::_Bind<void (MechSeqNode::*(MechSeqNode*, std::_Placeholder<1>))()>; AllocatorT = std::allocator<void>; SubscriptionT = rclcpp::Subscription<mecha_control::msg::SensorStates_<std::allocator<void> > >; MessageMemoryStrategyT = rclcpp::message_memory_strategy::MessageMemoryStrategy<mecha_control::msg::SensorStates_<std::allocator<void> >, std::allocator<void> >; ROSMessageType = mecha_control::msg::SensorStates_<std::allocator<void> >; typename MessageMemoryStrategyT::SharedPtr = std::shared_ptr<rclcpp::message_memory_strategy::MessageMemoryStrategy<mecha_control::msg::SensorStates_<std::allocator<void> >, std::allocator<void> > >][m[K’
[1.823s] [01m[K/opt/ros/humble/include/rclcpp/rclcpp/create_subscription.hpp:122:63:[m[K   required from ‘[01m[Kstd::shared_ptr<ROSMessageT> rclcpp::detail::create_subscription(NodeParametersT&, NodeTopicsT&, const string&, const rclcpp::QoS&, CallbackT&&, const rclcpp::SubscriptionOptionsWithAllocator<AllocatorT>&, typename MessageMemoryStrategyT::SharedPtr) [with MessageT = mecha_control::msg::SensorStates_<std::allocator<void> >; CallbackT = std::_Bind<void (MechSeqNode::*(MechSeqNode*, std::_Placeholder<1>))()>; AllocatorT = std::allocator<void>; SubscriptionT = rclcpp::Subscription<mecha_control::msg::SensorStates_<std::allocator<void> > >; MessageMemoryStrategyT = rclcpp::message_memory_strategy::MessageMemoryStrategy<mecha_control::msg::SensorStates_<std::allocator<void> >, std::allocator<void> >; NodeParametersT = rclcpp::Node; NodeTopicsT = rclcpp::Node; ROSMessageType = mecha_control::msg::SensorStates_<std::allocator<void> >; std::string = std::__cxx11::basic_string<char>; typename MessageMemoryStrategyT::SharedPtr = std::shared_ptr<rclcpp::message_memory_strategy::MessageMemoryStrategy<mecha_control::msg::SensorStates_<std::allocator<void> >, std::allocator<void> > >][m[K’
[1.823s] [01m[K/opt/ros/humble/include/rclcpp/rclcpp/create_subscription.hpp:191:76:[m[K   required from ‘[01m[Kstd::shared_ptr<ROSMessageT> rclcpp::create_subscription(NodeT&, const string&, const rclcpp::QoS&, CallbackT&&, const rclcpp::SubscriptionOptionsWithAllocator<AllocatorT>&, typename MessageMemoryStrategyT::SharedPtr) [with MessageT = mecha_control::msg::SensorStates_<std::allocator<void> >; CallbackT = std::_Bind<void (MechSeqNode::*(MechSeqNode*, std::_Placeholder<1>))()>; AllocatorT = std::allocator<void>; SubscriptionT = rclcpp::Subscription<mecha_control::msg::SensorStates_<std::allocator<void> > >; MessageMemoryStrategyT = rclcpp::message_memory_strategy::MessageMemoryStrategy<mecha_control::msg::SensorStates_<std::allocator<void> >, std::allocator<void> >; NodeT = rclcpp::Node; std::string = std::__cxx11::basic_string<char>; typename MessageMemoryStrategyT::SharedPtr = std::shared_ptr<rclcpp::message_memory_strategy::MessageMemoryStrategy<mecha_control::msg::SensorStates_<std::allocator<void> >, std::allocator<void> > >][m[K’
[1.823s] [01m[K/opt/ros/humble/include/rclcpp/rclcpp/node_impl.hpp:99:47:[m[K   required from ‘[01m[Kstd::shared_ptr<ROSMessageT> rclcpp::Node::create_subscription(const string&, const rclcpp::QoS&, CallbackT&&, const rclcpp::SubscriptionOptionsWithAllocator<AllocatorT>&, typename MessageMemoryStrategyT::SharedPtr) [with MessageT = mecha_control::msg::SensorStates_<std::allocator<void> >; CallbackT = std::_Bind<void (MechSeqNode::*(MechSeqNode*, std::_Placeholder<1>))()>; AllocatorT = std::allocator<void>; SubscriptionT = rclcpp::Subscription<mecha_control::msg::SensorStates_<std::allocator<void> > >; MessageMemoryStrategyT = rclcpp::message_memory_strategy::MessageMemoryStrategy<mecha_control::msg::SensorStates_<std::allocator<void> >, std::allocator<void> >; std::string = std::__cxx11::basic_string<char>; typename MessageMemoryStrategyT::SharedPtr = std::shared_ptr<rclcpp::message_memory_strategy::MessageMemoryStrategy<mecha_control::msg::SensorStates_<std::allocator<void> >, std::allocator<void> > >][m[K’
[1.823s] [01m[K/ROS_ws/src/mecha_control/src/cmd_seq.cpp:21:81:[m[K   required from here
[1.823s] [01m[K/usr/include/c++/11/bits/std_function.h:404:7:[m[K [01;36m[Knote: [m[Kcandidate: ‘[01m[Kstd::function<_Res(_ArgTypes ...)>::function(std::function<_Res(_ArgTypes ...)>&&) [with _Res = void; _ArgTypes = {}][m[K’
[1.823s]   404 |       [01;36m[Kfunction[m[K(function&& __x) noexcept
[1.823s]       |       [01;36m[K^~~~~~~~[m[K
[1.824s] [01m[K/usr/include/c++/11/bits/std_function.h:404:27:[m[K [01;36m[Knote: [m[K  no known conversion for argument 1 from ‘[01m[Kstd::_Bind<void (MechSeqNode::*(MechSeqNode*, std::_Placeholder<1>))()>[m[K’ to ‘[01m[Kstd::function<void()>&&[m[K’
[1.824s]   404 |       function([01;36m[Kfunction&& __x[m[K) noexcept
[1.824s]       |                [01;36m[K~~~~~~~~~~~^~~[m[K
[1.824s] [01m[K/usr/include/c++/11/bits/std_function.h:386:7:[m[K [01;36m[Knote: [m[Kcandidate: ‘[01m[Kstd::function<_Res(_ArgTypes ...)>::function(const std::function<_Res(_ArgTypes ...)>&) [with _Res = void; _ArgTypes = {}][m[K’
[1.824s]   386 |       [01;36m[Kfunction[m[K(const function& __x)
[1.824s]       |       [01;36m[K^~~~~~~~[m[K
[1.824s] [01m[K/usr/include/c++/11/bits/std_function.h:386:32:[m[K [01;36m[Knote: [m[K  no known conversion for argument 1 from ‘[01m[Kstd::_Bind<void (MechSeqNode::*(MechSeqNode*, std::_Placeholder<1>))()>[m[K’ to ‘[01m[Kconst std::function<void()>&[m[K’
[1.824s]   386 |       function([01;36m[Kconst function& __x[m[K)
[1.824s]       |                [01;36m[K~~~~~~~~~~~~~~~~^~~[m[K
[1.824s] [01m[K/usr/include/c++/11/bits/std_function.h:375:7:[m[K [01;36m[Knote: [m[Kcandidate: ‘[01m[Kstd::function<_Res(_ArgTypes ...)>::function(std::nullptr_t) [with _Res = void; _ArgTypes = {}; std::nullptr_t = std::nullptr_t][m[K’
[1.824s]   375 |       [01;36m[Kfunction[m[K(nullptr_t) noexcept
[1.824s]       |       [01;36m[K^~~~~~~~[m[K
[1.824s] [01m[K/usr/include/c++/11/bits/std_function.h:375:16:[m[K [01;36m[Knote: [m[K  no known conversion for argument 1 from ‘[01m[Kstd::_Bind<void (MechSeqNode::*(MechSeqNode*, std::_Placeholder<1>))()>[m[K’ to ‘[01m[Kstd::nullptr_t[m[K’
[1.824s]   375 |       function([01;36m[Knullptr_t[m[K) noexcept
[1.824s]       |                [01;36m[K^~~~~~~~~[m[K
[1.824s] [01m[K/usr/include/c++/11/bits/std_function.h:368:7:[m[K [01;36m[Knote: [m[Kcandidate: ‘[01m[Kstd::function<_Res(_ArgTypes ...)>::function() [with _Res = void; _ArgTypes = {}][m[K’
[1.824s]   368 |       [01;36m[Kfunction[m[K() noexcept
[1.824s]       |       [01;36m[K^~~~~~~~[m[K
[1.824s] [01m[K/usr/include/c++/11/bits/std_function.h:368:7:[m[K [01;36m[Knote: [m[K  candidate expects 0 arguments, 1 provided
[3.080s] gmake[2]: *** [CMakeFiles/cmd_seq.dir/build.make:76: CMakeFiles/cmd_seq.dir/src/cmd_seq.cpp.o] Error 1
[3.081s] gmake[1]: *** [CMakeFiles/Makefile2:595: CMakeFiles/cmd_seq.dir/all] Error 2
[3.081s] gmake: *** [Makefile:146: all] Error 2
[3.082s] Invoked command in '/ROS_ws/build/mecha_control' returned '2': CMAKE_PREFIX_PATH=${CMAKE_PREFIX_PATH}:/opt/ros/humble /usr/bin/cmake --build /ROS_ws/build/mecha_control -- -j12 -l12
