running egg_info
creating ../../../build/calc_vel/calc_vel.egg-info
writing ../../../build/calc_vel/calc_vel.egg-info/PKG-INFO
writing dependency_links to ../../../build/calc_vel/calc_vel.egg-info/dependency_links.txt
writing entry points to ../../../build/calc_vel/calc_vel.egg-info/entry_points.txt
writing requirements to ../../../build/calc_vel/calc_vel.egg-info/requires.txt
writing top-level names to ../../../build/calc_vel/calc_vel.egg-info/top_level.txt
writing manifest file '../../../build/calc_vel/calc_vel.egg-info/SOURCES.txt'
reading manifest file '../../../build/calc_vel/calc_vel.egg-info/SOURCES.txt'
writing manifest file '../../../build/calc_vel/calc_vel.egg-info/SOURCES.txt'
running build
running build_py
creating /ROS_ws/build/calc_vel/build
creating /ROS_ws/build/calc_vel/build/lib
creating /ROS_ws/build/calc_vel/build/lib/calc_vel
copying calc_vel/pose_PI_controller.py -> /ROS_ws/build/calc_vel/build/lib/calc_vel
copying calc_vel/pose_PI_controller2.py -> /ROS_ws/build/calc_vel/build/lib/calc_vel
copying calc_vel/robot_tf_node.py -> /ROS_ws/build/calc_vel/build/lib/calc_vel
copying calc_vel/localize_node.py -> /ROS_ws/build/calc_vel/build/lib/calc_vel
copying calc_vel/__init__.py -> /ROS_ws/build/calc_vel/build/lib/calc_vel
copying calc_vel/pose_PI_simulator.py -> /ROS_ws/build/calc_vel/build/lib/calc_vel
copying calc_vel/PI_controller_class.py -> /ROS_ws/build/calc_vel/build/lib/calc_vel
copying calc_vel/path_server.py -> /ROS_ws/build/calc_vel/build/lib/calc_vel
copying calc_vel/param_control_node.py -> /ROS_ws/build/calc_vel/build/lib/calc_vel
copying calc_vel/pure_pursuit_py.py -> /ROS_ws/build/calc_vel/build/lib/calc_vel
copying calc_vel/PI_param_setter.py -> /ROS_ws/build/calc_vel/build/lib/calc_vel
copying calc_vel/stl_marker_publisher.py -> /ROS_ws/build/calc_vel/build/lib/calc_vel
/usr/lib/python3/dist-packages/setuptools/command/install.py:34: SetuptoolsDeprecationWarning: setup.py install is deprecated. Use build and pip and other standards-based tools.
  warnings.warn(
running install
running install_lib
creating /ROS_ws/install/calc_vel/lib/python3.10/site-packages/calc_vel
copying /ROS_ws/build/calc_vel/build/lib/calc_vel/pose_PI_controller.py -> /ROS_ws/install/calc_vel/lib/python3.10/site-packages/calc_vel
copying /ROS_ws/build/calc_vel/build/lib/calc_vel/pose_PI_controller2.py -> /ROS_ws/install/calc_vel/lib/python3.10/site-packages/calc_vel
copying /ROS_ws/build/calc_vel/build/lib/calc_vel/robot_tf_node.py -> /ROS_ws/install/calc_vel/lib/python3.10/site-packages/calc_vel
copying /ROS_ws/build/calc_vel/build/lib/calc_vel/localize_node.py -> /ROS_ws/install/calc_vel/lib/python3.10/site-packages/calc_vel
copying /ROS_ws/build/calc_vel/build/lib/calc_vel/__init__.py -> /ROS_ws/install/calc_vel/lib/python3.10/site-packages/calc_vel
copying /ROS_ws/build/calc_vel/build/lib/calc_vel/pose_PI_simulator.py -> /ROS_ws/install/calc_vel/lib/python3.10/site-packages/calc_vel
copying /ROS_ws/build/calc_vel/build/lib/calc_vel/PI_controller_class.py -> /ROS_ws/install/calc_vel/lib/python3.10/site-packages/calc_vel
copying /ROS_ws/build/calc_vel/build/lib/calc_vel/path_server.py -> /ROS_ws/install/calc_vel/lib/python3.10/site-packages/calc_vel
copying /ROS_ws/build/calc_vel/build/lib/calc_vel/param_control_node.py -> /ROS_ws/install/calc_vel/lib/python3.10/site-packages/calc_vel
copying /ROS_ws/build/calc_vel/build/lib/calc_vel/pure_pursuit_py.py -> /ROS_ws/install/calc_vel/lib/python3.10/site-packages/calc_vel
copying /ROS_ws/build/calc_vel/build/lib/calc_vel/PI_param_setter.py -> /ROS_ws/install/calc_vel/lib/python3.10/site-packages/calc_vel
copying /ROS_ws/build/calc_vel/build/lib/calc_vel/stl_marker_publisher.py -> /ROS_ws/install/calc_vel/lib/python3.10/site-packages/calc_vel
byte-compiling /ROS_ws/install/calc_vel/lib/python3.10/site-packages/calc_vel/pose_PI_controller.py to pose_PI_controller.cpython-310.pyc
byte-compiling /ROS_ws/install/calc_vel/lib/python3.10/site-packages/calc_vel/pose_PI_controller2.py to pose_PI_controller2.cpython-310.pyc
byte-compiling /ROS_ws/install/calc_vel/lib/python3.10/site-packages/calc_vel/robot_tf_node.py to robot_tf_node.cpython-310.pyc
byte-compiling /ROS_ws/install/calc_vel/lib/python3.10/site-packages/calc_vel/localize_node.py to localize_node.cpython-310.pyc
byte-compiling /ROS_ws/install/calc_vel/lib/python3.10/site-packages/calc_vel/__init__.py to __init__.cpython-310.pyc
byte-compiling /ROS_ws/install/calc_vel/lib/python3.10/site-packages/calc_vel/pose_PI_simulator.py to pose_PI_simulator.cpython-310.pyc
byte-compiling /ROS_ws/install/calc_vel/lib/python3.10/site-packages/calc_vel/PI_controller_class.py to PI_controller_class.cpython-310.pyc
byte-compiling /ROS_ws/install/calc_vel/lib/python3.10/site-packages/calc_vel/path_server.py to path_server.cpython-310.pyc
byte-compiling /ROS_ws/install/calc_vel/lib/python3.10/site-packages/calc_vel/param_control_node.py to param_control_node.cpython-310.pyc
byte-compiling /ROS_ws/install/calc_vel/lib/python3.10/site-packages/calc_vel/pure_pursuit_py.py to pure_pursuit_py.cpython-310.pyc
byte-compiling /ROS_ws/install/calc_vel/lib/python3.10/site-packages/calc_vel/PI_param_setter.py to PI_param_setter.cpython-310.pyc
byte-compiling /ROS_ws/install/calc_vel/lib/python3.10/site-packages/calc_vel/stl_marker_publisher.py to stl_marker_publisher.cpython-310.pyc
running install_data
creating /ROS_ws/install/calc_vel/share/ament_index
creating /ROS_ws/install/calc_vel/share/ament_index/resource_index
creating /ROS_ws/install/calc_vel/share/ament_index/resource_index/packages
copying resource/calc_vel -> /ROS_ws/install/calc_vel/share/ament_index/resource_index/packages
copying package.xml -> /ROS_ws/install/calc_vel/share/calc_vel
copying ./launch/real_pure_pursuit.launch.py -> /ROS_ws/install/calc_vel/share/calc_vel
copying ./launch/pose_PI_real.launch.py -> /ROS_ws/install/calc_vel/share/calc_vel
copying ./launch/position_accuracy.launch.py -> /ROS_ws/install/calc_vel/share/calc_vel
copying ./launch/pose_PI_simulate.launch.py -> /ROS_ws/install/calc_vel/share/calc_vel
copying ./launch/pure_pursuit.launch.py -> /ROS_ws/install/calc_vel/share/calc_vel
copying ./yaml/pi_params.yaml -> /ROS_ws/install/calc_vel/share/calc_vel
copying ./rviz/robot_tf.rviz -> /ROS_ws/install/calc_vel/share/calc_vel
copying ./mesh/field.stl -> /ROS_ws/install/calc_vel/share/calc_vel
copying ./mesh/robot.stl -> /ROS_ws/install/calc_vel/share/calc_vel
running install_egg_info
Copying ../../../build/calc_vel/calc_vel.egg-info to /ROS_ws/install/calc_vel/lib/python3.10/site-packages/calc_vel-0.0.0-py3.10.egg-info
running install_scripts
Installing PI_simulator script to /ROS_ws/install/calc_vel/lib/calc_vel
Installing goal_tf_node script to /ROS_ws/install/calc_vel/lib/calc_vel
Installing localize_node script to /ROS_ws/install/calc_vel/lib/calc_vel
Installing param_control_node script to /ROS_ws/install/calc_vel/lib/calc_vel
Installing pose_PI_controller script to /ROS_ws/install/calc_vel/lib/calc_vel
Installing robot_tf_node script to /ROS_ws/install/calc_vel/lib/calc_vel
Installing stl_marker_publisher script to /ROS_ws/install/calc_vel/lib/calc_vel
writing list of installed files to '/ROS_ws/build/calc_vel/install.log'
