[0.619s] Invoking command in '/ROS_ws/src/chassis_haru_robo2024/calc_vel': PYTHONPATH=/ROS_ws/build/calc_vel/prefix_override:/ROS_ws/install/calc_vel/lib/python3.10/site-packages:${PYTHONPATH} /usr/bin/python3 setup.py egg_info --egg-base ../../../build/calc_vel build --build-base /ROS_ws/build/calc_vel/build install --record /ROS_ws/build/calc_vel/install.log --single-version-externally-managed
[0.801s] running egg_info
[0.802s] creating ../../../build/calc_vel/calc_vel.egg-info
[0.802s] writing ../../../build/calc_vel/calc_vel.egg-info/PKG-INFO
[0.802s] writing dependency_links to ../../../build/calc_vel/calc_vel.egg-info/dependency_links.txt
[0.802s] writing entry points to ../../../build/calc_vel/calc_vel.egg-info/entry_points.txt
[0.802s] writing requirements to ../../../build/calc_vel/calc_vel.egg-info/requires.txt
[0.802s] writing top-level names to ../../../build/calc_vel/calc_vel.egg-info/top_level.txt
[0.802s] writing manifest file '../../../build/calc_vel/calc_vel.egg-info/SOURCES.txt'
[0.804s] reading manifest file '../../../build/calc_vel/calc_vel.egg-info/SOURCES.txt'
[0.805s] writing manifest file '../../../build/calc_vel/calc_vel.egg-info/SOURCES.txt'
[0.805s] running build
[0.805s] running build_py
[0.805s] creating /ROS_ws/build/calc_vel/build
[0.806s] creating /ROS_ws/build/calc_vel/build/lib
[0.806s] creating /ROS_ws/build/calc_vel/build/lib/calc_vel
[0.806s] copying calc_vel/pose_PI_controller.py -> /ROS_ws/build/calc_vel/build/lib/calc_vel
[0.806s] copying calc_vel/pose_PI_controller2.py -> /ROS_ws/build/calc_vel/build/lib/calc_vel
[0.806s] copying calc_vel/robot_tf_node.py -> /ROS_ws/build/calc_vel/build/lib/calc_vel
[0.806s] copying calc_vel/localize_node.py -> /ROS_ws/build/calc_vel/build/lib/calc_vel
[0.806s] copying calc_vel/__init__.py -> /ROS_ws/build/calc_vel/build/lib/calc_vel
[0.806s] copying calc_vel/pose_PI_simulator.py -> /ROS_ws/build/calc_vel/build/lib/calc_vel
[0.806s] copying calc_vel/PI_controller_class.py -> /ROS_ws/build/calc_vel/build/lib/calc_vel
[0.806s] copying calc_vel/path_server.py -> /ROS_ws/build/calc_vel/build/lib/calc_vel
[0.806s] copying calc_vel/param_control_node.py -> /ROS_ws/build/calc_vel/build/lib/calc_vel
[0.806s] copying calc_vel/pure_pursuit_py.py -> /ROS_ws/build/calc_vel/build/lib/calc_vel
[0.806s] copying calc_vel/PI_param_setter.py -> /ROS_ws/build/calc_vel/build/lib/calc_vel
[0.806s] copying calc_vel/stl_marker_publisher.py -> /ROS_ws/build/calc_vel/build/lib/calc_vel
[0.806s] /usr/lib/python3/dist-packages/setuptools/command/install.py:34: SetuptoolsDeprecationWarning: setup.py install is deprecated. Use build and pip and other standards-based tools.
[0.806s]   warnings.warn(
[0.807s] running install
[0.807s] running install_lib
[0.808s] creating /ROS_ws/install/calc_vel/lib/python3.10/site-packages/calc_vel
[0.808s] copying /ROS_ws/build/calc_vel/build/lib/calc_vel/pose_PI_controller.py -> /ROS_ws/install/calc_vel/lib/python3.10/site-packages/calc_vel
[0.808s] copying /ROS_ws/build/calc_vel/build/lib/calc_vel/pose_PI_controller2.py -> /ROS_ws/install/calc_vel/lib/python3.10/site-packages/calc_vel
[0.808s] copying /ROS_ws/build/calc_vel/build/lib/calc_vel/robot_tf_node.py -> /ROS_ws/install/calc_vel/lib/python3.10/site-packages/calc_vel
[0.808s] copying /ROS_ws/build/calc_vel/build/lib/calc_vel/localize_node.py -> /ROS_ws/install/calc_vel/lib/python3.10/site-packages/calc_vel
[0.808s] copying /ROS_ws/build/calc_vel/build/lib/calc_vel/__init__.py -> /ROS_ws/install/calc_vel/lib/python3.10/site-packages/calc_vel
[0.808s] copying /ROS_ws/build/calc_vel/build/lib/calc_vel/pose_PI_simulator.py -> /ROS_ws/install/calc_vel/lib/python3.10/site-packages/calc_vel
[0.808s] copying /ROS_ws/build/calc_vel/build/lib/calc_vel/PI_controller_class.py -> /ROS_ws/install/calc_vel/lib/python3.10/site-packages/calc_vel
[0.808s] copying /ROS_ws/build/calc_vel/build/lib/calc_vel/path_server.py -> /ROS_ws/install/calc_vel/lib/python3.10/site-packages/calc_vel
[0.808s] copying /ROS_ws/build/calc_vel/build/lib/calc_vel/param_control_node.py -> /ROS_ws/install/calc_vel/lib/python3.10/site-packages/calc_vel
[0.808s] copying /ROS_ws/build/calc_vel/build/lib/calc_vel/pure_pursuit_py.py -> /ROS_ws/install/calc_vel/lib/python3.10/site-packages/calc_vel
[0.808s] copying /ROS_ws/build/calc_vel/build/lib/calc_vel/PI_param_setter.py -> /ROS_ws/install/calc_vel/lib/python3.10/site-packages/calc_vel
[0.808s] copying /ROS_ws/build/calc_vel/build/lib/calc_vel/stl_marker_publisher.py -> /ROS_ws/install/calc_vel/lib/python3.10/site-packages/calc_vel
[0.808s] byte-compiling /ROS_ws/install/calc_vel/lib/python3.10/site-packages/calc_vel/pose_PI_controller.py to pose_PI_controller.cpython-310.pyc
[0.809s] byte-compiling /ROS_ws/install/calc_vel/lib/python3.10/site-packages/calc_vel/pose_PI_controller2.py to pose_PI_controller2.cpython-310.pyc
[0.810s] byte-compiling /ROS_ws/install/calc_vel/lib/python3.10/site-packages/calc_vel/robot_tf_node.py to robot_tf_node.cpython-310.pyc
[0.810s] byte-compiling /ROS_ws/install/calc_vel/lib/python3.10/site-packages/calc_vel/localize_node.py to localize_node.cpython-310.pyc
[0.811s] byte-compiling /ROS_ws/install/calc_vel/lib/python3.10/site-packages/calc_vel/__init__.py to __init__.cpython-310.pyc
[0.811s] byte-compiling /ROS_ws/install/calc_vel/lib/python3.10/site-packages/calc_vel/pose_PI_simulator.py to pose_PI_simulator.cpython-310.pyc
[0.811s] byte-compiling /ROS_ws/install/calc_vel/lib/python3.10/site-packages/calc_vel/PI_controller_class.py to PI_controller_class.cpython-310.pyc
[0.811s] byte-compiling /ROS_ws/install/calc_vel/lib/python3.10/site-packages/calc_vel/path_server.py to path_server.cpython-310.pyc
[0.811s] byte-compiling /ROS_ws/install/calc_vel/lib/python3.10/site-packages/calc_vel/param_control_node.py to param_control_node.cpython-310.pyc
[0.812s] byte-compiling /ROS_ws/install/calc_vel/lib/python3.10/site-packages/calc_vel/pure_pursuit_py.py to pure_pursuit_py.cpython-310.pyc
[0.812s] byte-compiling /ROS_ws/install/calc_vel/lib/python3.10/site-packages/calc_vel/PI_param_setter.py to PI_param_setter.cpython-310.pyc
[0.812s] byte-compiling /ROS_ws/install/calc_vel/lib/python3.10/site-packages/calc_vel/stl_marker_publisher.py to stl_marker_publisher.cpython-310.pyc
[0.813s] running install_data
[0.813s] creating /ROS_ws/install/calc_vel/share/ament_index
[0.813s] creating /ROS_ws/install/calc_vel/share/ament_index/resource_index
[0.813s] creating /ROS_ws/install/calc_vel/share/ament_index/resource_index/packages
[0.813s] copying resource/calc_vel -> /ROS_ws/install/calc_vel/share/ament_index/resource_index/packages
[0.813s] copying package.xml -> /ROS_ws/install/calc_vel/share/calc_vel
[0.813s] copying ./launch/real_pure_pursuit.launch.py -> /ROS_ws/install/calc_vel/share/calc_vel
[0.813s] copying ./launch/pose_PI_real.launch.py -> /ROS_ws/install/calc_vel/share/calc_vel
[0.813s] copying ./launch/position_accuracy.launch.py -> /ROS_ws/install/calc_vel/share/calc_vel
[0.813s] copying ./launch/pose_PI_simulate.launch.py -> /ROS_ws/install/calc_vel/share/calc_vel
[0.814s] copying ./launch/pure_pursuit.launch.py -> /ROS_ws/install/calc_vel/share/calc_vel
[0.814s] copying ./yaml/pi_params.yaml -> /ROS_ws/install/calc_vel/share/calc_vel
[0.814s] copying ./rviz/robot_tf.rviz -> /ROS_ws/install/calc_vel/share/calc_vel
[0.814s] copying ./mesh/field.stl -> /ROS_ws/install/calc_vel/share/calc_vel
[0.814s] copying ./mesh/robot.stl -> /ROS_ws/install/calc_vel/share/calc_vel
[0.814s] running install_egg_info
[0.815s] Copying ../../../build/calc_vel/calc_vel.egg-info to /ROS_ws/install/calc_vel/lib/python3.10/site-packages/calc_vel-0.0.0-py3.10.egg-info
[0.815s] running install_scripts
[0.836s] Installing PI_simulator script to /ROS_ws/install/calc_vel/lib/calc_vel
[0.836s] Installing goal_tf_node script to /ROS_ws/install/calc_vel/lib/calc_vel
[0.836s] Installing localize_node script to /ROS_ws/install/calc_vel/lib/calc_vel
[0.836s] Installing param_control_node script to /ROS_ws/install/calc_vel/lib/calc_vel
[0.837s] Installing pose_PI_controller script to /ROS_ws/install/calc_vel/lib/calc_vel
[0.837s] Installing robot_tf_node script to /ROS_ws/install/calc_vel/lib/calc_vel
[0.837s] Installing stl_marker_publisher script to /ROS_ws/install/calc_vel/lib/calc_vel
[0.838s] writing list of installed files to '/ROS_ws/build/calc_vel/install.log'
[0.863s] Invoked command in '/ROS_ws/src/chassis_haru_robo2024/calc_vel' returned '0': PYTHONPATH=/ROS_ws/build/calc_vel/prefix_override:/ROS_ws/install/calc_vel/lib/python3.10/site-packages:${PYTHONPATH} /usr/bin/python3 setup.py egg_info --egg-base ../../../build/calc_vel build --build-base /ROS_ws/build/calc_vel/build install --record /ROS_ws/build/calc_vel/install.log --single-version-externally-managed
