[0.167s] DEBUG:colcon:Command line arguments: ['/usr/bin/colcon', 'build']
[0.167s] DEBUG:colcon:Parsed command line arguments: Namespace(log_base=None, log_level=None, verb_name='build', build_base='build', install_base='install', merge_install=False, symlink_install=False, test_result_base=None, continue_on_error=False, executor='parallel', parallel_workers=12, event_handlers=None, ignore_user_meta=False, metas=['./colcon.meta'], base_paths=['.'], packages_ignore=None, packages_ignore_regex=None, paths=None, packages_up_to=None, packages_up_to_regex=None, packages_above=None, packages_above_and_dependencies=None, packages_above_depth=None, packages_select_by_dep=None, packages_skip_by_dep=None, packages_skip_up_to=None, packages_select_build_failed=False, packages_skip_build_finished=False, packages_select_test_failures=False, packages_skip_test_passed=False, packages_select=None, packages_skip=None, packages_select_regex=None, packages_skip_regex=None, packages_start=None, packages_end=None, cmake_args=None, cmake_target=None, cmake_target_skip_unavailable=False, cmake_clean_cache=False, cmake_clean_first=False, cmake_force_configure=False, ament_cmake_args=None, catkin_cmake_args=None, catkin_skip_building_tests=False, mixin_files=None, mixin=None, verb_parser=<colcon_mixin.mixin.mixin_argument.MixinArgumentDecorator object at 0x7f867179c9a0>, verb_extension=<colcon_core.verb.build.BuildVerb object at 0x7f8671f98070>, main=<bound method BuildVerb.main of <colcon_core.verb.build.BuildVerb object at 0x7f8671f98070>>, mixin_verb=('build',))
[0.185s] Level 1:colcon.colcon_core.package_discovery:discover_packages(colcon_meta) check parameters
[0.185s] INFO:colcon.colcon_metadata.package_discovery.colcon_meta:Using configuration from '/root/.colcon/metadata/default/Gazebo.meta'
[0.185s] INFO:colcon.colcon_metadata.package_discovery.colcon_meta:Using configuration from '/root/.colcon/metadata/default/fastrtps.meta'
[0.185s] Level 1:colcon.colcon_core.package_discovery:discover_packages(recursive) check parameters
[0.185s] Level 1:colcon.colcon_core.package_discovery:discover_packages(ignore) check parameters
[0.185s] Level 1:colcon.colcon_core.package_discovery:discover_packages(path) check parameters
[0.185s] Level 1:colcon.colcon_core.package_discovery:discover_packages(colcon_meta) discover
[0.185s] Level 1:colcon.colcon_core.package_discovery:discover_packages(recursive) discover
[0.186s] INFO:colcon.colcon_core.package_discovery:Crawling recursively for packages in '/ROS_ws'
[0.186s] Level 1:colcon.colcon_core.package_identification:_identify(.) by extensions ['ignore', 'ignore_ament_install']
[0.186s] Level 1:colcon.colcon_core.package_identification:_identify(.) by extension 'ignore'
[0.186s] Level 1:colcon.colcon_core.package_identification:_identify(.) by extension 'ignore_ament_install'
[0.186s] Level 1:colcon.colcon_core.package_identification:_identify(.) by extensions ['colcon_pkg']
[0.186s] Level 1:colcon.colcon_core.package_identification:_identify(.) by extension 'colcon_pkg'
[0.186s] Level 1:colcon.colcon_core.package_identification:_identify(.) by extensions ['colcon_meta']
[0.186s] Level 1:colcon.colcon_core.package_identification:_identify(.) by extension 'colcon_meta'
[0.186s] Level 1:colcon.colcon_core.package_identification:_identify(.) by extensions ['ros']
[0.186s] Level 1:colcon.colcon_core.package_identification:_identify(.) by extension 'ros'
[0.193s] Level 1:colcon.colcon_core.package_identification:_identify(.) by extensions ['cmake', 'python']
[0.193s] Level 1:colcon.colcon_core.package_identification:_identify(.) by extension 'cmake'
[0.193s] Level 1:colcon.colcon_core.package_identification:_identify(.) by extension 'python'
[0.193s] Level 1:colcon.colcon_core.package_identification:_identify(.) by extensions ['python_setup_py']
[0.193s] Level 1:colcon.colcon_core.package_identification:_identify(.) by extension 'python_setup_py'
[0.193s] Level 1:colcon.colcon_core.package_identification:_identify(build) by extensions ['ignore', 'ignore_ament_install']
[0.193s] Level 1:colcon.colcon_core.package_identification:_identify(build) by extension 'ignore'
[0.193s] Level 1:colcon.colcon_core.package_identification:_identify(build) ignored
[0.193s] Level 1:colcon.colcon_core.package_identification:_identify(install) by extensions ['ignore', 'ignore_ament_install']
[0.193s] Level 1:colcon.colcon_core.package_identification:_identify(install) by extension 'ignore'
[0.193s] Level 1:colcon.colcon_core.package_identification:_identify(install) ignored
[0.193s] Level 1:colcon.colcon_core.package_identification:_identify(log) by extensions ['ignore', 'ignore_ament_install']
[0.193s] Level 1:colcon.colcon_core.package_identification:_identify(log) by extension 'ignore'
[0.193s] Level 1:colcon.colcon_core.package_identification:_identify(log) ignored
[0.193s] Level 1:colcon.colcon_core.package_identification:_identify(src) by extensions ['ignore', 'ignore_ament_install']
[0.193s] Level 1:colcon.colcon_core.package_identification:_identify(src) by extension 'ignore'
[0.193s] Level 1:colcon.colcon_core.package_identification:_identify(src) by extension 'ignore_ament_install'
[0.193s] Level 1:colcon.colcon_core.package_identification:_identify(src) by extensions ['colcon_pkg']
[0.193s] Level 1:colcon.colcon_core.package_identification:_identify(src) by extension 'colcon_pkg'
[0.194s] Level 1:colcon.colcon_core.package_identification:_identify(src) by extensions ['colcon_meta']
[0.194s] Level 1:colcon.colcon_core.package_identification:_identify(src) by extension 'colcon_meta'
[0.194s] Level 1:colcon.colcon_core.package_identification:_identify(src) by extensions ['ros']
[0.194s] Level 1:colcon.colcon_core.package_identification:_identify(src) by extension 'ros'
[0.194s] Level 1:colcon.colcon_core.package_identification:_identify(src) by extensions ['cmake', 'python']
[0.194s] Level 1:colcon.colcon_core.package_identification:_identify(src) by extension 'cmake'
[0.194s] Level 1:colcon.colcon_core.package_identification:_identify(src) by extension 'python'
[0.194s] Level 1:colcon.colcon_core.package_identification:_identify(src) by extensions ['python_setup_py']
[0.194s] Level 1:colcon.colcon_core.package_identification:_identify(src) by extension 'python_setup_py'
[0.194s] Level 1:colcon.colcon_core.package_identification:_identify(src/mecha_control) by extensions ['ignore', 'ignore_ament_install']
[0.194s] Level 1:colcon.colcon_core.package_identification:_identify(src/mecha_control) by extension 'ignore'
[0.194s] Level 1:colcon.colcon_core.package_identification:_identify(src/mecha_control) by extension 'ignore_ament_install'
[0.194s] Level 1:colcon.colcon_core.package_identification:_identify(src/mecha_control) by extensions ['colcon_pkg']
[0.194s] Level 1:colcon.colcon_core.package_identification:_identify(src/mecha_control) by extension 'colcon_pkg'
[0.194s] Level 1:colcon.colcon_core.package_identification:_identify(src/mecha_control) by extensions ['colcon_meta']
[0.194s] Level 1:colcon.colcon_core.package_identification:_identify(src/mecha_control) by extension 'colcon_meta'
[0.194s] Level 1:colcon.colcon_core.package_identification:_identify(src/mecha_control) by extensions ['ros']
[0.194s] Level 1:colcon.colcon_core.package_identification:_identify(src/mecha_control) by extension 'ros'
[0.195s] DEBUG:colcon.colcon_core.package_identification:Package 'src/mecha_control' with type 'ros.ament_cmake' and name 'mecha_control'
[0.195s] Level 1:colcon.colcon_core.package_identification:_identify(src/nucleo_agent) by extensions ['ignore', 'ignore_ament_install']
[0.196s] Level 1:colcon.colcon_core.package_identification:_identify(src/nucleo_agent) by extension 'ignore'
[0.196s] Level 1:colcon.colcon_core.package_identification:_identify(src/nucleo_agent) by extension 'ignore_ament_install'
[0.196s] Level 1:colcon.colcon_core.package_identification:_identify(src/nucleo_agent) by extensions ['colcon_pkg']
[0.196s] Level 1:colcon.colcon_core.package_identification:_identify(src/nucleo_agent) by extension 'colcon_pkg'
[0.196s] Level 1:colcon.colcon_core.package_identification:_identify(src/nucleo_agent) by extensions ['colcon_meta']
[0.196s] Level 1:colcon.colcon_core.package_identification:_identify(src/nucleo_agent) by extension 'colcon_meta'
[0.196s] Level 1:colcon.colcon_core.package_identification:_identify(src/nucleo_agent) by extensions ['ros']
[0.196s] Level 1:colcon.colcon_core.package_identification:_identify(src/nucleo_agent) by extension 'ros'
[0.196s] DEBUG:colcon.colcon_core.package_identification:Package 'src/nucleo_agent' with type 'ros.ament_cmake' and name 'nucleo_agent'
[0.196s] Level 1:colcon.colcon_core.package_identification:_identify(src/pc_robot_controller) by extensions ['ignore', 'ignore_ament_install']
[0.196s] Level 1:colcon.colcon_core.package_identification:_identify(src/pc_robot_controller) by extension 'ignore'
[0.196s] Level 1:colcon.colcon_core.package_identification:_identify(src/pc_robot_controller) by extension 'ignore_ament_install'
[0.196s] Level 1:colcon.colcon_core.package_identification:_identify(src/pc_robot_controller) by extensions ['colcon_pkg']
[0.196s] Level 1:colcon.colcon_core.package_identification:_identify(src/pc_robot_controller) by extension 'colcon_pkg'
[0.196s] Level 1:colcon.colcon_core.package_identification:_identify(src/pc_robot_controller) by extensions ['colcon_meta']
[0.196s] Level 1:colcon.colcon_core.package_identification:_identify(src/pc_robot_controller) by extension 'colcon_meta'
[0.196s] Level 1:colcon.colcon_core.package_identification:_identify(src/pc_robot_controller) by extensions ['ros']
[0.196s] Level 1:colcon.colcon_core.package_identification:_identify(src/pc_robot_controller) by extension 'ros'
[0.197s] DEBUG:colcon.colcon_core.package_identification:Package 'src/pc_robot_controller' with type 'ros.ament_cmake' and name 'pc_robot_controller'
[0.197s] Level 1:colcon.colcon_core.package_discovery:discover_packages(recursive) using defaults
[0.197s] Level 1:colcon.colcon_core.package_discovery:discover_packages(ignore) discover
[0.197s] Level 1:colcon.colcon_core.package_discovery:discover_packages(ignore) using defaults
[0.197s] Level 1:colcon.colcon_core.package_discovery:discover_packages(path) discover
[0.197s] Level 1:colcon.colcon_core.package_discovery:discover_packages(path) using defaults
[0.211s] Level 5:colcon.colcon_core.verb:set package 'mecha_control' build argument 'cmake_args' from command line to 'None'
[0.211s] Level 5:colcon.colcon_core.verb:set package 'mecha_control' build argument 'cmake_target' from command line to 'None'
[0.211s] Level 5:colcon.colcon_core.verb:set package 'mecha_control' build argument 'cmake_target_skip_unavailable' from command line to 'False'
[0.211s] Level 5:colcon.colcon_core.verb:set package 'mecha_control' build argument 'cmake_clean_cache' from command line to 'False'
[0.211s] Level 5:colcon.colcon_core.verb:set package 'mecha_control' build argument 'cmake_clean_first' from command line to 'False'
[0.211s] Level 5:colcon.colcon_core.verb:set package 'mecha_control' build argument 'cmake_force_configure' from command line to 'False'
[0.211s] Level 5:colcon.colcon_core.verb:set package 'mecha_control' build argument 'ament_cmake_args' from command line to 'None'
[0.211s] Level 5:colcon.colcon_core.verb:set package 'mecha_control' build argument 'catkin_cmake_args' from command line to 'None'
[0.211s] Level 5:colcon.colcon_core.verb:set package 'mecha_control' build argument 'catkin_skip_building_tests' from command line to 'False'
[0.211s] DEBUG:colcon.colcon_core.verb:Building package 'mecha_control' with the following arguments: {'ament_cmake_args': None, 'build_base': '/ROS_ws/build/mecha_control', 'catkin_cmake_args': None, 'catkin_skip_building_tests': False, 'cmake_args': None, 'cmake_clean_cache': False, 'cmake_clean_first': False, 'cmake_force_configure': False, 'cmake_target': None, 'cmake_target_skip_unavailable': False, 'install_base': '/ROS_ws/install/mecha_control', 'merge_install': False, 'path': '/ROS_ws/src/mecha_control', 'symlink_install': False, 'test_result_base': None}
[0.212s] Level 5:colcon.colcon_core.verb:set package 'nucleo_agent' build argument 'cmake_args' from command line to 'None'
[0.212s] Level 5:colcon.colcon_core.verb:set package 'nucleo_agent' build argument 'cmake_target' from command line to 'None'
[0.212s] Level 5:colcon.colcon_core.verb:set package 'nucleo_agent' build argument 'cmake_target_skip_unavailable' from command line to 'False'
[0.212s] Level 5:colcon.colcon_core.verb:set package 'nucleo_agent' build argument 'cmake_clean_cache' from command line to 'False'
[0.212s] Level 5:colcon.colcon_core.verb:set package 'nucleo_agent' build argument 'cmake_clean_first' from command line to 'False'
[0.212s] Level 5:colcon.colcon_core.verb:set package 'nucleo_agent' build argument 'cmake_force_configure' from command line to 'False'
[0.212s] Level 5:colcon.colcon_core.verb:set package 'nucleo_agent' build argument 'ament_cmake_args' from command line to 'None'
[0.212s] Level 5:colcon.colcon_core.verb:set package 'nucleo_agent' build argument 'catkin_cmake_args' from command line to 'None'
[0.212s] Level 5:colcon.colcon_core.verb:set package 'nucleo_agent' build argument 'catkin_skip_building_tests' from command line to 'False'
[0.212s] DEBUG:colcon.colcon_core.verb:Building package 'nucleo_agent' with the following arguments: {'ament_cmake_args': None, 'build_base': '/ROS_ws/build/nucleo_agent', 'catkin_cmake_args': None, 'catkin_skip_building_tests': False, 'cmake_args': None, 'cmake_clean_cache': False, 'cmake_clean_first': False, 'cmake_force_configure': False, 'cmake_target': None, 'cmake_target_skip_unavailable': False, 'install_base': '/ROS_ws/install/nucleo_agent', 'merge_install': False, 'path': '/ROS_ws/src/nucleo_agent', 'symlink_install': False, 'test_result_base': None}
[0.212s] Level 5:colcon.colcon_core.verb:set package 'pc_robot_controller' build argument 'cmake_args' from command line to 'None'
[0.212s] Level 5:colcon.colcon_core.verb:set package 'pc_robot_controller' build argument 'cmake_target' from command line to 'None'
[0.212s] Level 5:colcon.colcon_core.verb:set package 'pc_robot_controller' build argument 'cmake_target_skip_unavailable' from command line to 'False'
[0.212s] Level 5:colcon.colcon_core.verb:set package 'pc_robot_controller' build argument 'cmake_clean_cache' from command line to 'False'
[0.212s] Level 5:colcon.colcon_core.verb:set package 'pc_robot_controller' build argument 'cmake_clean_first' from command line to 'False'
[0.212s] Level 5:colcon.colcon_core.verb:set package 'pc_robot_controller' build argument 'cmake_force_configure' from command line to 'False'
[0.212s] Level 5:colcon.colcon_core.verb:set package 'pc_robot_controller' build argument 'ament_cmake_args' from command line to 'None'
[0.212s] Level 5:colcon.colcon_core.verb:set package 'pc_robot_controller' build argument 'catkin_cmake_args' from command line to 'None'
[0.213s] Level 5:colcon.colcon_core.verb:set package 'pc_robot_controller' build argument 'catkin_skip_building_tests' from command line to 'False'
[0.213s] DEBUG:colcon.colcon_core.verb:Building package 'pc_robot_controller' with the following arguments: {'ament_cmake_args': None, 'build_base': '/ROS_ws/build/pc_robot_controller', 'catkin_cmake_args': None, 'catkin_skip_building_tests': False, 'cmake_args': None, 'cmake_clean_cache': False, 'cmake_clean_first': False, 'cmake_force_configure': False, 'cmake_target': None, 'cmake_target_skip_unavailable': False, 'install_base': '/ROS_ws/install/pc_robot_controller', 'merge_install': False, 'path': '/ROS_ws/src/pc_robot_controller', 'symlink_install': False, 'test_result_base': None}
[0.213s] INFO:colcon.colcon_core.executor:Executing jobs using 'parallel' executor
[0.215s] DEBUG:colcon.colcon_parallel_executor.executor.parallel:run_until_complete
[0.215s] INFO:colcon.colcon_ros.task.ament_cmake.build:Building ROS package in '/ROS_ws/src/mecha_control' with build type 'ament_cmake'
[0.215s] INFO:colcon.colcon_cmake.task.cmake.build:Building CMake package in '/ROS_ws/src/mecha_control'
[0.218s] INFO:colcon.colcon_core.plugin_system:Skipping extension 'colcon_core.shell.bat': Not used on non-Windows systems
[0.218s] INFO:colcon.colcon_core.shell:Skip shell extension 'powershell' for command environment: Not usable outside of PowerShell
[0.218s] DEBUG:colcon.colcon_core.shell:Skip shell extension 'dsv' for command environment
[0.221s] INFO:colcon.colcon_ros.task.ament_cmake.build:Building ROS package in '/ROS_ws/src/nucleo_agent' with build type 'ament_cmake'
[0.221s] INFO:colcon.colcon_cmake.task.cmake.build:Building CMake package in '/ROS_ws/src/nucleo_agent'
[0.222s] INFO:colcon.colcon_core.shell:Skip shell extension 'powershell' for command environment: Not usable outside of PowerShell
[0.222s] DEBUG:colcon.colcon_core.shell:Skip shell extension 'dsv' for command environment
[0.224s] INFO:colcon.colcon_ros.task.ament_cmake.build:Building ROS package in '/ROS_ws/src/pc_robot_controller' with build type 'ament_cmake'
[0.224s] INFO:colcon.colcon_cmake.task.cmake.build:Building CMake package in '/ROS_ws/src/pc_robot_controller'
[0.225s] INFO:colcon.colcon_core.shell:Skip shell extension 'powershell' for command environment: Not usable outside of PowerShell
[0.225s] DEBUG:colcon.colcon_core.shell:Skip shell extension 'dsv' for command environment
[0.230s] DEBUG:colcon.colcon_core.event_handler.log_command:Invoking command in '/ROS_ws/build/mecha_control': CMAKE_PREFIX_PATH=${CMAKE_PREFIX_PATH}:/opt/ros/humble /usr/bin/cmake --build /ROS_ws/build/mecha_control -- -j12 -l12
[0.233s] DEBUG:colcon.colcon_core.event_handler.log_command:Invoking command in '/ROS_ws/build/nucleo_agent': CMAKE_PREFIX_PATH=${CMAKE_PREFIX_PATH}:/opt/ros/humble /usr/bin/cmake --build /ROS_ws/build/nucleo_agent -- -j12 -l12
[0.235s] DEBUG:colcon.colcon_core.event_handler.log_command:Invoking command in '/ROS_ws/build/pc_robot_controller': CMAKE_PREFIX_PATH=${CMAKE_PREFIX_PATH}:/opt/ros/humble /usr/bin/cmake --build /ROS_ws/build/pc_robot_controller -- -j12 -l12
[0.317s] DEBUG:colcon.colcon_core.event_handler.log_command:Invoked command in '/ROS_ws/build/pc_robot_controller' returned '0': CMAKE_PREFIX_PATH=${CMAKE_PREFIX_PATH}:/opt/ros/humble /usr/bin/cmake --build /ROS_ws/build/pc_robot_controller -- -j12 -l12
[0.338s] DEBUG:colcon.colcon_core.event_handler.log_command:Invoking command in '/ROS_ws/build/pc_robot_controller': CMAKE_PREFIX_PATH=${CMAKE_PREFIX_PATH}:/opt/ros/humble /usr/bin/cmake --install /ROS_ws/build/pc_robot_controller
[0.344s] Level 1:colcon.colcon_core.environment:create_environment_scripts_only(pc_robot_controller)
[0.345s] DEBUG:colcon.colcon_core.event_handler.log_command:Invoked command in '/ROS_ws/build/pc_robot_controller' returned '0': CMAKE_PREFIX_PATH=${CMAKE_PREFIX_PATH}:/opt/ros/humble /usr/bin/cmake --install /ROS_ws/build/pc_robot_controller
[0.349s] Level 1:colcon.colcon_core.environment:checking '/ROS_ws/install/pc_robot_controller' for CMake module files
[0.349s] Level 1:colcon.colcon_core.environment:checking '/ROS_ws/install/pc_robot_controller' for CMake config files
[0.349s] Level 1:colcon.colcon_core.shell:create_environment_hook('pc_robot_controller', 'cmake_prefix_path')
[0.350s] INFO:colcon.colcon_core.shell:Creating environment hook '/ROS_ws/install/pc_robot_controller/share/pc_robot_controller/hook/cmake_prefix_path.ps1'
[0.351s] INFO:colcon.colcon_core.shell:Creating environment descriptor '/ROS_ws/install/pc_robot_controller/share/pc_robot_controller/hook/cmake_prefix_path.dsv'
[0.351s] INFO:colcon.colcon_core.shell:Creating environment hook '/ROS_ws/install/pc_robot_controller/share/pc_robot_controller/hook/cmake_prefix_path.sh'
[0.351s] Level 1:colcon.colcon_core.environment:checking '/ROS_ws/install/pc_robot_controller/lib'
[0.351s] Level 1:colcon.colcon_core.environment:checking '/ROS_ws/install/pc_robot_controller/bin'
[0.351s] Level 1:colcon.colcon_core.environment:checking '/ROS_ws/install/pc_robot_controller/lib/pkgconfig/pc_robot_controller.pc'
[0.353s] Level 1:colcon.colcon_core.environment:checking '/ROS_ws/install/pc_robot_controller/lib/python3.10/site-packages'
[0.353s] Level 1:colcon.colcon_core.environment:checking '/ROS_ws/install/pc_robot_controller/bin'
[0.353s] INFO:colcon.colcon_core.shell:Creating package script '/ROS_ws/install/pc_robot_controller/share/pc_robot_controller/package.ps1'
[0.354s] INFO:colcon.colcon_core.shell:Creating package descriptor '/ROS_ws/install/pc_robot_controller/share/pc_robot_controller/package.dsv'
[0.354s] INFO:colcon.colcon_core.shell:Creating package script '/ROS_ws/install/pc_robot_controller/share/pc_robot_controller/package.sh'
[0.355s] INFO:colcon.colcon_core.shell:Creating package script '/ROS_ws/install/pc_robot_controller/share/pc_robot_controller/package.bash'
[0.355s] INFO:colcon.colcon_core.shell:Creating package script '/ROS_ws/install/pc_robot_controller/share/pc_robot_controller/package.zsh'
[0.356s] Level 1:colcon.colcon_core.environment:create_file_with_runtime_dependencies(/ROS_ws/install/pc_robot_controller/share/colcon-core/packages/pc_robot_controller)
[0.373s] Level 1:colcon.colcon_core.environment:create_environment_scripts_only(pc_robot_controller)
[0.374s] Level 1:colcon.colcon_core.environment:checking '/ROS_ws/install/pc_robot_controller' for CMake module files
[0.374s] Level 1:colcon.colcon_core.environment:checking '/ROS_ws/install/pc_robot_controller' for CMake config files
[0.374s] Level 1:colcon.colcon_core.shell:create_environment_hook('pc_robot_controller', 'cmake_prefix_path')
[0.375s] INFO:colcon.colcon_core.shell:Creating environment hook '/ROS_ws/install/pc_robot_controller/share/pc_robot_controller/hook/cmake_prefix_path.ps1'
[0.375s] INFO:colcon.colcon_core.shell:Creating environment descriptor '/ROS_ws/install/pc_robot_controller/share/pc_robot_controller/hook/cmake_prefix_path.dsv'
[0.375s] INFO:colcon.colcon_core.shell:Creating environment hook '/ROS_ws/install/pc_robot_controller/share/pc_robot_controller/hook/cmake_prefix_path.sh'
[0.376s] Level 1:colcon.colcon_core.environment:checking '/ROS_ws/install/pc_robot_controller/lib'
[0.376s] Level 1:colcon.colcon_core.environment:checking '/ROS_ws/install/pc_robot_controller/bin'
[0.376s] Level 1:colcon.colcon_core.environment:checking '/ROS_ws/install/pc_robot_controller/lib/pkgconfig/pc_robot_controller.pc'
[0.376s] Level 1:colcon.colcon_core.environment:checking '/ROS_ws/install/pc_robot_controller/lib/python3.10/site-packages'
[0.376s] Level 1:colcon.colcon_core.environment:checking '/ROS_ws/install/pc_robot_controller/bin'
[0.377s] INFO:colcon.colcon_core.shell:Creating package script '/ROS_ws/install/pc_robot_controller/share/pc_robot_controller/package.ps1'
[0.377s] INFO:colcon.colcon_core.shell:Creating package descriptor '/ROS_ws/install/pc_robot_controller/share/pc_robot_controller/package.dsv'
[0.377s] INFO:colcon.colcon_core.shell:Creating package script '/ROS_ws/install/pc_robot_controller/share/pc_robot_controller/package.sh'
[0.378s] INFO:colcon.colcon_core.shell:Creating package script '/ROS_ws/install/pc_robot_controller/share/pc_robot_controller/package.bash'
[0.378s] INFO:colcon.colcon_core.shell:Creating package script '/ROS_ws/install/pc_robot_controller/share/pc_robot_controller/package.zsh'
[0.378s] Level 1:colcon.colcon_core.environment:create_file_with_runtime_dependencies(/ROS_ws/install/pc_robot_controller/share/colcon-core/packages/pc_robot_controller)
[0.463s] DEBUG:colcon.colcon_core.event_handler.log_command:Invoked command in '/ROS_ws/build/nucleo_agent' returned '0': CMAKE_PREFIX_PATH=${CMAKE_PREFIX_PATH}:/opt/ros/humble /usr/bin/cmake --build /ROS_ws/build/nucleo_agent -- -j12 -l12
[0.464s] DEBUG:colcon.colcon_core.event_handler.log_command:Invoked command in '/ROS_ws/build/mecha_control' returned '0': CMAKE_PREFIX_PATH=${CMAKE_PREFIX_PATH}:/opt/ros/humble /usr/bin/cmake --build /ROS_ws/build/mecha_control -- -j12 -l12
[0.491s] DEBUG:colcon.colcon_core.event_handler.log_command:Invoking command in '/ROS_ws/build/nucleo_agent': CMAKE_PREFIX_PATH=${CMAKE_PREFIX_PATH}:/opt/ros/humble /usr/bin/cmake --install /ROS_ws/build/nucleo_agent
[0.506s] DEBUG:colcon.colcon_core.event_handler.log_command:Invoking command in '/ROS_ws/build/mecha_control': CMAKE_PREFIX_PATH=${CMAKE_PREFIX_PATH}:/opt/ros/humble /usr/bin/cmake --install /ROS_ws/build/mecha_control
[0.524s] Level 1:colcon.colcon_core.environment:create_environment_scripts_only(nucleo_agent)
[0.526s] Level 1:colcon.colcon_core.environment:checking '/ROS_ws/install/nucleo_agent' for CMake module files
[0.527s] DEBUG:colcon.colcon_core.event_handler.log_command:Invoked command in '/ROS_ws/build/nucleo_agent' returned '0': CMAKE_PREFIX_PATH=${CMAKE_PREFIX_PATH}:/opt/ros/humble /usr/bin/cmake --install /ROS_ws/build/nucleo_agent
[0.527s] Level 1:colcon.colcon_core.environment:checking '/ROS_ws/install/nucleo_agent' for CMake config files
[0.527s] Level 1:colcon.colcon_core.shell:create_environment_hook('nucleo_agent', 'cmake_prefix_path')
[0.528s] INFO:colcon.colcon_core.shell:Creating environment hook '/ROS_ws/install/nucleo_agent/share/nucleo_agent/hook/cmake_prefix_path.ps1'
[0.528s] INFO:colcon.colcon_core.shell:Creating environment descriptor '/ROS_ws/install/nucleo_agent/share/nucleo_agent/hook/cmake_prefix_path.dsv'
[0.528s] INFO:colcon.colcon_core.shell:Creating environment hook '/ROS_ws/install/nucleo_agent/share/nucleo_agent/hook/cmake_prefix_path.sh'
[0.528s] Level 1:colcon.colcon_core.environment:checking '/ROS_ws/install/nucleo_agent/lib'
[0.528s] Level 1:colcon.colcon_core.shell:create_environment_hook('nucleo_agent', 'ld_library_path_lib')
[0.529s] INFO:colcon.colcon_core.shell:Creating environment hook '/ROS_ws/install/nucleo_agent/share/nucleo_agent/hook/ld_library_path_lib.ps1'
[0.530s] INFO:colcon.colcon_core.shell:Creating environment descriptor '/ROS_ws/install/nucleo_agent/share/nucleo_agent/hook/ld_library_path_lib.dsv'
[0.530s] INFO:colcon.colcon_core.shell:Creating environment hook '/ROS_ws/install/nucleo_agent/share/nucleo_agent/hook/ld_library_path_lib.sh'
[0.530s] Level 1:colcon.colcon_core.environment:checking '/ROS_ws/install/nucleo_agent/bin'
[0.530s] Level 1:colcon.colcon_core.environment:checking '/ROS_ws/install/nucleo_agent/lib/pkgconfig/nucleo_agent.pc'
[0.530s] Level 1:colcon.colcon_core.environment:checking '/ROS_ws/install/nucleo_agent/lib/python3.10/site-packages'
[0.530s] Level 1:colcon.colcon_core.environment:checking '/ROS_ws/install/nucleo_agent/bin'
[0.531s] INFO:colcon.colcon_core.shell:Creating package script '/ROS_ws/install/nucleo_agent/share/nucleo_agent/package.ps1'
[0.531s] INFO:colcon.colcon_core.shell:Creating package descriptor '/ROS_ws/install/nucleo_agent/share/nucleo_agent/package.dsv'
[0.532s] INFO:colcon.colcon_core.shell:Creating package script '/ROS_ws/install/nucleo_agent/share/nucleo_agent/package.sh'
[0.532s] INFO:colcon.colcon_core.shell:Creating package script '/ROS_ws/install/nucleo_agent/share/nucleo_agent/package.bash'
[0.532s] INFO:colcon.colcon_core.shell:Creating package script '/ROS_ws/install/nucleo_agent/share/nucleo_agent/package.zsh'
[0.532s] Level 1:colcon.colcon_core.environment:create_file_with_runtime_dependencies(/ROS_ws/install/nucleo_agent/share/colcon-core/packages/nucleo_agent)
[0.542s] Level 1:colcon.colcon_core.environment:create_environment_scripts_only(mecha_control)
[0.544s] Level 1:colcon.colcon_core.environment:checking '/ROS_ws/install/mecha_control' for CMake module files
[0.544s] DEBUG:colcon.colcon_core.event_handler.log_command:Invoked command in '/ROS_ws/build/mecha_control' returned '0': CMAKE_PREFIX_PATH=${CMAKE_PREFIX_PATH}:/opt/ros/humble /usr/bin/cmake --install /ROS_ws/build/mecha_control
[0.544s] Level 1:colcon.colcon_core.environment:checking '/ROS_ws/install/mecha_control' for CMake config files
[0.544s] Level 1:colcon.colcon_core.shell:create_environment_hook('mecha_control', 'cmake_prefix_path')
[0.545s] INFO:colcon.colcon_core.shell:Creating environment hook '/ROS_ws/install/mecha_control/share/mecha_control/hook/cmake_prefix_path.ps1'
[0.546s] INFO:colcon.colcon_core.shell:Creating environment descriptor '/ROS_ws/install/mecha_control/share/mecha_control/hook/cmake_prefix_path.dsv'
[0.546s] INFO:colcon.colcon_core.shell:Creating environment hook '/ROS_ws/install/mecha_control/share/mecha_control/hook/cmake_prefix_path.sh'
[0.546s] Level 1:colcon.colcon_core.environment:checking '/ROS_ws/install/mecha_control/lib'
[0.546s] Level 1:colcon.colcon_core.shell:create_environment_hook('mecha_control', 'ld_library_path_lib')
[0.548s] INFO:colcon.colcon_core.shell:Creating environment hook '/ROS_ws/install/mecha_control/share/mecha_control/hook/ld_library_path_lib.ps1'
[0.548s] INFO:colcon.colcon_core.shell:Creating environment descriptor '/ROS_ws/install/mecha_control/share/mecha_control/hook/ld_library_path_lib.dsv'
[0.548s] INFO:colcon.colcon_core.shell:Creating environment hook '/ROS_ws/install/mecha_control/share/mecha_control/hook/ld_library_path_lib.sh'
[0.548s] Level 1:colcon.colcon_core.environment:checking '/ROS_ws/install/mecha_control/bin'
[0.548s] Level 1:colcon.colcon_core.environment:checking '/ROS_ws/install/mecha_control/lib/pkgconfig/mecha_control.pc'
[0.548s] Level 1:colcon.colcon_core.environment:checking '/ROS_ws/install/mecha_control/lib/python3.10/site-packages'
[0.549s] Level 1:colcon.colcon_core.environment:checking '/ROS_ws/install/mecha_control/bin'
[0.550s] INFO:colcon.colcon_core.shell:Creating package script '/ROS_ws/install/mecha_control/share/mecha_control/package.ps1'
[0.550s] INFO:colcon.colcon_core.shell:Creating package descriptor '/ROS_ws/install/mecha_control/share/mecha_control/package.dsv'
[0.550s] INFO:colcon.colcon_core.shell:Creating package script '/ROS_ws/install/mecha_control/share/mecha_control/package.sh'
[0.551s] INFO:colcon.colcon_core.shell:Creating package script '/ROS_ws/install/mecha_control/share/mecha_control/package.bash'
[0.551s] INFO:colcon.colcon_core.shell:Creating package script '/ROS_ws/install/mecha_control/share/mecha_control/package.zsh'
[0.551s] Level 1:colcon.colcon_core.environment:create_file_with_runtime_dependencies(/ROS_ws/install/mecha_control/share/colcon-core/packages/mecha_control)
[0.562s] Level 1:colcon.colcon_core.environment:create_environment_scripts_only(nucleo_agent)
[0.564s] Level 1:colcon.colcon_core.environment:checking '/ROS_ws/install/nucleo_agent' for CMake module files
[0.564s] Level 1:colcon.colcon_core.environment:checking '/ROS_ws/install/nucleo_agent' for CMake config files
[0.565s] Level 1:colcon.colcon_core.shell:create_environment_hook('nucleo_agent', 'cmake_prefix_path')
[0.565s] INFO:colcon.colcon_core.shell:Creating environment hook '/ROS_ws/install/nucleo_agent/share/nucleo_agent/hook/cmake_prefix_path.ps1'
[0.566s] INFO:colcon.colcon_core.shell:Creating environment descriptor '/ROS_ws/install/nucleo_agent/share/nucleo_agent/hook/cmake_prefix_path.dsv'
[0.566s] INFO:colcon.colcon_core.shell:Creating environment hook '/ROS_ws/install/nucleo_agent/share/nucleo_agent/hook/cmake_prefix_path.sh'
[0.566s] Level 1:colcon.colcon_core.environment:checking '/ROS_ws/install/nucleo_agent/lib'
[0.567s] Level 1:colcon.colcon_core.shell:create_environment_hook('nucleo_agent', 'ld_library_path_lib')
[0.567s] INFO:colcon.colcon_core.shell:Creating environment hook '/ROS_ws/install/nucleo_agent/share/nucleo_agent/hook/ld_library_path_lib.ps1'
[0.567s] INFO:colcon.colcon_core.shell:Creating environment descriptor '/ROS_ws/install/nucleo_agent/share/nucleo_agent/hook/ld_library_path_lib.dsv'
[0.567s] INFO:colcon.colcon_core.shell:Creating environment hook '/ROS_ws/install/nucleo_agent/share/nucleo_agent/hook/ld_library_path_lib.sh'
[0.568s] Level 1:colcon.colcon_core.environment:checking '/ROS_ws/install/nucleo_agent/bin'
[0.568s] Level 1:colcon.colcon_core.environment:checking '/ROS_ws/install/nucleo_agent/lib/pkgconfig/nucleo_agent.pc'
[0.568s] Level 1:colcon.colcon_core.environment:checking '/ROS_ws/install/nucleo_agent/lib/python3.10/site-packages'
[0.568s] Level 1:colcon.colcon_core.environment:checking '/ROS_ws/install/nucleo_agent/bin'
[0.569s] INFO:colcon.colcon_core.shell:Creating package script '/ROS_ws/install/nucleo_agent/share/nucleo_agent/package.ps1'
[0.569s] INFO:colcon.colcon_core.shell:Creating package descriptor '/ROS_ws/install/nucleo_agent/share/nucleo_agent/package.dsv'
[0.569s] INFO:colcon.colcon_core.shell:Creating package script '/ROS_ws/install/nucleo_agent/share/nucleo_agent/package.sh'
[0.569s] INFO:colcon.colcon_core.shell:Creating package script '/ROS_ws/install/nucleo_agent/share/nucleo_agent/package.bash'
[0.570s] INFO:colcon.colcon_core.shell:Creating package script '/ROS_ws/install/nucleo_agent/share/nucleo_agent/package.zsh'
[0.570s] Level 1:colcon.colcon_core.environment:create_file_with_runtime_dependencies(/ROS_ws/install/nucleo_agent/share/colcon-core/packages/nucleo_agent)
[0.595s] Level 1:colcon.colcon_core.environment:create_environment_scripts_only(mecha_control)
[0.596s] Level 1:colcon.colcon_core.environment:checking '/ROS_ws/install/mecha_control' for CMake module files
[0.596s] Level 1:colcon.colcon_core.environment:checking '/ROS_ws/install/mecha_control' for CMake config files
[0.596s] Level 1:colcon.colcon_core.shell:create_environment_hook('mecha_control', 'cmake_prefix_path')
[0.597s] INFO:colcon.colcon_core.shell:Creating environment hook '/ROS_ws/install/mecha_control/share/mecha_control/hook/cmake_prefix_path.ps1'
[0.597s] INFO:colcon.colcon_core.shell:Creating environment descriptor '/ROS_ws/install/mecha_control/share/mecha_control/hook/cmake_prefix_path.dsv'
[0.597s] INFO:colcon.colcon_core.shell:Creating environment hook '/ROS_ws/install/mecha_control/share/mecha_control/hook/cmake_prefix_path.sh'
[0.598s] Level 1:colcon.colcon_core.environment:checking '/ROS_ws/install/mecha_control/lib'
[0.598s] Level 1:colcon.colcon_core.shell:create_environment_hook('mecha_control', 'ld_library_path_lib')
[0.598s] INFO:colcon.colcon_core.shell:Creating environment hook '/ROS_ws/install/mecha_control/share/mecha_control/hook/ld_library_path_lib.ps1'
[0.599s] INFO:colcon.colcon_core.shell:Creating environment descriptor '/ROS_ws/install/mecha_control/share/mecha_control/hook/ld_library_path_lib.dsv'
[0.599s] INFO:colcon.colcon_core.shell:Creating environment hook '/ROS_ws/install/mecha_control/share/mecha_control/hook/ld_library_path_lib.sh'
[0.599s] Level 1:colcon.colcon_core.environment:checking '/ROS_ws/install/mecha_control/bin'
[0.599s] Level 1:colcon.colcon_core.environment:checking '/ROS_ws/install/mecha_control/lib/pkgconfig/mecha_control.pc'
[0.599s] Level 1:colcon.colcon_core.environment:checking '/ROS_ws/install/mecha_control/lib/python3.10/site-packages'
[0.599s] Level 1:colcon.colcon_core.environment:checking '/ROS_ws/install/mecha_control/bin'
[0.600s] INFO:colcon.colcon_core.shell:Creating package script '/ROS_ws/install/mecha_control/share/mecha_control/package.ps1'
[0.600s] INFO:colcon.colcon_core.shell:Creating package descriptor '/ROS_ws/install/mecha_control/share/mecha_control/package.dsv'
[0.600s] INFO:colcon.colcon_core.shell:Creating package script '/ROS_ws/install/mecha_control/share/mecha_control/package.sh'
[0.601s] INFO:colcon.colcon_core.shell:Creating package script '/ROS_ws/install/mecha_control/share/mecha_control/package.bash'
[0.601s] INFO:colcon.colcon_core.shell:Creating package script '/ROS_ws/install/mecha_control/share/mecha_control/package.zsh'
[0.601s] Level 1:colcon.colcon_core.environment:create_file_with_runtime_dependencies(/ROS_ws/install/mecha_control/share/colcon-core/packages/mecha_control)
[0.601s] DEBUG:colcon.colcon_parallel_executor.executor.parallel:closing loop
[0.601s] DEBUG:colcon.colcon_parallel_executor.executor.parallel:loop closed
[0.601s] DEBUG:colcon.colcon_parallel_executor.executor.parallel:run_until_complete finished with '0'
[0.601s] DEBUG:colcon.colcon_core.event_reactor:joining thread
[0.605s] INFO:colcon.colcon_core.plugin_system:Skipping extension 'colcon_notification.desktop_notification.notify_send': Could not find 'notify-send'
[0.605s] INFO:colcon.colcon_core.plugin_system:Skipping extension 'colcon_notification.desktop_notification.terminal_notifier': Not used on non-Darwin systems
[0.605s] INFO:colcon.colcon_core.plugin_system:Skipping extension 'colcon_notification.desktop_notification.win32': Not used on non-Windows systems
[0.605s] INFO:colcon.colcon_notification.desktop_notification:Sending desktop notification using 'notify2'
[0.606s] DEBUG:colcon.colcon_notification.desktop_notification.notify2:Failed to initialize notify2: org.freedesktop.DBus.Error.Spawn.ExecFailed: /usr/bin/dbus-launch terminated abnormally without any error message
[0.606s] DEBUG:colcon.colcon_core.event_reactor:joined thread
[0.607s] INFO:colcon.colcon_core.shell:Creating prefix script '/ROS_ws/install/local_setup.ps1'
[0.608s] INFO:colcon.colcon_core.shell:Creating prefix util module '/ROS_ws/install/_local_setup_util_ps1.py'
[0.609s] INFO:colcon.colcon_core.shell:Creating prefix chain script '/ROS_ws/install/setup.ps1'
[0.610s] INFO:colcon.colcon_core.shell:Creating prefix script '/ROS_ws/install/local_setup.sh'
[0.610s] INFO:colcon.colcon_core.shell:Creating prefix util module '/ROS_ws/install/_local_setup_util_sh.py'
[0.610s] INFO:colcon.colcon_core.shell:Creating prefix chain script '/ROS_ws/install/setup.sh'
[0.611s] INFO:colcon.colcon_core.shell:Creating prefix script '/ROS_ws/install/local_setup.bash'
[0.611s] INFO:colcon.colcon_core.shell:Creating prefix chain script '/ROS_ws/install/setup.bash'
[0.612s] INFO:colcon.colcon_core.shell:Creating prefix script '/ROS_ws/install/local_setup.zsh'
[0.612s] INFO:colcon.colcon_core.shell:Creating prefix chain script '/ROS_ws/install/setup.zsh'
