[0.010s] Invoking command in '/ROS_ws/build/pc_robot_controller': CMAKE_PREFIX_PATH=${CMAKE_PREFIX_PATH}:/opt/ros/humble /usr/bin/cmake /ROS_ws/src/pc_robot_controller -DCMAKE_INSTALL_PREFIX=/ROS_ws/install/pc_robot_controller
[0.058s] -- The C compiler identification is GNU 11.3.0
[0.095s] -- The CXX compiler identification is GNU 11.3.0
[0.102s] -- Detecting C compiler ABI info
[0.146s] -- Detecting C compiler ABI info - done
[0.151s] -- Check for working C compiler: /usr/bin/cc - skipped
[0.152s] -- Detecting C compile features
[0.152s] -- Detecting C compile features - done
[0.155s] -- Detecting CXX compiler ABI info
[0.202s] -- Detecting CXX compiler ABI info - done
[0.207s] -- Check for working CXX compiler: /usr/bin/c++ - skipped
[0.207s] -- Detecting CXX compile features
[0.207s] -- Detecting CXX compile features - done
[0.209s] -- Found ament_cmake: 1.3.3 (/opt/ros/humble/share/ament_cmake/cmake)
[0.317s] -- Found Python3: /usr/bin/python3.10 (found version "3.10.6") found components: Interpreter 
[0.382s] -- Found rclcpp: 16.0.3 (/opt/ros/humble/share/rclcpp/cmake)
[0.414s] -- Found rosidl_generator_c: 3.1.4 (/opt/ros/humble/share/rosidl_generator_c/cmake)
[0.418s] -- Found rosidl_adapter: 3.1.4 (/opt/ros/humble/share/rosidl_adapter/cmake)
[0.424s] -- Found rosidl_generator_cpp: 3.1.4 (/opt/ros/humble/share/rosidl_generator_cpp/cmake)
[0.435s] -- Using all available rosidl_typesupport_c: rosidl_typesupport_fastrtps_c;rosidl_typesupport_introspection_c
[0.449s] -- Using all available rosidl_typesupport_cpp: rosidl_typesupport_fastrtps_cpp;rosidl_typesupport_introspection_cpp
[0.498s] -- Found rmw_implementation_cmake: 6.1.1 (/opt/ros/humble/share/rmw_implementation_cmake/cmake)
[0.500s] -- Found rmw_fastrtps_cpp: 6.2.2 (/opt/ros/humble/share/rmw_fastrtps_cpp/cmake)
[0.564s] -- Found OpenSSL: /usr/lib/x86_64-linux-gnu/libcrypto.so (found version "3.0.2")  
[0.584s] -- Found FastRTPS: /opt/ros/humble/include  
[0.621s] -- Using RMW implementation 'rmw_fastrtps_cpp' as default
[0.628s] -- Looking for pthread.h
[0.671s] -- Looking for pthread.h - found
[0.672s] -- Performing Test CMAKE_HAVE_LIBC_PTHREAD
[0.716s] -- Performing Test CMAKE_HAVE_LIBC_PTHREAD - Success
[0.718s] -- Found Threads: TRUE  
[0.828s] -- Found rclpy: 3.3.7 (/opt/ros/humble/share/rclpy/cmake)
[0.830s] -- Found sensor_msgs: 4.2.3 (/opt/ros/humble/share/sensor_msgs/cmake)
[0.934s] -- Found rosidl_default_generators: 1.2.0 (/opt/ros/humble/share/rosidl_default_generators/cmake)
[0.949s] [31mCMake Error at CMakeLists.txt:16 (find_package):
[0.949s]   By not providing "Findraylib.cmake" in CMAKE_MODULE_PATH this project has
[0.949s]   asked CMake to find a package configuration file provided by "raylib", but
[0.949s]   CMake did not find one.
[0.949s] 
[0.949s]   Could not find a package configuration file provided by "raylib" (requested
[0.950s]   version 3.0) with any of the following names:
[0.950s] 
[0.950s]     raylibConfig.cmake
[0.950s]     raylib-config.cmake
[0.950s] 
[0.950s]   Add the installation prefix of "raylib" to CMAKE_PREFIX_PATH or set
[0.950s]   "raylib_DIR" to a directory containing one of the above files.  If "raylib"
[0.950s]   provides a separate development package or SDK, be sure it has been
[0.950s]   installed.
[0.950s] 
[0.950s] [0m
[0.950s] -- Configuring incomplete, errors occurred!
[0.950s] See also "/ROS_ws/build/pc_robot_controller/CMakeFiles/CMakeOutput.log".
[0.955s] Invoked command in '/ROS_ws/build/pc_robot_controller' returned '1': CMAKE_PREFIX_PATH=${CMAKE_PREFIX_PATH}:/opt/ros/humble /usr/bin/cmake /ROS_ws/src/pc_robot_controller -DCMAKE_INSTALL_PREFIX=/ROS_ws/install/pc_robot_controller
