[0.000000] (-) TimerEvent: {}
[0.000490] (nucleo_agent) JobQueued: {'identifier': 'nucleo_agent', 'dependencies': OrderedDict()}
[0.000569] (nucleo_agent) JobStarted: {'identifier': 'nucleo_agent'}
[0.007257] (nucleo_agent) JobProgress: {'identifier': 'nucleo_agent', 'progress': 'cmake'}
[0.007645] (nucleo_agent) JobProgress: {'identifier': 'nucleo_agent', 'progress': 'build'}
[0.008039] (nucleo_agent) Command: {'cmd': ['/usr/bin/cmake', '--build', '/ROS_ws/build/nucleo_agent', '--', '-j12', '-l12'], 'cwd': '/ROS_ws/build/nucleo_agent', 'env': OrderedDict([('SHLVL', '1'), ('LD_LIBRARY_PATH', '/opt/ros/humble/opt/rviz_ogre_vendor/lib:/opt/ros/humble/lib/x86_64-linux-gnu:/opt/ros/humble/lib'), ('HOME', '/ROS_ws'), ('ROS_PYTHON_VERSION', '3'), ('container', 'podman'), ('COLCON_PREFIX_PATH', '/ROS_ws/install'), ('ROS_DISTRO', 'humble'), ('_', '/usr/bin/colcon'), ('ROS_VERSION', '2'), ('TERM', 'xterm'), ('ROS_LOCALHOST_ONLY', '0'), ('PATH', '/opt/ros/humble/bin:/usr/local/sbin:/usr/local/bin:/usr/sbin:/usr/bin:/sbin:/bin'), ('DISPLAY', ':0'), ('LANG', 'C.UTF-8'), ('AMENT_PREFIX_PATH', '/ROS_ws/install/nucleo_agent:/opt/ros/humble'), ('PWD', '/ROS_ws/build/nucleo_agent'), ('LC_ALL', 'C.UTF-8'), ('PYTHONPATH', '/opt/ros/humble/lib/python3.10/site-packages:/opt/ros/humble/local/lib/python3.10/dist-packages'), ('COLCON', '1'), ('CMAKE_PREFIX_PATH', '/ROS_ws/install/nucleo_agent:/opt/ros/humble')]), 'shell': False}
[0.032353] (nucleo_agent) StdoutLine: {'line': b'\x1b[35m\x1b[1mConsolidate compiler generated dependencies of target nucleo_agent\x1b[0m\n'}
[0.041832] (nucleo_agent) StdoutLine: {'line': b'[ 50%] \x1b[32mBuilding CXX object CMakeFiles/nucleo_agent.dir/src/nucleo_agent.cpp.o\x1b[0m\n'}
[0.099823] (-) TimerEvent: {}
[0.200037] (-) TimerEvent: {}
[0.300282] (-) TimerEvent: {}
[0.400484] (-) TimerEvent: {}
[0.500746] (-) TimerEvent: {}
[0.600966] (-) TimerEvent: {}
[0.701172] (-) TimerEvent: {}
[0.801429] (-) TimerEvent: {}
[0.901636] (-) TimerEvent: {}
[1.001840] (-) TimerEvent: {}
[1.102044] (-) TimerEvent: {}
[1.202251] (-) TimerEvent: {}
[1.302456] (-) TimerEvent: {}
[1.402672] (-) TimerEvent: {}
[1.502918] (-) TimerEvent: {}
[1.603141] (-) TimerEvent: {}
[1.703365] (-) TimerEvent: {}
[1.803543] (-) TimerEvent: {}
[1.903742] (-) TimerEvent: {}
[2.003942] (-) TimerEvent: {}
[2.104141] (-) TimerEvent: {}
[2.204338] (-) TimerEvent: {}
[2.304540] (-) TimerEvent: {}
[2.373932] (nucleo_agent) StdoutLine: {'line': b'[100%] \x1b[32m\x1b[1mLinking CXX executable nucleo_agent\x1b[0m\n'}
[2.404624] (-) TimerEvent: {}
[2.480756] (nucleo_agent) StdoutLine: {'line': b'[100%] Built target nucleo_agent\n'}
[2.486565] (nucleo_agent) CommandEnded: {'returncode': 0}
[2.498271] (nucleo_agent) JobProgress: {'identifier': 'nucleo_agent', 'progress': 'install'}
[2.503094] (nucleo_agent) Command: {'cmd': ['/usr/bin/cmake', '--install', '/ROS_ws/build/nucleo_agent'], 'cwd': '/ROS_ws/build/nucleo_agent', 'env': OrderedDict([('SHLVL', '1'), ('LD_LIBRARY_PATH', '/opt/ros/humble/opt/rviz_ogre_vendor/lib:/opt/ros/humble/lib/x86_64-linux-gnu:/opt/ros/humble/lib'), ('HOME', '/ROS_ws'), ('ROS_PYTHON_VERSION', '3'), ('container', 'podman'), ('COLCON_PREFIX_PATH', '/ROS_ws/install'), ('ROS_DISTRO', 'humble'), ('_', '/usr/bin/colcon'), ('ROS_VERSION', '2'), ('TERM', 'xterm'), ('ROS_LOCALHOST_ONLY', '0'), ('PATH', '/opt/ros/humble/bin:/usr/local/sbin:/usr/local/bin:/usr/sbin:/usr/bin:/sbin:/bin'), ('DISPLAY', ':0'), ('LANG', 'C.UTF-8'), ('AMENT_PREFIX_PATH', '/ROS_ws/install/nucleo_agent:/opt/ros/humble'), ('PWD', '/ROS_ws/build/nucleo_agent'), ('LC_ALL', 'C.UTF-8'), ('PYTHONPATH', '/opt/ros/humble/lib/python3.10/site-packages:/opt/ros/humble/local/lib/python3.10/dist-packages'), ('COLCON', '1'), ('CMAKE_PREFIX_PATH', '/ROS_ws/install/nucleo_agent:/opt/ros/humble')]), 'shell': False}
[2.504679] (-) TimerEvent: {}
[2.507288] (nucleo_agent) StdoutLine: {'line': b'-- Install configuration: ""\n'}
[2.507402] (nucleo_agent) StdoutLine: {'line': b'-- Installing: /ROS_ws/install/nucleo_agent/lib/nucleo_agent/nucleo_agent\n'}
[2.508289] (nucleo_agent) StdoutLine: {'line': b'-- Set runtime path of "/ROS_ws/install/nucleo_agent/lib/nucleo_agent/nucleo_agent" to ""\n'}
[2.508369] (nucleo_agent) StdoutLine: {'line': b'-- Up-to-date: /ROS_ws/install/nucleo_agent/share/ament_index/resource_index/package_run_dependencies/nucleo_agent\n'}
[2.508415] (nucleo_agent) StdoutLine: {'line': b'-- Up-to-date: /ROS_ws/install/nucleo_agent/share/ament_index/resource_index/parent_prefix_path/nucleo_agent\n'}
[2.508480] (nucleo_agent) StdoutLine: {'line': b'-- Up-to-date: /ROS_ws/install/nucleo_agent/share/nucleo_agent/environment/ament_prefix_path.sh\n'}
[2.508558] (nucleo_agent) StdoutLine: {'line': b'-- Up-to-date: /ROS_ws/install/nucleo_agent/share/nucleo_agent/environment/ament_prefix_path.dsv\n'}
[2.508614] (nucleo_agent) StdoutLine: {'line': b'-- Up-to-date: /ROS_ws/install/nucleo_agent/share/nucleo_agent/environment/path.sh\n'}
[2.508654] (nucleo_agent) StdoutLine: {'line': b'-- Up-to-date: /ROS_ws/install/nucleo_agent/share/nucleo_agent/environment/path.dsv\n'}
[2.508701] (nucleo_agent) StdoutLine: {'line': b'-- Up-to-date: /ROS_ws/install/nucleo_agent/share/nucleo_agent/local_setup.bash\n'}
[2.508740] (nucleo_agent) StdoutLine: {'line': b'-- Up-to-date: /ROS_ws/install/nucleo_agent/share/nucleo_agent/local_setup.sh\n'}
[2.508778] (nucleo_agent) StdoutLine: {'line': b'-- Up-to-date: /ROS_ws/install/nucleo_agent/share/nucleo_agent/local_setup.zsh\n'}
[2.508816] (nucleo_agent) StdoutLine: {'line': b'-- Up-to-date: /ROS_ws/install/nucleo_agent/share/nucleo_agent/local_setup.dsv\n'}
[2.508859] (nucleo_agent) StdoutLine: {'line': b'-- Installing: /ROS_ws/install/nucleo_agent/share/nucleo_agent/package.dsv\n'}
[2.508903] (nucleo_agent) StdoutLine: {'line': b'-- Up-to-date: /ROS_ws/install/nucleo_agent/share/ament_index/resource_index/packages/nucleo_agent\n'}
[2.508972] (nucleo_agent) StdoutLine: {'line': b'-- Up-to-date: /ROS_ws/install/nucleo_agent/share/nucleo_agent/cmake/nucleo_agentConfig.cmake\n'}
[2.509018] (nucleo_agent) StdoutLine: {'line': b'-- Up-to-date: /ROS_ws/install/nucleo_agent/share/nucleo_agent/cmake/nucleo_agentConfig-version.cmake\n'}
[2.509061] (nucleo_agent) StdoutLine: {'line': b'-- Up-to-date: /ROS_ws/install/nucleo_agent/share/nucleo_agent/package.xml\n'}
[2.509844] (nucleo_agent) CommandEnded: {'returncode': 0}
[2.562514] (nucleo_agent) JobEnded: {'identifier': 'nucleo_agent', 'rc': 0}
[2.562943] (-) EventReactorShutdown: {}
