[0.305s] DEBUG:colcon:Command line arguments: ['/usr/bin/colcon', 'build']
[0.305s] DEBUG:colcon:Parsed command line arguments: Namespace(log_base=None, log_level=None, verb_name='build', build_base='build', install_base='install', merge_install=False, symlink_install=False, test_result_base=None, continue_on_error=False, executor='parallel', parallel_workers=12, event_handlers=None, ignore_user_meta=False, metas=['./colcon.meta'], base_paths=['.'], packages_ignore=None, packages_ignore_regex=None, paths=None, packages_up_to=None, packages_up_to_regex=None, packages_above=None, packages_above_and_dependencies=None, packages_above_depth=None, packages_select_by_dep=None, packages_skip_by_dep=None, packages_skip_up_to=None, packages_select_build_failed=False, packages_skip_build_finished=False, packages_select_test_failures=False, packages_skip_test_passed=False, packages_select=None, packages_skip=None, packages_select_regex=None, packages_skip_regex=None, packages_start=None, packages_end=None, cmake_args=None, cmake_target=None, cmake_target_skip_unavailable=False, cmake_clean_cache=False, cmake_clean_first=False, cmake_force_configure=False, ament_cmake_args=None, catkin_cmake_args=None, catkin_skip_building_tests=False, mixin_files=None, mixin=None, verb_parser=<colcon_mixin.mixin.mixin_argument.MixinArgumentDecorator object at 0x7fac3968c850>, verb_extension=<colcon_core.verb.build.BuildVerb object at 0x7fac39e63d90>, main=<bound method BuildVerb.main of <colcon_core.verb.build.BuildVerb object at 0x7fac39e63d90>>, mixin_verb=('build',))
[0.340s] Level 1:colcon.colcon_core.package_discovery:discover_packages(colcon_meta) check parameters
[0.341s] INFO:colcon.colcon_metadata.package_discovery.colcon_meta:Using configuration from '/root/.colcon/metadata/default/Gazebo.meta'
[0.342s] INFO:colcon.colcon_metadata.package_discovery.colcon_meta:Using configuration from '/root/.colcon/metadata/default/fastrtps.meta'
[0.342s] Level 1:colcon.colcon_core.package_discovery:discover_packages(recursive) check parameters
[0.342s] Level 1:colcon.colcon_core.package_discovery:discover_packages(ignore) check parameters
[0.342s] Level 1:colcon.colcon_core.package_discovery:discover_packages(path) check parameters
[0.342s] Level 1:colcon.colcon_core.package_discovery:discover_packages(colcon_meta) discover
[0.342s] Level 1:colcon.colcon_core.package_discovery:discover_packages(recursive) discover
[0.342s] INFO:colcon.colcon_core.package_discovery:Crawling recursively for packages in '/ROS_ws'
[0.342s] Level 1:colcon.colcon_core.package_identification:_identify(.) by extensions ['ignore', 'ignore_ament_install']
[0.342s] Level 1:colcon.colcon_core.package_identification:_identify(.) by extension 'ignore'
[0.342s] Level 1:colcon.colcon_core.package_identification:_identify(.) by extension 'ignore_ament_install'
[0.342s] Level 1:colcon.colcon_core.package_identification:_identify(.) by extensions ['colcon_pkg']
[0.342s] Level 1:colcon.colcon_core.package_identification:_identify(.) by extension 'colcon_pkg'
[0.342s] Level 1:colcon.colcon_core.package_identification:_identify(.) by extensions ['colcon_meta']
[0.342s] Level 1:colcon.colcon_core.package_identification:_identify(.) by extension 'colcon_meta'
[0.342s] Level 1:colcon.colcon_core.package_identification:_identify(.) by extensions ['ros']
[0.342s] Level 1:colcon.colcon_core.package_identification:_identify(.) by extension 'ros'
[0.354s] Level 1:colcon.colcon_core.package_identification:_identify(.) by extensions ['cmake', 'python']
[0.354s] Level 1:colcon.colcon_core.package_identification:_identify(.) by extension 'cmake'
[0.354s] Level 1:colcon.colcon_core.package_identification:_identify(.) by extension 'python'
[0.354s] Level 1:colcon.colcon_core.package_identification:_identify(.) by extensions ['python_setup_py']
[0.354s] Level 1:colcon.colcon_core.package_identification:_identify(.) by extension 'python_setup_py'
[0.354s] Level 1:colcon.colcon_core.package_identification:_identify(build) by extensions ['ignore', 'ignore_ament_install']
[0.354s] Level 1:colcon.colcon_core.package_identification:_identify(build) by extension 'ignore'
[0.354s] Level 1:colcon.colcon_core.package_identification:_identify(build) ignored
[0.354s] Level 1:colcon.colcon_core.package_identification:_identify(install) by extensions ['ignore', 'ignore_ament_install']
[0.354s] Level 1:colcon.colcon_core.package_identification:_identify(install) by extension 'ignore'
[0.354s] Level 1:colcon.colcon_core.package_identification:_identify(install) ignored
[0.354s] Level 1:colcon.colcon_core.package_identification:_identify(log) by extensions ['ignore', 'ignore_ament_install']
[0.354s] Level 1:colcon.colcon_core.package_identification:_identify(log) by extension 'ignore'
[0.354s] Level 1:colcon.colcon_core.package_identification:_identify(log) ignored
[0.354s] Level 1:colcon.colcon_core.package_identification:_identify(src) by extensions ['ignore', 'ignore_ament_install']
[0.355s] Level 1:colcon.colcon_core.package_identification:_identify(src) by extension 'ignore'
[0.355s] Level 1:colcon.colcon_core.package_identification:_identify(src) by extension 'ignore_ament_install'
[0.355s] Level 1:colcon.colcon_core.package_identification:_identify(src) by extensions ['colcon_pkg']
[0.355s] Level 1:colcon.colcon_core.package_identification:_identify(src) by extension 'colcon_pkg'
[0.355s] Level 1:colcon.colcon_core.package_identification:_identify(src) by extensions ['colcon_meta']
[0.355s] Level 1:colcon.colcon_core.package_identification:_identify(src) by extension 'colcon_meta'
[0.355s] Level 1:colcon.colcon_core.package_identification:_identify(src) by extensions ['ros']
[0.355s] Level 1:colcon.colcon_core.package_identification:_identify(src) by extension 'ros'
[0.355s] Level 1:colcon.colcon_core.package_identification:_identify(src) by extensions ['cmake', 'python']
[0.355s] Level 1:colcon.colcon_core.package_identification:_identify(src) by extension 'cmake'
[0.355s] Level 1:colcon.colcon_core.package_identification:_identify(src) by extension 'python'
[0.355s] Level 1:colcon.colcon_core.package_identification:_identify(src) by extensions ['python_setup_py']
[0.355s] Level 1:colcon.colcon_core.package_identification:_identify(src) by extension 'python_setup_py'
[0.355s] Level 1:colcon.colcon_core.package_identification:_identify(src/mecha_control) by extensions ['ignore', 'ignore_ament_install']
[0.355s] Level 1:colcon.colcon_core.package_identification:_identify(src/mecha_control) by extension 'ignore'
[0.355s] Level 1:colcon.colcon_core.package_identification:_identify(src/mecha_control) by extension 'ignore_ament_install'
[0.355s] Level 1:colcon.colcon_core.package_identification:_identify(src/mecha_control) by extensions ['colcon_pkg']
[0.355s] Level 1:colcon.colcon_core.package_identification:_identify(src/mecha_control) by extension 'colcon_pkg'
[0.355s] Level 1:colcon.colcon_core.package_identification:_identify(src/mecha_control) by extensions ['colcon_meta']
[0.355s] Level 1:colcon.colcon_core.package_identification:_identify(src/mecha_control) by extension 'colcon_meta'
[0.355s] Level 1:colcon.colcon_core.package_identification:_identify(src/mecha_control) by extensions ['ros']
[0.355s] Level 1:colcon.colcon_core.package_identification:_identify(src/mecha_control) by extension 'ros'
[0.358s] DEBUG:colcon.colcon_core.package_identification:Package 'src/mecha_control' with type 'ros.ament_cmake' and name 'mecha_control'
[0.358s] Level 1:colcon.colcon_core.package_identification:_identify(src/nucleo_agent) by extensions ['ignore', 'ignore_ament_install']
[0.359s] Level 1:colcon.colcon_core.package_identification:_identify(src/nucleo_agent) by extension 'ignore'
[0.359s] Level 1:colcon.colcon_core.package_identification:_identify(src/nucleo_agent) by extension 'ignore_ament_install'
[0.359s] Level 1:colcon.colcon_core.package_identification:_identify(src/nucleo_agent) by extensions ['colcon_pkg']
[0.359s] Level 1:colcon.colcon_core.package_identification:_identify(src/nucleo_agent) by extension 'colcon_pkg'
[0.359s] Level 1:colcon.colcon_core.package_identification:_identify(src/nucleo_agent) by extensions ['colcon_meta']
[0.359s] Level 1:colcon.colcon_core.package_identification:_identify(src/nucleo_agent) by extension 'colcon_meta'
[0.359s] Level 1:colcon.colcon_core.package_identification:_identify(src/nucleo_agent) by extensions ['ros']
[0.359s] Level 1:colcon.colcon_core.package_identification:_identify(src/nucleo_agent) by extension 'ros'
[0.359s] DEBUG:colcon.colcon_core.package_identification:Package 'src/nucleo_agent' with type 'ros.ament_cmake' and name 'nucleo_agent'
[0.359s] Level 1:colcon.colcon_core.package_discovery:discover_packages(recursive) using defaults
[0.359s] Level 1:colcon.colcon_core.package_discovery:discover_packages(ignore) discover
[0.359s] Level 1:colcon.colcon_core.package_discovery:discover_packages(ignore) using defaults
[0.359s] Level 1:colcon.colcon_core.package_discovery:discover_packages(path) discover
[0.359s] Level 1:colcon.colcon_core.package_discovery:discover_packages(path) using defaults
[0.383s] Level 5:colcon.colcon_core.verb:set package 'mecha_control' build argument 'cmake_args' from command line to 'None'
[0.383s] Level 5:colcon.colcon_core.verb:set package 'mecha_control' build argument 'cmake_target' from command line to 'None'
[0.384s] Level 5:colcon.colcon_core.verb:set package 'mecha_control' build argument 'cmake_target_skip_unavailable' from command line to 'False'
[0.384s] Level 5:colcon.colcon_core.verb:set package 'mecha_control' build argument 'cmake_clean_cache' from command line to 'False'
[0.384s] Level 5:colcon.colcon_core.verb:set package 'mecha_control' build argument 'cmake_clean_first' from command line to 'False'
[0.384s] Level 5:colcon.colcon_core.verb:set package 'mecha_control' build argument 'cmake_force_configure' from command line to 'False'
[0.384s] Level 5:colcon.colcon_core.verb:set package 'mecha_control' build argument 'ament_cmake_args' from command line to 'None'
[0.384s] Level 5:colcon.colcon_core.verb:set package 'mecha_control' build argument 'catkin_cmake_args' from command line to 'None'
[0.384s] Level 5:colcon.colcon_core.verb:set package 'mecha_control' build argument 'catkin_skip_building_tests' from command line to 'False'
[0.384s] DEBUG:colcon.colcon_core.verb:Building package 'mecha_control' with the following arguments: {'ament_cmake_args': None, 'build_base': '/ROS_ws/build/mecha_control', 'catkin_cmake_args': None, 'catkin_skip_building_tests': False, 'cmake_args': None, 'cmake_clean_cache': False, 'cmake_clean_first': False, 'cmake_force_configure': False, 'cmake_target': None, 'cmake_target_skip_unavailable': False, 'install_base': '/ROS_ws/install/mecha_control', 'merge_install': False, 'path': '/ROS_ws/src/mecha_control', 'symlink_install': False, 'test_result_base': None}
[0.384s] Level 5:colcon.colcon_core.verb:set package 'nucleo_agent' build argument 'cmake_args' from command line to 'None'
[0.384s] Level 5:colcon.colcon_core.verb:set package 'nucleo_agent' build argument 'cmake_target' from command line to 'None'
[0.384s] Level 5:colcon.colcon_core.verb:set package 'nucleo_agent' build argument 'cmake_target_skip_unavailable' from command line to 'False'
[0.384s] Level 5:colcon.colcon_core.verb:set package 'nucleo_agent' build argument 'cmake_clean_cache' from command line to 'False'
[0.384s] Level 5:colcon.colcon_core.verb:set package 'nucleo_agent' build argument 'cmake_clean_first' from command line to 'False'
[0.384s] Level 5:colcon.colcon_core.verb:set package 'nucleo_agent' build argument 'cmake_force_configure' from command line to 'False'
[0.384s] Level 5:colcon.colcon_core.verb:set package 'nucleo_agent' build argument 'ament_cmake_args' from command line to 'None'
[0.384s] Level 5:colcon.colcon_core.verb:set package 'nucleo_agent' build argument 'catkin_cmake_args' from command line to 'None'
[0.384s] Level 5:colcon.colcon_core.verb:set package 'nucleo_agent' build argument 'catkin_skip_building_tests' from command line to 'False'
[0.384s] DEBUG:colcon.colcon_core.verb:Building package 'nucleo_agent' with the following arguments: {'ament_cmake_args': None, 'build_base': '/ROS_ws/build/nucleo_agent', 'catkin_cmake_args': None, 'catkin_skip_building_tests': False, 'cmake_args': None, 'cmake_clean_cache': False, 'cmake_clean_first': False, 'cmake_force_configure': False, 'cmake_target': None, 'cmake_target_skip_unavailable': False, 'install_base': '/ROS_ws/install/nucleo_agent', 'merge_install': False, 'path': '/ROS_ws/src/nucleo_agent', 'symlink_install': False, 'test_result_base': None}
[0.385s] INFO:colcon.colcon_core.executor:Executing jobs using 'parallel' executor
[0.386s] DEBUG:colcon.colcon_parallel_executor.executor.parallel:run_until_complete
[0.386s] INFO:colcon.colcon_ros.task.ament_cmake.build:Building ROS package in '/ROS_ws/src/mecha_control' with build type 'ament_cmake'
[0.387s] INFO:colcon.colcon_cmake.task.cmake.build:Building CMake package in '/ROS_ws/src/mecha_control'
[0.391s] INFO:colcon.colcon_core.plugin_system:Skipping extension 'colcon_core.shell.bat': Not used on non-Windows systems
[0.391s] INFO:colcon.colcon_core.shell:Skip shell extension 'powershell' for command environment: Not usable outside of PowerShell
[0.391s] DEBUG:colcon.colcon_core.shell:Skip shell extension 'dsv' for command environment
[0.395s] INFO:colcon.colcon_ros.task.ament_cmake.build:Building ROS package in '/ROS_ws/src/nucleo_agent' with build type 'ament_cmake'
[0.396s] INFO:colcon.colcon_cmake.task.cmake.build:Building CMake package in '/ROS_ws/src/nucleo_agent'
[0.396s] INFO:colcon.colcon_core.shell:Skip shell extension 'powershell' for command environment: Not usable outside of PowerShell
[0.397s] DEBUG:colcon.colcon_core.shell:Skip shell extension 'dsv' for command environment
[0.400s] DEBUG:colcon.colcon_core.event_handler.log_command:Invoking command in '/ROS_ws/build/mecha_control': CMAKE_PREFIX_PATH=${CMAKE_PREFIX_PATH}:/opt/ros/humble /usr/bin/cmake /ROS_ws/src/mecha_control -DCMAKE_INSTALL_PREFIX=/ROS_ws/install/mecha_control
[0.407s] DEBUG:colcon.colcon_core.event_handler.log_command:Invoking command in '/ROS_ws/build/nucleo_agent': CMAKE_PREFIX_PATH=${CMAKE_PREFIX_PATH}:/opt/ros/humble /usr/bin/cmake --build /ROS_ws/build/nucleo_agent -- -j12 -l12
[0.751s] DEBUG:colcon.colcon_core.event_handler.log_command:Invoked command in '/ROS_ws/build/nucleo_agent' returned '0': CMAKE_PREFIX_PATH=${CMAKE_PREFIX_PATH}:/opt/ros/humble /usr/bin/cmake --build /ROS_ws/build/nucleo_agent -- -j12 -l12
[0.800s] DEBUG:colcon.colcon_core.event_handler.log_command:Invoking command in '/ROS_ws/build/nucleo_agent': CMAKE_PREFIX_PATH=${CMAKE_PREFIX_PATH}:/opt/ros/humble /usr/bin/cmake --install /ROS_ws/build/nucleo_agent
[0.843s] Level 1:colcon.colcon_core.environment:create_environment_scripts_only(nucleo_agent)
[0.844s] DEBUG:colcon.colcon_core.event_handler.log_command:Invoked command in '/ROS_ws/build/nucleo_agent' returned '0': CMAKE_PREFIX_PATH=${CMAKE_PREFIX_PATH}:/opt/ros/humble /usr/bin/cmake --install /ROS_ws/build/nucleo_agent
[0.848s] Level 1:colcon.colcon_core.environment:checking '/ROS_ws/install/nucleo_agent' for CMake module files
[0.848s] Level 1:colcon.colcon_core.environment:checking '/ROS_ws/install/nucleo_agent' for CMake config files
[0.848s] Level 1:colcon.colcon_core.shell:create_environment_hook('nucleo_agent', 'cmake_prefix_path')
[0.849s] INFO:colcon.colcon_core.shell:Creating environment hook '/ROS_ws/install/nucleo_agent/share/nucleo_agent/hook/cmake_prefix_path.ps1'
[0.850s] INFO:colcon.colcon_core.shell:Creating environment descriptor '/ROS_ws/install/nucleo_agent/share/nucleo_agent/hook/cmake_prefix_path.dsv'
[0.850s] INFO:colcon.colcon_core.shell:Creating environment hook '/ROS_ws/install/nucleo_agent/share/nucleo_agent/hook/cmake_prefix_path.sh'
[0.851s] Level 1:colcon.colcon_core.environment:checking '/ROS_ws/install/nucleo_agent/lib'
[0.851s] Level 1:colcon.colcon_core.shell:create_environment_hook('nucleo_agent', 'ld_library_path_lib')
[0.852s] INFO:colcon.colcon_core.shell:Creating environment hook '/ROS_ws/install/nucleo_agent/share/nucleo_agent/hook/ld_library_path_lib.ps1'
[0.852s] INFO:colcon.colcon_core.shell:Creating environment descriptor '/ROS_ws/install/nucleo_agent/share/nucleo_agent/hook/ld_library_path_lib.dsv'
[0.852s] INFO:colcon.colcon_core.shell:Creating environment hook '/ROS_ws/install/nucleo_agent/share/nucleo_agent/hook/ld_library_path_lib.sh'
[0.852s] Level 1:colcon.colcon_core.environment:checking '/ROS_ws/install/nucleo_agent/bin'
[0.852s] Level 1:colcon.colcon_core.environment:checking '/ROS_ws/install/nucleo_agent/lib/pkgconfig/nucleo_agent.pc'
[0.854s] Level 1:colcon.colcon_core.environment:checking '/ROS_ws/install/nucleo_agent/lib/python3.10/site-packages'
[0.854s] Level 1:colcon.colcon_core.environment:checking '/ROS_ws/install/nucleo_agent/bin'
[0.855s] INFO:colcon.colcon_core.shell:Creating package script '/ROS_ws/install/nucleo_agent/share/nucleo_agent/package.ps1'
[0.856s] INFO:colcon.colcon_core.shell:Creating package descriptor '/ROS_ws/install/nucleo_agent/share/nucleo_agent/package.dsv'
[0.856s] INFO:colcon.colcon_core.shell:Creating package script '/ROS_ws/install/nucleo_agent/share/nucleo_agent/package.sh'
[0.857s] INFO:colcon.colcon_core.shell:Creating package script '/ROS_ws/install/nucleo_agent/share/nucleo_agent/package.bash'
[0.857s] INFO:colcon.colcon_core.shell:Creating package script '/ROS_ws/install/nucleo_agent/share/nucleo_agent/package.zsh'
[0.858s] Level 1:colcon.colcon_core.environment:create_file_with_runtime_dependencies(/ROS_ws/install/nucleo_agent/share/colcon-core/packages/nucleo_agent)
[0.904s] Level 1:colcon.colcon_core.environment:create_environment_scripts_only(nucleo_agent)
[0.905s] Level 1:colcon.colcon_core.environment:checking '/ROS_ws/install/nucleo_agent' for CMake module files
[0.906s] Level 1:colcon.colcon_core.environment:checking '/ROS_ws/install/nucleo_agent' for CMake config files
[0.906s] Level 1:colcon.colcon_core.shell:create_environment_hook('nucleo_agent', 'cmake_prefix_path')
[0.906s] INFO:colcon.colcon_core.shell:Creating environment hook '/ROS_ws/install/nucleo_agent/share/nucleo_agent/hook/cmake_prefix_path.ps1'
[0.907s] INFO:colcon.colcon_core.shell:Creating environment descriptor '/ROS_ws/install/nucleo_agent/share/nucleo_agent/hook/cmake_prefix_path.dsv'
[0.907s] INFO:colcon.colcon_core.shell:Creating environment hook '/ROS_ws/install/nucleo_agent/share/nucleo_agent/hook/cmake_prefix_path.sh'
[0.907s] Level 1:colcon.colcon_core.environment:checking '/ROS_ws/install/nucleo_agent/lib'
[0.907s] Level 1:colcon.colcon_core.shell:create_environment_hook('nucleo_agent', 'ld_library_path_lib')
[0.908s] INFO:colcon.colcon_core.shell:Creating environment hook '/ROS_ws/install/nucleo_agent/share/nucleo_agent/hook/ld_library_path_lib.ps1'
[0.908s] INFO:colcon.colcon_core.shell:Creating environment descriptor '/ROS_ws/install/nucleo_agent/share/nucleo_agent/hook/ld_library_path_lib.dsv'
[0.908s] INFO:colcon.colcon_core.shell:Creating environment hook '/ROS_ws/install/nucleo_agent/share/nucleo_agent/hook/ld_library_path_lib.sh'
[0.909s] Level 1:colcon.colcon_core.environment:checking '/ROS_ws/install/nucleo_agent/bin'
[0.909s] Level 1:colcon.colcon_core.environment:checking '/ROS_ws/install/nucleo_agent/lib/pkgconfig/nucleo_agent.pc'
[0.909s] Level 1:colcon.colcon_core.environment:checking '/ROS_ws/install/nucleo_agent/lib/python3.10/site-packages'
[0.909s] Level 1:colcon.colcon_core.environment:checking '/ROS_ws/install/nucleo_agent/bin'
[0.910s] INFO:colcon.colcon_core.shell:Creating package script '/ROS_ws/install/nucleo_agent/share/nucleo_agent/package.ps1'
[0.910s] INFO:colcon.colcon_core.shell:Creating package descriptor '/ROS_ws/install/nucleo_agent/share/nucleo_agent/package.dsv'
[0.910s] INFO:colcon.colcon_core.shell:Creating package script '/ROS_ws/install/nucleo_agent/share/nucleo_agent/package.sh'
[0.910s] INFO:colcon.colcon_core.shell:Creating package script '/ROS_ws/install/nucleo_agent/share/nucleo_agent/package.bash'
[0.911s] INFO:colcon.colcon_core.shell:Creating package script '/ROS_ws/install/nucleo_agent/share/nucleo_agent/package.zsh'
[0.911s] Level 1:colcon.colcon_core.environment:create_file_with_runtime_dependencies(/ROS_ws/install/nucleo_agent/share/colcon-core/packages/nucleo_agent)
[2.131s] DEBUG:colcon.colcon_core.event_handler.log_command:Invoked command in '/ROS_ws/build/mecha_control' returned '0': CMAKE_PREFIX_PATH=${CMAKE_PREFIX_PATH}:/opt/ros/humble /usr/bin/cmake /ROS_ws/src/mecha_control -DCMAKE_INSTALL_PREFIX=/ROS_ws/install/mecha_control
[2.132s] DEBUG:colcon.colcon_core.event_handler.log_command:Invoking command in '/ROS_ws/build/mecha_control': CMAKE_PREFIX_PATH=${CMAKE_PREFIX_PATH}:/opt/ros/humble /usr/bin/cmake --build /ROS_ws/build/mecha_control -- -j12 -l12
[3.932s] DEBUG:colcon.colcon_core.event_handler.log_command:Invoked command in '/ROS_ws/build/mecha_control' returned '0': CMAKE_PREFIX_PATH=${CMAKE_PREFIX_PATH}:/opt/ros/humble /usr/bin/cmake --build /ROS_ws/build/mecha_control -- -j12 -l12
[3.973s] DEBUG:colcon.colcon_core.event_handler.log_command:Invoking command in '/ROS_ws/build/mecha_control': CMAKE_PREFIX_PATH=${CMAKE_PREFIX_PATH}:/opt/ros/humble /usr/bin/cmake --install /ROS_ws/build/mecha_control
[4.012s] Level 1:colcon.colcon_core.environment:create_environment_scripts_only(mecha_control)
[4.013s] Level 1:colcon.colcon_core.environment:checking '/ROS_ws/install/mecha_control' for CMake module files
[4.013s] DEBUG:colcon.colcon_core.event_handler.log_command:Invoked command in '/ROS_ws/build/mecha_control' returned '0': CMAKE_PREFIX_PATH=${CMAKE_PREFIX_PATH}:/opt/ros/humble /usr/bin/cmake --install /ROS_ws/build/mecha_control
[4.014s] Level 1:colcon.colcon_core.environment:checking '/ROS_ws/install/mecha_control' for CMake config files
[4.014s] Level 1:colcon.colcon_core.shell:create_environment_hook('mecha_control', 'cmake_prefix_path')
[4.015s] INFO:colcon.colcon_core.shell:Creating environment hook '/ROS_ws/install/mecha_control/share/mecha_control/hook/cmake_prefix_path.ps1'
[4.015s] INFO:colcon.colcon_core.shell:Creating environment descriptor '/ROS_ws/install/mecha_control/share/mecha_control/hook/cmake_prefix_path.dsv'
[4.015s] INFO:colcon.colcon_core.shell:Creating environment hook '/ROS_ws/install/mecha_control/share/mecha_control/hook/cmake_prefix_path.sh'
[4.015s] Level 1:colcon.colcon_core.environment:checking '/ROS_ws/install/mecha_control/lib'
[4.015s] Level 1:colcon.colcon_core.shell:create_environment_hook('mecha_control', 'ld_library_path_lib')
[4.016s] INFO:colcon.colcon_core.shell:Creating environment hook '/ROS_ws/install/mecha_control/share/mecha_control/hook/ld_library_path_lib.ps1'
[4.016s] INFO:colcon.colcon_core.shell:Creating environment descriptor '/ROS_ws/install/mecha_control/share/mecha_control/hook/ld_library_path_lib.dsv'
[4.016s] INFO:colcon.colcon_core.shell:Creating environment hook '/ROS_ws/install/mecha_control/share/mecha_control/hook/ld_library_path_lib.sh'
[4.017s] Level 1:colcon.colcon_core.environment:checking '/ROS_ws/install/mecha_control/bin'
[4.017s] Level 1:colcon.colcon_core.environment:checking '/ROS_ws/install/mecha_control/lib/pkgconfig/mecha_control.pc'
[4.017s] Level 1:colcon.colcon_core.environment:checking '/ROS_ws/install/mecha_control/lib/python3.10/site-packages'
[4.017s] Level 1:colcon.colcon_core.environment:checking '/ROS_ws/install/mecha_control/bin'
[4.018s] INFO:colcon.colcon_core.shell:Creating package script '/ROS_ws/install/mecha_control/share/mecha_control/package.ps1'
[4.018s] INFO:colcon.colcon_core.shell:Creating package descriptor '/ROS_ws/install/mecha_control/share/mecha_control/package.dsv'
[4.018s] INFO:colcon.colcon_core.shell:Creating package script '/ROS_ws/install/mecha_control/share/mecha_control/package.sh'
[4.018s] INFO:colcon.colcon_core.shell:Creating package script '/ROS_ws/install/mecha_control/share/mecha_control/package.bash'
[4.018s] INFO:colcon.colcon_core.shell:Creating package script '/ROS_ws/install/mecha_control/share/mecha_control/package.zsh'
[4.019s] Level 1:colcon.colcon_core.environment:create_file_with_runtime_dependencies(/ROS_ws/install/mecha_control/share/colcon-core/packages/mecha_control)
[4.060s] Level 1:colcon.colcon_core.environment:create_environment_scripts_only(mecha_control)
[4.061s] Level 1:colcon.colcon_core.environment:checking '/ROS_ws/install/mecha_control' for CMake module files
[4.061s] Level 1:colcon.colcon_core.environment:checking '/ROS_ws/install/mecha_control' for CMake config files
[4.061s] Level 1:colcon.colcon_core.shell:create_environment_hook('mecha_control', 'cmake_prefix_path')
[4.062s] INFO:colcon.colcon_core.shell:Creating environment hook '/ROS_ws/install/mecha_control/share/mecha_control/hook/cmake_prefix_path.ps1'
[4.062s] INFO:colcon.colcon_core.shell:Creating environment descriptor '/ROS_ws/install/mecha_control/share/mecha_control/hook/cmake_prefix_path.dsv'
[4.062s] INFO:colcon.colcon_core.shell:Creating environment hook '/ROS_ws/install/mecha_control/share/mecha_control/hook/cmake_prefix_path.sh'
[4.063s] Level 1:colcon.colcon_core.environment:checking '/ROS_ws/install/mecha_control/lib'
[4.063s] Level 1:colcon.colcon_core.shell:create_environment_hook('mecha_control', 'ld_library_path_lib')
[4.063s] INFO:colcon.colcon_core.shell:Creating environment hook '/ROS_ws/install/mecha_control/share/mecha_control/hook/ld_library_path_lib.ps1'
[4.063s] INFO:colcon.colcon_core.shell:Creating environment descriptor '/ROS_ws/install/mecha_control/share/mecha_control/hook/ld_library_path_lib.dsv'
[4.064s] INFO:colcon.colcon_core.shell:Creating environment hook '/ROS_ws/install/mecha_control/share/mecha_control/hook/ld_library_path_lib.sh'
[4.064s] Level 1:colcon.colcon_core.environment:checking '/ROS_ws/install/mecha_control/bin'
[4.064s] Level 1:colcon.colcon_core.environment:checking '/ROS_ws/install/mecha_control/lib/pkgconfig/mecha_control.pc'
[4.064s] Level 1:colcon.colcon_core.environment:checking '/ROS_ws/install/mecha_control/lib/python3.10/site-packages'
[4.064s] Level 1:colcon.colcon_core.environment:checking '/ROS_ws/install/mecha_control/bin'
[4.065s] INFO:colcon.colcon_core.shell:Creating package script '/ROS_ws/install/mecha_control/share/mecha_control/package.ps1'
[4.065s] INFO:colcon.colcon_core.shell:Creating package descriptor '/ROS_ws/install/mecha_control/share/mecha_control/package.dsv'
[4.065s] INFO:colcon.colcon_core.shell:Creating package script '/ROS_ws/install/mecha_control/share/mecha_control/package.sh'
[4.065s] INFO:colcon.colcon_core.shell:Creating package script '/ROS_ws/install/mecha_control/share/mecha_control/package.bash'
[4.066s] INFO:colcon.colcon_core.shell:Creating package script '/ROS_ws/install/mecha_control/share/mecha_control/package.zsh'
[4.066s] Level 1:colcon.colcon_core.environment:create_file_with_runtime_dependencies(/ROS_ws/install/mecha_control/share/colcon-core/packages/mecha_control)
[4.066s] DEBUG:colcon.colcon_parallel_executor.executor.parallel:closing loop
[4.066s] DEBUG:colcon.colcon_parallel_executor.executor.parallel:loop closed
[4.066s] DEBUG:colcon.colcon_parallel_executor.executor.parallel:run_until_complete finished with '0'
[4.066s] DEBUG:colcon.colcon_core.event_reactor:joining thread
[4.077s] INFO:colcon.colcon_core.plugin_system:Skipping extension 'colcon_notification.desktop_notification.notify_send': Could not find 'notify-send'
[4.078s] INFO:colcon.colcon_core.plugin_system:Skipping extension 'colcon_notification.desktop_notification.terminal_notifier': Not used on non-Darwin systems
[4.078s] INFO:colcon.colcon_core.plugin_system:Skipping extension 'colcon_notification.desktop_notification.win32': Not used on non-Windows systems
[4.078s] INFO:colcon.colcon_notification.desktop_notification:Sending desktop notification using 'notify2'
[4.079s] DEBUG:colcon.colcon_notification.desktop_notification.notify2:Failed to initialize notify2: org.freedesktop.DBus.Error.Spawn.ExecFailed: /usr/bin/dbus-launch terminated abnormally without any error message
[4.079s] DEBUG:colcon.colcon_core.event_reactor:joined thread
[4.080s] INFO:colcon.colcon_core.shell:Creating prefix script '/ROS_ws/install/local_setup.ps1'
[4.081s] INFO:colcon.colcon_core.shell:Creating prefix util module '/ROS_ws/install/_local_setup_util_ps1.py'
[4.082s] INFO:colcon.colcon_core.shell:Creating prefix chain script '/ROS_ws/install/setup.ps1'
[4.083s] INFO:colcon.colcon_core.shell:Creating prefix script '/ROS_ws/install/local_setup.sh'
[4.084s] INFO:colcon.colcon_core.shell:Creating prefix util module '/ROS_ws/install/_local_setup_util_sh.py'
[4.084s] INFO:colcon.colcon_core.shell:Creating prefix chain script '/ROS_ws/install/setup.sh'
[4.085s] INFO:colcon.colcon_core.shell:Creating prefix script '/ROS_ws/install/local_setup.bash'
[4.085s] INFO:colcon.colcon_core.shell:Creating prefix chain script '/ROS_ws/install/setup.bash'
[4.086s] INFO:colcon.colcon_core.shell:Creating prefix script '/ROS_ws/install/local_setup.zsh'
[4.087s] INFO:colcon.colcon_core.shell:Creating prefix chain script '/ROS_ws/install/setup.zsh'
