[0.006s] Invoking command in '/ROS_ws/build/pure_pursuit': CMAKE_PREFIX_PATH=/ROS_ws/install/robot_master:/ROS_ws/install/mecha_control:/ROS_ws/install/pure_pursuit:/ROS_ws/install/pc_robot_controller:/ROS_ws/install/odometry_calculator:/ROS_ws/install/nucleo_agent:/ROS_ws/install/localize:/ROS_ws/install/ldlidar:/ROS_ws/install/calc_wheel_vel:/ROS_ws/install/calc_vel:/opt/ros/humble LD_LIBRARY_PATH=/ROS_ws/install/mecha_control/lib:/ROS_ws/install/pure_pursuit/lib:/ROS_ws/install/nucleo_agent/lib:/opt/ros/humble/opt/rviz_ogre_vendor/lib:/opt/ros/humble/lib/x86_64-linux-gnu:/opt/ros/humble/lib /usr/bin/cmake --build /ROS_ws/build/pure_pursuit -- -j12 -l12
[0.035s] [  2%] Built target pure_pursuit__cpp
[0.035s] [ 12%] Built target pure_pursuit__rosidl_generator_c
[0.040s] [ 12%] Built target ament_cmake_python_copy_pure_pursuit
[0.049s] [ 23%] Built target pure_pursuit__rosidl_typesupport_cpp
[0.050s] [ 34%] Built target pure_pursuit__rosidl_typesupport_introspection_cpp
[0.050s] [ 44%] Built target pure_pursuit__rosidl_typesupport_fastrtps_cpp
[0.053s] [ 55%] Built target pure_pursuit__rosidl_typesupport_introspection_c
[0.054s] [ 65%] Built target pure_pursuit__rosidl_typesupport_c
[0.055s] [ 76%] Built target pure_pursuit__rosidl_typesupport_fastrtps_c
[0.066s] [ 76%] Built target pure_pursuit
[0.077s] [ 78%] Built target pure_pursuit__py
[0.090s] [ 87%] Built target pure_pursuit__rosidl_generator_py
[0.103s] [ 97%] Built target pure_pursuit__rosidl_typesupport_c__pyext
[0.103s] [ 97%] Built target pure_pursuit__rosidl_typesupport_introspection_c__pyext
[0.103s] [100%] Built target pure_pursuit__rosidl_typesupport_fastrtps_c__pyext
[0.165s] running egg_info
[0.166s] writing pure_pursuit.egg-info/PKG-INFO
[0.166s] writing dependency_links to pure_pursuit.egg-info/dependency_links.txt
[0.166s] writing top-level names to pure_pursuit.egg-info/top_level.txt
[0.167s] reading manifest file 'pure_pursuit.egg-info/SOURCES.txt'
[0.168s] writing manifest file 'pure_pursuit.egg-info/SOURCES.txt'
[0.183s] [100%] Built target ament_cmake_python_build_pure_pursuit_egg
[0.189s] Invoked command in '/ROS_ws/build/pure_pursuit' returned '0': CMAKE_PREFIX_PATH=/ROS_ws/install/robot_master:/ROS_ws/install/mecha_control:/ROS_ws/install/pure_pursuit:/ROS_ws/install/pc_robot_controller:/ROS_ws/install/odometry_calculator:/ROS_ws/install/nucleo_agent:/ROS_ws/install/localize:/ROS_ws/install/ldlidar:/ROS_ws/install/calc_wheel_vel:/ROS_ws/install/calc_vel:/opt/ros/humble LD_LIBRARY_PATH=/ROS_ws/install/mecha_control/lib:/ROS_ws/install/pure_pursuit/lib:/ROS_ws/install/nucleo_agent/lib:/opt/ros/humble/opt/rviz_ogre_vendor/lib:/opt/ros/humble/lib/x86_64-linux-gnu:/opt/ros/humble/lib /usr/bin/cmake --build /ROS_ws/build/pure_pursuit -- -j12 -l12
[0.231s] Invoking command in '/ROS_ws/build/pure_pursuit': CMAKE_PREFIX_PATH=/ROS_ws/install/robot_master:/ROS_ws/install/mecha_control:/ROS_ws/install/pure_pursuit:/ROS_ws/install/pc_robot_controller:/ROS_ws/install/odometry_calculator:/ROS_ws/install/nucleo_agent:/ROS_ws/install/localize:/ROS_ws/install/ldlidar:/ROS_ws/install/calc_wheel_vel:/ROS_ws/install/calc_vel:/opt/ros/humble LD_LIBRARY_PATH=/ROS_ws/install/mecha_control/lib:/ROS_ws/install/pure_pursuit/lib:/ROS_ws/install/nucleo_agent/lib:/opt/ros/humble/opt/rviz_ogre_vendor/lib:/opt/ros/humble/lib/x86_64-linux-gnu:/opt/ros/humble/lib /usr/bin/cmake --install /ROS_ws/build/pure_pursuit
[0.235s] -- Install configuration: ""
[0.236s] -- Up-to-date: /ROS_ws/install/pure_pursuit/share/ament_index/resource_index/rosidl_interfaces/pure_pursuit
[0.236s] -- Up-to-date: /ROS_ws/install/pure_pursuit/include/pure_pursuit/pure_pursuit
[0.236s] -- Up-to-date: /ROS_ws/install/pure_pursuit/include/pure_pursuit/pure_pursuit/action
[0.236s] -- Up-to-date: /ROS_ws/install/pure_pursuit/include/pure_pursuit/pure_pursuit/action/detail
[0.236s] -- Up-to-date: /ROS_ws/install/pure_pursuit/include/pure_pursuit/pure_pursuit/action/detail/path_and_feedback__struct.h
[0.236s] -- Up-to-date: /ROS_ws/install/pure_pursuit/include/pure_pursuit/pure_pursuit/action/detail/path_and_feedback__functions.c
[0.236s] -- Up-to-date: /ROS_ws/install/pure_pursuit/include/pure_pursuit/pure_pursuit/action/detail/path_and_feedback__functions.h
[0.236s] -- Up-to-date: /ROS_ws/install/pure_pursuit/include/pure_pursuit/pure_pursuit/action/detail/path_and_feedback__type_support.h
[0.236s] -- Up-to-date: /ROS_ws/install/pure_pursuit/include/pure_pursuit/pure_pursuit/action/path_and_feedback.h
[0.236s] -- Up-to-date: /ROS_ws/install/pure_pursuit/include/pure_pursuit/pure_pursuit/msg
[0.236s] -- Up-to-date: /ROS_ws/install/pure_pursuit/include/pure_pursuit/pure_pursuit/msg/rosidl_generator_c__visibility_control.h
[0.236s] -- Up-to-date: /ROS_ws/install/pure_pursuit/include/pure_pursuit/pure_pursuit/msg/detail
[0.236s] -- Up-to-date: /ROS_ws/install/pure_pursuit/include/pure_pursuit/pure_pursuit/msg/detail/point_and_angle__type_support.h
[0.236s] -- Up-to-date: /ROS_ws/install/pure_pursuit/include/pure_pursuit/pure_pursuit/msg/detail/path2_d_with_angles__functions.c
[0.236s] -- Up-to-date: /ROS_ws/install/pure_pursuit/include/pure_pursuit/pure_pursuit/msg/detail/point_and_angle__functions.h
[0.236s] -- Up-to-date: /ROS_ws/install/pure_pursuit/include/pure_pursuit/pure_pursuit/msg/detail/path2_d_with_angles__functions.h
[0.236s] -- Up-to-date: /ROS_ws/install/pure_pursuit/include/pure_pursuit/pure_pursuit/msg/detail/path2_d_with_angles__struct.h
[0.237s] -- Up-to-date: /ROS_ws/install/pure_pursuit/include/pure_pursuit/pure_pursuit/msg/detail/path2_d_with_angles__type_support.h
[0.237s] -- Up-to-date: /ROS_ws/install/pure_pursuit/include/pure_pursuit/pure_pursuit/msg/detail/point_and_angle__functions.c
[0.237s] -- Up-to-date: /ROS_ws/install/pure_pursuit/include/pure_pursuit/pure_pursuit/msg/detail/point_and_angle__struct.h
[0.237s] -- Up-to-date: /ROS_ws/install/pure_pursuit/include/pure_pursuit/pure_pursuit/msg/point_and_angle.h
[0.237s] -- Up-to-date: /ROS_ws/install/pure_pursuit/include/pure_pursuit/pure_pursuit/msg/path2_d_with_angles.h
[0.237s] -- Up-to-date: /ROS_ws/install/pure_pursuit/share/pure_pursuit/environment/library_path.sh
[0.237s] -- Up-to-date: /ROS_ws/install/pure_pursuit/share/pure_pursuit/environment/library_path.dsv
[0.237s] -- Up-to-date: /ROS_ws/install/pure_pursuit/lib/libpure_pursuit__rosidl_generator_c.so
[0.237s] -- Up-to-date: /ROS_ws/install/pure_pursuit/include/pure_pursuit/pure_pursuit
[0.237s] -- Up-to-date: /ROS_ws/install/pure_pursuit/include/pure_pursuit/pure_pursuit/action
[0.237s] -- Up-to-date: /ROS_ws/install/pure_pursuit/include/pure_pursuit/pure_pursuit/action/detail
[0.237s] -- Up-to-date: /ROS_ws/install/pure_pursuit/include/pure_pursuit/pure_pursuit/action/detail/path_and_feedback__rosidl_typesupport_fastrtps_c.h
[0.237s] -- Up-to-date: /ROS_ws/install/pure_pursuit/include/pure_pursuit/pure_pursuit/msg
[0.237s] -- Up-to-date: /ROS_ws/install/pure_pursuit/include/pure_pursuit/pure_pursuit/msg/detail
[0.237s] -- Up-to-date: /ROS_ws/install/pure_pursuit/include/pure_pursuit/pure_pursuit/msg/detail/path2_d_with_angles__rosidl_typesupport_fastrtps_c.h
[0.237s] -- Up-to-date: /ROS_ws/install/pure_pursuit/include/pure_pursuit/pure_pursuit/msg/detail/point_and_angle__rosidl_typesupport_fastrtps_c.h
[0.237s] -- Up-to-date: /ROS_ws/install/pure_pursuit/include/pure_pursuit/pure_pursuit/msg/rosidl_typesupport_fastrtps_c__visibility_control.h
[0.238s] -- Up-to-date: /ROS_ws/install/pure_pursuit/lib/libpure_pursuit__rosidl_typesupport_fastrtps_c.so
[0.238s] -- Up-to-date: /ROS_ws/install/pure_pursuit/include/pure_pursuit/pure_pursuit
[0.238s] -- Up-to-date: /ROS_ws/install/pure_pursuit/include/pure_pursuit/pure_pursuit/action
[0.238s] -- Up-to-date: /ROS_ws/install/pure_pursuit/include/pure_pursuit/pure_pursuit/action/detail
[0.238s] -- Up-to-date: /ROS_ws/install/pure_pursuit/include/pure_pursuit/pure_pursuit/action/detail/path_and_feedback__traits.hpp
[0.238s] -- Up-to-date: /ROS_ws/install/pure_pursuit/include/pure_pursuit/pure_pursuit/action/detail/path_and_feedback__builder.hpp
[0.238s] -- Up-to-date: /ROS_ws/install/pure_pursuit/include/pure_pursuit/pure_pursuit/action/detail/path_and_feedback__struct.hpp
[0.238s] -- Up-to-date: /ROS_ws/install/pure_pursuit/include/pure_pursuit/pure_pursuit/action/path_and_feedback.hpp
[0.238s] -- Up-to-date: /ROS_ws/install/pure_pursuit/include/pure_pursuit/pure_pursuit/msg
[0.238s] -- Up-to-date: /ROS_ws/install/pure_pursuit/include/pure_pursuit/pure_pursuit/msg/path2_d_with_angles.hpp
[0.238s] -- Up-to-date: /ROS_ws/install/pure_pursuit/include/pure_pursuit/pure_pursuit/msg/detail
[0.238s] -- Up-to-date: /ROS_ws/install/pure_pursuit/include/pure_pursuit/pure_pursuit/msg/detail/point_and_angle__struct.hpp
[0.238s] -- Up-to-date: /ROS_ws/install/pure_pursuit/include/pure_pursuit/pure_pursuit/msg/detail/point_and_angle__builder.hpp
[0.238s] -- Up-to-date: /ROS_ws/install/pure_pursuit/include/pure_pursuit/pure_pursuit/msg/detail/path2_d_with_angles__struct.hpp
[0.238s] -- Up-to-date: /ROS_ws/install/pure_pursuit/include/pure_pursuit/pure_pursuit/msg/detail/point_and_angle__traits.hpp
[0.238s] -- Up-to-date: /ROS_ws/install/pure_pursuit/include/pure_pursuit/pure_pursuit/msg/detail/path2_d_with_angles__builder.hpp
[0.238s] -- Up-to-date: /ROS_ws/install/pure_pursuit/include/pure_pursuit/pure_pursuit/msg/detail/path2_d_with_angles__traits.hpp
[0.238s] -- Up-to-date: /ROS_ws/install/pure_pursuit/include/pure_pursuit/pure_pursuit/msg/point_and_angle.hpp
[0.238s] -- Up-to-date: /ROS_ws/install/pure_pursuit/include/pure_pursuit/pure_pursuit
[0.239s] -- Up-to-date: /ROS_ws/install/pure_pursuit/include/pure_pursuit/pure_pursuit/action
[0.239s] -- Up-to-date: /ROS_ws/install/pure_pursuit/include/pure_pursuit/pure_pursuit/action/detail
[0.239s] -- Up-to-date: /ROS_ws/install/pure_pursuit/include/pure_pursuit/pure_pursuit/action/detail/dds_fastrtps
[0.239s] -- Up-to-date: /ROS_ws/install/pure_pursuit/include/pure_pursuit/pure_pursuit/action/detail/path_and_feedback__rosidl_typesupport_fastrtps_cpp.hpp
[0.239s] -- Up-to-date: /ROS_ws/install/pure_pursuit/include/pure_pursuit/pure_pursuit/msg
[0.239s] -- Up-to-date: /ROS_ws/install/pure_pursuit/include/pure_pursuit/pure_pursuit/msg/rosidl_typesupport_fastrtps_cpp__visibility_control.h
[0.239s] -- Up-to-date: /ROS_ws/install/pure_pursuit/include/pure_pursuit/pure_pursuit/msg/detail
[0.239s] -- Up-to-date: /ROS_ws/install/pure_pursuit/include/pure_pursuit/pure_pursuit/msg/detail/dds_fastrtps
[0.239s] -- Up-to-date: /ROS_ws/install/pure_pursuit/include/pure_pursuit/pure_pursuit/msg/detail/point_and_angle__rosidl_typesupport_fastrtps_cpp.hpp
[0.239s] -- Up-to-date: /ROS_ws/install/pure_pursuit/include/pure_pursuit/pure_pursuit/msg/detail/path2_d_with_angles__rosidl_typesupport_fastrtps_cpp.hpp
[0.239s] -- Up-to-date: /ROS_ws/install/pure_pursuit/lib/libpure_pursuit__rosidl_typesupport_fastrtps_cpp.so
[0.239s] -- Up-to-date: /ROS_ws/install/pure_pursuit/include/pure_pursuit/pure_pursuit
[0.239s] -- Up-to-date: /ROS_ws/install/pure_pursuit/include/pure_pursuit/pure_pursuit/action
[0.239s] -- Up-to-date: /ROS_ws/install/pure_pursuit/include/pure_pursuit/pure_pursuit/action/detail
[0.239s] -- Up-to-date: /ROS_ws/install/pure_pursuit/include/pure_pursuit/pure_pursuit/action/detail/path_and_feedback__rosidl_typesupport_introspection_c.h
[0.239s] -- Up-to-date: /ROS_ws/install/pure_pursuit/include/pure_pursuit/pure_pursuit/action/detail/path_and_feedback__type_support.c
[0.239s] -- Up-to-date: /ROS_ws/install/pure_pursuit/include/pure_pursuit/pure_pursuit/msg
[0.239s] -- Up-to-date: /ROS_ws/install/pure_pursuit/include/pure_pursuit/pure_pursuit/msg/detail
[0.239s] -- Up-to-date: /ROS_ws/install/pure_pursuit/include/pure_pursuit/pure_pursuit/msg/detail/path2_d_with_angles__rosidl_typesupport_introspection_c.h
[0.239s] -- Up-to-date: /ROS_ws/install/pure_pursuit/include/pure_pursuit/pure_pursuit/msg/detail/path2_d_with_angles__type_support.c
[0.240s] -- Up-to-date: /ROS_ws/install/pure_pursuit/include/pure_pursuit/pure_pursuit/msg/detail/point_and_angle__type_support.c
[0.240s] -- Up-to-date: /ROS_ws/install/pure_pursuit/include/pure_pursuit/pure_pursuit/msg/detail/point_and_angle__rosidl_typesupport_introspection_c.h
[0.240s] -- Up-to-date: /ROS_ws/install/pure_pursuit/include/pure_pursuit/pure_pursuit/msg/rosidl_typesupport_introspection_c__visibility_control.h
[0.240s] -- Up-to-date: /ROS_ws/install/pure_pursuit/lib/libpure_pursuit__rosidl_typesupport_introspection_c.so
[0.240s] -- Up-to-date: /ROS_ws/install/pure_pursuit/lib/libpure_pursuit__rosidl_typesupport_c.so
[0.240s] -- Up-to-date: /ROS_ws/install/pure_pursuit/include/pure_pursuit/pure_pursuit
[0.240s] -- Up-to-date: /ROS_ws/install/pure_pursuit/include/pure_pursuit/pure_pursuit/action
[0.240s] -- Up-to-date: /ROS_ws/install/pure_pursuit/include/pure_pursuit/pure_pursuit/action/detail
[0.240s] -- Up-to-date: /ROS_ws/install/pure_pursuit/include/pure_pursuit/pure_pursuit/action/detail/path_and_feedback__rosidl_typesupport_introspection_cpp.hpp
[0.240s] -- Up-to-date: /ROS_ws/install/pure_pursuit/include/pure_pursuit/pure_pursuit/action/detail/path_and_feedback__type_support.cpp
[0.240s] -- Up-to-date: /ROS_ws/install/pure_pursuit/include/pure_pursuit/pure_pursuit/msg
[0.240s] -- Up-to-date: /ROS_ws/install/pure_pursuit/include/pure_pursuit/pure_pursuit/msg/detail
[0.240s] -- Up-to-date: /ROS_ws/install/pure_pursuit/include/pure_pursuit/pure_pursuit/msg/detail/point_and_angle__type_support.cpp
[0.240s] -- Up-to-date: /ROS_ws/install/pure_pursuit/include/pure_pursuit/pure_pursuit/msg/detail/path2_d_with_angles__rosidl_typesupport_introspection_cpp.hpp
[0.240s] -- Up-to-date: /ROS_ws/install/pure_pursuit/include/pure_pursuit/pure_pursuit/msg/detail/point_and_angle__rosidl_typesupport_introspection_cpp.hpp
[0.240s] -- Up-to-date: /ROS_ws/install/pure_pursuit/include/pure_pursuit/pure_pursuit/msg/detail/path2_d_with_angles__type_support.cpp
[0.240s] -- Up-to-date: /ROS_ws/install/pure_pursuit/lib/libpure_pursuit__rosidl_typesupport_introspection_cpp.so
[0.240s] -- Up-to-date: /ROS_ws/install/pure_pursuit/lib/libpure_pursuit__rosidl_typesupport_cpp.so
[0.240s] -- Up-to-date: /ROS_ws/install/pure_pursuit/share/pure_pursuit/environment/pythonpath.sh
[0.240s] -- Up-to-date: /ROS_ws/install/pure_pursuit/share/pure_pursuit/environment/pythonpath.dsv
[0.240s] -- Up-to-date: /ROS_ws/install/pure_pursuit/local/lib/python3.10/dist-packages/pure_pursuit-0.0.0-py3.10.egg-info
[0.240s] -- Installing: /ROS_ws/install/pure_pursuit/local/lib/python3.10/dist-packages/pure_pursuit-0.0.0-py3.10.egg-info/SOURCES.txt
[0.240s] -- Installing: /ROS_ws/install/pure_pursuit/local/lib/python3.10/dist-packages/pure_pursuit-0.0.0-py3.10.egg-info/dependency_links.txt
[0.240s] -- Installing: /ROS_ws/install/pure_pursuit/local/lib/python3.10/dist-packages/pure_pursuit-0.0.0-py3.10.egg-info/PKG-INFO
[0.240s] -- Installing: /ROS_ws/install/pure_pursuit/local/lib/python3.10/dist-packages/pure_pursuit-0.0.0-py3.10.egg-info/top_level.txt
[0.240s] -- Up-to-date: /ROS_ws/install/pure_pursuit/local/lib/python3.10/dist-packages/pure_pursuit
[0.240s] -- Up-to-date: /ROS_ws/install/pure_pursuit/local/lib/python3.10/dist-packages/pure_pursuit/_pure_pursuit_s.ep.rosidl_typesupport_introspection_c.c
[0.240s] -- Up-to-date: /ROS_ws/install/pure_pursuit/local/lib/python3.10/dist-packages/pure_pursuit/_pure_pursuit_s.ep.rosidl_typesupport_fastrtps_c.c
[0.240s] -- Up-to-date: /ROS_ws/install/pure_pursuit/local/lib/python3.10/dist-packages/pure_pursuit/action
[0.240s] -- Up-to-date: /ROS_ws/install/pure_pursuit/local/lib/python3.10/dist-packages/pure_pursuit/action/_path_and_feedback.py
[0.240s] -- Up-to-date: /ROS_ws/install/pure_pursuit/local/lib/python3.10/dist-packages/pure_pursuit/action/__init__.py
[0.240s] -- Up-to-date: /ROS_ws/install/pure_pursuit/local/lib/python3.10/dist-packages/pure_pursuit/action/_path_and_feedback_s.c
[0.240s] -- Up-to-date: /ROS_ws/install/pure_pursuit/local/lib/python3.10/dist-packages/pure_pursuit/__init__.py
[0.240s] -- Up-to-date: /ROS_ws/install/pure_pursuit/local/lib/python3.10/dist-packages/pure_pursuit/pure_pursuit_s__rosidl_typesupport_introspection_c.cpython-310-x86_64-linux-gnu.so
[0.240s] -- Up-to-date: /ROS_ws/install/pure_pursuit/local/lib/python3.10/dist-packages/pure_pursuit/msg
[0.240s] -- Up-to-date: /ROS_ws/install/pure_pursuit/local/lib/python3.10/dist-packages/pure_pursuit/msg/_point_and_angle_s.c
[0.240s] -- Up-to-date: /ROS_ws/install/pure_pursuit/local/lib/python3.10/dist-packages/pure_pursuit/msg/_point_and_angle.py
[0.240s] -- Up-to-date: /ROS_ws/install/pure_pursuit/local/lib/python3.10/dist-packages/pure_pursuit/msg/__init__.py
[0.241s] -- Up-to-date: /ROS_ws/install/pure_pursuit/local/lib/python3.10/dist-packages/pure_pursuit/msg/_path2_d_with_angles_s.c
[0.241s] -- Up-to-date: /ROS_ws/install/pure_pursuit/local/lib/python3.10/dist-packages/pure_pursuit/msg/_path2_d_with_angles.py
[0.241s] -- Up-to-date: /ROS_ws/install/pure_pursuit/local/lib/python3.10/dist-packages/pure_pursuit/libpure_pursuit__rosidl_generator_py.so
[0.241s] -- Up-to-date: /ROS_ws/install/pure_pursuit/local/lib/python3.10/dist-packages/pure_pursuit/pure_pursuit_s__rosidl_typesupport_c.cpython-310-x86_64-linux-gnu.so
[0.241s] -- Up-to-date: /ROS_ws/install/pure_pursuit/local/lib/python3.10/dist-packages/pure_pursuit/pure_pursuit_s__rosidl_typesupport_fastrtps_c.cpython-310-x86_64-linux-gnu.so
[0.241s] -- Up-to-date: /ROS_ws/install/pure_pursuit/local/lib/python3.10/dist-packages/pure_pursuit/_pure_pursuit_s.ep.rosidl_typesupport_c.c
[0.259s] Listing '/ROS_ws/install/pure_pursuit/local/lib/python3.10/dist-packages/pure_pursuit'...
[0.259s] Listing '/ROS_ws/install/pure_pursuit/local/lib/python3.10/dist-packages/pure_pursuit/action'...
[0.259s] Listing '/ROS_ws/install/pure_pursuit/local/lib/python3.10/dist-packages/pure_pursuit/msg'...
[0.261s] -- Up-to-date: /ROS_ws/install/pure_pursuit/local/lib/python3.10/dist-packages/pure_pursuit/pure_pursuit_s__rosidl_typesupport_fastrtps_c.cpython-310-x86_64-linux-gnu.so
[0.262s] -- Up-to-date: /ROS_ws/install/pure_pursuit/local/lib/python3.10/dist-packages/pure_pursuit/pure_pursuit_s__rosidl_typesupport_introspection_c.cpython-310-x86_64-linux-gnu.so
[0.262s] -- Up-to-date: /ROS_ws/install/pure_pursuit/local/lib/python3.10/dist-packages/pure_pursuit/pure_pursuit_s__rosidl_typesupport_c.cpython-310-x86_64-linux-gnu.so
[0.262s] -- Up-to-date: /ROS_ws/install/pure_pursuit/lib/libpure_pursuit__rosidl_generator_py.so
[0.262s] -- Up-to-date: /ROS_ws/install/pure_pursuit/share/pure_pursuit/msg/PointAndAngle.idl
[0.262s] -- Up-to-date: /ROS_ws/install/pure_pursuit/share/pure_pursuit/msg/Path2DWithAngles.idl
[0.262s] -- Up-to-date: /ROS_ws/install/pure_pursuit/share/pure_pursuit/action/PathAndFeedback.idl
[0.262s] -- Up-to-date: /ROS_ws/install/pure_pursuit/share/pure_pursuit/msg/PointAndAngle.msg
[0.262s] -- Up-to-date: /ROS_ws/install/pure_pursuit/share/pure_pursuit/msg/Path2DWithAngles.msg
[0.262s] -- Up-to-date: /ROS_ws/install/pure_pursuit/share/pure_pursuit/action/PathAndFeedback.action
[0.262s] -- Up-to-date: /ROS_ws/install/pure_pursuit/lib/pure_pursuit/pure_pursuit_node.py
[0.262s] -- Up-to-date: /ROS_ws/install/pure_pursuit/lib/pure_pursuit/pure_pursuit_PI.py
[0.263s] -- Up-to-date: /ROS_ws/install/pure_pursuit/lib/pure_pursuit/calc_wheel_vel.py
[0.263s] -- Up-to-date: /ROS_ws/install/pure_pursuit/lib/pure_pursuit/robot_path_view.py
[0.263s] -- Up-to-date: /ROS_ws/install/pure_pursuit/lib/pure_pursuit/debug_vel.py
[0.263s] -- Up-to-date: /ROS_ws/install/pure_pursuit/lib/pure_pursuit/param_controller.py
[0.263s] -- Up-to-date: /ROS_ws/install/pure_pursuit/lib/pure_pursuit/mecha_state_publisher.py
[0.263s] -- Up-to-date: /ROS_ws/install/pure_pursuit/lib/pure_pursuit/path_server.py
[0.263s] -- Up-to-date: /ROS_ws/install/pure_pursuit/lib/pure_pursuit/robot_manual_controller.py
[0.263s] -- Up-to-date: /ROS_ws/install/pure_pursuit/share/ament_index/resource_index/package_run_dependencies/pure_pursuit
[0.263s] -- Up-to-date: /ROS_ws/install/pure_pursuit/share/ament_index/resource_index/parent_prefix_path/pure_pursuit
[0.263s] -- Up-to-date: /ROS_ws/install/pure_pursuit/share/pure_pursuit/environment/ament_prefix_path.sh
[0.263s] -- Up-to-date: /ROS_ws/install/pure_pursuit/share/pure_pursuit/environment/ament_prefix_path.dsv
[0.263s] -- Up-to-date: /ROS_ws/install/pure_pursuit/share/pure_pursuit/environment/path.sh
[0.263s] -- Up-to-date: /ROS_ws/install/pure_pursuit/share/pure_pursuit/environment/path.dsv
[0.263s] -- Up-to-date: /ROS_ws/install/pure_pursuit/share/pure_pursuit/local_setup.bash
[0.263s] -- Up-to-date: /ROS_ws/install/pure_pursuit/share/pure_pursuit/local_setup.sh
[0.263s] -- Up-to-date: /ROS_ws/install/pure_pursuit/share/pure_pursuit/local_setup.zsh
[0.263s] -- Up-to-date: /ROS_ws/install/pure_pursuit/share/pure_pursuit/local_setup.dsv
[0.264s] -- Up-to-date: /ROS_ws/install/pure_pursuit/share/pure_pursuit/package.dsv
[0.264s] -- Up-to-date: /ROS_ws/install/pure_pursuit/share/ament_index/resource_index/packages/pure_pursuit
[0.264s] -- Up-to-date: /ROS_ws/install/pure_pursuit/share/pure_pursuit/cmake/export_pure_pursuit__rosidl_generator_cExport.cmake
[0.264s] -- Up-to-date: /ROS_ws/install/pure_pursuit/share/pure_pursuit/cmake/export_pure_pursuit__rosidl_generator_cExport-noconfig.cmake
[0.264s] -- Up-to-date: /ROS_ws/install/pure_pursuit/share/pure_pursuit/cmake/export_pure_pursuit__rosidl_typesupport_fastrtps_cExport.cmake
[0.264s] -- Up-to-date: /ROS_ws/install/pure_pursuit/share/pure_pursuit/cmake/export_pure_pursuit__rosidl_typesupport_fastrtps_cExport-noconfig.cmake
[0.264s] -- Up-to-date: /ROS_ws/install/pure_pursuit/share/pure_pursuit/cmake/export_pure_pursuit__rosidl_generator_cppExport.cmake
[0.264s] -- Up-to-date: /ROS_ws/install/pure_pursuit/share/pure_pursuit/cmake/export_pure_pursuit__rosidl_typesupport_fastrtps_cppExport.cmake
[0.264s] -- Up-to-date: /ROS_ws/install/pure_pursuit/share/pure_pursuit/cmake/export_pure_pursuit__rosidl_typesupport_fastrtps_cppExport-noconfig.cmake
[0.264s] -- Up-to-date: /ROS_ws/install/pure_pursuit/share/pure_pursuit/cmake/pure_pursuit__rosidl_typesupport_introspection_cExport.cmake
[0.264s] -- Up-to-date: /ROS_ws/install/pure_pursuit/share/pure_pursuit/cmake/pure_pursuit__rosidl_typesupport_introspection_cExport-noconfig.cmake
[0.264s] -- Up-to-date: /ROS_ws/install/pure_pursuit/share/pure_pursuit/cmake/pure_pursuit__rosidl_typesupport_cExport.cmake
[0.264s] -- Up-to-date: /ROS_ws/install/pure_pursuit/share/pure_pursuit/cmake/pure_pursuit__rosidl_typesupport_cExport-noconfig.cmake
[0.264s] -- Up-to-date: /ROS_ws/install/pure_pursuit/share/pure_pursuit/cmake/pure_pursuit__rosidl_typesupport_introspection_cppExport.cmake
[0.264s] -- Up-to-date: /ROS_ws/install/pure_pursuit/share/pure_pursuit/cmake/pure_pursuit__rosidl_typesupport_introspection_cppExport-noconfig.cmake
[0.264s] -- Up-to-date: /ROS_ws/install/pure_pursuit/share/pure_pursuit/cmake/pure_pursuit__rosidl_typesupport_cppExport.cmake
[0.264s] -- Up-to-date: /ROS_ws/install/pure_pursuit/share/pure_pursuit/cmake/pure_pursuit__rosidl_typesupport_cppExport-noconfig.cmake
[0.264s] -- Up-to-date: /ROS_ws/install/pure_pursuit/share/pure_pursuit/cmake/export_pure_pursuit__rosidl_generator_pyExport.cmake
[0.264s] -- Up-to-date: /ROS_ws/install/pure_pursuit/share/pure_pursuit/cmake/export_pure_pursuit__rosidl_generator_pyExport-noconfig.cmake
[0.264s] -- Up-to-date: /ROS_ws/install/pure_pursuit/share/pure_pursuit/cmake/rosidl_cmake-extras.cmake
[0.264s] -- Up-to-date: /ROS_ws/install/pure_pursuit/share/pure_pursuit/cmake/ament_cmake_export_dependencies-extras.cmake
[0.265s] -- Up-to-date: /ROS_ws/install/pure_pursuit/share/pure_pursuit/cmake/ament_cmake_export_include_directories-extras.cmake
[0.265s] -- Up-to-date: /ROS_ws/install/pure_pursuit/share/pure_pursuit/cmake/ament_cmake_export_libraries-extras.cmake
[0.265s] -- Up-to-date: /ROS_ws/install/pure_pursuit/share/pure_pursuit/cmake/ament_cmake_export_targets-extras.cmake
[0.265s] -- Up-to-date: /ROS_ws/install/pure_pursuit/share/pure_pursuit/cmake/rosidl_cmake_export_typesupport_targets-extras.cmake
[0.265s] -- Up-to-date: /ROS_ws/install/pure_pursuit/share/pure_pursuit/cmake/rosidl_cmake_export_typesupport_libraries-extras.cmake
[0.265s] -- Up-to-date: /ROS_ws/install/pure_pursuit/share/pure_pursuit/cmake/pure_pursuitConfig.cmake
[0.265s] -- Up-to-date: /ROS_ws/install/pure_pursuit/share/pure_pursuit/cmake/pure_pursuitConfig-version.cmake
[0.265s] -- Up-to-date: /ROS_ws/install/pure_pursuit/share/pure_pursuit/package.xml
[0.267s] Invoked command in '/ROS_ws/build/pure_pursuit' returned '0': CMAKE_PREFIX_PATH=/ROS_ws/install/robot_master:/ROS_ws/install/mecha_control:/ROS_ws/install/pure_pursuit:/ROS_ws/install/pc_robot_controller:/ROS_ws/install/odometry_calculator:/ROS_ws/install/nucleo_agent:/ROS_ws/install/localize:/ROS_ws/install/ldlidar:/ROS_ws/install/calc_wheel_vel:/ROS_ws/install/calc_vel:/opt/ros/humble LD_LIBRARY_PATH=/ROS_ws/install/mecha_control/lib:/ROS_ws/install/pure_pursuit/lib:/ROS_ws/install/nucleo_agent/lib:/opt/ros/humble/opt/rviz_ogre_vendor/lib:/opt/ros/humble/lib/x86_64-linux-gnu:/opt/ros/humble/lib /usr/bin/cmake --install /ROS_ws/build/pure_pursuit
