[0.039s] Invoking command in '/ROS_ws/build/mecha_control': CMAKE_PREFIX_PATH=${CMAKE_PREFIX_PATH}:/ROS_ws/install/calc_vel:/opt/ros/humble /usr/bin/cmake --build /ROS_ws/build/mecha_control -- -j12 -l12
[0.194s] [  1%] Built target mecha_control__cpp
[0.195s] [ 12%] Built target mecha_control__rosidl_generator_c
[0.195s] [ 12%] Built target ament_cmake_python_copy_mecha_control
[0.195s] [ 23%] Built target mecha_control__rosidl_typesupport_cpp
[0.195s] [ 35%] Built target mecha_control__rosidl_typesupport_fastrtps_cpp
[0.195s] [ 50%] Built target mecha_control__rosidl_typesupport_introspection_cpp
[0.195s] [ 57%] Built target mecha_control__rosidl_typesupport_c
[0.196s] [ 69%] Built target mecha_control__rosidl_typesupport_introspection_c
[0.196s] [ 80%] Built target mecha_control__rosidl_typesupport_fastrtps_c
[0.196s] [35m[1mConsolidate compiler generated dependencies of target cmd_seq[0m
[0.196s] [ 80%] Built target mecha_control
[0.196s] [ 81%] [32mBuilding CXX object CMakeFiles/cmd_seq.dir/src/cmd_seq.cpp.o[0m
[0.196s] [ 82%] Built target mecha_control__py
[0.196s] [ 92%] Built target mecha_control__rosidl_generator_py
[0.196s] [ 94%] Built target mecha_control__rosidl_typesupport_c__pyext
[0.196s] [ 96%] Built target mecha_control__rosidl_typesupport_fastrtps_c__pyext
[0.196s] [ 98%] Built target mecha_control__rosidl_typesupport_introspection_c__pyext
[0.226s] running egg_info
[0.227s] writing mecha_control.egg-info/PKG-INFO
[0.227s] writing dependency_links to mecha_control.egg-info/dependency_links.txt
[0.227s] writing top-level names to mecha_control.egg-info/top_level.txt
[0.230s] reading manifest file 'mecha_control.egg-info/SOURCES.txt'
[0.231s] writing manifest file 'mecha_control.egg-info/SOURCES.txt'
[0.258s] [ 98%] Built target ament_cmake_python_build_mecha_control_egg
[6.011s] [100%] [32m[1mLinking CXX executable cmd_seq[0m
[6.317s] [100%] Built target cmd_seq
[6.324s] Invoked command in '/ROS_ws/build/mecha_control' returned '0': CMAKE_PREFIX_PATH=${CMAKE_PREFIX_PATH}:/ROS_ws/install/calc_vel:/opt/ros/humble /usr/bin/cmake --build /ROS_ws/build/mecha_control -- -j12 -l12
[6.418s] Invoking command in '/ROS_ws/build/mecha_control': CMAKE_PREFIX_PATH=${CMAKE_PREFIX_PATH}:/ROS_ws/install/calc_vel:/opt/ros/humble /usr/bin/cmake --install /ROS_ws/build/mecha_control
[6.423s] -- Install configuration: ""
[6.423s] -- Up-to-date: /ROS_ws/install/mecha_control/share/ament_index/resource_index/rosidl_interfaces/mecha_control
[6.423s] -- Up-to-date: /ROS_ws/install/mecha_control/include/mecha_control/mecha_control
[6.423s] -- Up-to-date: /ROS_ws/install/mecha_control/include/mecha_control/mecha_control/srv
[6.423s] -- Up-to-date: /ROS_ws/install/mecha_control/include/mecha_control/mecha_control/srv/detail
[6.423s] -- Up-to-date: /ROS_ws/install/mecha_control/include/mecha_control/mecha_control/srv/detail/mech_cmd__type_support.h
[6.423s] -- Up-to-date: /ROS_ws/install/mecha_control/include/mecha_control/mecha_control/srv/detail/mech_cmd__functions.c
[6.423s] -- Up-to-date: /ROS_ws/install/mecha_control/include/mecha_control/mecha_control/srv/detail/mech_cmd__struct.h
[6.423s] -- Up-to-date: /ROS_ws/install/mecha_control/include/mecha_control/mecha_control/srv/detail/mech_cmd__functions.h
[6.423s] -- Up-to-date: /ROS_ws/install/mecha_control/include/mecha_control/mecha_control/srv/mech_cmd.h
[6.423s] -- Up-to-date: /ROS_ws/install/mecha_control/include/mecha_control/mecha_control/action
[6.423s] -- Up-to-date: /ROS_ws/install/mecha_control/include/mecha_control/mecha_control/action/daiza_cmd.h
[6.423s] -- Up-to-date: /ROS_ws/install/mecha_control/include/mecha_control/mecha_control/action/hina_cmd.h
[6.423s] -- Up-to-date: /ROS_ws/install/mecha_control/include/mecha_control/mecha_control/action/detail
[6.423s] -- Up-to-date: /ROS_ws/install/mecha_control/include/mecha_control/mecha_control/action/detail/daiza_cmd__functions.c
[6.423s] -- Up-to-date: /ROS_ws/install/mecha_control/include/mecha_control/mecha_control/action/detail/hina_cmd__type_support.h
[6.423s] -- Up-to-date: /ROS_ws/install/mecha_control/include/mecha_control/mecha_control/action/detail/hina_cmd__functions.h
[6.423s] -- Up-to-date: /ROS_ws/install/mecha_control/include/mecha_control/mecha_control/action/detail/mech_cmd__type_support.h
[6.423s] -- Up-to-date: /ROS_ws/install/mecha_control/include/mecha_control/mecha_control/action/detail/hina_cmd__struct.h
[6.423s] -- Up-to-date: /ROS_ws/install/mecha_control/include/mecha_control/mecha_control/action/detail/mech_cmd__functions.c
[6.423s] -- Up-to-date: /ROS_ws/install/mecha_control/include/mecha_control/mecha_control/action/detail/daiza_cmd__functions.h
[6.423s] -- Up-to-date: /ROS_ws/install/mecha_control/include/mecha_control/mecha_control/action/detail/hina_cmd__functions.c
[6.423s] -- Up-to-date: /ROS_ws/install/mecha_control/include/mecha_control/mecha_control/action/detail/daiza_cmd__type_support.h
[6.424s] -- Up-to-date: /ROS_ws/install/mecha_control/include/mecha_control/mecha_control/action/detail/daiza_cmd__struct.h
[6.424s] -- Up-to-date: /ROS_ws/install/mecha_control/include/mecha_control/mecha_control/action/detail/mech_cmd__struct.h
[6.424s] -- Up-to-date: /ROS_ws/install/mecha_control/include/mecha_control/mecha_control/action/detail/mech_cmd__functions.h
[6.424s] -- Up-to-date: /ROS_ws/install/mecha_control/include/mecha_control/mecha_control/action/mech_cmd.h
[6.424s] -- Up-to-date: /ROS_ws/install/mecha_control/include/mecha_control/mecha_control/msg
[6.424s] -- Up-to-date: /ROS_ws/install/mecha_control/include/mecha_control/mecha_control/msg/point_and_mecha_state.h
[6.424s] -- Up-to-date: /ROS_ws/install/mecha_control/include/mecha_control/mecha_control/msg/rosidl_generator_c__visibility_control.h
[6.424s] -- Up-to-date: /ROS_ws/install/mecha_control/include/mecha_control/mecha_control/msg/sensor_states.h
[6.424s] -- Up-to-date: /ROS_ws/install/mecha_control/include/mecha_control/mecha_control/msg/detail
[6.424s] -- Up-to-date: /ROS_ws/install/mecha_control/include/mecha_control/mecha_control/msg/detail/sensor_states__type_support.h
[6.424s] -- Up-to-date: /ROS_ws/install/mecha_control/include/mecha_control/mecha_control/msg/detail/point_and_mecha_state_array__struct.h
[6.424s] -- Up-to-date: /ROS_ws/install/mecha_control/include/mecha_control/mecha_control/msg/detail/point_and_mecha_state__functions.c
[6.424s] -- Up-to-date: /ROS_ws/install/mecha_control/include/mecha_control/mecha_control/msg/detail/point_and_mecha_state_array__type_support.h
[6.424s] -- Up-to-date: /ROS_ws/install/mecha_control/include/mecha_control/mecha_control/msg/detail/mecha_state__functions.h
[6.424s] -- Up-to-date: /ROS_ws/install/mecha_control/include/mecha_control/mecha_control/msg/detail/point_and_mecha_state_array__functions.c
[6.424s] -- Up-to-date: /ROS_ws/install/mecha_control/include/mecha_control/mecha_control/msg/detail/sensor_states__functions.h
[6.424s] -- Up-to-date: /ROS_ws/install/mecha_control/include/mecha_control/mecha_control/msg/detail/sensor_states__struct.h
[6.424s] -- Up-to-date: /ROS_ws/install/mecha_control/include/mecha_control/mecha_control/msg/detail/actuator_commands__type_support.h
[6.424s] -- Up-to-date: /ROS_ws/install/mecha_control/include/mecha_control/mecha_control/msg/detail/point_and_mecha_state__type_support.h
[6.424s] -- Up-to-date: /ROS_ws/install/mecha_control/include/mecha_control/mecha_control/msg/detail/point_and_mecha_state__struct.h
[6.424s] -- Up-to-date: /ROS_ws/install/mecha_control/include/mecha_control/mecha_control/msg/detail/actuator_commands__struct.h
[6.424s] -- Up-to-date: /ROS_ws/install/mecha_control/include/mecha_control/mecha_control/msg/detail/mecha_state__type_support.h
[6.424s] -- Up-to-date: /ROS_ws/install/mecha_control/include/mecha_control/mecha_control/msg/detail/point_and_mecha_state_array__functions.h
[6.424s] -- Up-to-date: /ROS_ws/install/mecha_control/include/mecha_control/mecha_control/msg/detail/mecha_state__functions.c
[6.424s] -- Up-to-date: /ROS_ws/install/mecha_control/include/mecha_control/mecha_control/msg/detail/mecha_state__struct.h
[6.424s] -- Up-to-date: /ROS_ws/install/mecha_control/include/mecha_control/mecha_control/msg/detail/point_and_mecha_state__functions.h
[6.425s] -- Up-to-date: /ROS_ws/install/mecha_control/include/mecha_control/mecha_control/msg/detail/sensor_states__functions.c
[6.425s] -- Up-to-date: /ROS_ws/install/mecha_control/include/mecha_control/mecha_control/msg/detail/actuator_commands__functions.h
[6.425s] -- Up-to-date: /ROS_ws/install/mecha_control/include/mecha_control/mecha_control/msg/detail/actuator_commands__functions.c
[6.425s] -- Up-to-date: /ROS_ws/install/mecha_control/include/mecha_control/mecha_control/msg/actuator_commands.h
[6.425s] -- Up-to-date: /ROS_ws/install/mecha_control/include/mecha_control/mecha_control/msg/mecha_state.h
[6.425s] -- Up-to-date: /ROS_ws/install/mecha_control/include/mecha_control/mecha_control/msg/point_and_mecha_state_array.h
[6.425s] -- Up-to-date: /ROS_ws/install/mecha_control/share/mecha_control/environment/library_path.sh
[6.425s] -- Installing: /ROS_ws/install/mecha_control/share/mecha_control/environment/library_path.dsv
[6.425s] -- Up-to-date: /ROS_ws/install/mecha_control/lib/libmecha_control__rosidl_generator_c.so
[6.425s] -- Up-to-date: /ROS_ws/install/mecha_control/include/mecha_control/mecha_control
[6.425s] -- Up-to-date: /ROS_ws/install/mecha_control/include/mecha_control/mecha_control/srv
[6.425s] -- Up-to-date: /ROS_ws/install/mecha_control/include/mecha_control/mecha_control/srv/detail
[6.425s] -- Up-to-date: /ROS_ws/install/mecha_control/include/mecha_control/mecha_control/srv/detail/mech_cmd__rosidl_typesupport_fastrtps_c.h
[6.425s] -- Up-to-date: /ROS_ws/install/mecha_control/include/mecha_control/mecha_control/action
[6.425s] -- Up-to-date: /ROS_ws/install/mecha_control/include/mecha_control/mecha_control/action/detail
[6.425s] -- Up-to-date: /ROS_ws/install/mecha_control/include/mecha_control/mecha_control/action/detail/mech_cmd__rosidl_typesupport_fastrtps_c.h
[6.425s] -- Up-to-date: /ROS_ws/install/mecha_control/include/mecha_control/mecha_control/action/detail/daiza_cmd__rosidl_typesupport_fastrtps_c.h
[6.425s] -- Up-to-date: /ROS_ws/install/mecha_control/include/mecha_control/mecha_control/action/detail/hina_cmd__rosidl_typesupport_fastrtps_c.h
[6.425s] -- Up-to-date: /ROS_ws/install/mecha_control/include/mecha_control/mecha_control/msg
[6.425s] -- Up-to-date: /ROS_ws/install/mecha_control/include/mecha_control/mecha_control/msg/detail
[6.425s] -- Up-to-date: /ROS_ws/install/mecha_control/include/mecha_control/mecha_control/msg/detail/actuator_commands__rosidl_typesupport_fastrtps_c.h
[6.425s] -- Up-to-date: /ROS_ws/install/mecha_control/include/mecha_control/mecha_control/msg/detail/point_and_mecha_state_array__rosidl_typesupport_fastrtps_c.h
[6.425s] -- Up-to-date: /ROS_ws/install/mecha_control/include/mecha_control/mecha_control/msg/detail/sensor_states__rosidl_typesupport_fastrtps_c.h
[6.425s] -- Up-to-date: /ROS_ws/install/mecha_control/include/mecha_control/mecha_control/msg/detail/point_and_mecha_state__rosidl_typesupport_fastrtps_c.h
[6.425s] -- Up-to-date: /ROS_ws/install/mecha_control/include/mecha_control/mecha_control/msg/detail/mecha_state__rosidl_typesupport_fastrtps_c.h
[6.425s] -- Up-to-date: /ROS_ws/install/mecha_control/include/mecha_control/mecha_control/msg/rosidl_typesupport_fastrtps_c__visibility_control.h
[6.425s] -- Up-to-date: /ROS_ws/install/mecha_control/lib/libmecha_control__rosidl_typesupport_fastrtps_c.so
[6.425s] -- Up-to-date: /ROS_ws/install/mecha_control/include/mecha_control/mecha_control
[6.426s] -- Up-to-date: /ROS_ws/install/mecha_control/include/mecha_control/mecha_control/srv
[6.426s] -- Up-to-date: /ROS_ws/install/mecha_control/include/mecha_control/mecha_control/srv/detail
[6.426s] -- Up-to-date: /ROS_ws/install/mecha_control/include/mecha_control/mecha_control/srv/detail/mech_cmd__struct.hpp
[6.426s] -- Up-to-date: /ROS_ws/install/mecha_control/include/mecha_control/mecha_control/srv/detail/mech_cmd__traits.hpp
[6.426s] -- Up-to-date: /ROS_ws/install/mecha_control/include/mecha_control/mecha_control/srv/detail/mech_cmd__builder.hpp
[6.426s] -- Up-to-date: /ROS_ws/install/mecha_control/include/mecha_control/mecha_control/srv/mech_cmd.hpp
[6.426s] -- Up-to-date: /ROS_ws/install/mecha_control/include/mecha_control/mecha_control/action
[6.426s] -- Up-to-date: /ROS_ws/install/mecha_control/include/mecha_control/mecha_control/action/daiza_cmd.hpp
[6.426s] -- Up-to-date: /ROS_ws/install/mecha_control/include/mecha_control/mecha_control/action/hina_cmd.hpp
[6.426s] -- Up-to-date: /ROS_ws/install/mecha_control/include/mecha_control/mecha_control/action/detail
[6.426s] -- Up-to-date: /ROS_ws/install/mecha_control/include/mecha_control/mecha_control/action/detail/mech_cmd__struct.hpp
[6.426s] -- Up-to-date: /ROS_ws/install/mecha_control/include/mecha_control/mecha_control/action/detail/daiza_cmd__struct.hpp
[6.426s] -- Up-to-date: /ROS_ws/install/mecha_control/include/mecha_control/mecha_control/action/detail/daiza_cmd__builder.hpp
[6.426s] -- Up-to-date: /ROS_ws/install/mecha_control/include/mecha_control/mecha_control/action/detail/hina_cmd__struct.hpp
[6.426s] -- Up-to-date: /ROS_ws/install/mecha_control/include/mecha_control/mecha_control/action/detail/mech_cmd__traits.hpp
[6.426s] -- Up-to-date: /ROS_ws/install/mecha_control/include/mecha_control/mecha_control/action/detail/mech_cmd__builder.hpp
[6.426s] -- Up-to-date: /ROS_ws/install/mecha_control/include/mecha_control/mecha_control/action/detail/hina_cmd__traits.hpp
[6.426s] -- Up-to-date: /ROS_ws/install/mecha_control/include/mecha_control/mecha_control/action/detail/daiza_cmd__traits.hpp
[6.426s] -- Up-to-date: /ROS_ws/install/mecha_control/include/mecha_control/mecha_control/action/detail/hina_cmd__builder.hpp
[6.426s] -- Up-to-date: /ROS_ws/install/mecha_control/include/mecha_control/mecha_control/action/mech_cmd.hpp
[6.426s] -- Up-to-date: /ROS_ws/install/mecha_control/include/mecha_control/mecha_control/msg
[6.426s] -- Up-to-date: /ROS_ws/install/mecha_control/include/mecha_control/mecha_control/msg/point_and_mecha_state.hpp
[6.426s] -- Up-to-date: /ROS_ws/install/mecha_control/include/mecha_control/mecha_control/msg/sensor_states.hpp
[6.426s] -- Up-to-date: /ROS_ws/install/mecha_control/include/mecha_control/mecha_control/msg/detail
[6.426s] -- Up-to-date: /ROS_ws/install/mecha_control/include/mecha_control/mecha_control/msg/detail/point_and_mecha_state_array__builder.hpp
[6.426s] -- Up-to-date: /ROS_ws/install/mecha_control/include/mecha_control/mecha_control/msg/detail/sensor_states__traits.hpp
[6.426s] -- Up-to-date: /ROS_ws/install/mecha_control/include/mecha_control/mecha_control/msg/detail/mecha_state__traits.hpp
[6.426s] -- Up-to-date: /ROS_ws/install/mecha_control/include/mecha_control/mecha_control/msg/detail/mecha_state__struct.hpp
[6.426s] -- Up-to-date: /ROS_ws/install/mecha_control/include/mecha_control/mecha_control/msg/detail/actuator_commands__traits.hpp
[6.427s] -- Up-to-date: /ROS_ws/install/mecha_control/include/mecha_control/mecha_control/msg/detail/sensor_states__struct.hpp
[6.427s] -- Up-to-date: /ROS_ws/install/mecha_control/include/mecha_control/mecha_control/msg/detail/point_and_mecha_state__struct.hpp
[6.427s] -- Up-to-date: /ROS_ws/install/mecha_control/include/mecha_control/mecha_control/msg/detail/mecha_state__builder.hpp
[6.427s] -- Up-to-date: /ROS_ws/install/mecha_control/include/mecha_control/mecha_control/msg/detail/point_and_mecha_state_array__struct.hpp
[6.427s] -- Up-to-date: /ROS_ws/install/mecha_control/include/mecha_control/mecha_control/msg/detail/sensor_states__builder.hpp
[6.427s] -- Up-to-date: /ROS_ws/install/mecha_control/include/mecha_control/mecha_control/msg/detail/actuator_commands__struct.hpp
[6.427s] -- Up-to-date: /ROS_ws/install/mecha_control/include/mecha_control/mecha_control/msg/detail/actuator_commands__builder.hpp
[6.427s] -- Up-to-date: /ROS_ws/install/mecha_control/include/mecha_control/mecha_control/msg/detail/point_and_mecha_state__builder.hpp
[6.427s] -- Up-to-date: /ROS_ws/install/mecha_control/include/mecha_control/mecha_control/msg/detail/point_and_mecha_state__traits.hpp
[6.427s] -- Up-to-date: /ROS_ws/install/mecha_control/include/mecha_control/mecha_control/msg/detail/point_and_mecha_state_array__traits.hpp
[6.427s] -- Up-to-date: /ROS_ws/install/mecha_control/include/mecha_control/mecha_control/msg/actuator_commands.hpp
[6.427s] -- Up-to-date: /ROS_ws/install/mecha_control/include/mecha_control/mecha_control/msg/point_and_mecha_state_array.hpp
[6.427s] -- Up-to-date: /ROS_ws/install/mecha_control/include/mecha_control/mecha_control/msg/mecha_state.hpp
[6.427s] -- Up-to-date: /ROS_ws/install/mecha_control/include/mecha_control/mecha_control
[6.427s] -- Up-to-date: /ROS_ws/install/mecha_control/include/mecha_control/mecha_control/srv
[6.427s] -- Up-to-date: /ROS_ws/install/mecha_control/include/mecha_control/mecha_control/srv/detail
[6.427s] -- Up-to-date: /ROS_ws/install/mecha_control/include/mecha_control/mecha_control/srv/detail/dds_fastrtps
[6.427s] -- Up-to-date: /ROS_ws/install/mecha_control/include/mecha_control/mecha_control/srv/detail/mech_cmd__rosidl_typesupport_fastrtps_cpp.hpp
[6.427s] -- Up-to-date: /ROS_ws/install/mecha_control/include/mecha_control/mecha_control/action
[6.427s] -- Up-to-date: /ROS_ws/install/mecha_control/include/mecha_control/mecha_control/action/detail
[6.427s] -- Up-to-date: /ROS_ws/install/mecha_control/include/mecha_control/mecha_control/action/detail/dds_fastrtps
[6.427s] -- Up-to-date: /ROS_ws/install/mecha_control/include/mecha_control/mecha_control/action/detail/daiza_cmd__rosidl_typesupport_fastrtps_cpp.hpp
[6.427s] -- Up-to-date: /ROS_ws/install/mecha_control/include/mecha_control/mecha_control/action/detail/mech_cmd__rosidl_typesupport_fastrtps_cpp.hpp
[6.427s] -- Up-to-date: /ROS_ws/install/mecha_control/include/mecha_control/mecha_control/action/detail/hina_cmd__rosidl_typesupport_fastrtps_cpp.hpp
[6.427s] -- Up-to-date: /ROS_ws/install/mecha_control/include/mecha_control/mecha_control/msg
[6.427s] -- Up-to-date: /ROS_ws/install/mecha_control/include/mecha_control/mecha_control/msg/rosidl_typesupport_fastrtps_cpp__visibility_control.h
[6.427s] -- Up-to-date: /ROS_ws/install/mecha_control/include/mecha_control/mecha_control/msg/detail
[6.427s] -- Up-to-date: /ROS_ws/install/mecha_control/include/mecha_control/mecha_control/msg/detail/mecha_state__rosidl_typesupport_fastrtps_cpp.hpp
[6.427s] -- Up-to-date: /ROS_ws/install/mecha_control/include/mecha_control/mecha_control/msg/detail/dds_fastrtps
[6.427s] -- Up-to-date: /ROS_ws/install/mecha_control/include/mecha_control/mecha_control/msg/detail/actuator_commands__rosidl_typesupport_fastrtps_cpp.hpp
[6.427s] -- Up-to-date: /ROS_ws/install/mecha_control/include/mecha_control/mecha_control/msg/detail/point_and_mecha_state_array__rosidl_typesupport_fastrtps_cpp.hpp
[6.427s] -- Up-to-date: /ROS_ws/install/mecha_control/include/mecha_control/mecha_control/msg/detail/point_and_mecha_state__rosidl_typesupport_fastrtps_cpp.hpp
[6.427s] -- Up-to-date: /ROS_ws/install/mecha_control/include/mecha_control/mecha_control/msg/detail/sensor_states__rosidl_typesupport_fastrtps_cpp.hpp
[6.427s] -- Up-to-date: /ROS_ws/install/mecha_control/lib/libmecha_control__rosidl_typesupport_fastrtps_cpp.so
[6.427s] -- Up-to-date: /ROS_ws/install/mecha_control/include/mecha_control/mecha_control
[6.427s] -- Up-to-date: /ROS_ws/install/mecha_control/include/mecha_control/mecha_control/srv
[6.427s] -- Up-to-date: /ROS_ws/install/mecha_control/include/mecha_control/mecha_control/srv/detail
[6.427s] -- Up-to-date: /ROS_ws/install/mecha_control/include/mecha_control/mecha_control/srv/detail/mech_cmd__type_support.c
[6.427s] -- Up-to-date: /ROS_ws/install/mecha_control/include/mecha_control/mecha_control/srv/detail/mech_cmd__rosidl_typesupport_introspection_c.h
[6.427s] -- Up-to-date: /ROS_ws/install/mecha_control/include/mecha_control/mecha_control/action
[6.428s] -- Up-to-date: /ROS_ws/install/mecha_control/include/mecha_control/mecha_control/action/detail
[6.428s] -- Up-to-date: /ROS_ws/install/mecha_control/include/mecha_control/mecha_control/action/detail/daiza_cmd__type_support.c
[6.428s] -- Up-to-date: /ROS_ws/install/mecha_control/include/mecha_control/mecha_control/action/detail/hina_cmd__type_support.c
[6.428s] -- Up-to-date: /ROS_ws/install/mecha_control/include/mecha_control/mecha_control/action/detail/mech_cmd__type_support.c
[6.428s] -- Up-to-date: /ROS_ws/install/mecha_control/include/mecha_control/mecha_control/action/detail/mech_cmd__rosidl_typesupport_introspection_c.h
[6.428s] -- Up-to-date: /ROS_ws/install/mecha_control/include/mecha_control/mecha_control/action/detail/daiza_cmd__rosidl_typesupport_introspection_c.h
[6.428s] -- Up-to-date: /ROS_ws/install/mecha_control/include/mecha_control/mecha_control/action/detail/hina_cmd__rosidl_typesupport_introspection_c.h
[6.428s] -- Up-to-date: /ROS_ws/install/mecha_control/include/mecha_control/mecha_control/msg
[6.428s] -- Up-to-date: /ROS_ws/install/mecha_control/include/mecha_control/mecha_control/msg/detail
[6.428s] -- Up-to-date: /ROS_ws/install/mecha_control/include/mecha_control/mecha_control/msg/detail/actuator_commands__type_support.c
[6.428s] -- Up-to-date: /ROS_ws/install/mecha_control/include/mecha_control/mecha_control/msg/detail/point_and_mecha_state__type_support.c
[6.428s] -- Up-to-date: /ROS_ws/install/mecha_control/include/mecha_control/mecha_control/msg/detail/mecha_state__rosidl_typesupport_introspection_c.h
[6.428s] -- Up-to-date: /ROS_ws/install/mecha_control/include/mecha_control/mecha_control/msg/detail/actuator_commands__rosidl_typesupport_introspection_c.h
[6.428s] -- Up-to-date: /ROS_ws/install/mecha_control/include/mecha_control/mecha_control/msg/detail/sensor_states__rosidl_typesupport_introspection_c.h
[6.428s] -- Up-to-date: /ROS_ws/install/mecha_control/include/mecha_control/mecha_control/msg/detail/point_and_mecha_state__rosidl_typesupport_introspection_c.h
[6.428s] -- Up-to-date: /ROS_ws/install/mecha_control/include/mecha_control/mecha_control/msg/detail/mecha_state__type_support.c
[6.428s] -- Up-to-date: /ROS_ws/install/mecha_control/include/mecha_control/mecha_control/msg/detail/point_and_mecha_state_array__rosidl_typesupport_introspection_c.h
[6.428s] -- Up-to-date: /ROS_ws/install/mecha_control/include/mecha_control/mecha_control/msg/detail/sensor_states__type_support.c
[6.428s] -- Up-to-date: /ROS_ws/install/mecha_control/include/mecha_control/mecha_control/msg/detail/point_and_mecha_state_array__type_support.c
[6.428s] -- Up-to-date: /ROS_ws/install/mecha_control/include/mecha_control/mecha_control/msg/rosidl_typesupport_introspection_c__visibility_control.h
[6.428s] -- Up-to-date: /ROS_ws/install/mecha_control/lib/libmecha_control__rosidl_typesupport_introspection_c.so
[6.428s] -- Up-to-date: /ROS_ws/install/mecha_control/lib/libmecha_control__rosidl_typesupport_c.so
[6.428s] -- Up-to-date: /ROS_ws/install/mecha_control/include/mecha_control/mecha_control
[6.428s] -- Up-to-date: /ROS_ws/install/mecha_control/include/mecha_control/mecha_control/srv
[6.428s] -- Up-to-date: /ROS_ws/install/mecha_control/include/mecha_control/mecha_control/srv/detail
[6.428s] -- Up-to-date: /ROS_ws/install/mecha_control/include/mecha_control/mecha_control/srv/detail/mech_cmd__rosidl_typesupport_introspection_cpp.hpp
[6.428s] -- Up-to-date: /ROS_ws/install/mecha_control/include/mecha_control/mecha_control/srv/detail/mech_cmd__type_support.cpp
[6.428s] -- Up-to-date: /ROS_ws/install/mecha_control/include/mecha_control/mecha_control/action
[6.428s] -- Up-to-date: /ROS_ws/install/mecha_control/include/mecha_control/mecha_control/action/detail
[6.428s] -- Up-to-date: /ROS_ws/install/mecha_control/include/mecha_control/mecha_control/action/detail/daiza_cmd__rosidl_typesupport_introspection_cpp.hpp
[6.428s] -- Up-to-date: /ROS_ws/install/mecha_control/include/mecha_control/mecha_control/action/detail/daiza_cmd__type_support.cpp
[6.428s] -- Up-to-date: /ROS_ws/install/mecha_control/include/mecha_control/mecha_control/action/detail/hina_cmd__type_support.cpp
[6.428s] -- Up-to-date: /ROS_ws/install/mecha_control/include/mecha_control/mecha_control/action/detail/hina_cmd__rosidl_typesupport_introspection_cpp.hpp
[6.428s] -- Up-to-date: /ROS_ws/install/mecha_control/include/mecha_control/mecha_control/action/detail/mech_cmd__rosidl_typesupport_introspection_cpp.hpp
[6.428s] -- Up-to-date: /ROS_ws/install/mecha_control/include/mecha_control/mecha_control/action/detail/mech_cmd__type_support.cpp
[6.428s] -- Up-to-date: /ROS_ws/install/mecha_control/include/mecha_control/mecha_control/msg
[6.428s] -- Up-to-date: /ROS_ws/install/mecha_control/include/mecha_control/mecha_control/msg/detail
[6.428s] -- Up-to-date: /ROS_ws/install/mecha_control/include/mecha_control/mecha_control/msg/detail/point_and_mecha_state__rosidl_typesupport_introspection_cpp.hpp
[6.428s] -- Up-to-date: /ROS_ws/install/mecha_control/include/mecha_control/mecha_control/msg/detail/actuator_commands__rosidl_typesupport_introspection_cpp.hpp
[6.429s] -- Up-to-date: /ROS_ws/install/mecha_control/include/mecha_control/mecha_control/msg/detail/point_and_mecha_state_array__rosidl_typesupport_introspection_cpp.hpp
[6.429s] -- Up-to-date: /ROS_ws/install/mecha_control/include/mecha_control/mecha_control/msg/detail/sensor_states__rosidl_typesupport_introspection_cpp.hpp
[6.429s] -- Up-to-date: /ROS_ws/install/mecha_control/include/mecha_control/mecha_control/msg/detail/mecha_state__type_support.cpp
[6.429s] -- Up-to-date: /ROS_ws/install/mecha_control/include/mecha_control/mecha_control/msg/detail/actuator_commands__type_support.cpp
[6.429s] -- Up-to-date: /ROS_ws/install/mecha_control/include/mecha_control/mecha_control/msg/detail/mecha_state__rosidl_typesupport_introspection_cpp.hpp
[6.429s] -- Up-to-date: /ROS_ws/install/mecha_control/include/mecha_control/mecha_control/msg/detail/point_and_mecha_state_array__type_support.cpp
[6.429s] -- Up-to-date: /ROS_ws/install/mecha_control/include/mecha_control/mecha_control/msg/detail/sensor_states__type_support.cpp
[6.429s] -- Up-to-date: /ROS_ws/install/mecha_control/include/mecha_control/mecha_control/msg/detail/point_and_mecha_state__type_support.cpp
[6.429s] -- Up-to-date: /ROS_ws/install/mecha_control/lib/libmecha_control__rosidl_typesupport_introspection_cpp.so
[6.429s] -- Up-to-date: /ROS_ws/install/mecha_control/lib/libmecha_control__rosidl_typesupport_cpp.so
[6.429s] -- Up-to-date: /ROS_ws/install/mecha_control/share/mecha_control/environment/pythonpath.sh
[6.429s] -- Installing: /ROS_ws/install/mecha_control/share/mecha_control/environment/pythonpath.dsv
[6.429s] -- Up-to-date: /ROS_ws/install/mecha_control/local/lib/python3.10/dist-packages/mecha_control-0.0.0-py3.10.egg-info
[6.429s] -- Installing: /ROS_ws/install/mecha_control/local/lib/python3.10/dist-packages/mecha_control-0.0.0-py3.10.egg-info/SOURCES.txt
[6.429s] -- Installing: /ROS_ws/install/mecha_control/local/lib/python3.10/dist-packages/mecha_control-0.0.0-py3.10.egg-info/dependency_links.txt
[6.429s] -- Installing: /ROS_ws/install/mecha_control/local/lib/python3.10/dist-packages/mecha_control-0.0.0-py3.10.egg-info/PKG-INFO
[6.429s] -- Installing: /ROS_ws/install/mecha_control/local/lib/python3.10/dist-packages/mecha_control-0.0.0-py3.10.egg-info/top_level.txt
[6.429s] -- Up-to-date: /ROS_ws/install/mecha_control/local/lib/python3.10/dist-packages/mecha_control
[6.429s] -- Up-to-date: /ROS_ws/install/mecha_control/local/lib/python3.10/dist-packages/mecha_control/mecha_control_s__rosidl_typesupport_introspection_c.cpython-310-x86_64-linux-gnu.so
[6.429s] -- Up-to-date: /ROS_ws/install/mecha_control/local/lib/python3.10/dist-packages/mecha_control/srv
[6.429s] -- Up-to-date: /ROS_ws/install/mecha_control/local/lib/python3.10/dist-packages/mecha_control/srv/_mech_cmd_s.c
[6.429s] -- Up-to-date: /ROS_ws/install/mecha_control/local/lib/python3.10/dist-packages/mecha_control/srv/__init__.py
[6.429s] -- Up-to-date: /ROS_ws/install/mecha_control/local/lib/python3.10/dist-packages/mecha_control/srv/_mech_cmd.py
[6.429s] -- Up-to-date: /ROS_ws/install/mecha_control/local/lib/python3.10/dist-packages/mecha_control/_mecha_control_s.ep.rosidl_typesupport_fastrtps_c.c
[6.429s] -- Up-to-date: /ROS_ws/install/mecha_control/local/lib/python3.10/dist-packages/mecha_control/action
[6.429s] -- Up-to-date: /ROS_ws/install/mecha_control/local/lib/python3.10/dist-packages/mecha_control/action/_hina_cmd_s.c
[6.429s] -- Up-to-date: /ROS_ws/install/mecha_control/local/lib/python3.10/dist-packages/mecha_control/action/_mech_cmd_s.c
[6.429s] -- Up-to-date: /ROS_ws/install/mecha_control/local/lib/python3.10/dist-packages/mecha_control/action/_daiza_cmd_s.c
[6.429s] -- Up-to-date: /ROS_ws/install/mecha_control/local/lib/python3.10/dist-packages/mecha_control/action/__init__.py
[6.429s] -- Up-to-date: /ROS_ws/install/mecha_control/local/lib/python3.10/dist-packages/mecha_control/action/_mech_cmd.py
[6.429s] -- Up-to-date: /ROS_ws/install/mecha_control/local/lib/python3.10/dist-packages/mecha_control/action/_hina_cmd.py
[6.429s] -- Up-to-date: /ROS_ws/install/mecha_control/local/lib/python3.10/dist-packages/mecha_control/action/_daiza_cmd.py
[6.429s] -- Up-to-date: /ROS_ws/install/mecha_control/local/lib/python3.10/dist-packages/mecha_control/libmecha_control__rosidl_generator_py.so
[6.429s] -- Installing: /ROS_ws/install/mecha_control/local/lib/python3.10/dist-packages/mecha_control/__init__.py
[6.429s] -- Up-to-date: /ROS_ws/install/mecha_control/local/lib/python3.10/dist-packages/mecha_control/msg
[6.429s] -- Up-to-date: /ROS_ws/install/mecha_control/local/lib/python3.10/dist-packages/mecha_control/msg/_point_and_mecha_state_array.py
[6.430s] -- Up-to-date: /ROS_ws/install/mecha_control/local/lib/python3.10/dist-packages/mecha_control/msg/_sensor_states.py
[6.430s] -- Up-to-date: /ROS_ws/install/mecha_control/local/lib/python3.10/dist-packages/mecha_control/msg/_point_and_mecha_state_array_s.c
[6.430s] -- Up-to-date: /ROS_ws/install/mecha_control/local/lib/python3.10/dist-packages/mecha_control/msg/_mecha_state_s.c
[6.430s] -- Up-to-date: /ROS_ws/install/mecha_control/local/lib/python3.10/dist-packages/mecha_control/msg/_sensor_states_s.c
[6.430s] -- Up-to-date: /ROS_ws/install/mecha_control/local/lib/python3.10/dist-packages/mecha_control/msg/_actuator_commands.py
[6.430s] -- Up-to-date: /ROS_ws/install/mecha_control/local/lib/python3.10/dist-packages/mecha_control/msg/__init__.py
[6.430s] -- Up-to-date: /ROS_ws/install/mecha_control/local/lib/python3.10/dist-packages/mecha_control/msg/_point_and_mecha_state_s.c
[6.430s] -- Up-to-date: /ROS_ws/install/mecha_control/local/lib/python3.10/dist-packages/mecha_control/msg/_point_and_mecha_state.py
[6.430s] -- Up-to-date: /ROS_ws/install/mecha_control/local/lib/python3.10/dist-packages/mecha_control/msg/_actuator_commands_s.c
[6.430s] -- Up-to-date: /ROS_ws/install/mecha_control/local/lib/python3.10/dist-packages/mecha_control/msg/_mecha_state.py
[6.430s] -- Up-to-date: /ROS_ws/install/mecha_control/local/lib/python3.10/dist-packages/mecha_control/mecha_control_s__rosidl_typesupport_c.cpython-310-x86_64-linux-gnu.so
[6.430s] -- Up-to-date: /ROS_ws/install/mecha_control/local/lib/python3.10/dist-packages/mecha_control/mecha_control_s__rosidl_typesupport_fastrtps_c.cpython-310-x86_64-linux-gnu.so
[6.430s] -- Up-to-date: /ROS_ws/install/mecha_control/local/lib/python3.10/dist-packages/mecha_control/_mecha_control_s.ep.rosidl_typesupport_c.c
[6.430s] -- Up-to-date: /ROS_ws/install/mecha_control/local/lib/python3.10/dist-packages/mecha_control/_mecha_control_s.ep.rosidl_typesupport_introspection_c.c
[6.448s] Listing '/ROS_ws/install/mecha_control/local/lib/python3.10/dist-packages/mecha_control'...
[6.448s] Compiling '/ROS_ws/install/mecha_control/local/lib/python3.10/dist-packages/mecha_control/__init__.py'...
[6.448s] Listing '/ROS_ws/install/mecha_control/local/lib/python3.10/dist-packages/mecha_control/action'...
[6.448s] Listing '/ROS_ws/install/mecha_control/local/lib/python3.10/dist-packages/mecha_control/msg'...
[6.448s] Listing '/ROS_ws/install/mecha_control/local/lib/python3.10/dist-packages/mecha_control/srv'...
[6.451s] -- Up-to-date: /ROS_ws/install/mecha_control/local/lib/python3.10/dist-packages/mecha_control/mecha_control_s__rosidl_typesupport_fastrtps_c.cpython-310-x86_64-linux-gnu.so
[6.451s] -- Up-to-date: /ROS_ws/install/mecha_control/local/lib/python3.10/dist-packages/mecha_control/mecha_control_s__rosidl_typesupport_introspection_c.cpython-310-x86_64-linux-gnu.so
[6.451s] -- Up-to-date: /ROS_ws/install/mecha_control/local/lib/python3.10/dist-packages/mecha_control/mecha_control_s__rosidl_typesupport_c.cpython-310-x86_64-linux-gnu.so
[6.452s] -- Up-to-date: /ROS_ws/install/mecha_control/lib/libmecha_control__rosidl_generator_py.so
[6.452s] -- Up-to-date: /ROS_ws/install/mecha_control/share/mecha_control/msg/SensorStates.idl
[6.452s] -- Up-to-date: /ROS_ws/install/mecha_control/share/mecha_control/msg/ActuatorCommands.idl
[6.452s] -- Up-to-date: /ROS_ws/install/mecha_control/share/mecha_control/msg/MechaState.idl
[6.452s] -- Up-to-date: /ROS_ws/install/mecha_control/share/mecha_control/msg/PointAndMechaState.idl
[6.452s] -- Up-to-date: /ROS_ws/install/mecha_control/share/mecha_control/msg/PointAndMechaStateArray.idl
[6.452s] -- Up-to-date: /ROS_ws/install/mecha_control/share/mecha_control/srv/MechCmd.idl
[6.452s] -- Up-to-date: /ROS_ws/install/mecha_control/share/mecha_control/action/MechCmd.idl
[6.452s] -- Up-to-date: /ROS_ws/install/mecha_control/share/mecha_control/action/DaizaCmd.idl
[6.452s] -- Up-to-date: /ROS_ws/install/mecha_control/share/mecha_control/action/HinaCmd.idl
[6.452s] -- Up-to-date: /ROS_ws/install/mecha_control/share/mecha_control/msg/SensorStates.msg
[6.452s] -- Up-to-date: /ROS_ws/install/mecha_control/share/mecha_control/msg/ActuatorCommands.msg
[6.452s] -- Up-to-date: /ROS_ws/install/mecha_control/share/mecha_control/msg/MechaState.msg
[6.452s] -- Up-to-date: /ROS_ws/install/mecha_control/share/mecha_control/msg/PointAndMechaState.msg
[6.452s] -- Up-to-date: /ROS_ws/install/mecha_control/share/mecha_control/msg/PointAndMechaStateArray.msg
[6.452s] -- Up-to-date: /ROS_ws/install/mecha_control/share/mecha_control/srv/MechCmd.srv
[6.452s] -- Up-to-date: /ROS_ws/install/mecha_control/share/mecha_control/srv/MechCmd_Request.msg
[6.452s] -- Up-to-date: /ROS_ws/install/mecha_control/share/mecha_control/srv/MechCmd_Response.msg
[6.452s] -- Up-to-date: /ROS_ws/install/mecha_control/share/mecha_control/action/MechCmd.action
[6.452s] -- Up-to-date: /ROS_ws/install/mecha_control/share/mecha_control/action/DaizaCmd.action
[6.452s] -- Up-to-date: /ROS_ws/install/mecha_control/share/mecha_control/action/HinaCmd.action
[6.452s] -- Installing: /ROS_ws/install/mecha_control/lib/mecha_control/cmd_seq
[6.456s] -- Set runtime path of "/ROS_ws/install/mecha_control/lib/mecha_control/cmd_seq" to ""
[6.456s] -- Up-to-date: /ROS_ws/install/mecha_control/lib/mecha_control/mecha_control_node.py
[6.456s] -- Up-to-date: /ROS_ws/install/mecha_control/lib/mecha_control/dummy_node.py
[6.456s] -- Up-to-date: /ROS_ws/install/mecha_control/lib/mecha_control/debug_controller.py
[6.456s] -- Up-to-date: /ROS_ws/install/mecha_control/lib/mecha_control/debug_sequence_controller.py
[6.456s] -- Up-to-date: /ROS_ws/install/mecha_control/lib/mecha_control/path_command_publisher.py
[6.456s] -- Up-to-date: /ROS_ws/install/mecha_control/share/ament_index/resource_index/package_run_dependencies/mecha_control
[6.456s] -- Up-to-date: /ROS_ws/install/mecha_control/share/ament_index/resource_index/parent_prefix_path/mecha_control
[6.456s] -- Up-to-date: /ROS_ws/install/mecha_control/share/mecha_control/environment/ament_prefix_path.sh
[6.456s] -- Installing: /ROS_ws/install/mecha_control/share/mecha_control/environment/ament_prefix_path.dsv
[6.456s] -- Up-to-date: /ROS_ws/install/mecha_control/share/mecha_control/environment/path.sh
[6.457s] -- Installing: /ROS_ws/install/mecha_control/share/mecha_control/environment/path.dsv
[6.457s] -- Up-to-date: /ROS_ws/install/mecha_control/share/mecha_control/local_setup.bash
[6.457s] -- Up-to-date: /ROS_ws/install/mecha_control/share/mecha_control/local_setup.sh
[6.457s] -- Up-to-date: /ROS_ws/install/mecha_control/share/mecha_control/local_setup.zsh
[6.457s] -- Installing: /ROS_ws/install/mecha_control/share/mecha_control/local_setup.dsv
[6.457s] -- Installing: /ROS_ws/install/mecha_control/share/mecha_control/package.dsv
[6.457s] -- Up-to-date: /ROS_ws/install/mecha_control/share/ament_index/resource_index/packages/mecha_control
[6.457s] -- Up-to-date: /ROS_ws/install/mecha_control/share/mecha_control/cmake/export_mecha_control__rosidl_generator_cExport.cmake
[6.457s] -- Up-to-date: /ROS_ws/install/mecha_control/share/mecha_control/cmake/export_mecha_control__rosidl_generator_cExport-noconfig.cmake
[6.457s] -- Up-to-date: /ROS_ws/install/mecha_control/share/mecha_control/cmake/export_mecha_control__rosidl_typesupport_fastrtps_cExport.cmake
[6.457s] -- Up-to-date: /ROS_ws/install/mecha_control/share/mecha_control/cmake/export_mecha_control__rosidl_typesupport_fastrtps_cExport-noconfig.cmake
[6.457s] -- Up-to-date: /ROS_ws/install/mecha_control/share/mecha_control/cmake/export_mecha_control__rosidl_generator_cppExport.cmake
[6.457s] -- Up-to-date: /ROS_ws/install/mecha_control/share/mecha_control/cmake/export_mecha_control__rosidl_typesupport_fastrtps_cppExport.cmake
[6.457s] -- Up-to-date: /ROS_ws/install/mecha_control/share/mecha_control/cmake/export_mecha_control__rosidl_typesupport_fastrtps_cppExport-noconfig.cmake
[6.457s] -- Up-to-date: /ROS_ws/install/mecha_control/share/mecha_control/cmake/mecha_control__rosidl_typesupport_introspection_cExport.cmake
[6.457s] -- Up-to-date: /ROS_ws/install/mecha_control/share/mecha_control/cmake/mecha_control__rosidl_typesupport_introspection_cExport-noconfig.cmake
[6.457s] -- Up-to-date: /ROS_ws/install/mecha_control/share/mecha_control/cmake/mecha_control__rosidl_typesupport_cExport.cmake
[6.457s] -- Up-to-date: /ROS_ws/install/mecha_control/share/mecha_control/cmake/mecha_control__rosidl_typesupport_cExport-noconfig.cmake
[6.457s] -- Up-to-date: /ROS_ws/install/mecha_control/share/mecha_control/cmake/mecha_control__rosidl_typesupport_introspection_cppExport.cmake
[6.457s] -- Up-to-date: /ROS_ws/install/mecha_control/share/mecha_control/cmake/mecha_control__rosidl_typesupport_introspection_cppExport-noconfig.cmake
[6.457s] -- Up-to-date: /ROS_ws/install/mecha_control/share/mecha_control/cmake/mecha_control__rosidl_typesupport_cppExport.cmake
[6.457s] -- Up-to-date: /ROS_ws/install/mecha_control/share/mecha_control/cmake/mecha_control__rosidl_typesupport_cppExport-noconfig.cmake
[6.457s] -- Up-to-date: /ROS_ws/install/mecha_control/share/mecha_control/cmake/export_mecha_control__rosidl_generator_pyExport.cmake
[6.457s] -- Up-to-date: /ROS_ws/install/mecha_control/share/mecha_control/cmake/export_mecha_control__rosidl_generator_pyExport-noconfig.cmake
[6.457s] -- Up-to-date: /ROS_ws/install/mecha_control/share/mecha_control/cmake/rosidl_cmake-extras.cmake
[6.457s] -- Up-to-date: /ROS_ws/install/mecha_control/share/mecha_control/cmake/ament_cmake_export_dependencies-extras.cmake
[6.457s] -- Up-to-date: /ROS_ws/install/mecha_control/share/mecha_control/cmake/ament_cmake_export_include_directories-extras.cmake
[6.457s] -- Up-to-date: /ROS_ws/install/mecha_control/share/mecha_control/cmake/ament_cmake_export_libraries-extras.cmake
[6.457s] -- Up-to-date: /ROS_ws/install/mecha_control/share/mecha_control/cmake/ament_cmake_export_targets-extras.cmake
[6.457s] -- Up-to-date: /ROS_ws/install/mecha_control/share/mecha_control/cmake/rosidl_cmake_export_typesupport_targets-extras.cmake
[6.458s] -- Up-to-date: /ROS_ws/install/mecha_control/share/mecha_control/cmake/rosidl_cmake_export_typesupport_libraries-extras.cmake
[6.458s] -- Up-to-date: /ROS_ws/install/mecha_control/share/mecha_control/cmake/mecha_controlConfig.cmake
[6.458s] -- Up-to-date: /ROS_ws/install/mecha_control/share/mecha_control/cmake/mecha_controlConfig-version.cmake
[6.458s] -- Up-to-date: /ROS_ws/install/mecha_control/share/mecha_control/package.xml
[6.460s] Invoked command in '/ROS_ws/build/mecha_control' returned '0': CMAKE_PREFIX_PATH=${CMAKE_PREFIX_PATH}:/ROS_ws/install/calc_vel:/opt/ros/humble /usr/bin/cmake --install /ROS_ws/build/mecha_control
