[  1%] Built target mecha_control__cpp
[ 12%] Built target mecha_control__rosidl_generator_c
[ 12%] Built target ament_cmake_python_copy_mecha_control
[ 35%] Built target mecha_control__rosidl_typesupport_introspection_cpp
[ 35%] Built target mecha_control__rosidl_typesupport_cpp
[ 46%] Built target mecha_control__rosidl_typesupport_fastrtps_cpp
[ 57%] Built target mecha_control__rosidl_typesupport_introspection_c
[ 69%] Built target mecha_control__rosidl_typesupport_c
[ 80%] Built target mecha_control__rosidl_typesupport_fastrtps_c
[35m[1mConsolidate compiler generated dependencies of target cmd_seq[0m
[ 81%] Built target mecha_control
[ 81%] [32mBuilding CXX object CMakeFiles/cmd_seq.dir/src/cmd_seq.cpp.o[0m
[ 82%] Built target mecha_control__py
[ 92%] Built target mecha_control__rosidl_generator_py
[ 94%] Built target mecha_control__rosidl_typesupport_introspection_c__pyext
[ 96%] Built target mecha_control__rosidl_typesupport_c__pyext
[ 98%] Built target mecha_control__rosidl_typesupport_fastrtps_c__pyext
running egg_info
writing mecha_control.egg-info/PKG-INFO
writing dependency_links to mecha_control.egg-info/dependency_links.txt
writing top-level names to mecha_control.egg-info/top_level.txt
reading manifest file 'mecha_control.egg-info/SOURCES.txt'
writing manifest file 'mecha_control.egg-info/SOURCES.txt'
[ 98%] Built target ament_cmake_python_build_mecha_control_egg
