[0.000000] (-) TimerEvent: {}
[0.000211] (nucleo_agent) JobQueued: {'identifier': 'nucleo_agent', 'dependencies': OrderedDict()}
[0.000243] (nucleo_agent) JobStarted: {'identifier': 'nucleo_agent'}
[0.007061] (nucleo_agent) JobProgress: {'identifier': 'nucleo_agent', 'progress': 'cmake'}
[0.007623] (nucleo_agent) JobProgress: {'identifier': 'nucleo_agent', 'progress': 'build'}
[0.008133] (nucleo_agent) Command: {'cmd': ['/usr/bin/cmake', '--build', '/ROS_ws/build/nucleo_agent', '--', '-j12', '-l12'], 'cwd': '/ROS_ws/build/nucleo_agent', 'env': OrderedDict([('SHLVL', '1'), ('LD_LIBRARY_PATH', '/opt/ros/humble/opt/rviz_ogre_vendor/lib:/opt/ros/humble/lib/x86_64-linux-gnu:/opt/ros/humble/lib'), ('HOME', '/ROS_ws'), ('ROS_PYTHON_VERSION', '3'), ('container', 'podman'), ('COLCON_PREFIX_PATH', '/ROS_ws/install'), ('ROS_DISTRO', 'humble'), ('_', '/usr/bin/colcon'), ('ROS_VERSION', '2'), ('TERM', 'xterm'), ('ROS_LOCALHOST_ONLY', '0'), ('PATH', '/opt/ros/humble/bin:/usr/local/sbin:/usr/local/bin:/usr/sbin:/usr/bin:/sbin:/bin'), ('DISPLAY', ':0'), ('LANG', 'C.UTF-8'), ('AMENT_PREFIX_PATH', '/ROS_ws/install/nucleo_agent:/opt/ros/humble'), ('PWD', '/ROS_ws/build/nucleo_agent'), ('LC_ALL', 'C.UTF-8'), ('PYTHONPATH', '/opt/ros/humble/lib/python3.10/site-packages:/opt/ros/humble/local/lib/python3.10/dist-packages'), ('COLCON', '1'), ('CMAKE_PREFIX_PATH', '/ROS_ws/install/nucleo_agent:/opt/ros/humble')]), 'shell': False}
[0.036908] (nucleo_agent) StderrLine: {'line': b'\x1b[31mCMake Error at CMakeLists.txt:9 (find_package):\n'}
[0.037033] (nucleo_agent) StderrLine: {'line': b'  By not providing "Findlibudev.cmake" in CMAKE_MODULE_PATH this project has\n'}
[0.037082] (nucleo_agent) StderrLine: {'line': b'  asked CMake to find a package configuration file provided by "libudev", but\n'}
[0.037122] (nucleo_agent) StderrLine: {'line': b'  CMake did not find one.\n'}
[0.037152] (nucleo_agent) StderrLine: {'line': b'\n'}
[0.037181] (nucleo_agent) StderrLine: {'line': b'  Could not find a package configuration file provided by "libudev" with any\n'}
[0.037212] (nucleo_agent) StderrLine: {'line': b'  of the following names:\n'}
[0.037240] (nucleo_agent) StderrLine: {'line': b'\n'}
[0.037268] (nucleo_agent) StderrLine: {'line': b'    libudevConfig.cmake\n'}
[0.037297] (nucleo_agent) StderrLine: {'line': b'    libudev-config.cmake\n'}
[0.037325] (nucleo_agent) StderrLine: {'line': b'\n'}
[0.037351] (nucleo_agent) StderrLine: {'line': b'  Add the installation prefix of "libudev" to CMAKE_PREFIX_PATH or set\n'}
[0.037384] (nucleo_agent) StderrLine: {'line': b'  "libudev_DIR" to a directory containing one of the above files.  If\n'}
[0.037411] (nucleo_agent) StderrLine: {'line': b'  "libudev" provides a separate development package or SDK, be sure it has\n'}
[0.037439] (nucleo_agent) StderrLine: {'line': b'  been installed.\n'}
[0.037465] (nucleo_agent) StderrLine: {'line': b'\n'}
[0.037491] (nucleo_agent) StderrLine: {'line': b'\x1b[0m\n'}
[0.037517] (nucleo_agent) StdoutLine: {'line': b'-- Configuring incomplete, errors occurred!\n'}
[0.037557] (nucleo_agent) StdoutLine: {'line': b'See also "/ROS_ws/build/nucleo_agent/CMakeFiles/CMakeOutput.log".\n'}
[0.037866] (nucleo_agent) StderrLine: {'line': b'gmake: *** [Makefile:267: cmake_check_build_system] Error 1\n'}
[0.038924] (nucleo_agent) CommandEnded: {'returncode': 2}
[0.062444] (nucleo_agent) JobEnded: {'identifier': 'nucleo_agent', 'rc': 2}
[0.072775] (-) EventReactorShutdown: {}
