In file included from [01m[K/opt/ros/humble/include/rclcpp/rclcpp/logging.hpp:24[m[K,
                 from [01m[K/opt/ros/humble/include/rclcpp/rclcpp/client.hpp:40[m[K,
                 from [01m[K/opt/ros/humble/include/rclcpp/rclcpp/callback_group.hpp:24[m[K,
                 from [01m[K/opt/ros/humble/include/rclcpp/rclcpp/any_executable.hpp:20[m[K,
                 from [01m[K/opt/ros/humble/include/rclcpp/rclcpp/memory_strategy.hpp:25[m[K,
                 from [01m[K/opt/ros/humble/include/rclcpp/rclcpp/memory_strategies.hpp:18[m[K,
                 from [01m[K/opt/ros/humble/include/rclcpp/rclcpp/executor_options.hpp:20[m[K,
                 from [01m[K/opt/ros/humble/include/rclcpp/rclcpp/executor.hpp:37[m[K,
                 from [01m[K/opt/ros/humble/include/rclcpp/rclcpp/executors/multi_threaded_executor.hpp:25[m[K,
                 from [01m[K/opt/ros/humble/include/rclcpp/rclcpp/executors.hpp:21[m[K,
                 from [01m[K/opt/ros/humble/include/rclcpp/rclcpp/rclcpp.hpp:155[m[K,
                 from [01m[K/ROS_ws/src/mecha_control/src/cmd_seq.cpp:1[m[K:
[01m[K/ROS_ws/src/mecha_control/src/cmd_seq.cpp:[m[K In lambda function:
[01m[K/ROS_ws/src/mecha_control/src/cmd_seq.cpp:41:25:[m[K [01;31m[Kerror: [m[K‘[01m[Kthis[m[K’ was not captured for this lambda function
   41 |             RCLCPP_INFO([01;31m[Kthis[m[K->get_logger(), "bonbori: %d", request->data);
      |                         [01;31m[K^~~~[m[K
[01m[K/ROS_ws/src/mecha_control/src/cmd_seq.cpp:41:25:[m[K [01;31m[Kerror: [m[K‘[01m[Kthis[m[K’ was not captured for this lambda function
   41 |             RCLCPP_INFO([01;31m[Kthis[m[K->get_logger(), "bonbori: %d", request->data);
      |                         [01;31m[K^~~~[m[K
[01m[K/ROS_ws/src/mecha_control/src/cmd_seq.cpp:41:60:[m[K [01;31m[Kerror: [m[K‘[01m[Krequest[m[K’ is not captured
   41 |             RCLCPP_INFO(this->get_logger(), "bonbori: %d", [01;31m[Krequest[m[K->data);
      |                                                            [01;31m[K^~~~~~~[m[K
[01m[K/ROS_ws/src/mecha_control/src/cmd_seq.cpp:40:22:[m[K [01;36m[Knote: [m[Kthe lambda has no capture-default
   40 |         std::thread([[01;36m[K][m[K{
      |                      [01;36m[K^[m[K
[01m[K/ROS_ws/src/mecha_control/src/cmd_seq.cpp:35:86:[m[K [01;36m[Knote: [m[K‘[01m[Kconst std::shared_ptr<std_srvs::srv::SetBool_Request_<std::allocator<void> > > request[m[K’ declared here
   35 |     void set_bonbori_callback([01;36m[Kconst std::shared_ptr<std_srvs::srv::SetBool::Request> request[m[K,
      |                               [01;36m[K~~~~~~~~~~~~~~~~~~~~~~~~~~~~~~~~~~~~~~~~~~~~~~~~~~~~~~~^~~~~~~[m[K
In file included from [01m[K/opt/ros/humble/include/rclcpp/rclcpp/logging.hpp:24[m[K,
                 from [01m[K/opt/ros/humble/include/rclcpp/rclcpp/client.hpp:40[m[K,
                 from [01m[K/opt/ros/humble/include/rclcpp/rclcpp/callback_group.hpp:24[m[K,
                 from [01m[K/opt/ros/humble/include/rclcpp/rclcpp/any_executable.hpp:20[m[K,
                 from [01m[K/opt/ros/humble/include/rclcpp/rclcpp/memory_strategy.hpp:25[m[K,
                 from [01m[K/opt/ros/humble/include/rclcpp/rclcpp/memory_strategies.hpp:18[m[K,
                 from [01m[K/opt/ros/humble/include/rclcpp/rclcpp/executor_options.hpp:20[m[K,
                 from [01m[K/opt/ros/humble/include/rclcpp/rclcpp/executor.hpp:37[m[K,
                 from [01m[K/opt/ros/humble/include/rclcpp/rclcpp/executors/multi_threaded_executor.hpp:25[m[K,
                 from [01m[K/opt/ros/humble/include/rclcpp/rclcpp/executors.hpp:21[m[K,
                 from [01m[K/opt/ros/humble/include/rclcpp/rclcpp/rclcpp.hpp:155[m[K,
                 from [01m[K/ROS_ws/src/mecha_control/src/cmd_seq.cpp:1[m[K:
[01m[K/ROS_ws/src/mecha_control/src/cmd_seq.cpp:43:25:[m[K [01;31m[Kerror: [m[K‘[01m[Kthis[m[K’ was not captured for this lambda function
   43 |             RCLCPP_INFO([01;31m[Kthis[m[K->get_logger(), "bonbori: wait_ended");
      |                         [01;31m[K^~~~[m[K
[01m[K/ROS_ws/src/mecha_control/src/cmd_seq.cpp:43:25:[m[K [01;31m[Kerror: [m[K‘[01m[Kthis[m[K’ was not captured for this lambda function
   43 |             RCLCPP_INFO([01;31m[Kthis[m[K->get_logger(), "bonbori: wait_ended");
      |                         [01;31m[K^~~~[m[K
gmake[2]: *** [CMakeFiles/cmd_seq.dir/build.make:76: CMakeFiles/cmd_seq.dir/src/cmd_seq.cpp.o] Error 1
gmake[1]: *** [CMakeFiles/Makefile2:595: CMakeFiles/cmd_seq.dir/all] Error 2
gmake: *** [Makefile:146: all] Error 2
