[  1%] Built target mecha_control__cpp
[ 12%] Built target mecha_control__rosidl_generator_c
[ 12%] Built target ament_cmake_python_copy_mecha_control
[ 23%] Built target mecha_control__rosidl_typesupport_cpp
[ 45%] Built target mecha_control__rosidl_typesupport_introspection_cpp
[ 45%] Built target mecha_control__rosidl_typesupport_c
[ 56%] Built target mecha_control__rosidl_typesupport_fastrtps_cpp
[ 67%] Built target mecha_control__rosidl_typesupport_introspection_c
[ 78%] Built target mecha_control__rosidl_typesupport_fastrtps_c
[35m[1mConsolidate compiler generated dependencies of target cmd_seq[0m
[ 78%] Built target mecha_control
[ 79%] [32mBuilding CXX object CMakeFiles/cmd_seq.dir/src/cmd_seq.cpp.o[0m
[ 80%] Built target mecha_control__py
[ 90%] Built target mecha_control__rosidl_generator_py
[ 97%] Built target mecha_control__rosidl_typesupport_c__pyext
[ 97%] Built target mecha_control__rosidl_typesupport_introspection_c__pyext
[ 98%] Built target mecha_control__rosidl_typesupport_fastrtps_c__pyext
running egg_info
writing mecha_control.egg-info/PKG-INFO
writing dependency_links to mecha_control.egg-info/dependency_links.txt
writing top-level names to mecha_control.egg-info/top_level.txt
reading manifest file 'mecha_control.egg-info/SOURCES.txt'
writing manifest file 'mecha_control.egg-info/SOURCES.txt'
[ 98%] Built target ament_cmake_python_build_mecha_control_egg
