2023-11-19 11:54:58.170 [info] Log level: Info
2023-11-19 11:54:58.170 [info] Validating found git in: "git"
2023-11-19 11:54:58.170 [info] Using git "2.34.1" from "git"
2023-11-19 11:54:58.170 [info] > git rev-parse --show-toplevel [2ms]
2023-11-19 11:54:58.170 [info] fatal: not a git repository (or any parent up to mount point /)
Stopping at filesystem boundary (GIT_DISCOVERY_ACROSS_FILESYSTEM not set).
2023-11-19 11:54:58.173 [info] > git rev-parse --show-toplevel [2ms]
2023-11-19 11:54:58.173 [info] fatal: not a git repository (or any parent up to mount point /)
Stopping at filesystem boundary (GIT_DISCOVERY_ACROSS_FILESYSTEM not set).
2023-11-19 11:54:58.177 [info] > git rev-parse --show-toplevel [1ms]
2023-11-19 11:54:58.177 [info] fatal: not a git repository (or any parent up to mount point /)
Stopping at filesystem boundary (GIT_DISCOVERY_ACROSS_FILESYSTEM not set).
2023-11-19 11:54:58.180 [info] > git rev-parse --show-toplevel [1ms]
2023-11-19 11:54:58.180 [info] fatal: not a git repository (or any parent up to mount point /)
Stopping at filesystem boundary (GIT_DISCOVERY_ACROSS_FILESYSTEM not set).
2023-11-19 11:54:58.183 [info] > git rev-parse --show-toplevel [1ms]
2023-11-19 11:54:58.183 [info] fatal: not a git repository (or any parent up to mount point /)
Stopping at filesystem boundary (GIT_DISCOVERY_ACROSS_FILESYSTEM not set).
2023-11-19 11:54:58.186 [info] > git rev-parse --show-toplevel [0ms]
2023-11-19 11:54:58.187 [info] fatal: not a git repository (or any parent up to mount point /)
Stopping at filesystem boundary (GIT_DISCOVERY_ACROSS_FILESYSTEM not set).
2023-11-19 11:54:58.190 [info] > git rev-parse --show-toplevel [1ms]
2023-11-19 11:54:58.190 [info] fatal: not a git repository (or any parent up to mount point /)
Stopping at filesystem boundary (GIT_DISCOVERY_ACROSS_FILESYSTEM not set).
2023-11-19 11:54:58.193 [info] > git rev-parse --show-toplevel [0ms]
2023-11-19 11:54:58.193 [info] fatal: not a git repository (or any parent up to mount point /)
Stopping at filesystem boundary (GIT_DISCOVERY_ACROSS_FILESYSTEM not set).
2023-11-19 11:55:34.355 [info] > git rev-parse --show-toplevel [3ms]
2023-11-19 11:55:34.356 [info] fatal: not a git repository (or any parent up to mount point /)
Stopping at filesystem boundary (GIT_DISCOVERY_ACROSS_FILESYSTEM not set).
