[0.170s] DEBUG:colcon:Command line arguments: ['/usr/bin/colcon', 'build']
[0.170s] DEBUG:colcon:Parsed command line arguments: Namespace(log_base=None, log_level=None, verb_name='build', build_base='build', install_base='install', merge_install=False, symlink_install=False, test_result_base=None, continue_on_error=False, executor='parallel', parallel_workers=12, event_handlers=None, ignore_user_meta=False, metas=['./colcon.meta'], base_paths=['.'], packages_ignore=None, packages_ignore_regex=None, paths=None, packages_up_to=None, packages_up_to_regex=None, packages_above=None, packages_above_and_dependencies=None, packages_above_depth=None, packages_select_by_dep=None, packages_skip_by_dep=None, packages_skip_up_to=None, packages_select_build_failed=False, packages_skip_build_finished=False, packages_select_test_failures=False, packages_skip_test_passed=False, packages_select=None, packages_skip=None, packages_select_regex=None, packages_skip_regex=None, packages_start=None, packages_end=None, cmake_args=None, cmake_target=None, cmake_target_skip_unavailable=False, cmake_clean_cache=False, cmake_clean_first=False, cmake_force_configure=False, ament_cmake_args=None, catkin_cmake_args=None, catkin_skip_building_tests=False, mixin_files=None, mixin=None, verb_parser=<colcon_mixin.mixin.mixin_argument.MixinArgumentDecorator object at 0x7f84b50a8d30>, verb_extension=<colcon_core.verb.build.BuildVerb object at 0x7f84b58a4070>, main=<bound method BuildVerb.main of <colcon_core.verb.build.BuildVerb object at 0x7f84b58a4070>>, mixin_verb=('build',))
[0.188s] Level 1:colcon.colcon_core.package_discovery:discover_packages(colcon_meta) check parameters
[0.189s] INFO:colcon.colcon_metadata.package_discovery.colcon_meta:Using configuration from '/root/.colcon/metadata/default/Gazebo.meta'
[0.189s] INFO:colcon.colcon_metadata.package_discovery.colcon_meta:Using configuration from '/root/.colcon/metadata/default/fastrtps.meta'
[0.189s] Level 1:colcon.colcon_core.package_discovery:discover_packages(recursive) check parameters
[0.189s] Level 1:colcon.colcon_core.package_discovery:discover_packages(ignore) check parameters
[0.189s] Level 1:colcon.colcon_core.package_discovery:discover_packages(path) check parameters
[0.189s] Level 1:colcon.colcon_core.package_discovery:discover_packages(colcon_meta) discover
[0.189s] Level 1:colcon.colcon_core.package_discovery:discover_packages(recursive) discover
[0.189s] INFO:colcon.colcon_core.package_discovery:Crawling recursively for packages in '/ROS_ws'
[0.189s] Level 1:colcon.colcon_core.package_identification:_identify(.) by extensions ['ignore', 'ignore_ament_install']
[0.189s] Level 1:colcon.colcon_core.package_identification:_identify(.) by extension 'ignore'
[0.189s] Level 1:colcon.colcon_core.package_identification:_identify(.) by extension 'ignore_ament_install'
[0.189s] Level 1:colcon.colcon_core.package_identification:_identify(.) by extensions ['colcon_pkg']
[0.189s] Level 1:colcon.colcon_core.package_identification:_identify(.) by extension 'colcon_pkg'
[0.189s] Level 1:colcon.colcon_core.package_identification:_identify(.) by extensions ['colcon_meta']
[0.189s] Level 1:colcon.colcon_core.package_identification:_identify(.) by extension 'colcon_meta'
[0.189s] Level 1:colcon.colcon_core.package_identification:_identify(.) by extensions ['ros']
[0.189s] Level 1:colcon.colcon_core.package_identification:_identify(.) by extension 'ros'
[0.197s] Level 1:colcon.colcon_core.package_identification:_identify(.) by extensions ['cmake', 'python']
[0.197s] Level 1:colcon.colcon_core.package_identification:_identify(.) by extension 'cmake'
[0.197s] Level 1:colcon.colcon_core.package_identification:_identify(.) by extension 'python'
[0.197s] Level 1:colcon.colcon_core.package_identification:_identify(.) by extensions ['python_setup_py']
[0.197s] Level 1:colcon.colcon_core.package_identification:_identify(.) by extension 'python_setup_py'
[0.197s] Level 1:colcon.colcon_core.package_identification:_identify(build) by extensions ['ignore', 'ignore_ament_install']
[0.197s] Level 1:colcon.colcon_core.package_identification:_identify(build) by extension 'ignore'
[0.197s] Level 1:colcon.colcon_core.package_identification:_identify(build) ignored
[0.197s] Level 1:colcon.colcon_core.package_identification:_identify(install) by extensions ['ignore', 'ignore_ament_install']
[0.197s] Level 1:colcon.colcon_core.package_identification:_identify(install) by extension 'ignore'
[0.197s] Level 1:colcon.colcon_core.package_identification:_identify(install) ignored
[0.197s] Level 1:colcon.colcon_core.package_identification:_identify(log) by extensions ['ignore', 'ignore_ament_install']
[0.197s] Level 1:colcon.colcon_core.package_identification:_identify(log) by extension 'ignore'
[0.197s] Level 1:colcon.colcon_core.package_identification:_identify(log) ignored
[0.197s] Level 1:colcon.colcon_core.package_identification:_identify(src) by extensions ['ignore', 'ignore_ament_install']
[0.197s] Level 1:colcon.colcon_core.package_identification:_identify(src) by extension 'ignore'
[0.197s] Level 1:colcon.colcon_core.package_identification:_identify(src) by extension 'ignore_ament_install'
[0.197s] Level 1:colcon.colcon_core.package_identification:_identify(src) by extensions ['colcon_pkg']
[0.197s] Level 1:colcon.colcon_core.package_identification:_identify(src) by extension 'colcon_pkg'
[0.197s] Level 1:colcon.colcon_core.package_identification:_identify(src) by extensions ['colcon_meta']
[0.197s] Level 1:colcon.colcon_core.package_identification:_identify(src) by extension 'colcon_meta'
[0.197s] Level 1:colcon.colcon_core.package_identification:_identify(src) by extensions ['ros']
[0.198s] Level 1:colcon.colcon_core.package_identification:_identify(src) by extension 'ros'
[0.198s] Level 1:colcon.colcon_core.package_identification:_identify(src) by extensions ['cmake', 'python']
[0.198s] Level 1:colcon.colcon_core.package_identification:_identify(src) by extension 'cmake'
[0.198s] Level 1:colcon.colcon_core.package_identification:_identify(src) by extension 'python'
[0.198s] Level 1:colcon.colcon_core.package_identification:_identify(src) by extensions ['python_setup_py']
[0.198s] Level 1:colcon.colcon_core.package_identification:_identify(src) by extension 'python_setup_py'
[0.198s] Level 1:colcon.colcon_core.package_identification:_identify(src/mecha_control) by extensions ['ignore', 'ignore_ament_install']
[0.198s] Level 1:colcon.colcon_core.package_identification:_identify(src/mecha_control) by extension 'ignore'
[0.198s] Level 1:colcon.colcon_core.package_identification:_identify(src/mecha_control) by extension 'ignore_ament_install'
[0.198s] Level 1:colcon.colcon_core.package_identification:_identify(src/mecha_control) by extensions ['colcon_pkg']
[0.198s] Level 1:colcon.colcon_core.package_identification:_identify(src/mecha_control) by extension 'colcon_pkg'
[0.198s] Level 1:colcon.colcon_core.package_identification:_identify(src/mecha_control) by extensions ['colcon_meta']
[0.198s] Level 1:colcon.colcon_core.package_identification:_identify(src/mecha_control) by extension 'colcon_meta'
[0.198s] Level 1:colcon.colcon_core.package_identification:_identify(src/mecha_control) by extensions ['ros']
[0.198s] Level 1:colcon.colcon_core.package_identification:_identify(src/mecha_control) by extension 'ros'
[0.199s] DEBUG:colcon.colcon_core.package_identification:Package 'src/mecha_control' with type 'ros.ament_cmake' and name 'mecha_control'
[0.200s] Level 1:colcon.colcon_core.package_identification:_identify(src/nucleo_agent) by extensions ['ignore', 'ignore_ament_install']
[0.200s] Level 1:colcon.colcon_core.package_identification:_identify(src/nucleo_agent) by extension 'ignore'
[0.200s] Level 1:colcon.colcon_core.package_identification:_identify(src/nucleo_agent) by extension 'ignore_ament_install'
[0.200s] Level 1:colcon.colcon_core.package_identification:_identify(src/nucleo_agent) by extensions ['colcon_pkg']
[0.200s] Level 1:colcon.colcon_core.package_identification:_identify(src/nucleo_agent) by extension 'colcon_pkg'
[0.200s] Level 1:colcon.colcon_core.package_identification:_identify(src/nucleo_agent) by extensions ['colcon_meta']
[0.200s] Level 1:colcon.colcon_core.package_identification:_identify(src/nucleo_agent) by extension 'colcon_meta'
[0.200s] Level 1:colcon.colcon_core.package_identification:_identify(src/nucleo_agent) by extensions ['ros']
[0.200s] Level 1:colcon.colcon_core.package_identification:_identify(src/nucleo_agent) by extension 'ros'
[0.200s] DEBUG:colcon.colcon_core.package_identification:Package 'src/nucleo_agent' with type 'ros.ament_cmake' and name 'nucleo_agent'
[0.200s] Level 1:colcon.colcon_core.package_identification:_identify(src/pc_robot_controller) by extensions ['ignore', 'ignore_ament_install']
[0.200s] Level 1:colcon.colcon_core.package_identification:_identify(src/pc_robot_controller) by extension 'ignore'
[0.200s] Level 1:colcon.colcon_core.package_identification:_identify(src/pc_robot_controller) by extension 'ignore_ament_install'
[0.200s] Level 1:colcon.colcon_core.package_identification:_identify(src/pc_robot_controller) by extensions ['colcon_pkg']
[0.200s] Level 1:colcon.colcon_core.package_identification:_identify(src/pc_robot_controller) by extension 'colcon_pkg'
[0.200s] Level 1:colcon.colcon_core.package_identification:_identify(src/pc_robot_controller) by extensions ['colcon_meta']
[0.200s] Level 1:colcon.colcon_core.package_identification:_identify(src/pc_robot_controller) by extension 'colcon_meta'
[0.200s] Level 1:colcon.colcon_core.package_identification:_identify(src/pc_robot_controller) by extensions ['ros']
[0.200s] Level 1:colcon.colcon_core.package_identification:_identify(src/pc_robot_controller) by extension 'ros'
[0.201s] DEBUG:colcon.colcon_core.package_identification:Package 'src/pc_robot_controller' with type 'ros.ament_cmake' and name 'pc_robot_controller'
[0.201s] Level 1:colcon.colcon_core.package_discovery:discover_packages(recursive) using defaults
[0.201s] Level 1:colcon.colcon_core.package_discovery:discover_packages(ignore) discover
[0.201s] Level 1:colcon.colcon_core.package_discovery:discover_packages(ignore) using defaults
[0.201s] Level 1:colcon.colcon_core.package_discovery:discover_packages(path) discover
[0.201s] Level 1:colcon.colcon_core.package_discovery:discover_packages(path) using defaults
[0.215s] Level 5:colcon.colcon_core.verb:set package 'mecha_control' build argument 'cmake_args' from command line to 'None'
[0.215s] Level 5:colcon.colcon_core.verb:set package 'mecha_control' build argument 'cmake_target' from command line to 'None'
[0.215s] Level 5:colcon.colcon_core.verb:set package 'mecha_control' build argument 'cmake_target_skip_unavailable' from command line to 'False'
[0.215s] Level 5:colcon.colcon_core.verb:set package 'mecha_control' build argument 'cmake_clean_cache' from command line to 'False'
[0.215s] Level 5:colcon.colcon_core.verb:set package 'mecha_control' build argument 'cmake_clean_first' from command line to 'False'
[0.215s] Level 5:colcon.colcon_core.verb:set package 'mecha_control' build argument 'cmake_force_configure' from command line to 'False'
[0.215s] Level 5:colcon.colcon_core.verb:set package 'mecha_control' build argument 'ament_cmake_args' from command line to 'None'
[0.215s] Level 5:colcon.colcon_core.verb:set package 'mecha_control' build argument 'catkin_cmake_args' from command line to 'None'
[0.215s] Level 5:colcon.colcon_core.verb:set package 'mecha_control' build argument 'catkin_skip_building_tests' from command line to 'False'
[0.215s] DEBUG:colcon.colcon_core.verb:Building package 'mecha_control' with the following arguments: {'ament_cmake_args': None, 'build_base': '/ROS_ws/build/mecha_control', 'catkin_cmake_args': None, 'catkin_skip_building_tests': False, 'cmake_args': None, 'cmake_clean_cache': False, 'cmake_clean_first': False, 'cmake_force_configure': False, 'cmake_target': None, 'cmake_target_skip_unavailable': False, 'install_base': '/ROS_ws/install/mecha_control', 'merge_install': False, 'path': '/ROS_ws/src/mecha_control', 'symlink_install': False, 'test_result_base': None}
[0.215s] Level 5:colcon.colcon_core.verb:set package 'nucleo_agent' build argument 'cmake_args' from command line to 'None'
[0.215s] Level 5:colcon.colcon_core.verb:set package 'nucleo_agent' build argument 'cmake_target' from command line to 'None'
[0.215s] Level 5:colcon.colcon_core.verb:set package 'nucleo_agent' build argument 'cmake_target_skip_unavailable' from command line to 'False'
[0.215s] Level 5:colcon.colcon_core.verb:set package 'nucleo_agent' build argument 'cmake_clean_cache' from command line to 'False'
[0.215s] Level 5:colcon.colcon_core.verb:set package 'nucleo_agent' build argument 'cmake_clean_first' from command line to 'False'
[0.215s] Level 5:colcon.colcon_core.verb:set package 'nucleo_agent' build argument 'cmake_force_configure' from command line to 'False'
[0.215s] Level 5:colcon.colcon_core.verb:set package 'nucleo_agent' build argument 'ament_cmake_args' from command line to 'None'
[0.215s] Level 5:colcon.colcon_core.verb:set package 'nucleo_agent' build argument 'catkin_cmake_args' from command line to 'None'
[0.215s] Level 5:colcon.colcon_core.verb:set package 'nucleo_agent' build argument 'catkin_skip_building_tests' from command line to 'False'
[0.216s] DEBUG:colcon.colcon_core.verb:Building package 'nucleo_agent' with the following arguments: {'ament_cmake_args': None, 'build_base': '/ROS_ws/build/nucleo_agent', 'catkin_cmake_args': None, 'catkin_skip_building_tests': False, 'cmake_args': None, 'cmake_clean_cache': False, 'cmake_clean_first': False, 'cmake_force_configure': False, 'cmake_target': None, 'cmake_target_skip_unavailable': False, 'install_base': '/ROS_ws/install/nucleo_agent', 'merge_install': False, 'path': '/ROS_ws/src/nucleo_agent', 'symlink_install': False, 'test_result_base': None}
[0.216s] Level 5:colcon.colcon_core.verb:set package 'pc_robot_controller' build argument 'cmake_args' from command line to 'None'
[0.216s] Level 5:colcon.colcon_core.verb:set package 'pc_robot_controller' build argument 'cmake_target' from command line to 'None'
[0.216s] Level 5:colcon.colcon_core.verb:set package 'pc_robot_controller' build argument 'cmake_target_skip_unavailable' from command line to 'False'
[0.216s] Level 5:colcon.colcon_core.verb:set package 'pc_robot_controller' build argument 'cmake_clean_cache' from command line to 'False'
[0.216s] Level 5:colcon.colcon_core.verb:set package 'pc_robot_controller' build argument 'cmake_clean_first' from command line to 'False'
[0.216s] Level 5:colcon.colcon_core.verb:set package 'pc_robot_controller' build argument 'cmake_force_configure' from command line to 'False'
[0.216s] Level 5:colcon.colcon_core.verb:set package 'pc_robot_controller' build argument 'ament_cmake_args' from command line to 'None'
[0.216s] Level 5:colcon.colcon_core.verb:set package 'pc_robot_controller' build argument 'catkin_cmake_args' from command line to 'None'
[0.216s] Level 5:colcon.colcon_core.verb:set package 'pc_robot_controller' build argument 'catkin_skip_building_tests' from command line to 'False'
[0.216s] DEBUG:colcon.colcon_core.verb:Building package 'pc_robot_controller' with the following arguments: {'ament_cmake_args': None, 'build_base': '/ROS_ws/build/pc_robot_controller', 'catkin_cmake_args': None, 'catkin_skip_building_tests': False, 'cmake_args': None, 'cmake_clean_cache': False, 'cmake_clean_first': False, 'cmake_force_configure': False, 'cmake_target': None, 'cmake_target_skip_unavailable': False, 'install_base': '/ROS_ws/install/pc_robot_controller', 'merge_install': False, 'path': '/ROS_ws/src/pc_robot_controller', 'symlink_install': False, 'test_result_base': None}
[0.216s] INFO:colcon.colcon_core.executor:Executing jobs using 'parallel' executor
[0.218s] DEBUG:colcon.colcon_parallel_executor.executor.parallel:run_until_complete
[0.218s] INFO:colcon.colcon_ros.task.ament_cmake.build:Building ROS package in '/ROS_ws/src/mecha_control' with build type 'ament_cmake'
[0.219s] INFO:colcon.colcon_cmake.task.cmake.build:Building CMake package in '/ROS_ws/src/mecha_control'
[0.221s] INFO:colcon.colcon_core.plugin_system:Skipping extension 'colcon_core.shell.bat': Not used on non-Windows systems
[0.221s] INFO:colcon.colcon_core.shell:Skip shell extension 'powershell' for command environment: Not usable outside of PowerShell
[0.221s] DEBUG:colcon.colcon_core.shell:Skip shell extension 'dsv' for command environment
[0.224s] INFO:colcon.colcon_ros.task.ament_cmake.build:Building ROS package in '/ROS_ws/src/nucleo_agent' with build type 'ament_cmake'
[0.224s] INFO:colcon.colcon_cmake.task.cmake.build:Building CMake package in '/ROS_ws/src/nucleo_agent'
[0.225s] INFO:colcon.colcon_core.shell:Skip shell extension 'powershell' for command environment: Not usable outside of PowerShell
[0.225s] DEBUG:colcon.colcon_core.shell:Skip shell extension 'dsv' for command environment
[0.228s] INFO:colcon.colcon_ros.task.ament_cmake.build:Building ROS package in '/ROS_ws/src/pc_robot_controller' with build type 'ament_cmake'
[0.228s] INFO:colcon.colcon_cmake.task.cmake.build:Building CMake package in '/ROS_ws/src/pc_robot_controller'
[0.228s] INFO:colcon.colcon_core.shell:Skip shell extension 'powershell' for command environment: Not usable outside of PowerShell
[0.229s] DEBUG:colcon.colcon_core.shell:Skip shell extension 'dsv' for command environment
[0.234s] DEBUG:colcon.colcon_core.event_handler.log_command:Invoking command in '/ROS_ws/build/mecha_control': CMAKE_PREFIX_PATH=${CMAKE_PREFIX_PATH}:/opt/ros/humble /usr/bin/cmake --build /ROS_ws/build/mecha_control -- -j12 -l12
[0.236s] DEBUG:colcon.colcon_core.event_handler.log_command:Invoking command in '/ROS_ws/build/nucleo_agent': CMAKE_PREFIX_PATH=${CMAKE_PREFIX_PATH}:/opt/ros/humble /usr/bin/cmake --build /ROS_ws/build/nucleo_agent -- -j12 -l12
[0.238s] DEBUG:colcon.colcon_core.event_handler.log_command:Invoking command in '/ROS_ws/build/pc_robot_controller': CMAKE_PREFIX_PATH=${CMAKE_PREFIX_PATH}:/opt/ros/humble /usr/bin/cmake --build /ROS_ws/build/pc_robot_controller -- -j12 -l12
[0.295s] DEBUG:colcon.colcon_core.event_handler.log_command:Invoked command in '/ROS_ws/build/pc_robot_controller' returned '0': CMAKE_PREFIX_PATH=${CMAKE_PREFIX_PATH}:/opt/ros/humble /usr/bin/cmake --build /ROS_ws/build/pc_robot_controller -- -j12 -l12
[0.316s] DEBUG:colcon.colcon_core.event_handler.log_command:Invoking command in '/ROS_ws/build/pc_robot_controller': CMAKE_PREFIX_PATH=${CMAKE_PREFIX_PATH}:/opt/ros/humble /usr/bin/cmake --install /ROS_ws/build/pc_robot_controller
[0.322s] Level 1:colcon.colcon_core.environment:create_environment_scripts_only(pc_robot_controller)
[0.323s] DEBUG:colcon.colcon_core.event_handler.log_command:Invoked command in '/ROS_ws/build/pc_robot_controller' returned '0': CMAKE_PREFIX_PATH=${CMAKE_PREFIX_PATH}:/opt/ros/humble /usr/bin/cmake --install /ROS_ws/build/pc_robot_controller
[0.326s] Level 1:colcon.colcon_core.environment:checking '/ROS_ws/install/pc_robot_controller' for CMake module files
[0.326s] Level 1:colcon.colcon_core.environment:checking '/ROS_ws/install/pc_robot_controller' for CMake config files
[0.326s] Level 1:colcon.colcon_core.shell:create_environment_hook('pc_robot_controller', 'cmake_prefix_path')
[0.327s] INFO:colcon.colcon_core.shell:Creating environment hook '/ROS_ws/install/pc_robot_controller/share/pc_robot_controller/hook/cmake_prefix_path.ps1'
[0.328s] INFO:colcon.colcon_core.shell:Creating environment descriptor '/ROS_ws/install/pc_robot_controller/share/pc_robot_controller/hook/cmake_prefix_path.dsv'
[0.328s] INFO:colcon.colcon_core.shell:Creating environment hook '/ROS_ws/install/pc_robot_controller/share/pc_robot_controller/hook/cmake_prefix_path.sh'
[0.328s] Level 1:colcon.colcon_core.environment:checking '/ROS_ws/install/pc_robot_controller/lib'
[0.329s] Level 1:colcon.colcon_core.environment:checking '/ROS_ws/install/pc_robot_controller/bin'
[0.329s] Level 1:colcon.colcon_core.environment:checking '/ROS_ws/install/pc_robot_controller/lib/pkgconfig/pc_robot_controller.pc'
[0.330s] Level 1:colcon.colcon_core.environment:checking '/ROS_ws/install/pc_robot_controller/lib/python3.10/site-packages'
[0.330s] Level 1:colcon.colcon_core.environment:checking '/ROS_ws/install/pc_robot_controller/bin'
[0.331s] INFO:colcon.colcon_core.shell:Creating package script '/ROS_ws/install/pc_robot_controller/share/pc_robot_controller/package.ps1'
[0.332s] INFO:colcon.colcon_core.shell:Creating package descriptor '/ROS_ws/install/pc_robot_controller/share/pc_robot_controller/package.dsv'
[0.332s] INFO:colcon.colcon_core.shell:Creating package script '/ROS_ws/install/pc_robot_controller/share/pc_robot_controller/package.sh'
[0.333s] INFO:colcon.colcon_core.shell:Creating package script '/ROS_ws/install/pc_robot_controller/share/pc_robot_controller/package.bash'
[0.333s] INFO:colcon.colcon_core.shell:Creating package script '/ROS_ws/install/pc_robot_controller/share/pc_robot_controller/package.zsh'
[0.333s] Level 1:colcon.colcon_core.environment:create_file_with_runtime_dependencies(/ROS_ws/install/pc_robot_controller/share/colcon-core/packages/pc_robot_controller)
[0.350s] Level 1:colcon.colcon_core.environment:create_environment_scripts_only(pc_robot_controller)
[0.351s] Level 1:colcon.colcon_core.environment:checking '/ROS_ws/install/pc_robot_controller' for CMake module files
[0.351s] Level 1:colcon.colcon_core.environment:checking '/ROS_ws/install/pc_robot_controller' for CMake config files
[0.352s] Level 1:colcon.colcon_core.shell:create_environment_hook('pc_robot_controller', 'cmake_prefix_path')
[0.352s] INFO:colcon.colcon_core.shell:Creating environment hook '/ROS_ws/install/pc_robot_controller/share/pc_robot_controller/hook/cmake_prefix_path.ps1'
[0.353s] INFO:colcon.colcon_core.shell:Creating environment descriptor '/ROS_ws/install/pc_robot_controller/share/pc_robot_controller/hook/cmake_prefix_path.dsv'
[0.353s] INFO:colcon.colcon_core.shell:Creating environment hook '/ROS_ws/install/pc_robot_controller/share/pc_robot_controller/hook/cmake_prefix_path.sh'
[0.353s] Level 1:colcon.colcon_core.environment:checking '/ROS_ws/install/pc_robot_controller/lib'
[0.354s] Level 1:colcon.colcon_core.environment:checking '/ROS_ws/install/pc_robot_controller/bin'
[0.354s] Level 1:colcon.colcon_core.environment:checking '/ROS_ws/install/pc_robot_controller/lib/pkgconfig/pc_robot_controller.pc'
[0.354s] Level 1:colcon.colcon_core.environment:checking '/ROS_ws/install/pc_robot_controller/lib/python3.10/site-packages'
[0.354s] Level 1:colcon.colcon_core.environment:checking '/ROS_ws/install/pc_robot_controller/bin'
[0.355s] INFO:colcon.colcon_core.shell:Creating package script '/ROS_ws/install/pc_robot_controller/share/pc_robot_controller/package.ps1'
[0.356s] INFO:colcon.colcon_core.shell:Creating package descriptor '/ROS_ws/install/pc_robot_controller/share/pc_robot_controller/package.dsv'
[0.356s] INFO:colcon.colcon_core.shell:Creating package script '/ROS_ws/install/pc_robot_controller/share/pc_robot_controller/package.sh'
[0.356s] INFO:colcon.colcon_core.shell:Creating package script '/ROS_ws/install/pc_robot_controller/share/pc_robot_controller/package.bash'
[0.357s] INFO:colcon.colcon_core.shell:Creating package script '/ROS_ws/install/pc_robot_controller/share/pc_robot_controller/package.zsh'
[0.357s] Level 1:colcon.colcon_core.environment:create_file_with_runtime_dependencies(/ROS_ws/install/pc_robot_controller/share/colcon-core/packages/pc_robot_controller)
[0.448s] DEBUG:colcon.colcon_core.event_handler.log_command:Invoked command in '/ROS_ws/build/mecha_control' returned '0': CMAKE_PREFIX_PATH=${CMAKE_PREFIX_PATH}:/opt/ros/humble /usr/bin/cmake --build /ROS_ws/build/mecha_control -- -j12 -l12
[0.509s] DEBUG:colcon.colcon_core.event_handler.log_command:Invoking command in '/ROS_ws/build/mecha_control': CMAKE_PREFIX_PATH=${CMAKE_PREFIX_PATH}:/opt/ros/humble /usr/bin/cmake --install /ROS_ws/build/mecha_control
[0.543s] Level 1:colcon.colcon_core.environment:create_environment_scripts_only(mecha_control)
[0.543s] DEBUG:colcon.colcon_core.event_handler.log_command:Invoked command in '/ROS_ws/build/mecha_control' returned '0': CMAKE_PREFIX_PATH=${CMAKE_PREFIX_PATH}:/opt/ros/humble /usr/bin/cmake --install /ROS_ws/build/mecha_control
[0.545s] Level 1:colcon.colcon_core.environment:checking '/ROS_ws/install/mecha_control' for CMake module files
[0.546s] Level 1:colcon.colcon_core.environment:checking '/ROS_ws/install/mecha_control' for CMake config files
[0.546s] Level 1:colcon.colcon_core.shell:create_environment_hook('mecha_control', 'cmake_prefix_path')
[0.547s] INFO:colcon.colcon_core.shell:Creating environment hook '/ROS_ws/install/mecha_control/share/mecha_control/hook/cmake_prefix_path.ps1'
[0.547s] INFO:colcon.colcon_core.shell:Creating environment descriptor '/ROS_ws/install/mecha_control/share/mecha_control/hook/cmake_prefix_path.dsv'
[0.547s] INFO:colcon.colcon_core.shell:Creating environment hook '/ROS_ws/install/mecha_control/share/mecha_control/hook/cmake_prefix_path.sh'
[0.548s] Level 1:colcon.colcon_core.environment:checking '/ROS_ws/install/mecha_control/lib'
[0.548s] Level 1:colcon.colcon_core.shell:create_environment_hook('mecha_control', 'ld_library_path_lib')
[0.549s] INFO:colcon.colcon_core.shell:Creating environment hook '/ROS_ws/install/mecha_control/share/mecha_control/hook/ld_library_path_lib.ps1'
[0.549s] INFO:colcon.colcon_core.shell:Creating environment descriptor '/ROS_ws/install/mecha_control/share/mecha_control/hook/ld_library_path_lib.dsv'
[0.549s] INFO:colcon.colcon_core.shell:Creating environment hook '/ROS_ws/install/mecha_control/share/mecha_control/hook/ld_library_path_lib.sh'
[0.550s] Level 1:colcon.colcon_core.environment:checking '/ROS_ws/install/mecha_control/bin'
[0.550s] Level 1:colcon.colcon_core.environment:checking '/ROS_ws/install/mecha_control/lib/pkgconfig/mecha_control.pc'
[0.550s] Level 1:colcon.colcon_core.environment:checking '/ROS_ws/install/mecha_control/lib/python3.10/site-packages'
[0.550s] Level 1:colcon.colcon_core.environment:checking '/ROS_ws/install/mecha_control/bin'
[0.551s] INFO:colcon.colcon_core.shell:Creating package script '/ROS_ws/install/mecha_control/share/mecha_control/package.ps1'
[0.551s] INFO:colcon.colcon_core.shell:Creating package descriptor '/ROS_ws/install/mecha_control/share/mecha_control/package.dsv'
[0.552s] INFO:colcon.colcon_core.shell:Creating package script '/ROS_ws/install/mecha_control/share/mecha_control/package.sh'
[0.552s] INFO:colcon.colcon_core.shell:Creating package script '/ROS_ws/install/mecha_control/share/mecha_control/package.bash'
[0.552s] INFO:colcon.colcon_core.shell:Creating package script '/ROS_ws/install/mecha_control/share/mecha_control/package.zsh'
[0.552s] Level 1:colcon.colcon_core.environment:create_file_with_runtime_dependencies(/ROS_ws/install/mecha_control/share/colcon-core/packages/mecha_control)
[0.611s] Level 1:colcon.colcon_core.environment:create_environment_scripts_only(mecha_control)
[0.613s] Level 1:colcon.colcon_core.environment:checking '/ROS_ws/install/mecha_control' for CMake module files
[0.613s] Level 1:colcon.colcon_core.environment:checking '/ROS_ws/install/mecha_control' for CMake config files
[0.613s] Level 1:colcon.colcon_core.shell:create_environment_hook('mecha_control', 'cmake_prefix_path')
[0.614s] INFO:colcon.colcon_core.shell:Creating environment hook '/ROS_ws/install/mecha_control/share/mecha_control/hook/cmake_prefix_path.ps1'
[0.614s] INFO:colcon.colcon_core.shell:Creating environment descriptor '/ROS_ws/install/mecha_control/share/mecha_control/hook/cmake_prefix_path.dsv'
[0.614s] INFO:colcon.colcon_core.shell:Creating environment hook '/ROS_ws/install/mecha_control/share/mecha_control/hook/cmake_prefix_path.sh'
[0.614s] Level 1:colcon.colcon_core.environment:checking '/ROS_ws/install/mecha_control/lib'
[0.614s] Level 1:colcon.colcon_core.shell:create_environment_hook('mecha_control', 'ld_library_path_lib')
[0.615s] INFO:colcon.colcon_core.shell:Creating environment hook '/ROS_ws/install/mecha_control/share/mecha_control/hook/ld_library_path_lib.ps1'
[0.615s] INFO:colcon.colcon_core.shell:Creating environment descriptor '/ROS_ws/install/mecha_control/share/mecha_control/hook/ld_library_path_lib.dsv'
[0.615s] INFO:colcon.colcon_core.shell:Creating environment hook '/ROS_ws/install/mecha_control/share/mecha_control/hook/ld_library_path_lib.sh'
[0.616s] Level 1:colcon.colcon_core.environment:checking '/ROS_ws/install/mecha_control/bin'
[0.616s] Level 1:colcon.colcon_core.environment:checking '/ROS_ws/install/mecha_control/lib/pkgconfig/mecha_control.pc'
[0.616s] Level 1:colcon.colcon_core.environment:checking '/ROS_ws/install/mecha_control/lib/python3.10/site-packages'
[0.616s] Level 1:colcon.colcon_core.environment:checking '/ROS_ws/install/mecha_control/bin'
[0.617s] INFO:colcon.colcon_core.shell:Creating package script '/ROS_ws/install/mecha_control/share/mecha_control/package.ps1'
[0.617s] INFO:colcon.colcon_core.shell:Creating package descriptor '/ROS_ws/install/mecha_control/share/mecha_control/package.dsv'
[0.617s] INFO:colcon.colcon_core.shell:Creating package script '/ROS_ws/install/mecha_control/share/mecha_control/package.sh'
[0.617s] INFO:colcon.colcon_core.shell:Creating package script '/ROS_ws/install/mecha_control/share/mecha_control/package.bash'
[0.617s] INFO:colcon.colcon_core.shell:Creating package script '/ROS_ws/install/mecha_control/share/mecha_control/package.zsh'
[0.618s] Level 1:colcon.colcon_core.environment:create_file_with_runtime_dependencies(/ROS_ws/install/mecha_control/share/colcon-core/packages/mecha_control)
[3.772s] DEBUG:colcon.colcon_core.event_handler.log_command:Invoked command in '/ROS_ws/build/nucleo_agent' returned '2': CMAKE_PREFIX_PATH=${CMAKE_PREFIX_PATH}:/opt/ros/humble /usr/bin/cmake --build /ROS_ws/build/nucleo_agent -- -j12 -l12
[3.801s] Level 1:colcon.colcon_core.environment:create_environment_scripts_only(nucleo_agent)
[3.802s] Level 1:colcon.colcon_core.environment:checking '/ROS_ws/install/nucleo_agent' for CMake module files
[3.802s] Level 1:colcon.colcon_core.environment:checking '/ROS_ws/install/nucleo_agent' for CMake config files
[3.802s] Level 1:colcon.colcon_core.shell:create_environment_hook('nucleo_agent', 'cmake_prefix_path')
[3.803s] INFO:colcon.colcon_core.shell:Creating environment hook '/ROS_ws/install/nucleo_agent/share/nucleo_agent/hook/cmake_prefix_path.ps1'
[3.803s] INFO:colcon.colcon_core.shell:Creating environment descriptor '/ROS_ws/install/nucleo_agent/share/nucleo_agent/hook/cmake_prefix_path.dsv'
[3.803s] INFO:colcon.colcon_core.shell:Creating environment hook '/ROS_ws/install/nucleo_agent/share/nucleo_agent/hook/cmake_prefix_path.sh'
[3.804s] Level 1:colcon.colcon_core.environment:checking '/ROS_ws/install/nucleo_agent/lib'
[3.804s] Level 1:colcon.colcon_core.shell:create_environment_hook('nucleo_agent', 'ld_library_path_lib')
[3.804s] INFO:colcon.colcon_core.shell:Creating environment hook '/ROS_ws/install/nucleo_agent/share/nucleo_agent/hook/ld_library_path_lib.ps1'
[3.805s] INFO:colcon.colcon_core.shell:Creating environment descriptor '/ROS_ws/install/nucleo_agent/share/nucleo_agent/hook/ld_library_path_lib.dsv'
[3.805s] INFO:colcon.colcon_core.shell:Creating environment hook '/ROS_ws/install/nucleo_agent/share/nucleo_agent/hook/ld_library_path_lib.sh'
[3.805s] Level 1:colcon.colcon_core.environment:checking '/ROS_ws/install/nucleo_agent/bin'
[3.805s] Level 1:colcon.colcon_core.environment:checking '/ROS_ws/install/nucleo_agent/lib/pkgconfig/nucleo_agent.pc'
[3.805s] Level 1:colcon.colcon_core.environment:checking '/ROS_ws/install/nucleo_agent/lib/python3.10/site-packages'
[3.805s] Level 1:colcon.colcon_core.environment:checking '/ROS_ws/install/nucleo_agent/bin'
[3.806s] INFO:colcon.colcon_core.shell:Creating package script '/ROS_ws/install/nucleo_agent/share/nucleo_agent/package.ps1'
[3.806s] INFO:colcon.colcon_core.shell:Creating package descriptor '/ROS_ws/install/nucleo_agent/share/nucleo_agent/package.dsv'
[3.807s] INFO:colcon.colcon_core.shell:Creating package script '/ROS_ws/install/nucleo_agent/share/nucleo_agent/package.sh'
[3.807s] INFO:colcon.colcon_core.shell:Creating package script '/ROS_ws/install/nucleo_agent/share/nucleo_agent/package.bash'
[3.807s] INFO:colcon.colcon_core.shell:Creating package script '/ROS_ws/install/nucleo_agent/share/nucleo_agent/package.zsh'
[3.807s] Level 1:colcon.colcon_core.environment:create_file_with_runtime_dependencies(/ROS_ws/install/nucleo_agent/share/colcon-core/packages/nucleo_agent)
[3.818s] DEBUG:colcon.colcon_parallel_executor.executor.parallel:closing loop
[3.818s] DEBUG:colcon.colcon_parallel_executor.executor.parallel:loop closed
[3.818s] DEBUG:colcon.colcon_parallel_executor.executor.parallel:run_until_complete finished with '2'
[3.818s] DEBUG:colcon.colcon_core.event_reactor:joining thread
[3.821s] INFO:colcon.colcon_core.plugin_system:Skipping extension 'colcon_notification.desktop_notification.notify_send': Could not find 'notify-send'
[3.821s] INFO:colcon.colcon_core.plugin_system:Skipping extension 'colcon_notification.desktop_notification.terminal_notifier': Not used on non-Darwin systems
[3.821s] INFO:colcon.colcon_core.plugin_system:Skipping extension 'colcon_notification.desktop_notification.win32': Not used on non-Windows systems
[3.821s] INFO:colcon.colcon_notification.desktop_notification:Sending desktop notification using 'notify2'
[3.822s] DEBUG:colcon.colcon_notification.desktop_notification.notify2:Failed to initialize notify2: org.freedesktop.DBus.Error.Spawn.ExecFailed: /usr/bin/dbus-launch terminated abnormally without any error message
[3.822s] DEBUG:colcon.colcon_core.event_reactor:joined thread
[3.823s] INFO:colcon.colcon_core.shell:Creating prefix script '/ROS_ws/install/local_setup.ps1'
[3.824s] INFO:colcon.colcon_core.shell:Creating prefix util module '/ROS_ws/install/_local_setup_util_ps1.py'
[3.825s] INFO:colcon.colcon_core.shell:Creating prefix chain script '/ROS_ws/install/setup.ps1'
[3.826s] INFO:colcon.colcon_core.shell:Creating prefix script '/ROS_ws/install/local_setup.sh'
[3.826s] INFO:colcon.colcon_core.shell:Creating prefix util module '/ROS_ws/install/_local_setup_util_sh.py'
[3.826s] INFO:colcon.colcon_core.shell:Creating prefix chain script '/ROS_ws/install/setup.sh'
[3.827s] INFO:colcon.colcon_core.shell:Creating prefix script '/ROS_ws/install/local_setup.bash'
[3.827s] INFO:colcon.colcon_core.shell:Creating prefix chain script '/ROS_ws/install/setup.bash'
[3.828s] INFO:colcon.colcon_core.shell:Creating prefix script '/ROS_ws/install/local_setup.zsh'
[3.828s] INFO:colcon.colcon_core.shell:Creating prefix chain script '/ROS_ws/install/setup.zsh'
