[01m[K/ROS_ws/src/pc_robot_controller/src/controller.cpp:[m[K In member function ‘[01m[Kvoid Controller::ui_main()[m[K’:
[01m[K/ROS_ws/src/pc_robot_controller/src/controller.cpp:56:43:[m[K [01;35m[Kwarning: [m[Knarrowing conversion of ‘[01m[K(screenWidth / 2)[m[K’ from ‘[01m[Kint[m[K’ to ‘[01m[Kfloat[m[K’ [[01;35m[K-Wnarrowing[m[K]
   56 |         robot.origin = Vector2{[01;35m[KscreenWidth/2[m[K, screenHeight/2};
      |                                [01;35m[K~~~~~~~~~~~^~[m[K
[01m[K/ROS_ws/src/pc_robot_controller/src/controller.cpp:56:59:[m[K [01;35m[Kwarning: [m[Knarrowing conversion of ‘[01m[K(screenHeight / 2)[m[K’ from ‘[01m[Kint[m[K’ to ‘[01m[Kfloat[m[K’ [[01;35m[K-Wnarrowing[m[K]
   56 |         robot.origin = Vector2{screenWidth/2, [01;35m[KscreenHeight/2[m[K};
      |                                               [01;35m[K~~~~~~~~~~~~^~[m[K
[01m[K/ROS_ws/src/pc_robot_controller/src/controller.cpp:95:53:[m[K [01;35m[Kwarning: [m[Knarrowing conversion of ‘[01m[K(screenWidth - 210)[m[K’ from ‘[01m[Kint[m[K’ to ‘[01m[Kfloat[m[K’ [[01;35m[K-Wnarrowing[m[K]
   95 |         label title_mech("mech state", {[01;35m[KscreenWidth -210[m[K, 70}, 20);
      |                                         [01;35m[K~~~~~~~~~~~~^~~~[m[K
[01m[K/ROS_ws/src/pc_robot_controller/src/controller.cpp:96:44:[m[K [01;35m[Kwarning: [m[Knarrowing conversion of ‘[01m[K(screenWidth - 250)[m[K’ from ‘[01m[Kint[m[K’ to ‘[01m[Kfloat[m[K’ [[01;35m[K-Wnarrowing[m[K]
   96 |         push_button daiza_seq({[01;35m[KscreenWidth -250[m[K, 100}, 180, 70, GRAY, PINK);
      |                                [01;35m[K~~~~~~~~~~~~^~~~[m[K
[01m[K/ROS_ws/src/pc_robot_controller/src/controller.cpp:97:43:[m[K [01;35m[Kwarning: [m[Knarrowing conversion of ‘[01m[K(screenWidth - 250)[m[K’ from ‘[01m[Kint[m[K’ to ‘[01m[Kfloat[m[K’ [[01;35m[K-Wnarrowing[m[K]
   97 |         push_button hina_seq({[01;35m[KscreenWidth -250[m[K, 200}, 180, 70, GRAY, PINK);
      |                               [01;35m[K~~~~~~~~~~~~^~~~[m[K
[01m[K/ROS_ws/src/pc_robot_controller/src/controller.cpp:98:47:[m[K [01;35m[Kwarning: [m[Knarrowing conversion of ‘[01m[K(screenWidth - 250)[m[K’ from ‘[01m[Kint[m[K’ to ‘[01m[Kfloat[m[K’ [[01;35m[K-Wnarrowing[m[K]
   98 |         toggle_button hina_servo({[01;35m[KscreenWidth -250[m[K, 300}, 180, 70, GRAY, PINK);
      |                                   [01;35m[K~~~~~~~~~~~~^~~~[m[K
[01m[K/ROS_ws/src/pc_robot_controller/src/controller.cpp:99:48:[m[K [01;35m[Kwarning: [m[Knarrowing conversion of ‘[01m[K(screenWidth - 200)[m[K’ from ‘[01m[Kint[m[K’ to ‘[01m[Kfloat[m[K’ [[01;35m[K-Wnarrowing[m[K]
   99 |         toggle_button bonbori_seq({[01;35m[KscreenWidth -200[m[K, 500}, 130, 70, GRAY, PINK);
      |                                    [01;35m[K~~~~~~~~~~~~^~~~[m[K
[01m[K/ROS_ws/src/pc_robot_controller/src/controller.cpp:110:66:[m[K [01;35m[Kwarning: [m[Knarrowing conversion of ‘[01m[K(screenWidth - 240)[m[K’ from ‘[01m[Kint[m[K’ to ‘[01m[Kfloat[m[K’ [[01;35m[K-Wnarrowing[m[K]
  110 |       label label_daiza_seq(text_label_daiza_seq, {[01;35m[KscreenWidth -240[m[K, 125}, 20);
      |                                                    [01;35m[K~~~~~~~~~~~~^~~~[m[K

[01m[K/ROS_ws/src/pc_robot_controller/src/controller.cpp:111:64:[m[K [01;35m[Kwarning: [m[Knarrowing conversion of ‘[01m[K(screenWidth - 240)[m[K’ from ‘[01m[Kint[m[K’ to ‘[01m[Kfloat[m[K’ [[01;35m[K-Wnarrowing[m[K]
  111 |         label label_hina_seq(text_label_hina_seq, {[01;35m[KscreenWidth -240[m[K, 225}, 20);
      |                                                    [01;35m[K~~~~~~~~~~~~^~~~[m[K
[01m[K/ROS_ws/src/pc_robot_controller/src/controller.cpp:112:59:[m[K [01;35m[Kwarning: [m[Knarrowing conversion of ‘[01m[K(screenWidth - 240)[m[K’ from ‘[01m[Kint[m[K’ to ‘[01m[Kfloat[m[K’ [[01;35m[K-Wnarrowing[m[K]
  112 |         label label_hina_servo("hina servo", {[01;35m[KscreenWidth -240[m[K, 325}, 20);
      |                                               [01;35m[K~~~~~~~~~~~~^~~~[m[K
[01m[K/ROS_ws/src/pc_robot_controller/src/controller.cpp:113:57:[m[K [01;35m[Kwarning: [m[Knarrowing conversion of ‘[01m[K(screenWidth - 190)[m[K’ from ‘[01m[Kint[m[K’ to ‘[01m[Kfloat[m[K’ [[01;35m[K-Wnarrowing[m[K]
  113 |         label label_bonbori_seq("bonbori", {[01;35m[KscreenWidth -190[m[K, 525}, 20);
      |                                             [01;35m[K~~~~~~~~~~~~^~~~[m[K
[01m[K/ROS_ws/src/pc_robot_controller/src/controller.cpp:144:42:[m[K [01;35m[Kwarning: [m[Knarrowing conversion of ‘[01m[K(screenWidth - 210)[m[K’ from ‘[01m[Kint[m[K’ to ‘[01m[Kfloat[m[K’ [[01;35m[K-Wnarrowing[m[K]
  144 |             title_mech.move({[01;35m[KscreenWidth -210[m[K, 70});
      |                              [01;35m[K~~~~~~~~~~~~^~~~[m[K
[01m[K/ROS_ws/src/pc_robot_controller/src/controller.cpp:145:41:[m[K [01;35m[Kwarning: [m[Knarrowing conversion of ‘[01m[K(screenWidth - 250)[m[K’ from ‘[01m[Kint[m[K’ to ‘[01m[Kfloat[m[K’ [[01;35m[K-Wnarrowing[m[K]
  145 |             daiza_seq.move({[01;35m[KscreenWidth -250[m[K, 100});
      |                             [01;35m[K~~~~~~~~~~~~^~~~[m[K
[01m[K/ROS_ws/src/pc_robot_controller/src/controller.cpp:146:40:[m[K [01;35m[Kwarning: [m[Knarrowing conversion of ‘[01m[K(screenWidth - 250)[m[K’ from ‘[01m[Kint[m[K’ to ‘[01m[Kfloat[m[K’ [[01;35m[K-Wnarrowing[m[K]
  146 |             hina_seq.move({[01;35m[KscreenWidth -250[m[K, 200});
      |                            [01;35m[K~~~~~~~~~~~~^~~~[m[K
[01m[K/ROS_ws/src/pc_robot_controller/src/controller.cpp:147:42:[m[K [01;35m[Kwarning: [m[Knarrowing conversion of ‘[01m[K(screenWidth - 250)[m[K’ from ‘[01m[Kint[m[K’ to ‘[01m[Kfloat[m[K’ [[01;35m[K-Wnarrowing[m[K]
  147 |             hina_servo.move({[01;35m[KscreenWidth -250[m[K, 300});
      |                              [01;35m[K~~~~~~~~~~~~^~~~[m[K
[01m[K/ROS_ws/src/pc_robot_controller/src/controller.cpp:148:43:[m[K [01;35m[Kwarning: [m[Knarrowing conversion of ‘[01m[K(screenWidth - 200)[m[K’ from ‘[01m[Kint[m[K’ to ‘[01m[Kfloat[m[K’ [[01;35m[K-Wnarrowing[m[K]
  148 |             bonbori_seq.move({[01;35m[KscreenWidth -200[m[K, 500});
      |                               [01;35m[K~~~~~~~~~~~~^~~~[m[K
[01m[K/ROS_ws/src/pc_robot_controller/src/controller.cpp:149:47:[m[K [01;35m[Kwarning: [m[Knarrowing conversion of ‘[01m[K(screenWidth - 240)[m[K’ from ‘[01m[Kint[m[K’ to ‘[01m[Kfloat[m[K’ [[01;35m[K-Wnarrowing[m[K]
  149 |             label_daiza_seq.move({[01;35m[KscreenWidth -240[m[K, 125});
      |                                   [01;35m[K~~~~~~~~~~~~^~~~[m[K
[01m[K/ROS_ws/src/pc_robot_controller/src/controller.cpp:150:46:[m[K [01;35m[Kwarning: [m[Knarrowing conversion of ‘[01m[K(screenWidth - 240)[m[K’ from ‘[01m[Kint[m[K’ to ‘[01m[Kfloat[m[K’ [[01;35m[K-Wnarrowing[m[K]
  150 |             label_hina_seq.move({[01;35m[KscreenWidth -240[m[K, 225});
      |                                  [01;35m[K~~~~~~~~~~~~^~~~[m[K
[01m[K/ROS_ws/src/pc_robot_controller/src/controller.cpp:151:48:[m[K [01;35m[Kwarning: [m[Knarrowing conversion of ‘[01m[K(screenWidth - 240)[m[K’ from ‘[01m[Kint[m[K’ to ‘[01m[Kfloat[m[K’ [[01;35m[K-Wnarrowing[m[K]
  151 |             label_hina_servo.move({[01;35m[KscreenWidth -240[m[K, 325});
      |                                    [01;35m[K~~~~~~~~~~~~^~~~[m[K
[01m[K/ROS_ws/src/pc_robot_controller/src/controller.cpp:152:49:[m[K [01;35m[Kwarning: [m[Knarrowing conversion of ‘[01m[K(screenWidth - 190)[m[K’ from ‘[01m[Kint[m[K’ to ‘[01m[Kfloat[m[K’ [[01;35m[K-Wnarrowing[m[K]
  152 |             label_bonbori_seq.move({[01;35m[KscreenWidth -190[m[K, 525});
      |                                     [01;35m[K~~~~~~~~~~~~^~~~[m[K
[01m[K/ROS_ws/src/pc_robot_controller/src/controller.cpp:153:47:[m[K [01;35m[Kwarning: [m[Knarrowing conversion of ‘[01m[K(screenWidth / 2)[m[K’ from ‘[01m[Kint[m[K’ to ‘[01m[Kfloat[m[K’ [[01;35m[K-Wnarrowing[m[K]
  153 |             robot.origin = Vector2{[01;35m[KscreenWidth/2[m[K, screenHeight/2};
      |                                    [01;35m[K~~~~~~~~~~~^~[m[K
[01m[K/ROS_ws/src/pc_robot_controller/src/controller.cpp:153:63:[m[K [01;35m[Kwarning: [m[Knarrowing conversion of ‘[01m[K(screenHeight / 2)[m[K’ from ‘[01m[Kint[m[K’ to ‘[01m[Kfloat[m[K’ [[01;35m[K-Wnarrowing[m[K]
  153 |             robot.origin = Vector2{screenWidth/2, [01;35m[KscreenHeight/2[m[K};
      |                                                   [01;35m[K~~~~~~~~~~~~^~[m[K
