[0.000000] (-) TimerEvent: {}
[0.000255] (nucleo_agent) JobQueued: {'identifier': 'nucleo_agent', 'dependencies': OrderedDict()}
[0.000274] (nucleo_agent) JobStarted: {'identifier': 'nucleo_agent'}
[0.006955] (nucleo_agent) JobProgress: {'identifier': 'nucleo_agent', 'progress': 'cmake'}
[0.007265] (nucleo_agent) JobProgress: {'identifier': 'nucleo_agent', 'progress': 'build'}
[0.007654] (nucleo_agent) Command: {'cmd': ['/usr/bin/cmake', '--build', '/ROS_ws/build/nucleo_agent', '--', '-j12', '-l12'], 'cwd': '/ROS_ws/build/nucleo_agent', 'env': OrderedDict([('SHLVL', '1'), ('LD_LIBRARY_PATH', '/opt/ros/humble/opt/rviz_ogre_vendor/lib:/opt/ros/humble/lib/x86_64-linux-gnu:/opt/ros/humble/lib'), ('HOME', '/ROS_ws'), ('ROS_PYTHON_VERSION', '3'), ('container', 'podman'), ('COLCON_PREFIX_PATH', '/ROS_ws/install'), ('ROS_DISTRO', 'humble'), ('_', '/usr/bin/colcon'), ('ROS_VERSION', '2'), ('TERM', 'xterm'), ('ROS_LOCALHOST_ONLY', '0'), ('PATH', '/opt/ros/humble/bin:/usr/local/sbin:/usr/local/bin:/usr/sbin:/usr/bin:/sbin:/bin'), ('DISPLAY', ':0'), ('LANG', 'C.UTF-8'), ('AMENT_PREFIX_PATH', '/ROS_ws/install/nucleo_agent:/opt/ros/humble'), ('PWD', '/ROS_ws/build/nucleo_agent'), ('LC_ALL', 'C.UTF-8'), ('PYTHONPATH', '/opt/ros/humble/lib/python3.10/site-packages:/opt/ros/humble/local/lib/python3.10/dist-packages'), ('COLCON', '1'), ('CMAKE_PREFIX_PATH', '/ROS_ws/install/nucleo_agent:/opt/ros/humble')]), 'shell': False}
[0.031907] (nucleo_agent) StdoutLine: {'line': b'\x1b[35m\x1b[1mConsolidate compiler generated dependencies of target nucleo_agent\x1b[0m\n'}
[0.042108] (nucleo_agent) StdoutLine: {'line': b'[ 50%] \x1b[32mBuilding CXX object CMakeFiles/nucleo_agent.dir/src/nucleo_agent.cpp.o\x1b[0m\n'}
[0.099830] (-) TimerEvent: {}
[0.200053] (-) TimerEvent: {}
[0.300308] (-) TimerEvent: {}
[0.400550] (-) TimerEvent: {}
[0.500768] (-) TimerEvent: {}
[0.600976] (-) TimerEvent: {}
[0.701221] (-) TimerEvent: {}
[0.801473] (-) TimerEvent: {}
[0.901746] (-) TimerEvent: {}
[1.001988] (-) TimerEvent: {}
[1.102238] (-) TimerEvent: {}
[1.202518] (-) TimerEvent: {}
[1.302745] (-) TimerEvent: {}
[1.403247] (-) TimerEvent: {}
[1.503492] (-) TimerEvent: {}
[1.603733] (-) TimerEvent: {}
[1.703962] (-) TimerEvent: {}
[1.804233] (-) TimerEvent: {}
[1.818485] (nucleo_agent) StdoutLine: {'line': b'[100%] \x1b[32m\x1b[1mLinking CXX executable nucleo_agent\x1b[0m\n'}
[1.892179] (nucleo_agent) StdoutLine: {'line': b'[100%] Built target nucleo_agent\n'}
[1.897697] (nucleo_agent) CommandEnded: {'returncode': 0}
[1.904312] (-) TimerEvent: {}
[1.909969] (nucleo_agent) JobProgress: {'identifier': 'nucleo_agent', 'progress': 'install'}
[1.914973] (nucleo_agent) Command: {'cmd': ['/usr/bin/cmake', '--install', '/ROS_ws/build/nucleo_agent'], 'cwd': '/ROS_ws/build/nucleo_agent', 'env': OrderedDict([('SHLVL', '1'), ('LD_LIBRARY_PATH', '/opt/ros/humble/opt/rviz_ogre_vendor/lib:/opt/ros/humble/lib/x86_64-linux-gnu:/opt/ros/humble/lib'), ('HOME', '/ROS_ws'), ('ROS_PYTHON_VERSION', '3'), ('container', 'podman'), ('COLCON_PREFIX_PATH', '/ROS_ws/install'), ('ROS_DISTRO', 'humble'), ('_', '/usr/bin/colcon'), ('ROS_VERSION', '2'), ('TERM', 'xterm'), ('ROS_LOCALHOST_ONLY', '0'), ('PATH', '/opt/ros/humble/bin:/usr/local/sbin:/usr/local/bin:/usr/sbin:/usr/bin:/sbin:/bin'), ('DISPLAY', ':0'), ('LANG', 'C.UTF-8'), ('AMENT_PREFIX_PATH', '/ROS_ws/install/nucleo_agent:/opt/ros/humble'), ('PWD', '/ROS_ws/build/nucleo_agent'), ('LC_ALL', 'C.UTF-8'), ('PYTHONPATH', '/opt/ros/humble/lib/python3.10/site-packages:/opt/ros/humble/local/lib/python3.10/dist-packages'), ('COLCON', '1'), ('CMAKE_PREFIX_PATH', '/ROS_ws/install/nucleo_agent:/opt/ros/humble')]), 'shell': False}
[1.919413] (nucleo_agent) StdoutLine: {'line': b'-- Install configuration: ""\n'}
[1.919498] (nucleo_agent) StdoutLine: {'line': b'-- Installing: /ROS_ws/install/nucleo_agent/lib/nucleo_agent/nucleo_agent\n'}
[1.919871] (nucleo_agent) StdoutLine: {'line': b'-- Set runtime path of "/ROS_ws/install/nucleo_agent/lib/nucleo_agent/nucleo_agent" to ""\n'}
[1.919921] (nucleo_agent) StdoutLine: {'line': b'-- Up-to-date: /ROS_ws/install/nucleo_agent/share/ament_index/resource_index/package_run_dependencies/nucleo_agent\n'}
[1.919961] (nucleo_agent) StdoutLine: {'line': b'-- Up-to-date: /ROS_ws/install/nucleo_agent/share/ament_index/resource_index/parent_prefix_path/nucleo_agent\n'}
[1.920012] (nucleo_agent) StdoutLine: {'line': b'-- Up-to-date: /ROS_ws/install/nucleo_agent/share/nucleo_agent/environment/ament_prefix_path.sh\n'}
[1.920044] (nucleo_agent) StdoutLine: {'line': b'-- Up-to-date: /ROS_ws/install/nucleo_agent/share/nucleo_agent/environment/ament_prefix_path.dsv\n'}
[1.920075] (nucleo_agent) StdoutLine: {'line': b'-- Up-to-date: /ROS_ws/install/nucleo_agent/share/nucleo_agent/environment/path.sh\n'}
[1.920106] (nucleo_agent) StdoutLine: {'line': b'-- Up-to-date: /ROS_ws/install/nucleo_agent/share/nucleo_agent/environment/path.dsv\n'}
[1.920135] (nucleo_agent) StdoutLine: {'line': b'-- Up-to-date: /ROS_ws/install/nucleo_agent/share/nucleo_agent/local_setup.bash\n'}
[1.920189] (nucleo_agent) StdoutLine: {'line': b'-- Up-to-date: /ROS_ws/install/nucleo_agent/share/nucleo_agent/local_setup.sh\n'}
[1.920220] (nucleo_agent) StdoutLine: {'line': b'-- Up-to-date: /ROS_ws/install/nucleo_agent/share/nucleo_agent/local_setup.zsh\n'}
[1.920247] (nucleo_agent) StdoutLine: {'line': b'-- Up-to-date: /ROS_ws/install/nucleo_agent/share/nucleo_agent/local_setup.dsv\n'}
[1.920274] (nucleo_agent) StdoutLine: {'line': b'-- Installing: /ROS_ws/install/nucleo_agent/share/nucleo_agent/package.dsv\n'}
[1.920301] (nucleo_agent) StdoutLine: {'line': b'-- Up-to-date: /ROS_ws/install/nucleo_agent/share/ament_index/resource_index/packages/nucleo_agent\n'}
[1.920327] (nucleo_agent) StdoutLine: {'line': b'-- Up-to-date: /ROS_ws/install/nucleo_agent/share/nucleo_agent/cmake/nucleo_agentConfig.cmake\n'}
[1.920355] (nucleo_agent) StdoutLine: {'line': b'-- Up-to-date: /ROS_ws/install/nucleo_agent/share/nucleo_agent/cmake/nucleo_agentConfig-version.cmake\n'}
[1.920381] (nucleo_agent) StdoutLine: {'line': b'-- Up-to-date: /ROS_ws/install/nucleo_agent/share/nucleo_agent/package.xml\n'}
[1.920945] (nucleo_agent) CommandEnded: {'returncode': 0}
[1.956619] (nucleo_agent) JobEnded: {'identifier': 'nucleo_agent', 'rc': 0}
[1.956970] (-) EventReactorShutdown: {}
