[0.024s] Invoking command in '/ROS_ws/build/mecha_control': CMAKE_PREFIX_PATH=${CMAKE_PREFIX_PATH}:/opt/ros/humble /usr/bin/cmake --build /ROS_ws/build/mecha_control -- -j12 -l12
[0.262s] -- Found ament_cmake: 1.3.3 (/opt/ros/humble/share/ament_cmake/cmake)
[0.418s] -- Found rclcpp: 16.0.3 (/opt/ros/humble/share/rclcpp/cmake)
[0.449s] -- Found rosidl_generator_c: 3.1.4 (/opt/ros/humble/share/rosidl_generator_c/cmake)
[0.452s] -- Found rosidl_adapter: 3.1.4 (/opt/ros/humble/share/rosidl_adapter/cmake)
[0.459s] -- Found rosidl_generator_cpp: 3.1.4 (/opt/ros/humble/share/rosidl_generator_cpp/cmake)
[0.470s] -- Using all available rosidl_typesupport_c: rosidl_typesupport_fastrtps_c;rosidl_typesupport_introspection_c
[0.483s] -- Using all available rosidl_typesupport_cpp: rosidl_typesupport_fastrtps_cpp;rosidl_typesupport_introspection_cpp
[0.545s] -- Found rmw_implementation_cmake: 6.1.1 (/opt/ros/humble/share/rmw_implementation_cmake/cmake)
[0.547s] -- Found rmw_fastrtps_cpp: 6.2.2 (/opt/ros/humble/share/rmw_fastrtps_cpp/cmake)
[0.653s] -- Using RMW implementation 'rmw_fastrtps_cpp' as default
[0.775s] -- Found rclpy: 3.3.7 (/opt/ros/humble/share/rclpy/cmake)
[0.779s] -- Found geometry_msgs: 4.2.3 (/opt/ros/humble/share/geometry_msgs/cmake)
[0.810s] -- Found rosidl_default_generators: 1.2.0 (/opt/ros/humble/share/rosidl_default_generators/cmake)
[0.985s] -- Found ament_cmake_ros: 0.10.0 (/opt/ros/humble/share/ament_cmake_ros/cmake)
[1.185s] -- Using all available rosidl_typesupport_c: rosidl_typesupport_fastrtps_c;rosidl_typesupport_introspection_c
[1.259s] -- Using all available rosidl_typesupport_cpp: rosidl_typesupport_fastrtps_cpp;rosidl_typesupport_introspection_cpp
[1.274s] -- Found python_cmake_module: 0.10.0 (/opt/ros/humble/share/python_cmake_module/cmake)
[1.290s] -- Using PYTHON_EXECUTABLE: /usr/bin/python3
[1.290s] -- Using PYTHON_INCLUDE_DIRS: /usr/include/python3.10
[1.290s] -- Using PYTHON_LIBRARIES: /usr/lib/x86_64-linux-gnu/libpython3.10.so
[1.307s] -- Configuring done
[1.344s] -- Generating done
[1.346s] -- Build files have been written to: /ROS_ws/build/mecha_control
[1.362s] [  1%] [34m[1mGenerating C code for ROS interfaces[0m
[1.368s] [  3%] [34m[1mGenerating C++ code for ROS interfaces[0m
[1.376s] [  3%] Built target ament_cmake_python_copy_mecha_control
[1.501s] running egg_info
[1.502s] writing mecha_control.egg-info/PKG-INFO
[1.502s] writing dependency_links to mecha_control.egg-info/dependency_links.txt
[1.502s] writing top-level names to mecha_control.egg-info/top_level.txt
[1.503s] reading manifest file 'mecha_control.egg-info/SOURCES.txt'
[1.504s] writing manifest file 'mecha_control.egg-info/SOURCES.txt'
[1.519s] [  3%] Built target ament_cmake_python_build_mecha_control_egg
[1.715s] [  3%] Built target mecha_control__cpp
[1.721s] [  4%] [34m[1mGenerating C++ type support dispatch for ROS interfaces[0m
[1.721s] [  7%] [34m[1mGenerating C++ type support for eProsima Fast-RTPS[0m
[1.721s] [  7%] [34m[1mGenerating C++ introspection for ROS interfaces[0m
[1.723s] [35m[1mConsolidate compiler generated dependencies of target mecha_control__rosidl_generator_c[0m
[1.731s] [  9%] [32mBuilding C object CMakeFiles/mecha_control__rosidl_generator_c.dir/rosidl_generator_c/mecha_control/msg/detail/actuator_commands__functions.c.o[0m
[1.732s] [ 11%] [32mBuilding C object CMakeFiles/mecha_control__rosidl_generator_c.dir/rosidl_generator_c/mecha_control/msg/detail/sensor_states__functions.c.o[0m
[1.733s] [ 14%] [32mBuilding C object CMakeFiles/mecha_control__rosidl_generator_c.dir/rosidl_generator_c/mecha_control/msg/detail/mecha_state__functions.c.o[0m
[1.733s] [ 14%] [32mBuilding C object CMakeFiles/mecha_control__rosidl_generator_c.dir/rosidl_generator_c/mecha_control/msg/detail/point_and_mecha_state__functions.c.o[0m
[1.733s] [ 15%] [32mBuilding C object CMakeFiles/mecha_control__rosidl_generator_c.dir/rosidl_generator_c/mecha_control/msg/detail/point_and_mecha_state_array__functions.c.o[0m
[1.880s] [ 17%] [32m[1mLinking C shared library libmecha_control__rosidl_generator_c.so[0m
[1.915s] [ 17%] Built target mecha_control__rosidl_generator_c
[1.921s] [ 20%] [34m[1mGenerating C type support dispatch for ROS interfaces[0m
[1.921s] [ 20%] [34m[1mGenerating C introspection for ROS interfaces[0m
[1.922s] [ 22%] [34m[1mGenerating C type support for eProsima Fast-RTPS[0m
[1.996s] [35m[1mConsolidate compiler generated dependencies of target mecha_control__rosidl_typesupport_cpp[0m
[2.006s] [ 23%] [32mBuilding CXX object CMakeFiles/mecha_control__rosidl_typesupport_cpp.dir/rosidl_typesupport_cpp/mecha_control/msg/sensor_states__type_support.cpp.o[0m
[2.006s] [ 25%] [32mBuilding CXX object CMakeFiles/mecha_control__rosidl_typesupport_cpp.dir/rosidl_typesupport_cpp/mecha_control/msg/actuator_commands__type_support.cpp.o[0m
[2.006s] [ 28%] [32mBuilding CXX object CMakeFiles/mecha_control__rosidl_typesupport_cpp.dir/rosidl_typesupport_cpp/mecha_control/msg/mecha_state__type_support.cpp.o[0m
[2.006s] [ 30%] [32mBuilding CXX object CMakeFiles/mecha_control__rosidl_typesupport_cpp.dir/rosidl_typesupport_cpp/mecha_control/msg/point_and_mecha_state__type_support.cpp.o[0m
[2.006s] [ 30%] [32mBuilding CXX object CMakeFiles/mecha_control__rosidl_typesupport_cpp.dir/rosidl_typesupport_cpp/mecha_control/msg/point_and_mecha_state_array__type_support.cpp.o[0m
[2.054s] [35m[1mConsolidate compiler generated dependencies of target mecha_control__rosidl_typesupport_fastrtps_cpp[0m
[2.056s] [35m[1mConsolidate compiler generated dependencies of target mecha_control__rosidl_typesupport_introspection_cpp[0m
[2.067s] [ 33%] [32mBuilding CXX object CMakeFiles/mecha_control__rosidl_typesupport_fastrtps_cpp.dir/rosidl_typesupport_fastrtps_cpp/mecha_control/msg/detail/dds_fastrtps/sensor_states__type_support.cpp.o[0m
[2.067s] [ 33%] [32mBuilding CXX object CMakeFiles/mecha_control__rosidl_typesupport_fastrtps_cpp.dir/rosidl_typesupport_fastrtps_cpp/mecha_control/msg/detail/dds_fastrtps/mecha_state__type_support.cpp.o[0m
[2.067s] [ 34%] [32mBuilding CXX object CMakeFiles/mecha_control__rosidl_typesupport_fastrtps_cpp.dir/rosidl_typesupport_fastrtps_cpp/mecha_control/msg/detail/dds_fastrtps/actuator_commands__type_support.cpp.o[0m
[2.072s] [ 36%] [32mBuilding CXX object CMakeFiles/mecha_control__rosidl_typesupport_introspection_cpp.dir/rosidl_typesupport_introspection_cpp/mecha_control/msg/detail/sensor_states__type_support.cpp.o[0m
[2.350s] [35m[1mConsolidate compiler generated dependencies of target mecha_control__rosidl_typesupport_c[0m
[2.364s] [ 38%] [32mBuilding CXX object CMakeFiles/mecha_control__rosidl_typesupport_c.dir/rosidl_typesupport_c/mecha_control/msg/sensor_states__type_support.cpp.o[0m
[2.382s] [ 39%] [32mBuilding CXX object CMakeFiles/mecha_control__rosidl_typesupport_c.dir/rosidl_typesupport_c/mecha_control/msg/actuator_commands__type_support.cpp.o[0m
[2.383s] [ 41%] [32mBuilding CXX object CMakeFiles/mecha_control__rosidl_typesupport_introspection_cpp.dir/rosidl_typesupport_introspection_cpp/mecha_control/msg/detail/actuator_commands__type_support.cpp.o[0m
[2.386s] [ 44%] [32m[1mLinking CXX shared library libmecha_control__rosidl_typesupport_cpp.so[0m
[2.386s] [ 44%] [32mBuilding CXX object CMakeFiles/mecha_control__rosidl_typesupport_fastrtps_cpp.dir/rosidl_typesupport_fastrtps_cpp/mecha_control/msg/detail/dds_fastrtps/point_and_mecha_state__type_support.cpp.o[0m
[2.392s] [ 46%] [32mBuilding CXX object CMakeFiles/mecha_control__rosidl_typesupport_fastrtps_cpp.dir/rosidl_typesupport_fastrtps_cpp/mecha_control/msg/detail/dds_fastrtps/point_and_mecha_state_array__type_support.cpp.o[0m
[2.393s] [35m[1mConsolidate compiler generated dependencies of target mecha_control__rosidl_typesupport_introspection_c[0m
[2.402s] [ 47%] [32mBuilding CXX object CMakeFiles/mecha_control__rosidl_typesupport_c.dir/rosidl_typesupport_c/mecha_control/msg/mecha_state__type_support.cpp.o[0m
[2.409s] [ 49%] [32mBuilding C object CMakeFiles/mecha_control__rosidl_typesupport_introspection_c.dir/rosidl_typesupport_introspection_c/mecha_control/msg/detail/sensor_states__type_support.c.o[0m
[2.448s] [ 50%] [32mBuilding CXX object CMakeFiles/mecha_control__rosidl_typesupport_c.dir/rosidl_typesupport_c/mecha_control/msg/point_and_mecha_state__type_support.cpp.o[0m
[2.454s] [ 50%] Built target mecha_control__rosidl_typesupport_cpp
[2.464s] [ 52%] [32mBuilding C object CMakeFiles/mecha_control__rosidl_typesupport_introspection_c.dir/rosidl_typesupport_introspection_c/mecha_control/msg/detail/actuator_commands__type_support.c.o[0m
[2.478s] [ 53%] [32mBuilding C object CMakeFiles/mecha_control__rosidl_typesupport_introspection_c.dir/rosidl_typesupport_introspection_c/mecha_control/msg/detail/mecha_state__type_support.c.o[0m
[2.484s] [ 55%] [32mBuilding CXX object CMakeFiles/mecha_control__rosidl_typesupport_c.dir/rosidl_typesupport_c/mecha_control/msg/point_and_mecha_state_array__type_support.cpp.o[0m
[2.486s] [ 57%] [32mBuilding CXX object CMakeFiles/mecha_control__rosidl_typesupport_introspection_cpp.dir/rosidl_typesupport_introspection_cpp/mecha_control/msg/detail/mecha_state__type_support.cpp.o[0m
[2.503s] [ 58%] [32mBuilding CXX object CMakeFiles/mecha_control__rosidl_typesupport_introspection_cpp.dir/rosidl_typesupport_introspection_cpp/mecha_control/msg/detail/point_and_mecha_state__type_support.cpp.o[0m
[2.506s] [ 60%] [32mBuilding CXX object CMakeFiles/mecha_control__rosidl_typesupport_introspection_cpp.dir/rosidl_typesupport_introspection_cpp/mecha_control/msg/detail/point_and_mecha_state_array__type_support.cpp.o[0m
[2.515s] [ 61%] [32mBuilding C object CMakeFiles/mecha_control__rosidl_typesupport_introspection_c.dir/rosidl_typesupport_introspection_c/mecha_control/msg/detail/point_and_mecha_state__type_support.c.o[0m
[2.517s] [ 63%] [32m[1mLinking CXX shared library libmecha_control__rosidl_typesupport_c.so[0m
[2.518s] [35m[1mConsolidate compiler generated dependencies of target mecha_control__rosidl_typesupport_fastrtps_c[0m
[2.523s] [ 65%] [32mBuilding C object CMakeFiles/mecha_control__rosidl_typesupport_introspection_c.dir/rosidl_typesupport_introspection_c/mecha_control/msg/detail/point_and_mecha_state_array__type_support.c.o[0m
[2.538s] [ 66%] [32mBuilding CXX object CMakeFiles/mecha_control__rosidl_typesupport_fastrtps_c.dir/rosidl_typesupport_fastrtps_c/mecha_control/msg/detail/sensor_states__type_support_c.cpp.o[0m
[2.544s] [ 68%] [32mBuilding CXX object CMakeFiles/mecha_control__rosidl_typesupport_fastrtps_c.dir/rosidl_typesupport_fastrtps_c/mecha_control/msg/detail/actuator_commands__type_support_c.cpp.o[0m
[2.564s] [ 68%] Built target mecha_control__rosidl_typesupport_c
[2.573s] [ 69%] [32m[1mLinking C shared library libmecha_control__rosidl_typesupport_introspection_c.so[0m
[2.573s] [ 71%] [32mBuilding CXX object CMakeFiles/mecha_control__rosidl_typesupport_fastrtps_c.dir/rosidl_typesupport_fastrtps_c/mecha_control/msg/detail/point_and_mecha_state__type_support_c.cpp.o[0m
[2.575s] [ 73%] [32mBuilding CXX object CMakeFiles/mecha_control__rosidl_typesupport_fastrtps_c.dir/rosidl_typesupport_fastrtps_c/mecha_control/msg/detail/mecha_state__type_support_c.cpp.o[0m
[2.590s] [ 74%] [32mBuilding CXX object CMakeFiles/mecha_control__rosidl_typesupport_fastrtps_c.dir/rosidl_typesupport_fastrtps_c/mecha_control/msg/detail/point_and_mecha_state_array__type_support_c.cpp.o[0m
[2.678s] [ 74%] Built target mecha_control__rosidl_typesupport_introspection_c
[2.830s] [ 76%] [32m[1mLinking CXX shared library libmecha_control__rosidl_typesupport_fastrtps_cpp.so[0m
[2.876s] [ 77%] [32m[1mLinking CXX shared library libmecha_control__rosidl_typesupport_introspection_cpp.so[0m
[2.901s] [ 77%] Built target mecha_control__rosidl_typesupport_fastrtps_cpp
[2.902s] [ 79%] [32m[1mLinking CXX shared library libmecha_control__rosidl_typesupport_fastrtps_c.so[0m
[2.924s] [ 79%] Built target mecha_control__rosidl_typesupport_introspection_cpp
[2.950s] [ 79%] Built target mecha_control__rosidl_typesupport_fastrtps_c
[2.961s] [ 79%] Built target mecha_control
[2.971s] [ 80%] [34m[1mGenerating Python code for ROS interfaces[0m
[3.491s] [ 80%] Built target mecha_control__py
[3.498s] [35m[1mConsolidate compiler generated dependencies of target mecha_control__rosidl_generator_py[0m
[3.508s] [ 84%] [32mBuilding C object CMakeFiles/mecha_control__rosidl_generator_py.dir/rosidl_generator_py/mecha_control/msg/_sensor_states_s.c.o[0m
[3.508s] [ 84%] [32mBuilding C object CMakeFiles/mecha_control__rosidl_generator_py.dir/rosidl_generator_py/mecha_control/msg/_actuator_commands_s.c.o[0m
[3.508s] [ 85%] [32mBuilding C object CMakeFiles/mecha_control__rosidl_generator_py.dir/rosidl_generator_py/mecha_control/msg/_mecha_state_s.c.o[0m
[3.508s] [ 87%] [32mBuilding C object CMakeFiles/mecha_control__rosidl_generator_py.dir/rosidl_generator_py/mecha_control/msg/_point_and_mecha_state_s.c.o[0m
[3.508s] [ 88%] [32mBuilding C object CMakeFiles/mecha_control__rosidl_generator_py.dir/rosidl_generator_py/mecha_control/msg/_point_and_mecha_state_array_s.c.o[0m
[3.619s] [ 90%] [32m[1mLinking C shared library rosidl_generator_py/mecha_control/libmecha_control__rosidl_generator_py.so[0m
[3.645s] [ 90%] Built target mecha_control__rosidl_generator_py
[3.652s] [35m[1mConsolidate compiler generated dependencies of target mecha_control__rosidl_typesupport_fastrtps_c__pyext[0m
[3.652s] [35m[1mConsolidate compiler generated dependencies of target mecha_control__rosidl_typesupport_introspection_c__pyext[0m
[3.653s] [35m[1mConsolidate compiler generated dependencies of target mecha_control__rosidl_typesupport_c__pyext[0m
[3.667s] [ 92%] [32mBuilding C object CMakeFiles/mecha_control__rosidl_typesupport_fastrtps_c__pyext.dir/rosidl_generator_py/mecha_control/_mecha_control_s.ep.rosidl_typesupport_fastrtps_c.c.o[0m
[3.668s] [ 95%] [32mBuilding C object CMakeFiles/mecha_control__rosidl_typesupport_c__pyext.dir/rosidl_generator_py/mecha_control/_mecha_control_s.ep.rosidl_typesupport_c.c.o[0m
[3.668s] [ 95%] [32mBuilding C object CMakeFiles/mecha_control__rosidl_typesupport_introspection_c__pyext.dir/rosidl_generator_py/mecha_control/_mecha_control_s.ep.rosidl_typesupport_introspection_c.c.o[0m
[3.743s] [100%] [32m[1mLinking C shared library rosidl_generator_py/mecha_control/mecha_control_s__rosidl_typesupport_c.cpython-310-x86_64-linux-gnu.so[0m
[3.743s] [100%] [32m[1mLinking C shared library rosidl_generator_py/mecha_control/mecha_control_s__rosidl_typesupport_introspection_c.cpython-310-x86_64-linux-gnu.so[0m
[3.743s] [100%] [32m[1mLinking C shared library rosidl_generator_py/mecha_control/mecha_control_s__rosidl_typesupport_fastrtps_c.cpython-310-x86_64-linux-gnu.so[0m
[3.763s] [100%] Built target mecha_control__rosidl_typesupport_introspection_c__pyext
[3.763s] [100%] Built target mecha_control__rosidl_typesupport_fastrtps_c__pyext
[3.763s] [100%] Built target mecha_control__rosidl_typesupport_c__pyext
[3.769s] Invoked command in '/ROS_ws/build/mecha_control' returned '0': CMAKE_PREFIX_PATH=${CMAKE_PREFIX_PATH}:/opt/ros/humble /usr/bin/cmake --build /ROS_ws/build/mecha_control -- -j12 -l12
[3.828s] Invoking command in '/ROS_ws/build/mecha_control': CMAKE_PREFIX_PATH=${CMAKE_PREFIX_PATH}:/opt/ros/humble /usr/bin/cmake --install /ROS_ws/build/mecha_control
[3.833s] -- Install configuration: ""
[3.833s] -- Installing: /ROS_ws/install/mecha_control/share/ament_index/resource_index/rosidl_interfaces/mecha_control
[3.833s] -- Up-to-date: /ROS_ws/install/mecha_control/include/mecha_control/mecha_control
[3.833s] -- Up-to-date: /ROS_ws/install/mecha_control/include/mecha_control/mecha_control/msg
[3.833s] -- Installing: /ROS_ws/install/mecha_control/include/mecha_control/mecha_control/msg/point_and_mecha_state.h
[3.834s] -- Up-to-date: /ROS_ws/install/mecha_control/include/mecha_control/mecha_control/msg/rosidl_generator_c__visibility_control.h
[3.834s] -- Installing: /ROS_ws/install/mecha_control/include/mecha_control/mecha_control/msg/sensor_states.h
[3.834s] -- Up-to-date: /ROS_ws/install/mecha_control/include/mecha_control/mecha_control/msg/detail
[3.834s] -- Installing: /ROS_ws/install/mecha_control/include/mecha_control/mecha_control/msg/detail/sensor_states__type_support.h
[3.834s] -- Installing: /ROS_ws/install/mecha_control/include/mecha_control/mecha_control/msg/detail/point_and_mecha_state_array__struct.h
[3.834s] -- Installing: /ROS_ws/install/mecha_control/include/mecha_control/mecha_control/msg/detail/point_and_mecha_state__functions.c
[3.834s] -- Installing: /ROS_ws/install/mecha_control/include/mecha_control/mecha_control/msg/detail/point_and_mecha_state_array__type_support.h
[3.834s] -- Installing: /ROS_ws/install/mecha_control/include/mecha_control/mecha_control/msg/detail/mecha_state__functions.h
[3.834s] -- Installing: /ROS_ws/install/mecha_control/include/mecha_control/mecha_control/msg/detail/point_and_mecha_state_array__functions.c
[3.834s] -- Installing: /ROS_ws/install/mecha_control/include/mecha_control/mecha_control/msg/detail/sensor_states__functions.h
[3.834s] -- Installing: /ROS_ws/install/mecha_control/include/mecha_control/mecha_control/msg/detail/sensor_states__struct.h
[3.834s] -- Installing: /ROS_ws/install/mecha_control/include/mecha_control/mecha_control/msg/detail/actuator_commands__type_support.h
[3.834s] -- Installing: /ROS_ws/install/mecha_control/include/mecha_control/mecha_control/msg/detail/point_and_mecha_state__type_support.h
[3.834s] -- Installing: /ROS_ws/install/mecha_control/include/mecha_control/mecha_control/msg/detail/point_and_mecha_state__struct.h
[3.834s] -- Installing: /ROS_ws/install/mecha_control/include/mecha_control/mecha_control/msg/detail/actuator_commands__struct.h
[3.834s] -- Installing: /ROS_ws/install/mecha_control/include/mecha_control/mecha_control/msg/detail/mecha_state__type_support.h
[3.834s] -- Installing: /ROS_ws/install/mecha_control/include/mecha_control/mecha_control/msg/detail/point_and_mecha_state_array__functions.h
[3.834s] -- Installing: /ROS_ws/install/mecha_control/include/mecha_control/mecha_control/msg/detail/mecha_state__functions.c
[3.835s] -- Installing: /ROS_ws/install/mecha_control/include/mecha_control/mecha_control/msg/detail/mecha_state__struct.h
[3.835s] -- Installing: /ROS_ws/install/mecha_control/include/mecha_control/mecha_control/msg/detail/point_and_mecha_state__functions.h
[3.835s] -- Installing: /ROS_ws/install/mecha_control/include/mecha_control/mecha_control/msg/detail/sensor_states__functions.c
[3.835s] -- Installing: /ROS_ws/install/mecha_control/include/mecha_control/mecha_control/msg/detail/actuator_commands__functions.h
[3.835s] -- Installing: /ROS_ws/install/mecha_control/include/mecha_control/mecha_control/msg/detail/actuator_commands__functions.c
[3.835s] -- Installing: /ROS_ws/install/mecha_control/include/mecha_control/mecha_control/msg/actuator_commands.h
[3.835s] -- Installing: /ROS_ws/install/mecha_control/include/mecha_control/mecha_control/msg/mecha_state.h
[3.835s] -- Installing: /ROS_ws/install/mecha_control/include/mecha_control/mecha_control/msg/point_and_mecha_state_array.h
[3.835s] -- Up-to-date: /ROS_ws/install/mecha_control/share/mecha_control/environment/library_path.sh
[3.835s] -- Installing: /ROS_ws/install/mecha_control/share/mecha_control/environment/library_path.dsv
[3.836s] -- Installing: /ROS_ws/install/mecha_control/lib/libmecha_control__rosidl_generator_c.so
[3.836s] -- Set runtime path of "/ROS_ws/install/mecha_control/lib/libmecha_control__rosidl_generator_c.so" to ""
[3.836s] -- Up-to-date: /ROS_ws/install/mecha_control/include/mecha_control/mecha_control
[3.836s] -- Up-to-date: /ROS_ws/install/mecha_control/include/mecha_control/mecha_control/msg
[3.836s] -- Up-to-date: /ROS_ws/install/mecha_control/include/mecha_control/mecha_control/msg/detail
[3.836s] -- Installing: /ROS_ws/install/mecha_control/include/mecha_control/mecha_control/msg/detail/actuator_commands__rosidl_typesupport_fastrtps_c.h
[3.836s] -- Installing: /ROS_ws/install/mecha_control/include/mecha_control/mecha_control/msg/detail/point_and_mecha_state_array__rosidl_typesupport_fastrtps_c.h
[3.836s] -- Installing: /ROS_ws/install/mecha_control/include/mecha_control/mecha_control/msg/detail/sensor_states__rosidl_typesupport_fastrtps_c.h
[3.836s] -- Installing: /ROS_ws/install/mecha_control/include/mecha_control/mecha_control/msg/detail/point_and_mecha_state__rosidl_typesupport_fastrtps_c.h
[3.836s] -- Installing: /ROS_ws/install/mecha_control/include/mecha_control/mecha_control/msg/detail/mecha_state__rosidl_typesupport_fastrtps_c.h
[3.836s] -- Up-to-date: /ROS_ws/install/mecha_control/include/mecha_control/mecha_control/msg/rosidl_typesupport_fastrtps_c__visibility_control.h
[3.837s] -- Installing: /ROS_ws/install/mecha_control/lib/libmecha_control__rosidl_typesupport_fastrtps_c.so
[3.837s] -- Set runtime path of "/ROS_ws/install/mecha_control/lib/libmecha_control__rosidl_typesupport_fastrtps_c.so" to ""
[3.837s] -- Up-to-date: /ROS_ws/install/mecha_control/include/mecha_control/mecha_control
[3.837s] -- Up-to-date: /ROS_ws/install/mecha_control/include/mecha_control/mecha_control/msg
[3.837s] -- Installing: /ROS_ws/install/mecha_control/include/mecha_control/mecha_control/msg/point_and_mecha_state.hpp
[3.837s] -- Installing: /ROS_ws/install/mecha_control/include/mecha_control/mecha_control/msg/sensor_states.hpp
[3.837s] -- Up-to-date: /ROS_ws/install/mecha_control/include/mecha_control/mecha_control/msg/detail
[3.837s] -- Installing: /ROS_ws/install/mecha_control/include/mecha_control/mecha_control/msg/detail/point_and_mecha_state_array__builder.hpp
[3.837s] -- Installing: /ROS_ws/install/mecha_control/include/mecha_control/mecha_control/msg/detail/sensor_states__traits.hpp
[3.837s] -- Installing: /ROS_ws/install/mecha_control/include/mecha_control/mecha_control/msg/detail/mecha_state__traits.hpp
[3.837s] -- Installing: /ROS_ws/install/mecha_control/include/mecha_control/mecha_control/msg/detail/mecha_state__struct.hpp
[3.837s] -- Installing: /ROS_ws/install/mecha_control/include/mecha_control/mecha_control/msg/detail/actuator_commands__traits.hpp
[3.838s] -- Installing: /ROS_ws/install/mecha_control/include/mecha_control/mecha_control/msg/detail/sensor_states__struct.hpp
[3.838s] -- Installing: /ROS_ws/install/mecha_control/include/mecha_control/mecha_control/msg/detail/point_and_mecha_state__struct.hpp
[3.838s] -- Installing: /ROS_ws/install/mecha_control/include/mecha_control/mecha_control/msg/detail/mecha_state__builder.hpp
[3.838s] -- Installing: /ROS_ws/install/mecha_control/include/mecha_control/mecha_control/msg/detail/point_and_mecha_state_array__struct.hpp
[3.838s] -- Installing: /ROS_ws/install/mecha_control/include/mecha_control/mecha_control/msg/detail/sensor_states__builder.hpp
[3.838s] -- Installing: /ROS_ws/install/mecha_control/include/mecha_control/mecha_control/msg/detail/actuator_commands__struct.hpp
[3.838s] -- Installing: /ROS_ws/install/mecha_control/include/mecha_control/mecha_control/msg/detail/actuator_commands__builder.hpp
[3.838s] -- Installing: /ROS_ws/install/mecha_control/include/mecha_control/mecha_control/msg/detail/point_and_mecha_state__builder.hpp
[3.838s] -- Installing: /ROS_ws/install/mecha_control/include/mecha_control/mecha_control/msg/detail/point_and_mecha_state__traits.hpp
[3.838s] -- Installing: /ROS_ws/install/mecha_control/include/mecha_control/mecha_control/msg/detail/point_and_mecha_state_array__traits.hpp
[3.838s] -- Installing: /ROS_ws/install/mecha_control/include/mecha_control/mecha_control/msg/actuator_commands.hpp
[3.838s] -- Installing: /ROS_ws/install/mecha_control/include/mecha_control/mecha_control/msg/point_and_mecha_state_array.hpp
[3.838s] -- Installing: /ROS_ws/install/mecha_control/include/mecha_control/mecha_control/msg/mecha_state.hpp
[3.838s] -- Up-to-date: /ROS_ws/install/mecha_control/include/mecha_control/mecha_control
[3.838s] -- Up-to-date: /ROS_ws/install/mecha_control/include/mecha_control/mecha_control/msg
[3.838s] -- Up-to-date: /ROS_ws/install/mecha_control/include/mecha_control/mecha_control/msg/rosidl_typesupport_fastrtps_cpp__visibility_control.h
[3.838s] -- Up-to-date: /ROS_ws/install/mecha_control/include/mecha_control/mecha_control/msg/detail
[3.838s] -- Installing: /ROS_ws/install/mecha_control/include/mecha_control/mecha_control/msg/detail/mecha_state__rosidl_typesupport_fastrtps_cpp.hpp
[3.838s] -- Up-to-date: /ROS_ws/install/mecha_control/include/mecha_control/mecha_control/msg/detail/dds_fastrtps
[3.839s] -- Installing: /ROS_ws/install/mecha_control/include/mecha_control/mecha_control/msg/detail/actuator_commands__rosidl_typesupport_fastrtps_cpp.hpp
[3.839s] -- Installing: /ROS_ws/install/mecha_control/include/mecha_control/mecha_control/msg/detail/point_and_mecha_state_array__rosidl_typesupport_fastrtps_cpp.hpp
[3.839s] -- Installing: /ROS_ws/install/mecha_control/include/mecha_control/mecha_control/msg/detail/point_and_mecha_state__rosidl_typesupport_fastrtps_cpp.hpp
[3.839s] -- Installing: /ROS_ws/install/mecha_control/include/mecha_control/mecha_control/msg/detail/sensor_states__rosidl_typesupport_fastrtps_cpp.hpp
[3.839s] -- Installing: /ROS_ws/install/mecha_control/lib/libmecha_control__rosidl_typesupport_fastrtps_cpp.so
[3.839s] -- Set runtime path of "/ROS_ws/install/mecha_control/lib/libmecha_control__rosidl_typesupport_fastrtps_cpp.so" to ""
[3.839s] -- Up-to-date: /ROS_ws/install/mecha_control/include/mecha_control/mecha_control
[3.839s] -- Up-to-date: /ROS_ws/install/mecha_control/include/mecha_control/mecha_control/msg
[3.839s] -- Up-to-date: /ROS_ws/install/mecha_control/include/mecha_control/mecha_control/msg/detail
[3.839s] -- Installing: /ROS_ws/install/mecha_control/include/mecha_control/mecha_control/msg/detail/actuator_commands__type_support.c
[3.839s] -- Installing: /ROS_ws/install/mecha_control/include/mecha_control/mecha_control/msg/detail/point_and_mecha_state__type_support.c
[3.839s] -- Installing: /ROS_ws/install/mecha_control/include/mecha_control/mecha_control/msg/detail/mecha_state__rosidl_typesupport_introspection_c.h
[3.839s] -- Installing: /ROS_ws/install/mecha_control/include/mecha_control/mecha_control/msg/detail/actuator_commands__rosidl_typesupport_introspection_c.h
[3.839s] -- Installing: /ROS_ws/install/mecha_control/include/mecha_control/mecha_control/msg/detail/sensor_states__rosidl_typesupport_introspection_c.h
[3.840s] -- Installing: /ROS_ws/install/mecha_control/include/mecha_control/mecha_control/msg/detail/point_and_mecha_state__rosidl_typesupport_introspection_c.h
[3.840s] -- Installing: /ROS_ws/install/mecha_control/include/mecha_control/mecha_control/msg/detail/mecha_state__type_support.c
[3.840s] -- Installing: /ROS_ws/install/mecha_control/include/mecha_control/mecha_control/msg/detail/point_and_mecha_state_array__rosidl_typesupport_introspection_c.h
[3.840s] -- Installing: /ROS_ws/install/mecha_control/include/mecha_control/mecha_control/msg/detail/sensor_states__type_support.c
[3.840s] -- Installing: /ROS_ws/install/mecha_control/include/mecha_control/mecha_control/msg/detail/point_and_mecha_state_array__type_support.c
[3.840s] -- Up-to-date: /ROS_ws/install/mecha_control/include/mecha_control/mecha_control/msg/rosidl_typesupport_introspection_c__visibility_control.h
[3.840s] -- Installing: /ROS_ws/install/mecha_control/lib/libmecha_control__rosidl_typesupport_introspection_c.so
[3.840s] -- Set runtime path of "/ROS_ws/install/mecha_control/lib/libmecha_control__rosidl_typesupport_introspection_c.so" to ""
[3.841s] -- Installing: /ROS_ws/install/mecha_control/lib/libmecha_control__rosidl_typesupport_c.so
[3.841s] -- Set runtime path of "/ROS_ws/install/mecha_control/lib/libmecha_control__rosidl_typesupport_c.so" to ""
[3.841s] -- Up-to-date: /ROS_ws/install/mecha_control/include/mecha_control/mecha_control
[3.841s] -- Up-to-date: /ROS_ws/install/mecha_control/include/mecha_control/mecha_control/msg
[3.841s] -- Up-to-date: /ROS_ws/install/mecha_control/include/mecha_control/mecha_control/msg/detail
[3.841s] -- Installing: /ROS_ws/install/mecha_control/include/mecha_control/mecha_control/msg/detail/point_and_mecha_state__rosidl_typesupport_introspection_cpp.hpp
[3.841s] -- Installing: /ROS_ws/install/mecha_control/include/mecha_control/mecha_control/msg/detail/actuator_commands__rosidl_typesupport_introspection_cpp.hpp
[3.841s] -- Installing: /ROS_ws/install/mecha_control/include/mecha_control/mecha_control/msg/detail/point_and_mecha_state_array__rosidl_typesupport_introspection_cpp.hpp
[3.842s] -- Installing: /ROS_ws/install/mecha_control/include/mecha_control/mecha_control/msg/detail/sensor_states__rosidl_typesupport_introspection_cpp.hpp
[3.842s] -- Installing: /ROS_ws/install/mecha_control/include/mecha_control/mecha_control/msg/detail/mecha_state__type_support.cpp
[3.842s] -- Installing: /ROS_ws/install/mecha_control/include/mecha_control/mecha_control/msg/detail/actuator_commands__type_support.cpp
[3.842s] -- Installing: /ROS_ws/install/mecha_control/include/mecha_control/mecha_control/msg/detail/mecha_state__rosidl_typesupport_introspection_cpp.hpp
[3.842s] -- Installing: /ROS_ws/install/mecha_control/include/mecha_control/mecha_control/msg/detail/point_and_mecha_state_array__type_support.cpp
[3.842s] -- Installing: /ROS_ws/install/mecha_control/include/mecha_control/mecha_control/msg/detail/sensor_states__type_support.cpp
[3.842s] -- Installing: /ROS_ws/install/mecha_control/include/mecha_control/mecha_control/msg/detail/point_and_mecha_state__type_support.cpp
[3.842s] -- Installing: /ROS_ws/install/mecha_control/lib/libmecha_control__rosidl_typesupport_introspection_cpp.so
[3.843s] -- Set runtime path of "/ROS_ws/install/mecha_control/lib/libmecha_control__rosidl_typesupport_introspection_cpp.so" to ""
[3.843s] -- Installing: /ROS_ws/install/mecha_control/lib/libmecha_control__rosidl_typesupport_cpp.so
[3.843s] -- Set runtime path of "/ROS_ws/install/mecha_control/lib/libmecha_control__rosidl_typesupport_cpp.so" to ""
[3.843s] -- Up-to-date: /ROS_ws/install/mecha_control/share/mecha_control/environment/pythonpath.sh
[3.843s] -- Installing: /ROS_ws/install/mecha_control/share/mecha_control/environment/pythonpath.dsv
[3.843s] -- Up-to-date: /ROS_ws/install/mecha_control/local/lib/python3.10/dist-packages/mecha_control-0.0.0-py3.10.egg-info
[3.843s] -- Installing: /ROS_ws/install/mecha_control/local/lib/python3.10/dist-packages/mecha_control-0.0.0-py3.10.egg-info/SOURCES.txt
[3.843s] -- Installing: /ROS_ws/install/mecha_control/local/lib/python3.10/dist-packages/mecha_control-0.0.0-py3.10.egg-info/dependency_links.txt
[3.843s] -- Installing: /ROS_ws/install/mecha_control/local/lib/python3.10/dist-packages/mecha_control-0.0.0-py3.10.egg-info/PKG-INFO
[3.843s] -- Installing: /ROS_ws/install/mecha_control/local/lib/python3.10/dist-packages/mecha_control-0.0.0-py3.10.egg-info/top_level.txt
[3.844s] -- Up-to-date: /ROS_ws/install/mecha_control/local/lib/python3.10/dist-packages/mecha_control
[3.844s] -- Installing: /ROS_ws/install/mecha_control/local/lib/python3.10/dist-packages/mecha_control/mecha_control_s__rosidl_typesupport_introspection_c.cpython-310-x86_64-linux-gnu.so
[3.844s] -- Installing: /ROS_ws/install/mecha_control/local/lib/python3.10/dist-packages/mecha_control/_mecha_control_s.ep.rosidl_typesupport_fastrtps_c.c
[3.844s] -- Installing: /ROS_ws/install/mecha_control/local/lib/python3.10/dist-packages/mecha_control/libmecha_control__rosidl_generator_py.so
[3.844s] -- Installing: /ROS_ws/install/mecha_control/local/lib/python3.10/dist-packages/mecha_control/__init__.py
[3.844s] -- Up-to-date: /ROS_ws/install/mecha_control/local/lib/python3.10/dist-packages/mecha_control/msg
[3.844s] -- Installing: /ROS_ws/install/mecha_control/local/lib/python3.10/dist-packages/mecha_control/msg/_point_and_mecha_state_array.py
[3.844s] -- Installing: /ROS_ws/install/mecha_control/local/lib/python3.10/dist-packages/mecha_control/msg/_sensor_states.py
[3.844s] -- Installing: /ROS_ws/install/mecha_control/local/lib/python3.10/dist-packages/mecha_control/msg/_point_and_mecha_state_array_s.c
[3.844s] -- Installing: /ROS_ws/install/mecha_control/local/lib/python3.10/dist-packages/mecha_control/msg/_mecha_state_s.c
[3.844s] -- Installing: /ROS_ws/install/mecha_control/local/lib/python3.10/dist-packages/mecha_control/msg/_sensor_states_s.c
[3.844s] -- Installing: /ROS_ws/install/mecha_control/local/lib/python3.10/dist-packages/mecha_control/msg/_actuator_commands.py
[3.844s] -- Installing: /ROS_ws/install/mecha_control/local/lib/python3.10/dist-packages/mecha_control/msg/__init__.py
[3.844s] -- Installing: /ROS_ws/install/mecha_control/local/lib/python3.10/dist-packages/mecha_control/msg/_point_and_mecha_state_s.c
[3.844s] -- Installing: /ROS_ws/install/mecha_control/local/lib/python3.10/dist-packages/mecha_control/msg/_point_and_mecha_state.py
[3.844s] -- Installing: /ROS_ws/install/mecha_control/local/lib/python3.10/dist-packages/mecha_control/msg/_actuator_commands_s.c
[3.845s] -- Installing: /ROS_ws/install/mecha_control/local/lib/python3.10/dist-packages/mecha_control/msg/_mecha_state.py
[3.845s] -- Installing: /ROS_ws/install/mecha_control/local/lib/python3.10/dist-packages/mecha_control/mecha_control_s__rosidl_typesupport_c.cpython-310-x86_64-linux-gnu.so
[3.845s] -- Installing: /ROS_ws/install/mecha_control/local/lib/python3.10/dist-packages/mecha_control/mecha_control_s__rosidl_typesupport_fastrtps_c.cpython-310-x86_64-linux-gnu.so
[3.845s] -- Installing: /ROS_ws/install/mecha_control/local/lib/python3.10/dist-packages/mecha_control/_mecha_control_s.ep.rosidl_typesupport_c.c
[3.845s] -- Installing: /ROS_ws/install/mecha_control/local/lib/python3.10/dist-packages/mecha_control/_mecha_control_s.ep.rosidl_typesupport_introspection_c.c
[3.869s] Listing '/ROS_ws/install/mecha_control/local/lib/python3.10/dist-packages/mecha_control'...
[3.869s] Compiling '/ROS_ws/install/mecha_control/local/lib/python3.10/dist-packages/mecha_control/__init__.py'...
[3.869s] Listing '/ROS_ws/install/mecha_control/local/lib/python3.10/dist-packages/mecha_control/msg'...
[3.869s] Compiling '/ROS_ws/install/mecha_control/local/lib/python3.10/dist-packages/mecha_control/msg/__init__.py'...
[3.869s] Compiling '/ROS_ws/install/mecha_control/local/lib/python3.10/dist-packages/mecha_control/msg/_actuator_commands.py'...
[3.869s] Compiling '/ROS_ws/install/mecha_control/local/lib/python3.10/dist-packages/mecha_control/msg/_mecha_state.py'...
[3.869s] Compiling '/ROS_ws/install/mecha_control/local/lib/python3.10/dist-packages/mecha_control/msg/_point_and_mecha_state.py'...
[3.869s] Compiling '/ROS_ws/install/mecha_control/local/lib/python3.10/dist-packages/mecha_control/msg/_point_and_mecha_state_array.py'...
[3.869s] Compiling '/ROS_ws/install/mecha_control/local/lib/python3.10/dist-packages/mecha_control/msg/_sensor_states.py'...
[3.872s] -- Installing: /ROS_ws/install/mecha_control/local/lib/python3.10/dist-packages/mecha_control/mecha_control_s__rosidl_typesupport_fastrtps_c.cpython-310-x86_64-linux-gnu.so
[3.872s] -- Set runtime path of "/ROS_ws/install/mecha_control/local/lib/python3.10/dist-packages/mecha_control/mecha_control_s__rosidl_typesupport_fastrtps_c.cpython-310-x86_64-linux-gnu.so" to ""
[3.872s] -- Installing: /ROS_ws/install/mecha_control/local/lib/python3.10/dist-packages/mecha_control/mecha_control_s__rosidl_typesupport_introspection_c.cpython-310-x86_64-linux-gnu.so
[3.872s] -- Set runtime path of "/ROS_ws/install/mecha_control/local/lib/python3.10/dist-packages/mecha_control/mecha_control_s__rosidl_typesupport_introspection_c.cpython-310-x86_64-linux-gnu.so" to ""
[3.872s] -- Installing: /ROS_ws/install/mecha_control/local/lib/python3.10/dist-packages/mecha_control/mecha_control_s__rosidl_typesupport_c.cpython-310-x86_64-linux-gnu.so
[3.872s] -- Set runtime path of "/ROS_ws/install/mecha_control/local/lib/python3.10/dist-packages/mecha_control/mecha_control_s__rosidl_typesupport_c.cpython-310-x86_64-linux-gnu.so" to ""
[3.873s] -- Installing: /ROS_ws/install/mecha_control/lib/libmecha_control__rosidl_generator_py.so
[3.873s] -- Set runtime path of "/ROS_ws/install/mecha_control/lib/libmecha_control__rosidl_generator_py.so" to ""
[3.873s] -- Up-to-date: /ROS_ws/install/mecha_control/share/mecha_control/msg/SensorStates.idl
[3.873s] -- Up-to-date: /ROS_ws/install/mecha_control/share/mecha_control/msg/ActuatorCommands.idl
[3.873s] -- Installing: /ROS_ws/install/mecha_control/share/mecha_control/msg/MechaState.idl
[3.873s] -- Installing: /ROS_ws/install/mecha_control/share/mecha_control/msg/PointAndMechaState.idl
[3.873s] -- Installing: /ROS_ws/install/mecha_control/share/mecha_control/msg/PointAndMechaStateArray.idl
[3.873s] -- Up-to-date: /ROS_ws/install/mecha_control/share/mecha_control/msg/SensorStates.msg
[3.873s] -- Up-to-date: /ROS_ws/install/mecha_control/share/mecha_control/msg/ActuatorCommands.msg
[3.873s] -- Installing: /ROS_ws/install/mecha_control/share/mecha_control/msg/MechaState.msg
[3.873s] -- Installing: /ROS_ws/install/mecha_control/share/mecha_control/msg/PointAndMechaState.msg
[3.873s] -- Installing: /ROS_ws/install/mecha_control/share/mecha_control/msg/PointAndMechaStateArray.msg
[3.874s] -- Installing: /ROS_ws/install/mecha_control/lib/mecha_control/mecha_control_node.py
[3.874s] -- Up-to-date: /ROS_ws/install/mecha_control/lib/mecha_control/dummy_node.py
[3.874s] -- Up-to-date: /ROS_ws/install/mecha_control/lib/mecha_control/debug_controller.py
[3.874s] -- Installing: /ROS_ws/install/mecha_control/lib/mecha_control/debug_sequence_controller.py
[3.874s] -- Installing: /ROS_ws/install/mecha_control/lib/mecha_control/path_command_publisher.py
[3.874s] -- Installing: /ROS_ws/install/mecha_control/share/ament_index/resource_index/package_run_dependencies/mecha_control
[3.874s] -- Installing: /ROS_ws/install/mecha_control/share/ament_index/resource_index/parent_prefix_path/mecha_control
[3.874s] -- Up-to-date: /ROS_ws/install/mecha_control/share/mecha_control/environment/ament_prefix_path.sh
[3.874s] -- Installing: /ROS_ws/install/mecha_control/share/mecha_control/environment/ament_prefix_path.dsv
[3.874s] -- Up-to-date: /ROS_ws/install/mecha_control/share/mecha_control/environment/path.sh
[3.874s] -- Installing: /ROS_ws/install/mecha_control/share/mecha_control/environment/path.dsv
[3.874s] -- Up-to-date: /ROS_ws/install/mecha_control/share/mecha_control/local_setup.bash
[3.874s] -- Up-to-date: /ROS_ws/install/mecha_control/share/mecha_control/local_setup.sh
[3.874s] -- Up-to-date: /ROS_ws/install/mecha_control/share/mecha_control/local_setup.zsh
[3.874s] -- Installing: /ROS_ws/install/mecha_control/share/mecha_control/local_setup.dsv
[3.874s] -- Installing: /ROS_ws/install/mecha_control/share/mecha_control/package.dsv
[3.874s] -- Up-to-date: /ROS_ws/install/mecha_control/share/ament_index/resource_index/packages/mecha_control
[3.874s] -- Up-to-date: /ROS_ws/install/mecha_control/share/mecha_control/cmake/export_mecha_control__rosidl_generator_cExport.cmake
[3.874s] -- Up-to-date: /ROS_ws/install/mecha_control/share/mecha_control/cmake/export_mecha_control__rosidl_generator_cExport-noconfig.cmake
[3.875s] -- Up-to-date: /ROS_ws/install/mecha_control/share/mecha_control/cmake/export_mecha_control__rosidl_typesupport_fastrtps_cExport.cmake
[3.875s] -- Up-to-date: /ROS_ws/install/mecha_control/share/mecha_control/cmake/export_mecha_control__rosidl_typesupport_fastrtps_cExport-noconfig.cmake
[3.875s] -- Up-to-date: /ROS_ws/install/mecha_control/share/mecha_control/cmake/export_mecha_control__rosidl_generator_cppExport.cmake
[3.876s] -- Up-to-date: /ROS_ws/install/mecha_control/share/mecha_control/cmake/export_mecha_control__rosidl_typesupport_fastrtps_cppExport.cmake
[3.876s] -- Up-to-date: /ROS_ws/install/mecha_control/share/mecha_control/cmake/export_mecha_control__rosidl_typesupport_fastrtps_cppExport-noconfig.cmake
[3.876s] -- Up-to-date: /ROS_ws/install/mecha_control/share/mecha_control/cmake/mecha_control__rosidl_typesupport_introspection_cExport.cmake
[3.876s] -- Up-to-date: /ROS_ws/install/mecha_control/share/mecha_control/cmake/mecha_control__rosidl_typesupport_introspection_cExport-noconfig.cmake
[3.876s] -- Up-to-date: /ROS_ws/install/mecha_control/share/mecha_control/cmake/mecha_control__rosidl_typesupport_cExport.cmake
[3.876s] -- Up-to-date: /ROS_ws/install/mecha_control/share/mecha_control/cmake/mecha_control__rosidl_typesupport_cExport-noconfig.cmake
[3.877s] -- Up-to-date: /ROS_ws/install/mecha_control/share/mecha_control/cmake/mecha_control__rosidl_typesupport_introspection_cppExport.cmake
[3.877s] -- Up-to-date: /ROS_ws/install/mecha_control/share/mecha_control/cmake/mecha_control__rosidl_typesupport_introspection_cppExport-noconfig.cmake
[3.877s] -- Up-to-date: /ROS_ws/install/mecha_control/share/mecha_control/cmake/mecha_control__rosidl_typesupport_cppExport.cmake
[3.877s] -- Up-to-date: /ROS_ws/install/mecha_control/share/mecha_control/cmake/mecha_control__rosidl_typesupport_cppExport-noconfig.cmake
[3.877s] -- Up-to-date: /ROS_ws/install/mecha_control/share/mecha_control/cmake/export_mecha_control__rosidl_generator_pyExport.cmake
[3.877s] -- Up-to-date: /ROS_ws/install/mecha_control/share/mecha_control/cmake/export_mecha_control__rosidl_generator_pyExport-noconfig.cmake
[3.877s] -- Installing: /ROS_ws/install/mecha_control/share/mecha_control/cmake/rosidl_cmake-extras.cmake
[3.877s] -- Up-to-date: /ROS_ws/install/mecha_control/share/mecha_control/cmake/ament_cmake_export_include_directories-extras.cmake
[3.877s] -- Up-to-date: /ROS_ws/install/mecha_control/share/mecha_control/cmake/ament_cmake_export_libraries-extras.cmake
[3.877s] -- Up-to-date: /ROS_ws/install/mecha_control/share/mecha_control/cmake/ament_cmake_export_targets-extras.cmake
[3.877s] -- Up-to-date: /ROS_ws/install/mecha_control/share/mecha_control/cmake/rosidl_cmake_export_typesupport_targets-extras.cmake
[3.877s] -- Up-to-date: /ROS_ws/install/mecha_control/share/mecha_control/cmake/ament_cmake_export_dependencies-extras.cmake
[3.877s] -- Up-to-date: /ROS_ws/install/mecha_control/share/mecha_control/cmake/rosidl_cmake_export_typesupport_libraries-extras.cmake
[3.877s] -- Up-to-date: /ROS_ws/install/mecha_control/share/mecha_control/cmake/mecha_controlConfig.cmake
[3.877s] -- Up-to-date: /ROS_ws/install/mecha_control/share/mecha_control/cmake/mecha_controlConfig-version.cmake
[3.877s] -- Installing: /ROS_ws/install/mecha_control/share/mecha_control/package.xml
[3.879s] Invoked command in '/ROS_ws/build/mecha_control' returned '0': CMAKE_PREFIX_PATH=${CMAKE_PREFIX_PATH}:/opt/ros/humble /usr/bin/cmake --install /ROS_ws/build/mecha_control
