[0.054s] Invoking command in '/ROS_ws/build/mecha_control': CMAKE_PREFIX_PATH=${CMAKE_PREFIX_PATH}:/opt/ros/humble /usr/bin/cmake --build /ROS_ws/build/mecha_control -- -j12 -l12
[0.248s] [  5%] Built target mecha_control__cpp
[0.248s] [ 12%] Built target mecha_control__rosidl_generator_c
[0.248s] [ 12%] Built target ament_cmake_python_copy_mecha_control
[0.248s] [ 23%] Built target mecha_control__rosidl_typesupport_c
[0.248s] [ 45%] Built target mecha_control__rosidl_typesupport_introspection_c
[0.248s] [ 45%] Built target mecha_control__rosidl_typesupport_introspection_cpp
[0.249s] [ 56%] Built target mecha_control__rosidl_typesupport_fastrtps_cpp
[0.249s] [ 76%] Built target mecha_control__rosidl_typesupport_cpp
[0.249s] [ 78%] Built target mecha_control__rosidl_typesupport_fastrtps_c
[0.249s] [35m[1mConsolidate compiler generated dependencies of target cmd_seq[0m
[0.249s] [ 78%] Built target mecha_control
[0.249s] [ 79%] [32mBuilding CXX object CMakeFiles/cmd_seq.dir/src/cmd_seq.cpp.o[0m
[0.250s] [ 80%] Built target mecha_control__py
[0.250s] [ 90%] Built target mecha_control__rosidl_generator_py
[0.250s] [ 97%] Built target mecha_control__rosidl_typesupport_c__pyext
[0.250s] [ 97%] Built target mecha_control__rosidl_typesupport_fastrtps_c__pyext
[0.250s] [ 98%] Built target mecha_control__rosidl_typesupport_introspection_c__pyext
[0.260s] running egg_info
[0.261s] writing mecha_control.egg-info/PKG-INFO
[0.262s] writing dependency_links to mecha_control.egg-info/dependency_links.txt
[0.262s] writing top-level names to mecha_control.egg-info/top_level.txt
[0.264s] reading manifest file 'mecha_control.egg-info/SOURCES.txt'
[0.265s] writing manifest file 'mecha_control.egg-info/SOURCES.txt'
[0.291s] [ 98%] Built target ament_cmake_python_build_mecha_control_egg
[1.544s] [01m[K/ROS_ws/src/mecha_control/src/cmd_seq.cpp:[m[K In member function ‘[01m[Kvoid mech_seq_node::set_bonbori_callback(std::shared_ptr<std_srvs::srv::SetBool_Request_<std::allocator<void> > >, std::shared_ptr<std_srvs::srv::SetBool_Response_<std::allocator<void> > >) const[m[K’:
[1.544s] [01m[K/ROS_ws/src/mecha_control/src/cmd_seq.cpp:40:20:[m[K [01;31m[Kerror: [m[Kexpected primary-expression before ‘[01m[K([m[K’ token
[1.544s]    40 |         std::thread[01;31m[K([m[K[this, request->data]{
[1.544s]       |                    [01;31m[K^[m[K
[1.544s] [01m[K/ROS_ws/src/mecha_control/src/cmd_seq.cpp:40:35:[m[K [01;31m[Kerror: [m[Kexpected ‘[01m[K,[m[K’ before ‘[01m[K->[m[K’ token
[1.544s]    40 |         std::thread([this, request[01;31m[K->[m[Kdata]{
[1.544s]       |                                   [01;31m[K^~[m[K
[1.544s] [01m[K/ROS_ws/src/mecha_control/src/cmd_seq.cpp:40:35:[m[K [01;31m[Kerror: [m[Kexpected identifier before ‘[01m[K->[m[K’ token
[1.983s] gmake[2]: *** [CMakeFiles/cmd_seq.dir/build.make:76: CMakeFiles/cmd_seq.dir/src/cmd_seq.cpp.o] Error 1
[1.983s] gmake[1]: *** [CMakeFiles/Makefile2:595: CMakeFiles/cmd_seq.dir/all] Error 2
[1.984s] gmake: *** [Makefile:146: all] Error 2
[1.985s] Invoked command in '/ROS_ws/build/mecha_control' returned '2': CMAKE_PREFIX_PATH=${CMAKE_PREFIX_PATH}:/opt/ros/humble /usr/bin/cmake --build /ROS_ws/build/mecha_control -- -j12 -l12
