/ROS_ws/install/calc_vel/lib/python3.10/site-packages/calc_vel/pose_PI_controller.py
/ROS_ws/install/calc_vel/lib/python3.10/site-packages/calc_vel/pose_PI_controller2.py
/ROS_ws/install/calc_vel/lib/python3.10/site-packages/calc_vel/robot_tf_node.py
/ROS_ws/install/calc_vel/lib/python3.10/site-packages/calc_vel/localize_node.py
/ROS_ws/install/calc_vel/lib/python3.10/site-packages/calc_vel/__init__.py
/ROS_ws/install/calc_vel/lib/python3.10/site-packages/calc_vel/pose_PI_simulator.py
/ROS_ws/install/calc_vel/lib/python3.10/site-packages/calc_vel/PI_controller_class.py
/ROS_ws/install/calc_vel/lib/python3.10/site-packages/calc_vel/path_server.py
/ROS_ws/install/calc_vel/lib/python3.10/site-packages/calc_vel/param_control_node.py
/ROS_ws/install/calc_vel/lib/python3.10/site-packages/calc_vel/pure_pursuit_py.py
/ROS_ws/install/calc_vel/lib/python3.10/site-packages/calc_vel/PI_param_setter.py
/ROS_ws/install/calc_vel/lib/python3.10/site-packages/calc_vel/stl_marker_publisher.py
/ROS_ws/install/calc_vel/lib/python3.10/site-packages/calc_vel/__pycache__/pose_PI_controller.cpython-310.pyc
/ROS_ws/install/calc_vel/lib/python3.10/site-packages/calc_vel/__pycache__/pose_PI_controller2.cpython-310.pyc
/ROS_ws/install/calc_vel/lib/python3.10/site-packages/calc_vel/__pycache__/robot_tf_node.cpython-310.pyc
/ROS_ws/install/calc_vel/lib/python3.10/site-packages/calc_vel/__pycache__/localize_node.cpython-310.pyc
/ROS_ws/install/calc_vel/lib/python3.10/site-packages/calc_vel/__pycache__/__init__.cpython-310.pyc
/ROS_ws/install/calc_vel/lib/python3.10/site-packages/calc_vel/__pycache__/pose_PI_simulator.cpython-310.pyc
/ROS_ws/install/calc_vel/lib/python3.10/site-packages/calc_vel/__pycache__/PI_controller_class.cpython-310.pyc
/ROS_ws/install/calc_vel/lib/python3.10/site-packages/calc_vel/__pycache__/path_server.cpython-310.pyc
/ROS_ws/install/calc_vel/lib/python3.10/site-packages/calc_vel/__pycache__/param_control_node.cpython-310.pyc
/ROS_ws/install/calc_vel/lib/python3.10/site-packages/calc_vel/__pycache__/pure_pursuit_py.cpython-310.pyc
/ROS_ws/install/calc_vel/lib/python3.10/site-packages/calc_vel/__pycache__/PI_param_setter.cpython-310.pyc
/ROS_ws/install/calc_vel/lib/python3.10/site-packages/calc_vel/__pycache__/stl_marker_publisher.cpython-310.pyc
/ROS_ws/install/calc_vel/share/ament_index/resource_index/packages/calc_vel
/ROS_ws/install/calc_vel/share/calc_vel/package.xml
/ROS_ws/install/calc_vel/share/calc_vel
/ROS_ws/install/calc_vel/share/calc_vel/real_pure_pursuit.launch.py
/ROS_ws/install/calc_vel/share/calc_vel/pose_PI_real.launch.py
/ROS_ws/install/calc_vel/share/calc_vel/position_accuracy.launch.py
/ROS_ws/install/calc_vel/share/calc_vel/pose_PI_simulate.launch.py
/ROS_ws/install/calc_vel/share/calc_vel/pure_pursuit.launch.py
/ROS_ws/install/calc_vel/share/calc_vel/pi_params.yaml
/ROS_ws/install/calc_vel/share/calc_vel/robot_tf.rviz
/ROS_ws/install/calc_vel/share/calc_vel/field.stl
/ROS_ws/install/calc_vel/share/calc_vel/robot.stl
/ROS_ws/install/calc_vel/lib/python3.10/site-packages/calc_vel-0.0.0-py3.10.egg-info/SOURCES.txt
/ROS_ws/install/calc_vel/lib/python3.10/site-packages/calc_vel-0.0.0-py3.10.egg-info/requires.txt
/ROS_ws/install/calc_vel/lib/python3.10/site-packages/calc_vel-0.0.0-py3.10.egg-info/zip-safe
/ROS_ws/install/calc_vel/lib/python3.10/site-packages/calc_vel-0.0.0-py3.10.egg-info/dependency_links.txt
/ROS_ws/install/calc_vel/lib/python3.10/site-packages/calc_vel-0.0.0-py3.10.egg-info/entry_points.txt
/ROS_ws/install/calc_vel/lib/python3.10/site-packages/calc_vel-0.0.0-py3.10.egg-info/PKG-INFO
/ROS_ws/install/calc_vel/lib/python3.10/site-packages/calc_vel-0.0.0-py3.10.egg-info/top_level.txt
/ROS_ws/install/calc_vel/lib/calc_vel/PI_simulator
/ROS_ws/install/calc_vel/lib/calc_vel/goal_tf_node
/ROS_ws/install/calc_vel/lib/calc_vel/localize_node
/ROS_ws/install/calc_vel/lib/calc_vel/param_control_node
/ROS_ws/install/calc_vel/lib/calc_vel/pose_PI_controller
/ROS_ws/install/calc_vel/lib/calc_vel/robot_tf_node
/ROS_ws/install/calc_vel/lib/calc_vel/stl_marker_publisher
