[0.013s] Invoking command in '/ROS_ws/build/mecha_control': CMAKE_PREFIX_PATH=${CMAKE_PREFIX_PATH}:/opt/ros/humble /usr/bin/cmake /ROS_ws/src/mecha_control -DCMAKE_INSTALL_PREFIX=/ROS_ws/install/mecha_control
[0.275s] -- The C compiler identification is GNU 11.3.0
[0.389s] -- The CXX compiler identification is GNU 11.3.0
[0.397s] -- Detecting C compiler ABI info
[0.442s] -- Detecting C compiler ABI info - done
[0.446s] -- Check for working C compiler: /usr/bin/cc - skipped
[0.447s] -- Detecting C compile features
[0.447s] -- Detecting C compile features - done
[0.450s] -- Detecting CXX compiler ABI info
[0.499s] -- Detecting CXX compiler ABI info - done
[0.504s] -- Check for working CXX compiler: /usr/bin/c++ - skipped
[0.504s] -- Detecting CXX compile features
[0.505s] -- Detecting CXX compile features - done
[0.508s] -- Found ament_cmake: 1.3.3 (/opt/ros/humble/share/ament_cmake/cmake)
[0.621s] -- Found Python3: /usr/bin/python3.10 (found version "3.10.6") found components: Interpreter 
[0.692s] -- Found rclcpp: 16.0.3 (/opt/ros/humble/share/rclcpp/cmake)
[0.734s] -- Found rosidl_generator_c: 3.1.4 (/opt/ros/humble/share/rosidl_generator_c/cmake)
[0.738s] -- Found rosidl_adapter: 3.1.4 (/opt/ros/humble/share/rosidl_adapter/cmake)
[0.746s] -- Found rosidl_generator_cpp: 3.1.4 (/opt/ros/humble/share/rosidl_generator_cpp/cmake)
[0.759s] -- Using all available rosidl_typesupport_c: rosidl_typesupport_fastrtps_c;rosidl_typesupport_introspection_c
[0.776s] -- Using all available rosidl_typesupport_cpp: rosidl_typesupport_fastrtps_cpp;rosidl_typesupport_introspection_cpp
[0.836s] -- Found rmw_implementation_cmake: 6.1.1 (/opt/ros/humble/share/rmw_implementation_cmake/cmake)
[0.839s] -- Found rmw_fastrtps_cpp: 6.2.2 (/opt/ros/humble/share/rmw_fastrtps_cpp/cmake)
[0.916s] -- Found OpenSSL: /usr/lib/x86_64-linux-gnu/libcrypto.so (found version "3.0.2")  
[0.937s] -- Found FastRTPS: /opt/ros/humble/include  
[0.973s] -- Using RMW implementation 'rmw_fastrtps_cpp' as default
[0.983s] -- Looking for pthread.h
[1.031s] -- Looking for pthread.h - found
[1.031s] -- Performing Test CMAKE_HAVE_LIBC_PTHREAD
[1.073s] -- Performing Test CMAKE_HAVE_LIBC_PTHREAD - Success
[1.074s] -- Found Threads: TRUE  
[1.190s] -- Found rclpy: 3.3.7 (/opt/ros/humble/share/rclpy/cmake)
[1.191s] -- Found rosidl_default_generators: 1.2.0 (/opt/ros/humble/share/rosidl_default_generators/cmake)
[1.357s] -- Found ament_cmake_ros: 0.10.0 (/opt/ros/humble/share/ament_cmake_ros/cmake)
[1.551s] -- Using all available rosidl_typesupport_c: rosidl_typesupport_fastrtps_c;rosidl_typesupport_introspection_c
[1.626s] -- Using all available rosidl_typesupport_cpp: rosidl_typesupport_fastrtps_cpp;rosidl_typesupport_introspection_cpp
[1.641s] -- Found PythonInterp: /usr/bin/python3 (found suitable version "3.10.6", minimum required is "3.6") 
[1.642s] -- Found python_cmake_module: 0.10.0 (/opt/ros/humble/share/python_cmake_module/cmake)
[1.659s] -- Found PythonLibs: /usr/lib/x86_64-linux-gnu/libpython3.10.so (found suitable version "3.10.6", minimum required is "3.5") 
[1.660s] -- Using PYTHON_EXECUTABLE: /usr/bin/python3
[1.660s] -- Using PYTHON_INCLUDE_DIRS: /usr/include/python3.10
[1.660s] -- Using PYTHON_LIBRARIES: /usr/lib/x86_64-linux-gnu/libpython3.10.so
[1.673s] -- Found PythonExtra: .so  
[1.695s] -- Found ament_lint_auto: 0.12.5 (/opt/ros/humble/share/ament_lint_auto/cmake)
[1.715s] -- Added test 'flake8' to check Python code syntax and style conventions
[1.715s] -- Added test 'lint_cmake' to check CMake code style
[1.715s] -- Added test 'pep257' to check Python code against some of the docstring style conventions in PEP 257
[1.716s] -- Added test 'xmllint' to check XML markup files
[1.718s] -- Configuring done
[1.736s] -- Generating done
[1.737s] -- Build files have been written to: /ROS_ws/build/mecha_control
[1.744s] Invoked command in '/ROS_ws/build/mecha_control' returned '0': CMAKE_PREFIX_PATH=${CMAKE_PREFIX_PATH}:/opt/ros/humble /usr/bin/cmake /ROS_ws/src/mecha_control -DCMAKE_INSTALL_PREFIX=/ROS_ws/install/mecha_control
[1.745s] Invoking command in '/ROS_ws/build/mecha_control': CMAKE_PREFIX_PATH=${CMAKE_PREFIX_PATH}:/opt/ros/humble /usr/bin/cmake --build /ROS_ws/build/mecha_control -- -j12 -l12
[1.767s] [  2%] [34m[1mGenerating C code for ROS interfaces[0m
[1.772s] [  4%] [34m[1mGenerating C++ code for ROS interfaces[0m
[1.778s] [  4%] Built target ament_cmake_python_copy_mecha_control
[1.906s] running egg_info
[1.907s] creating mecha_control.egg-info
[1.907s] writing mecha_control.egg-info/PKG-INFO
[1.907s] writing dependency_links to mecha_control.egg-info/dependency_links.txt
[1.907s] writing top-level names to mecha_control.egg-info/top_level.txt
[1.907s] writing manifest file 'mecha_control.egg-info/SOURCES.txt'
[1.908s] reading manifest file 'mecha_control.egg-info/SOURCES.txt'
[1.909s] writing manifest file 'mecha_control.egg-info/SOURCES.txt'
[1.924s] [  4%] Built target ament_cmake_python_build_mecha_control_egg
[2.013s] [  4%] Built target mecha_control__cpp
[2.020s] [ 10%] [34m[1mGenerating C++ type support for eProsima Fast-RTPS[0m
[2.020s] [ 10%] [34m[1mGenerating C++ type support dispatch for ROS interfaces[0m
[2.020s] [ 10%] [34m[1mGenerating C++ introspection for ROS interfaces[0m
[2.037s] [ 14%] [32mBuilding C object CMakeFiles/mecha_control__rosidl_generator_c.dir/rosidl_generator_c/mecha_control/msg/detail/actuator_commands__functions.c.o[0m
[2.037s] [ 14%] [32mBuilding C object CMakeFiles/mecha_control__rosidl_generator_c.dir/rosidl_generator_c/mecha_control/msg/detail/sensor_states__functions.c.o[0m
[2.038s] [ 17%] [32mBuilding C object CMakeFiles/mecha_control__rosidl_generator_c.dir/rosidl_generator_c/mecha_control/msg/detail/mecha_state__functions.c.o[0m
[2.084s] [ 19%] [32m[1mLinking C shared library libmecha_control__rosidl_generator_c.so[0m
[2.107s] [ 19%] Built target mecha_control__rosidl_generator_c
[2.114s] [ 21%] [34m[1mGenerating C type support for eProsima Fast-RTPS[0m
[2.114s] [ 23%] [34m[1mGenerating C introspection for ROS interfaces[0m
[2.115s] [ 25%] [34m[1mGenerating C type support dispatch for ROS interfaces[0m
[2.224s] [ 27%] [32mBuilding CXX object CMakeFiles/mecha_control__rosidl_typesupport_cpp.dir/rosidl_typesupport_cpp/mecha_control/msg/actuator_commands__type_support.cpp.o[0m
[2.224s] [ 29%] [32mBuilding CXX object CMakeFiles/mecha_control__rosidl_typesupport_cpp.dir/rosidl_typesupport_cpp/mecha_control/msg/sensor_states__type_support.cpp.o[0m
[2.225s] [ 31%] [32mBuilding CXX object CMakeFiles/mecha_control__rosidl_typesupport_cpp.dir/rosidl_typesupport_cpp/mecha_control/msg/mecha_state__type_support.cpp.o[0m
[2.250s] [ 34%] [32mBuilding CXX object CMakeFiles/mecha_control__rosidl_typesupport_introspection_cpp.dir/rosidl_typesupport_introspection_cpp/mecha_control/msg/detail/mecha_state__type_support.cpp.o[0m
[2.250s] [ 36%] [32mBuilding CXX object CMakeFiles/mecha_control__rosidl_typesupport_introspection_cpp.dir/rosidl_typesupport_introspection_cpp/mecha_control/msg/detail/actuator_commands__type_support.cpp.o[0m
[2.250s] [ 38%] [32mBuilding CXX object CMakeFiles/mecha_control__rosidl_typesupport_introspection_cpp.dir/rosidl_typesupport_introspection_cpp/mecha_control/msg/detail/sensor_states__type_support.cpp.o[0m
[2.257s] [ 42%] [32mBuilding CXX object CMakeFiles/mecha_control__rosidl_typesupport_fastrtps_cpp.dir/rosidl_typesupport_fastrtps_cpp/mecha_control/msg/detail/dds_fastrtps/actuator_commands__type_support.cpp.o[0m
[2.258s] [ 42%] [32mBuilding CXX object CMakeFiles/mecha_control__rosidl_typesupport_fastrtps_cpp.dir/rosidl_typesupport_fastrtps_cpp/mecha_control/msg/detail/dds_fastrtps/sensor_states__type_support.cpp.o[0m
[2.258s] [ 44%] [32mBuilding CXX object CMakeFiles/mecha_control__rosidl_typesupport_fastrtps_cpp.dir/rosidl_typesupport_fastrtps_cpp/mecha_control/msg/detail/dds_fastrtps/mecha_state__type_support.cpp.o[0m
[2.449s] [ 46%] [32mBuilding CXX object CMakeFiles/mecha_control__rosidl_typesupport_c.dir/rosidl_typesupport_c/mecha_control/msg/sensor_states__type_support.cpp.o[0m
[2.560s] [ 48%] [32mBuilding CXX object CMakeFiles/mecha_control__rosidl_typesupport_c.dir/rosidl_typesupport_c/mecha_control/msg/actuator_commands__type_support.cpp.o[0m
[2.574s] [ 51%] [32m[1mLinking CXX shared library libmecha_control__rosidl_typesupport_cpp.so[0m
[2.579s] [ 53%] [32mBuilding CXX object CMakeFiles/mecha_control__rosidl_typesupport_c.dir/rosidl_typesupport_c/mecha_control/msg/mecha_state__type_support.cpp.o[0m
[2.613s] [ 55%] [32mBuilding CXX object CMakeFiles/mecha_control__rosidl_typesupport_fastrtps_c.dir/rosidl_typesupport_fastrtps_c/mecha_control/msg/detail/actuator_commands__type_support_c.cpp.o[0m
[2.630s] [ 57%] [32mBuilding CXX object CMakeFiles/mecha_control__rosidl_typesupport_fastrtps_c.dir/rosidl_typesupport_fastrtps_c/mecha_control/msg/detail/sensor_states__type_support_c.cpp.o[0m
[2.637s] [ 59%] [32mBuilding CXX object CMakeFiles/mecha_control__rosidl_typesupport_fastrtps_c.dir/rosidl_typesupport_fastrtps_c/mecha_control/msg/detail/mecha_state__type_support_c.cpp.o[0m
[2.638s] [ 61%] [32m[1mLinking CXX shared library libmecha_control__rosidl_typesupport_c.so[0m
[2.646s] [ 63%] [32mBuilding C object CMakeFiles/mecha_control__rosidl_typesupport_introspection_c.dir/rosidl_typesupport_introspection_c/mecha_control/msg/detail/sensor_states__type_support.c.o[0m
[2.651s] [ 65%] [32mBuilding C object CMakeFiles/mecha_control__rosidl_typesupport_introspection_c.dir/rosidl_typesupport_introspection_c/mecha_control/msg/detail/actuator_commands__type_support.c.o[0m
[2.651s] [ 65%] Built target mecha_control__rosidl_typesupport_cpp
[2.680s] [ 68%] [32mBuilding C object CMakeFiles/mecha_control__rosidl_typesupport_introspection_c.dir/rosidl_typesupport_introspection_c/mecha_control/msg/detail/mecha_state__type_support.c.o[0m
[2.691s] [ 68%] Built target mecha_control__rosidl_typesupport_c
[2.708s] [ 70%] [32m[1mLinking C shared library libmecha_control__rosidl_typesupport_introspection_c.so[0m
[2.731s] [ 70%] Built target mecha_control__rosidl_typesupport_introspection_c
[2.744s] [ 72%] [32m[1mLinking CXX shared library libmecha_control__rosidl_typesupport_introspection_cpp.so[0m
[2.765s] [ 74%] [32m[1mLinking CXX shared library libmecha_control__rosidl_typesupport_fastrtps_cpp.so[0m
[2.797s] [ 74%] Built target mecha_control__rosidl_typesupport_introspection_cpp
[2.816s] [ 74%] Built target mecha_control__rosidl_typesupport_fastrtps_cpp
[2.933s] [ 76%] [32m[1mLinking CXX shared library libmecha_control__rosidl_typesupport_fastrtps_c.so[0m
[2.979s] [ 76%] Built target mecha_control__rosidl_typesupport_fastrtps_c
[2.990s] [ 76%] Built target mecha_control
[3.001s] [ 78%] [34m[1mGenerating Python code for ROS interfaces[0m
[3.328s] [ 78%] Built target mecha_control__py
[3.339s] [ 82%] [32mBuilding C object CMakeFiles/mecha_control__rosidl_generator_py.dir/rosidl_generator_py/mecha_control/msg/_sensor_states_s.c.o[0m
[3.339s] [ 82%] [32mBuilding C object CMakeFiles/mecha_control__rosidl_generator_py.dir/rosidl_generator_py/mecha_control/msg/_actuator_commands_s.c.o[0m
[3.339s] [ 85%] [32mBuilding C object CMakeFiles/mecha_control__rosidl_generator_py.dir/rosidl_generator_py/mecha_control/msg/_mecha_state_s.c.o[0m
[3.428s] [ 87%] [32m[1mLinking C shared library rosidl_generator_py/mecha_control/libmecha_control__rosidl_generator_py.so[0m
[3.452s] [ 87%] Built target mecha_control__rosidl_generator_py
[3.463s] [ 93%] [32mBuilding C object CMakeFiles/mecha_control__rosidl_typesupport_introspection_c__pyext.dir/rosidl_generator_py/mecha_control/_mecha_control_s.ep.rosidl_typesupport_introspection_c.c.o[0m
[3.463s] [ 93%] [32mBuilding C object CMakeFiles/mecha_control__rosidl_typesupport_fastrtps_c__pyext.dir/rosidl_generator_py/mecha_control/_mecha_control_s.ep.rosidl_typesupport_fastrtps_c.c.o[0m
[3.463s] [ 93%] [32mBuilding C object CMakeFiles/mecha_control__rosidl_typesupport_c__pyext.dir/rosidl_generator_py/mecha_control/_mecha_control_s.ep.rosidl_typesupport_c.c.o[0m
[3.518s] [ 95%] [32m[1mLinking C shared library rosidl_generator_py/mecha_control/mecha_control_s__rosidl_typesupport_c.cpython-310-x86_64-linux-gnu.so[0m
[3.519s] [ 97%] [32m[1mLinking C shared library rosidl_generator_py/mecha_control/mecha_control_s__rosidl_typesupport_introspection_c.cpython-310-x86_64-linux-gnu.so[0m
[3.520s] [100%] [32m[1mLinking C shared library rosidl_generator_py/mecha_control/mecha_control_s__rosidl_typesupport_fastrtps_c.cpython-310-x86_64-linux-gnu.so[0m
[3.537s] [100%] Built target mecha_control__rosidl_typesupport_c__pyext
[3.538s] [100%] Built target mecha_control__rosidl_typesupport_fastrtps_c__pyext
[3.540s] [100%] Built target mecha_control__rosidl_typesupport_introspection_c__pyext
[3.545s] Invoked command in '/ROS_ws/build/mecha_control' returned '0': CMAKE_PREFIX_PATH=${CMAKE_PREFIX_PATH}:/opt/ros/humble /usr/bin/cmake --build /ROS_ws/build/mecha_control -- -j12 -l12
[3.586s] Invoking command in '/ROS_ws/build/mecha_control': CMAKE_PREFIX_PATH=${CMAKE_PREFIX_PATH}:/opt/ros/humble /usr/bin/cmake --install /ROS_ws/build/mecha_control
[3.591s] -- Install configuration: ""
[3.591s] -- Installing: /ROS_ws/install/mecha_control/share/ament_index/resource_index/rosidl_interfaces/mecha_control
[3.591s] -- Installing: /ROS_ws/install/mecha_control/include/mecha_control/mecha_control
[3.591s] -- Installing: /ROS_ws/install/mecha_control/include/mecha_control/mecha_control/msg
[3.591s] -- Installing: /ROS_ws/install/mecha_control/include/mecha_control/mecha_control/msg/rosidl_generator_c__visibility_control.h
[3.591s] -- Installing: /ROS_ws/install/mecha_control/include/mecha_control/mecha_control/msg/sensor_states.h
[3.591s] -- Installing: /ROS_ws/install/mecha_control/include/mecha_control/mecha_control/msg/detail
[3.591s] -- Installing: /ROS_ws/install/mecha_control/include/mecha_control/mecha_control/msg/detail/sensor_states__type_support.h
[3.591s] -- Installing: /ROS_ws/install/mecha_control/include/mecha_control/mecha_control/msg/detail/mecha_state__functions.h
[3.591s] -- Installing: /ROS_ws/install/mecha_control/include/mecha_control/mecha_control/msg/detail/sensor_states__functions.h
[3.591s] -- Installing: /ROS_ws/install/mecha_control/include/mecha_control/mecha_control/msg/detail/sensor_states__struct.h
[3.591s] -- Installing: /ROS_ws/install/mecha_control/include/mecha_control/mecha_control/msg/detail/actuator_commands__type_support.h
[3.591s] -- Installing: /ROS_ws/install/mecha_control/include/mecha_control/mecha_control/msg/detail/actuator_commands__struct.h
[3.591s] -- Installing: /ROS_ws/install/mecha_control/include/mecha_control/mecha_control/msg/detail/mecha_state__type_support.h
[3.591s] -- Installing: /ROS_ws/install/mecha_control/include/mecha_control/mecha_control/msg/detail/mecha_state__functions.c
[3.591s] -- Installing: /ROS_ws/install/mecha_control/include/mecha_control/mecha_control/msg/detail/mecha_state__struct.h
[3.591s] -- Installing: /ROS_ws/install/mecha_control/include/mecha_control/mecha_control/msg/detail/sensor_states__functions.c
[3.592s] -- Installing: /ROS_ws/install/mecha_control/include/mecha_control/mecha_control/msg/detail/actuator_commands__functions.h
[3.592s] -- Installing: /ROS_ws/install/mecha_control/include/mecha_control/mecha_control/msg/detail/actuator_commands__functions.c
[3.592s] -- Installing: /ROS_ws/install/mecha_control/include/mecha_control/mecha_control/msg/actuator_commands.h
[3.592s] -- Installing: /ROS_ws/install/mecha_control/include/mecha_control/mecha_control/msg/mecha_state.h
[3.592s] -- Installing: /ROS_ws/install/mecha_control/share/mecha_control/environment/library_path.sh
[3.592s] -- Installing: /ROS_ws/install/mecha_control/share/mecha_control/environment/library_path.dsv
[3.592s] -- Installing: /ROS_ws/install/mecha_control/lib/libmecha_control__rosidl_generator_c.so
[3.592s] -- Set runtime path of "/ROS_ws/install/mecha_control/lib/libmecha_control__rosidl_generator_c.so" to ""
[3.592s] -- Up-to-date: /ROS_ws/install/mecha_control/include/mecha_control/mecha_control
[3.592s] -- Up-to-date: /ROS_ws/install/mecha_control/include/mecha_control/mecha_control/msg
[3.592s] -- Up-to-date: /ROS_ws/install/mecha_control/include/mecha_control/mecha_control/msg/detail
[3.592s] -- Installing: /ROS_ws/install/mecha_control/include/mecha_control/mecha_control/msg/detail/actuator_commands__rosidl_typesupport_fastrtps_c.h
[3.592s] -- Installing: /ROS_ws/install/mecha_control/include/mecha_control/mecha_control/msg/detail/sensor_states__rosidl_typesupport_fastrtps_c.h
[3.592s] -- Installing: /ROS_ws/install/mecha_control/include/mecha_control/mecha_control/msg/detail/mecha_state__rosidl_typesupport_fastrtps_c.h
[3.592s] -- Installing: /ROS_ws/install/mecha_control/include/mecha_control/mecha_control/msg/rosidl_typesupport_fastrtps_c__visibility_control.h
[3.592s] -- Installing: /ROS_ws/install/mecha_control/lib/libmecha_control__rosidl_typesupport_fastrtps_c.so
[3.592s] -- Set runtime path of "/ROS_ws/install/mecha_control/lib/libmecha_control__rosidl_typesupport_fastrtps_c.so" to ""
[3.593s] -- Up-to-date: /ROS_ws/install/mecha_control/include/mecha_control/mecha_control
[3.593s] -- Up-to-date: /ROS_ws/install/mecha_control/include/mecha_control/mecha_control/msg
[3.593s] -- Installing: /ROS_ws/install/mecha_control/include/mecha_control/mecha_control/msg/sensor_states.hpp
[3.593s] -- Up-to-date: /ROS_ws/install/mecha_control/include/mecha_control/mecha_control/msg/detail
[3.593s] -- Installing: /ROS_ws/install/mecha_control/include/mecha_control/mecha_control/msg/detail/sensor_states__traits.hpp
[3.593s] -- Installing: /ROS_ws/install/mecha_control/include/mecha_control/mecha_control/msg/detail/mecha_state__traits.hpp
[3.593s] -- Installing: /ROS_ws/install/mecha_control/include/mecha_control/mecha_control/msg/detail/mecha_state__struct.hpp
[3.593s] -- Installing: /ROS_ws/install/mecha_control/include/mecha_control/mecha_control/msg/detail/actuator_commands__traits.hpp
[3.593s] -- Installing: /ROS_ws/install/mecha_control/include/mecha_control/mecha_control/msg/detail/sensor_states__struct.hpp
[3.593s] -- Installing: /ROS_ws/install/mecha_control/include/mecha_control/mecha_control/msg/detail/mecha_state__builder.hpp
[3.593s] -- Installing: /ROS_ws/install/mecha_control/include/mecha_control/mecha_control/msg/detail/sensor_states__builder.hpp
[3.593s] -- Installing: /ROS_ws/install/mecha_control/include/mecha_control/mecha_control/msg/detail/actuator_commands__struct.hpp
[3.593s] -- Installing: /ROS_ws/install/mecha_control/include/mecha_control/mecha_control/msg/detail/actuator_commands__builder.hpp
[3.593s] -- Installing: /ROS_ws/install/mecha_control/include/mecha_control/mecha_control/msg/actuator_commands.hpp
[3.593s] -- Installing: /ROS_ws/install/mecha_control/include/mecha_control/mecha_control/msg/mecha_state.hpp
[3.593s] -- Up-to-date: /ROS_ws/install/mecha_control/include/mecha_control/mecha_control
[3.593s] -- Up-to-date: /ROS_ws/install/mecha_control/include/mecha_control/mecha_control/msg
[3.593s] -- Installing: /ROS_ws/install/mecha_control/include/mecha_control/mecha_control/msg/rosidl_typesupport_fastrtps_cpp__visibility_control.h
[3.593s] -- Up-to-date: /ROS_ws/install/mecha_control/include/mecha_control/mecha_control/msg/detail
[3.593s] -- Installing: /ROS_ws/install/mecha_control/include/mecha_control/mecha_control/msg/detail/mecha_state__rosidl_typesupport_fastrtps_cpp.hpp
[3.593s] -- Installing: /ROS_ws/install/mecha_control/include/mecha_control/mecha_control/msg/detail/dds_fastrtps
[3.593s] -- Installing: /ROS_ws/install/mecha_control/include/mecha_control/mecha_control/msg/detail/actuator_commands__rosidl_typesupport_fastrtps_cpp.hpp
[3.593s] -- Installing: /ROS_ws/install/mecha_control/include/mecha_control/mecha_control/msg/detail/sensor_states__rosidl_typesupport_fastrtps_cpp.hpp
[3.593s] -- Installing: /ROS_ws/install/mecha_control/lib/libmecha_control__rosidl_typesupport_fastrtps_cpp.so
[3.594s] -- Set runtime path of "/ROS_ws/install/mecha_control/lib/libmecha_control__rosidl_typesupport_fastrtps_cpp.so" to ""
[3.594s] -- Up-to-date: /ROS_ws/install/mecha_control/include/mecha_control/mecha_control
[3.594s] -- Up-to-date: /ROS_ws/install/mecha_control/include/mecha_control/mecha_control/msg
[3.594s] -- Up-to-date: /ROS_ws/install/mecha_control/include/mecha_control/mecha_control/msg/detail
[3.594s] -- Installing: /ROS_ws/install/mecha_control/include/mecha_control/mecha_control/msg/detail/actuator_commands__type_support.c
[3.594s] -- Installing: /ROS_ws/install/mecha_control/include/mecha_control/mecha_control/msg/detail/mecha_state__rosidl_typesupport_introspection_c.h
[3.594s] -- Installing: /ROS_ws/install/mecha_control/include/mecha_control/mecha_control/msg/detail/actuator_commands__rosidl_typesupport_introspection_c.h
[3.594s] -- Installing: /ROS_ws/install/mecha_control/include/mecha_control/mecha_control/msg/detail/sensor_states__rosidl_typesupport_introspection_c.h
[3.594s] -- Installing: /ROS_ws/install/mecha_control/include/mecha_control/mecha_control/msg/detail/mecha_state__type_support.c
[3.594s] -- Installing: /ROS_ws/install/mecha_control/include/mecha_control/mecha_control/msg/detail/sensor_states__type_support.c
[3.594s] -- Installing: /ROS_ws/install/mecha_control/include/mecha_control/mecha_control/msg/rosidl_typesupport_introspection_c__visibility_control.h
[3.594s] -- Installing: /ROS_ws/install/mecha_control/lib/libmecha_control__rosidl_typesupport_introspection_c.so
[3.594s] -- Set runtime path of "/ROS_ws/install/mecha_control/lib/libmecha_control__rosidl_typesupport_introspection_c.so" to ""
[3.594s] -- Installing: /ROS_ws/install/mecha_control/lib/libmecha_control__rosidl_typesupport_c.so
[3.594s] -- Set runtime path of "/ROS_ws/install/mecha_control/lib/libmecha_control__rosidl_typesupport_c.so" to ""
[3.594s] -- Up-to-date: /ROS_ws/install/mecha_control/include/mecha_control/mecha_control
[3.594s] -- Up-to-date: /ROS_ws/install/mecha_control/include/mecha_control/mecha_control/msg
[3.595s] -- Up-to-date: /ROS_ws/install/mecha_control/include/mecha_control/mecha_control/msg/detail
[3.595s] -- Installing: /ROS_ws/install/mecha_control/include/mecha_control/mecha_control/msg/detail/actuator_commands__rosidl_typesupport_introspection_cpp.hpp
[3.595s] -- Installing: /ROS_ws/install/mecha_control/include/mecha_control/mecha_control/msg/detail/sensor_states__rosidl_typesupport_introspection_cpp.hpp
[3.595s] -- Installing: /ROS_ws/install/mecha_control/include/mecha_control/mecha_control/msg/detail/mecha_state__type_support.cpp
[3.595s] -- Installing: /ROS_ws/install/mecha_control/include/mecha_control/mecha_control/msg/detail/actuator_commands__type_support.cpp
[3.595s] -- Installing: /ROS_ws/install/mecha_control/include/mecha_control/mecha_control/msg/detail/mecha_state__rosidl_typesupport_introspection_cpp.hpp
[3.595s] -- Installing: /ROS_ws/install/mecha_control/include/mecha_control/mecha_control/msg/detail/sensor_states__type_support.cpp
[3.595s] -- Installing: /ROS_ws/install/mecha_control/lib/libmecha_control__rosidl_typesupport_introspection_cpp.so
[3.595s] -- Set runtime path of "/ROS_ws/install/mecha_control/lib/libmecha_control__rosidl_typesupport_introspection_cpp.so" to ""
[3.595s] -- Installing: /ROS_ws/install/mecha_control/lib/libmecha_control__rosidl_typesupport_cpp.so
[3.595s] -- Set runtime path of "/ROS_ws/install/mecha_control/lib/libmecha_control__rosidl_typesupport_cpp.so" to ""
[3.595s] -- Installing: /ROS_ws/install/mecha_control/share/mecha_control/environment/pythonpath.sh
[3.595s] -- Installing: /ROS_ws/install/mecha_control/share/mecha_control/environment/pythonpath.dsv
[3.595s] -- Installing: /ROS_ws/install/mecha_control/local/lib/python3.10/dist-packages/mecha_control-0.0.0-py3.10.egg-info
[3.596s] -- Installing: /ROS_ws/install/mecha_control/local/lib/python3.10/dist-packages/mecha_control-0.0.0-py3.10.egg-info/SOURCES.txt
[3.596s] -- Installing: /ROS_ws/install/mecha_control/local/lib/python3.10/dist-packages/mecha_control-0.0.0-py3.10.egg-info/dependency_links.txt
[3.596s] -- Installing: /ROS_ws/install/mecha_control/local/lib/python3.10/dist-packages/mecha_control-0.0.0-py3.10.egg-info/PKG-INFO
[3.596s] -- Installing: /ROS_ws/install/mecha_control/local/lib/python3.10/dist-packages/mecha_control-0.0.0-py3.10.egg-info/top_level.txt
[3.596s] -- Installing: /ROS_ws/install/mecha_control/local/lib/python3.10/dist-packages/mecha_control
[3.596s] -- Installing: /ROS_ws/install/mecha_control/local/lib/python3.10/dist-packages/mecha_control/mecha_control_s__rosidl_typesupport_introspection_c.cpython-310-x86_64-linux-gnu.so
[3.596s] -- Installing: /ROS_ws/install/mecha_control/local/lib/python3.10/dist-packages/mecha_control/_mecha_control_s.ep.rosidl_typesupport_fastrtps_c.c
[3.596s] -- Installing: /ROS_ws/install/mecha_control/local/lib/python3.10/dist-packages/mecha_control/libmecha_control__rosidl_generator_py.so
[3.596s] -- Installing: /ROS_ws/install/mecha_control/local/lib/python3.10/dist-packages/mecha_control/__init__.py
[3.596s] -- Installing: /ROS_ws/install/mecha_control/local/lib/python3.10/dist-packages/mecha_control/msg
[3.596s] -- Installing: /ROS_ws/install/mecha_control/local/lib/python3.10/dist-packages/mecha_control/msg/_sensor_states.py
[3.596s] -- Installing: /ROS_ws/install/mecha_control/local/lib/python3.10/dist-packages/mecha_control/msg/_mecha_state_s.c
[3.597s] -- Installing: /ROS_ws/install/mecha_control/local/lib/python3.10/dist-packages/mecha_control/msg/_sensor_states_s.c
[3.597s] -- Installing: /ROS_ws/install/mecha_control/local/lib/python3.10/dist-packages/mecha_control/msg/_actuator_commands.py
[3.597s] -- Installing: /ROS_ws/install/mecha_control/local/lib/python3.10/dist-packages/mecha_control/msg/__init__.py
[3.597s] -- Installing: /ROS_ws/install/mecha_control/local/lib/python3.10/dist-packages/mecha_control/msg/_actuator_commands_s.c
[3.597s] -- Installing: /ROS_ws/install/mecha_control/local/lib/python3.10/dist-packages/mecha_control/msg/_mecha_state.py
[3.597s] -- Installing: /ROS_ws/install/mecha_control/local/lib/python3.10/dist-packages/mecha_control/mecha_control_s__rosidl_typesupport_c.cpython-310-x86_64-linux-gnu.so
[3.597s] -- Installing: /ROS_ws/install/mecha_control/local/lib/python3.10/dist-packages/mecha_control/mecha_control_s__rosidl_typesupport_fastrtps_c.cpython-310-x86_64-linux-gnu.so
[3.597s] -- Installing: /ROS_ws/install/mecha_control/local/lib/python3.10/dist-packages/mecha_control/_mecha_control_s.ep.rosidl_typesupport_c.c
[3.597s] -- Installing: /ROS_ws/install/mecha_control/local/lib/python3.10/dist-packages/mecha_control/_mecha_control_s.ep.rosidl_typesupport_introspection_c.c
[3.618s] Listing '/ROS_ws/install/mecha_control/local/lib/python3.10/dist-packages/mecha_control'...
[3.618s] Compiling '/ROS_ws/install/mecha_control/local/lib/python3.10/dist-packages/mecha_control/__init__.py'...
[3.618s] Listing '/ROS_ws/install/mecha_control/local/lib/python3.10/dist-packages/mecha_control/msg'...
[3.618s] Compiling '/ROS_ws/install/mecha_control/local/lib/python3.10/dist-packages/mecha_control/msg/__init__.py'...
[3.618s] Compiling '/ROS_ws/install/mecha_control/local/lib/python3.10/dist-packages/mecha_control/msg/_actuator_commands.py'...
[3.618s] Compiling '/ROS_ws/install/mecha_control/local/lib/python3.10/dist-packages/mecha_control/msg/_mecha_state.py'...
[3.618s] Compiling '/ROS_ws/install/mecha_control/local/lib/python3.10/dist-packages/mecha_control/msg/_sensor_states.py'...
[3.621s] -- Installing: /ROS_ws/install/mecha_control/local/lib/python3.10/dist-packages/mecha_control/mecha_control_s__rosidl_typesupport_fastrtps_c.cpython-310-x86_64-linux-gnu.so
[3.621s] -- Set runtime path of "/ROS_ws/install/mecha_control/local/lib/python3.10/dist-packages/mecha_control/mecha_control_s__rosidl_typesupport_fastrtps_c.cpython-310-x86_64-linux-gnu.so" to ""
[3.621s] -- Installing: /ROS_ws/install/mecha_control/local/lib/python3.10/dist-packages/mecha_control/mecha_control_s__rosidl_typesupport_introspection_c.cpython-310-x86_64-linux-gnu.so
[3.621s] -- Set runtime path of "/ROS_ws/install/mecha_control/local/lib/python3.10/dist-packages/mecha_control/mecha_control_s__rosidl_typesupport_introspection_c.cpython-310-x86_64-linux-gnu.so" to ""
[3.621s] -- Installing: /ROS_ws/install/mecha_control/local/lib/python3.10/dist-packages/mecha_control/mecha_control_s__rosidl_typesupport_c.cpython-310-x86_64-linux-gnu.so
[3.621s] -- Set runtime path of "/ROS_ws/install/mecha_control/local/lib/python3.10/dist-packages/mecha_control/mecha_control_s__rosidl_typesupport_c.cpython-310-x86_64-linux-gnu.so" to ""
[3.622s] -- Installing: /ROS_ws/install/mecha_control/lib/libmecha_control__rosidl_generator_py.so
[3.622s] -- Set runtime path of "/ROS_ws/install/mecha_control/lib/libmecha_control__rosidl_generator_py.so" to ""
[3.622s] -- Installing: /ROS_ws/install/mecha_control/share/mecha_control/msg/SensorStates.idl
[3.622s] -- Installing: /ROS_ws/install/mecha_control/share/mecha_control/msg/ActuatorCommands.idl
[3.622s] -- Installing: /ROS_ws/install/mecha_control/share/mecha_control/msg/MechaState.idl
[3.622s] -- Installing: /ROS_ws/install/mecha_control/share/mecha_control/msg/SensorStates.msg
[3.622s] -- Installing: /ROS_ws/install/mecha_control/share/mecha_control/msg/ActuatorCommands.msg
[3.622s] -- Installing: /ROS_ws/install/mecha_control/share/mecha_control/msg/MechaState.msg
[3.622s] -- Installing: /ROS_ws/install/mecha_control/lib/mecha_control/dummy_node.py
[3.622s] -- Installing: /ROS_ws/install/mecha_control/lib/mecha_control/debug_controller.py
[3.622s] -- Installing: /ROS_ws/install/mecha_control/share/ament_index/resource_index/package_run_dependencies/mecha_control
[3.622s] -- Installing: /ROS_ws/install/mecha_control/share/ament_index/resource_index/parent_prefix_path/mecha_control
[3.622s] -- Installing: /ROS_ws/install/mecha_control/share/mecha_control/environment/ament_prefix_path.sh
[3.622s] -- Installing: /ROS_ws/install/mecha_control/share/mecha_control/environment/ament_prefix_path.dsv
[3.622s] -- Installing: /ROS_ws/install/mecha_control/share/mecha_control/environment/path.sh
[3.622s] -- Installing: /ROS_ws/install/mecha_control/share/mecha_control/environment/path.dsv
[3.623s] -- Installing: /ROS_ws/install/mecha_control/share/mecha_control/local_setup.bash
[3.623s] -- Installing: /ROS_ws/install/mecha_control/share/mecha_control/local_setup.sh
[3.623s] -- Installing: /ROS_ws/install/mecha_control/share/mecha_control/local_setup.zsh
[3.623s] -- Installing: /ROS_ws/install/mecha_control/share/mecha_control/local_setup.dsv
[3.623s] -- Installing: /ROS_ws/install/mecha_control/share/mecha_control/package.dsv
[3.623s] -- Installing: /ROS_ws/install/mecha_control/share/ament_index/resource_index/packages/mecha_control
[3.623s] -- Installing: /ROS_ws/install/mecha_control/share/mecha_control/cmake/export_mecha_control__rosidl_generator_cExport.cmake
[3.623s] -- Installing: /ROS_ws/install/mecha_control/share/mecha_control/cmake/export_mecha_control__rosidl_generator_cExport-noconfig.cmake
[3.623s] -- Installing: /ROS_ws/install/mecha_control/share/mecha_control/cmake/export_mecha_control__rosidl_typesupport_fastrtps_cExport.cmake
[3.623s] -- Installing: /ROS_ws/install/mecha_control/share/mecha_control/cmake/export_mecha_control__rosidl_typesupport_fastrtps_cExport-noconfig.cmake
[3.623s] -- Installing: /ROS_ws/install/mecha_control/share/mecha_control/cmake/export_mecha_control__rosidl_generator_cppExport.cmake
[3.623s] -- Installing: /ROS_ws/install/mecha_control/share/mecha_control/cmake/export_mecha_control__rosidl_typesupport_fastrtps_cppExport.cmake
[3.623s] -- Installing: /ROS_ws/install/mecha_control/share/mecha_control/cmake/export_mecha_control__rosidl_typesupport_fastrtps_cppExport-noconfig.cmake
[3.623s] -- Installing: /ROS_ws/install/mecha_control/share/mecha_control/cmake/mecha_control__rosidl_typesupport_introspection_cExport.cmake
[3.623s] -- Installing: /ROS_ws/install/mecha_control/share/mecha_control/cmake/mecha_control__rosidl_typesupport_introspection_cExport-noconfig.cmake
[3.623s] -- Installing: /ROS_ws/install/mecha_control/share/mecha_control/cmake/mecha_control__rosidl_typesupport_cExport.cmake
[3.623s] -- Installing: /ROS_ws/install/mecha_control/share/mecha_control/cmake/mecha_control__rosidl_typesupport_cExport-noconfig.cmake
[3.624s] -- Installing: /ROS_ws/install/mecha_control/share/mecha_control/cmake/mecha_control__rosidl_typesupport_introspection_cppExport.cmake
[3.624s] -- Installing: /ROS_ws/install/mecha_control/share/mecha_control/cmake/mecha_control__rosidl_typesupport_introspection_cppExport-noconfig.cmake
[3.624s] -- Installing: /ROS_ws/install/mecha_control/share/mecha_control/cmake/mecha_control__rosidl_typesupport_cppExport.cmake
[3.624s] -- Installing: /ROS_ws/install/mecha_control/share/mecha_control/cmake/mecha_control__rosidl_typesupport_cppExport-noconfig.cmake
[3.624s] -- Installing: /ROS_ws/install/mecha_control/share/mecha_control/cmake/export_mecha_control__rosidl_generator_pyExport.cmake
[3.624s] -- Installing: /ROS_ws/install/mecha_control/share/mecha_control/cmake/export_mecha_control__rosidl_generator_pyExport-noconfig.cmake
[3.624s] -- Installing: /ROS_ws/install/mecha_control/share/mecha_control/cmake/rosidl_cmake-extras.cmake
[3.624s] -- Installing: /ROS_ws/install/mecha_control/share/mecha_control/cmake/ament_cmake_export_include_directories-extras.cmake
[3.624s] -- Installing: /ROS_ws/install/mecha_control/share/mecha_control/cmake/ament_cmake_export_libraries-extras.cmake
[3.624s] -- Installing: /ROS_ws/install/mecha_control/share/mecha_control/cmake/ament_cmake_export_targets-extras.cmake
[3.624s] -- Installing: /ROS_ws/install/mecha_control/share/mecha_control/cmake/rosidl_cmake_export_typesupport_targets-extras.cmake
[3.624s] -- Installing: /ROS_ws/install/mecha_control/share/mecha_control/cmake/ament_cmake_export_dependencies-extras.cmake
[3.624s] -- Installing: /ROS_ws/install/mecha_control/share/mecha_control/cmake/rosidl_cmake_export_typesupport_libraries-extras.cmake
[3.624s] -- Installing: /ROS_ws/install/mecha_control/share/mecha_control/cmake/mecha_controlConfig.cmake
[3.624s] -- Installing: /ROS_ws/install/mecha_control/share/mecha_control/cmake/mecha_controlConfig-version.cmake
[3.624s] -- Installing: /ROS_ws/install/mecha_control/share/mecha_control/package.xml
[3.627s] Invoked command in '/ROS_ws/build/mecha_control' returned '0': CMAKE_PREFIX_PATH=${CMAKE_PREFIX_PATH}:/opt/ros/humble /usr/bin/cmake --install /ROS_ws/build/mecha_control
