[0.167s] Invoking command in '/ROS_ws/build/ldlidar': CMAKE_PREFIX_PATH=${CMAKE_PREFIX_PATH}:/opt/ros/humble /usr/bin/cmake --build /ROS_ws/build/ldlidar -- -j12 -l12
[0.211s] [100%] Built target ldlidar
[0.224s] Invoked command in '/ROS_ws/build/ldlidar' returned '0': CMAKE_PREFIX_PATH=${CMAKE_PREFIX_PATH}:/opt/ros/humble /usr/bin/cmake --build /ROS_ws/build/ldlidar -- -j12 -l12
[0.267s] Invoking command in '/ROS_ws/build/ldlidar': CMAKE_PREFIX_PATH=${CMAKE_PREFIX_PATH}:/opt/ros/humble /usr/bin/cmake --install /ROS_ws/build/ldlidar
[0.275s] -- Install configuration: ""
[0.275s] -- Up-to-date: /ROS_ws/install/ldlidar/lib/ldlidar/ldlidar
[0.275s] -- Up-to-date: /ROS_ws/install/ldlidar/share/ldlidar/launch
[0.275s] -- Up-to-date: /ROS_ws/install/ldlidar/share/ldlidar/launch/ldlidar.launch.py
[0.275s] -- Up-to-date: /ROS_ws/install/ldlidar/share/ldlidar/rviz
[0.277s] -- Up-to-date: /ROS_ws/install/ldlidar/share/ldlidar/rviz/ldlidar.rviz
[0.277s] -- Up-to-date: /ROS_ws/install/ldlidar/share/ament_index/resource_index/package_run_dependencies/ldlidar
[0.278s] -- Up-to-date: /ROS_ws/install/ldlidar/share/ament_index/resource_index/parent_prefix_path/ldlidar
[0.278s] -- Up-to-date: /ROS_ws/install/ldlidar/share/ldlidar/environment/ament_prefix_path.sh
[0.278s] -- Up-to-date: /ROS_ws/install/ldlidar/share/ldlidar/environment/ament_prefix_path.dsv
[0.278s] -- Up-to-date: /ROS_ws/install/ldlidar/share/ldlidar/environment/path.sh
[0.278s] -- Up-to-date: /ROS_ws/install/ldlidar/share/ldlidar/environment/path.dsv
[0.278s] -- Up-to-date: /ROS_ws/install/ldlidar/share/ldlidar/local_setup.bash
[0.278s] -- Up-to-date: /ROS_ws/install/ldlidar/share/ldlidar/local_setup.sh
[0.278s] -- Up-to-date: /ROS_ws/install/ldlidar/share/ldlidar/local_setup.zsh
[0.278s] -- Up-to-date: /ROS_ws/install/ldlidar/share/ldlidar/local_setup.dsv
[0.278s] -- Installing: /ROS_ws/install/ldlidar/share/ldlidar/package.dsv
[0.278s] -- Up-to-date: /ROS_ws/install/ldlidar/share/ament_index/resource_index/packages/ldlidar
[0.278s] -- Up-to-date: /ROS_ws/install/ldlidar/share/ldlidar/cmake/ldlidarConfig.cmake
[0.278s] -- Up-to-date: /ROS_ws/install/ldlidar/share/ldlidar/cmake/ldlidarConfig-version.cmake
[0.278s] -- Up-to-date: /ROS_ws/install/ldlidar/share/ldlidar/package.xml
[0.296s] Invoked command in '/ROS_ws/build/ldlidar' returned '0': CMAKE_PREFIX_PATH=${CMAKE_PREFIX_PATH}:/opt/ros/humble /usr/bin/cmake --install /ROS_ws/build/ldlidar
