[9.138s] Invoking command in '/ROS_ws/build/pc_robot_controller': CMAKE_PREFIX_PATH=${CMAKE_PREFIX_PATH}:/opt/ros/humble /usr/bin/cmake /ROS_ws/src/pc_robot_controller -DCMAKE_INSTALL_PREFIX=/ROS_ws/install/pc_robot_controller
[9.140s] -- Found ament_cmake: 1.3.3 (/opt/ros/humble/share/ament_cmake/cmake)
[12.897s] -- Found rclcpp: 16.0.3 (/opt/ros/humble/share/rclcpp/cmake)
[12.897s] -- Found rosidl_generator_c: 3.1.4 (/opt/ros/humble/share/rosidl_generator_c/cmake)
[12.897s] -- Found rosidl_adapter: 3.1.4 (/opt/ros/humble/share/rosidl_adapter/cmake)
[12.897s] -- Found rosidl_generator_cpp: 3.1.4 (/opt/ros/humble/share/rosidl_generator_cpp/cmake)
[12.897s] -- Using all available rosidl_typesupport_c: rosidl_typesupport_fastrtps_c;rosidl_typesupport_introspection_c
[12.897s] -- Using all available rosidl_typesupport_cpp: rosidl_typesupport_fastrtps_cpp;rosidl_typesupport_introspection_cpp
[12.897s] -- Found rmw_implementation_cmake: 6.1.1 (/opt/ros/humble/share/rmw_implementation_cmake/cmake)
[12.897s] -- Found rmw_fastrtps_cpp: 6.2.2 (/opt/ros/humble/share/rmw_fastrtps_cpp/cmake)
[12.897s] -- Using RMW implementation 'rmw_fastrtps_cpp' as default
[12.897s] -- Found rclpy: 3.3.7 (/opt/ros/humble/share/rclpy/cmake)
[12.897s] -- Found sensor_msgs: 4.2.3 (/opt/ros/humble/share/sensor_msgs/cmake)
[12.897s] -- Found rosidl_default_generators: 1.2.0 (/opt/ros/humble/share/rosidl_default_generators/cmake)
[13.625s] -- Found raylib: /usr/local/lib/libraylib.a (Required is at least version "3.0") 
[13.625s] -- Found ament_lint_auto: 0.12.5 (/opt/ros/humble/share/ament_lint_auto/cmake)
[13.625s] -- Added test 'cppcheck' to perform static code analysis on C / C++ code
[13.625s] -- Configured cppcheck include dirs: $<BUILD_INTERFACE:/ROS_ws/src/pc_robot_controller/include>
[13.625s] -- Configured cppcheck exclude dirs and/or files: 
[13.626s] -- Added test 'lint_cmake' to check CMake code style
[13.626s] -- Added test 'uncrustify' to check C / C++ code style
[13.626s] -- Configured uncrustify additional arguments: 
[13.626s] -- Added test 'xmllint' to check XML markup files
[13.626s] -- Configuring done
[13.626s] -- Generating done
[16.530s] -- Build files have been written to: /ROS_ws/build/pc_robot_controller
