[35m[1mConsolidate compiler generated dependencies of target calc_wheel_vel[0m
[100%] Built target calc_wheel_vel
-- Install configuration: ""
-- Installing: /ROS_ws/install/calc_wheel_vel/lib/calc_wheel_vel/calc_wheel_vel
-- Set runtime path of "/ROS_ws/install/calc_wheel_vel/lib/calc_wheel_vel/calc_wheel_vel" to ""
-- Installing: /ROS_ws/install/calc_wheel_vel/share/ament_index/resource_index/package_run_dependencies/calc_wheel_vel
-- Installing: /ROS_ws/install/calc_wheel_vel/share/ament_index/resource_index/parent_prefix_path/calc_wheel_vel
-- Installing: /ROS_ws/install/calc_wheel_vel/share/calc_wheel_vel/environment/ament_prefix_path.sh
-- Installing: /ROS_ws/install/calc_wheel_vel/share/calc_wheel_vel/environment/ament_prefix_path.dsv
-- Installing: /ROS_ws/install/calc_wheel_vel/share/calc_wheel_vel/environment/path.sh
-- Installing: /ROS_ws/install/calc_wheel_vel/share/calc_wheel_vel/environment/path.dsv
-- Installing: /ROS_ws/install/calc_wheel_vel/share/calc_wheel_vel/local_setup.bash
-- Installing: /ROS_ws/install/calc_wheel_vel/share/calc_wheel_vel/local_setup.sh
-- Installing: /ROS_ws/install/calc_wheel_vel/share/calc_wheel_vel/local_setup.zsh
-- Installing: /ROS_ws/install/calc_wheel_vel/share/calc_wheel_vel/local_setup.dsv
-- Installing: /ROS_ws/install/calc_wheel_vel/share/calc_wheel_vel/package.dsv
-- Installing: /ROS_ws/install/calc_wheel_vel/share/ament_index/resource_index/packages/calc_wheel_vel
-- Installing: /ROS_ws/install/calc_wheel_vel/share/calc_wheel_vel/cmake/calc_wheel_velConfig.cmake
-- Installing: /ROS_ws/install/calc_wheel_vel/share/calc_wheel_vel/cmake/calc_wheel_velConfig-version.cmake
-- Installing: /ROS_ws/install/calc_wheel_vel/share/calc_wheel_vel/package.xml
