[0.013s] Invoking command in '/ROS_ws/build/pc_robot_controller': CMAKE_PREFIX_PATH=${CMAKE_PREFIX_PATH}:/opt/ros/humble /usr/bin/cmake --build /ROS_ws/build/pc_robot_controller -- -j12 -l12
[0.053s] [ 50%] [32mBuilding CXX object CMakeFiles/controller.dir/src/controller.cpp.o[0m
[1.455s] [01m[K/ROS_ws/src/pc_robot_controller/src/controller.cpp:[m[K In member function ‘[01m[Kvoid Controller::ui_main()[m[K’:
[1.455s] [01m[K/ROS_ws/src/pc_robot_controller/src/controller.cpp:55:43:[m[K [01;35m[Kwarning: [m[Knarrowing conversion of ‘[01m[K(screenWidth / 2)[m[K’ from ‘[01m[Kint[m[K’ to ‘[01m[Kfloat[m[K’ [[01;35m[K-Wnarrowing[m[K]
[1.455s]    55 |         robot.origin = Vector2{[01;35m[KscreenWidth/2[m[K, screenHeight/2};
[1.455s]       |                                [01;35m[K~~~~~~~~~~~^~[m[K
[1.455s] [01m[K/ROS_ws/src/pc_robot_controller/src/controller.cpp:55:59:[m[K [01;35m[Kwarning: [m[Knarrowing conversion of ‘[01m[K(screenHeight / 2)[m[K’ from ‘[01m[Kint[m[K’ to ‘[01m[Kfloat[m[K’ [[01;35m[K-Wnarrowing[m[K]
[1.455s]    55 |         robot.origin = Vector2{screenWidth/2, [01;35m[KscreenHeight/2[m[K};
[1.455s]       |                                               [01;35m[K~~~~~~~~~~~~^~[m[K
[1.455s] [01m[K/ROS_ws/src/pc_robot_controller/src/controller.cpp:76:60:[m[K [01;35m[Kwarning: [m[Knarrowing conversion of ‘[01m[K(screenWidth - 210)[m[K’ from ‘[01m[Kint[m[K’ to ‘[01m[Kfloat[m[K’ [[01;35m[K-Wnarrowing[m[K]
[1.455s]    76 |         label title_daize("daiza_clamp mech", {[01;35m[KscreenWidth -210[m[K, 370}, 20);
[1.455s]       |                                                [01;35m[K~~~~~~~~~~~~^~~~[m[K
[1.455s] [01m[K/ROS_ws/src/pc_robot_controller/src/controller.cpp:77:48:[m[K [01;35m[Kwarning: [m[Knarrowing conversion of ‘[01m[K(screenWidth - 200)[m[K’ from ‘[01m[Kint[m[K’ to ‘[01m[Kfloat[m[K’ [[01;35m[K-Wnarrowing[m[K]
[1.455s]    77 |         toggle_button daiza_cyl12({[01;35m[KscreenWidth -200[m[K, 400}, 130, 70, GRAY, PINK);
[1.456s]       |                                    [01;35m[K~~~~~~~~~~~~^~~~[m[K
[1.456s] [01m[K/ROS_ws/src/pc_robot_controller/src/controller.cpp:78:47:[m[K [01;35m[Kwarning: [m[Knarrowing conversion of ‘[01m[K(screenWidth - 200)[m[K’ from ‘[01m[Kint[m[K’ to ‘[01m[Kfloat[m[K’ [[01;35m[K-Wnarrowing[m[K]
[1.456s]    78 |         toggle_button daiza_cyl3({[01;35m[KscreenWidth -200[m[K, 500}, 130, 70, GRAY, PINK);
[1.456s]       |                                   [01;35m[K~~~~~~~~~~~~^~~~[m[K
[1.456s] [01m[K/ROS_ws/src/pc_robot_controller/src/controller.cpp:79:47:[m[K [01;35m[Kwarning: [m[Knarrowing conversion of ‘[01m[K(screenWidth - 200)[m[K’ from ‘[01m[Kint[m[K’ to ‘[01m[Kfloat[m[K’ [[01;35m[K-Wnarrowing[m[K]
[1.456s]    79 |         toggle_button daiza_cyl4({[01;35m[KscreenWidth -200[m[K, 600}, 130, 70, GRAY, PINK);
[1.456s]       |                                   [01;35m[K~~~~~~~~~~~~^~~~[m[K
[1.456s] [01m[K/ROS_ws/src/pc_robot_controller/src/controller.cpp:80:56:[m[K [01;35m[Kwarning: [m[Knarrowing conversion of ‘[01m[K(screenWidth - 190)[m[K’ from ‘[01m[Kint[m[K’ to ‘[01m[Kfloat[m[K’ [[01;35m[K-Wnarrowing[m[K]
[1.456s]    80 |         label label_cyl12("cylinder 1,2", {[01;35m[KscreenWidth -190[m[K, 425}, 20);
[1.456s]       |                                            [01;35m[K~~~~~~~~~~~~^~~~[m[K
[1.456s] [01m[K/ROS_ws/src/pc_robot_controller/src/controller.cpp:81:53:[m[K [01;35m[Kwarning: [m[Knarrowing conversion of ‘[01m[K(screenWidth - 190)[m[K’ from ‘[01m[Kint[m[K’ to ‘[01m[Kfloat[m[K’ [[01;35m[K-Wnarrowing[m[K]
[1.456s]    81 |         label label_cyl3("cylinder 3", {[01;35m[KscreenWidth -190[m[K, 525}, 20);
[1.456s]       |                                         [01;35m[K~~~~~~~~~~~~^~~~[m[K
[1.456s] [01m[K/ROS_ws/src/pc_robot_controller/src/controller.cpp:82:53:[m[K [01;35m[Kwarning: [m[Knarrowing conversion of ‘[01m[K(screenWidth - 190)[m[K’ from ‘[01m[Kint[m[K’ to ‘[01m[Kfloat[m[K’ [[01;35m[K-Wnarrowing[m[K]
[1.456s]    82 |         label label_cyl4("cylinder 4", {[01;35m[KscreenWidth -190[m[K, 625}, 20);
[1.456s]       |                                         [01;35m[K~~~~~~~~~~~~^~~~[m[K
[1.456s] [01m[K/ROS_ws/src/pc_robot_controller/src/controller.cpp:84:60:[m[K [01;35m[Kwarning: [m[Knarrowing conversion of ‘[01m[K(screenWidth - 210)[m[K’ from ‘[01m[Kint[m[K’ to ‘[01m[Kfloat[m[K’ [[01;35m[K-Wnarrowing[m[K]
[1.456s]    84 |         label title_hina("hina_dustpan mech", {[01;35m[KscreenWidth -210[m[K, 70}, 20);
[1.456s]       |                                                [01;35m[K~~~~~~~~~~~~^~~~[m[K
[1.456s] [01m[K/ROS_ws/src/pc_robot_controller/src/controller.cpp:85:48:[m[K [01;35m[Kwarning: [m[Knarrowing conversion of ‘[01m[K(screenWidth - 200)[m[K’ from ‘[01m[Kint[m[K’ to ‘[01m[Kfloat[m[K’ [[01;35m[K-Wnarrowing[m[K]
[1.456s]    85 |         toggle_button hina_expand({[01;35m[KscreenWidth -200[m[K, 100}, 130, 70, GRAY, PINK);
[1.456s]       |                                    [01;35m[K~~~~~~~~~~~~^~~~[m[K
[1.456s] [01m[K/ROS_ws/src/pc_robot_controller/src/controller.cpp:86:40:[m[K [01;35m[Kwarning: [m[Knarrowing conversion of ‘[01m[K(screenWidth - 200)[m[K’ from ‘[01m[Kint[m[K’ to ‘[01m[Kfloat[m[K’ [[01;35m[K-Wnarrowing[m[K]
[1.456s]    86 |         slider hina_angle({[01;35m[KscreenWidth -200[m[K, 220}, {screenWidth -70, 220}, 5.0f, BLUE, 0.5);
[1.456s]       |                            [01;35m[K~~~~~~~~~~~~^~~~[m[K
[1.456s] [01m[K/ROS_ws/src/pc_robot_controller/src/controller.cpp:86:65:[m[K [01;35m[Kwarning: [m[Knarrowing conversion of ‘[01m[K(screenWidth - 70)[m[K’ from ‘[01m[Kint[m[K’ to ‘[01m[Kfloat[m[K’ [[01;35m[K-Wnarrowing[m[K]
[1.456s]    86 |         slider hina_angle({screenWidth -200, 220}, {[01;35m[KscreenWidth -70[m[K, 220}, 5.0f, BLUE, 0.5);
[1.457s]       |                                                     [01;35m[K~~~~~~~~~~~~^~~[m[K
[1.457s] [01m[K/ROS_ws/src/pc_robot_controller/src/controller.cpp:87:36:[m[K [01;35m[Kwarning: [m[Knarrowing conversion of ‘[01m[K(screenWidth - 200)[m[K’ from ‘[01m[Kint[m[K’ to ‘[01m[Kfloat[m[K’ [[01;35m[K-Wnarrowing[m[K]
[1.457s]    87 |         slider servo1({[01;35m[KscreenWidth -200[m[K, 280}, {screenWidth -70, 280}, 5.0f, BLUE, 0.5);
[1.457s]       |                        [01;35m[K~~~~~~~~~~~~^~~~[m[K
[1.457s] [01m[K/ROS_ws/src/pc_robot_controller/src/controller.cpp:87:61:[m[K [01;35m[Kwarning: [m[Knarrowing conversion of ‘[01m[K(screenWidth - 70)[m[K’ from ‘[01m[Kint[m[K’ to ‘[01m[Kfloat[m[K’ [[01;35m[K-Wnarrowing[m[K]
[1.457s]    87 |         slider servo1({screenWidth -200, 280}, {[01;35m[KscreenWidth -70[m[K, 280}, 5.0f, BLUE, 0.5);
[1.457s]       |                                                 [01;35m[K~~~~~~~~~~~~^~~[m[K
[1.457s] [01m[K/ROS_ws/src/pc_robot_controller/src/controller.cpp:88:36:[m[K [01;35m[Kwarning: [m[Knarrowing conversion of ‘[01m[K(screenWidth - 200)[m[K’ from ‘[01m[Kint[m[K’ to ‘[01m[Kfloat[m[K’ [[01;35m[K-Wnarrowing[m[K]
[1.457s]    88 |         slider servo2({[01;35m[KscreenWidth -200[m[K, 340}, {screenWidth -70, 340}, 5.0f, BLUE, 0.5);
[1.457s]       |                        [01;35m[K~~~~~~~~~~~~^~~~[m[K
[1.457s] [01m[K/ROS_ws/src/pc_robot_controller/src/controller.cpp:88:61:[m[K [01;35m[Kwarning: [m[Knarrowing conversion of ‘[01m[K(screenWidth - 70)[m[K’ from ‘[01m[Kint[m[K’ to ‘[01m[Kfloat[m[K’ [[01;35m[K-Wnarrowing[m[K]
[1.457s]    88 |         slider servo2({screenWidth -200, 340}, {[01;35m[KscreenWidth -70[m[K, 340}, 5.0f, BLUE, 0.5);
[1.457s]       |                                                 [01;35m[K~~~~~~~~~~~~^~~[m[K
[1.457s] [01m[K/ROS_ws/src/pc_robot_controller/src/controller.cpp:89:61:[m[K [01;35m[Kwarning: [m[Knarrowing conversion of ‘[01m[K(screenWidth - 190)[m[K’ from ‘[01m[Kint[m[K’ to ‘[01m[Kfloat[m[K’ [[01;35m[K-Wnarrowing[m[K]
[1.457s]    89 |         label label_hina_expand("hina expand", {[01;35m[KscreenWidth -190[m[K, 125}, 20);
[1.457s]       |                                                 [01;35m[K~~~~~~~~~~~~^~~~[m[K
[1.457s] [01m[K/ROS_ws/src/pc_robot_controller/src/controller.cpp:90:59:[m[K [01;35m[Kwarning: [m[Knarrowing conversion of ‘[01m[K(screenWidth - 190)[m[K’ from ‘[01m[Kint[m[K’ to ‘[01m[Kfloat[m[K’ [[01;35m[K-Wnarrowing[m[K]
[1.457s]    90 |         label label_hina_angle("hina angle", {[01;35m[KscreenWidth -190[m[K, 190}, 20);
[1.457s]       |                                               [01;35m[K~~~~~~~~~~~~^~~~[m[K
[1.457s] [01m[K/ROS_ws/src/pc_robot_controller/src/controller.cpp:91:51:[m[K [01;35m[Kwarning: [m[Knarrowing conversion of ‘[01m[K(screenWidth - 190)[m[K’ from ‘[01m[Kint[m[K’ to ‘[01m[Kfloat[m[K’ [[01;35m[K-Wnarrowing[m[K]
[1.457s]    91 |         label label_servo1("servo1", {[01;35m[KscreenWidth -190[m[K, 250}, 20);
[1.457s]       |                                       [01;35m[K~~~~~~~~~~~~^~~~[m[K
[1.457s] [01m[K/ROS_ws/src/pc_robot_controller/src/controller.cpp:92:51:[m[K [01;35m[Kwarning: [m[Knarrowing conversion of ‘[01m[K(screenWidth - 190)[m[K’ from ‘[01m[Kint[m[K’ to ‘[01m[Kfloat[m[K’ [[01;35m[K-Wnarrowing[m[K]
[1.457s]    92 |         label label_servo2("servo2", {[01;35m[KscreenWidth -190[m[K, 310}, 20);
[1.457s]       |                                       [01;35m[K~~~~~~~~~~~~^~~~[m[K
[1.457s] [01m[K/ROS_ws/src/pc_robot_controller/src/controller.cpp:127:43:[m[K [01;35m[Kwarning: [m[Knarrowing conversion of ‘[01m[K(screenWidth - 210)[m[K’ from ‘[01m[Kint[m[K’ to ‘[01m[Kfloat[m[K’ [[01;35m[K-Wnarrowing[m[K]
[1.457s]   127 |             title_daize.move({[01;35m[KscreenWidth -210[m[K, 370});
[1.457s]       |                               [01;35m[K~~~~~~~~~~~~^~~~[m[K
[1.457s] [01m[K/ROS_ws/src/pc_robot_controller/src/controller.cpp:128:43:[m[K [01;35m[Kwarning: [m[Knarrowing conversion of ‘[01m[K(screenWidth - 200)[m[K’ from ‘[01m[Kint[m[K’ to ‘[01m[Kfloat[m[K’ [[01;35m[K-Wnarrowing[m[K]
[1.457s]   128 |             daiza_cyl12.move({[01;35m[KscreenWidth -200[m[K, 400});
[1.457s]       |                               [01;35m[K~~~~~~~~~~~~^~~~[m[K
[1.457s] [01m[K/ROS_ws/src/pc_robot_controller/src/controller.cpp:129:42:[m[K [01;35m[Kwarning: [m[Knarrowing conversion of ‘[01m[K(screenWidth - 200)[m[K’ from ‘[01m[Kint[m[K’ to ‘[01m[Kfloat[m[K’ [[01;35m[K-Wnarrowing[m[K]
[1.457s]   129 |             daiza_cyl3.move({[01;35m[KscreenWidth -200[m[K, 500});
[1.457s]       |                              [01;35m[K~~~~~~~~~~~~^~~~[m[K
[1.457s] [01m[K/ROS_ws/src/pc_robot_controller/src/controller.cpp:130:42:[m[K [01;35m[Kwarning: [m[Knarrowing conversion of ‘[01m[K(screenWidth - 200)[m[K’ from ‘[01m[Kint[m[K’ to ‘[01m[Kfloat[m[K’ [[01;35m[K-Wnarrowing[m[K]
[1.457s]   130 |             daiza_cyl4.move({[01;35m[KscreenWidth -200[m[K, 600});
[1.457s]       |                              [01;35m[K~~~~~~~~~~~~^~~~[m[K
[1.457s] [01m[K/ROS_ws/src/pc_robot_controller/src/controller.cpp:131:43:[m[K [01;35m[Kwarning: [m[Knarrowing conversion of ‘[01m[K(screenWidth - 190)[m[K’ from ‘[01m[Kint[m[K’ to ‘[01m[Kfloat[m[K’ [[01;35m[K-Wnarrowing[m[K]
[1.458s]   131 |             label_cyl12.move({[01;35m[KscreenWidth -190[m[K, 425});
[1.458s]       |                               [01;35m[K~~~~~~~~~~~~^~~~[m[K
[1.458s] [01m[K/ROS_ws/src/pc_robot_controller/src/controller.cpp:132:42:[m[K [01;35m[Kwarning: [m[Knarrowing conversion of ‘[01m[K(screenWidth - 190)[m[K’ from ‘[01m[Kint[m[K’ to ‘[01m[Kfloat[m[K’ [[01;35m[K-Wnarrowing[m[K]
[1.458s]   132 |             label_cyl3.move({[01;35m[KscreenWidth -190[m[K, 525});
[1.458s]       |                              [01;35m[K~~~~~~~~~~~~^~~~[m[K
[1.458s] [01m[K/ROS_ws/src/pc_robot_controller/src/controller.cpp:133:42:[m[K [01;35m[Kwarning: [m[Knarrowing conversion of ‘[01m[K(screenWidth - 190)[m[K’ from ‘[01m[Kint[m[K’ to ‘[01m[Kfloat[m[K’ [[01;35m[K-Wnarrowing[m[K]
[1.458s]   133 |             label_cyl4.move({[01;35m[KscreenWidth -190[m[K, 625});
[1.458s]       |                              [01;35m[K~~~~~~~~~~~~^~~~[m[K
[1.458s] [01m[K/ROS_ws/src/pc_robot_controller/src/controller.cpp:134:42:[m[K [01;35m[Kwarning: [m[Knarrowing conversion of ‘[01m[K(screenWidth - 210)[m[K’ from ‘[01m[Kint[m[K’ to ‘[01m[Kfloat[m[K’ [[01;35m[K-Wnarrowing[m[K]
[1.458s]   134 |             title_hina.move({[01;35m[KscreenWidth -210[m[K, 70});
[1.458s]       |                              [01;35m[K~~~~~~~~~~~~^~~~[m[K
[1.458s] [01m[K/ROS_ws/src/pc_robot_controller/src/controller.cpp:135:43:[m[K [01;35m[Kwarning: [m[Knarrowing conversion of ‘[01m[K(screenWidth - 200)[m[K’ from ‘[01m[Kint[m[K’ to ‘[01m[Kfloat[m[K’ [[01;35m[K-Wnarrowing[m[K]
[1.458s]   135 |             hina_expand.move({[01;35m[KscreenWidth -200[m[K, 100});
[1.458s]       |                               [01;35m[K~~~~~~~~~~~~^~~~[m[K
[1.458s] [01m[K/ROS_ws/src/pc_robot_controller/src/controller.cpp:136:42:[m[K [01;35m[Kwarning: [m[Knarrowing conversion of ‘[01m[K(screenWidth - 200)[m[K’ from ‘[01m[Kint[m[K’ to ‘[01m[Kfloat[m[K’ [[01;35m[K-Wnarrowing[m[K]
[1.458s]   136 |             hina_angle.move({[01;35m[KscreenWidth -200[m[K, 220});
[1.458s]       |                              [01;35m[K~~~~~~~~~~~~^~~~[m[K
[1.458s] [01m[K/ROS_ws/src/pc_robot_controller/src/controller.cpp:137:38:[m[K [01;35m[Kwarning: [m[Knarrowing conversion of ‘[01m[K(screenWidth - 200)[m[K’ from ‘[01m[Kint[m[K’ to ‘[01m[Kfloat[m[K’ [[01;35m[K-Wnarrowing[m[K]
[1.458s]   137 |             servo1.move({[01;35m[KscreenWidth -200[m[K, 280});
[1.458s]       |                          [01;35m[K~~~~~~~~~~~~^~~~[m[K
[1.458s] [01m[K/ROS_ws/src/pc_robot_controller/src/controller.cpp:138:38:[m[K [01;35m[Kwarning: [m[Knarrowing conversion of ‘[01m[K(screenWidth - 200)[m[K’ from ‘[01m[Kint[m[K’ to ‘[01m[Kfloat[m[K’ [[01;35m[K-Wnarrowing[m[K]
[1.458s]   138 |             servo2.move({[01;35m[KscreenWidth -200[m[K, 340});
[1.458s]       |                          [01;35m[K~~~~~~~~~~~~^~~~[m[K
[1.458s] [01m[K/ROS_ws/src/pc_robot_controller/src/controller.cpp:139:49:[m[K [01;35m[Kwarning: [m[Knarrowing conversion of ‘[01m[K(screenWidth - 190)[m[K’ from ‘[01m[Kint[m[K’ to ‘[01m[Kfloat[m[K’ [[01;35m[K-Wnarrowing[m[K]
[1.458s]   139 |             label_hina_expand.move({[01;35m[KscreenWidth -190[m[K, 125});
[1.458s]       |                                     [01;35m[K~~~~~~~~~~~~^~~~[m[K
[1.458s] [01m[K/ROS_ws/src/pc_robot_controller/src/controller.cpp:140:48:[m[K [01;35m[Kwarning: [m[Knarrowing conversion of ‘[01m[K(screenWidth - 190)[m[K’ from ‘[01m[Kint[m[K’ to ‘[01m[Kfloat[m[K’ [[01;35m[K-Wnarrowing[m[K]
[1.458s]   140 |             label_hina_angle.move({[01;35m[KscreenWidth -190[m[K, 190});
[1.458s]       |                                    [01;35m[K~~~~~~~~~~~~^~~~[m[K
[1.458s] [01m[K/ROS_ws/src/pc_robot_controller/src/controller.cpp:141:44:[m[K [01;35m[Kwarning: [m[Knarrowing conversion of ‘[01m[K(screenWidth - 190)[m[K’ from ‘[01m[Kint[m[K’ to ‘[01m[Kfloat[m[K’ [[01;35m[K-Wnarrowing[m[K]
[1.458s]   141 |             label_servo1.move({[01;35m[KscreenWidth -190[m[K, 250});
[1.458s]       |                                [01;35m[K~~~~~~~~~~~~^~~~[m[K
[1.458s] [01m[K/ROS_ws/src/pc_robot_controller/src/controller.cpp:142:44:[m[K [01;35m[Kwarning: [m[Knarrowing conversion of ‘[01m[K(screenWidth - 190)[m[K’ from ‘[01m[Kint[m[K’ to ‘[01m[Kfloat[m[K’ [[01;35m[K-Wnarrowing[m[K]
[1.458s]   142 |             label_servo2.move({[01;35m[KscreenWidth -190[m[K, 310});
[1.459s]       |                                [01;35m[K~~~~~~~~~~~~^~~~[m[K
[1.459s] [01m[K/ROS_ws/src/pc_robot_controller/src/controller.cpp:152:47:[m[K [01;35m[Kwarning: [m[Knarrowing conversion of ‘[01m[K(screenWidth / 2)[m[K’ from ‘[01m[Kint[m[K’ to ‘[01m[Kfloat[m[K’ [[01;35m[K-Wnarrowing[m[K]
[1.459s]   152 |             robot.origin = Vector2{[01;35m[KscreenWidth/2[m[K, screenHeight/2};
[1.459s]       |                                    [01;35m[K~~~~~~~~~~~^~[m[K
[1.459s] [01m[K/ROS_ws/src/pc_robot_controller/src/controller.cpp:152:63:[m[K [01;35m[Kwarning: [m[Knarrowing conversion of ‘[01m[K(screenHeight / 2)[m[K’ from ‘[01m[Kint[m[K’ to ‘[01m[Kfloat[m[K’ [[01;35m[K-Wnarrowing[m[K]
[1.459s]   152 |             robot.origin = Vector2{screenWidth/2, [01;35m[KscreenHeight/2[m[K};
[1.459s]       |                                                   [01;35m[K~~~~~~~~~~~~^~[m[K
[3.087s] [100%] [32m[1mLinking CXX executable controller[0m
[3.272s] [100%] Built target controller
[3.278s] Invoked command in '/ROS_ws/build/pc_robot_controller' returned '0': CMAKE_PREFIX_PATH=${CMAKE_PREFIX_PATH}:/opt/ros/humble /usr/bin/cmake --build /ROS_ws/build/pc_robot_controller -- -j12 -l12
[3.291s] Invoking command in '/ROS_ws/build/pc_robot_controller': CMAKE_PREFIX_PATH=${CMAKE_PREFIX_PATH}:/opt/ros/humble /usr/bin/cmake --install /ROS_ws/build/pc_robot_controller
[3.296s] -- Install configuration: ""
[3.296s] -- Installing: /ROS_ws/install/pc_robot_controller/lib/pc_robot_controller/controller
[3.299s] -- Set runtime path of "/ROS_ws/install/pc_robot_controller/lib/pc_robot_controller/controller" to ""
[3.299s] -- Up-to-date: /ROS_ws/install/pc_robot_controller/share/ament_index/resource_index/package_run_dependencies/pc_robot_controller
[3.299s] -- Up-to-date: /ROS_ws/install/pc_robot_controller/share/ament_index/resource_index/parent_prefix_path/pc_robot_controller
[3.299s] -- Up-to-date: /ROS_ws/install/pc_robot_controller/share/pc_robot_controller/environment/ament_prefix_path.sh
[3.299s] -- Up-to-date: /ROS_ws/install/pc_robot_controller/share/pc_robot_controller/environment/ament_prefix_path.dsv
[3.299s] -- Up-to-date: /ROS_ws/install/pc_robot_controller/share/pc_robot_controller/environment/path.sh
[3.299s] -- Up-to-date: /ROS_ws/install/pc_robot_controller/share/pc_robot_controller/environment/path.dsv
[3.300s] -- Up-to-date: /ROS_ws/install/pc_robot_controller/share/pc_robot_controller/local_setup.bash
[3.300s] -- Up-to-date: /ROS_ws/install/pc_robot_controller/share/pc_robot_controller/local_setup.sh
[3.300s] -- Up-to-date: /ROS_ws/install/pc_robot_controller/share/pc_robot_controller/local_setup.zsh
[3.300s] -- Up-to-date: /ROS_ws/install/pc_robot_controller/share/pc_robot_controller/local_setup.dsv
[3.300s] -- Installing: /ROS_ws/install/pc_robot_controller/share/pc_robot_controller/package.dsv
[3.300s] -- Up-to-date: /ROS_ws/install/pc_robot_controller/share/ament_index/resource_index/packages/pc_robot_controller
[3.300s] -- Up-to-date: /ROS_ws/install/pc_robot_controller/share/pc_robot_controller/cmake/pc_robot_controllerConfig.cmake
[3.300s] -- Up-to-date: /ROS_ws/install/pc_robot_controller/share/pc_robot_controller/cmake/pc_robot_controllerConfig-version.cmake
[3.300s] -- Up-to-date: /ROS_ws/install/pc_robot_controller/share/pc_robot_controller/package.xml
[3.302s] Invoked command in '/ROS_ws/build/pc_robot_controller' returned '0': CMAKE_PREFIX_PATH=${CMAKE_PREFIX_PATH}:/opt/ros/humble /usr/bin/cmake --install /ROS_ws/build/pc_robot_controller
